2023-09-10 09:37:03,022 [INFO] Activator:176 - 


2023-09-10 09:37:03,027 [INFO] Activator:177 - !SESSION log4j initialized
2023-09-10 09:37:08,099 [INFO] LogOutputStream:77 - [STDOUT_REDIRECT] 
2023-09-10 09:37:10,465 [INFO] ApplicationProperties:184 - Using Application install path: D:\STM32IDE\STM32CubeIDE_1.13.1\STM32CubeIDE\plugins\com.st.stm32cube.common.mx_6.9.1.202307191849
2023-09-10 09:37:10,488 [INFO] DbMcusXml:78 - Set database path to: D:\STM32IDE\STM32CubeIDE_1.13.1\STM32CubeIDE\plugins\com.st.stm32cube.common.mx_6.9.1.202307191849\\db\/mcu/
2023-09-10 09:37:10,489 [INFO] ApiDb:274 - Set plugin database path to: D:\STM32IDE\STM32CubeIDE_1.13.1\STM32CubeIDE\plugins\com.st.stm32cube.common.mx_6.9.1.202307191849\\db\/plugins/boardmanager/
2023-09-10 09:37:10,489 [WARN] ApiDb:259 - Overriding images path with different value:  => D:\STM32IDE\STM32CubeIDE_1.13.1\STM32CubeIDE\plugins\com.st.stm32cube.common.mx_6.9.1.202307191849\\db\/plugins/mcufinder/images/
2023-09-10 09:37:10,506 [INFO] ApiDb:250 - Set database path to: C:\Users\ARYAN\.stmcufinder\plugins\mcufinder//mcu/
2023-09-10 09:37:10,507 [INFO] DbMcusAds:125 - Set database path to: C:\Users\ARYAN\.stmcufinder\plugins\mcufinder//mcu/
2023-09-10 09:37:10,510 [INFO] CrossReferenceDbSqlite:203 - Set database path to: C:\Users\ARYAN\.stmcufinder\plugins\mcufinder//mcu/cs/
2023-09-10 09:37:10,635 [INFO] RulesReader:64 - Compatibility file has been processed (293 Rules)
2023-09-10 09:37:10,745 [INFO] DbMcusXml:78 - Set database path to: D:\STM32IDE\STM32CubeIDE_1.13.1\STM32CubeIDE\plugins\com.st.stm32cube.common.mx_6.9.1.202307191849\\db\/mcu/
2023-09-10 09:37:10,745 [INFO] ApiDb:274 - Set plugin database path to: D:\STM32IDE\STM32CubeIDE_1.13.1\STM32CubeIDE\plugins\com.st.stm32cube.common.mx_6.9.1.202307191849\\db\/plugins/boardmanager/
2023-09-10 09:37:10,745 [INFO] ApiDb:261 - Set plugin images path to: D:\STM32IDE\STM32CubeIDE_1.13.1\STM32CubeIDE\plugins\com.st.stm32cube.common.mx_6.9.1.202307191849\\db\/plugins/mcufinder/images/
2023-09-10 09:37:10,746 [WARN] DbFile:41 - Overriding database path with different value: C:\Users\ARYAN\.stmcufinder\plugins\mcufinder/ => C:\Users\ARYAN\.stmcufinder\plugins\mcufinder
2023-09-10 09:37:10,746 [INFO] ApiDb:250 - Set database path to: C:\Users\ARYAN\.stmcufinder\plugins\mcufinder//mcu/
2023-09-10 09:37:10,746 [WARN] DbFile:41 - Overriding database path with different value: C:\Users\ARYAN\.stmcufinder\plugins\mcufinder/ => C:\Users\ARYAN\.stmcufinder\plugins\mcufinder
2023-09-10 09:37:10,746 [INFO] DbMcusAds:125 - Set database path to: C:\Users\ARYAN\.stmcufinder\plugins\mcufinder//mcu/
2023-09-10 09:37:10,746 [WARN] DbFile:41 - Overriding database path with different value: C:\Users\ARYAN\.stmcufinder\plugins\mcufinder/ => C:\Users\ARYAN\.stmcufinder\plugins\mcufinder
2023-09-10 09:37:10,747 [WARN] DbFile:41 - Overriding database path with different value: C:\Users\ARYAN\.stmcufinder\plugins\mcufinder/ => C:\Users\ARYAN\.stmcufinder\plugins\mcufinder
2023-09-10 09:37:10,747 [INFO] CrossReferenceDbSqlite:203 - Set database path to: C:\Users\ARYAN\.stmcufinder\plugins\mcufinder//mcu/cs/
2023-09-10 09:37:10,854 [INFO] MainPanel:262 - HeapMemory: 268435456
2023-09-10 09:37:10,957 [INFO] DbMcusXml:78 - Set database path to: D:\STM32IDE\STM32CubeIDE_1.13.1\STM32CubeIDE\plugins\com.st.stm32cube.common.mx_6.9.1.202307191849\\db\/mcu/
2023-09-10 09:37:10,958 [INFO] ApiDb:274 - Set plugin database path to: D:\STM32IDE\STM32CubeIDE_1.13.1\STM32CubeIDE\plugins\com.st.stm32cube.common.mx_6.9.1.202307191849\\db\/plugins/boardmanager/
2023-09-10 09:37:10,958 [INFO] ApiDb:261 - Set plugin images path to: D:\STM32IDE\STM32CubeIDE_1.13.1\STM32CubeIDE\plugins\com.st.stm32cube.common.mx_6.9.1.202307191849\\db\/plugins/mcufinder/images/
2023-09-10 09:37:10,958 [WARN] DbFile:41 - Overriding database path with different value: C:\Users\ARYAN\.stmcufinder\plugins\mcufinder/ => C:\Users\ARYAN\.stmcufinder\plugins\mcufinder
2023-09-10 09:37:10,958 [INFO] ApiDb:250 - Set database path to: C:\Users\ARYAN\.stmcufinder\plugins\mcufinder//mcu/
2023-09-10 09:37:10,959 [WARN] DbFile:41 - Overriding database path with different value: C:\Users\ARYAN\.stmcufinder\plugins\mcufinder/ => C:\Users\ARYAN\.stmcufinder\plugins\mcufinder
2023-09-10 09:37:10,959 [INFO] DbMcusAds:125 - Set database path to: C:\Users\ARYAN\.stmcufinder\plugins\mcufinder//mcu/
2023-09-10 09:37:10,959 [WARN] DbFile:41 - Overriding database path with different value: C:\Users\ARYAN\.stmcufinder\plugins\mcufinder/ => C:\Users\ARYAN\.stmcufinder\plugins\mcufinder
2023-09-10 09:37:10,959 [WARN] DbFile:41 - Overriding database path with different value: C:\Users\ARYAN\.stmcufinder\plugins\mcufinder/ => C:\Users\ARYAN\.stmcufinder\plugins\mcufinder
2023-09-10 09:37:10,959 [INFO] CrossReferenceDbSqlite:203 - Set database path to: C:\Users\ARYAN\.stmcufinder\plugins\mcufinder//mcu/cs/
2023-09-10 09:37:10,981 [INFO] ApplicationProperties:184 - Using Application install path: D:\STM32IDE\STM32CubeIDE_1.13.1\STM32CubeIDE\plugins\com.st.stm32cube.common.mx_6.9.1.202307191849
2023-09-10 09:37:10,983 [INFO] PluginManage:196 - Search for loadable plugins [exclusion list=, ]
2023-09-10 09:37:10,983 [INFO] PluginManage:310 - Check plugin analytics
2023-09-10 09:37:11,187 [INFO] AnalyticsPlugin:253 - Accepted Software Licenses: 
2023-09-10 09:37:11,187 [INFO] AnalyticsPlugin:255 - Accepted CMSIS Pack Licenses: 
2023-09-10 09:37:11,188 [INFO] AnalyticsPlugin:257 - Accepted Firmware Licenses: 
2023-09-10 09:37:11,191 [INFO] PluginManage:359 - Loaded plugin analytics (category:tool,tabindex:-1)
2023-09-10 09:37:11,192 [INFO] PluginManage:310 - Check plugin cadmodel
2023-09-10 09:37:11,206 [INFO] CADModel:105 - Init CAD model plugin
2023-09-10 09:37:11,206 [INFO] PluginManage:359 - Loaded plugin cadmodel (category:power,tabindex:5)
2023-09-10 09:37:11,207 [INFO] PluginManage:310 - Check plugin clock
2023-09-10 09:37:11,230 [INFO] PluginManage:359 - Loaded plugin clock (category:base,tabindex:2)
2023-09-10 09:37:11,231 [INFO] PluginManage:310 - Check plugin ddr
2023-09-10 09:37:11,234 [INFO] PluginManage:359 - Loaded plugin ddr (category:tool,tabindex:6)
2023-09-10 09:37:11,234 [INFO] PluginManage:310 - Check plugin filemanager
2023-09-10 09:37:11,387 [INFO] PluginManage:359 - Loaded plugin filemanager (category:base,tabindex:10)
2023-09-10 09:37:11,387 [INFO] PluginManage:310 - Check plugin ipmanager
2023-09-10 09:37:11,394 [INFO] PluginManage:359 - Loaded plugin ipmanager (category:base,tabindex:5)
2023-09-10 09:37:11,394 [INFO] PluginManage:310 - Check plugin lpbam
2023-09-10 09:37:11,411 [INFO] PluginManage:359 - Loaded plugin lpbam (category:base,tabindex:0)
2023-09-10 09:37:11,412 [INFO] PluginManage:310 - Check plugin memorymap
2023-09-10 09:37:11,434 [INFO] PluginManage:359 - Loaded plugin memorymap (category:base,tabindex:4)
2023-09-10 09:37:11,434 [INFO] PluginManage:310 - Check plugin pinoutandconfiguration
2023-09-10 09:37:11,449 [INFO] PluginManage:359 - Loaded plugin pinoutandconfiguration (category:base,tabindex:1)
2023-09-10 09:37:11,449 [INFO] PluginManage:310 - Check plugin pinoutconfig
2023-09-10 09:37:11,553 [WARN] SupportedApi:132 - Cannot load RTOS API schema: s4s-elt-must-match.1: The content of 'definitions' must match (annotation?, (simpleType | complexType)?, (unique | key | keyref)*)). A problem was found starting at: attribute.
2023-09-10 09:37:11,699 [INFO] PluginManage:359 - Loaded plugin pinoutconfig (category:base,tabindex:0)
2023-09-10 09:37:11,699 [INFO] PluginManage:310 - Check plugin power
2023-09-10 09:37:11,721 [INFO] PluginManage:359 - Loaded plugin power (category:power,tabindex:4)
2023-09-10 09:37:11,721 [INFO] PluginManage:310 - Check plugin projectmanager
2023-09-10 09:37:11,734 [INFO] PluginManage:359 - Loaded plugin projectmanager (category:projectmanager,tabindex:3)
2023-09-10 09:37:11,734 [INFO] PluginManage:310 - Check plugin thirdparty
2023-09-10 09:37:11,999 [INFO] PluginManage:359 - Loaded plugin thirdparty (category:base,tabindex:-1)
2023-09-10 09:37:12,000 [INFO] PluginManage:310 - Check plugin tools
2023-09-10 09:37:11,999 [WARN] IntegrityCheckThread:84 - waiting for thirdparty lock release [integrity check]
2023-09-10 09:37:12,000 [INFO] IntegrityCheckThread:86 - entering critical section [integrity check]
2023-09-10 09:37:12,001 [INFO] ThirdPartyUpdaterWithRetryManager:70 - Updater plugin not ready yet. [1/15]
2023-09-10 09:37:12,031 [INFO] PluginManage:359 - Loaded plugin tools (category:base,tabindex:7)
2023-09-10 09:37:12,031 [INFO] PluginManage:310 - Check plugin tutovideos
2023-09-10 09:37:12,239 [INFO] PluginManage:359 - Loaded plugin tutovideos (category:base,tabindex:-1)
2023-09-10 09:37:12,240 [INFO] PluginManage:310 - Check plugin updater
2023-09-10 09:37:12,253 [INFO] PluginManage:359 - Loaded plugin updater (category:base,tabindex:12)
2023-09-10 09:37:12,253 [INFO] PluginManage:310 - Check plugin userauth
2023-09-10 09:37:12,259 [INFO] UserAuth:113 - Init User Auth plugin
2023-09-10 09:37:12,259 [INFO] PluginManage:359 - Loaded plugin userauth (category:base,tabindex:14)
2023-09-10 09:37:12,259 [INFO] PluginManage:283 - PluginManage : Loaded plugins [17]
2023-09-10 09:37:12,518 [INFO] PinOutPanel:1499 - setPackage(No Configuration,No Configuration)
2023-09-10 09:37:12,630 [INFO] CADModel:165 - CPN selected for project level
2023-09-10 09:37:12,630 [INFO] CADModel:114 - Register for checkConnection events
2023-09-10 09:37:12,656 [INFO] IPUIPlugin:80 - create IPUIPlugin
2023-09-10 09:37:12,656 [INFO] PluginManager:220 - loadIPPluginJar : add adc
2023-09-10 09:37:12,686 [INFO] IPUIPlugin:80 - create IPUIPlugin
2023-09-10 09:37:12,686 [INFO] PluginManager:220 - loadIPPluginJar : add aes
2023-09-10 09:37:12,724 [INFO] IPUIPlugin:80 - create IPUIPlugin
2023-09-10 09:37:12,724 [INFO] PluginManager:220 - loadIPPluginJar : add can
2023-09-10 09:37:12,745 [INFO] IPUIPlugin:80 - create IPUIPlugin
2023-09-10 09:37:12,746 [INFO] PluginManager:220 - loadIPPluginJar : add comp
2023-09-10 09:37:12,776 [INFO] IPUIPlugin:80 - create IPUIPlugin
2023-09-10 09:37:12,776 [INFO] PluginManager:220 - loadIPPluginJar : add cryp
2023-09-10 09:37:12,804 [INFO] IPUIPlugin:80 - create IPUIPlugin
2023-09-10 09:37:12,804 [INFO] PluginManager:220 - loadIPPluginJar : add dfsdm
2023-09-10 09:37:12,818 [INFO] IPUIPlugin:80 - create IPUIPlugin
2023-09-10 09:37:12,819 [INFO] PluginManager:220 - loadIPPluginJar : add dma
2023-09-10 09:37:12,855 [INFO] IPUIPlugin:80 - create IPUIPlugin
2023-09-10 09:37:12,855 [INFO] PluginManager:220 - loadIPPluginJar : add dma3
2023-09-10 09:37:12,873 [INFO] IPUIPlugin:80 - create IPUIPlugin
2023-09-10 09:37:12,873 [INFO] PluginManager:220 - loadIPPluginJar : add fatfs
2023-09-10 09:37:12,911 [INFO] IPUIPlugin:80 - create IPUIPlugin
2023-09-10 09:37:12,911 [INFO] PluginManager:220 - loadIPPluginJar : add fmc
2023-09-10 09:37:12,924 [INFO] IPUIPlugin:80 - create IPUIPlugin
2023-09-10 09:37:12,924 [INFO] PluginManager:220 - loadIPPluginJar : add freertos
2023-09-10 09:37:12,942 [INFO] IPUIPlugin:80 - create IPUIPlugin
2023-09-10 09:37:12,942 [INFO] PluginManager:220 - loadIPPluginJar : add genericplugin
2023-09-10 09:37:13,023 [INFO] IPUIPlugin:80 - create IPUIPlugin
2023-09-10 09:37:13,023 [INFO] PluginManager:220 - loadIPPluginJar : add gfxmmu
2023-09-10 09:37:13,134 [INFO] IPUIPlugin:80 - create IPUIPlugin
2023-09-10 09:37:13,134 [INFO] PluginManager:220 - loadIPPluginJar : add gic
2023-09-10 09:37:13,145 [INFO] IPUIPlugin:80 - create IPUIPlugin
2023-09-10 09:37:13,145 [INFO] PluginManager:220 - loadIPPluginJar : add gpio
2023-09-10 09:37:13,220 [INFO] IPUIPlugin:80 - create IPUIPlugin
2023-09-10 09:37:13,221 [INFO] PluginManager:220 - loadIPPluginJar : add gtzc
2023-09-10 09:37:13,250 [INFO] IPUIPlugin:80 - create IPUIPlugin
2023-09-10 09:37:13,250 [INFO] PluginManager:220 - loadIPPluginJar : add hash
2023-09-10 09:37:13,301 [INFO] IPUIPlugin:80 - create IPUIPlugin
2023-09-10 09:37:13,301 [INFO] PluginManager:220 - loadIPPluginJar : add i2c
2023-09-10 09:37:13,337 [INFO] IPUIPlugin:80 - create IPUIPlugin
2023-09-10 09:37:13,337 [INFO] PluginManager:220 - loadIPPluginJar : add i2s
2023-09-10 09:37:13,371 [INFO] IPUIPlugin:80 - create IPUIPlugin
2023-09-10 09:37:13,371 [INFO] PluginManager:220 - loadIPPluginJar : add i3c
2023-09-10 09:37:13,455 [INFO] IPUIPlugin:80 - create IPUIPlugin
2023-09-10 09:37:13,455 [INFO] PluginManager:220 - loadIPPluginJar : add ipddr
2023-09-10 09:37:13,533 [INFO] IPUIPlugin:80 - create IPUIPlugin
2023-09-10 09:37:13,533 [INFO] PluginManager:220 - loadIPPluginJar : add linkedlist
2023-09-10 09:37:13,563 [INFO] IPUIPlugin:80 - create IPUIPlugin
2023-09-10 09:37:13,563 [INFO] PluginManager:220 - loadIPPluginJar : add lorawan
2023-09-10 09:37:13,594 [INFO] IPUIPlugin:80 - create IPUIPlugin
2023-09-10 09:37:13,594 [INFO] PluginManager:220 - loadIPPluginJar : add ltdc
2023-09-10 09:37:13,608 [INFO] IPUIPlugin:80 - create IPUIPlugin
2023-09-10 09:37:13,608 [INFO] PluginManager:220 - loadIPPluginJar : add mdma
2023-09-10 09:37:13,619 [INFO] IPUIPlugin:80 - create IPUIPlugin
2023-09-10 09:37:13,619 [INFO] PluginManager:220 - loadIPPluginJar : add nvic
2023-09-10 09:37:13,649 [INFO] IPUIPlugin:80 - create IPUIPlugin
2023-09-10 09:37:13,649 [INFO] PluginManager:220 - loadIPPluginJar : add opamp
2023-09-10 09:37:13,700 [INFO] IPUIPlugin:80 - create IPUIPlugin
2023-09-10 09:37:13,700 [INFO] PluginManager:220 - loadIPPluginJar : add openamp
2023-09-10 09:37:13,738 [INFO] IPUIPlugin:80 - create IPUIPlugin
2023-09-10 09:37:13,738 [INFO] PluginManager:220 - loadIPPluginJar : add pdm2pcm
2023-09-10 09:37:13,751 [INFO] IPUIPlugin:80 - create IPUIPlugin
2023-09-10 09:37:13,753 [INFO] PluginManager:220 - loadIPPluginJar : add plateformsettings
2023-09-10 09:37:13,772 [INFO] IPUIPlugin:80 - create IPUIPlugin
2023-09-10 09:37:13,772 [INFO] PluginManager:220 - loadIPPluginJar : add quadspi
2023-09-10 09:37:13,783 [INFO] IPUIPlugin:80 - create IPUIPlugin
2023-09-10 09:37:13,783 [INFO] PluginManager:220 - loadIPPluginJar : add resmgrutility
2023-09-10 09:37:13,822 [INFO] IPUIPlugin:80 - create IPUIPlugin
2023-09-10 09:37:13,822 [INFO] PluginManager:220 - loadIPPluginJar : add sai
2023-09-10 09:37:13,853 [INFO] IPUIPlugin:80 - create IPUIPlugin
2023-09-10 09:37:13,854 [INFO] PluginManager:220 - loadIPPluginJar : add spi
2023-09-10 09:37:13,900 [INFO] IPUIPlugin:80 - create IPUIPlugin
2023-09-10 09:37:13,900 [INFO] PluginManager:220 - loadIPPluginJar : add stm32_wpan
2023-09-10 09:37:13,919 [INFO] IPUIPlugin:80 - create IPUIPlugin
2023-09-10 09:37:13,919 [INFO] PluginManager:220 - loadIPPluginJar : add tim
2023-09-10 09:37:13,963 [INFO] IPUIPlugin:80 - create IPUIPlugin
2023-09-10 09:37:13,964 [INFO] PluginManager:220 - loadIPPluginJar : add touchsensing
2023-09-10 09:37:13,983 [INFO] IPUIPlugin:80 - create IPUIPlugin
2023-09-10 09:37:13,983 [INFO] PluginManager:220 - loadIPPluginJar : add tracer_emb
2023-09-10 09:37:14,003 [INFO] IPUIPlugin:80 - create IPUIPlugin
2023-09-10 09:37:14,003 [INFO] PluginManager:220 - loadIPPluginJar : add ts
2023-09-10 09:37:14,020 [INFO] IPUIPlugin:80 - create IPUIPlugin
2023-09-10 09:37:14,021 [INFO] PluginManager:220 - loadIPPluginJar : add tsc
2023-09-10 09:37:14,041 [INFO] IPUIPlugin:80 - create IPUIPlugin
2023-09-10 09:37:14,041 [INFO] PluginManager:220 - loadIPPluginJar : add ucpd
2023-09-10 09:37:14,077 [INFO] IPUIPlugin:80 - create IPUIPlugin
2023-09-10 09:37:14,077 [INFO] PluginManager:220 - loadIPPluginJar : add usart
2023-09-10 09:37:14,113 [INFO] IPUIPlugin:80 - create IPUIPlugin
2023-09-10 09:37:14,113 [INFO] PluginManager:220 - loadIPPluginJar : add usbx
2023-09-10 09:37:14,236 [INFO] CADModel:165 - CPN selected for project level
2023-09-10 09:37:14,236 [INFO] CADModel:114 - Register for checkConnection events
2023-09-10 09:37:14,237 [FATAL] Updater:308 - Updater called before beeing initialized
2023-09-10 09:37:14,237 [ERROR] CADModel:125 - Updater not yet initialized, retry later 
2023-09-10 09:37:14,393 [INFO] CADModel:165 - CPN selected for project level
2023-09-10 09:37:14,394 [INFO] CADModel:114 - Register for checkConnection events
2023-09-10 09:37:14,394 [FATAL] Updater:308 - Updater called before beeing initialized
2023-09-10 09:37:14,394 [ERROR] CADModel:125 - Updater not yet initialized, retry later 
2023-09-10 09:37:14,397 [FATAL] Updater:308 - Updater called before beeing initialized
2023-09-10 09:37:14,493 [FATAL] Updater:308 - Updater called before beeing initialized
2023-09-10 09:37:14,506 [INFO] DbMcusAds:53 - JSON generation date=Tue Mar 07 14:20:55 IST 2023 (1678179055114)
2023-09-10 09:37:14,506 [FATAL] Updater:308 - Updater called before beeing initialized
2023-09-10 09:37:14,578 [WARN] DetailPanel:346 - Failed to get advertising image, set to default
2023-09-10 09:37:14,662 [FATAL] Updater:308 - Updater called before beeing initialized
2023-09-10 09:37:14,664 [FATAL] Updater:308 - Updater called before beeing initialized
2023-09-10 09:37:14,664 [FATAL] Updater:308 - Updater called before beeing initialized
2023-09-10 09:37:14,664 [WARN] DetailPanel:346 - Failed to get advertising image, set to default
2023-09-10 09:37:14,665 [FATAL] Updater:308 - Updater called before beeing initialized
2023-09-10 09:37:14,720 [ERROR] Updater:1120 - MainUpdater not yet initialized. External WinMGr cannot be set.
2023-09-10 09:37:14,729 [INFO] Updater:1056 - Updater Version found : 6.9.1
2023-09-10 09:37:14,747 [INFO] ApplicationProperties:184 - Using Application install path: D:\STM32IDE\STM32CubeIDE_1.13.1\STM32CubeIDE\plugins\com.st.stm32cube.common.mx_6.9.1.202307191849
2023-09-10 09:37:14,907 [INFO] MainUpdater:2868 - connection check result : 10
2023-09-10 09:37:14,907 [INFO] MainUpdater:3562 - Updater definition file requires update
2023-09-10 09:37:14,909 [INFO] MainUpdater:285 - Updater Check For Update Now.
2023-09-10 09:37:14,909 [INFO] MicroXplorer:498 - Change Database Version : DB.6.0.91
2023-09-10 09:37:14,926 [INFO] McuFinderGlobals:63 - Set McuFinder mode to 2 (CubeIDE integrated)
2023-09-10 09:37:14,927 [INFO] UserAuth:179 - activating auth plugin
2023-09-10 09:37:14,930 [INFO] UserAuth:393 - Internet connection configuration mode: 1
2023-09-10 09:37:14,956 [INFO] JxBrowserEngine:151 - Initiate JxBrowser Engine with user profile folder
2023-09-10 09:37:15,001 [WARN] MainUpdater:1189 - Updater busy. Cannot search thirdparties
2023-09-10 09:37:15,001 [INFO] ThirdPartyUpdaterWithRetryManager:96 - Updater plugin is busy. [1/15]
2023-09-10 09:37:15,008 [INFO] ServerAccessManage:473 - Download File updaters.zip
2023-09-10 09:37:15,265 [INFO] FileExtend:240 - Unzip File : updaters.zip
2023-09-10 09:37:15,265 [INFO] FileExtend:255 - Standard Zip Deflate
2023-09-10 09:37:15,969 [INFO] ServerAccessManage:473 - Download File PacksControlFlags.xml
2023-09-10 09:37:16,066 [INFO] ServerAccessManage:473 - Download File cubemx.pidx
2023-09-10 09:37:16,440 [INFO] ServerAccessManage:473 - Download File STMicroelectronics.FP-SNS-SMARTAG2.pdsc
2023-09-10 09:37:16,960 [INFO] ServerAccessManage:473 - Download File STMicroelectronics.X-CUBE-NFC6.pdsc
2023-09-10 09:37:17,677 [INFO] WebApp:157 - Instantiating new browser for Auth
2023-09-10 09:37:18,005 [WARN] MainUpdater:1189 - Updater busy. Cannot search thirdparties
2023-09-10 09:37:18,005 [INFO] ThirdPartyUpdaterWithRetryManager:96 - Updater plugin is busy. [2/15]
2023-09-10 09:37:18,353 [INFO] WebApp:753 - Register for checkConnection events
2023-09-10 09:37:18,353 [INFO] WebApp:390 - Apply proxy settings
2023-09-10 09:37:18,353 [INFO] WebApp:475 - Chromium requires no authentication
2023-09-10 09:37:18,365 [INFO] WebApp:418 - Direct internet connection detected
2023-09-10 09:37:18,568 [INFO] WebApp:188 - Starting web application
2023-09-10 09:37:18,568 [INFO] WebApp:520 - Web application path used D:\STM32IDE\STM32CubeIDE_1.13.1\STM32CubeIDE\plugins\com.st.stm32cube.common.mx_6.9.1.202307191849\db\plugins\mcufinder\reactClient1\index.html
2023-09-10 09:37:18,681 [ERROR] ServerAccessManage:1096 - Problem, Http access forbiden
2023-09-10 09:37:18,682 [ERROR] ServerAccessManage:651 - Problem, Http access forbiden : RoweBots.I-CUBE-UNISONRTOS.pdsc.
2023-09-10 09:37:18,877 [WARN] PackLoader:240 - Cannot read IP mode file for STMicroelectronics.FP-SNS-SMARTAG2.1.2.0
2023-09-10 09:37:18,896 [WARN] PackLoader:240 - Cannot read IP mode file for STMicroelectronics.X-CUBE-NFC6.3.0.0
2023-09-10 09:37:18,900 [INFO] PopulateThirdPartyThread:66 - Ending populate Thread
2023-09-10 09:37:18,903 [INFO] ThirdParty:1030 - CMSIS Pack Vendor :STMicroelectronics FP-SNS-SMARTAG2 1.2.0
2023-09-10 09:37:18,903 [INFO] ThirdParty:1030 - CMSIS Pack Vendor :STMicroelectronics X-CUBE-NFC6 3.0.0
2023-09-10 09:37:18,904 [INFO] LoadServerUpdatesThread:373 - End of LoadServerUpdate Thread
2023-09-10 09:37:18,965 [INFO] CheckServerUpdateThread:120 - End of CheckServer Thread
2023-09-10 09:37:21,132 [WARN] PackLoader:240 - Cannot read IP mode file for STMicroelectronics.X-CUBE-SMBUS.2.1.0
2023-09-10 09:37:21,166 [WARN] PackLoader:240 - Cannot read IP mode file for STMicroelectronics.X-CUBE-AZRTOS-F7.1.1.0
2023-09-10 09:37:21,193 [WARN] PackLoader:240 - Cannot read IP mode file for STMicroelectronics.FP-SNS-MOTENV1.4.3.2
2023-09-10 09:37:21,200 [WARN] PackLoader:240 - Cannot read IP mode file for STMicroelectronics.FP-SNS-FLIGHT1.5.0.2
2023-09-10 09:37:21,216 [WARN] PackLoader:240 - Cannot read IP mode file for STMicroelectronics.X-CUBE-DISPLAY.3.0.0
2023-09-10 09:37:21,234 [WARN] PackLoader:240 - Cannot read IP mode file for STMicroelectronics.X-CUBE-BLE1.7.0.0
2023-09-10 09:37:21,245 [WARN] PackLoader:240 - Cannot read IP mode file for emotas.I-CUBE-CANOPEN.1.3.0
2023-09-10 09:37:21,256 [WARN] PackLoader:240 - Cannot read IP mode file for STMicroelectronics.X-CUBE-TOUCHGFX.4.22.0
2023-09-10 09:37:21,260 [WARN] PackLoader:240 - Cannot read IP mode file for STMicroelectronics.FP-SNS-SMARTAG2.1.2.0
2023-09-10 09:37:21,278 [INFO] LogOutputStream:77 - [STDOUT_REDIRECT] 1 : Invalid condition id : UX_CORESTACK_Condition cause : null
2023-09-10 09:37:21,278 [INFO] LogOutputStream:77 - [STDOUT_REDIRECT] 1 : Invalid condition id : UX_CORESTACK_Condition cause : null
2023-09-10 09:37:21,278 [INFO] LogOutputStream:77 - [STDOUT_REDIRECT] 1 : Invalid condition id : UX_CORESTACK_Condition cause : null
2023-09-10 09:37:21,279 [INFO] LogOutputStream:77 - [STDOUT_REDIRECT] 1 : Invalid condition id : UX_CORESTACK_Condition cause : null
2023-09-10 09:37:21,280 [INFO] LogOutputStream:77 - [STDOUT_REDIRECT] 1 : Invalid condition id : UX_CORESTACK_Condition cause : null
2023-09-10 09:37:21,283 [WARN] PackLoader:240 - Cannot read IP mode file for STMicroelectronics.X-CUBE-AZRTOS-WL.2.0.0
2023-09-10 09:37:21,296 [WARN] PackLoader:240 - Cannot read IP mode file for WES.I-CUBE-Cesium.1.3.0
2023-09-10 09:37:21,305 [WARN] PackLoader:240 - Cannot read IP mode file for STMicroelectronics.X-CUBE-BLE2.3.3.0
2023-09-10 09:37:21,317 [WARN] PackLoader:240 - Cannot read IP mode file for STMicroelectronics.X-CUBE-ALGOBUILD.1.3.0
2023-09-10 09:37:21,340 [WARN] PackLoader:240 - Cannot read IP mode file for STMicroelectronics.X-CUBE-AZRTOS-G0.1.1.0
2023-09-10 09:37:21,354 [WARN] PackLoader:240 - Cannot read IP mode file for STMicroelectronics.X-CUBE-NFC4.3.0.0
2023-09-10 09:37:21,360 [WARN] PackLoader:240 - Cannot read IP mode file for STMicroelectronics.FP-ATR-SIGFOX1.3.2.0
2023-09-10 09:37:21,392 [WARN] PackLoader:240 - Cannot read IP mode file for SEGGER.I-CUBE-embOS.1.3.1
2023-09-10 09:37:21,433 [WARN] PackLoader:240 - Cannot read IP mode file for STMicroelectronics.X-CUBE-GNSS1.6.0.0
2023-09-10 09:37:21,463 [WARN] PackLoader:240 - Cannot read IP mode file for STMicroelectronics.X-CUBE-AZRTOS-F4.1.1.0
2023-09-10 09:37:21,480 [WARN] PackLoader:240 - Cannot read IP mode file for wolfSSL.I-CUBE-wolfSSL.5.6.3
2023-09-10 09:37:21,507 [WARN] PackLoader:240 - Cannot read IP mode file for STMicroelectronics.X-CUBE-AZRTOS-L5.2.0.0
2023-09-10 09:37:21,565 [WARN] PackLoader:240 - Cannot read IP mode file for STMicroelectronics.X-CUBE-MEMS1.9.6.0
2023-09-10 09:37:21,701 [WARN] PackLoader:240 - Cannot read IP mode file for STMicroelectronics.X-CUBE-BLEMGR.2.0.0
2023-09-10 09:37:21,735 [WARN] ConditionMgr:438 - getConditionDescription Invalid condition id : UX DEVICE CLASS RTOS Condition cause : null
2023-09-10 09:37:21,736 [WARN] ConditionMgr:438 - getConditionDescription Invalid condition id : UX DEVICE CLASS RTOS Condition cause : null
2023-09-10 09:37:21,738 [WARN] PackLoader:240 - Cannot read IP mode file for STMicroelectronics.X-CUBE-AZRTOS-H7.3.1.0
2023-09-10 09:37:21,740 [WARN] ConditionMgr:1039 - genDependencies : Invalid condition id : UX DEVICE CLASS RTOS Condition cause : null
2023-09-10 09:37:21,740 [WARN] ConditionMgr:1039 - genDependencies : Invalid condition id : UX DEVICE CLASS RTOS Condition cause : null
2023-09-10 09:37:21,741 [WARN] ConditionMgr:1039 - genDependencies : Invalid condition id : UX DEVICE CLASS RTOS Condition cause : null
2023-09-10 09:37:21,742 [WARN] ConditionMgr:1039 - genDependencies : Invalid condition id : UX DEVICE CLASS RTOS Condition cause : null
2023-09-10 09:37:21,742 [WARN] ConditionMgr:1039 - genDependencies : Invalid condition id : UX DEVICE CLASS RTOS Condition cause : null
2023-09-10 09:37:21,758 [WARN] PackLoader:240 - Cannot read IP mode file for STMicroelectronics.X-CUBE-NFC7.1.0.1
2023-09-10 09:37:21,765 [WARN] PackLoader:240 - Cannot read IP mode file for STMicroelectronics.X-CUBE-NFC6.3.0.0
2023-09-10 09:37:21,779 [WARN] PackLoader:240 - Cannot read IP mode file for STMicroelectronics.X-CUBE-EEPRMA1.4.1.0
2023-09-10 09:37:21,792 [WARN] PackLoader:240 - Cannot read IP mode file for STMicroelectronics.X-CUBE-AI.8.1.0
2023-09-10 09:37:21,827 [WARN] ConditionMgr:438 - getConditionDescription Invalid condition id : LAN8742 Phy interface Condition cause : null
2023-09-10 09:37:21,829 [WARN] PackLoader:240 - Cannot read IP mode file for STMicroelectronics.X-CUBE-AZRTOS-L4.2.0.0
2023-09-10 09:37:21,831 [WARN] ConditionMgr:1039 - genDependencies : Invalid condition id : LAN8742 Phy interface Condition cause : null
2023-09-10 09:37:21,831 [WARN] ConditionMgr:1039 - genDependencies : Invalid condition id : LAN8742 Phy interface Condition cause : null
2023-09-10 09:37:21,832 [WARN] ConditionMgr:1039 - genDependencies : Invalid condition id : LAN8742 Phy interface Condition cause : null
2023-09-10 09:37:21,850 [WARN] PackLoader:240 - Cannot read IP mode file for STMicroelectronics.X-CUBE-SFXS2LP1.4.0.0
2023-09-10 09:37:21,868 [WARN] PackLoader:240 - Cannot read IP mode file for STMicroelectronics.X-CUBE-ISPU.1.1.0
2023-09-10 09:37:21,897 [WARN] ConditionMgr:438 - getConditionDescription Invalid condition id : UX DEVICE CLASS RTOS Condition cause : null
2023-09-10 09:37:21,898 [WARN] ConditionMgr:438 - getConditionDescription Invalid condition id : UX DEVICE CLASS RTOS Condition cause : null
2023-09-10 09:37:21,899 [WARN] PackLoader:240 - Cannot read IP mode file for STMicroelectronics.X-CUBE-AZRTOS-WB.2.0.0
2023-09-10 09:37:21,900 [WARN] ConditionMgr:1039 - genDependencies : Invalid condition id : UX DEVICE CLASS RTOS Condition cause : null
2023-09-10 09:37:21,900 [WARN] ConditionMgr:1039 - genDependencies : Invalid condition id : UX DEVICE CLASS RTOS Condition cause : null
2023-09-10 09:37:21,901 [WARN] ConditionMgr:1039 - genDependencies : Invalid condition id : UX DEVICE CLASS RTOS Condition cause : null
2023-09-10 09:37:21,901 [WARN] ConditionMgr:1039 - genDependencies : Invalid condition id : UX DEVICE CLASS RTOS Condition cause : null
2023-09-10 09:37:21,901 [WARN] ConditionMgr:1039 - genDependencies : Invalid condition id : UX DEVICE CLASS RTOS Condition cause : null
2023-09-10 09:37:21,924 [WARN] PackLoader:240 - Cannot read IP mode file for STMicroelectronics.X-CUBE-SUBG2.5.0.0
2023-09-10 09:37:21,951 [WARN] PackLoader:240 - Cannot read IP mode file for STMicroelectronics.X-CUBE-TOF1.3.3.1
2023-09-10 09:37:21,984 [WARN] PackLoader:240 - Cannot read IP mode file for STMicroelectronics.X-CUBE-AZRTOS-G4.2.0.0
2023-09-10 09:37:22,002 [WARN] PackLoader:240 - Cannot read IP mode file for STMicroelectronics.X-CUBE-FREERTOS.1.1.0
2023-09-10 09:37:22,019 [WARN] PackLoader:240 - Cannot read IP mode file for portGmbH.I-Cube-SoM-uGOAL.1.1.0
2023-09-10 09:37:22,036 [WARN] PackLoader:240 - Cannot read IP mode file for STMicroelectronics.X-CUBE-ALS.1.0.1
2023-09-10 09:37:22,044 [WARN] PackLoader:240 - Cannot read IP mode file for STMicroelectronics.FP-ATR-ASTRA1.2.0.0
2023-09-10 09:37:22,046 [INFO] ThirdParty:978 - Integrity check success = true
2023-09-10 09:37:22,046 [INFO] IntegrityCheckThread:100 - exiting critical section [integrity check]
2023-09-10 09:37:22,046 [INFO] IntegrityCheckThread:103 - End integrity checks thread
2023-09-10 09:37:39,644 [ERROR] LogOutputStream:75 - [STDERR_REDIRECT] SLF4J: Failed to load class "org.slf4j.impl.StaticLoggerBinder".
2023-09-10 09:37:39,644 [ERROR] LogOutputStream:75 - [STDERR_REDIRECT] SLF4J: Defaulting to no-operation (NOP) logger implementation
2023-09-10 09:37:39,645 [ERROR] LogOutputStream:75 - [STDERR_REDIRECT] SLF4J: See http://www.slf4j.org/codes.html#StaticLoggerBinder for further details.
2023-09-10 13:26:31,209 [ERROR] LogOutputStream:75 - [STDERR_REDIRECT] 
2023-09-10 13:37:22,679 [INFO] Activator:176 - 


2023-09-10 13:37:22,680 [INFO] Activator:177 - !SESSION log4j initialized
2023-09-10 13:37:26,757 [INFO] LogOutputStream:77 - [STDOUT_REDIRECT] 
2023-09-10 13:37:28,637 [INFO] ApplicationProperties:184 - Using Application install path: D:\STM32IDE\STM32CubeIDE_1.13.1\STM32CubeIDE\plugins\com.st.stm32cube.common.mx_6.9.1.202307191849
2023-09-10 13:37:28,658 [INFO] DbMcusXml:78 - Set database path to: D:\STM32IDE\STM32CubeIDE_1.13.1\STM32CubeIDE\plugins\com.st.stm32cube.common.mx_6.9.1.202307191849\\db\/mcu/
2023-09-10 13:37:28,659 [INFO] ApiDb:274 - Set plugin database path to: D:\STM32IDE\STM32CubeIDE_1.13.1\STM32CubeIDE\plugins\com.st.stm32cube.common.mx_6.9.1.202307191849\\db\/plugins/boardmanager/
2023-09-10 13:37:28,659 [WARN] ApiDb:259 - Overriding images path with different value:  => D:\STM32IDE\STM32CubeIDE_1.13.1\STM32CubeIDE\plugins\com.st.stm32cube.common.mx_6.9.1.202307191849\\db\/plugins/mcufinder/images/
2023-09-10 13:37:28,668 [INFO] ApiDb:250 - Set database path to: C:\Users\ARYAN\.stmcufinder\plugins\mcufinder//mcu/
2023-09-10 13:37:28,669 [INFO] DbMcusAds:125 - Set database path to: C:\Users\ARYAN\.stmcufinder\plugins\mcufinder//mcu/
2023-09-10 13:37:28,671 [INFO] CrossReferenceDbSqlite:203 - Set database path to: C:\Users\ARYAN\.stmcufinder\plugins\mcufinder//mcu/cs/
2023-09-10 13:37:28,785 [INFO] RulesReader:64 - Compatibility file has been processed (293 Rules)
2023-09-10 13:37:28,884 [INFO] DbMcusXml:78 - Set database path to: D:\STM32IDE\STM32CubeIDE_1.13.1\STM32CubeIDE\plugins\com.st.stm32cube.common.mx_6.9.1.202307191849\\db\/mcu/
2023-09-10 13:37:28,884 [INFO] ApiDb:274 - Set plugin database path to: D:\STM32IDE\STM32CubeIDE_1.13.1\STM32CubeIDE\plugins\com.st.stm32cube.common.mx_6.9.1.202307191849\\db\/plugins/boardmanager/
2023-09-10 13:37:28,884 [INFO] ApiDb:261 - Set plugin images path to: D:\STM32IDE\STM32CubeIDE_1.13.1\STM32CubeIDE\plugins\com.st.stm32cube.common.mx_6.9.1.202307191849\\db\/plugins/mcufinder/images/
2023-09-10 13:37:28,884 [WARN] DbFile:41 - Overriding database path with different value: C:\Users\ARYAN\.stmcufinder\plugins\mcufinder/ => C:\Users\ARYAN\.stmcufinder\plugins\mcufinder
2023-09-10 13:37:28,884 [INFO] ApiDb:250 - Set database path to: C:\Users\ARYAN\.stmcufinder\plugins\mcufinder//mcu/
2023-09-10 13:37:28,885 [WARN] DbFile:41 - Overriding database path with different value: C:\Users\ARYAN\.stmcufinder\plugins\mcufinder/ => C:\Users\ARYAN\.stmcufinder\plugins\mcufinder
2023-09-10 13:37:28,885 [INFO] DbMcusAds:125 - Set database path to: C:\Users\ARYAN\.stmcufinder\plugins\mcufinder//mcu/
2023-09-10 13:37:28,885 [WARN] DbFile:41 - Overriding database path with different value: C:\Users\ARYAN\.stmcufinder\plugins\mcufinder/ => C:\Users\ARYAN\.stmcufinder\plugins\mcufinder
2023-09-10 13:37:28,885 [WARN] DbFile:41 - Overriding database path with different value: C:\Users\ARYAN\.stmcufinder\plugins\mcufinder/ => C:\Users\ARYAN\.stmcufinder\plugins\mcufinder
2023-09-10 13:37:28,885 [INFO] CrossReferenceDbSqlite:203 - Set database path to: C:\Users\ARYAN\.stmcufinder\plugins\mcufinder//mcu/cs/
2023-09-10 13:37:28,952 [INFO] MainPanel:262 - HeapMemory: 268435456
2023-09-10 13:37:29,014 [INFO] DbMcusXml:78 - Set database path to: D:\STM32IDE\STM32CubeIDE_1.13.1\STM32CubeIDE\plugins\com.st.stm32cube.common.mx_6.9.1.202307191849\\db\/mcu/
2023-09-10 13:37:29,014 [INFO] ApiDb:274 - Set plugin database path to: D:\STM32IDE\STM32CubeIDE_1.13.1\STM32CubeIDE\plugins\com.st.stm32cube.common.mx_6.9.1.202307191849\\db\/plugins/boardmanager/
2023-09-10 13:37:29,014 [INFO] ApiDb:261 - Set plugin images path to: D:\STM32IDE\STM32CubeIDE_1.13.1\STM32CubeIDE\plugins\com.st.stm32cube.common.mx_6.9.1.202307191849\\db\/plugins/mcufinder/images/
2023-09-10 13:37:29,014 [WARN] DbFile:41 - Overriding database path with different value: C:\Users\ARYAN\.stmcufinder\plugins\mcufinder/ => C:\Users\ARYAN\.stmcufinder\plugins\mcufinder
2023-09-10 13:37:29,014 [INFO] ApiDb:250 - Set database path to: C:\Users\ARYAN\.stmcufinder\plugins\mcufinder//mcu/
2023-09-10 13:37:29,015 [WARN] DbFile:41 - Overriding database path with different value: C:\Users\ARYAN\.stmcufinder\plugins\mcufinder/ => C:\Users\ARYAN\.stmcufinder\plugins\mcufinder
2023-09-10 13:37:29,015 [INFO] DbMcusAds:125 - Set database path to: C:\Users\ARYAN\.stmcufinder\plugins\mcufinder//mcu/
2023-09-10 13:37:29,015 [WARN] DbFile:41 - Overriding database path with different value: C:\Users\ARYAN\.stmcufinder\plugins\mcufinder/ => C:\Users\ARYAN\.stmcufinder\plugins\mcufinder
2023-09-10 13:37:29,015 [WARN] DbFile:41 - Overriding database path with different value: C:\Users\ARYAN\.stmcufinder\plugins\mcufinder/ => C:\Users\ARYAN\.stmcufinder\plugins\mcufinder
2023-09-10 13:37:29,015 [INFO] CrossReferenceDbSqlite:203 - Set database path to: C:\Users\ARYAN\.stmcufinder\plugins\mcufinder//mcu/cs/
2023-09-10 13:37:29,032 [INFO] ApplicationProperties:184 - Using Application install path: D:\STM32IDE\STM32CubeIDE_1.13.1\STM32CubeIDE\plugins\com.st.stm32cube.common.mx_6.9.1.202307191849
2023-09-10 13:37:29,034 [INFO] PluginManage:196 - Search for loadable plugins [exclusion list=, ]
2023-09-10 13:37:29,035 [INFO] PluginManage:310 - Check plugin analytics
2023-09-10 13:37:29,196 [INFO] AnalyticsPlugin:253 - Accepted Software Licenses: 
2023-09-10 13:37:29,197 [INFO] AnalyticsPlugin:255 - Accepted CMSIS Pack Licenses: 
2023-09-10 13:37:29,197 [INFO] AnalyticsPlugin:257 - Accepted Firmware Licenses: 
2023-09-10 13:37:29,201 [INFO] PluginManage:359 - Loaded plugin analytics (category:tool,tabindex:-1)
2023-09-10 13:37:29,202 [INFO] PluginManage:310 - Check plugin cadmodel
2023-09-10 13:37:29,209 [INFO] CADModel:105 - Init CAD model plugin
2023-09-10 13:37:29,209 [INFO] PluginManage:359 - Loaded plugin cadmodel (category:power,tabindex:5)
2023-09-10 13:37:29,210 [INFO] PluginManage:310 - Check plugin clock
2023-09-10 13:37:29,221 [INFO] PluginManage:359 - Loaded plugin clock (category:base,tabindex:2)
2023-09-10 13:37:29,221 [INFO] PluginManage:310 - Check plugin ddr
2023-09-10 13:37:29,224 [INFO] PluginManage:359 - Loaded plugin ddr (category:tool,tabindex:6)
2023-09-10 13:37:29,224 [INFO] PluginManage:310 - Check plugin filemanager
2023-09-10 13:37:29,377 [INFO] PluginManage:359 - Loaded plugin filemanager (category:base,tabindex:10)
2023-09-10 13:37:29,377 [INFO] PluginManage:310 - Check plugin ipmanager
2023-09-10 13:37:29,384 [INFO] PluginManage:359 - Loaded plugin ipmanager (category:base,tabindex:5)
2023-09-10 13:37:29,384 [INFO] PluginManage:310 - Check plugin lpbam
2023-09-10 13:37:29,392 [INFO] PluginManage:359 - Loaded plugin lpbam (category:base,tabindex:0)
2023-09-10 13:37:29,392 [INFO] PluginManage:310 - Check plugin memorymap
2023-09-10 13:37:29,401 [INFO] PluginManage:359 - Loaded plugin memorymap (category:base,tabindex:4)
2023-09-10 13:37:29,401 [INFO] PluginManage:310 - Check plugin pinoutandconfiguration
2023-09-10 13:37:29,407 [INFO] PluginManage:359 - Loaded plugin pinoutandconfiguration (category:base,tabindex:1)
2023-09-10 13:37:29,407 [INFO] PluginManage:310 - Check plugin pinoutconfig
2023-09-10 13:37:29,485 [WARN] SupportedApi:132 - Cannot load RTOS API schema: s4s-elt-must-match.1: The content of 'definitions' must match (annotation?, (simpleType | complexType)?, (unique | key | keyref)*)). A problem was found starting at: attribute.
2023-09-10 13:37:29,594 [INFO] PluginManage:359 - Loaded plugin pinoutconfig (category:base,tabindex:0)
2023-09-10 13:37:29,594 [INFO] PluginManage:310 - Check plugin power
2023-09-10 13:37:29,603 [INFO] PluginManage:359 - Loaded plugin power (category:power,tabindex:4)
2023-09-10 13:37:29,603 [INFO] PluginManage:310 - Check plugin projectmanager
2023-09-10 13:37:29,619 [INFO] PluginManage:359 - Loaded plugin projectmanager (category:projectmanager,tabindex:3)
2023-09-10 13:37:29,619 [INFO] PluginManage:310 - Check plugin thirdparty
2023-09-10 13:37:29,749 [WARN] IntegrityCheckThread:84 - waiting for thirdparty lock release [integrity check]
2023-09-10 13:37:29,749 [INFO] IntegrityCheckThread:86 - entering critical section [integrity check]
2023-09-10 13:37:29,750 [INFO] PluginManage:359 - Loaded plugin thirdparty (category:base,tabindex:-1)
2023-09-10 13:37:29,750 [INFO] PluginManage:310 - Check plugin tools
2023-09-10 13:37:29,750 [INFO] ThirdPartyUpdaterWithRetryManager:70 - Updater plugin not ready yet. [1/15]
2023-09-10 13:37:29,754 [INFO] PluginManage:359 - Loaded plugin tools (category:base,tabindex:7)
2023-09-10 13:37:29,755 [INFO] PluginManage:310 - Check plugin tutovideos
2023-09-10 13:37:29,896 [INFO] PluginManage:359 - Loaded plugin tutovideos (category:base,tabindex:-1)
2023-09-10 13:37:29,896 [INFO] PluginManage:310 - Check plugin updater
2023-09-10 13:37:29,905 [INFO] PluginManage:359 - Loaded plugin updater (category:base,tabindex:12)
2023-09-10 13:37:29,905 [INFO] PluginManage:310 - Check plugin userauth
2023-09-10 13:37:29,910 [INFO] UserAuth:113 - Init User Auth plugin
2023-09-10 13:37:29,911 [INFO] PluginManage:359 - Loaded plugin userauth (category:base,tabindex:14)
2023-09-10 13:37:29,911 [INFO] PluginManage:283 - PluginManage : Loaded plugins [17]
2023-09-10 13:37:30,097 [INFO] PinOutPanel:1499 - setPackage(No Configuration,No Configuration)
2023-09-10 13:37:30,203 [INFO] CADModel:165 - CPN selected for project level
2023-09-10 13:37:30,204 [INFO] CADModel:114 - Register for checkConnection events
2023-09-10 13:37:30,220 [INFO] IPUIPlugin:80 - create IPUIPlugin
2023-09-10 13:37:30,220 [INFO] PluginManager:220 - loadIPPluginJar : add adc
2023-09-10 13:37:30,223 [INFO] IPUIPlugin:80 - create IPUIPlugin
2023-09-10 13:37:30,223 [INFO] PluginManager:220 - loadIPPluginJar : add aes
2023-09-10 13:37:30,226 [INFO] IPUIPlugin:80 - create IPUIPlugin
2023-09-10 13:37:30,226 [INFO] PluginManager:220 - loadIPPluginJar : add can
2023-09-10 13:37:30,228 [INFO] IPUIPlugin:80 - create IPUIPlugin
2023-09-10 13:37:30,228 [INFO] PluginManager:220 - loadIPPluginJar : add comp
2023-09-10 13:37:30,231 [INFO] IPUIPlugin:80 - create IPUIPlugin
2023-09-10 13:37:30,231 [INFO] PluginManager:220 - loadIPPluginJar : add cryp
2023-09-10 13:37:30,233 [INFO] IPUIPlugin:80 - create IPUIPlugin
2023-09-10 13:37:30,233 [INFO] PluginManager:220 - loadIPPluginJar : add dfsdm
2023-09-10 13:37:30,238 [INFO] IPUIPlugin:80 - create IPUIPlugin
2023-09-10 13:37:30,238 [INFO] PluginManager:220 - loadIPPluginJar : add dma
2023-09-10 13:37:30,241 [INFO] IPUIPlugin:80 - create IPUIPlugin
2023-09-10 13:37:30,241 [INFO] PluginManager:220 - loadIPPluginJar : add dma3
2023-09-10 13:37:30,242 [INFO] IPUIPlugin:80 - create IPUIPlugin
2023-09-10 13:37:30,242 [INFO] PluginManager:220 - loadIPPluginJar : add fatfs
2023-09-10 13:37:30,246 [INFO] IPUIPlugin:80 - create IPUIPlugin
2023-09-10 13:37:30,247 [INFO] PluginManager:220 - loadIPPluginJar : add fmc
2023-09-10 13:37:30,251 [INFO] IPUIPlugin:80 - create IPUIPlugin
2023-09-10 13:37:30,251 [INFO] PluginManager:220 - loadIPPluginJar : add freertos
2023-09-10 13:37:30,252 [INFO] IPUIPlugin:80 - create IPUIPlugin
2023-09-10 13:37:30,253 [INFO] PluginManager:220 - loadIPPluginJar : add genericplugin
2023-09-10 13:37:30,254 [INFO] IPUIPlugin:80 - create IPUIPlugin
2023-09-10 13:37:30,255 [INFO] PluginManager:220 - loadIPPluginJar : add gfxmmu
2023-09-10 13:37:30,261 [INFO] IPUIPlugin:80 - create IPUIPlugin
2023-09-10 13:37:30,261 [INFO] PluginManager:220 - loadIPPluginJar : add gic
2023-09-10 13:37:30,265 [INFO] IPUIPlugin:80 - create IPUIPlugin
2023-09-10 13:37:30,266 [INFO] PluginManager:220 - loadIPPluginJar : add gpio
2023-09-10 13:37:30,268 [INFO] IPUIPlugin:80 - create IPUIPlugin
2023-09-10 13:37:30,268 [INFO] PluginManager:220 - loadIPPluginJar : add gtzc
2023-09-10 13:37:30,270 [INFO] IPUIPlugin:80 - create IPUIPlugin
2023-09-10 13:37:30,270 [INFO] PluginManager:220 - loadIPPluginJar : add hash
2023-09-10 13:37:30,273 [INFO] IPUIPlugin:80 - create IPUIPlugin
2023-09-10 13:37:30,273 [INFO] PluginManager:220 - loadIPPluginJar : add i2c
2023-09-10 13:37:30,275 [INFO] IPUIPlugin:80 - create IPUIPlugin
2023-09-10 13:37:30,275 [INFO] PluginManager:220 - loadIPPluginJar : add i2s
2023-09-10 13:37:30,278 [INFO] IPUIPlugin:80 - create IPUIPlugin
2023-09-10 13:37:30,278 [INFO] PluginManager:220 - loadIPPluginJar : add i3c
2023-09-10 13:37:30,280 [INFO] IPUIPlugin:80 - create IPUIPlugin
2023-09-10 13:37:30,281 [INFO] PluginManager:220 - loadIPPluginJar : add ipddr
2023-09-10 13:37:30,287 [INFO] IPUIPlugin:80 - create IPUIPlugin
2023-09-10 13:37:30,287 [INFO] PluginManager:220 - loadIPPluginJar : add linkedlist
2023-09-10 13:37:30,289 [INFO] IPUIPlugin:80 - create IPUIPlugin
2023-09-10 13:37:30,289 [INFO] PluginManager:220 - loadIPPluginJar : add lorawan
2023-09-10 13:37:30,291 [INFO] IPUIPlugin:80 - create IPUIPlugin
2023-09-10 13:37:30,291 [INFO] PluginManager:220 - loadIPPluginJar : add ltdc
2023-09-10 13:37:30,296 [INFO] IPUIPlugin:80 - create IPUIPlugin
2023-09-10 13:37:30,297 [INFO] PluginManager:220 - loadIPPluginJar : add mdma
2023-09-10 13:37:30,300 [INFO] IPUIPlugin:80 - create IPUIPlugin
2023-09-10 13:37:30,300 [INFO] PluginManager:220 - loadIPPluginJar : add nvic
2023-09-10 13:37:30,302 [INFO] IPUIPlugin:80 - create IPUIPlugin
2023-09-10 13:37:30,302 [INFO] PluginManager:220 - loadIPPluginJar : add opamp
2023-09-10 13:37:30,304 [INFO] IPUIPlugin:80 - create IPUIPlugin
2023-09-10 13:37:30,305 [INFO] PluginManager:220 - loadIPPluginJar : add openamp
2023-09-10 13:37:30,307 [INFO] IPUIPlugin:80 - create IPUIPlugin
2023-09-10 13:37:30,307 [INFO] PluginManager:220 - loadIPPluginJar : add pdm2pcm
2023-09-10 13:37:30,312 [INFO] IPUIPlugin:80 - create IPUIPlugin
2023-09-10 13:37:30,314 [INFO] PluginManager:220 - loadIPPluginJar : add plateformsettings
2023-09-10 13:37:30,315 [INFO] IPUIPlugin:80 - create IPUIPlugin
2023-09-10 13:37:30,315 [INFO] PluginManager:220 - loadIPPluginJar : add quadspi
2023-09-10 13:37:30,318 [INFO] IPUIPlugin:80 - create IPUIPlugin
2023-09-10 13:37:30,318 [INFO] PluginManager:220 - loadIPPluginJar : add resmgrutility
2023-09-10 13:37:30,321 [INFO] IPUIPlugin:80 - create IPUIPlugin
2023-09-10 13:37:30,321 [INFO] PluginManager:220 - loadIPPluginJar : add sai
2023-09-10 13:37:30,323 [INFO] IPUIPlugin:80 - create IPUIPlugin
2023-09-10 13:37:30,323 [INFO] PluginManager:220 - loadIPPluginJar : add spi
2023-09-10 13:37:30,327 [INFO] IPUIPlugin:80 - create IPUIPlugin
2023-09-10 13:37:30,327 [INFO] PluginManager:220 - loadIPPluginJar : add stm32_wpan
2023-09-10 13:37:30,328 [INFO] IPUIPlugin:80 - create IPUIPlugin
2023-09-10 13:37:30,328 [INFO] PluginManager:220 - loadIPPluginJar : add tim
2023-09-10 13:37:30,331 [INFO] IPUIPlugin:80 - create IPUIPlugin
2023-09-10 13:37:30,331 [INFO] PluginManager:220 - loadIPPluginJar : add touchsensing
2023-09-10 13:37:30,332 [INFO] IPUIPlugin:80 - create IPUIPlugin
2023-09-10 13:37:30,332 [INFO] PluginManager:220 - loadIPPluginJar : add tracer_emb
2023-09-10 13:37:30,334 [INFO] IPUIPlugin:80 - create IPUIPlugin
2023-09-10 13:37:30,334 [INFO] PluginManager:220 - loadIPPluginJar : add ts
2023-09-10 13:37:30,335 [INFO] IPUIPlugin:80 - create IPUIPlugin
2023-09-10 13:37:30,335 [INFO] PluginManager:220 - loadIPPluginJar : add tsc
2023-09-10 13:37:30,337 [INFO] IPUIPlugin:80 - create IPUIPlugin
2023-09-10 13:37:30,337 [INFO] PluginManager:220 - loadIPPluginJar : add ucpd
2023-09-10 13:37:30,340 [INFO] IPUIPlugin:80 - create IPUIPlugin
2023-09-10 13:37:30,340 [INFO] PluginManager:220 - loadIPPluginJar : add usart
2023-09-10 13:37:30,343 [INFO] IPUIPlugin:80 - create IPUIPlugin
2023-09-10 13:37:30,343 [INFO] PluginManager:220 - loadIPPluginJar : add usbx
2023-09-10 13:37:30,469 [INFO] CADModel:165 - CPN selected for project level
2023-09-10 13:37:30,469 [INFO] CADModel:114 - Register for checkConnection events
2023-09-10 13:37:30,469 [FATAL] Updater:308 - Updater called before beeing initialized
2023-09-10 13:37:30,469 [ERROR] CADModel:125 - Updater not yet initialized, retry later 
2023-09-10 13:37:30,599 [INFO] CADModel:165 - CPN selected for project level
2023-09-10 13:37:30,600 [INFO] CADModel:114 - Register for checkConnection events
2023-09-10 13:37:30,600 [FATAL] Updater:308 - Updater called before beeing initialized
2023-09-10 13:37:30,600 [ERROR] CADModel:125 - Updater not yet initialized, retry later 
2023-09-10 13:37:30,603 [FATAL] Updater:308 - Updater called before beeing initialized
2023-09-10 13:37:30,697 [FATAL] Updater:308 - Updater called before beeing initialized
2023-09-10 13:37:30,701 [INFO] DbMcusAds:53 - JSON generation date=Tue Mar 07 14:20:55 IST 2023 (1678179055114)
2023-09-10 13:37:30,701 [FATAL] Updater:308 - Updater called before beeing initialized
2023-09-10 13:37:30,728 [WARN] DetailPanel:346 - Failed to get advertising image, set to default
2023-09-10 13:37:30,813 [FATAL] Updater:308 - Updater called before beeing initialized
2023-09-10 13:37:30,815 [FATAL] Updater:308 - Updater called before beeing initialized
2023-09-10 13:37:30,816 [FATAL] Updater:308 - Updater called before beeing initialized
2023-09-10 13:37:30,816 [WARN] DetailPanel:346 - Failed to get advertising image, set to default
2023-09-10 13:37:30,816 [FATAL] Updater:308 - Updater called before beeing initialized
2023-09-10 13:37:30,858 [ERROR] Updater:1120 - MainUpdater not yet initialized. External WinMGr cannot be set.
2023-09-10 13:37:30,860 [INFO] Updater:1056 - Updater Version found : 6.9.1
2023-09-10 13:37:30,876 [INFO] ApplicationProperties:184 - Using Application install path: D:\STM32IDE\STM32CubeIDE_1.13.1\STM32CubeIDE\plugins\com.st.stm32cube.common.mx_6.9.1.202307191849
2023-09-10 13:37:31,027 [INFO] MainUpdater:2868 - connection check result : 10
2023-09-10 13:37:31,028 [INFO] MainUpdater:285 - Updater Check For Update Now.
2023-09-10 13:37:31,028 [INFO] MicroXplorer:498 - Change Database Version : DB.6.0.91
2023-09-10 13:37:31,035 [INFO] McuFinderGlobals:63 - Set McuFinder mode to 2 (CubeIDE integrated)
2023-09-10 13:37:31,036 [INFO] UserAuth:179 - activating auth plugin
2023-09-10 13:37:31,039 [INFO] UserAuth:393 - Internet connection configuration mode: 1
2023-09-10 13:37:31,086 [INFO] JxBrowserEngine:151 - Initiate JxBrowser Engine with user profile folder
2023-09-10 13:37:31,201 [INFO] CheckServerUpdateThread:120 - End of CheckServer Thread
2023-09-10 13:37:31,650 [INFO] WebApp:157 - Instantiating new browser for Auth
2023-09-10 13:37:32,056 [INFO] WebApp:753 - Register for checkConnection events
2023-09-10 13:37:32,056 [INFO] WebApp:390 - Apply proxy settings
2023-09-10 13:37:32,056 [INFO] WebApp:475 - Chromium requires no authentication
2023-09-10 13:37:32,062 [INFO] WebApp:418 - Direct internet connection detected
2023-09-10 13:37:32,176 [INFO] WebApp:188 - Starting web application
2023-09-10 13:37:32,176 [INFO] WebApp:520 - Web application path used D:\STM32IDE\STM32CubeIDE_1.13.1\STM32CubeIDE\plugins\com.st.stm32cube.common.mx_6.9.1.202307191849\db\plugins\mcufinder\reactClient1\index.html
2023-09-10 13:37:32,862 [WARN] PackLoader:240 - Cannot read IP mode file for STMicroelectronics.X-CUBE-SMBUS.2.1.0
2023-09-10 13:37:32,894 [WARN] PackLoader:240 - Cannot read IP mode file for STMicroelectronics.X-CUBE-AZRTOS-F7.1.1.0
2023-09-10 13:37:32,906 [WARN] PackLoader:240 - Cannot read IP mode file for STMicroelectronics.FP-SNS-MOTENV1.4.3.2
2023-09-10 13:37:32,912 [WARN] PackLoader:240 - Cannot read IP mode file for STMicroelectronics.FP-SNS-FLIGHT1.5.0.2
2023-09-10 13:37:32,923 [WARN] PackLoader:240 - Cannot read IP mode file for STMicroelectronics.X-CUBE-DISPLAY.3.0.0
2023-09-10 13:37:32,940 [WARN] PackLoader:240 - Cannot read IP mode file for STMicroelectronics.X-CUBE-BLE1.7.0.0
2023-09-10 13:37:32,946 [WARN] PackLoader:240 - Cannot read IP mode file for emotas.I-CUBE-CANOPEN.1.3.0
2023-09-10 13:37:32,954 [WARN] PackLoader:240 - Cannot read IP mode file for STMicroelectronics.X-CUBE-TOUCHGFX.4.22.0
2023-09-10 13:37:32,959 [WARN] PackLoader:240 - Cannot read IP mode file for STMicroelectronics.FP-SNS-SMARTAG2.1.2.0
2023-09-10 13:37:32,972 [INFO] LogOutputStream:77 - [STDOUT_REDIRECT] 1 : Invalid condition id : UX_CORESTACK_Condition cause : null
2023-09-10 13:37:32,974 [INFO] LogOutputStream:77 - [STDOUT_REDIRECT] 1 : Invalid condition id : UX_CORESTACK_Condition cause : null
2023-09-10 13:37:32,975 [INFO] LogOutputStream:77 - [STDOUT_REDIRECT] 1 : Invalid condition id : UX_CORESTACK_Condition cause : null
2023-09-10 13:37:32,977 [INFO] LogOutputStream:77 - [STDOUT_REDIRECT] 1 : Invalid condition id : UX_CORESTACK_Condition cause : null
2023-09-10 13:37:32,978 [INFO] LogOutputStream:77 - [STDOUT_REDIRECT] 1 : Invalid condition id : UX_CORESTACK_Condition cause : null
2023-09-10 13:37:32,982 [WARN] PackLoader:240 - Cannot read IP mode file for STMicroelectronics.X-CUBE-AZRTOS-WL.2.0.0
2023-09-10 13:37:32,995 [WARN] PackLoader:240 - Cannot read IP mode file for WES.I-CUBE-Cesium.1.3.0
2023-09-10 13:37:33,000 [WARN] PackLoader:240 - Cannot read IP mode file for STMicroelectronics.X-CUBE-BLE2.3.3.0
2023-09-10 13:37:33,007 [WARN] PackLoader:240 - Cannot read IP mode file for STMicroelectronics.X-CUBE-ALGOBUILD.1.3.0
2023-09-10 13:37:33,024 [WARN] PackLoader:240 - Cannot read IP mode file for STMicroelectronics.X-CUBE-AZRTOS-G0.1.1.0
2023-09-10 13:37:33,030 [WARN] PackLoader:240 - Cannot read IP mode file for STMicroelectronics.X-CUBE-NFC4.3.0.0
2023-09-10 13:37:33,035 [WARN] PackLoader:240 - Cannot read IP mode file for STMicroelectronics.FP-ATR-SIGFOX1.3.2.0
2023-09-10 13:37:33,061 [WARN] PackLoader:240 - Cannot read IP mode file for SEGGER.I-CUBE-embOS.1.3.1
2023-09-10 13:37:33,120 [WARN] PackLoader:240 - Cannot read IP mode file for STMicroelectronics.X-CUBE-GNSS1.6.0.0
2023-09-10 13:37:33,138 [WARN] PackLoader:240 - Cannot read IP mode file for STMicroelectronics.X-CUBE-AZRTOS-F4.1.1.0
2023-09-10 13:37:33,146 [WARN] PackLoader:240 - Cannot read IP mode file for wolfSSL.I-CUBE-wolfSSL.5.6.3
2023-09-10 13:37:33,161 [WARN] PackLoader:240 - Cannot read IP mode file for STMicroelectronics.X-CUBE-AZRTOS-L5.2.0.0
2023-09-10 13:37:33,192 [WARN] PackLoader:240 - Cannot read IP mode file for STMicroelectronics.X-CUBE-MEMS1.9.6.0
2023-09-10 13:37:33,319 [WARN] PackLoader:240 - Cannot read IP mode file for STMicroelectronics.X-CUBE-BLEMGR.2.0.0
2023-09-10 13:37:33,334 [WARN] ConditionMgr:438 - getConditionDescription Invalid condition id : UX DEVICE CLASS RTOS Condition cause : null
2023-09-10 13:37:33,334 [WARN] ConditionMgr:438 - getConditionDescription Invalid condition id : UX DEVICE CLASS RTOS Condition cause : null
2023-09-10 13:37:33,337 [WARN] PackLoader:240 - Cannot read IP mode file for STMicroelectronics.X-CUBE-AZRTOS-H7.3.1.0
2023-09-10 13:37:33,338 [WARN] ConditionMgr:1039 - genDependencies : Invalid condition id : UX DEVICE CLASS RTOS Condition cause : null
2023-09-10 13:37:33,338 [WARN] ConditionMgr:1039 - genDependencies : Invalid condition id : UX DEVICE CLASS RTOS Condition cause : null
2023-09-10 13:37:33,339 [WARN] ConditionMgr:1039 - genDependencies : Invalid condition id : UX DEVICE CLASS RTOS Condition cause : null
2023-09-10 13:37:33,339 [WARN] ConditionMgr:1039 - genDependencies : Invalid condition id : UX DEVICE CLASS RTOS Condition cause : null
2023-09-10 13:37:33,339 [WARN] ConditionMgr:1039 - genDependencies : Invalid condition id : UX DEVICE CLASS RTOS Condition cause : null
2023-09-10 13:37:33,345 [WARN] PackLoader:240 - Cannot read IP mode file for STMicroelectronics.X-CUBE-NFC7.1.0.1
2023-09-10 13:37:33,352 [WARN] PackLoader:240 - Cannot read IP mode file for STMicroelectronics.X-CUBE-NFC6.3.0.0
2023-09-10 13:37:33,358 [WARN] PackLoader:240 - Cannot read IP mode file for STMicroelectronics.X-CUBE-EEPRMA1.4.1.0
2023-09-10 13:37:33,363 [WARN] PackLoader:240 - Cannot read IP mode file for STMicroelectronics.X-CUBE-AI.8.1.0
2023-09-10 13:37:33,374 [WARN] ConditionMgr:438 - getConditionDescription Invalid condition id : LAN8742 Phy interface Condition cause : null
2023-09-10 13:37:33,375 [WARN] PackLoader:240 - Cannot read IP mode file for STMicroelectronics.X-CUBE-AZRTOS-L4.2.0.0
2023-09-10 13:37:33,375 [WARN] ConditionMgr:1039 - genDependencies : Invalid condition id : LAN8742 Phy interface Condition cause : null
2023-09-10 13:37:33,376 [WARN] ConditionMgr:1039 - genDependencies : Invalid condition id : LAN8742 Phy interface Condition cause : null
2023-09-10 13:37:33,376 [WARN] ConditionMgr:1039 - genDependencies : Invalid condition id : LAN8742 Phy interface Condition cause : null
2023-09-10 13:37:33,382 [WARN] PackLoader:240 - Cannot read IP mode file for STMicroelectronics.X-CUBE-SFXS2LP1.4.0.0
2023-09-10 13:37:33,387 [WARN] PackLoader:240 - Cannot read IP mode file for STMicroelectronics.X-CUBE-ISPU.1.1.0
2023-09-10 13:37:33,396 [WARN] ConditionMgr:438 - getConditionDescription Invalid condition id : UX DEVICE CLASS RTOS Condition cause : null
2023-09-10 13:37:33,396 [WARN] ConditionMgr:438 - getConditionDescription Invalid condition id : UX DEVICE CLASS RTOS Condition cause : null
2023-09-10 13:37:33,398 [WARN] PackLoader:240 - Cannot read IP mode file for STMicroelectronics.X-CUBE-AZRTOS-WB.2.0.0
2023-09-10 13:37:33,399 [WARN] ConditionMgr:1039 - genDependencies : Invalid condition id : UX DEVICE CLASS RTOS Condition cause : null
2023-09-10 13:37:33,399 [WARN] ConditionMgr:1039 - genDependencies : Invalid condition id : UX DEVICE CLASS RTOS Condition cause : null
2023-09-10 13:37:33,400 [WARN] ConditionMgr:1039 - genDependencies : Invalid condition id : UX DEVICE CLASS RTOS Condition cause : null
2023-09-10 13:37:33,400 [WARN] ConditionMgr:1039 - genDependencies : Invalid condition id : UX DEVICE CLASS RTOS Condition cause : null
2023-09-10 13:37:33,400 [WARN] ConditionMgr:1039 - genDependencies : Invalid condition id : UX DEVICE CLASS RTOS Condition cause : null
2023-09-10 13:37:33,408 [WARN] PackLoader:240 - Cannot read IP mode file for STMicroelectronics.X-CUBE-SUBG2.5.0.0
2023-09-10 13:37:33,419 [WARN] PackLoader:240 - Cannot read IP mode file for STMicroelectronics.X-CUBE-TOF1.3.3.1
2023-09-10 13:37:33,438 [WARN] PackLoader:240 - Cannot read IP mode file for STMicroelectronics.X-CUBE-AZRTOS-G4.2.0.0
2023-09-10 13:37:33,444 [WARN] PackLoader:240 - Cannot read IP mode file for STMicroelectronics.X-CUBE-FREERTOS.1.1.0
2023-09-10 13:37:33,449 [WARN] PackLoader:240 - Cannot read IP mode file for portGmbH.I-Cube-SoM-uGOAL.1.1.0
2023-09-10 13:37:33,453 [WARN] PackLoader:240 - Cannot read IP mode file for STMicroelectronics.X-CUBE-ALS.1.0.1
2023-09-10 13:37:33,458 [WARN] PackLoader:240 - Cannot read IP mode file for STMicroelectronics.FP-ATR-ASTRA1.2.0.0
2023-09-10 13:37:33,459 [INFO] ThirdParty:978 - Integrity check success = true
2023-09-10 13:37:33,459 [INFO] IntegrityCheckThread:100 - exiting critical section [integrity check]
2023-09-10 13:37:33,459 [INFO] IntegrityCheckThread:103 - End integrity checks thread
2023-09-10 13:37:47,988 [ERROR] LogOutputStream:75 - [STDERR_REDIRECT] 
