2023-09-14 18:17:16,350 [INFO] Activator:176 - 


2023-09-14 18:17:16,355 [INFO] Activator:177 - !SESSION log4j initialized
2023-09-14 18:17:21,386 [INFO] LogOutputStream:77 - [STDOUT_REDIRECT] 
2023-09-14 18:17:23,431 [INFO] ApplicationProperties:184 - Using Application install path: D:\STM32IDE\STM32CubeIDE_1.13.1\STM32CubeIDE\plugins\com.st.stm32cube.common.mx_6.9.1.202307191849
2023-09-14 18:17:23,455 [INFO] DbMcusXml:78 - Set database path to: D:\STM32IDE\STM32CubeIDE_1.13.1\STM32CubeIDE\plugins\com.st.stm32cube.common.mx_6.9.1.202307191849\\db\/mcu/
2023-09-14 18:17:23,456 [INFO] ApiDb:274 - Set plugin database path to: D:\STM32IDE\STM32CubeIDE_1.13.1\STM32CubeIDE\plugins\com.st.stm32cube.common.mx_6.9.1.202307191849\\db\/plugins/boardmanager/
2023-09-14 18:17:23,456 [WARN] ApiDb:259 - Overriding images path with different value:  => D:\STM32IDE\STM32CubeIDE_1.13.1\STM32CubeIDE\plugins\com.st.stm32cube.common.mx_6.9.1.202307191849\\db\/plugins/mcufinder/images/
2023-09-14 18:17:23,465 [INFO] ApiDb:250 - Set database path to: C:\Users\ARYAN\.stmcufinder\plugins\mcufinder//mcu/
2023-09-14 18:17:23,467 [INFO] DbMcusAds:125 - Set database path to: C:\Users\ARYAN\.stmcufinder\plugins\mcufinder//mcu/
2023-09-14 18:17:23,469 [INFO] CrossReferenceDbSqlite:203 - Set database path to: C:\Users\ARYAN\.stmcufinder\plugins\mcufinder//mcu/cs/
2023-09-14 18:17:23,578 [INFO] RulesReader:64 - Compatibility file has been processed (293 Rules)
2023-09-14 18:17:23,676 [INFO] DbMcusXml:78 - Set database path to: D:\STM32IDE\STM32CubeIDE_1.13.1\STM32CubeIDE\plugins\com.st.stm32cube.common.mx_6.9.1.202307191849\\db\/mcu/
2023-09-14 18:17:23,677 [INFO] ApiDb:274 - Set plugin database path to: D:\STM32IDE\STM32CubeIDE_1.13.1\STM32CubeIDE\plugins\com.st.stm32cube.common.mx_6.9.1.202307191849\\db\/plugins/boardmanager/
2023-09-14 18:17:23,677 [INFO] ApiDb:261 - Set plugin images path to: D:\STM32IDE\STM32CubeIDE_1.13.1\STM32CubeIDE\plugins\com.st.stm32cube.common.mx_6.9.1.202307191849\\db\/plugins/mcufinder/images/
2023-09-14 18:17:23,677 [WARN] DbFile:41 - Overriding database path with different value: C:\Users\ARYAN\.stmcufinder\plugins\mcufinder/ => C:\Users\ARYAN\.stmcufinder\plugins\mcufinder
2023-09-14 18:17:23,677 [INFO] ApiDb:250 - Set database path to: C:\Users\ARYAN\.stmcufinder\plugins\mcufinder//mcu/
2023-09-14 18:17:23,677 [WARN] DbFile:41 - Overriding database path with different value: C:\Users\ARYAN\.stmcufinder\plugins\mcufinder/ => C:\Users\ARYAN\.stmcufinder\plugins\mcufinder
2023-09-14 18:17:23,677 [INFO] DbMcusAds:125 - Set database path to: C:\Users\ARYAN\.stmcufinder\plugins\mcufinder//mcu/
2023-09-14 18:17:23,677 [WARN] DbFile:41 - Overriding database path with different value: C:\Users\ARYAN\.stmcufinder\plugins\mcufinder/ => C:\Users\ARYAN\.stmcufinder\plugins\mcufinder
2023-09-14 18:17:23,678 [WARN] DbFile:41 - Overriding database path with different value: C:\Users\ARYAN\.stmcufinder\plugins\mcufinder/ => C:\Users\ARYAN\.stmcufinder\plugins\mcufinder
2023-09-14 18:17:23,678 [INFO] CrossReferenceDbSqlite:203 - Set database path to: C:\Users\ARYAN\.stmcufinder\plugins\mcufinder//mcu/cs/
2023-09-14 18:17:23,746 [INFO] MainPanel:262 - HeapMemory: 268435456
2023-09-14 18:17:23,815 [INFO] DbMcusXml:78 - Set database path to: D:\STM32IDE\STM32CubeIDE_1.13.1\STM32CubeIDE\plugins\com.st.stm32cube.common.mx_6.9.1.202307191849\\db\/mcu/
2023-09-14 18:17:23,815 [INFO] ApiDb:274 - Set plugin database path to: D:\STM32IDE\STM32CubeIDE_1.13.1\STM32CubeIDE\plugins\com.st.stm32cube.common.mx_6.9.1.202307191849\\db\/plugins/boardmanager/
2023-09-14 18:17:23,815 [INFO] ApiDb:261 - Set plugin images path to: D:\STM32IDE\STM32CubeIDE_1.13.1\STM32CubeIDE\plugins\com.st.stm32cube.common.mx_6.9.1.202307191849\\db\/plugins/mcufinder/images/
2023-09-14 18:17:23,817 [WARN] DbFile:41 - Overriding database path with different value: C:\Users\ARYAN\.stmcufinder\plugins\mcufinder/ => C:\Users\ARYAN\.stmcufinder\plugins\mcufinder
2023-09-14 18:17:23,818 [INFO] ApiDb:250 - Set database path to: C:\Users\ARYAN\.stmcufinder\plugins\mcufinder//mcu/
2023-09-14 18:17:23,818 [WARN] DbFile:41 - Overriding database path with different value: C:\Users\ARYAN\.stmcufinder\plugins\mcufinder/ => C:\Users\ARYAN\.stmcufinder\plugins\mcufinder
2023-09-14 18:17:23,818 [INFO] DbMcusAds:125 - Set database path to: C:\Users\ARYAN\.stmcufinder\plugins\mcufinder//mcu/
2023-09-14 18:17:23,818 [WARN] DbFile:41 - Overriding database path with different value: C:\Users\ARYAN\.stmcufinder\plugins\mcufinder/ => C:\Users\ARYAN\.stmcufinder\plugins\mcufinder
2023-09-14 18:17:23,818 [WARN] DbFile:41 - Overriding database path with different value: C:\Users\ARYAN\.stmcufinder\plugins\mcufinder/ => C:\Users\ARYAN\.stmcufinder\plugins\mcufinder
2023-09-14 18:17:23,818 [INFO] CrossReferenceDbSqlite:203 - Set database path to: C:\Users\ARYAN\.stmcufinder\plugins\mcufinder//mcu/cs/
2023-09-14 18:17:23,834 [INFO] ApplicationProperties:184 - Using Application install path: D:\STM32IDE\STM32CubeIDE_1.13.1\STM32CubeIDE\plugins\com.st.stm32cube.common.mx_6.9.1.202307191849
2023-09-14 18:17:23,835 [INFO] PluginManage:196 - Search for loadable plugins [exclusion list=, ]
2023-09-14 18:17:23,836 [INFO] PluginManage:310 - Check plugin analytics
2023-09-14 18:17:24,022 [INFO] AnalyticsPlugin:253 - Accepted Software Licenses: 
2023-09-14 18:17:24,023 [INFO] AnalyticsPlugin:255 - Accepted CMSIS Pack Licenses: 
2023-09-14 18:17:24,023 [INFO] AnalyticsPlugin:257 - Accepted Firmware Licenses: 
2023-09-14 18:17:24,026 [INFO] PluginManage:359 - Loaded plugin analytics (category:tool,tabindex:-1)
2023-09-14 18:17:24,028 [INFO] PluginManage:310 - Check plugin cadmodel
2023-09-14 18:17:24,034 [INFO] CADModel:105 - Init CAD model plugin
2023-09-14 18:17:24,035 [INFO] PluginManage:359 - Loaded plugin cadmodel (category:power,tabindex:5)
2023-09-14 18:17:24,035 [INFO] PluginManage:310 - Check plugin clock
2023-09-14 18:17:24,046 [INFO] PluginManage:359 - Loaded plugin clock (category:base,tabindex:2)
2023-09-14 18:17:24,046 [INFO] PluginManage:310 - Check plugin ddr
2023-09-14 18:17:24,049 [INFO] PluginManage:359 - Loaded plugin ddr (category:tool,tabindex:6)
2023-09-14 18:17:24,049 [INFO] PluginManage:310 - Check plugin filemanager
2023-09-14 18:17:24,193 [INFO] PluginManage:359 - Loaded plugin filemanager (category:base,tabindex:10)
2023-09-14 18:17:24,194 [INFO] PluginManage:310 - Check plugin ipmanager
2023-09-14 18:17:24,200 [INFO] PluginManage:359 - Loaded plugin ipmanager (category:base,tabindex:5)
2023-09-14 18:17:24,200 [INFO] PluginManage:310 - Check plugin lpbam
2023-09-14 18:17:24,208 [INFO] PluginManage:359 - Loaded plugin lpbam (category:base,tabindex:0)
2023-09-14 18:17:24,208 [INFO] PluginManage:310 - Check plugin memorymap
2023-09-14 18:17:24,218 [INFO] PluginManage:359 - Loaded plugin memorymap (category:base,tabindex:4)
2023-09-14 18:17:24,218 [INFO] PluginManage:310 - Check plugin pinoutandconfiguration
2023-09-14 18:17:24,224 [INFO] PluginManage:359 - Loaded plugin pinoutandconfiguration (category:base,tabindex:1)
2023-09-14 18:17:24,225 [INFO] PluginManage:310 - Check plugin pinoutconfig
2023-09-14 18:17:24,304 [WARN] SupportedApi:132 - Cannot load RTOS API schema: s4s-elt-must-match.1: The content of 'definitions' must match (annotation?, (simpleType | complexType)?, (unique | key | keyref)*)). A problem was found starting at: attribute.
2023-09-14 18:17:24,421 [INFO] PluginManage:359 - Loaded plugin pinoutconfig (category:base,tabindex:0)
2023-09-14 18:17:24,422 [INFO] PluginManage:310 - Check plugin power
2023-09-14 18:17:24,430 [INFO] PluginManage:359 - Loaded plugin power (category:power,tabindex:4)
2023-09-14 18:17:24,430 [INFO] PluginManage:310 - Check plugin projectmanager
2023-09-14 18:17:24,446 [INFO] PluginManage:359 - Loaded plugin projectmanager (category:projectmanager,tabindex:3)
2023-09-14 18:17:24,446 [INFO] PluginManage:310 - Check plugin thirdparty
2023-09-14 18:17:24,564 [WARN] IntegrityCheckThread:84 - waiting for thirdparty lock release [integrity check]
2023-09-14 18:17:24,564 [INFO] IntegrityCheckThread:86 - entering critical section [integrity check]
2023-09-14 18:17:24,565 [INFO] PluginManage:359 - Loaded plugin thirdparty (category:base,tabindex:-1)
2023-09-14 18:17:24,565 [INFO] PluginManage:310 - Check plugin tools
2023-09-14 18:17:24,565 [INFO] ThirdPartyUpdaterWithRetryManager:70 - Updater plugin not ready yet. [1/15]
2023-09-14 18:17:24,569 [INFO] PluginManage:359 - Loaded plugin tools (category:base,tabindex:7)
2023-09-14 18:17:24,569 [INFO] PluginManage:310 - Check plugin tutovideos
2023-09-14 18:17:24,703 [INFO] PluginManage:359 - Loaded plugin tutovideos (category:base,tabindex:-1)
2023-09-14 18:17:24,704 [INFO] PluginManage:310 - Check plugin updater
2023-09-14 18:17:24,712 [INFO] PluginManage:359 - Loaded plugin updater (category:base,tabindex:12)
2023-09-14 18:17:24,712 [INFO] PluginManage:310 - Check plugin userauth
2023-09-14 18:17:24,717 [INFO] UserAuth:113 - Init User Auth plugin
2023-09-14 18:17:24,717 [INFO] PluginManage:359 - Loaded plugin userauth (category:base,tabindex:14)
2023-09-14 18:17:24,717 [INFO] PluginManage:283 - PluginManage : Loaded plugins [17]
2023-09-14 18:17:24,901 [INFO] PinOutPanel:1499 - setPackage(No Configuration,No Configuration)
2023-09-14 18:17:25,031 [INFO] CADModel:165 - CPN selected for project level
2023-09-14 18:17:25,031 [INFO] CADModel:114 - Register for checkConnection events
2023-09-14 18:17:25,048 [INFO] IPUIPlugin:80 - create IPUIPlugin
2023-09-14 18:17:25,048 [INFO] PluginManager:220 - loadIPPluginJar : add adc
2023-09-14 18:17:25,051 [INFO] IPUIPlugin:80 - create IPUIPlugin
2023-09-14 18:17:25,051 [INFO] PluginManager:220 - loadIPPluginJar : add aes
2023-09-14 18:17:25,054 [INFO] IPUIPlugin:80 - create IPUIPlugin
2023-09-14 18:17:25,054 [INFO] PluginManager:220 - loadIPPluginJar : add can
2023-09-14 18:17:25,056 [INFO] IPUIPlugin:80 - create IPUIPlugin
2023-09-14 18:17:25,056 [INFO] PluginManager:220 - loadIPPluginJar : add comp
2023-09-14 18:17:25,058 [INFO] IPUIPlugin:80 - create IPUIPlugin
2023-09-14 18:17:25,059 [INFO] PluginManager:220 - loadIPPluginJar : add cryp
2023-09-14 18:17:25,062 [INFO] IPUIPlugin:80 - create IPUIPlugin
2023-09-14 18:17:25,063 [INFO] PluginManager:220 - loadIPPluginJar : add dfsdm
2023-09-14 18:17:25,068 [INFO] IPUIPlugin:80 - create IPUIPlugin
2023-09-14 18:17:25,069 [INFO] PluginManager:220 - loadIPPluginJar : add dma
2023-09-14 18:17:25,071 [INFO] IPUIPlugin:80 - create IPUIPlugin
2023-09-14 18:17:25,071 [INFO] PluginManager:220 - loadIPPluginJar : add dma3
2023-09-14 18:17:25,073 [INFO] IPUIPlugin:80 - create IPUIPlugin
2023-09-14 18:17:25,073 [INFO] PluginManager:220 - loadIPPluginJar : add fatfs
2023-09-14 18:17:25,078 [INFO] IPUIPlugin:80 - create IPUIPlugin
2023-09-14 18:17:25,078 [INFO] PluginManager:220 - loadIPPluginJar : add fmc
2023-09-14 18:17:25,083 [INFO] IPUIPlugin:80 - create IPUIPlugin
2023-09-14 18:17:25,083 [INFO] PluginManager:220 - loadIPPluginJar : add freertos
2023-09-14 18:17:25,084 [INFO] IPUIPlugin:80 - create IPUIPlugin
2023-09-14 18:17:25,084 [INFO] PluginManager:220 - loadIPPluginJar : add genericplugin
2023-09-14 18:17:25,086 [INFO] IPUIPlugin:80 - create IPUIPlugin
2023-09-14 18:17:25,086 [INFO] PluginManager:220 - loadIPPluginJar : add gfxmmu
2023-09-14 18:17:25,091 [INFO] IPUIPlugin:80 - create IPUIPlugin
2023-09-14 18:17:25,091 [INFO] PluginManager:220 - loadIPPluginJar : add gic
2023-09-14 18:17:25,096 [INFO] IPUIPlugin:80 - create IPUIPlugin
2023-09-14 18:17:25,096 [INFO] PluginManager:220 - loadIPPluginJar : add gpio
2023-09-14 18:17:25,099 [INFO] IPUIPlugin:80 - create IPUIPlugin
2023-09-14 18:17:25,099 [INFO] PluginManager:220 - loadIPPluginJar : add gtzc
2023-09-14 18:17:25,101 [INFO] IPUIPlugin:80 - create IPUIPlugin
2023-09-14 18:17:25,102 [INFO] PluginManager:220 - loadIPPluginJar : add hash
2023-09-14 18:17:25,104 [INFO] IPUIPlugin:80 - create IPUIPlugin
2023-09-14 18:17:25,104 [INFO] PluginManager:220 - loadIPPluginJar : add i2c
2023-09-14 18:17:25,107 [INFO] IPUIPlugin:80 - create IPUIPlugin
2023-09-14 18:17:25,107 [INFO] PluginManager:220 - loadIPPluginJar : add i2s
2023-09-14 18:17:25,109 [INFO] IPUIPlugin:80 - create IPUIPlugin
2023-09-14 18:17:25,109 [INFO] PluginManager:220 - loadIPPluginJar : add i3c
2023-09-14 18:17:25,112 [INFO] IPUIPlugin:80 - create IPUIPlugin
2023-09-14 18:17:25,112 [INFO] PluginManager:220 - loadIPPluginJar : add ipddr
2023-09-14 18:17:25,117 [INFO] IPUIPlugin:80 - create IPUIPlugin
2023-09-14 18:17:25,117 [INFO] PluginManager:220 - loadIPPluginJar : add linkedlist
2023-09-14 18:17:25,119 [INFO] IPUIPlugin:80 - create IPUIPlugin
2023-09-14 18:17:25,119 [INFO] PluginManager:220 - loadIPPluginJar : add lorawan
2023-09-14 18:17:25,120 [INFO] IPUIPlugin:80 - create IPUIPlugin
2023-09-14 18:17:25,120 [INFO] PluginManager:220 - loadIPPluginJar : add ltdc
2023-09-14 18:17:25,125 [INFO] IPUIPlugin:80 - create IPUIPlugin
2023-09-14 18:17:25,125 [INFO] PluginManager:220 - loadIPPluginJar : add mdma
2023-09-14 18:17:25,129 [INFO] IPUIPlugin:80 - create IPUIPlugin
2023-09-14 18:17:25,130 [INFO] PluginManager:220 - loadIPPluginJar : add nvic
2023-09-14 18:17:25,132 [INFO] IPUIPlugin:80 - create IPUIPlugin
2023-09-14 18:17:25,132 [INFO] PluginManager:220 - loadIPPluginJar : add opamp
2023-09-14 18:17:25,134 [INFO] IPUIPlugin:80 - create IPUIPlugin
2023-09-14 18:17:25,134 [INFO] PluginManager:220 - loadIPPluginJar : add openamp
2023-09-14 18:17:25,137 [INFO] IPUIPlugin:80 - create IPUIPlugin
2023-09-14 18:17:25,137 [INFO] PluginManager:220 - loadIPPluginJar : add pdm2pcm
2023-09-14 18:17:25,142 [INFO] IPUIPlugin:80 - create IPUIPlugin
2023-09-14 18:17:25,144 [INFO] PluginManager:220 - loadIPPluginJar : add plateformsettings
2023-09-14 18:17:25,145 [INFO] IPUIPlugin:80 - create IPUIPlugin
2023-09-14 18:17:25,145 [INFO] PluginManager:220 - loadIPPluginJar : add quadspi
2023-09-14 18:17:25,148 [INFO] IPUIPlugin:80 - create IPUIPlugin
2023-09-14 18:17:25,148 [INFO] PluginManager:220 - loadIPPluginJar : add resmgrutility
2023-09-14 18:17:25,151 [INFO] IPUIPlugin:80 - create IPUIPlugin
2023-09-14 18:17:25,151 [INFO] PluginManager:220 - loadIPPluginJar : add sai
2023-09-14 18:17:25,153 [INFO] IPUIPlugin:80 - create IPUIPlugin
2023-09-14 18:17:25,153 [INFO] PluginManager:220 - loadIPPluginJar : add spi
2023-09-14 18:17:25,157 [INFO] IPUIPlugin:80 - create IPUIPlugin
2023-09-14 18:17:25,157 [INFO] PluginManager:220 - loadIPPluginJar : add stm32_wpan
2023-09-14 18:17:25,159 [INFO] IPUIPlugin:80 - create IPUIPlugin
2023-09-14 18:17:25,159 [INFO] PluginManager:220 - loadIPPluginJar : add tim
2023-09-14 18:17:25,163 [INFO] IPUIPlugin:80 - create IPUIPlugin
2023-09-14 18:17:25,163 [INFO] PluginManager:220 - loadIPPluginJar : add touchsensing
2023-09-14 18:17:25,165 [INFO] IPUIPlugin:80 - create IPUIPlugin
2023-09-14 18:17:25,165 [INFO] PluginManager:220 - loadIPPluginJar : add tracer_emb
2023-09-14 18:17:25,167 [INFO] IPUIPlugin:80 - create IPUIPlugin
2023-09-14 18:17:25,167 [INFO] PluginManager:220 - loadIPPluginJar : add ts
2023-09-14 18:17:25,168 [INFO] IPUIPlugin:80 - create IPUIPlugin
2023-09-14 18:17:25,168 [INFO] PluginManager:220 - loadIPPluginJar : add tsc
2023-09-14 18:17:25,170 [INFO] IPUIPlugin:80 - create IPUIPlugin
2023-09-14 18:17:25,171 [INFO] PluginManager:220 - loadIPPluginJar : add ucpd
2023-09-14 18:17:25,174 [INFO] IPUIPlugin:80 - create IPUIPlugin
2023-09-14 18:17:25,174 [INFO] PluginManager:220 - loadIPPluginJar : add usart
2023-09-14 18:17:25,177 [INFO] IPUIPlugin:80 - create IPUIPlugin
2023-09-14 18:17:25,177 [INFO] PluginManager:220 - loadIPPluginJar : add usbx
2023-09-14 18:17:25,297 [INFO] CADModel:165 - CPN selected for project level
2023-09-14 18:17:25,298 [INFO] CADModel:114 - Register for checkConnection events
2023-09-14 18:17:25,298 [FATAL] Updater:308 - Updater called before beeing initialized
2023-09-14 18:17:25,298 [ERROR] CADModel:125 - Updater not yet initialized, retry later 
2023-09-14 18:17:25,425 [INFO] CADModel:165 - CPN selected for project level
2023-09-14 18:17:25,425 [INFO] CADModel:114 - Register for checkConnection events
2023-09-14 18:17:25,425 [FATAL] Updater:308 - Updater called before beeing initialized
2023-09-14 18:17:25,425 [ERROR] CADModel:125 - Updater not yet initialized, retry later 
2023-09-14 18:17:25,430 [FATAL] Updater:308 - Updater called before beeing initialized
2023-09-14 18:17:25,517 [FATAL] Updater:308 - Updater called before beeing initialized
2023-09-14 18:17:25,522 [INFO] DbMcusAds:53 - JSON generation date=Tue Mar 07 14:20:55 IST 2023 (1678179055114)
2023-09-14 18:17:25,522 [FATAL] Updater:308 - Updater called before beeing initialized
2023-09-14 18:17:25,550 [WARN] DetailPanel:346 - Failed to get advertising image, set to default
2023-09-14 18:17:25,631 [FATAL] Updater:308 - Updater called before beeing initialized
2023-09-14 18:17:25,632 [FATAL] Updater:308 - Updater called before beeing initialized
2023-09-14 18:17:25,632 [FATAL] Updater:308 - Updater called before beeing initialized
2023-09-14 18:17:25,632 [WARN] DetailPanel:346 - Failed to get advertising image, set to default
2023-09-14 18:17:25,633 [FATAL] Updater:308 - Updater called before beeing initialized
2023-09-14 18:17:25,675 [ERROR] Updater:1120 - MainUpdater not yet initialized. External WinMGr cannot be set.
2023-09-14 18:17:25,676 [INFO] Updater:1056 - Updater Version found : 6.9.1
2023-09-14 18:17:25,693 [INFO] ApplicationProperties:184 - Using Application install path: D:\STM32IDE\STM32CubeIDE_1.13.1\STM32CubeIDE\plugins\com.st.stm32cube.common.mx_6.9.1.202307191849
2023-09-14 18:17:25,862 [INFO] MainUpdater:2868 - connection check result : 10
2023-09-14 18:17:25,864 [INFO] MainUpdater:285 - Updater Check For Update Now.
2023-09-14 18:17:25,864 [INFO] MicroXplorer:498 - Change Database Version : DB.6.0.91
2023-09-14 18:17:25,875 [INFO] McuFinderGlobals:63 - Set McuFinder mode to 2 (CubeIDE integrated)
2023-09-14 18:17:25,875 [INFO] UserAuth:179 - activating auth plugin
2023-09-14 18:17:25,879 [INFO] UserAuth:393 - Internet connection configuration mode: 1
2023-09-14 18:17:25,923 [INFO] JxBrowserEngine:151 - Initiate JxBrowser Engine with user profile folder
2023-09-14 18:17:26,045 [INFO] CheckServerUpdateThread:120 - End of CheckServer Thread
2023-09-14 18:17:26,534 [INFO] WebApp:157 - Instantiating new browser for Auth
2023-09-14 18:17:26,951 [INFO] WebApp:753 - Register for checkConnection events
2023-09-14 18:17:26,951 [INFO] WebApp:390 - Apply proxy settings
2023-09-14 18:17:26,951 [INFO] WebApp:475 - Chromium requires no authentication
2023-09-14 18:17:26,958 [INFO] WebApp:418 - Direct internet connection detected
2023-09-14 18:17:27,082 [INFO] WebApp:188 - Starting web application
2023-09-14 18:17:27,083 [INFO] WebApp:520 - Web application path used D:\STM32IDE\STM32CubeIDE_1.13.1\STM32CubeIDE\plugins\com.st.stm32cube.common.mx_6.9.1.202307191849\db\plugins\mcufinder\reactClient1\index.html
2023-09-14 18:17:27,673 [WARN] PackLoader:240 - Cannot read IP mode file for STMicroelectronics.X-CUBE-SMBUS.2.1.0
2023-09-14 18:17:27,713 [WARN] PackLoader:240 - Cannot read IP mode file for STMicroelectronics.X-CUBE-AZRTOS-F7.1.1.0
2023-09-14 18:17:27,732 [WARN] PackLoader:240 - Cannot read IP mode file for STMicroelectronics.FP-SNS-MOTENV1.4.3.2
2023-09-14 18:17:27,740 [WARN] PackLoader:240 - Cannot read IP mode file for STMicroelectronics.FP-SNS-FLIGHT1.5.0.2
2023-09-14 18:17:27,750 [WARN] PackLoader:240 - Cannot read IP mode file for STMicroelectronics.X-CUBE-DISPLAY.3.0.0
2023-09-14 18:17:27,769 [WARN] PackLoader:240 - Cannot read IP mode file for STMicroelectronics.X-CUBE-BLE1.7.0.0
2023-09-14 18:17:27,775 [WARN] PackLoader:240 - Cannot read IP mode file for emotas.I-CUBE-CANOPEN.1.3.0
2023-09-14 18:17:27,783 [WARN] PackLoader:240 - Cannot read IP mode file for STMicroelectronics.X-CUBE-TOUCHGFX.4.22.0
2023-09-14 18:17:27,787 [WARN] PackLoader:240 - Cannot read IP mode file for STMicroelectronics.FP-SNS-SMARTAG2.1.2.0
2023-09-14 18:17:27,801 [INFO] LogOutputStream:77 - [STDOUT_REDIRECT] 1 : Invalid condition id : UX_CORESTACK_Condition cause : null
2023-09-14 18:17:27,803 [INFO] LogOutputStream:77 - [STDOUT_REDIRECT] 1 : Invalid condition id : UX_CORESTACK_Condition cause : null
2023-09-14 18:17:27,804 [INFO] LogOutputStream:77 - [STDOUT_REDIRECT] 1 : Invalid condition id : UX_CORESTACK_Condition cause : null
2023-09-14 18:17:27,806 [INFO] LogOutputStream:77 - [STDOUT_REDIRECT] 1 : Invalid condition id : UX_CORESTACK_Condition cause : null
2023-09-14 18:17:27,808 [INFO] LogOutputStream:77 - [STDOUT_REDIRECT] 1 : Invalid condition id : UX_CORESTACK_Condition cause : null
2023-09-14 18:17:27,811 [WARN] PackLoader:240 - Cannot read IP mode file for STMicroelectronics.X-CUBE-AZRTOS-WL.2.0.0
2023-09-14 18:17:27,825 [WARN] PackLoader:240 - Cannot read IP mode file for WES.I-CUBE-Cesium.1.3.0
2023-09-14 18:17:27,831 [WARN] PackLoader:240 - Cannot read IP mode file for STMicroelectronics.X-CUBE-BLE2.3.3.0
2023-09-14 18:17:27,839 [WARN] PackLoader:240 - Cannot read IP mode file for STMicroelectronics.X-CUBE-ALGOBUILD.1.3.0
2023-09-14 18:17:27,860 [WARN] PackLoader:240 - Cannot read IP mode file for STMicroelectronics.X-CUBE-AZRTOS-G0.1.1.0
2023-09-14 18:17:27,866 [WARN] PackLoader:240 - Cannot read IP mode file for STMicroelectronics.X-CUBE-NFC4.3.0.0
2023-09-14 18:17:27,871 [WARN] PackLoader:240 - Cannot read IP mode file for STMicroelectronics.FP-ATR-SIGFOX1.3.2.0
2023-09-14 18:17:27,898 [WARN] PackLoader:240 - Cannot read IP mode file for SEGGER.I-CUBE-embOS.1.3.1
2023-09-14 18:17:27,937 [WARN] PackLoader:240 - Cannot read IP mode file for STMicroelectronics.X-CUBE-GNSS1.6.0.0
2023-09-14 18:17:27,951 [WARN] PackLoader:240 - Cannot read IP mode file for STMicroelectronics.X-CUBE-AZRTOS-F4.1.1.0
2023-09-14 18:17:27,958 [WARN] PackLoader:240 - Cannot read IP mode file for wolfSSL.I-CUBE-wolfSSL.5.6.3
2023-09-14 18:17:27,975 [WARN] PackLoader:240 - Cannot read IP mode file for STMicroelectronics.X-CUBE-AZRTOS-L5.2.0.0
2023-09-14 18:17:28,012 [WARN] PackLoader:240 - Cannot read IP mode file for STMicroelectronics.X-CUBE-MEMS1.9.6.0
2023-09-14 18:17:28,199 [WARN] PackLoader:240 - Cannot read IP mode file for STMicroelectronics.X-CUBE-BLEMGR.2.0.0
2023-09-14 18:17:28,211 [WARN] ConditionMgr:438 - getConditionDescription Invalid condition id : UX DEVICE CLASS RTOS Condition cause : null
2023-09-14 18:17:28,212 [WARN] ConditionMgr:438 - getConditionDescription Invalid condition id : UX DEVICE CLASS RTOS Condition cause : null
2023-09-14 18:17:28,214 [WARN] PackLoader:240 - Cannot read IP mode file for STMicroelectronics.X-CUBE-AZRTOS-H7.3.1.0
2023-09-14 18:17:28,215 [WARN] ConditionMgr:1039 - genDependencies : Invalid condition id : UX DEVICE CLASS RTOS Condition cause : null
2023-09-14 18:17:28,215 [WARN] ConditionMgr:1039 - genDependencies : Invalid condition id : UX DEVICE CLASS RTOS Condition cause : null
2023-09-14 18:17:28,216 [WARN] ConditionMgr:1039 - genDependencies : Invalid condition id : UX DEVICE CLASS RTOS Condition cause : null
2023-09-14 18:17:28,216 [WARN] ConditionMgr:1039 - genDependencies : Invalid condition id : UX DEVICE CLASS RTOS Condition cause : null
2023-09-14 18:17:28,216 [WARN] ConditionMgr:1039 - genDependencies : Invalid condition id : UX DEVICE CLASS RTOS Condition cause : null
2023-09-14 18:17:28,221 [WARN] PackLoader:240 - Cannot read IP mode file for STMicroelectronics.X-CUBE-NFC7.1.0.1
2023-09-14 18:17:28,229 [WARN] PackLoader:240 - Cannot read IP mode file for STMicroelectronics.X-CUBE-NFC6.3.0.0
2023-09-14 18:17:28,235 [WARN] PackLoader:240 - Cannot read IP mode file for STMicroelectronics.X-CUBE-EEPRMA1.4.1.0
2023-09-14 18:17:28,240 [WARN] PackLoader:240 - Cannot read IP mode file for STMicroelectronics.X-CUBE-AI.8.1.0
2023-09-14 18:17:28,269 [WARN] ConditionMgr:438 - getConditionDescription Invalid condition id : LAN8742 Phy interface Condition cause : null
2023-09-14 18:17:28,271 [WARN] PackLoader:240 - Cannot read IP mode file for STMicroelectronics.X-CUBE-AZRTOS-L4.2.0.0
2023-09-14 18:17:28,272 [WARN] ConditionMgr:1039 - genDependencies : Invalid condition id : LAN8742 Phy interface Condition cause : null
2023-09-14 18:17:28,272 [WARN] ConditionMgr:1039 - genDependencies : Invalid condition id : LAN8742 Phy interface Condition cause : null
2023-09-14 18:17:28,273 [WARN] ConditionMgr:1039 - genDependencies : Invalid condition id : LAN8742 Phy interface Condition cause : null
2023-09-14 18:17:28,279 [WARN] PackLoader:240 - Cannot read IP mode file for STMicroelectronics.X-CUBE-SFXS2LP1.4.0.0
2023-09-14 18:17:28,284 [WARN] PackLoader:240 - Cannot read IP mode file for STMicroelectronics.X-CUBE-ISPU.1.1.0
2023-09-14 18:17:28,296 [WARN] ConditionMgr:438 - getConditionDescription Invalid condition id : UX DEVICE CLASS RTOS Condition cause : null
2023-09-14 18:17:28,296 [WARN] ConditionMgr:438 - getConditionDescription Invalid condition id : UX DEVICE CLASS RTOS Condition cause : null
2023-09-14 18:17:28,298 [WARN] PackLoader:240 - Cannot read IP mode file for STMicroelectronics.X-CUBE-AZRTOS-WB.2.0.0
2023-09-14 18:17:28,298 [WARN] ConditionMgr:1039 - genDependencies : Invalid condition id : UX DEVICE CLASS RTOS Condition cause : null
2023-09-14 18:17:28,298 [WARN] ConditionMgr:1039 - genDependencies : Invalid condition id : UX DEVICE CLASS RTOS Condition cause : null
2023-09-14 18:17:28,299 [WARN] ConditionMgr:1039 - genDependencies : Invalid condition id : UX DEVICE CLASS RTOS Condition cause : null
2023-09-14 18:17:28,299 [WARN] ConditionMgr:1039 - genDependencies : Invalid condition id : UX DEVICE CLASS RTOS Condition cause : null
2023-09-14 18:17:28,299 [WARN] ConditionMgr:1039 - genDependencies : Invalid condition id : UX DEVICE CLASS RTOS Condition cause : null
2023-09-14 18:17:28,307 [WARN] PackLoader:240 - Cannot read IP mode file for STMicroelectronics.X-CUBE-SUBG2.5.0.0
2023-09-14 18:17:28,317 [WARN] PackLoader:240 - Cannot read IP mode file for STMicroelectronics.X-CUBE-TOF1.3.3.1
2023-09-14 18:17:28,333 [WARN] PackLoader:240 - Cannot read IP mode file for STMicroelectronics.X-CUBE-AZRTOS-G4.2.0.0
2023-09-14 18:17:28,339 [WARN] PackLoader:240 - Cannot read IP mode file for STMicroelectronics.X-CUBE-FREERTOS.1.1.0
2023-09-14 18:17:28,344 [WARN] PackLoader:240 - Cannot read IP mode file for portGmbH.I-Cube-SoM-uGOAL.1.1.0
2023-09-14 18:17:28,349 [WARN] PackLoader:240 - Cannot read IP mode file for STMicroelectronics.X-CUBE-ALS.1.0.1
2023-09-14 18:17:28,354 [WARN] PackLoader:240 - Cannot read IP mode file for STMicroelectronics.FP-ATR-ASTRA1.2.0.0
2023-09-14 18:17:28,356 [INFO] ThirdParty:978 - Integrity check success = true
2023-09-14 18:17:28,356 [INFO] IntegrityCheckThread:100 - exiting critical section [integrity check]
2023-09-14 18:17:28,356 [INFO] IntegrityCheckThread:103 - End integrity checks thread
2023-09-14 18:17:47,874 [ERROR] LogOutputStream:75 - [STDERR_REDIRECT] SLF4J: Failed to load class "org.slf4j.impl.StaticLoggerBinder".
2023-09-14 18:17:47,874 [ERROR] LogOutputStream:75 - [STDERR_REDIRECT] SLF4J: Defaulting to no-operation (NOP) logger implementation
2023-09-14 18:17:47,875 [ERROR] LogOutputStream:75 - [STDERR_REDIRECT] SLF4J: See http://www.slf4j.org/codes.html#StaticLoggerBinder for further details.
2023-09-14 19:30:22,982 [ERROR] LogOutputStream:75 - [STDERR_REDIRECT] 
