2023-09-19 16:42:18,411 [INFO] Activator:176 - 


2023-09-19 16:42:18,415 [INFO] Activator:177 - !SESSION log4j initialized
2023-09-19 16:42:22,742 [INFO] LogOutputStream:77 - [STDOUT_REDIRECT] 
2023-09-19 16:42:25,200 [INFO] ApplicationProperties:184 - Using Application install path: D:\STM32IDE\STM32CubeIDE_1.13.1\STM32CubeIDE\plugins\com.st.stm32cube.common.mx_6.9.2.202309101412
2023-09-19 16:42:25,225 [INFO] DbMcusXml:78 - Set database path to: D:\STM32IDE\STM32CubeIDE_1.13.1\STM32CubeIDE\plugins\com.st.stm32cube.common.mx_6.9.2.202309101412\\db\/mcu/
2023-09-19 16:42:25,225 [INFO] ApiDb:274 - Set plugin database path to: D:\STM32IDE\STM32CubeIDE_1.13.1\STM32CubeIDE\plugins\com.st.stm32cube.common.mx_6.9.2.202309101412\\db\/plugins/boardmanager/
2023-09-19 16:42:25,226 [WARN] ApiDb:259 - Overriding images path with different value:  => D:\STM32IDE\STM32CubeIDE_1.13.1\STM32CubeIDE\plugins\com.st.stm32cube.common.mx_6.9.2.202309101412\\db\/plugins/mcufinder/images/
2023-09-19 16:42:25,239 [INFO] ApiDb:250 - Set database path to: C:\Users\ARYAN\.stmcufinder\plugins\mcufinder//mcu/
2023-09-19 16:42:25,240 [INFO] DbMcusAds:125 - Set database path to: C:\Users\ARYAN\.stmcufinder\plugins\mcufinder//mcu/
2023-09-19 16:42:25,243 [INFO] CrossReferenceDbSqlite:203 - Set database path to: C:\Users\ARYAN\.stmcufinder\plugins\mcufinder//mcu/cs/
2023-09-19 16:42:25,351 [INFO] RulesReader:64 - Compatibility file has been processed (293 Rules)
2023-09-19 16:42:25,441 [INFO] DbMcusXml:78 - Set database path to: D:\STM32IDE\STM32CubeIDE_1.13.1\STM32CubeIDE\plugins\com.st.stm32cube.common.mx_6.9.2.202309101412\\db\/mcu/
2023-09-19 16:42:25,442 [INFO] ApiDb:274 - Set plugin database path to: D:\STM32IDE\STM32CubeIDE_1.13.1\STM32CubeIDE\plugins\com.st.stm32cube.common.mx_6.9.2.202309101412\\db\/plugins/boardmanager/
2023-09-19 16:42:25,442 [INFO] ApiDb:261 - Set plugin images path to: D:\STM32IDE\STM32CubeIDE_1.13.1\STM32CubeIDE\plugins\com.st.stm32cube.common.mx_6.9.2.202309101412\\db\/plugins/mcufinder/images/
2023-09-19 16:42:25,442 [WARN] DbFile:41 - Overriding database path with different value: C:\Users\ARYAN\.stmcufinder\plugins\mcufinder/ => C:\Users\ARYAN\.stmcufinder\plugins\mcufinder
2023-09-19 16:42:25,442 [INFO] ApiDb:250 - Set database path to: C:\Users\ARYAN\.stmcufinder\plugins\mcufinder//mcu/
2023-09-19 16:42:25,442 [WARN] DbFile:41 - Overriding database path with different value: C:\Users\ARYAN\.stmcufinder\plugins\mcufinder/ => C:\Users\ARYAN\.stmcufinder\plugins\mcufinder
2023-09-19 16:42:25,443 [INFO] DbMcusAds:125 - Set database path to: C:\Users\ARYAN\.stmcufinder\plugins\mcufinder//mcu/
2023-09-19 16:42:25,443 [WARN] DbFile:41 - Overriding database path with different value: C:\Users\ARYAN\.stmcufinder\plugins\mcufinder/ => C:\Users\ARYAN\.stmcufinder\plugins\mcufinder
2023-09-19 16:42:25,443 [WARN] DbFile:41 - Overriding database path with different value: C:\Users\ARYAN\.stmcufinder\plugins\mcufinder/ => C:\Users\ARYAN\.stmcufinder\plugins\mcufinder
2023-09-19 16:42:25,443 [INFO] CrossReferenceDbSqlite:203 - Set database path to: C:\Users\ARYAN\.stmcufinder\plugins\mcufinder//mcu/cs/
2023-09-19 16:42:25,519 [INFO] MainPanel:262 - HeapMemory: 268435456
2023-09-19 16:42:25,611 [INFO] DbMcusXml:78 - Set database path to: D:\STM32IDE\STM32CubeIDE_1.13.1\STM32CubeIDE\plugins\com.st.stm32cube.common.mx_6.9.2.202309101412\\db\/mcu/
2023-09-19 16:42:25,611 [INFO] ApiDb:274 - Set plugin database path to: D:\STM32IDE\STM32CubeIDE_1.13.1\STM32CubeIDE\plugins\com.st.stm32cube.common.mx_6.9.2.202309101412\\db\/plugins/boardmanager/
2023-09-19 16:42:25,611 [INFO] ApiDb:261 - Set plugin images path to: D:\STM32IDE\STM32CubeIDE_1.13.1\STM32CubeIDE\plugins\com.st.stm32cube.common.mx_6.9.2.202309101412\\db\/plugins/mcufinder/images/
2023-09-19 16:42:25,611 [WARN] DbFile:41 - Overriding database path with different value: C:\Users\ARYAN\.stmcufinder\plugins\mcufinder/ => C:\Users\ARYAN\.stmcufinder\plugins\mcufinder
2023-09-19 16:42:25,611 [INFO] ApiDb:250 - Set database path to: C:\Users\ARYAN\.stmcufinder\plugins\mcufinder//mcu/
2023-09-19 16:42:25,611 [WARN] DbFile:41 - Overriding database path with different value: C:\Users\ARYAN\.stmcufinder\plugins\mcufinder/ => C:\Users\ARYAN\.stmcufinder\plugins\mcufinder
2023-09-19 16:42:25,611 [INFO] DbMcusAds:125 - Set database path to: C:\Users\ARYAN\.stmcufinder\plugins\mcufinder//mcu/
2023-09-19 16:42:25,611 [WARN] DbFile:41 - Overriding database path with different value: C:\Users\ARYAN\.stmcufinder\plugins\mcufinder/ => C:\Users\ARYAN\.stmcufinder\plugins\mcufinder
2023-09-19 16:42:25,612 [WARN] DbFile:41 - Overriding database path with different value: C:\Users\ARYAN\.stmcufinder\plugins\mcufinder/ => C:\Users\ARYAN\.stmcufinder\plugins\mcufinder
2023-09-19 16:42:25,612 [INFO] CrossReferenceDbSqlite:203 - Set database path to: C:\Users\ARYAN\.stmcufinder\plugins\mcufinder//mcu/cs/
2023-09-19 16:42:25,629 [INFO] ApplicationProperties:184 - Using Application install path: D:\STM32IDE\STM32CubeIDE_1.13.1\STM32CubeIDE\plugins\com.st.stm32cube.common.mx_6.9.2.202309101412
2023-09-19 16:42:25,631 [INFO] PluginManage:196 - Search for loadable plugins [exclusion list=, ]
2023-09-19 16:42:25,632 [INFO] PluginManage:310 - Check plugin analytics
2023-09-19 16:42:25,823 [INFO] AnalyticsPlugin:253 - Accepted Software Licenses: 
2023-09-19 16:42:25,823 [INFO] AnalyticsPlugin:255 - Accepted CMSIS Pack Licenses: 
2023-09-19 16:42:25,824 [INFO] AnalyticsPlugin:257 - Accepted Firmware Licenses: 
2023-09-19 16:42:25,827 [INFO] PluginManage:359 - Loaded plugin analytics (category:tool,tabindex:-1)
2023-09-19 16:42:25,828 [INFO] PluginManage:310 - Check plugin cadmodel
2023-09-19 16:42:25,832 [INFO] CADModel:105 - Init CAD model plugin
2023-09-19 16:42:25,832 [INFO] PluginManage:359 - Loaded plugin cadmodel (category:power,tabindex:5)
2023-09-19 16:42:25,833 [INFO] PluginManage:310 - Check plugin clock
2023-09-19 16:42:25,842 [INFO] PluginManage:359 - Loaded plugin clock (category:base,tabindex:2)
2023-09-19 16:42:25,843 [INFO] PluginManage:310 - Check plugin ddr
2023-09-19 16:42:25,845 [INFO] PluginManage:359 - Loaded plugin ddr (category:tool,tabindex:6)
2023-09-19 16:42:25,845 [INFO] PluginManage:310 - Check plugin filemanager
2023-09-19 16:42:25,980 [INFO] PluginManage:359 - Loaded plugin filemanager (category:base,tabindex:10)
2023-09-19 16:42:25,980 [INFO] PluginManage:310 - Check plugin ipmanager
2023-09-19 16:42:25,989 [INFO] PluginManage:359 - Loaded plugin ipmanager (category:base,tabindex:5)
2023-09-19 16:42:25,989 [INFO] PluginManage:310 - Check plugin lpbam
2023-09-19 16:42:25,997 [INFO] PluginManage:359 - Loaded plugin lpbam (category:base,tabindex:0)
2023-09-19 16:42:25,999 [INFO] PluginManage:310 - Check plugin memorymap
2023-09-19 16:42:26,011 [INFO] PluginManage:359 - Loaded plugin memorymap (category:base,tabindex:4)
2023-09-19 16:42:26,012 [INFO] PluginManage:310 - Check plugin pinoutandconfiguration
2023-09-19 16:42:26,021 [INFO] PluginManage:359 - Loaded plugin pinoutandconfiguration (category:base,tabindex:1)
2023-09-19 16:42:26,021 [INFO] PluginManage:310 - Check plugin pinoutconfig
2023-09-19 16:42:26,110 [WARN] SupportedApi:132 - Cannot load RTOS API schema: s4s-elt-must-match.1: The content of 'definitions' must match (annotation?, (simpleType | complexType)?, (unique | key | keyref)*)). A problem was found starting at: attribute.
2023-09-19 16:42:26,226 [INFO] PluginManage:359 - Loaded plugin pinoutconfig (category:base,tabindex:0)
2023-09-19 16:42:26,226 [INFO] PluginManage:310 - Check plugin power
2023-09-19 16:42:26,234 [INFO] PluginManage:359 - Loaded plugin power (category:power,tabindex:4)
2023-09-19 16:42:26,234 [INFO] PluginManage:310 - Check plugin projectmanager
2023-09-19 16:42:26,249 [INFO] PluginManage:359 - Loaded plugin projectmanager (category:projectmanager,tabindex:3)
2023-09-19 16:42:26,249 [INFO] PluginManage:310 - Check plugin thirdparty
2023-09-19 16:42:26,405 [WARN] IntegrityCheckThread:84 - waiting for thirdparty lock release [integrity check]
2023-09-19 16:42:26,406 [INFO] IntegrityCheckThread:86 - entering critical section [integrity check]
2023-09-19 16:42:26,406 [INFO] PluginManage:359 - Loaded plugin thirdparty (category:base,tabindex:-1)
2023-09-19 16:42:26,406 [INFO] PluginManage:310 - Check plugin tools
2023-09-19 16:42:26,407 [INFO] ThirdPartyUpdaterWithRetryManager:70 - Updater plugin not ready yet. [1/15]
2023-09-19 16:42:26,411 [INFO] PluginManage:359 - Loaded plugin tools (category:base,tabindex:7)
2023-09-19 16:42:26,411 [INFO] PluginManage:310 - Check plugin tutovideos
2023-09-19 16:42:26,563 [INFO] PluginManage:359 - Loaded plugin tutovideos (category:base,tabindex:-1)
2023-09-19 16:42:26,563 [INFO] PluginManage:310 - Check plugin updater
2023-09-19 16:42:26,572 [INFO] PluginManage:359 - Loaded plugin updater (category:base,tabindex:12)
2023-09-19 16:42:26,572 [INFO] PluginManage:310 - Check plugin userauth
2023-09-19 16:42:26,576 [INFO] UserAuth:113 - Init User Auth plugin
2023-09-19 16:42:26,577 [INFO] PluginManage:359 - Loaded plugin userauth (category:base,tabindex:14)
2023-09-19 16:42:26,577 [INFO] PluginManage:283 - PluginManage : Loaded plugins [17]
2023-09-19 16:42:26,843 [INFO] PinOutPanel:1499 - setPackage(No Configuration,No Configuration)
2023-09-19 16:42:26,959 [INFO] CADModel:165 - CPN selected for project level
2023-09-19 16:42:26,959 [INFO] CADModel:114 - Register for checkConnection events
2023-09-19 16:42:26,977 [INFO] IPUIPlugin:80 - create IPUIPlugin
2023-09-19 16:42:26,978 [INFO] PluginManager:220 - loadIPPluginJar : add adc
2023-09-19 16:42:26,979 [INFO] IPUIPlugin:80 - create IPUIPlugin
2023-09-19 16:42:26,980 [INFO] PluginManager:220 - loadIPPluginJar : add aes
2023-09-19 16:42:26,982 [INFO] IPUIPlugin:80 - create IPUIPlugin
2023-09-19 16:42:26,982 [INFO] PluginManager:220 - loadIPPluginJar : add can
2023-09-19 16:42:26,983 [INFO] IPUIPlugin:80 - create IPUIPlugin
2023-09-19 16:42:26,983 [INFO] PluginManager:220 - loadIPPluginJar : add comp
2023-09-19 16:42:26,985 [INFO] IPUIPlugin:80 - create IPUIPlugin
2023-09-19 16:42:26,986 [INFO] PluginManager:220 - loadIPPluginJar : add cryp
2023-09-19 16:42:26,987 [INFO] IPUIPlugin:80 - create IPUIPlugin
2023-09-19 16:42:26,987 [INFO] PluginManager:220 - loadIPPluginJar : add dfsdm
2023-09-19 16:42:26,993 [INFO] IPUIPlugin:80 - create IPUIPlugin
2023-09-19 16:42:26,993 [INFO] PluginManager:220 - loadIPPluginJar : add dma
2023-09-19 16:42:26,995 [INFO] IPUIPlugin:80 - create IPUIPlugin
2023-09-19 16:42:26,995 [INFO] PluginManager:220 - loadIPPluginJar : add dma3
2023-09-19 16:42:26,996 [INFO] IPUIPlugin:80 - create IPUIPlugin
2023-09-19 16:42:26,996 [INFO] PluginManager:220 - loadIPPluginJar : add fatfs
2023-09-19 16:42:26,999 [INFO] IPUIPlugin:80 - create IPUIPlugin
2023-09-19 16:42:26,999 [INFO] PluginManager:220 - loadIPPluginJar : add fmc
2023-09-19 16:42:27,003 [INFO] IPUIPlugin:80 - create IPUIPlugin
2023-09-19 16:42:27,003 [INFO] PluginManager:220 - loadIPPluginJar : add freertos
2023-09-19 16:42:27,005 [INFO] IPUIPlugin:80 - create IPUIPlugin
2023-09-19 16:42:27,005 [INFO] PluginManager:220 - loadIPPluginJar : add genericplugin
2023-09-19 16:42:27,006 [INFO] IPUIPlugin:80 - create IPUIPlugin
2023-09-19 16:42:27,006 [INFO] PluginManager:220 - loadIPPluginJar : add gfxmmu
2023-09-19 16:42:27,011 [INFO] IPUIPlugin:80 - create IPUIPlugin
2023-09-19 16:42:27,011 [INFO] PluginManager:220 - loadIPPluginJar : add gic
2023-09-19 16:42:27,014 [INFO] IPUIPlugin:80 - create IPUIPlugin
2023-09-19 16:42:27,015 [INFO] PluginManager:220 - loadIPPluginJar : add gpio
2023-09-19 16:42:27,017 [INFO] IPUIPlugin:80 - create IPUIPlugin
2023-09-19 16:42:27,017 [INFO] PluginManager:220 - loadIPPluginJar : add gtzc
2023-09-19 16:42:27,019 [INFO] IPUIPlugin:80 - create IPUIPlugin
2023-09-19 16:42:27,019 [INFO] PluginManager:220 - loadIPPluginJar : add hash
2023-09-19 16:42:27,020 [INFO] IPUIPlugin:80 - create IPUIPlugin
2023-09-19 16:42:27,020 [INFO] PluginManager:220 - loadIPPluginJar : add i2c
2023-09-19 16:42:27,023 [INFO] IPUIPlugin:80 - create IPUIPlugin
2023-09-19 16:42:27,023 [INFO] PluginManager:220 - loadIPPluginJar : add i2s
2023-09-19 16:42:27,025 [INFO] IPUIPlugin:80 - create IPUIPlugin
2023-09-19 16:42:27,026 [INFO] PluginManager:220 - loadIPPluginJar : add i3c
2023-09-19 16:42:27,028 [INFO] IPUIPlugin:80 - create IPUIPlugin
2023-09-19 16:42:27,028 [INFO] PluginManager:220 - loadIPPluginJar : add ipddr
2023-09-19 16:42:27,035 [INFO] IPUIPlugin:80 - create IPUIPlugin
2023-09-19 16:42:27,035 [INFO] PluginManager:220 - loadIPPluginJar : add linkedlist
2023-09-19 16:42:27,037 [INFO] IPUIPlugin:80 - create IPUIPlugin
2023-09-19 16:42:27,037 [INFO] PluginManager:220 - loadIPPluginJar : add lorawan
2023-09-19 16:42:27,039 [INFO] IPUIPlugin:80 - create IPUIPlugin
2023-09-19 16:42:27,039 [INFO] PluginManager:220 - loadIPPluginJar : add ltdc
2023-09-19 16:42:27,044 [INFO] IPUIPlugin:80 - create IPUIPlugin
2023-09-19 16:42:27,044 [INFO] PluginManager:220 - loadIPPluginJar : add mdma
2023-09-19 16:42:27,050 [INFO] IPUIPlugin:80 - create IPUIPlugin
2023-09-19 16:42:27,050 [INFO] PluginManager:220 - loadIPPluginJar : add nvic
2023-09-19 16:42:27,053 [INFO] IPUIPlugin:80 - create IPUIPlugin
2023-09-19 16:42:27,053 [INFO] PluginManager:220 - loadIPPluginJar : add opamp
2023-09-19 16:42:27,055 [INFO] IPUIPlugin:80 - create IPUIPlugin
2023-09-19 16:42:27,056 [INFO] PluginManager:220 - loadIPPluginJar : add openamp
2023-09-19 16:42:27,059 [INFO] IPUIPlugin:80 - create IPUIPlugin
2023-09-19 16:42:27,060 [INFO] PluginManager:220 - loadIPPluginJar : add pdm2pcm
2023-09-19 16:42:27,066 [INFO] IPUIPlugin:80 - create IPUIPlugin
2023-09-19 16:42:27,069 [INFO] PluginManager:220 - loadIPPluginJar : add plateformsettings
2023-09-19 16:42:27,070 [INFO] IPUIPlugin:80 - create IPUIPlugin
2023-09-19 16:42:27,070 [INFO] PluginManager:220 - loadIPPluginJar : add quadspi
2023-09-19 16:42:27,073 [INFO] IPUIPlugin:80 - create IPUIPlugin
2023-09-19 16:42:27,073 [INFO] PluginManager:220 - loadIPPluginJar : add resmgrutility
2023-09-19 16:42:27,077 [INFO] IPUIPlugin:80 - create IPUIPlugin
2023-09-19 16:42:27,077 [INFO] PluginManager:220 - loadIPPluginJar : add sai
2023-09-19 16:42:27,079 [INFO] IPUIPlugin:80 - create IPUIPlugin
2023-09-19 16:42:27,080 [INFO] PluginManager:220 - loadIPPluginJar : add spi
2023-09-19 16:42:27,084 [INFO] IPUIPlugin:80 - create IPUIPlugin
2023-09-19 16:42:27,084 [INFO] PluginManager:220 - loadIPPluginJar : add stm32_wpan
2023-09-19 16:42:27,086 [INFO] IPUIPlugin:80 - create IPUIPlugin
2023-09-19 16:42:27,086 [INFO] PluginManager:220 - loadIPPluginJar : add tim
2023-09-19 16:42:27,091 [INFO] IPUIPlugin:80 - create IPUIPlugin
2023-09-19 16:42:27,091 [INFO] PluginManager:220 - loadIPPluginJar : add touchsensing
2023-09-19 16:42:27,093 [INFO] IPUIPlugin:80 - create IPUIPlugin
2023-09-19 16:42:27,093 [INFO] PluginManager:220 - loadIPPluginJar : add tracer_emb
2023-09-19 16:42:27,095 [INFO] IPUIPlugin:80 - create IPUIPlugin
2023-09-19 16:42:27,095 [INFO] PluginManager:220 - loadIPPluginJar : add ts
2023-09-19 16:42:27,096 [INFO] IPUIPlugin:80 - create IPUIPlugin
2023-09-19 16:42:27,097 [INFO] PluginManager:220 - loadIPPluginJar : add tsc
2023-09-19 16:42:27,099 [INFO] IPUIPlugin:80 - create IPUIPlugin
2023-09-19 16:42:27,099 [INFO] PluginManager:220 - loadIPPluginJar : add ucpd
2023-09-19 16:42:27,101 [INFO] IPUIPlugin:80 - create IPUIPlugin
2023-09-19 16:42:27,101 [INFO] PluginManager:220 - loadIPPluginJar : add usart
2023-09-19 16:42:27,104 [INFO] IPUIPlugin:80 - create IPUIPlugin
2023-09-19 16:42:27,104 [INFO] PluginManager:220 - loadIPPluginJar : add usbx
2023-09-19 16:42:27,241 [INFO] CADModel:165 - CPN selected for project level
2023-09-19 16:42:27,241 [INFO] CADModel:114 - Register for checkConnection events
2023-09-19 16:42:27,241 [FATAL] Updater:308 - Updater called before beeing initialized
2023-09-19 16:42:27,242 [ERROR] CADModel:125 - Updater not yet initialized, retry later 
2023-09-19 16:42:27,387 [INFO] CADModel:165 - CPN selected for project level
2023-09-19 16:42:27,387 [INFO] CADModel:114 - Register for checkConnection events
2023-09-19 16:42:27,387 [FATAL] Updater:308 - Updater called before beeing initialized
2023-09-19 16:42:27,388 [ERROR] CADModel:125 - Updater not yet initialized, retry later 
2023-09-19 16:42:27,393 [FATAL] Updater:308 - Updater called before beeing initialized
2023-09-19 16:42:27,525 [FATAL] Updater:308 - Updater called before beeing initialized
2023-09-19 16:42:27,532 [INFO] DbMcusAds:53 - JSON generation date=Tue Mar 07 14:20:55 IST 2023 (1678179055114)
2023-09-19 16:42:27,532 [FATAL] Updater:308 - Updater called before beeing initialized
2023-09-19 16:42:27,567 [WARN] DetailPanel:346 - Failed to get advertising image, set to default
2023-09-19 16:42:27,653 [FATAL] Updater:308 - Updater called before beeing initialized
2023-09-19 16:42:27,654 [FATAL] Updater:308 - Updater called before beeing initialized
2023-09-19 16:42:27,655 [FATAL] Updater:308 - Updater called before beeing initialized
2023-09-19 16:42:27,655 [WARN] DetailPanel:346 - Failed to get advertising image, set to default
2023-09-19 16:42:27,655 [FATAL] Updater:308 - Updater called before beeing initialized
2023-09-19 16:42:27,701 [ERROR] Updater:1120 - MainUpdater not yet initialized. External WinMGr cannot be set.
2023-09-19 16:42:27,703 [INFO] Updater:1056 - Updater Version found : 6.9.2
2023-09-19 16:42:27,723 [INFO] ApplicationProperties:184 - Using Application install path: D:\STM32IDE\STM32CubeIDE_1.13.1\STM32CubeIDE\plugins\com.st.stm32cube.common.mx_6.9.2.202309101412
2023-09-19 16:42:27,881 [INFO] MainUpdater:2868 - connection check result : 10
2023-09-19 16:42:27,882 [INFO] MainUpdater:285 - Updater Check For Update Now.
2023-09-19 16:42:27,883 [INFO] MicroXplorer:498 - Change Database Version : DB.6.0.92
2023-09-19 16:42:27,892 [INFO] McuFinderGlobals:63 - Set McuFinder mode to 2 (CubeIDE integrated)
2023-09-19 16:42:27,892 [INFO] UserAuth:179 - activating auth plugin
2023-09-19 16:42:27,897 [INFO] UserAuth:393 - Internet connection configuration mode: 1
2023-09-19 16:42:27,935 [INFO] JxBrowserEngine:151 - Initiate JxBrowser Engine with user profile folder
2023-09-19 16:42:28,087 [INFO] CheckServerUpdateThread:120 - End of CheckServer Thread
2023-09-19 16:42:28,634 [INFO] WebApp:157 - Instantiating new browser for Auth
2023-09-19 16:42:29,099 [INFO] WebApp:753 - Register for checkConnection events
2023-09-19 16:42:29,099 [INFO] WebApp:390 - Apply proxy settings
2023-09-19 16:42:29,099 [INFO] WebApp:475 - Chromium requires no authentication
2023-09-19 16:42:29,105 [INFO] WebApp:418 - Direct internet connection detected
2023-09-19 16:42:29,221 [INFO] WebApp:188 - Starting web application
2023-09-19 16:42:29,222 [INFO] WebApp:520 - Web application path used D:\STM32IDE\STM32CubeIDE_1.13.1\STM32CubeIDE\plugins\com.st.stm32cube.common.mx_6.9.2.202309101412\db\plugins\mcufinder\reactClient1\index.html
2023-09-19 16:42:29,527 [WARN] PackLoader:240 - Cannot read IP mode file for STMicroelectronics.X-CUBE-SMBUS.2.1.0
2023-09-19 16:42:29,574 [WARN] PackLoader:240 - Cannot read IP mode file for STMicroelectronics.X-CUBE-AZRTOS-F7.1.1.0
2023-09-19 16:42:29,589 [WARN] PackLoader:240 - Cannot read IP mode file for STMicroelectronics.FP-SNS-MOTENV1.4.3.2
2023-09-19 16:42:29,597 [WARN] PackLoader:240 - Cannot read IP mode file for STMicroelectronics.FP-SNS-FLIGHT1.5.0.2
2023-09-19 16:42:29,609 [WARN] PackLoader:240 - Cannot read IP mode file for STMicroelectronics.X-CUBE-DISPLAY.3.0.0
2023-09-19 16:42:29,634 [WARN] PackLoader:240 - Cannot read IP mode file for STMicroelectronics.X-CUBE-BLE1.7.0.0
2023-09-19 16:42:29,644 [WARN] PackLoader:240 - Cannot read IP mode file for emotas.I-CUBE-CANOPEN.1.3.0
2023-09-19 16:42:29,652 [WARN] PackLoader:240 - Cannot read IP mode file for STMicroelectronics.X-CUBE-TOUCHGFX.4.22.0
2023-09-19 16:42:29,658 [WARN] PackLoader:240 - Cannot read IP mode file for STMicroelectronics.FP-SNS-SMARTAG2.1.2.0
2023-09-19 16:42:29,671 [INFO] LogOutputStream:77 - [STDOUT_REDIRECT] 1 : Invalid condition id : UX_CORESTACK_Condition cause : null
2023-09-19 16:42:29,672 [INFO] LogOutputStream:77 - [STDOUT_REDIRECT] 1 : Invalid condition id : UX_CORESTACK_Condition cause : null
2023-09-19 16:42:29,674 [INFO] LogOutputStream:77 - [STDOUT_REDIRECT] 1 : Invalid condition id : UX_CORESTACK_Condition cause : null
2023-09-19 16:42:29,676 [INFO] LogOutputStream:77 - [STDOUT_REDIRECT] 1 : Invalid condition id : UX_CORESTACK_Condition cause : null
2023-09-19 16:42:29,679 [INFO] LogOutputStream:77 - [STDOUT_REDIRECT] 1 : Invalid condition id : UX_CORESTACK_Condition cause : null
2023-09-19 16:42:29,682 [WARN] PackLoader:240 - Cannot read IP mode file for STMicroelectronics.X-CUBE-AZRTOS-WL.2.0.0
2023-09-19 16:42:29,699 [WARN] PackLoader:240 - Cannot read IP mode file for WES.I-CUBE-Cesium.1.3.0
2023-09-19 16:42:29,703 [WARN] PackLoader:240 - Cannot read IP mode file for STMicroelectronics.X-CUBE-BLE2.3.3.0
2023-09-19 16:42:29,709 [WARN] PackLoader:240 - Cannot read IP mode file for STMicroelectronics.X-CUBE-ALGOBUILD.1.3.0
2023-09-19 16:42:29,724 [WARN] PackLoader:240 - Cannot read IP mode file for STMicroelectronics.X-CUBE-AZRTOS-G0.1.1.0
2023-09-19 16:42:29,730 [WARN] PackLoader:240 - Cannot read IP mode file for STMicroelectronics.X-CUBE-NFC4.3.0.0
2023-09-19 16:42:29,735 [WARN] PackLoader:240 - Cannot read IP mode file for STMicroelectronics.FP-ATR-SIGFOX1.3.2.0
2023-09-19 16:42:29,767 [WARN] PackLoader:240 - Cannot read IP mode file for SEGGER.I-CUBE-embOS.1.3.1
2023-09-19 16:42:29,800 [WARN] PackLoader:240 - Cannot read IP mode file for STMicroelectronics.X-CUBE-GNSS1.6.0.0
2023-09-19 16:42:29,822 [WARN] PackLoader:240 - Cannot read IP mode file for STMicroelectronics.X-CUBE-AZRTOS-F4.1.1.0
2023-09-19 16:42:29,828 [WARN] PackLoader:240 - Cannot read IP mode file for wolfSSL.I-CUBE-wolfSSL.5.6.3
2023-09-19 16:42:29,849 [WARN] PackLoader:240 - Cannot read IP mode file for STMicroelectronics.X-CUBE-AZRTOS-L5.2.0.0
2023-09-19 16:42:29,898 [WARN] PackLoader:240 - Cannot read IP mode file for STMicroelectronics.X-CUBE-MEMS1.9.6.0
2023-09-19 16:42:30,009 [WARN] PackLoader:240 - Cannot read IP mode file for STMicroelectronics.X-CUBE-BLEMGR.2.0.0
2023-09-19 16:42:30,022 [WARN] ConditionMgr:438 - getConditionDescription Invalid condition id : UX DEVICE CLASS RTOS Condition cause : null
2023-09-19 16:42:30,022 [WARN] ConditionMgr:438 - getConditionDescription Invalid condition id : UX DEVICE CLASS RTOS Condition cause : null
2023-09-19 16:42:30,025 [WARN] PackLoader:240 - Cannot read IP mode file for STMicroelectronics.X-CUBE-AZRTOS-H7.3.1.0
2023-09-19 16:42:30,026 [WARN] ConditionMgr:1039 - genDependencies : Invalid condition id : UX DEVICE CLASS RTOS Condition cause : null
2023-09-19 16:42:30,026 [WARN] ConditionMgr:1039 - genDependencies : Invalid condition id : UX DEVICE CLASS RTOS Condition cause : null
2023-09-19 16:42:30,027 [WARN] ConditionMgr:1039 - genDependencies : Invalid condition id : UX DEVICE CLASS RTOS Condition cause : null
2023-09-19 16:42:30,027 [WARN] ConditionMgr:1039 - genDependencies : Invalid condition id : UX DEVICE CLASS RTOS Condition cause : null
2023-09-19 16:42:30,027 [WARN] ConditionMgr:1039 - genDependencies : Invalid condition id : UX DEVICE CLASS RTOS Condition cause : null
2023-09-19 16:42:30,032 [WARN] PackLoader:240 - Cannot read IP mode file for STMicroelectronics.X-CUBE-NFC7.1.0.1
2023-09-19 16:42:30,039 [WARN] PackLoader:240 - Cannot read IP mode file for STMicroelectronics.X-CUBE-NFC6.3.0.0
2023-09-19 16:42:30,045 [WARN] PackLoader:240 - Cannot read IP mode file for STMicroelectronics.X-CUBE-EEPRMA1.4.1.0
2023-09-19 16:42:30,050 [WARN] PackLoader:240 - Cannot read IP mode file for STMicroelectronics.X-CUBE-AI.8.1.0
2023-09-19 16:42:30,063 [WARN] ConditionMgr:438 - getConditionDescription Invalid condition id : LAN8742 Phy interface Condition cause : null
2023-09-19 16:42:30,064 [WARN] PackLoader:240 - Cannot read IP mode file for STMicroelectronics.X-CUBE-AZRTOS-L4.2.0.0
2023-09-19 16:42:30,065 [WARN] ConditionMgr:1039 - genDependencies : Invalid condition id : LAN8742 Phy interface Condition cause : null
2023-09-19 16:42:30,066 [WARN] ConditionMgr:1039 - genDependencies : Invalid condition id : LAN8742 Phy interface Condition cause : null
2023-09-19 16:42:30,066 [WARN] ConditionMgr:1039 - genDependencies : Invalid condition id : LAN8742 Phy interface Condition cause : null
2023-09-19 16:42:30,072 [WARN] PackLoader:240 - Cannot read IP mode file for STMicroelectronics.X-CUBE-SFXS2LP1.4.0.0
2023-09-19 16:42:30,078 [WARN] PackLoader:240 - Cannot read IP mode file for STMicroelectronics.X-CUBE-ISPU.1.1.0
2023-09-19 16:42:30,089 [WARN] ConditionMgr:438 - getConditionDescription Invalid condition id : UX DEVICE CLASS RTOS Condition cause : null
2023-09-19 16:42:30,090 [WARN] ConditionMgr:438 - getConditionDescription Invalid condition id : UX DEVICE CLASS RTOS Condition cause : null
2023-09-19 16:42:30,092 [WARN] PackLoader:240 - Cannot read IP mode file for STMicroelectronics.X-CUBE-AZRTOS-WB.2.0.0
2023-09-19 16:42:30,092 [WARN] ConditionMgr:1039 - genDependencies : Invalid condition id : UX DEVICE CLASS RTOS Condition cause : null
2023-09-19 16:42:30,093 [WARN] ConditionMgr:1039 - genDependencies : Invalid condition id : UX DEVICE CLASS RTOS Condition cause : null
2023-09-19 16:42:30,093 [WARN] ConditionMgr:1039 - genDependencies : Invalid condition id : UX DEVICE CLASS RTOS Condition cause : null
2023-09-19 16:42:30,093 [WARN] ConditionMgr:1039 - genDependencies : Invalid condition id : UX DEVICE CLASS RTOS Condition cause : null
2023-09-19 16:42:30,094 [WARN] ConditionMgr:1039 - genDependencies : Invalid condition id : UX DEVICE CLASS RTOS Condition cause : null
2023-09-19 16:42:30,102 [WARN] PackLoader:240 - Cannot read IP mode file for STMicroelectronics.X-CUBE-SUBG2.5.0.0
2023-09-19 16:42:30,113 [WARN] PackLoader:240 - Cannot read IP mode file for STMicroelectronics.X-CUBE-TOF1.3.3.1
2023-09-19 16:42:30,127 [WARN] PackLoader:240 - Cannot read IP mode file for STMicroelectronics.X-CUBE-AZRTOS-G4.2.0.0
2023-09-19 16:42:30,133 [WARN] PackLoader:240 - Cannot read IP mode file for STMicroelectronics.X-CUBE-FREERTOS.1.1.0
2023-09-19 16:42:30,139 [WARN] PackLoader:240 - Cannot read IP mode file for portGmbH.I-Cube-SoM-uGOAL.1.1.0
2023-09-19 16:42:30,143 [WARN] PackLoader:240 - Cannot read IP mode file for STMicroelectronics.X-CUBE-ALS.1.0.1
2023-09-19 16:42:30,147 [WARN] PackLoader:240 - Cannot read IP mode file for STMicroelectronics.FP-ATR-ASTRA1.2.0.0
2023-09-19 16:42:30,149 [INFO] ThirdParty:978 - Integrity check success = true
2023-09-19 16:42:30,149 [INFO] IntegrityCheckThread:100 - exiting critical section [integrity check]
2023-09-19 16:42:30,149 [INFO] IntegrityCheckThread:103 - End integrity checks thread
2023-09-19 16:42:44,126 [ERROR] LogOutputStream:75 - [STDERR_REDIRECT] SLF4J: Failed to load class "org.slf4j.impl.StaticLoggerBinder".
2023-09-19 16:42:44,126 [ERROR] LogOutputStream:75 - [STDERR_REDIRECT] SLF4J: Defaulting to no-operation (NOP) logger implementation
2023-09-19 16:42:44,127 [ERROR] LogOutputStream:75 - [STDERR_REDIRECT] SLF4J: See http://www.slf4j.org/codes.html#StaticLoggerBinder for further details.
2023-09-19 16:45:56,763 [ERROR] LogOutputStream:75 - [STDERR_REDIRECT] 
2023-09-19 16:46:13,484 [INFO] Activator:176 - 


2023-09-19 16:46:13,486 [INFO] Activator:177 - !SESSION log4j initialized
2023-09-19 16:46:17,819 [INFO] LogOutputStream:77 - [STDOUT_REDIRECT] 
2023-09-19 16:46:19,815 [INFO] ApplicationProperties:184 - Using Application install path: D:\STM32IDE\STM32CubeIDE_1.13.1\STM32CubeIDE\plugins\com.st.stm32cube.common.mx_6.9.2.202309101412
2023-09-19 16:46:19,829 [INFO] DbMcusXml:78 - Set database path to: D:\STM32IDE\STM32CubeIDE_1.13.1\STM32CubeIDE\plugins\com.st.stm32cube.common.mx_6.9.2.202309101412\\db\/mcu/
2023-09-19 16:46:19,830 [INFO] ApiDb:274 - Set plugin database path to: D:\STM32IDE\STM32CubeIDE_1.13.1\STM32CubeIDE\plugins\com.st.stm32cube.common.mx_6.9.2.202309101412\\db\/plugins/boardmanager/
2023-09-19 16:46:19,830 [WARN] ApiDb:259 - Overriding images path with different value:  => D:\STM32IDE\STM32CubeIDE_1.13.1\STM32CubeIDE\plugins\com.st.stm32cube.common.mx_6.9.2.202309101412\\db\/plugins/mcufinder/images/
2023-09-19 16:46:19,837 [INFO] ApiDb:250 - Set database path to: C:\Users\ARYAN\.stmcufinder\plugins\mcufinder//mcu/
2023-09-19 16:46:19,839 [INFO] DbMcusAds:125 - Set database path to: C:\Users\ARYAN\.stmcufinder\plugins\mcufinder//mcu/
2023-09-19 16:46:19,840 [INFO] CrossReferenceDbSqlite:203 - Set database path to: C:\Users\ARYAN\.stmcufinder\plugins\mcufinder//mcu/cs/
2023-09-19 16:46:19,931 [INFO] RulesReader:64 - Compatibility file has been processed (293 Rules)
2023-09-19 16:46:20,009 [INFO] DbMcusXml:78 - Set database path to: D:\STM32IDE\STM32CubeIDE_1.13.1\STM32CubeIDE\plugins\com.st.stm32cube.common.mx_6.9.2.202309101412\\db\/mcu/
2023-09-19 16:46:20,009 [INFO] ApiDb:274 - Set plugin database path to: D:\STM32IDE\STM32CubeIDE_1.13.1\STM32CubeIDE\plugins\com.st.stm32cube.common.mx_6.9.2.202309101412\\db\/plugins/boardmanager/
2023-09-19 16:46:20,009 [INFO] ApiDb:261 - Set plugin images path to: D:\STM32IDE\STM32CubeIDE_1.13.1\STM32CubeIDE\plugins\com.st.stm32cube.common.mx_6.9.2.202309101412\\db\/plugins/mcufinder/images/
2023-09-19 16:46:20,009 [WARN] DbFile:41 - Overriding database path with different value: C:\Users\ARYAN\.stmcufinder\plugins\mcufinder/ => C:\Users\ARYAN\.stmcufinder\plugins\mcufinder
2023-09-19 16:46:20,009 [INFO] ApiDb:250 - Set database path to: C:\Users\ARYAN\.stmcufinder\plugins\mcufinder//mcu/
2023-09-19 16:46:20,010 [WARN] DbFile:41 - Overriding database path with different value: C:\Users\ARYAN\.stmcufinder\plugins\mcufinder/ => C:\Users\ARYAN\.stmcufinder\plugins\mcufinder
2023-09-19 16:46:20,010 [INFO] DbMcusAds:125 - Set database path to: C:\Users\ARYAN\.stmcufinder\plugins\mcufinder//mcu/
2023-09-19 16:46:20,010 [WARN] DbFile:41 - Overriding database path with different value: C:\Users\ARYAN\.stmcufinder\plugins\mcufinder/ => C:\Users\ARYAN\.stmcufinder\plugins\mcufinder
2023-09-19 16:46:20,010 [WARN] DbFile:41 - Overriding database path with different value: C:\Users\ARYAN\.stmcufinder\plugins\mcufinder/ => C:\Users\ARYAN\.stmcufinder\plugins\mcufinder
2023-09-19 16:46:20,010 [INFO] CrossReferenceDbSqlite:203 - Set database path to: C:\Users\ARYAN\.stmcufinder\plugins\mcufinder//mcu/cs/
2023-09-19 16:46:20,079 [INFO] MainPanel:262 - HeapMemory: 268435456
2023-09-19 16:46:20,149 [INFO] DbMcusXml:78 - Set database path to: D:\STM32IDE\STM32CubeIDE_1.13.1\STM32CubeIDE\plugins\com.st.stm32cube.common.mx_6.9.2.202309101412\\db\/mcu/
2023-09-19 16:46:20,149 [INFO] ApiDb:274 - Set plugin database path to: D:\STM32IDE\STM32CubeIDE_1.13.1\STM32CubeIDE\plugins\com.st.stm32cube.common.mx_6.9.2.202309101412\\db\/plugins/boardmanager/
2023-09-19 16:46:20,149 [INFO] ApiDb:261 - Set plugin images path to: D:\STM32IDE\STM32CubeIDE_1.13.1\STM32CubeIDE\plugins\com.st.stm32cube.common.mx_6.9.2.202309101412\\db\/plugins/mcufinder/images/
2023-09-19 16:46:20,150 [WARN] DbFile:41 - Overriding database path with different value: C:\Users\ARYAN\.stmcufinder\plugins\mcufinder/ => C:\Users\ARYAN\.stmcufinder\plugins\mcufinder
2023-09-19 16:46:20,150 [INFO] ApiDb:250 - Set database path to: C:\Users\ARYAN\.stmcufinder\plugins\mcufinder//mcu/
2023-09-19 16:46:20,150 [WARN] DbFile:41 - Overriding database path with different value: C:\Users\ARYAN\.stmcufinder\plugins\mcufinder/ => C:\Users\ARYAN\.stmcufinder\plugins\mcufinder
2023-09-19 16:46:20,150 [INFO] DbMcusAds:125 - Set database path to: C:\Users\ARYAN\.stmcufinder\plugins\mcufinder//mcu/
2023-09-19 16:46:20,150 [WARN] DbFile:41 - Overriding database path with different value: C:\Users\ARYAN\.stmcufinder\plugins\mcufinder/ => C:\Users\ARYAN\.stmcufinder\plugins\mcufinder
2023-09-19 16:46:20,150 [WARN] DbFile:41 - Overriding database path with different value: C:\Users\ARYAN\.stmcufinder\plugins\mcufinder/ => C:\Users\ARYAN\.stmcufinder\plugins\mcufinder
2023-09-19 16:46:20,150 [INFO] CrossReferenceDbSqlite:203 - Set database path to: C:\Users\ARYAN\.stmcufinder\plugins\mcufinder//mcu/cs/
2023-09-19 16:46:20,167 [INFO] ApplicationProperties:184 - Using Application install path: D:\STM32IDE\STM32CubeIDE_1.13.1\STM32CubeIDE\plugins\com.st.stm32cube.common.mx_6.9.2.202309101412
2023-09-19 16:46:20,168 [INFO] PluginManage:196 - Search for loadable plugins [exclusion list=, ]
2023-09-19 16:46:20,169 [INFO] PluginManage:310 - Check plugin analytics
2023-09-19 16:46:20,334 [INFO] AnalyticsPlugin:253 - Accepted Software Licenses: 
2023-09-19 16:46:20,334 [INFO] AnalyticsPlugin:255 - Accepted CMSIS Pack Licenses: 
2023-09-19 16:46:20,334 [INFO] AnalyticsPlugin:257 - Accepted Firmware Licenses: 
2023-09-19 16:46:20,337 [INFO] PluginManage:359 - Loaded plugin analytics (category:tool,tabindex:-1)
2023-09-19 16:46:20,338 [INFO] PluginManage:310 - Check plugin cadmodel
2023-09-19 16:46:20,342 [INFO] CADModel:105 - Init CAD model plugin
2023-09-19 16:46:20,342 [INFO] PluginManage:359 - Loaded plugin cadmodel (category:power,tabindex:5)
2023-09-19 16:46:20,342 [INFO] PluginManage:310 - Check plugin clock
2023-09-19 16:46:20,352 [INFO] PluginManage:359 - Loaded plugin clock (category:base,tabindex:2)
2023-09-19 16:46:20,352 [INFO] PluginManage:310 - Check plugin ddr
2023-09-19 16:46:20,355 [INFO] PluginManage:359 - Loaded plugin ddr (category:tool,tabindex:6)
2023-09-19 16:46:20,355 [INFO] PluginManage:310 - Check plugin filemanager
2023-09-19 16:46:20,501 [INFO] PluginManage:359 - Loaded plugin filemanager (category:base,tabindex:10)
2023-09-19 16:46:20,501 [INFO] PluginManage:310 - Check plugin ipmanager
2023-09-19 16:46:20,510 [INFO] PluginManage:359 - Loaded plugin ipmanager (category:base,tabindex:5)
2023-09-19 16:46:20,510 [INFO] PluginManage:310 - Check plugin lpbam
2023-09-19 16:46:20,519 [INFO] PluginManage:359 - Loaded plugin lpbam (category:base,tabindex:0)
2023-09-19 16:46:20,520 [INFO] PluginManage:310 - Check plugin memorymap
2023-09-19 16:46:20,529 [INFO] PluginManage:359 - Loaded plugin memorymap (category:base,tabindex:4)
2023-09-19 16:46:20,529 [INFO] PluginManage:310 - Check plugin pinoutandconfiguration
2023-09-19 16:46:20,536 [INFO] PluginManage:359 - Loaded plugin pinoutandconfiguration (category:base,tabindex:1)
2023-09-19 16:46:20,536 [INFO] PluginManage:310 - Check plugin pinoutconfig
2023-09-19 16:46:20,614 [WARN] SupportedApi:132 - Cannot load RTOS API schema: s4s-elt-must-match.1: The content of 'definitions' must match (annotation?, (simpleType | complexType)?, (unique | key | keyref)*)). A problem was found starting at: attribute.
2023-09-19 16:46:20,747 [INFO] PluginManage:359 - Loaded plugin pinoutconfig (category:base,tabindex:0)
2023-09-19 16:46:20,747 [INFO] PluginManage:310 - Check plugin power
2023-09-19 16:46:20,756 [INFO] PluginManage:359 - Loaded plugin power (category:power,tabindex:4)
2023-09-19 16:46:20,756 [INFO] PluginManage:310 - Check plugin projectmanager
2023-09-19 16:46:20,772 [INFO] PluginManage:359 - Loaded plugin projectmanager (category:projectmanager,tabindex:3)
2023-09-19 16:46:20,772 [INFO] PluginManage:310 - Check plugin thirdparty
2023-09-19 16:46:20,910 [WARN] IntegrityCheckThread:84 - waiting for thirdparty lock release [integrity check]
2023-09-19 16:46:20,911 [INFO] IntegrityCheckThread:86 - entering critical section [integrity check]
2023-09-19 16:46:20,911 [INFO] PluginManage:359 - Loaded plugin thirdparty (category:base,tabindex:-1)
2023-09-19 16:46:20,911 [INFO] PluginManage:310 - Check plugin tools
2023-09-19 16:46:20,912 [INFO] ThirdPartyUpdaterWithRetryManager:70 - Updater plugin not ready yet. [1/15]
2023-09-19 16:46:20,915 [INFO] PluginManage:359 - Loaded plugin tools (category:base,tabindex:7)
2023-09-19 16:46:20,915 [INFO] PluginManage:310 - Check plugin tutovideos
2023-09-19 16:46:21,056 [INFO] PluginManage:359 - Loaded plugin tutovideos (category:base,tabindex:-1)
2023-09-19 16:46:21,056 [INFO] PluginManage:310 - Check plugin updater
2023-09-19 16:46:21,066 [INFO] PluginManage:359 - Loaded plugin updater (category:base,tabindex:12)
2023-09-19 16:46:21,066 [INFO] PluginManage:310 - Check plugin userauth
2023-09-19 16:46:21,071 [INFO] UserAuth:113 - Init User Auth plugin
2023-09-19 16:46:21,071 [INFO] PluginManage:359 - Loaded plugin userauth (category:base,tabindex:14)
2023-09-19 16:46:21,071 [INFO] PluginManage:283 - PluginManage : Loaded plugins [17]
2023-09-19 16:46:21,279 [INFO] PinOutPanel:1499 - setPackage(No Configuration,No Configuration)
2023-09-19 16:46:21,377 [INFO] CADModel:165 - CPN selected for project level
2023-09-19 16:46:21,378 [INFO] CADModel:114 - Register for checkConnection events
2023-09-19 16:46:21,391 [INFO] IPUIPlugin:80 - create IPUIPlugin
2023-09-19 16:46:21,391 [INFO] PluginManager:220 - loadIPPluginJar : add adc
2023-09-19 16:46:21,393 [INFO] IPUIPlugin:80 - create IPUIPlugin
2023-09-19 16:46:21,393 [INFO] PluginManager:220 - loadIPPluginJar : add aes
2023-09-19 16:46:21,395 [INFO] IPUIPlugin:80 - create IPUIPlugin
2023-09-19 16:46:21,396 [INFO] PluginManager:220 - loadIPPluginJar : add can
2023-09-19 16:46:21,397 [INFO] IPUIPlugin:80 - create IPUIPlugin
2023-09-19 16:46:21,397 [INFO] PluginManager:220 - loadIPPluginJar : add comp
2023-09-19 16:46:21,399 [INFO] IPUIPlugin:80 - create IPUIPlugin
2023-09-19 16:46:21,399 [INFO] PluginManager:220 - loadIPPluginJar : add cryp
2023-09-19 16:46:21,401 [INFO] IPUIPlugin:80 - create IPUIPlugin
2023-09-19 16:46:21,401 [INFO] PluginManager:220 - loadIPPluginJar : add dfsdm
2023-09-19 16:46:21,407 [INFO] IPUIPlugin:80 - create IPUIPlugin
2023-09-19 16:46:21,408 [INFO] PluginManager:220 - loadIPPluginJar : add dma
2023-09-19 16:46:21,410 [INFO] IPUIPlugin:80 - create IPUIPlugin
2023-09-19 16:46:21,410 [INFO] PluginManager:220 - loadIPPluginJar : add dma3
2023-09-19 16:46:21,411 [INFO] IPUIPlugin:80 - create IPUIPlugin
2023-09-19 16:46:21,412 [INFO] PluginManager:220 - loadIPPluginJar : add fatfs
2023-09-19 16:46:21,416 [INFO] IPUIPlugin:80 - create IPUIPlugin
2023-09-19 16:46:21,416 [INFO] PluginManager:220 - loadIPPluginJar : add fmc
2023-09-19 16:46:21,421 [INFO] IPUIPlugin:80 - create IPUIPlugin
2023-09-19 16:46:21,421 [INFO] PluginManager:220 - loadIPPluginJar : add freertos
2023-09-19 16:46:21,422 [INFO] IPUIPlugin:80 - create IPUIPlugin
2023-09-19 16:46:21,422 [INFO] PluginManager:220 - loadIPPluginJar : add genericplugin
2023-09-19 16:46:21,424 [INFO] IPUIPlugin:80 - create IPUIPlugin
2023-09-19 16:46:21,424 [INFO] PluginManager:220 - loadIPPluginJar : add gfxmmu
2023-09-19 16:46:21,429 [INFO] IPUIPlugin:80 - create IPUIPlugin
2023-09-19 16:46:21,429 [INFO] PluginManager:220 - loadIPPluginJar : add gic
2023-09-19 16:46:21,434 [INFO] IPUIPlugin:80 - create IPUIPlugin
2023-09-19 16:46:21,434 [INFO] PluginManager:220 - loadIPPluginJar : add gpio
2023-09-19 16:46:21,437 [INFO] IPUIPlugin:80 - create IPUIPlugin
2023-09-19 16:46:21,437 [INFO] PluginManager:220 - loadIPPluginJar : add gtzc
2023-09-19 16:46:21,439 [INFO] IPUIPlugin:80 - create IPUIPlugin
2023-09-19 16:46:21,440 [INFO] PluginManager:220 - loadIPPluginJar : add hash
2023-09-19 16:46:21,442 [INFO] IPUIPlugin:80 - create IPUIPlugin
2023-09-19 16:46:21,442 [INFO] PluginManager:220 - loadIPPluginJar : add i2c
2023-09-19 16:46:21,445 [INFO] IPUIPlugin:80 - create IPUIPlugin
2023-09-19 16:46:21,445 [INFO] PluginManager:220 - loadIPPluginJar : add i2s
2023-09-19 16:46:21,448 [INFO] IPUIPlugin:80 - create IPUIPlugin
2023-09-19 16:46:21,448 [INFO] PluginManager:220 - loadIPPluginJar : add i3c
2023-09-19 16:46:21,451 [INFO] IPUIPlugin:80 - create IPUIPlugin
2023-09-19 16:46:21,451 [INFO] PluginManager:220 - loadIPPluginJar : add ipddr
2023-09-19 16:46:21,458 [INFO] IPUIPlugin:80 - create IPUIPlugin
2023-09-19 16:46:21,458 [INFO] PluginManager:220 - loadIPPluginJar : add linkedlist
2023-09-19 16:46:21,460 [INFO] IPUIPlugin:80 - create IPUIPlugin
2023-09-19 16:46:21,461 [INFO] PluginManager:220 - loadIPPluginJar : add lorawan
2023-09-19 16:46:21,462 [INFO] IPUIPlugin:80 - create IPUIPlugin
2023-09-19 16:46:21,462 [INFO] PluginManager:220 - loadIPPluginJar : add ltdc
2023-09-19 16:46:21,467 [INFO] IPUIPlugin:80 - create IPUIPlugin
2023-09-19 16:46:21,467 [INFO] PluginManager:220 - loadIPPluginJar : add mdma
2023-09-19 16:46:21,473 [INFO] IPUIPlugin:80 - create IPUIPlugin
2023-09-19 16:46:21,474 [INFO] PluginManager:220 - loadIPPluginJar : add nvic
2023-09-19 16:46:21,476 [INFO] IPUIPlugin:80 - create IPUIPlugin
2023-09-19 16:46:21,476 [INFO] PluginManager:220 - loadIPPluginJar : add opamp
2023-09-19 16:46:21,479 [INFO] IPUIPlugin:80 - create IPUIPlugin
2023-09-19 16:46:21,479 [INFO] PluginManager:220 - loadIPPluginJar : add openamp
2023-09-19 16:46:21,481 [INFO] IPUIPlugin:80 - create IPUIPlugin
2023-09-19 16:46:21,481 [INFO] PluginManager:220 - loadIPPluginJar : add pdm2pcm
2023-09-19 16:46:21,487 [INFO] IPUIPlugin:80 - create IPUIPlugin
2023-09-19 16:46:21,490 [INFO] PluginManager:220 - loadIPPluginJar : add plateformsettings
2023-09-19 16:46:21,491 [INFO] IPUIPlugin:80 - create IPUIPlugin
2023-09-19 16:46:21,491 [INFO] PluginManager:220 - loadIPPluginJar : add quadspi
2023-09-19 16:46:21,495 [INFO] IPUIPlugin:80 - create IPUIPlugin
2023-09-19 16:46:21,495 [INFO] PluginManager:220 - loadIPPluginJar : add resmgrutility
2023-09-19 16:46:21,497 [INFO] IPUIPlugin:80 - create IPUIPlugin
2023-09-19 16:46:21,497 [INFO] PluginManager:220 - loadIPPluginJar : add sai
2023-09-19 16:46:21,500 [INFO] IPUIPlugin:80 - create IPUIPlugin
2023-09-19 16:46:21,500 [INFO] PluginManager:220 - loadIPPluginJar : add spi
2023-09-19 16:46:21,505 [INFO] IPUIPlugin:80 - create IPUIPlugin
2023-09-19 16:46:21,505 [INFO] PluginManager:220 - loadIPPluginJar : add stm32_wpan
2023-09-19 16:46:21,507 [INFO] IPUIPlugin:80 - create IPUIPlugin
2023-09-19 16:46:21,507 [INFO] PluginManager:220 - loadIPPluginJar : add tim
2023-09-19 16:46:21,510 [INFO] IPUIPlugin:80 - create IPUIPlugin
2023-09-19 16:46:21,510 [INFO] PluginManager:220 - loadIPPluginJar : add touchsensing
2023-09-19 16:46:21,512 [INFO] IPUIPlugin:80 - create IPUIPlugin
2023-09-19 16:46:21,512 [INFO] PluginManager:220 - loadIPPluginJar : add tracer_emb
2023-09-19 16:46:21,514 [INFO] IPUIPlugin:80 - create IPUIPlugin
2023-09-19 16:46:21,514 [INFO] PluginManager:220 - loadIPPluginJar : add ts
2023-09-19 16:46:21,515 [INFO] IPUIPlugin:80 - create IPUIPlugin
2023-09-19 16:46:21,515 [INFO] PluginManager:220 - loadIPPluginJar : add tsc
2023-09-19 16:46:21,517 [INFO] IPUIPlugin:80 - create IPUIPlugin
2023-09-19 16:46:21,517 [INFO] PluginManager:220 - loadIPPluginJar : add ucpd
2023-09-19 16:46:21,519 [INFO] IPUIPlugin:80 - create IPUIPlugin
2023-09-19 16:46:21,520 [INFO] PluginManager:220 - loadIPPluginJar : add usart
2023-09-19 16:46:21,523 [INFO] IPUIPlugin:80 - create IPUIPlugin
2023-09-19 16:46:21,523 [INFO] PluginManager:220 - loadIPPluginJar : add usbx
2023-09-19 16:46:21,641 [INFO] CADModel:165 - CPN selected for project level
2023-09-19 16:46:21,641 [INFO] CADModel:114 - Register for checkConnection events
2023-09-19 16:46:21,641 [FATAL] Updater:308 - Updater called before beeing initialized
2023-09-19 16:46:21,641 [ERROR] CADModel:125 - Updater not yet initialized, retry later 
2023-09-19 16:46:21,767 [INFO] CADModel:165 - CPN selected for project level
2023-09-19 16:46:21,768 [INFO] CADModel:114 - Register for checkConnection events
2023-09-19 16:46:21,768 [FATAL] Updater:308 - Updater called before beeing initialized
2023-09-19 16:46:21,768 [ERROR] CADModel:125 - Updater not yet initialized, retry later 
2023-09-19 16:46:21,771 [FATAL] Updater:308 - Updater called before beeing initialized
2023-09-19 16:46:21,869 [FATAL] Updater:308 - Updater called before beeing initialized
2023-09-19 16:46:21,874 [INFO] DbMcusAds:53 - JSON generation date=Tue Mar 07 14:20:55 IST 2023 (1678179055114)
2023-09-19 16:46:21,875 [FATAL] Updater:308 - Updater called before beeing initialized
2023-09-19 16:46:21,902 [WARN] DetailPanel:346 - Failed to get advertising image, set to default
2023-09-19 16:46:21,984 [FATAL] Updater:308 - Updater called before beeing initialized
2023-09-19 16:46:21,985 [FATAL] Updater:308 - Updater called before beeing initialized
2023-09-19 16:46:21,985 [FATAL] Updater:308 - Updater called before beeing initialized
2023-09-19 16:46:21,985 [WARN] DetailPanel:346 - Failed to get advertising image, set to default
2023-09-19 16:46:21,987 [FATAL] Updater:308 - Updater called before beeing initialized
2023-09-19 16:46:22,028 [ERROR] Updater:1120 - MainUpdater not yet initialized. External WinMGr cannot be set.
2023-09-19 16:46:22,030 [INFO] Updater:1056 - Updater Version found : 6.9.2
2023-09-19 16:46:22,047 [INFO] ApplicationProperties:184 - Using Application install path: D:\STM32IDE\STM32CubeIDE_1.13.1\STM32CubeIDE\plugins\com.st.stm32cube.common.mx_6.9.2.202309101412
2023-09-19 16:46:22,388 [INFO] MainUpdater:2868 - connection check result : 10
2023-09-19 16:46:22,389 [INFO] MainUpdater:285 - Updater Check For Update Now.
2023-09-19 16:46:22,389 [INFO] MicroXplorer:498 - Change Database Version : DB.6.0.92
2023-09-19 16:46:22,406 [INFO] McuFinderGlobals:63 - Set McuFinder mode to 2 (CubeIDE integrated)
2023-09-19 16:46:22,407 [INFO] UserAuth:179 - activating auth plugin
2023-09-19 16:46:22,410 [INFO] UserAuth:393 - Internet connection configuration mode: 1
2023-09-19 16:46:22,460 [INFO] JxBrowserEngine:151 - Initiate JxBrowser Engine with user profile folder
2023-09-19 16:46:22,567 [INFO] CheckServerUpdateThread:120 - End of CheckServer Thread
2023-09-19 16:46:23,106 [INFO] WebApp:157 - Instantiating new browser for Auth
2023-09-19 16:46:23,522 [INFO] WebApp:753 - Register for checkConnection events
2023-09-19 16:46:23,523 [INFO] WebApp:390 - Apply proxy settings
2023-09-19 16:46:23,523 [INFO] WebApp:475 - Chromium requires no authentication
2023-09-19 16:46:23,528 [INFO] WebApp:418 - Direct internet connection detected
2023-09-19 16:46:23,677 [INFO] WebApp:188 - Starting web application
2023-09-19 16:46:23,678 [INFO] WebApp:520 - Web application path used D:\STM32IDE\STM32CubeIDE_1.13.1\STM32CubeIDE\plugins\com.st.stm32cube.common.mx_6.9.2.202309101412\db\plugins\mcufinder\reactClient1\index.html
2023-09-19 16:46:24,042 [WARN] PackLoader:240 - Cannot read IP mode file for STMicroelectronics.X-CUBE-SMBUS.2.1.0
2023-09-19 16:46:24,084 [WARN] PackLoader:240 - Cannot read IP mode file for STMicroelectronics.X-CUBE-AZRTOS-F7.1.1.0
2023-09-19 16:46:24,097 [WARN] PackLoader:240 - Cannot read IP mode file for STMicroelectronics.FP-SNS-MOTENV1.4.3.2
2023-09-19 16:46:24,103 [WARN] PackLoader:240 - Cannot read IP mode file for STMicroelectronics.FP-SNS-FLIGHT1.5.0.2
2023-09-19 16:46:24,115 [WARN] PackLoader:240 - Cannot read IP mode file for STMicroelectronics.X-CUBE-DISPLAY.3.0.0
2023-09-19 16:46:24,136 [WARN] PackLoader:240 - Cannot read IP mode file for STMicroelectronics.X-CUBE-BLE1.7.0.0
2023-09-19 16:46:24,143 [WARN] PackLoader:240 - Cannot read IP mode file for emotas.I-CUBE-CANOPEN.1.3.0
2023-09-19 16:46:24,152 [WARN] PackLoader:240 - Cannot read IP mode file for STMicroelectronics.X-CUBE-TOUCHGFX.4.22.0
2023-09-19 16:46:24,157 [WARN] PackLoader:240 - Cannot read IP mode file for STMicroelectronics.FP-SNS-SMARTAG2.1.2.0
2023-09-19 16:46:24,172 [INFO] LogOutputStream:77 - [STDOUT_REDIRECT] 1 : Invalid condition id : UX_CORESTACK_Condition cause : null
2023-09-19 16:46:24,174 [INFO] LogOutputStream:77 - [STDOUT_REDIRECT] 1 : Invalid condition id : UX_CORESTACK_Condition cause : null
2023-09-19 16:46:24,175 [INFO] LogOutputStream:77 - [STDOUT_REDIRECT] 1 : Invalid condition id : UX_CORESTACK_Condition cause : null
2023-09-19 16:46:24,177 [INFO] LogOutputStream:77 - [STDOUT_REDIRECT] 1 : Invalid condition id : UX_CORESTACK_Condition cause : null
2023-09-19 16:46:24,179 [INFO] LogOutputStream:77 - [STDOUT_REDIRECT] 1 : Invalid condition id : UX_CORESTACK_Condition cause : null
2023-09-19 16:46:24,183 [WARN] PackLoader:240 - Cannot read IP mode file for STMicroelectronics.X-CUBE-AZRTOS-WL.2.0.0
2023-09-19 16:46:24,198 [WARN] PackLoader:240 - Cannot read IP mode file for WES.I-CUBE-Cesium.1.3.0
2023-09-19 16:46:24,204 [WARN] PackLoader:240 - Cannot read IP mode file for STMicroelectronics.X-CUBE-BLE2.3.3.0
2023-09-19 16:46:24,211 [WARN] PackLoader:240 - Cannot read IP mode file for STMicroelectronics.X-CUBE-ALGOBUILD.1.3.0
2023-09-19 16:46:24,236 [WARN] PackLoader:240 - Cannot read IP mode file for STMicroelectronics.X-CUBE-AZRTOS-G0.1.1.0
2023-09-19 16:46:24,245 [WARN] PackLoader:240 - Cannot read IP mode file for STMicroelectronics.X-CUBE-NFC4.3.0.0
2023-09-19 16:46:24,251 [WARN] PackLoader:240 - Cannot read IP mode file for STMicroelectronics.FP-ATR-SIGFOX1.3.2.0
2023-09-19 16:46:24,282 [WARN] PackLoader:240 - Cannot read IP mode file for SEGGER.I-CUBE-embOS.1.3.1
2023-09-19 16:46:24,316 [WARN] PackLoader:240 - Cannot read IP mode file for STMicroelectronics.X-CUBE-GNSS1.6.0.0
2023-09-19 16:46:24,329 [WARN] PackLoader:240 - Cannot read IP mode file for STMicroelectronics.X-CUBE-AZRTOS-F4.1.1.0
2023-09-19 16:46:24,335 [WARN] PackLoader:240 - Cannot read IP mode file for wolfSSL.I-CUBE-wolfSSL.5.6.3
2023-09-19 16:46:24,348 [WARN] PackLoader:240 - Cannot read IP mode file for STMicroelectronics.X-CUBE-AZRTOS-L5.2.0.0
2023-09-19 16:46:24,382 [WARN] PackLoader:240 - Cannot read IP mode file for STMicroelectronics.X-CUBE-MEMS1.9.6.0
2023-09-19 16:46:24,505 [WARN] PackLoader:240 - Cannot read IP mode file for STMicroelectronics.X-CUBE-BLEMGR.2.0.0
2023-09-19 16:46:24,519 [WARN] ConditionMgr:438 - getConditionDescription Invalid condition id : UX DEVICE CLASS RTOS Condition cause : null
2023-09-19 16:46:24,519 [WARN] ConditionMgr:438 - getConditionDescription Invalid condition id : UX DEVICE CLASS RTOS Condition cause : null
2023-09-19 16:46:24,522 [WARN] PackLoader:240 - Cannot read IP mode file for STMicroelectronics.X-CUBE-AZRTOS-H7.3.1.0
2023-09-19 16:46:24,523 [WARN] ConditionMgr:1039 - genDependencies : Invalid condition id : UX DEVICE CLASS RTOS Condition cause : null
2023-09-19 16:46:24,523 [WARN] ConditionMgr:1039 - genDependencies : Invalid condition id : UX DEVICE CLASS RTOS Condition cause : null
2023-09-19 16:46:24,523 [WARN] ConditionMgr:1039 - genDependencies : Invalid condition id : UX DEVICE CLASS RTOS Condition cause : null
2023-09-19 16:46:24,524 [WARN] ConditionMgr:1039 - genDependencies : Invalid condition id : UX DEVICE CLASS RTOS Condition cause : null
2023-09-19 16:46:24,524 [WARN] ConditionMgr:1039 - genDependencies : Invalid condition id : UX DEVICE CLASS RTOS Condition cause : null
2023-09-19 16:46:24,530 [WARN] PackLoader:240 - Cannot read IP mode file for STMicroelectronics.X-CUBE-NFC7.1.0.1
2023-09-19 16:46:24,537 [WARN] PackLoader:240 - Cannot read IP mode file for STMicroelectronics.X-CUBE-NFC6.3.0.0
2023-09-19 16:46:24,543 [WARN] PackLoader:240 - Cannot read IP mode file for STMicroelectronics.X-CUBE-EEPRMA1.4.1.0
2023-09-19 16:46:24,547 [WARN] PackLoader:240 - Cannot read IP mode file for STMicroelectronics.X-CUBE-AI.8.1.0
2023-09-19 16:46:24,560 [WARN] ConditionMgr:438 - getConditionDescription Invalid condition id : LAN8742 Phy interface Condition cause : null
2023-09-19 16:46:24,561 [WARN] PackLoader:240 - Cannot read IP mode file for STMicroelectronics.X-CUBE-AZRTOS-L4.2.0.0
2023-09-19 16:46:24,562 [WARN] ConditionMgr:1039 - genDependencies : Invalid condition id : LAN8742 Phy interface Condition cause : null
2023-09-19 16:46:24,563 [WARN] ConditionMgr:1039 - genDependencies : Invalid condition id : LAN8742 Phy interface Condition cause : null
2023-09-19 16:46:24,563 [WARN] ConditionMgr:1039 - genDependencies : Invalid condition id : LAN8742 Phy interface Condition cause : null
2023-09-19 16:46:24,573 [WARN] PackLoader:240 - Cannot read IP mode file for STMicroelectronics.X-CUBE-SFXS2LP1.4.0.0
2023-09-19 16:46:24,579 [WARN] PackLoader:240 - Cannot read IP mode file for STMicroelectronics.X-CUBE-ISPU.1.1.0
2023-09-19 16:46:24,590 [WARN] ConditionMgr:438 - getConditionDescription Invalid condition id : UX DEVICE CLASS RTOS Condition cause : null
2023-09-19 16:46:24,590 [WARN] ConditionMgr:438 - getConditionDescription Invalid condition id : UX DEVICE CLASS RTOS Condition cause : null
2023-09-19 16:46:24,593 [WARN] PackLoader:240 - Cannot read IP mode file for STMicroelectronics.X-CUBE-AZRTOS-WB.2.0.0
2023-09-19 16:46:24,594 [WARN] ConditionMgr:1039 - genDependencies : Invalid condition id : UX DEVICE CLASS RTOS Condition cause : null
2023-09-19 16:46:24,594 [WARN] ConditionMgr:1039 - genDependencies : Invalid condition id : UX DEVICE CLASS RTOS Condition cause : null
2023-09-19 16:46:24,595 [WARN] ConditionMgr:1039 - genDependencies : Invalid condition id : UX DEVICE CLASS RTOS Condition cause : null
2023-09-19 16:46:24,595 [WARN] ConditionMgr:1039 - genDependencies : Invalid condition id : UX DEVICE CLASS RTOS Condition cause : null
2023-09-19 16:46:24,595 [WARN] ConditionMgr:1039 - genDependencies : Invalid condition id : UX DEVICE CLASS RTOS Condition cause : null
2023-09-19 16:46:24,605 [WARN] PackLoader:240 - Cannot read IP mode file for STMicroelectronics.X-CUBE-SUBG2.5.0.0
2023-09-19 16:46:24,617 [WARN] PackLoader:240 - Cannot read IP mode file for STMicroelectronics.X-CUBE-TOF1.3.3.1
2023-09-19 16:46:24,634 [WARN] PackLoader:240 - Cannot read IP mode file for STMicroelectronics.X-CUBE-AZRTOS-G4.2.0.0
2023-09-19 16:46:24,641 [WARN] PackLoader:240 - Cannot read IP mode file for STMicroelectronics.X-CUBE-FREERTOS.1.1.0
2023-09-19 16:46:24,647 [WARN] PackLoader:240 - Cannot read IP mode file for portGmbH.I-Cube-SoM-uGOAL.1.1.0
2023-09-19 16:46:24,652 [WARN] PackLoader:240 - Cannot read IP mode file for STMicroelectronics.X-CUBE-ALS.1.0.1
2023-09-19 16:46:24,657 [WARN] PackLoader:240 - Cannot read IP mode file for STMicroelectronics.FP-ATR-ASTRA1.2.0.0
2023-09-19 16:46:24,658 [INFO] ThirdParty:978 - Integrity check success = true
2023-09-19 16:46:24,659 [INFO] IntegrityCheckThread:100 - exiting critical section [integrity check]
2023-09-19 16:46:24,659 [INFO] IntegrityCheckThread:103 - End integrity checks thread
2023-09-19 16:46:38,927 [ERROR] LogOutputStream:75 - [STDERR_REDIRECT] SLF4J: Failed to load class "org.slf4j.impl.StaticLoggerBinder".
2023-09-19 16:46:38,928 [ERROR] LogOutputStream:75 - [STDERR_REDIRECT] SLF4J: Defaulting to no-operation (NOP) logger implementation
2023-09-19 16:46:38,929 [ERROR] LogOutputStream:75 - [STDERR_REDIRECT] SLF4J: See http://www.slf4j.org/codes.html#StaticLoggerBinder for further details.
2023-09-19 18:16:41,714 [ERROR] LogOutputStream:75 - [STDERR_REDIRECT] 
2023-09-19 20:02:02,773 [INFO] Activator:176 - 


2023-09-19 20:02:02,774 [INFO] Activator:177 - !SESSION log4j initialized
2023-09-19 20:02:06,963 [INFO] LogOutputStream:77 - [STDOUT_REDIRECT] 
2023-09-19 20:02:10,587 [INFO] ApplicationProperties:184 - Using Application install path: D:\STM32IDE\STM32CubeIDE_1.13.1\STM32CubeIDE\plugins\com.st.stm32cube.common.mx_6.9.2.202309101412
2023-09-19 20:02:10,617 [INFO] DbMcusXml:78 - Set database path to: D:\STM32IDE\STM32CubeIDE_1.13.1\STM32CubeIDE\plugins\com.st.stm32cube.common.mx_6.9.2.202309101412\\db\/mcu/
2023-09-19 20:02:10,617 [INFO] ApiDb:274 - Set plugin database path to: D:\STM32IDE\STM32CubeIDE_1.13.1\STM32CubeIDE\plugins\com.st.stm32cube.common.mx_6.9.2.202309101412\\db\/plugins/boardmanager/
2023-09-19 20:02:10,617 [WARN] ApiDb:259 - Overriding images path with different value:  => D:\STM32IDE\STM32CubeIDE_1.13.1\STM32CubeIDE\plugins\com.st.stm32cube.common.mx_6.9.2.202309101412\\db\/plugins/mcufinder/images/
2023-09-19 20:02:10,642 [INFO] ApiDb:250 - Set database path to: C:\Users\ARYAN\.stmcufinder\plugins\mcufinder//mcu/
2023-09-19 20:02:10,645 [INFO] DbMcusAds:125 - Set database path to: C:\Users\ARYAN\.stmcufinder\plugins\mcufinder//mcu/
2023-09-19 20:02:10,649 [INFO] CrossReferenceDbSqlite:203 - Set database path to: C:\Users\ARYAN\.stmcufinder\plugins\mcufinder//mcu/cs/
2023-09-19 20:02:10,792 [INFO] RulesReader:64 - Compatibility file has been processed (293 Rules)
2023-09-19 20:02:10,913 [INFO] DbMcusXml:78 - Set database path to: D:\STM32IDE\STM32CubeIDE_1.13.1\STM32CubeIDE\plugins\com.st.stm32cube.common.mx_6.9.2.202309101412\\db\/mcu/
2023-09-19 20:02:10,913 [INFO] ApiDb:274 - Set plugin database path to: D:\STM32IDE\STM32CubeIDE_1.13.1\STM32CubeIDE\plugins\com.st.stm32cube.common.mx_6.9.2.202309101412\\db\/plugins/boardmanager/
2023-09-19 20:02:10,914 [INFO] ApiDb:261 - Set plugin images path to: D:\STM32IDE\STM32CubeIDE_1.13.1\STM32CubeIDE\plugins\com.st.stm32cube.common.mx_6.9.2.202309101412\\db\/plugins/mcufinder/images/
2023-09-19 20:02:10,914 [WARN] DbFile:41 - Overriding database path with different value: C:\Users\ARYAN\.stmcufinder\plugins\mcufinder/ => C:\Users\ARYAN\.stmcufinder\plugins\mcufinder
2023-09-19 20:02:10,915 [INFO] ApiDb:250 - Set database path to: C:\Users\ARYAN\.stmcufinder\plugins\mcufinder//mcu/
2023-09-19 20:02:10,915 [WARN] DbFile:41 - Overriding database path with different value: C:\Users\ARYAN\.stmcufinder\plugins\mcufinder/ => C:\Users\ARYAN\.stmcufinder\plugins\mcufinder
2023-09-19 20:02:10,915 [INFO] DbMcusAds:125 - Set database path to: C:\Users\ARYAN\.stmcufinder\plugins\mcufinder//mcu/
2023-09-19 20:02:10,915 [WARN] DbFile:41 - Overriding database path with different value: C:\Users\ARYAN\.stmcufinder\plugins\mcufinder/ => C:\Users\ARYAN\.stmcufinder\plugins\mcufinder
2023-09-19 20:02:10,915 [WARN] DbFile:41 - Overriding database path with different value: C:\Users\ARYAN\.stmcufinder\plugins\mcufinder/ => C:\Users\ARYAN\.stmcufinder\plugins\mcufinder
2023-09-19 20:02:10,915 [INFO] CrossReferenceDbSqlite:203 - Set database path to: C:\Users\ARYAN\.stmcufinder\plugins\mcufinder//mcu/cs/
2023-09-19 20:02:11,016 [INFO] MainPanel:262 - HeapMemory: 268435456
2023-09-19 20:02:11,134 [INFO] DbMcusXml:78 - Set database path to: D:\STM32IDE\STM32CubeIDE_1.13.1\STM32CubeIDE\plugins\com.st.stm32cube.common.mx_6.9.2.202309101412\\db\/mcu/
2023-09-19 20:02:11,134 [INFO] ApiDb:274 - Set plugin database path to: D:\STM32IDE\STM32CubeIDE_1.13.1\STM32CubeIDE\plugins\com.st.stm32cube.common.mx_6.9.2.202309101412\\db\/plugins/boardmanager/
2023-09-19 20:02:11,134 [INFO] ApiDb:261 - Set plugin images path to: D:\STM32IDE\STM32CubeIDE_1.13.1\STM32CubeIDE\plugins\com.st.stm32cube.common.mx_6.9.2.202309101412\\db\/plugins/mcufinder/images/
2023-09-19 20:02:11,134 [WARN] DbFile:41 - Overriding database path with different value: C:\Users\ARYAN\.stmcufinder\plugins\mcufinder/ => C:\Users\ARYAN\.stmcufinder\plugins\mcufinder
2023-09-19 20:02:11,134 [INFO] ApiDb:250 - Set database path to: C:\Users\ARYAN\.stmcufinder\plugins\mcufinder//mcu/
2023-09-19 20:02:11,134 [WARN] DbFile:41 - Overriding database path with different value: C:\Users\ARYAN\.stmcufinder\plugins\mcufinder/ => C:\Users\ARYAN\.stmcufinder\plugins\mcufinder
2023-09-19 20:02:11,135 [INFO] DbMcusAds:125 - Set database path to: C:\Users\ARYAN\.stmcufinder\plugins\mcufinder//mcu/
2023-09-19 20:02:11,135 [WARN] DbFile:41 - Overriding database path with different value: C:\Users\ARYAN\.stmcufinder\plugins\mcufinder/ => C:\Users\ARYAN\.stmcufinder\plugins\mcufinder
2023-09-19 20:02:11,135 [WARN] DbFile:41 - Overriding database path with different value: C:\Users\ARYAN\.stmcufinder\plugins\mcufinder/ => C:\Users\ARYAN\.stmcufinder\plugins\mcufinder
2023-09-19 20:02:11,135 [INFO] CrossReferenceDbSqlite:203 - Set database path to: C:\Users\ARYAN\.stmcufinder\plugins\mcufinder//mcu/cs/
2023-09-19 20:02:11,175 [INFO] ApplicationProperties:184 - Using Application install path: D:\STM32IDE\STM32CubeIDE_1.13.1\STM32CubeIDE\plugins\com.st.stm32cube.common.mx_6.9.2.202309101412
2023-09-19 20:02:11,177 [INFO] PluginManage:196 - Search for loadable plugins [exclusion list=, ]
2023-09-19 20:02:11,179 [INFO] PluginManage:310 - Check plugin analytics
2023-09-19 20:02:11,386 [INFO] AnalyticsPlugin:253 - Accepted Software Licenses: 
2023-09-19 20:02:11,386 [INFO] AnalyticsPlugin:255 - Accepted CMSIS Pack Licenses: 
2023-09-19 20:02:11,386 [INFO] AnalyticsPlugin:257 - Accepted Firmware Licenses: 
2023-09-19 20:02:11,391 [INFO] PluginManage:359 - Loaded plugin analytics (category:tool,tabindex:-1)
2023-09-19 20:02:11,391 [INFO] PluginManage:310 - Check plugin cadmodel
2023-09-19 20:02:11,409 [INFO] CADModel:105 - Init CAD model plugin
2023-09-19 20:02:11,409 [INFO] PluginManage:359 - Loaded plugin cadmodel (category:power,tabindex:5)
2023-09-19 20:02:11,409 [INFO] PluginManage:310 - Check plugin clock
2023-09-19 20:02:11,435 [INFO] PluginManage:359 - Loaded plugin clock (category:base,tabindex:2)
2023-09-19 20:02:11,435 [INFO] PluginManage:310 - Check plugin ddr
2023-09-19 20:02:11,439 [INFO] PluginManage:359 - Loaded plugin ddr (category:tool,tabindex:6)
2023-09-19 20:02:11,439 [INFO] PluginManage:310 - Check plugin filemanager
2023-09-19 20:02:11,597 [INFO] PluginManage:359 - Loaded plugin filemanager (category:base,tabindex:10)
2023-09-19 20:02:11,597 [INFO] PluginManage:310 - Check plugin ipmanager
2023-09-19 20:02:11,606 [INFO] PluginManage:359 - Loaded plugin ipmanager (category:base,tabindex:5)
2023-09-19 20:02:11,606 [INFO] PluginManage:310 - Check plugin lpbam
2023-09-19 20:02:11,623 [INFO] PluginManage:359 - Loaded plugin lpbam (category:base,tabindex:0)
2023-09-19 20:02:11,623 [INFO] PluginManage:310 - Check plugin memorymap
2023-09-19 20:02:11,648 [INFO] PluginManage:359 - Loaded plugin memorymap (category:base,tabindex:4)
2023-09-19 20:02:11,648 [INFO] PluginManage:310 - Check plugin pinoutandconfiguration
2023-09-19 20:02:11,664 [INFO] PluginManage:359 - Loaded plugin pinoutandconfiguration (category:base,tabindex:1)
2023-09-19 20:02:11,664 [INFO] PluginManage:310 - Check plugin pinoutconfig
2023-09-19 20:02:11,762 [WARN] SupportedApi:132 - Cannot load RTOS API schema: s4s-elt-must-match.1: The content of 'definitions' must match (annotation?, (simpleType | complexType)?, (unique | key | keyref)*)). A problem was found starting at: attribute.
2023-09-19 20:02:11,918 [INFO] PluginManage:359 - Loaded plugin pinoutconfig (category:base,tabindex:0)
2023-09-19 20:02:11,918 [INFO] PluginManage:310 - Check plugin power
2023-09-19 20:02:11,941 [INFO] PluginManage:359 - Loaded plugin power (category:power,tabindex:4)
2023-09-19 20:02:11,942 [INFO] PluginManage:310 - Check plugin projectmanager
2023-09-19 20:02:11,955 [INFO] PluginManage:359 - Loaded plugin projectmanager (category:projectmanager,tabindex:3)
2023-09-19 20:02:11,956 [INFO] PluginManage:310 - Check plugin thirdparty
2023-09-19 20:02:12,266 [INFO] PluginManage:359 - Loaded plugin thirdparty (category:base,tabindex:-1)
2023-09-19 20:02:12,266 [WARN] IntegrityCheckThread:84 - waiting for thirdparty lock release [integrity check]
2023-09-19 20:02:12,266 [INFO] PluginManage:310 - Check plugin tools
2023-09-19 20:02:12,266 [INFO] IntegrityCheckThread:86 - entering critical section [integrity check]
2023-09-19 20:02:12,267 [INFO] ThirdPartyUpdaterWithRetryManager:70 - Updater plugin not ready yet. [1/15]
2023-09-19 20:02:12,306 [INFO] PluginManage:359 - Loaded plugin tools (category:base,tabindex:7)
2023-09-19 20:02:12,306 [INFO] PluginManage:310 - Check plugin tutovideos
2023-09-19 20:02:12,598 [INFO] PluginManage:359 - Loaded plugin tutovideos (category:base,tabindex:-1)
2023-09-19 20:02:12,598 [INFO] PluginManage:310 - Check plugin updater
2023-09-19 20:02:12,622 [INFO] PluginManage:359 - Loaded plugin updater (category:base,tabindex:12)
2023-09-19 20:02:12,622 [INFO] PluginManage:310 - Check plugin userauth
2023-09-19 20:02:12,630 [INFO] UserAuth:113 - Init User Auth plugin
2023-09-19 20:02:12,630 [INFO] PluginManage:359 - Loaded plugin userauth (category:base,tabindex:14)
2023-09-19 20:02:12,630 [INFO] PluginManage:283 - PluginManage : Loaded plugins [17]
2023-09-19 20:02:12,988 [INFO] PinOutPanel:1499 - setPackage(No Configuration,No Configuration)
2023-09-19 20:02:13,145 [INFO] CADModel:165 - CPN selected for project level
2023-09-19 20:02:13,145 [INFO] CADModel:114 - Register for checkConnection events
2023-09-19 20:02:13,181 [INFO] IPUIPlugin:80 - create IPUIPlugin
2023-09-19 20:02:13,181 [INFO] PluginManager:220 - loadIPPluginJar : add adc
2023-09-19 20:02:13,214 [INFO] IPUIPlugin:80 - create IPUIPlugin
2023-09-19 20:02:13,214 [INFO] PluginManager:220 - loadIPPluginJar : add aes
2023-09-19 20:02:13,250 [INFO] IPUIPlugin:80 - create IPUIPlugin
2023-09-19 20:02:13,250 [INFO] PluginManager:220 - loadIPPluginJar : add can
2023-09-19 20:02:13,271 [INFO] IPUIPlugin:80 - create IPUIPlugin
2023-09-19 20:02:13,272 [INFO] PluginManager:220 - loadIPPluginJar : add comp
2023-09-19 20:02:13,301 [INFO] IPUIPlugin:80 - create IPUIPlugin
2023-09-19 20:02:13,301 [INFO] PluginManager:220 - loadIPPluginJar : add cryp
2023-09-19 20:02:13,330 [INFO] IPUIPlugin:80 - create IPUIPlugin
2023-09-19 20:02:13,330 [INFO] PluginManager:220 - loadIPPluginJar : add dfsdm
2023-09-19 20:02:13,343 [INFO] IPUIPlugin:80 - create IPUIPlugin
2023-09-19 20:02:13,345 [INFO] PluginManager:220 - loadIPPluginJar : add dma
2023-09-19 20:02:13,383 [INFO] IPUIPlugin:80 - create IPUIPlugin
2023-09-19 20:02:13,383 [INFO] PluginManager:220 - loadIPPluginJar : add dma3
2023-09-19 20:02:13,402 [INFO] IPUIPlugin:80 - create IPUIPlugin
2023-09-19 20:02:13,402 [INFO] PluginManager:220 - loadIPPluginJar : add fatfs
2023-09-19 20:02:13,444 [INFO] IPUIPlugin:80 - create IPUIPlugin
2023-09-19 20:02:13,444 [INFO] PluginManager:220 - loadIPPluginJar : add fmc
2023-09-19 20:02:13,458 [INFO] IPUIPlugin:80 - create IPUIPlugin
2023-09-19 20:02:13,458 [INFO] PluginManager:220 - loadIPPluginJar : add freertos
2023-09-19 20:02:13,477 [INFO] IPUIPlugin:80 - create IPUIPlugin
2023-09-19 20:02:13,477 [INFO] PluginManager:220 - loadIPPluginJar : add genericplugin
2023-09-19 20:02:13,561 [INFO] IPUIPlugin:80 - create IPUIPlugin
2023-09-19 20:02:13,561 [INFO] PluginManager:220 - loadIPPluginJar : add gfxmmu
2023-09-19 20:02:13,683 [INFO] IPUIPlugin:80 - create IPUIPlugin
2023-09-19 20:02:13,683 [INFO] PluginManager:220 - loadIPPluginJar : add gic
2023-09-19 20:02:13,694 [INFO] IPUIPlugin:80 - create IPUIPlugin
2023-09-19 20:02:13,696 [INFO] PluginManager:220 - loadIPPluginJar : add gpio
2023-09-19 20:02:13,776 [INFO] IPUIPlugin:80 - create IPUIPlugin
2023-09-19 20:02:13,777 [INFO] PluginManager:220 - loadIPPluginJar : add gtzc
2023-09-19 20:02:13,806 [INFO] IPUIPlugin:80 - create IPUIPlugin
2023-09-19 20:02:13,806 [INFO] PluginManager:220 - loadIPPluginJar : add hash
2023-09-19 20:02:13,855 [INFO] IPUIPlugin:80 - create IPUIPlugin
2023-09-19 20:02:13,855 [INFO] PluginManager:220 - loadIPPluginJar : add i2c
2023-09-19 20:02:13,891 [INFO] IPUIPlugin:80 - create IPUIPlugin
2023-09-19 20:02:13,891 [INFO] PluginManager:220 - loadIPPluginJar : add i2s
2023-09-19 20:02:13,928 [INFO] IPUIPlugin:80 - create IPUIPlugin
2023-09-19 20:02:13,928 [INFO] PluginManager:220 - loadIPPluginJar : add i3c
2023-09-19 20:02:14,018 [INFO] IPUIPlugin:80 - create IPUIPlugin
2023-09-19 20:02:14,018 [INFO] PluginManager:220 - loadIPPluginJar : add ipddr
2023-09-19 20:02:14,107 [INFO] IPUIPlugin:80 - create IPUIPlugin
2023-09-19 20:02:14,107 [INFO] PluginManager:220 - loadIPPluginJar : add linkedlist
2023-09-19 20:02:14,140 [INFO] IPUIPlugin:80 - create IPUIPlugin
2023-09-19 20:02:14,140 [INFO] PluginManager:220 - loadIPPluginJar : add lorawan
2023-09-19 20:02:14,175 [INFO] IPUIPlugin:80 - create IPUIPlugin
2023-09-19 20:02:14,175 [INFO] PluginManager:220 - loadIPPluginJar : add ltdc
2023-09-19 20:02:14,189 [INFO] IPUIPlugin:80 - create IPUIPlugin
2023-09-19 20:02:14,189 [INFO] PluginManager:220 - loadIPPluginJar : add mdma
2023-09-19 20:02:14,201 [INFO] IPUIPlugin:80 - create IPUIPlugin
2023-09-19 20:02:14,201 [INFO] PluginManager:220 - loadIPPluginJar : add nvic
2023-09-19 20:02:14,233 [INFO] IPUIPlugin:80 - create IPUIPlugin
2023-09-19 20:02:14,233 [INFO] PluginManager:220 - loadIPPluginJar : add opamp
2023-09-19 20:02:14,289 [INFO] IPUIPlugin:80 - create IPUIPlugin
2023-09-19 20:02:14,290 [INFO] PluginManager:220 - loadIPPluginJar : add openamp
2023-09-19 20:02:14,327 [INFO] IPUIPlugin:80 - create IPUIPlugin
2023-09-19 20:02:14,327 [INFO] PluginManager:220 - loadIPPluginJar : add pdm2pcm
2023-09-19 20:02:14,342 [INFO] IPUIPlugin:80 - create IPUIPlugin
2023-09-19 20:02:14,344 [INFO] PluginManager:220 - loadIPPluginJar : add plateformsettings
2023-09-19 20:02:14,364 [INFO] IPUIPlugin:80 - create IPUIPlugin
2023-09-19 20:02:14,364 [INFO] PluginManager:220 - loadIPPluginJar : add quadspi
2023-09-19 20:02:14,377 [INFO] IPUIPlugin:80 - create IPUIPlugin
2023-09-19 20:02:14,377 [INFO] PluginManager:220 - loadIPPluginJar : add resmgrutility
2023-09-19 20:02:14,418 [INFO] IPUIPlugin:80 - create IPUIPlugin
2023-09-19 20:02:14,418 [INFO] PluginManager:220 - loadIPPluginJar : add sai
2023-09-19 20:02:14,451 [INFO] IPUIPlugin:80 - create IPUIPlugin
2023-09-19 20:02:14,451 [INFO] PluginManager:220 - loadIPPluginJar : add spi
2023-09-19 20:02:14,502 [INFO] IPUIPlugin:80 - create IPUIPlugin
2023-09-19 20:02:14,503 [INFO] PluginManager:220 - loadIPPluginJar : add stm32_wpan
2023-09-19 20:02:14,523 [INFO] IPUIPlugin:80 - create IPUIPlugin
2023-09-19 20:02:14,523 [INFO] PluginManager:220 - loadIPPluginJar : add tim
2023-09-19 20:02:14,573 [INFO] IPUIPlugin:80 - create IPUIPlugin
2023-09-19 20:02:14,573 [INFO] PluginManager:220 - loadIPPluginJar : add touchsensing
2023-09-19 20:02:14,593 [INFO] IPUIPlugin:80 - create IPUIPlugin
2023-09-19 20:02:14,593 [INFO] PluginManager:220 - loadIPPluginJar : add tracer_emb
2023-09-19 20:02:14,613 [INFO] IPUIPlugin:80 - create IPUIPlugin
2023-09-19 20:02:14,613 [INFO] PluginManager:220 - loadIPPluginJar : add ts
2023-09-19 20:02:14,634 [INFO] IPUIPlugin:80 - create IPUIPlugin
2023-09-19 20:02:14,635 [INFO] PluginManager:220 - loadIPPluginJar : add tsc
2023-09-19 20:02:14,655 [INFO] IPUIPlugin:80 - create IPUIPlugin
2023-09-19 20:02:14,655 [INFO] PluginManager:220 - loadIPPluginJar : add ucpd
2023-09-19 20:02:14,692 [INFO] IPUIPlugin:80 - create IPUIPlugin
2023-09-19 20:02:14,692 [INFO] PluginManager:220 - loadIPPluginJar : add usart
2023-09-19 20:02:14,730 [INFO] IPUIPlugin:80 - create IPUIPlugin
2023-09-19 20:02:14,730 [INFO] PluginManager:220 - loadIPPluginJar : add usbx
2023-09-19 20:02:14,857 [INFO] CADModel:165 - CPN selected for project level
2023-09-19 20:02:14,857 [INFO] CADModel:114 - Register for checkConnection events
2023-09-19 20:02:14,857 [FATAL] Updater:308 - Updater called before beeing initialized
2023-09-19 20:02:14,857 [ERROR] CADModel:125 - Updater not yet initialized, retry later 
2023-09-19 20:02:15,021 [INFO] CADModel:165 - CPN selected for project level
2023-09-19 20:02:15,021 [INFO] CADModel:114 - Register for checkConnection events
2023-09-19 20:02:15,021 [FATAL] Updater:308 - Updater called before beeing initialized
2023-09-19 20:02:15,021 [ERROR] CADModel:125 - Updater not yet initialized, retry later 
2023-09-19 20:02:15,025 [FATAL] Updater:308 - Updater called before beeing initialized
2023-09-19 20:02:15,157 [FATAL] Updater:308 - Updater called before beeing initialized
2023-09-19 20:02:15,169 [INFO] DbMcusAds:53 - JSON generation date=Tue Mar 07 14:20:55 IST 2023 (1678179055114)
2023-09-19 20:02:15,169 [FATAL] Updater:308 - Updater called before beeing initialized
2023-09-19 20:02:15,242 [WARN] DetailPanel:346 - Failed to get advertising image, set to default
2023-09-19 20:02:15,279 [INFO] ThirdPartyUpdaterWithRetryManager:70 - Updater plugin not ready yet. [2/15]
2023-09-19 20:02:15,330 [FATAL] Updater:308 - Updater called before beeing initialized
2023-09-19 20:02:15,333 [FATAL] Updater:308 - Updater called before beeing initialized
2023-09-19 20:02:15,333 [FATAL] Updater:308 - Updater called before beeing initialized
2023-09-19 20:02:15,333 [WARN] DetailPanel:346 - Failed to get advertising image, set to default
2023-09-19 20:02:15,334 [FATAL] Updater:308 - Updater called before beeing initialized
2023-09-19 20:02:15,390 [ERROR] Updater:1120 - MainUpdater not yet initialized. External WinMGr cannot be set.
2023-09-19 20:02:15,399 [INFO] Updater:1056 - Updater Version found : 6.9.2
2023-09-19 20:02:15,420 [INFO] ApplicationProperties:184 - Using Application install path: D:\STM32IDE\STM32CubeIDE_1.13.1\STM32CubeIDE\plugins\com.st.stm32cube.common.mx_6.9.2.202309101412
2023-09-19 20:02:15,634 [ERROR] ServerAccessManage:1146 - Warning during Server Connection :  Unknown host sw-center.st.com
2023-09-19 20:02:15,638 [INFO] MainUpdater:2868 - connection check result : 22
2023-09-19 20:02:15,640 [INFO] MainUpdater:285 - Updater Check For Update Now.
2023-09-19 20:02:15,640 [INFO] MicroXplorer:498 - Change Database Version : DB.6.0.92
2023-09-19 20:02:15,664 [INFO] McuFinderGlobals:63 - Set McuFinder mode to 2 (CubeIDE integrated)
2023-09-19 20:02:15,664 [INFO] UserAuth:179 - activating auth plugin
2023-09-19 20:02:15,668 [INFO] UserAuth:393 - Internet connection configuration mode: 2
2023-09-19 20:02:15,856 [INFO] CheckServerUpdateThread:120 - End of CheckServer Thread
2023-09-19 20:02:18,490 [WARN] PackLoader:240 - Cannot read IP mode file for STMicroelectronics.X-CUBE-SMBUS.2.1.0
2023-09-19 20:02:18,544 [WARN] PackLoader:240 - Cannot read IP mode file for STMicroelectronics.X-CUBE-AZRTOS-F7.1.1.0
2023-09-19 20:02:18,580 [WARN] PackLoader:240 - Cannot read IP mode file for STMicroelectronics.FP-SNS-MOTENV1.4.3.2
2023-09-19 20:02:18,599 [WARN] PackLoader:240 - Cannot read IP mode file for STMicroelectronics.FP-SNS-FLIGHT1.5.0.2
2023-09-19 20:02:18,623 [WARN] PackLoader:240 - Cannot read IP mode file for STMicroelectronics.X-CUBE-DISPLAY.3.0.0
2023-09-19 20:02:18,650 [WARN] PackLoader:240 - Cannot read IP mode file for STMicroelectronics.X-CUBE-BLE1.7.0.0
2023-09-19 20:02:18,663 [WARN] PackLoader:240 - Cannot read IP mode file for emotas.I-CUBE-CANOPEN.1.3.0
2023-09-19 20:02:18,678 [WARN] PackLoader:240 - Cannot read IP mode file for STMicroelectronics.X-CUBE-TOUCHGFX.4.22.0
2023-09-19 20:02:18,693 [WARN] PackLoader:240 - Cannot read IP mode file for STMicroelectronics.FP-SNS-SMARTAG2.1.2.0
2023-09-19 20:02:18,715 [INFO] LogOutputStream:77 - [STDOUT_REDIRECT] 1 : Invalid condition id : UX_CORESTACK_Condition cause : null
2023-09-19 20:02:18,716 [INFO] LogOutputStream:77 - [STDOUT_REDIRECT] 1 : Invalid condition id : UX_CORESTACK_Condition cause : null
2023-09-19 20:02:18,717 [INFO] LogOutputStream:77 - [STDOUT_REDIRECT] 1 : Invalid condition id : UX_CORESTACK_Condition cause : null
2023-09-19 20:02:18,719 [INFO] LogOutputStream:77 - [STDOUT_REDIRECT] 1 : Invalid condition id : UX_CORESTACK_Condition cause : null
2023-09-19 20:02:18,720 [INFO] LogOutputStream:77 - [STDOUT_REDIRECT] 1 : Invalid condition id : UX_CORESTACK_Condition cause : null
2023-09-19 20:02:18,723 [WARN] PackLoader:240 - Cannot read IP mode file for STMicroelectronics.X-CUBE-AZRTOS-WL.2.0.0
2023-09-19 20:02:18,741 [WARN] PackLoader:240 - Cannot read IP mode file for WES.I-CUBE-Cesium.1.3.0
2023-09-19 20:02:18,754 [WARN] PackLoader:240 - Cannot read IP mode file for STMicroelectronics.X-CUBE-BLE2.3.3.0
2023-09-19 20:02:18,767 [WARN] PackLoader:240 - Cannot read IP mode file for STMicroelectronics.X-CUBE-ALGOBUILD.1.3.0
2023-09-19 20:02:18,793 [WARN] PackLoader:240 - Cannot read IP mode file for STMicroelectronics.X-CUBE-AZRTOS-G0.1.1.0
2023-09-19 20:02:18,813 [WARN] PackLoader:240 - Cannot read IP mode file for STMicroelectronics.X-CUBE-NFC4.3.0.0
2023-09-19 20:02:18,827 [WARN] PackLoader:240 - Cannot read IP mode file for STMicroelectronics.FP-ATR-SIGFOX1.3.2.0
2023-09-19 20:02:18,862 [WARN] PackLoader:240 - Cannot read IP mode file for SEGGER.I-CUBE-embOS.1.3.1
2023-09-19 20:02:18,916 [WARN] PackLoader:240 - Cannot read IP mode file for STMicroelectronics.X-CUBE-GNSS1.6.0.0
2023-09-19 20:02:18,952 [WARN] PackLoader:240 - Cannot read IP mode file for STMicroelectronics.X-CUBE-AZRTOS-F4.1.1.0
2023-09-19 20:02:18,972 [WARN] PackLoader:240 - Cannot read IP mode file for wolfSSL.I-CUBE-wolfSSL.5.6.3
2023-09-19 20:02:19,006 [WARN] PackLoader:240 - Cannot read IP mode file for STMicroelectronics.X-CUBE-AZRTOS-L5.2.0.0
2023-09-19 20:02:19,058 [WARN] PackLoader:240 - Cannot read IP mode file for STMicroelectronics.X-CUBE-MEMS1.9.6.0
2023-09-19 20:02:19,195 [WARN] PackLoader:240 - Cannot read IP mode file for STMicroelectronics.X-CUBE-BLEMGR.2.0.0
2023-09-19 20:02:19,223 [WARN] ConditionMgr:438 - getConditionDescription Invalid condition id : UX DEVICE CLASS RTOS Condition cause : null
2023-09-19 20:02:19,224 [WARN] ConditionMgr:438 - getConditionDescription Invalid condition id : UX DEVICE CLASS RTOS Condition cause : null
2023-09-19 20:02:19,226 [WARN] PackLoader:240 - Cannot read IP mode file for STMicroelectronics.X-CUBE-AZRTOS-H7.3.1.0
2023-09-19 20:02:19,227 [WARN] ConditionMgr:1039 - genDependencies : Invalid condition id : UX DEVICE CLASS RTOS Condition cause : null
2023-09-19 20:02:19,227 [WARN] ConditionMgr:1039 - genDependencies : Invalid condition id : UX DEVICE CLASS RTOS Condition cause : null
2023-09-19 20:02:19,228 [WARN] ConditionMgr:1039 - genDependencies : Invalid condition id : UX DEVICE CLASS RTOS Condition cause : null
2023-09-19 20:02:19,228 [WARN] ConditionMgr:1039 - genDependencies : Invalid condition id : UX DEVICE CLASS RTOS Condition cause : null
2023-09-19 20:02:19,228 [WARN] ConditionMgr:1039 - genDependencies : Invalid condition id : UX DEVICE CLASS RTOS Condition cause : null
2023-09-19 20:02:19,244 [WARN] PackLoader:240 - Cannot read IP mode file for STMicroelectronics.X-CUBE-NFC7.1.0.1
2023-09-19 20:02:19,263 [WARN] PackLoader:240 - Cannot read IP mode file for STMicroelectronics.X-CUBE-NFC6.3.0.0
2023-09-19 20:02:19,278 [WARN] PackLoader:240 - Cannot read IP mode file for STMicroelectronics.X-CUBE-EEPRMA1.4.1.0
2023-09-19 20:02:19,294 [WARN] PackLoader:240 - Cannot read IP mode file for STMicroelectronics.X-CUBE-AI.8.1.0
2023-09-19 20:02:19,326 [WARN] ConditionMgr:438 - getConditionDescription Invalid condition id : LAN8742 Phy interface Condition cause : null
2023-09-19 20:02:19,327 [WARN] PackLoader:240 - Cannot read IP mode file for STMicroelectronics.X-CUBE-AZRTOS-L4.2.0.0
2023-09-19 20:02:19,329 [WARN] ConditionMgr:1039 - genDependencies : Invalid condition id : LAN8742 Phy interface Condition cause : null
2023-09-19 20:02:19,329 [WARN] ConditionMgr:1039 - genDependencies : Invalid condition id : LAN8742 Phy interface Condition cause : null
2023-09-19 20:02:19,330 [WARN] ConditionMgr:1039 - genDependencies : Invalid condition id : LAN8742 Phy interface Condition cause : null
2023-09-19 20:02:19,355 [WARN] PackLoader:240 - Cannot read IP mode file for STMicroelectronics.X-CUBE-SFXS2LP1.4.0.0
2023-09-19 20:02:19,377 [WARN] PackLoader:240 - Cannot read IP mode file for STMicroelectronics.X-CUBE-ISPU.1.1.0
2023-09-19 20:02:19,407 [WARN] ConditionMgr:438 - getConditionDescription Invalid condition id : UX DEVICE CLASS RTOS Condition cause : null
2023-09-19 20:02:19,407 [WARN] ConditionMgr:438 - getConditionDescription Invalid condition id : UX DEVICE CLASS RTOS Condition cause : null
2023-09-19 20:02:19,409 [WARN] PackLoader:240 - Cannot read IP mode file for STMicroelectronics.X-CUBE-AZRTOS-WB.2.0.0
2023-09-19 20:02:19,410 [WARN] ConditionMgr:1039 - genDependencies : Invalid condition id : UX DEVICE CLASS RTOS Condition cause : null
2023-09-19 20:02:19,411 [WARN] ConditionMgr:1039 - genDependencies : Invalid condition id : UX DEVICE CLASS RTOS Condition cause : null
2023-09-19 20:02:19,411 [WARN] ConditionMgr:1039 - genDependencies : Invalid condition id : UX DEVICE CLASS RTOS Condition cause : null
2023-09-19 20:02:19,411 [WARN] ConditionMgr:1039 - genDependencies : Invalid condition id : UX DEVICE CLASS RTOS Condition cause : null
2023-09-19 20:02:19,411 [WARN] ConditionMgr:1039 - genDependencies : Invalid condition id : UX DEVICE CLASS RTOS Condition cause : null
2023-09-19 20:02:19,438 [WARN] PackLoader:240 - Cannot read IP mode file for STMicroelectronics.X-CUBE-SUBG2.5.0.0
2023-09-19 20:02:19,464 [WARN] PackLoader:240 - Cannot read IP mode file for STMicroelectronics.X-CUBE-TOF1.3.3.1
2023-09-19 20:02:19,508 [WARN] PackLoader:240 - Cannot read IP mode file for STMicroelectronics.X-CUBE-AZRTOS-G4.2.0.0
2023-09-19 20:02:19,528 [WARN] PackLoader:240 - Cannot read IP mode file for STMicroelectronics.X-CUBE-FREERTOS.1.1.0
2023-09-19 20:02:19,547 [WARN] PackLoader:240 - Cannot read IP mode file for portGmbH.I-Cube-SoM-uGOAL.1.1.0
2023-09-19 20:02:19,563 [WARN] PackLoader:240 - Cannot read IP mode file for STMicroelectronics.X-CUBE-ALS.1.0.1
2023-09-19 20:02:19,577 [WARN] PackLoader:240 - Cannot read IP mode file for STMicroelectronics.FP-ATR-ASTRA1.2.0.0
2023-09-19 20:02:19,579 [INFO] ThirdParty:978 - Integrity check success = true
2023-09-19 20:02:19,579 [INFO] IntegrityCheckThread:100 - exiting critical section [integrity check]
2023-09-19 20:02:19,579 [INFO] IntegrityCheckThread:103 - End integrity checks thread
2023-09-19 20:02:28,930 [ERROR] LogOutputStream:75 - [STDERR_REDIRECT] SLF4J: Failed to load class "org.slf4j.impl.StaticLoggerBinder".
2023-09-19 20:02:28,930 [ERROR] LogOutputStream:75 - [STDERR_REDIRECT] SLF4J: Defaulting to no-operation (NOP) logger implementation
2023-09-19 20:02:28,931 [ERROR] LogOutputStream:75 - [STDERR_REDIRECT] SLF4J: See http://www.slf4j.org/codes.html#StaticLoggerBinder for further details.
