2023-09-06 20:15:12,385 [INFO] Activator:176 - 


2023-09-06 20:15:12,390 [INFO] Activator:177 - !SESSION log4j initialized
2023-09-06 20:15:17,839 [INFO] LogOutputStream:77 - [STDOUT_REDIRECT] 
2023-09-06 20:15:20,051 [INFO] ApplicationProperties:184 - Using Application install path: D:\STM32IDE\STM32CubeIDE_1.13.1\STM32CubeIDE\plugins\com.st.stm32cube.common.mx_6.9.1.202307191849
2023-09-06 20:15:20,071 [INFO] DbMcusXml:78 - Set database path to: D:\STM32IDE\STM32CubeIDE_1.13.1\STM32CubeIDE\plugins\com.st.stm32cube.common.mx_6.9.1.202307191849\\db\/mcu/
2023-09-06 20:15:20,071 [INFO] ApiDb:274 - Set plugin database path to: D:\STM32IDE\STM32CubeIDE_1.13.1\STM32CubeIDE\plugins\com.st.stm32cube.common.mx_6.9.1.202307191849\\db\/plugins/boardmanager/
2023-09-06 20:15:20,072 [WARN] ApiDb:259 - Overriding images path with different value:  => D:\STM32IDE\STM32CubeIDE_1.13.1\STM32CubeIDE\plugins\com.st.stm32cube.common.mx_6.9.1.202307191849\\db\/plugins/mcufinder/images/
2023-09-06 20:15:20,084 [INFO] ApiDb:250 - Set database path to: C:\Users\ARYAN\.stmcufinder\plugins\mcufinder//mcu/
2023-09-06 20:15:20,085 [INFO] DbMcusAds:125 - Set database path to: C:\Users\ARYAN\.stmcufinder\plugins\mcufinder//mcu/
2023-09-06 20:15:20,087 [INFO] CrossReferenceDbSqlite:203 - Set database path to: C:\Users\ARYAN\.stmcufinder\plugins\mcufinder//mcu/cs/
2023-09-06 20:15:20,209 [INFO] RulesReader:64 - Compatibility file has been processed (293 Rules)
2023-09-06 20:15:20,341 [INFO] DbMcusXml:78 - Set database path to: D:\STM32IDE\STM32CubeIDE_1.13.1\STM32CubeIDE\plugins\com.st.stm32cube.common.mx_6.9.1.202307191849\\db\/mcu/
2023-09-06 20:15:20,341 [INFO] ApiDb:274 - Set plugin database path to: D:\STM32IDE\STM32CubeIDE_1.13.1\STM32CubeIDE\plugins\com.st.stm32cube.common.mx_6.9.1.202307191849\\db\/plugins/boardmanager/
2023-09-06 20:15:20,342 [INFO] ApiDb:261 - Set plugin images path to: D:\STM32IDE\STM32CubeIDE_1.13.1\STM32CubeIDE\plugins\com.st.stm32cube.common.mx_6.9.1.202307191849\\db\/plugins/mcufinder/images/
2023-09-06 20:15:20,342 [WARN] DbFile:41 - Overriding database path with different value: C:\Users\ARYAN\.stmcufinder\plugins\mcufinder/ => C:\Users\ARYAN\.stmcufinder\plugins\mcufinder
2023-09-06 20:15:20,342 [INFO] ApiDb:250 - Set database path to: C:\Users\ARYAN\.stmcufinder\plugins\mcufinder//mcu/
2023-09-06 20:15:20,342 [WARN] DbFile:41 - Overriding database path with different value: C:\Users\ARYAN\.stmcufinder\plugins\mcufinder/ => C:\Users\ARYAN\.stmcufinder\plugins\mcufinder
2023-09-06 20:15:20,342 [INFO] DbMcusAds:125 - Set database path to: C:\Users\ARYAN\.stmcufinder\plugins\mcufinder//mcu/
2023-09-06 20:15:20,342 [WARN] DbFile:41 - Overriding database path with different value: C:\Users\ARYAN\.stmcufinder\plugins\mcufinder/ => C:\Users\ARYAN\.stmcufinder\plugins\mcufinder
2023-09-06 20:15:20,342 [WARN] DbFile:41 - Overriding database path with different value: C:\Users\ARYAN\.stmcufinder\plugins\mcufinder/ => C:\Users\ARYAN\.stmcufinder\plugins\mcufinder
2023-09-06 20:15:20,343 [INFO] CrossReferenceDbSqlite:203 - Set database path to: C:\Users\ARYAN\.stmcufinder\plugins\mcufinder//mcu/cs/
2023-09-06 20:15:20,424 [INFO] MainPanel:262 - HeapMemory: 268435456
2023-09-06 20:15:20,529 [INFO] DbMcusXml:78 - Set database path to: D:\STM32IDE\STM32CubeIDE_1.13.1\STM32CubeIDE\plugins\com.st.stm32cube.common.mx_6.9.1.202307191849\\db\/mcu/
2023-09-06 20:15:20,529 [INFO] ApiDb:274 - Set plugin database path to: D:\STM32IDE\STM32CubeIDE_1.13.1\STM32CubeIDE\plugins\com.st.stm32cube.common.mx_6.9.1.202307191849\\db\/plugins/boardmanager/
2023-09-06 20:15:20,529 [INFO] ApiDb:261 - Set plugin images path to: D:\STM32IDE\STM32CubeIDE_1.13.1\STM32CubeIDE\plugins\com.st.stm32cube.common.mx_6.9.1.202307191849\\db\/plugins/mcufinder/images/
2023-09-06 20:15:20,530 [WARN] DbFile:41 - Overriding database path with different value: C:\Users\ARYAN\.stmcufinder\plugins\mcufinder/ => C:\Users\ARYAN\.stmcufinder\plugins\mcufinder
2023-09-06 20:15:20,530 [INFO] ApiDb:250 - Set database path to: C:\Users\ARYAN\.stmcufinder\plugins\mcufinder//mcu/
2023-09-06 20:15:20,530 [WARN] DbFile:41 - Overriding database path with different value: C:\Users\ARYAN\.stmcufinder\plugins\mcufinder/ => C:\Users\ARYAN\.stmcufinder\plugins\mcufinder
2023-09-06 20:15:20,530 [INFO] DbMcusAds:125 - Set database path to: C:\Users\ARYAN\.stmcufinder\plugins\mcufinder//mcu/
2023-09-06 20:15:20,530 [WARN] DbFile:41 - Overriding database path with different value: C:\Users\ARYAN\.stmcufinder\plugins\mcufinder/ => C:\Users\ARYAN\.stmcufinder\plugins\mcufinder
2023-09-06 20:15:20,530 [WARN] DbFile:41 - Overriding database path with different value: C:\Users\ARYAN\.stmcufinder\plugins\mcufinder/ => C:\Users\ARYAN\.stmcufinder\plugins\mcufinder
2023-09-06 20:15:20,530 [INFO] CrossReferenceDbSqlite:203 - Set database path to: C:\Users\ARYAN\.stmcufinder\plugins\mcufinder//mcu/cs/
2023-09-06 20:15:20,550 [INFO] ApplicationProperties:184 - Using Application install path: D:\STM32IDE\STM32CubeIDE_1.13.1\STM32CubeIDE\plugins\com.st.stm32cube.common.mx_6.9.1.202307191849
2023-09-06 20:15:20,552 [INFO] PluginManage:196 - Search for loadable plugins [exclusion list=, ]
2023-09-06 20:15:20,553 [INFO] PluginManage:310 - Check plugin analytics
2023-09-06 20:15:20,751 [INFO] AnalyticsPlugin:253 - Accepted Software Licenses: 
2023-09-06 20:15:20,751 [INFO] AnalyticsPlugin:255 - Accepted CMSIS Pack Licenses: 
2023-09-06 20:15:20,752 [INFO] AnalyticsPlugin:257 - Accepted Firmware Licenses: 
2023-09-06 20:15:20,755 [INFO] PluginManage:359 - Loaded plugin analytics (category:tool,tabindex:-1)
2023-09-06 20:15:20,757 [INFO] PluginManage:310 - Check plugin cadmodel
2023-09-06 20:15:20,773 [INFO] CADModel:105 - Init CAD model plugin
2023-09-06 20:15:20,773 [INFO] PluginManage:359 - Loaded plugin cadmodel (category:power,tabindex:5)
2023-09-06 20:15:20,773 [INFO] PluginManage:310 - Check plugin clock
2023-09-06 20:15:20,797 [INFO] PluginManage:359 - Loaded plugin clock (category:base,tabindex:2)
2023-09-06 20:15:20,798 [INFO] PluginManage:310 - Check plugin ddr
2023-09-06 20:15:20,801 [INFO] PluginManage:359 - Loaded plugin ddr (category:tool,tabindex:6)
2023-09-06 20:15:20,801 [INFO] PluginManage:310 - Check plugin filemanager
2023-09-06 20:15:20,947 [INFO] PluginManage:359 - Loaded plugin filemanager (category:base,tabindex:10)
2023-09-06 20:15:20,947 [INFO] PluginManage:310 - Check plugin ipmanager
2023-09-06 20:15:20,955 [INFO] PluginManage:359 - Loaded plugin ipmanager (category:base,tabindex:5)
2023-09-06 20:15:20,956 [INFO] PluginManage:310 - Check plugin lpbam
2023-09-06 20:15:20,972 [INFO] PluginManage:359 - Loaded plugin lpbam (category:base,tabindex:0)
2023-09-06 20:15:20,972 [INFO] PluginManage:310 - Check plugin memorymap
2023-09-06 20:15:20,996 [INFO] PluginManage:359 - Loaded plugin memorymap (category:base,tabindex:4)
2023-09-06 20:15:20,996 [INFO] PluginManage:310 - Check plugin pinoutandconfiguration
2023-09-06 20:15:21,013 [INFO] PluginManage:359 - Loaded plugin pinoutandconfiguration (category:base,tabindex:1)
2023-09-06 20:15:21,013 [INFO] PluginManage:310 - Check plugin pinoutconfig
2023-09-06 20:15:21,115 [WARN] SupportedApi:132 - Cannot load RTOS API schema: s4s-elt-must-match.1: The content of 'definitions' must match (annotation?, (simpleType | complexType)?, (unique | key | keyref)*)). A problem was found starting at: attribute.
2023-09-06 20:15:21,256 [INFO] PluginManage:359 - Loaded plugin pinoutconfig (category:base,tabindex:0)
2023-09-06 20:15:21,256 [INFO] PluginManage:310 - Check plugin power
2023-09-06 20:15:21,278 [INFO] PluginManage:359 - Loaded plugin power (category:power,tabindex:4)
2023-09-06 20:15:21,278 [INFO] PluginManage:310 - Check plugin projectmanager
2023-09-06 20:15:21,292 [INFO] PluginManage:359 - Loaded plugin projectmanager (category:projectmanager,tabindex:3)
2023-09-06 20:15:21,292 [INFO] PluginManage:310 - Check plugin thirdparty
2023-09-06 20:15:21,561 [INFO] PluginManage:359 - Loaded plugin thirdparty (category:base,tabindex:-1)
2023-09-06 20:15:21,562 [INFO] PluginManage:310 - Check plugin tools
2023-09-06 20:15:21,561 [WARN] IntegrityCheckThread:84 - waiting for thirdparty lock release [integrity check]
2023-09-06 20:15:21,562 [INFO] IntegrityCheckThread:86 - entering critical section [integrity check]
2023-09-06 20:15:21,562 [INFO] ThirdPartyUpdaterWithRetryManager:70 - Updater plugin not ready yet. [1/15]
2023-09-06 20:15:21,595 [INFO] PluginManage:359 - Loaded plugin tools (category:base,tabindex:7)
2023-09-06 20:15:21,595 [INFO] PluginManage:310 - Check plugin tutovideos
2023-09-06 20:15:21,803 [INFO] PluginManage:359 - Loaded plugin tutovideos (category:base,tabindex:-1)
2023-09-06 20:15:21,803 [INFO] PluginManage:310 - Check plugin updater
2023-09-06 20:15:21,815 [INFO] PluginManage:359 - Loaded plugin updater (category:base,tabindex:12)
2023-09-06 20:15:21,815 [INFO] PluginManage:310 - Check plugin userauth
2023-09-06 20:15:21,821 [INFO] UserAuth:113 - Init User Auth plugin
2023-09-06 20:15:21,821 [INFO] PluginManage:359 - Loaded plugin userauth (category:base,tabindex:14)
2023-09-06 20:15:21,822 [INFO] PluginManage:283 - PluginManage : Loaded plugins [17]
2023-09-06 20:15:22,068 [INFO] PinOutPanel:1499 - setPackage(No Configuration,No Configuration)
2023-09-06 20:15:22,178 [INFO] CADModel:165 - CPN selected for project level
2023-09-06 20:15:22,178 [INFO] CADModel:114 - Register for checkConnection events
2023-09-06 20:15:22,205 [INFO] IPUIPlugin:80 - create IPUIPlugin
2023-09-06 20:15:22,206 [INFO] PluginManager:220 - loadIPPluginJar : add adc
2023-09-06 20:15:22,238 [INFO] IPUIPlugin:80 - create IPUIPlugin
2023-09-06 20:15:22,238 [INFO] PluginManager:220 - loadIPPluginJar : add aes
2023-09-06 20:15:22,278 [INFO] IPUIPlugin:80 - create IPUIPlugin
2023-09-06 20:15:22,278 [INFO] PluginManager:220 - loadIPPluginJar : add can
2023-09-06 20:15:22,301 [INFO] IPUIPlugin:80 - create IPUIPlugin
2023-09-06 20:15:22,301 [INFO] PluginManager:220 - loadIPPluginJar : add comp
2023-09-06 20:15:22,333 [INFO] IPUIPlugin:80 - create IPUIPlugin
2023-09-06 20:15:22,333 [INFO] PluginManager:220 - loadIPPluginJar : add cryp
2023-09-06 20:15:22,363 [INFO] IPUIPlugin:80 - create IPUIPlugin
2023-09-06 20:15:22,363 [INFO] PluginManager:220 - loadIPPluginJar : add dfsdm
2023-09-06 20:15:22,377 [INFO] IPUIPlugin:80 - create IPUIPlugin
2023-09-06 20:15:22,378 [INFO] PluginManager:220 - loadIPPluginJar : add dma
2023-09-06 20:15:22,419 [INFO] IPUIPlugin:80 - create IPUIPlugin
2023-09-06 20:15:22,419 [INFO] PluginManager:220 - loadIPPluginJar : add dma3
2023-09-06 20:15:22,439 [INFO] IPUIPlugin:80 - create IPUIPlugin
2023-09-06 20:15:22,439 [INFO] PluginManager:220 - loadIPPluginJar : add fatfs
2023-09-06 20:15:22,481 [INFO] IPUIPlugin:80 - create IPUIPlugin
2023-09-06 20:15:22,481 [INFO] PluginManager:220 - loadIPPluginJar : add fmc
2023-09-06 20:15:22,497 [INFO] IPUIPlugin:80 - create IPUIPlugin
2023-09-06 20:15:22,497 [INFO] PluginManager:220 - loadIPPluginJar : add freertos
2023-09-06 20:15:22,517 [INFO] IPUIPlugin:80 - create IPUIPlugin
2023-09-06 20:15:22,517 [INFO] PluginManager:220 - loadIPPluginJar : add genericplugin
2023-09-06 20:15:22,614 [INFO] IPUIPlugin:80 - create IPUIPlugin
2023-09-06 20:15:22,614 [INFO] PluginManager:220 - loadIPPluginJar : add gfxmmu
2023-09-06 20:15:22,773 [INFO] IPUIPlugin:80 - create IPUIPlugin
2023-09-06 20:15:22,773 [INFO] PluginManager:220 - loadIPPluginJar : add gic
2023-09-06 20:15:22,787 [INFO] IPUIPlugin:80 - create IPUIPlugin
2023-09-06 20:15:22,787 [INFO] PluginManager:220 - loadIPPluginJar : add gpio
2023-09-06 20:15:22,884 [INFO] IPUIPlugin:80 - create IPUIPlugin
2023-09-06 20:15:22,884 [INFO] PluginManager:220 - loadIPPluginJar : add gtzc
2023-09-06 20:15:22,917 [INFO] IPUIPlugin:80 - create IPUIPlugin
2023-09-06 20:15:22,917 [INFO] PluginManager:220 - loadIPPluginJar : add hash
2023-09-06 20:15:22,971 [INFO] IPUIPlugin:80 - create IPUIPlugin
2023-09-06 20:15:22,971 [INFO] PluginManager:220 - loadIPPluginJar : add i2c
2023-09-06 20:15:23,014 [INFO] IPUIPlugin:80 - create IPUIPlugin
2023-09-06 20:15:23,014 [INFO] PluginManager:220 - loadIPPluginJar : add i2s
2023-09-06 20:15:23,059 [INFO] IPUIPlugin:80 - create IPUIPlugin
2023-09-06 20:15:23,059 [INFO] PluginManager:220 - loadIPPluginJar : add i3c
2023-09-06 20:15:23,154 [INFO] IPUIPlugin:80 - create IPUIPlugin
2023-09-06 20:15:23,154 [INFO] PluginManager:220 - loadIPPluginJar : add ipddr
2023-09-06 20:15:23,244 [INFO] IPUIPlugin:80 - create IPUIPlugin
2023-09-06 20:15:23,244 [INFO] PluginManager:220 - loadIPPluginJar : add linkedlist
2023-09-06 20:15:23,278 [INFO] IPUIPlugin:80 - create IPUIPlugin
2023-09-06 20:15:23,278 [INFO] PluginManager:220 - loadIPPluginJar : add lorawan
2023-09-06 20:15:23,313 [INFO] IPUIPlugin:80 - create IPUIPlugin
2023-09-06 20:15:23,313 [INFO] PluginManager:220 - loadIPPluginJar : add ltdc
2023-09-06 20:15:23,328 [INFO] IPUIPlugin:80 - create IPUIPlugin
2023-09-06 20:15:23,328 [INFO] PluginManager:220 - loadIPPluginJar : add mdma
2023-09-06 20:15:23,340 [INFO] IPUIPlugin:80 - create IPUIPlugin
2023-09-06 20:15:23,340 [INFO] PluginManager:220 - loadIPPluginJar : add nvic
2023-09-06 20:15:23,373 [INFO] IPUIPlugin:80 - create IPUIPlugin
2023-09-06 20:15:23,373 [INFO] PluginManager:220 - loadIPPluginJar : add opamp
2023-09-06 20:15:23,429 [INFO] IPUIPlugin:80 - create IPUIPlugin
2023-09-06 20:15:23,429 [INFO] PluginManager:220 - loadIPPluginJar : add openamp
2023-09-06 20:15:23,468 [INFO] IPUIPlugin:80 - create IPUIPlugin
2023-09-06 20:15:23,468 [INFO] PluginManager:220 - loadIPPluginJar : add pdm2pcm
2023-09-06 20:15:23,482 [INFO] IPUIPlugin:80 - create IPUIPlugin
2023-09-06 20:15:23,484 [INFO] PluginManager:220 - loadIPPluginJar : add plateformsettings
2023-09-06 20:15:23,505 [INFO] IPUIPlugin:80 - create IPUIPlugin
2023-09-06 20:15:23,505 [INFO] PluginManager:220 - loadIPPluginJar : add quadspi
2023-09-06 20:15:23,517 [INFO] IPUIPlugin:80 - create IPUIPlugin
2023-09-06 20:15:23,517 [INFO] PluginManager:220 - loadIPPluginJar : add resmgrutility
2023-09-06 20:15:23,561 [INFO] IPUIPlugin:80 - create IPUIPlugin
2023-09-06 20:15:23,561 [INFO] PluginManager:220 - loadIPPluginJar : add sai
2023-09-06 20:15:23,596 [INFO] IPUIPlugin:80 - create IPUIPlugin
2023-09-06 20:15:23,596 [INFO] PluginManager:220 - loadIPPluginJar : add spi
2023-09-06 20:15:23,648 [INFO] IPUIPlugin:80 - create IPUIPlugin
2023-09-06 20:15:23,648 [INFO] PluginManager:220 - loadIPPluginJar : add stm32_wpan
2023-09-06 20:15:23,670 [INFO] IPUIPlugin:80 - create IPUIPlugin
2023-09-06 20:15:23,670 [INFO] PluginManager:220 - loadIPPluginJar : add tim
2023-09-06 20:15:23,721 [INFO] IPUIPlugin:80 - create IPUIPlugin
2023-09-06 20:15:23,721 [INFO] PluginManager:220 - loadIPPluginJar : add touchsensing
2023-09-06 20:15:23,742 [INFO] IPUIPlugin:80 - create IPUIPlugin
2023-09-06 20:15:23,743 [INFO] PluginManager:220 - loadIPPluginJar : add tracer_emb
2023-09-06 20:15:23,764 [INFO] IPUIPlugin:80 - create IPUIPlugin
2023-09-06 20:15:23,764 [INFO] PluginManager:220 - loadIPPluginJar : add ts
2023-09-06 20:15:23,785 [INFO] IPUIPlugin:80 - create IPUIPlugin
2023-09-06 20:15:23,785 [INFO] PluginManager:220 - loadIPPluginJar : add tsc
2023-09-06 20:15:23,806 [INFO] IPUIPlugin:80 - create IPUIPlugin
2023-09-06 20:15:23,806 [INFO] PluginManager:220 - loadIPPluginJar : add ucpd
2023-09-06 20:15:23,849 [INFO] IPUIPlugin:80 - create IPUIPlugin
2023-09-06 20:15:23,849 [INFO] PluginManager:220 - loadIPPluginJar : add usart
2023-09-06 20:15:23,890 [INFO] IPUIPlugin:80 - create IPUIPlugin
2023-09-06 20:15:23,890 [INFO] PluginManager:220 - loadIPPluginJar : add usbx
2023-09-06 20:15:24,012 [INFO] CADModel:165 - CPN selected for project level
2023-09-06 20:15:24,012 [INFO] CADModel:114 - Register for checkConnection events
2023-09-06 20:15:24,013 [FATAL] Updater:308 - Updater called before beeing initialized
2023-09-06 20:15:24,013 [ERROR] CADModel:125 - Updater not yet initialized, retry later 
2023-09-06 20:15:24,172 [INFO] CADModel:165 - CPN selected for project level
2023-09-06 20:15:24,172 [INFO] CADModel:114 - Register for checkConnection events
2023-09-06 20:15:24,172 [FATAL] Updater:308 - Updater called before beeing initialized
2023-09-06 20:15:24,172 [ERROR] CADModel:125 - Updater not yet initialized, retry later 
2023-09-06 20:15:24,176 [FATAL] Updater:308 - Updater called before beeing initialized
2023-09-06 20:15:24,269 [FATAL] Updater:308 - Updater called before beeing initialized
2023-09-06 20:15:24,281 [INFO] DbMcusAds:53 - JSON generation date=Tue Mar 07 14:20:55 IST 2023 (1678179055114)
2023-09-06 20:15:24,281 [FATAL] Updater:308 - Updater called before beeing initialized
2023-09-06 20:15:24,358 [WARN] DetailPanel:346 - Failed to get advertising image, set to default
2023-09-06 20:15:24,445 [FATAL] Updater:308 - Updater called before beeing initialized
2023-09-06 20:15:24,447 [FATAL] Updater:308 - Updater called before beeing initialized
2023-09-06 20:15:24,447 [FATAL] Updater:308 - Updater called before beeing initialized
2023-09-06 20:15:24,447 [WARN] DetailPanel:346 - Failed to get advertising image, set to default
2023-09-06 20:15:24,448 [FATAL] Updater:308 - Updater called before beeing initialized
2023-09-06 20:15:24,507 [ERROR] Updater:1120 - MainUpdater not yet initialized. External WinMGr cannot be set.
2023-09-06 20:15:24,517 [INFO] Updater:1056 - Updater Version found : 6.9.1
2023-09-06 20:15:24,541 [INFO] ApplicationProperties:184 - Using Application install path: D:\STM32IDE\STM32CubeIDE_1.13.1\STM32CubeIDE\plugins\com.st.stm32cube.common.mx_6.9.1.202307191849
2023-09-06 20:15:24,565 [INFO] ThirdPartyUpdaterWithRetryManager:70 - Updater plugin not ready yet. [2/15]
2023-09-06 20:15:24,759 [INFO] MainUpdater:2868 - connection check result : 10
2023-09-06 20:15:24,760 [INFO] MainUpdater:285 - Updater Check For Update Now.
2023-09-06 20:15:24,760 [INFO] MicroXplorer:498 - Change Database Version : DB.6.0.91
2023-09-06 20:15:24,784 [INFO] McuFinderGlobals:63 - Set McuFinder mode to 2 (CubeIDE integrated)
2023-09-06 20:15:24,785 [INFO] UserAuth:179 - activating auth plugin
2023-09-06 20:15:24,788 [INFO] UserAuth:393 - Internet connection configuration mode: 1
2023-09-06 20:15:24,851 [INFO] JxBrowserEngine:151 - Initiate JxBrowser Engine with user profile folder
2023-09-06 20:15:24,959 [INFO] CheckServerUpdateThread:120 - End of CheckServer Thread
2023-09-06 20:15:27,192 [INFO] WebApp:157 - Instantiating new browser for Auth
2023-09-06 20:15:27,754 [WARN] PackLoader:240 - Cannot read IP mode file for STMicroelectronics.X-CUBE-SMBUS.2.1.0
2023-09-06 20:15:27,815 [WARN] PackLoader:240 - Cannot read IP mode file for STMicroelectronics.X-CUBE-AZRTOS-F7.1.1.0
2023-09-06 20:15:27,841 [WARN] PackLoader:240 - Cannot read IP mode file for STMicroelectronics.FP-SNS-MOTENV1.4.3.2
2023-09-06 20:15:27,862 [WARN] PackLoader:240 - Cannot read IP mode file for STMicroelectronics.FP-SNS-FLIGHT1.5.0.2
2023-09-06 20:15:27,885 [WARN] PackLoader:240 - Cannot read IP mode file for STMicroelectronics.X-CUBE-DISPLAY.3.0.0
2023-09-06 20:15:27,918 [WARN] PackLoader:240 - Cannot read IP mode file for STMicroelectronics.X-CUBE-BLE1.7.0.0
2023-09-06 20:15:27,936 [WARN] PackLoader:240 - Cannot read IP mode file for emotas.I-CUBE-CANOPEN.1.3.0
2023-09-06 20:15:27,958 [WARN] PackLoader:240 - Cannot read IP mode file for STMicroelectronics.X-CUBE-TOUCHGFX.4.22.0
2023-09-06 20:15:27,984 [INFO] LogOutputStream:77 - [STDOUT_REDIRECT] 1 : Invalid condition id : UX_CORESTACK_Condition cause : null
2023-09-06 20:15:27,986 [INFO] LogOutputStream:77 - [STDOUT_REDIRECT] 1 : Invalid condition id : UX_CORESTACK_Condition cause : null
2023-09-06 20:15:27,987 [INFO] LogOutputStream:77 - [STDOUT_REDIRECT] 1 : Invalid condition id : UX_CORESTACK_Condition cause : null
2023-09-06 20:15:27,989 [INFO] LogOutputStream:77 - [STDOUT_REDIRECT] 1 : Invalid condition id : UX_CORESTACK_Condition cause : null
2023-09-06 20:15:27,991 [INFO] LogOutputStream:77 - [STDOUT_REDIRECT] 1 : Invalid condition id : UX_CORESTACK_Condition cause : null
2023-09-06 20:15:27,995 [WARN] PackLoader:240 - Cannot read IP mode file for STMicroelectronics.X-CUBE-AZRTOS-WL.2.0.0
2023-09-06 20:15:28,018 [WARN] PackLoader:240 - Cannot read IP mode file for WES.I-CUBE-Cesium.1.3.0
2023-09-06 20:15:28,033 [WARN] PackLoader:240 - Cannot read IP mode file for STMicroelectronics.X-CUBE-BLE2.3.3.0
2023-09-06 20:15:28,048 [WARN] PackLoader:240 - Cannot read IP mode file for STMicroelectronics.X-CUBE-ALGOBUILD.1.3.0
2023-09-06 20:15:28,097 [WARN] PackLoader:240 - Cannot read IP mode file for STMicroelectronics.X-CUBE-AZRTOS-G0.1.1.0
2023-09-06 20:15:28,119 [WARN] PackLoader:240 - Cannot read IP mode file for STMicroelectronics.X-CUBE-NFC4.3.0.0
2023-09-06 20:15:28,137 [WARN] PackLoader:240 - Cannot read IP mode file for STMicroelectronics.FP-ATR-SIGFOX1.3.2.0
2023-09-06 20:15:28,180 [WARN] PackLoader:240 - Cannot read IP mode file for SEGGER.I-CUBE-embOS.1.3.1
2023-09-06 20:15:28,229 [WARN] PackLoader:240 - Cannot read IP mode file for STMicroelectronics.X-CUBE-GNSS1.6.0.0
2023-09-06 20:15:28,266 [WARN] PackLoader:240 - Cannot read IP mode file for STMicroelectronics.X-CUBE-AZRTOS-F4.1.1.0
2023-09-06 20:15:28,287 [WARN] PackLoader:240 - Cannot read IP mode file for wolfSSL.I-CUBE-wolfSSL.5.6.3
2023-09-06 20:15:28,324 [WARN] PackLoader:240 - Cannot read IP mode file for STMicroelectronics.X-CUBE-AZRTOS-L5.2.0.0
2023-09-06 20:15:28,385 [WARN] PackLoader:240 - Cannot read IP mode file for STMicroelectronics.X-CUBE-MEMS1.9.6.0
2023-09-06 20:15:28,483 [INFO] WebApp:753 - Register for checkConnection events
2023-09-06 20:15:28,483 [INFO] WebApp:390 - Apply proxy settings
2023-09-06 20:15:28,483 [INFO] WebApp:475 - Chromium requires no authentication
2023-09-06 20:15:28,546 [WARN] PackLoader:240 - Cannot read IP mode file for STMicroelectronics.X-CUBE-BLEMGR.2.0.0
2023-09-06 20:15:28,554 [INFO] WebApp:418 - Direct internet connection detected
2023-09-06 20:15:28,574 [WARN] ConditionMgr:438 - getConditionDescription Invalid condition id : UX DEVICE CLASS RTOS Condition cause : null
2023-09-06 20:15:28,575 [WARN] ConditionMgr:438 - getConditionDescription Invalid condition id : UX DEVICE CLASS RTOS Condition cause : null
2023-09-06 20:15:28,577 [WARN] PackLoader:240 - Cannot read IP mode file for STMicroelectronics.X-CUBE-AZRTOS-H7.3.1.0
2023-09-06 20:15:28,577 [WARN] ConditionMgr:1039 - genDependencies : Invalid condition id : UX DEVICE CLASS RTOS Condition cause : null
2023-09-06 20:15:28,578 [WARN] ConditionMgr:1039 - genDependencies : Invalid condition id : UX DEVICE CLASS RTOS Condition cause : null
2023-09-06 20:15:28,578 [WARN] ConditionMgr:1039 - genDependencies : Invalid condition id : UX DEVICE CLASS RTOS Condition cause : null
2023-09-06 20:15:28,579 [WARN] ConditionMgr:1039 - genDependencies : Invalid condition id : UX DEVICE CLASS RTOS Condition cause : null
2023-09-06 20:15:28,579 [WARN] ConditionMgr:1039 - genDependencies : Invalid condition id : UX DEVICE CLASS RTOS Condition cause : null
2023-09-06 20:15:28,594 [WARN] PackLoader:240 - Cannot read IP mode file for STMicroelectronics.X-CUBE-NFC7.1.0.1
2023-09-06 20:15:28,609 [WARN] PackLoader:240 - Cannot read IP mode file for STMicroelectronics.X-CUBE-EEPRMA1.4.1.0
2023-09-06 20:15:28,623 [WARN] PackLoader:240 - Cannot read IP mode file for STMicroelectronics.X-CUBE-AI.8.1.0
2023-09-06 20:15:28,651 [WARN] ConditionMgr:438 - getConditionDescription Invalid condition id : LAN8742 Phy interface Condition cause : null
2023-09-06 20:15:28,652 [WARN] PackLoader:240 - Cannot read IP mode file for STMicroelectronics.X-CUBE-AZRTOS-L4.2.0.0
2023-09-06 20:15:28,653 [WARN] ConditionMgr:1039 - genDependencies : Invalid condition id : LAN8742 Phy interface Condition cause : null
2023-09-06 20:15:28,653 [WARN] ConditionMgr:1039 - genDependencies : Invalid condition id : LAN8742 Phy interface Condition cause : null
2023-09-06 20:15:28,653 [WARN] ConditionMgr:1039 - genDependencies : Invalid condition id : LAN8742 Phy interface Condition cause : null
2023-09-06 20:15:28,669 [WARN] PackLoader:240 - Cannot read IP mode file for STMicroelectronics.X-CUBE-SFXS2LP1.4.0.0
2023-09-06 20:15:28,685 [WARN] PackLoader:240 - Cannot read IP mode file for STMicroelectronics.X-CUBE-ISPU.1.1.0
2023-09-06 20:15:28,708 [WARN] ConditionMgr:438 - getConditionDescription Invalid condition id : UX DEVICE CLASS RTOS Condition cause : null
2023-09-06 20:15:28,709 [WARN] ConditionMgr:438 - getConditionDescription Invalid condition id : UX DEVICE CLASS RTOS Condition cause : null
2023-09-06 20:15:28,710 [WARN] PackLoader:240 - Cannot read IP mode file for STMicroelectronics.X-CUBE-AZRTOS-WB.2.0.0
2023-09-06 20:15:28,711 [WARN] ConditionMgr:1039 - genDependencies : Invalid condition id : UX DEVICE CLASS RTOS Condition cause : null
2023-09-06 20:15:28,711 [WARN] ConditionMgr:1039 - genDependencies : Invalid condition id : UX DEVICE CLASS RTOS Condition cause : null
2023-09-06 20:15:28,711 [WARN] ConditionMgr:1039 - genDependencies : Invalid condition id : UX DEVICE CLASS RTOS Condition cause : null
2023-09-06 20:15:28,711 [WARN] ConditionMgr:1039 - genDependencies : Invalid condition id : UX DEVICE CLASS RTOS Condition cause : null
2023-09-06 20:15:28,711 [WARN] ConditionMgr:1039 - genDependencies : Invalid condition id : UX DEVICE CLASS RTOS Condition cause : null
2023-09-06 20:15:28,729 [WARN] PackLoader:240 - Cannot read IP mode file for STMicroelectronics.X-CUBE-SUBG2.5.0.0
2023-09-06 20:15:28,756 [WARN] PackLoader:240 - Cannot read IP mode file for STMicroelectronics.X-CUBE-TOF1.3.3.1
2023-09-06 20:15:28,789 [WARN] PackLoader:240 - Cannot read IP mode file for STMicroelectronics.X-CUBE-AZRTOS-G4.2.0.0
2023-09-06 20:15:28,803 [WARN] PackLoader:240 - Cannot read IP mode file for STMicroelectronics.X-CUBE-FREERTOS.1.1.0
2023-09-06 20:15:28,819 [WARN] PackLoader:240 - Cannot read IP mode file for portGmbH.I-Cube-SoM-uGOAL.1.1.0
2023-09-06 20:15:28,831 [WARN] PackLoader:240 - Cannot read IP mode file for STMicroelectronics.X-CUBE-ALS.1.0.1
2023-09-06 20:15:28,846 [WARN] PackLoader:240 - Cannot read IP mode file for STMicroelectronics.FP-ATR-ASTRA1.2.0.0
2023-09-06 20:15:28,848 [INFO] ThirdParty:978 - Integrity check success = true
2023-09-06 20:15:28,848 [INFO] IntegrityCheckThread:100 - exiting critical section [integrity check]
2023-09-06 20:15:28,848 [INFO] IntegrityCheckThread:103 - End integrity checks thread
2023-09-06 20:15:29,282 [INFO] WebApp:188 - Starting web application
2023-09-06 20:15:29,283 [INFO] WebApp:520 - Web application path used D:\STM32IDE\STM32CubeIDE_1.13.1\STM32CubeIDE\plugins\com.st.stm32cube.common.mx_6.9.1.202307191849\db\plugins\mcufinder\reactClient1\index.html
2023-09-06 20:15:50,423 [ERROR] LogOutputStream:75 - [STDERR_REDIRECT] SLF4J: Failed to load class "org.slf4j.impl.StaticLoggerBinder".
2023-09-06 20:15:50,423 [ERROR] LogOutputStream:75 - [STDERR_REDIRECT] SLF4J: Defaulting to no-operation (NOP) logger implementation
2023-09-06 20:15:50,425 [ERROR] LogOutputStream:75 - [STDERR_REDIRECT] SLF4J: See http://www.slf4j.org/codes.html#StaticLoggerBinder for further details.
2023-09-06 20:26:51,129 [ERROR] LogOutputStream:75 - [STDERR_REDIRECT] 
