2023-09-18 17:59:20,328 [INFO] Activator:176 - 


2023-09-18 17:59:20,334 [INFO] Activator:177 - !SESSION log4j initialized
2023-09-18 17:59:25,938 [INFO] LogOutputStream:77 - [STDOUT_REDIRECT] 
2023-09-18 17:59:28,509 [INFO] ApplicationProperties:184 - Using Application install path: D:\STM32IDE\STM32CubeIDE_1.13.1\STM32CubeIDE\plugins\com.st.stm32cube.common.mx_6.9.1.202307191849
2023-09-18 17:59:28,525 [INFO] DbMcusXml:78 - Set database path to: D:\STM32IDE\STM32CubeIDE_1.13.1\STM32CubeIDE\plugins\com.st.stm32cube.common.mx_6.9.1.202307191849\\db\/mcu/
2023-09-18 17:59:28,526 [INFO] ApiDb:274 - Set plugin database path to: D:\STM32IDE\STM32CubeIDE_1.13.1\STM32CubeIDE\plugins\com.st.stm32cube.common.mx_6.9.1.202307191849\\db\/plugins/boardmanager/
2023-09-18 17:59:28,526 [WARN] ApiDb:259 - Overriding images path with different value:  => D:\STM32IDE\STM32CubeIDE_1.13.1\STM32CubeIDE\plugins\com.st.stm32cube.common.mx_6.9.1.202307191849\\db\/plugins/mcufinder/images/
2023-09-18 17:59:28,538 [INFO] ApiDb:250 - Set database path to: C:\Users\ARYAN\.stmcufinder\plugins\mcufinder//mcu/
2023-09-18 17:59:28,539 [INFO] DbMcusAds:125 - Set database path to: C:\Users\ARYAN\.stmcufinder\plugins\mcufinder//mcu/
2023-09-18 17:59:28,540 [INFO] CrossReferenceDbSqlite:203 - Set database path to: C:\Users\ARYAN\.stmcufinder\plugins\mcufinder//mcu/cs/
2023-09-18 17:59:28,648 [INFO] RulesReader:64 - Compatibility file has been processed (293 Rules)
2023-09-18 17:59:28,746 [INFO] DbMcusXml:78 - Set database path to: D:\STM32IDE\STM32CubeIDE_1.13.1\STM32CubeIDE\plugins\com.st.stm32cube.common.mx_6.9.1.202307191849\\db\/mcu/
2023-09-18 17:59:28,746 [INFO] ApiDb:274 - Set plugin database path to: D:\STM32IDE\STM32CubeIDE_1.13.1\STM32CubeIDE\plugins\com.st.stm32cube.common.mx_6.9.1.202307191849\\db\/plugins/boardmanager/
2023-09-18 17:59:28,746 [INFO] ApiDb:261 - Set plugin images path to: D:\STM32IDE\STM32CubeIDE_1.13.1\STM32CubeIDE\plugins\com.st.stm32cube.common.mx_6.9.1.202307191849\\db\/plugins/mcufinder/images/
2023-09-18 17:59:28,747 [WARN] DbFile:41 - Overriding database path with different value: C:\Users\ARYAN\.stmcufinder\plugins\mcufinder/ => C:\Users\ARYAN\.stmcufinder\plugins\mcufinder
2023-09-18 17:59:28,747 [INFO] ApiDb:250 - Set database path to: C:\Users\ARYAN\.stmcufinder\plugins\mcufinder//mcu/
2023-09-18 17:59:28,747 [WARN] DbFile:41 - Overriding database path with different value: C:\Users\ARYAN\.stmcufinder\plugins\mcufinder/ => C:\Users\ARYAN\.stmcufinder\plugins\mcufinder
2023-09-18 17:59:28,747 [INFO] DbMcusAds:125 - Set database path to: C:\Users\ARYAN\.stmcufinder\plugins\mcufinder//mcu/
2023-09-18 17:59:28,747 [WARN] DbFile:41 - Overriding database path with different value: C:\Users\ARYAN\.stmcufinder\plugins\mcufinder/ => C:\Users\ARYAN\.stmcufinder\plugins\mcufinder
2023-09-18 17:59:28,747 [WARN] DbFile:41 - Overriding database path with different value: C:\Users\ARYAN\.stmcufinder\plugins\mcufinder/ => C:\Users\ARYAN\.stmcufinder\plugins\mcufinder
2023-09-18 17:59:28,747 [INFO] CrossReferenceDbSqlite:203 - Set database path to: C:\Users\ARYAN\.stmcufinder\plugins\mcufinder//mcu/cs/
2023-09-18 17:59:28,834 [INFO] MainPanel:262 - HeapMemory: 268435456
2023-09-18 17:59:28,930 [INFO] DbMcusXml:78 - Set database path to: D:\STM32IDE\STM32CubeIDE_1.13.1\STM32CubeIDE\plugins\com.st.stm32cube.common.mx_6.9.1.202307191849\\db\/mcu/
2023-09-18 17:59:28,931 [INFO] ApiDb:274 - Set plugin database path to: D:\STM32IDE\STM32CubeIDE_1.13.1\STM32CubeIDE\plugins\com.st.stm32cube.common.mx_6.9.1.202307191849\\db\/plugins/boardmanager/
2023-09-18 17:59:28,931 [INFO] ApiDb:261 - Set plugin images path to: D:\STM32IDE\STM32CubeIDE_1.13.1\STM32CubeIDE\plugins\com.st.stm32cube.common.mx_6.9.1.202307191849\\db\/plugins/mcufinder/images/
2023-09-18 17:59:28,931 [WARN] DbFile:41 - Overriding database path with different value: C:\Users\ARYAN\.stmcufinder\plugins\mcufinder/ => C:\Users\ARYAN\.stmcufinder\plugins\mcufinder
2023-09-18 17:59:28,931 [INFO] ApiDb:250 - Set database path to: C:\Users\ARYAN\.stmcufinder\plugins\mcufinder//mcu/
2023-09-18 17:59:28,931 [WARN] DbFile:41 - Overriding database path with different value: C:\Users\ARYAN\.stmcufinder\plugins\mcufinder/ => C:\Users\ARYAN\.stmcufinder\plugins\mcufinder
2023-09-18 17:59:28,931 [INFO] DbMcusAds:125 - Set database path to: C:\Users\ARYAN\.stmcufinder\plugins\mcufinder//mcu/
2023-09-18 17:59:28,932 [WARN] DbFile:41 - Overriding database path with different value: C:\Users\ARYAN\.stmcufinder\plugins\mcufinder/ => C:\Users\ARYAN\.stmcufinder\plugins\mcufinder
2023-09-18 17:59:28,932 [WARN] DbFile:41 - Overriding database path with different value: C:\Users\ARYAN\.stmcufinder\plugins\mcufinder/ => C:\Users\ARYAN\.stmcufinder\plugins\mcufinder
2023-09-18 17:59:28,932 [INFO] CrossReferenceDbSqlite:203 - Set database path to: C:\Users\ARYAN\.stmcufinder\plugins\mcufinder//mcu/cs/
2023-09-18 17:59:28,952 [INFO] ApplicationProperties:184 - Using Application install path: D:\STM32IDE\STM32CubeIDE_1.13.1\STM32CubeIDE\plugins\com.st.stm32cube.common.mx_6.9.1.202307191849
2023-09-18 17:59:28,954 [INFO] PluginManage:196 - Search for loadable plugins [exclusion list=, ]
2023-09-18 17:59:28,955 [INFO] PluginManage:310 - Check plugin analytics
2023-09-18 17:59:29,132 [INFO] AnalyticsPlugin:253 - Accepted Software Licenses: 
2023-09-18 17:59:29,133 [INFO] AnalyticsPlugin:255 - Accepted CMSIS Pack Licenses: 
2023-09-18 17:59:29,133 [INFO] AnalyticsPlugin:257 - Accepted Firmware Licenses: 
2023-09-18 17:59:29,136 [INFO] PluginManage:359 - Loaded plugin analytics (category:tool,tabindex:-1)
2023-09-18 17:59:29,137 [INFO] PluginManage:310 - Check plugin cadmodel
2023-09-18 17:59:29,153 [INFO] CADModel:105 - Init CAD model plugin
2023-09-18 17:59:29,153 [INFO] PluginManage:359 - Loaded plugin cadmodel (category:power,tabindex:5)
2023-09-18 17:59:29,153 [INFO] PluginManage:310 - Check plugin clock
2023-09-18 17:59:29,173 [INFO] PluginManage:359 - Loaded plugin clock (category:base,tabindex:2)
2023-09-18 17:59:29,174 [INFO] PluginManage:310 - Check plugin ddr
2023-09-18 17:59:29,177 [INFO] PluginManage:359 - Loaded plugin ddr (category:tool,tabindex:6)
2023-09-18 17:59:29,177 [INFO] PluginManage:310 - Check plugin filemanager
2023-09-18 17:59:29,314 [INFO] PluginManage:359 - Loaded plugin filemanager (category:base,tabindex:10)
2023-09-18 17:59:29,315 [INFO] PluginManage:310 - Check plugin ipmanager
2023-09-18 17:59:29,323 [INFO] PluginManage:359 - Loaded plugin ipmanager (category:base,tabindex:5)
2023-09-18 17:59:29,324 [INFO] PluginManage:310 - Check plugin lpbam
2023-09-18 17:59:29,339 [INFO] PluginManage:359 - Loaded plugin lpbam (category:base,tabindex:0)
2023-09-18 17:59:29,339 [INFO] PluginManage:310 - Check plugin memorymap
2023-09-18 17:59:29,362 [INFO] PluginManage:359 - Loaded plugin memorymap (category:base,tabindex:4)
2023-09-18 17:59:29,362 [INFO] PluginManage:310 - Check plugin pinoutandconfiguration
2023-09-18 17:59:29,377 [INFO] PluginManage:359 - Loaded plugin pinoutandconfiguration (category:base,tabindex:1)
2023-09-18 17:59:29,377 [INFO] PluginManage:310 - Check plugin pinoutconfig
2023-09-18 17:59:29,469 [WARN] SupportedApi:132 - Cannot load RTOS API schema: s4s-elt-must-match.1: The content of 'definitions' must match (annotation?, (simpleType | complexType)?, (unique | key | keyref)*)). A problem was found starting at: attribute.
2023-09-18 17:59:29,605 [INFO] PluginManage:359 - Loaded plugin pinoutconfig (category:base,tabindex:0)
2023-09-18 17:59:29,605 [INFO] PluginManage:310 - Check plugin power
2023-09-18 17:59:29,626 [INFO] PluginManage:359 - Loaded plugin power (category:power,tabindex:4)
2023-09-18 17:59:29,626 [INFO] PluginManage:310 - Check plugin projectmanager
2023-09-18 17:59:29,639 [INFO] PluginManage:359 - Loaded plugin projectmanager (category:projectmanager,tabindex:3)
2023-09-18 17:59:29,639 [INFO] PluginManage:310 - Check plugin thirdparty
2023-09-18 17:59:29,903 [INFO] PluginManage:359 - Loaded plugin thirdparty (category:base,tabindex:-1)
2023-09-18 17:59:29,903 [WARN] IntegrityCheckThread:84 - waiting for thirdparty lock release [integrity check]
2023-09-18 17:59:29,904 [INFO] PluginManage:310 - Check plugin tools
2023-09-18 17:59:29,904 [INFO] IntegrityCheckThread:86 - entering critical section [integrity check]
2023-09-18 17:59:29,904 [INFO] ThirdPartyUpdaterWithRetryManager:70 - Updater plugin not ready yet. [1/15]
2023-09-18 17:59:29,934 [INFO] PluginManage:359 - Loaded plugin tools (category:base,tabindex:7)
2023-09-18 17:59:29,935 [INFO] PluginManage:310 - Check plugin tutovideos
2023-09-18 17:59:30,128 [INFO] PluginManage:359 - Loaded plugin tutovideos (category:base,tabindex:-1)
2023-09-18 17:59:30,129 [INFO] PluginManage:310 - Check plugin updater
2023-09-18 17:59:30,141 [INFO] PluginManage:359 - Loaded plugin updater (category:base,tabindex:12)
2023-09-18 17:59:30,141 [INFO] PluginManage:310 - Check plugin userauth
2023-09-18 17:59:30,146 [INFO] UserAuth:113 - Init User Auth plugin
2023-09-18 17:59:30,147 [INFO] PluginManage:359 - Loaded plugin userauth (category:base,tabindex:14)
2023-09-18 17:59:30,147 [INFO] PluginManage:283 - PluginManage : Loaded plugins [17]
2023-09-18 17:59:30,399 [INFO] PinOutPanel:1499 - setPackage(No Configuration,No Configuration)
2023-09-18 17:59:30,513 [INFO] CADModel:165 - CPN selected for project level
2023-09-18 17:59:30,513 [INFO] CADModel:114 - Register for checkConnection events
2023-09-18 17:59:30,539 [INFO] IPUIPlugin:80 - create IPUIPlugin
2023-09-18 17:59:30,539 [INFO] PluginManager:220 - loadIPPluginJar : add adc
2023-09-18 17:59:30,569 [INFO] IPUIPlugin:80 - create IPUIPlugin
2023-09-18 17:59:30,569 [INFO] PluginManager:220 - loadIPPluginJar : add aes
2023-09-18 17:59:30,604 [INFO] IPUIPlugin:80 - create IPUIPlugin
2023-09-18 17:59:30,604 [INFO] PluginManager:220 - loadIPPluginJar : add can
2023-09-18 17:59:30,622 [INFO] IPUIPlugin:80 - create IPUIPlugin
2023-09-18 17:59:30,623 [INFO] PluginManager:220 - loadIPPluginJar : add comp
2023-09-18 17:59:30,651 [INFO] IPUIPlugin:80 - create IPUIPlugin
2023-09-18 17:59:30,651 [INFO] PluginManager:220 - loadIPPluginJar : add cryp
2023-09-18 17:59:30,677 [INFO] IPUIPlugin:80 - create IPUIPlugin
2023-09-18 17:59:30,677 [INFO] PluginManager:220 - loadIPPluginJar : add dfsdm
2023-09-18 17:59:30,690 [INFO] IPUIPlugin:80 - create IPUIPlugin
2023-09-18 17:59:30,690 [INFO] PluginManager:220 - loadIPPluginJar : add dma
2023-09-18 17:59:30,726 [INFO] IPUIPlugin:80 - create IPUIPlugin
2023-09-18 17:59:30,727 [INFO] PluginManager:220 - loadIPPluginJar : add dma3
2023-09-18 17:59:30,744 [INFO] IPUIPlugin:80 - create IPUIPlugin
2023-09-18 17:59:30,744 [INFO] PluginManager:220 - loadIPPluginJar : add fatfs
2023-09-18 17:59:30,783 [INFO] IPUIPlugin:80 - create IPUIPlugin
2023-09-18 17:59:30,783 [INFO] PluginManager:220 - loadIPPluginJar : add fmc
2023-09-18 17:59:30,796 [INFO] IPUIPlugin:80 - create IPUIPlugin
2023-09-18 17:59:30,797 [INFO] PluginManager:220 - loadIPPluginJar : add freertos
2023-09-18 17:59:30,814 [INFO] IPUIPlugin:80 - create IPUIPlugin
2023-09-18 17:59:30,814 [INFO] PluginManager:220 - loadIPPluginJar : add genericplugin
2023-09-18 17:59:30,893 [INFO] IPUIPlugin:80 - create IPUIPlugin
2023-09-18 17:59:30,893 [INFO] PluginManager:220 - loadIPPluginJar : add gfxmmu
2023-09-18 17:59:31,005 [INFO] IPUIPlugin:80 - create IPUIPlugin
2023-09-18 17:59:31,005 [INFO] PluginManager:220 - loadIPPluginJar : add gic
2023-09-18 17:59:31,016 [INFO] IPUIPlugin:80 - create IPUIPlugin
2023-09-18 17:59:31,016 [INFO] PluginManager:220 - loadIPPluginJar : add gpio
2023-09-18 17:59:31,091 [INFO] IPUIPlugin:80 - create IPUIPlugin
2023-09-18 17:59:31,091 [INFO] PluginManager:220 - loadIPPluginJar : add gtzc
2023-09-18 17:59:31,119 [INFO] IPUIPlugin:80 - create IPUIPlugin
2023-09-18 17:59:31,119 [INFO] PluginManager:220 - loadIPPluginJar : add hash
2023-09-18 17:59:31,163 [INFO] IPUIPlugin:80 - create IPUIPlugin
2023-09-18 17:59:31,164 [INFO] PluginManager:220 - loadIPPluginJar : add i2c
2023-09-18 17:59:31,197 [INFO] IPUIPlugin:80 - create IPUIPlugin
2023-09-18 17:59:31,197 [INFO] PluginManager:220 - loadIPPluginJar : add i2s
2023-09-18 17:59:31,231 [INFO] IPUIPlugin:80 - create IPUIPlugin
2023-09-18 17:59:31,232 [INFO] PluginManager:220 - loadIPPluginJar : add i3c
2023-09-18 17:59:31,317 [INFO] IPUIPlugin:80 - create IPUIPlugin
2023-09-18 17:59:31,317 [INFO] PluginManager:220 - loadIPPluginJar : add ipddr
2023-09-18 17:59:31,398 [INFO] IPUIPlugin:80 - create IPUIPlugin
2023-09-18 17:59:31,398 [INFO] PluginManager:220 - loadIPPluginJar : add linkedlist
2023-09-18 17:59:31,428 [INFO] IPUIPlugin:80 - create IPUIPlugin
2023-09-18 17:59:31,428 [INFO] PluginManager:220 - loadIPPluginJar : add lorawan
2023-09-18 17:59:31,460 [INFO] IPUIPlugin:80 - create IPUIPlugin
2023-09-18 17:59:31,460 [INFO] PluginManager:220 - loadIPPluginJar : add ltdc
2023-09-18 17:59:31,471 [INFO] IPUIPlugin:80 - create IPUIPlugin
2023-09-18 17:59:31,472 [INFO] PluginManager:220 - loadIPPluginJar : add mdma
2023-09-18 17:59:31,482 [INFO] IPUIPlugin:80 - create IPUIPlugin
2023-09-18 17:59:31,482 [INFO] PluginManager:220 - loadIPPluginJar : add nvic
2023-09-18 17:59:31,513 [INFO] IPUIPlugin:80 - create IPUIPlugin
2023-09-18 17:59:31,513 [INFO] PluginManager:220 - loadIPPluginJar : add opamp
2023-09-18 17:59:31,564 [INFO] IPUIPlugin:80 - create IPUIPlugin
2023-09-18 17:59:31,565 [INFO] PluginManager:220 - loadIPPluginJar : add openamp
2023-09-18 17:59:31,601 [INFO] IPUIPlugin:80 - create IPUIPlugin
2023-09-18 17:59:31,601 [INFO] PluginManager:220 - loadIPPluginJar : add pdm2pcm
2023-09-18 17:59:31,613 [INFO] IPUIPlugin:80 - create IPUIPlugin
2023-09-18 17:59:31,615 [INFO] PluginManager:220 - loadIPPluginJar : add plateformsettings
2023-09-18 17:59:31,634 [INFO] IPUIPlugin:80 - create IPUIPlugin
2023-09-18 17:59:31,634 [INFO] PluginManager:220 - loadIPPluginJar : add quadspi
2023-09-18 17:59:31,645 [INFO] IPUIPlugin:80 - create IPUIPlugin
2023-09-18 17:59:31,645 [INFO] PluginManager:220 - loadIPPluginJar : add resmgrutility
2023-09-18 17:59:31,685 [INFO] IPUIPlugin:80 - create IPUIPlugin
2023-09-18 17:59:31,685 [INFO] PluginManager:220 - loadIPPluginJar : add sai
2023-09-18 17:59:31,715 [INFO] IPUIPlugin:80 - create IPUIPlugin
2023-09-18 17:59:31,715 [INFO] PluginManager:220 - loadIPPluginJar : add spi
2023-09-18 17:59:31,763 [INFO] IPUIPlugin:80 - create IPUIPlugin
2023-09-18 17:59:31,763 [INFO] PluginManager:220 - loadIPPluginJar : add stm32_wpan
2023-09-18 17:59:31,782 [INFO] IPUIPlugin:80 - create IPUIPlugin
2023-09-18 17:59:31,782 [INFO] PluginManager:220 - loadIPPluginJar : add tim
2023-09-18 17:59:31,829 [INFO] IPUIPlugin:80 - create IPUIPlugin
2023-09-18 17:59:31,829 [INFO] PluginManager:220 - loadIPPluginJar : add touchsensing
2023-09-18 17:59:31,849 [INFO] IPUIPlugin:80 - create IPUIPlugin
2023-09-18 17:59:31,849 [INFO] PluginManager:220 - loadIPPluginJar : add tracer_emb
2023-09-18 17:59:31,869 [INFO] IPUIPlugin:80 - create IPUIPlugin
2023-09-18 17:59:31,869 [INFO] PluginManager:220 - loadIPPluginJar : add ts
2023-09-18 17:59:31,888 [INFO] IPUIPlugin:80 - create IPUIPlugin
2023-09-18 17:59:31,888 [INFO] PluginManager:220 - loadIPPluginJar : add tsc
2023-09-18 17:59:31,907 [INFO] IPUIPlugin:80 - create IPUIPlugin
2023-09-18 17:59:31,907 [INFO] PluginManager:220 - loadIPPluginJar : add ucpd
2023-09-18 17:59:31,944 [INFO] IPUIPlugin:80 - create IPUIPlugin
2023-09-18 17:59:31,944 [INFO] PluginManager:220 - loadIPPluginJar : add usart
2023-09-18 17:59:31,980 [INFO] IPUIPlugin:80 - create IPUIPlugin
2023-09-18 17:59:31,980 [INFO] PluginManager:220 - loadIPPluginJar : add usbx
2023-09-18 17:59:32,101 [INFO] CADModel:165 - CPN selected for project level
2023-09-18 17:59:32,102 [INFO] CADModel:114 - Register for checkConnection events
2023-09-18 17:59:32,102 [FATAL] Updater:308 - Updater called before beeing initialized
2023-09-18 17:59:32,102 [ERROR] CADModel:125 - Updater not yet initialized, retry later 
2023-09-18 17:59:32,268 [INFO] CADModel:165 - CPN selected for project level
2023-09-18 17:59:32,268 [INFO] CADModel:114 - Register for checkConnection events
2023-09-18 17:59:32,268 [FATAL] Updater:308 - Updater called before beeing initialized
2023-09-18 17:59:32,268 [ERROR] CADModel:125 - Updater not yet initialized, retry later 
2023-09-18 17:59:32,272 [FATAL] Updater:308 - Updater called before beeing initialized
2023-09-18 17:59:32,389 [FATAL] Updater:308 - Updater called before beeing initialized
2023-09-18 17:59:32,403 [INFO] DbMcusAds:53 - JSON generation date=Tue Mar 07 14:20:55 IST 2023 (1678179055114)
2023-09-18 17:59:32,403 [FATAL] Updater:308 - Updater called before beeing initialized
2023-09-18 17:59:32,476 [WARN] DetailPanel:346 - Failed to get advertising image, set to default
2023-09-18 17:59:32,564 [FATAL] Updater:308 - Updater called before beeing initialized
2023-09-18 17:59:32,566 [FATAL] Updater:308 - Updater called before beeing initialized
2023-09-18 17:59:32,566 [FATAL] Updater:308 - Updater called before beeing initialized
2023-09-18 17:59:32,566 [WARN] DetailPanel:346 - Failed to get advertising image, set to default
2023-09-18 17:59:32,567 [FATAL] Updater:308 - Updater called before beeing initialized
2023-09-18 17:59:32,627 [ERROR] Updater:1120 - MainUpdater not yet initialized. External WinMGr cannot be set.
2023-09-18 17:59:32,636 [INFO] Updater:1056 - Updater Version found : 6.9.1
2023-09-18 17:59:32,655 [INFO] ApplicationProperties:184 - Using Application install path: D:\STM32IDE\STM32CubeIDE_1.13.1\STM32CubeIDE\plugins\com.st.stm32cube.common.mx_6.9.1.202307191849
2023-09-18 17:59:32,832 [INFO] MainUpdater:2868 - connection check result : 10
2023-09-18 17:59:32,832 [INFO] MainUpdater:3562 - Updater definition file requires update
2023-09-18 17:59:32,834 [INFO] MainUpdater:285 - Updater Check For Update Now.
2023-09-18 17:59:32,834 [INFO] MicroXplorer:498 - Change Database Version : DB.6.0.91
2023-09-18 17:59:32,848 [INFO] McuFinderGlobals:63 - Set McuFinder mode to 2 (CubeIDE integrated)
2023-09-18 17:59:32,848 [INFO] UserAuth:179 - activating auth plugin
2023-09-18 17:59:32,851 [INFO] UserAuth:393 - Internet connection configuration mode: 1
2023-09-18 17:59:32,877 [INFO] JxBrowserEngine:151 - Initiate JxBrowser Engine with user profile folder
2023-09-18 17:59:32,906 [WARN] MainUpdater:1189 - Updater busy. Cannot search thirdparties
2023-09-18 17:59:32,906 [INFO] ThirdPartyUpdaterWithRetryManager:96 - Updater plugin is busy. [1/15]
2023-09-18 17:59:35,076 [INFO] WebApp:157 - Instantiating new browser for Auth
2023-09-18 17:59:35,471 [INFO] ServerAccessManage:473 - Download File updaters.zip
2023-09-18 17:59:35,655 [INFO] WebApp:753 - Register for checkConnection events
2023-09-18 17:59:35,655 [INFO] WebApp:390 - Apply proxy settings
2023-09-18 17:59:35,655 [INFO] WebApp:475 - Chromium requires no authentication
2023-09-18 17:59:35,664 [INFO] WebApp:418 - Direct internet connection detected
2023-09-18 17:59:35,842 [INFO] WebApp:188 - Starting web application
2023-09-18 17:59:35,842 [INFO] WebApp:520 - Web application path used D:\STM32IDE\STM32CubeIDE_1.13.1\STM32CubeIDE\plugins\com.st.stm32cube.common.mx_6.9.1.202307191849\db\plugins\mcufinder\reactClient1\index.html
2023-09-18 17:59:35,907 [WARN] MainUpdater:1189 - Updater busy. Cannot search thirdparties
2023-09-18 17:59:35,907 [INFO] ThirdPartyUpdaterWithRetryManager:96 - Updater plugin is busy. [2/15]
2023-09-18 17:59:36,074 [INFO] FileExtend:240 - Unzip File : updaters.zip
2023-09-18 17:59:36,074 [INFO] FileExtend:255 - Standard Zip Deflate
2023-09-18 17:59:37,430 [INFO] ServerAccessManage:473 - Download File PacksControlFlags.xml
2023-09-18 17:59:38,326 [INFO] ServerAccessManage:473 - Download File cubemx.pidx
2023-09-18 17:59:38,413 [INFO] LoadServerUpdatesThread:373 - End of LoadServerUpdate Thread
2023-09-18 17:59:38,577 [INFO] CheckServerUpdateThread:120 - End of CheckServer Thread
2023-09-18 17:59:39,089 [WARN] PackLoader:240 - Cannot read IP mode file for STMicroelectronics.X-CUBE-SMBUS.2.1.0
2023-09-18 17:59:39,136 [WARN] PackLoader:240 - Cannot read IP mode file for STMicroelectronics.X-CUBE-AZRTOS-F7.1.1.0
2023-09-18 17:59:39,157 [WARN] PackLoader:240 - Cannot read IP mode file for STMicroelectronics.FP-SNS-MOTENV1.4.3.2
2023-09-18 17:59:39,173 [WARN] PackLoader:240 - Cannot read IP mode file for STMicroelectronics.FP-SNS-FLIGHT1.5.0.2
2023-09-18 17:59:39,193 [WARN] PackLoader:240 - Cannot read IP mode file for STMicroelectronics.X-CUBE-DISPLAY.3.0.0
2023-09-18 17:59:39,220 [WARN] PackLoader:240 - Cannot read IP mode file for STMicroelectronics.X-CUBE-BLE1.7.0.0
2023-09-18 17:59:39,236 [WARN] PackLoader:240 - Cannot read IP mode file for emotas.I-CUBE-CANOPEN.1.3.0
2023-09-18 17:59:39,251 [WARN] PackLoader:240 - Cannot read IP mode file for STMicroelectronics.X-CUBE-TOUCHGFX.4.22.0
2023-09-18 17:59:39,263 [WARN] PackLoader:240 - Cannot read IP mode file for STMicroelectronics.FP-SNS-SMARTAG2.1.2.0
2023-09-18 17:59:39,283 [INFO] LogOutputStream:77 - [STDOUT_REDIRECT] 1 : Invalid condition id : UX_CORESTACK_Condition cause : null
2023-09-18 17:59:39,284 [INFO] LogOutputStream:77 - [STDOUT_REDIRECT] 1 : Invalid condition id : UX_CORESTACK_Condition cause : null
2023-09-18 17:59:39,285 [INFO] LogOutputStream:77 - [STDOUT_REDIRECT] 1 : Invalid condition id : UX_CORESTACK_Condition cause : null
2023-09-18 17:59:39,287 [INFO] LogOutputStream:77 - [STDOUT_REDIRECT] 1 : Invalid condition id : UX_CORESTACK_Condition cause : null
2023-09-18 17:59:39,288 [INFO] LogOutputStream:77 - [STDOUT_REDIRECT] 1 : Invalid condition id : UX_CORESTACK_Condition cause : null
2023-09-18 17:59:39,292 [WARN] PackLoader:240 - Cannot read IP mode file for STMicroelectronics.X-CUBE-AZRTOS-WL.2.0.0
2023-09-18 17:59:39,309 [WARN] PackLoader:240 - Cannot read IP mode file for WES.I-CUBE-Cesium.1.3.0
2023-09-18 17:59:39,322 [WARN] PackLoader:240 - Cannot read IP mode file for STMicroelectronics.X-CUBE-BLE2.3.3.0
2023-09-18 17:59:39,335 [WARN] PackLoader:240 - Cannot read IP mode file for STMicroelectronics.X-CUBE-ALGOBUILD.1.3.0
2023-09-18 17:59:39,367 [WARN] PackLoader:240 - Cannot read IP mode file for STMicroelectronics.X-CUBE-AZRTOS-G0.1.1.0
2023-09-18 17:59:39,384 [WARN] PackLoader:240 - Cannot read IP mode file for STMicroelectronics.X-CUBE-NFC4.3.0.0
2023-09-18 17:59:39,397 [WARN] PackLoader:240 - Cannot read IP mode file for STMicroelectronics.FP-ATR-SIGFOX1.3.2.0
2023-09-18 17:59:39,442 [WARN] PackLoader:240 - Cannot read IP mode file for SEGGER.I-CUBE-embOS.1.3.1
2023-09-18 17:59:39,498 [WARN] PackLoader:240 - Cannot read IP mode file for STMicroelectronics.X-CUBE-GNSS1.6.0.0
2023-09-18 17:59:39,529 [WARN] PackLoader:240 - Cannot read IP mode file for STMicroelectronics.X-CUBE-AZRTOS-F4.1.1.0
2023-09-18 17:59:39,545 [WARN] PackLoader:240 - Cannot read IP mode file for wolfSSL.I-CUBE-wolfSSL.5.6.3
2023-09-18 17:59:39,579 [WARN] PackLoader:240 - Cannot read IP mode file for STMicroelectronics.X-CUBE-AZRTOS-L5.2.0.0
2023-09-18 17:59:39,634 [WARN] PackLoader:240 - Cannot read IP mode file for STMicroelectronics.X-CUBE-MEMS1.9.6.0
2023-09-18 17:59:39,794 [WARN] PackLoader:240 - Cannot read IP mode file for STMicroelectronics.X-CUBE-BLEMGR.2.0.0
2023-09-18 17:59:39,835 [WARN] ConditionMgr:438 - getConditionDescription Invalid condition id : UX DEVICE CLASS RTOS Condition cause : null
2023-09-18 17:59:39,836 [WARN] ConditionMgr:438 - getConditionDescription Invalid condition id : UX DEVICE CLASS RTOS Condition cause : null
2023-09-18 17:59:39,839 [WARN] PackLoader:240 - Cannot read IP mode file for STMicroelectronics.X-CUBE-AZRTOS-H7.3.1.0
2023-09-18 17:59:39,841 [WARN] ConditionMgr:1039 - genDependencies : Invalid condition id : UX DEVICE CLASS RTOS Condition cause : null
2023-09-18 17:59:39,842 [WARN] ConditionMgr:1039 - genDependencies : Invalid condition id : UX DEVICE CLASS RTOS Condition cause : null
2023-09-18 17:59:39,843 [WARN] ConditionMgr:1039 - genDependencies : Invalid condition id : UX DEVICE CLASS RTOS Condition cause : null
2023-09-18 17:59:39,843 [WARN] ConditionMgr:1039 - genDependencies : Invalid condition id : UX DEVICE CLASS RTOS Condition cause : null
2023-09-18 17:59:39,843 [WARN] ConditionMgr:1039 - genDependencies : Invalid condition id : UX DEVICE CLASS RTOS Condition cause : null
2023-09-18 17:59:39,866 [WARN] PackLoader:240 - Cannot read IP mode file for STMicroelectronics.X-CUBE-NFC7.1.0.1
2023-09-18 17:59:39,885 [WARN] PackLoader:240 - Cannot read IP mode file for STMicroelectronics.X-CUBE-NFC6.3.0.0
2023-09-18 17:59:39,903 [WARN] PackLoader:240 - Cannot read IP mode file for STMicroelectronics.X-CUBE-EEPRMA1.4.1.0
2023-09-18 17:59:39,917 [WARN] PackLoader:240 - Cannot read IP mode file for STMicroelectronics.X-CUBE-AI.8.1.0
2023-09-18 17:59:39,947 [WARN] ConditionMgr:438 - getConditionDescription Invalid condition id : LAN8742 Phy interface Condition cause : null
2023-09-18 17:59:39,948 [WARN] PackLoader:240 - Cannot read IP mode file for STMicroelectronics.X-CUBE-AZRTOS-L4.2.0.0
2023-09-18 17:59:39,950 [WARN] ConditionMgr:1039 - genDependencies : Invalid condition id : LAN8742 Phy interface Condition cause : null
2023-09-18 17:59:39,950 [WARN] ConditionMgr:1039 - genDependencies : Invalid condition id : LAN8742 Phy interface Condition cause : null
2023-09-18 17:59:39,951 [WARN] ConditionMgr:1039 - genDependencies : Invalid condition id : LAN8742 Phy interface Condition cause : null
2023-09-18 17:59:39,967 [WARN] PackLoader:240 - Cannot read IP mode file for STMicroelectronics.X-CUBE-SFXS2LP1.4.0.0
2023-09-18 17:59:39,983 [WARN] PackLoader:240 - Cannot read IP mode file for STMicroelectronics.X-CUBE-ISPU.1.1.0
2023-09-18 17:59:40,009 [WARN] ConditionMgr:438 - getConditionDescription Invalid condition id : UX DEVICE CLASS RTOS Condition cause : null
2023-09-18 17:59:40,009 [WARN] ConditionMgr:438 - getConditionDescription Invalid condition id : UX DEVICE CLASS RTOS Condition cause : null
2023-09-18 17:59:40,012 [WARN] PackLoader:240 - Cannot read IP mode file for STMicroelectronics.X-CUBE-AZRTOS-WB.2.0.0
2023-09-18 17:59:40,013 [WARN] ConditionMgr:1039 - genDependencies : Invalid condition id : UX DEVICE CLASS RTOS Condition cause : null
2023-09-18 17:59:40,013 [WARN] ConditionMgr:1039 - genDependencies : Invalid condition id : UX DEVICE CLASS RTOS Condition cause : null
2023-09-18 17:59:40,014 [WARN] ConditionMgr:1039 - genDependencies : Invalid condition id : UX DEVICE CLASS RTOS Condition cause : null
2023-09-18 17:59:40,014 [WARN] ConditionMgr:1039 - genDependencies : Invalid condition id : UX DEVICE CLASS RTOS Condition cause : null
2023-09-18 17:59:40,014 [WARN] ConditionMgr:1039 - genDependencies : Invalid condition id : UX DEVICE CLASS RTOS Condition cause : null
2023-09-18 17:59:40,037 [WARN] PackLoader:240 - Cannot read IP mode file for STMicroelectronics.X-CUBE-SUBG2.5.0.0
2023-09-18 17:59:40,073 [WARN] PackLoader:240 - Cannot read IP mode file for STMicroelectronics.X-CUBE-TOF1.3.3.1
2023-09-18 17:59:40,108 [WARN] PackLoader:240 - Cannot read IP mode file for STMicroelectronics.X-CUBE-AZRTOS-G4.2.0.0
2023-09-18 17:59:40,123 [WARN] PackLoader:240 - Cannot read IP mode file for STMicroelectronics.X-CUBE-FREERTOS.1.1.0
2023-09-18 17:59:40,142 [WARN] PackLoader:240 - Cannot read IP mode file for portGmbH.I-Cube-SoM-uGOAL.1.1.0
2023-09-18 17:59:40,156 [WARN] PackLoader:240 - Cannot read IP mode file for STMicroelectronics.X-CUBE-ALS.1.0.1
2023-09-18 17:59:40,171 [WARN] PackLoader:240 - Cannot read IP mode file for STMicroelectronics.FP-ATR-ASTRA1.2.0.0
2023-09-18 17:59:40,172 [INFO] ThirdParty:978 - Integrity check success = true
2023-09-18 17:59:40,173 [INFO] IntegrityCheckThread:100 - exiting critical section [integrity check]
2023-09-18 17:59:40,173 [INFO] IntegrityCheckThread:103 - End integrity checks thread
2023-09-18 17:59:50,908 [ERROR] LogOutputStream:75 - [STDERR_REDIRECT] 
