2023-10-24 10:40:31,686 [INFO] Activator:176 - 


2023-10-24 10:40:31,686 [INFO] Activator:177 - !SESSION log4j initialized
2023-10-24 10:40:37,323 [INFO] LogOutputStream:77 - [STDOUT_REDIRECT] 
2023-10-24 10:40:43,024 [INFO] ApplicationProperties:184 - Using Application install path: D:\STM32IDE\STM32CubeIDE_1.13.1\STM32CubeIDE\plugins\com.st.stm32cube.common.mx_6.9.2.202309101412
2023-10-24 10:40:43,044 [INFO] DbMcusXml:78 - Set database path to: D:\STM32IDE\STM32CubeIDE_1.13.1\STM32CubeIDE\plugins\com.st.stm32cube.common.mx_6.9.2.202309101412\\db\/mcu/
2023-10-24 10:40:43,045 [INFO] ApiDb:274 - Set plugin database path to: D:\STM32IDE\STM32CubeIDE_1.13.1\STM32CubeIDE\plugins\com.st.stm32cube.common.mx_6.9.2.202309101412\\db\/plugins/boardmanager/
2023-10-24 10:40:43,045 [WARN] ApiDb:259 - Overriding images path with different value:  => D:\STM32IDE\STM32CubeIDE_1.13.1\STM32CubeIDE\plugins\com.st.stm32cube.common.mx_6.9.2.202309101412\\db\/plugins/mcufinder/images/
2023-10-24 10:40:43,068 [INFO] ApiDb:250 - Set database path to: C:\Users\ARYAN\.stmcufinder\plugins\mcufinder//mcu/
2023-10-24 10:40:43,069 [INFO] DbMcusAds:125 - Set database path to: C:\Users\ARYAN\.stmcufinder\plugins\mcufinder//mcu/
2023-10-24 10:40:43,071 [INFO] CrossReferenceDbSqlite:203 - Set database path to: C:\Users\ARYAN\.stmcufinder\plugins\mcufinder//mcu/cs/
2023-10-24 10:40:43,212 [INFO] RulesReader:64 - Compatibility file has been processed (293 Rules)
2023-10-24 10:40:43,323 [INFO] DbMcusXml:78 - Set database path to: D:\STM32IDE\STM32CubeIDE_1.13.1\STM32CubeIDE\plugins\com.st.stm32cube.common.mx_6.9.2.202309101412\\db\/mcu/
2023-10-24 10:40:43,323 [INFO] ApiDb:274 - Set plugin database path to: D:\STM32IDE\STM32CubeIDE_1.13.1\STM32CubeIDE\plugins\com.st.stm32cube.common.mx_6.9.2.202309101412\\db\/plugins/boardmanager/
2023-10-24 10:40:43,323 [INFO] ApiDb:261 - Set plugin images path to: D:\STM32IDE\STM32CubeIDE_1.13.1\STM32CubeIDE\plugins\com.st.stm32cube.common.mx_6.9.2.202309101412\\db\/plugins/mcufinder/images/
2023-10-24 10:40:43,323 [WARN] DbFile:41 - Overriding database path with different value: C:\Users\ARYAN\.stmcufinder\plugins\mcufinder/ => C:\Users\ARYAN\.stmcufinder\plugins\mcufinder
2023-10-24 10:40:43,323 [INFO] ApiDb:250 - Set database path to: C:\Users\ARYAN\.stmcufinder\plugins\mcufinder//mcu/
2023-10-24 10:40:43,323 [WARN] DbFile:41 - Overriding database path with different value: C:\Users\ARYAN\.stmcufinder\plugins\mcufinder/ => C:\Users\ARYAN\.stmcufinder\plugins\mcufinder
2023-10-24 10:40:43,323 [INFO] DbMcusAds:125 - Set database path to: C:\Users\ARYAN\.stmcufinder\plugins\mcufinder//mcu/
2023-10-24 10:40:43,324 [WARN] DbFile:41 - Overriding database path with different value: C:\Users\ARYAN\.stmcufinder\plugins\mcufinder/ => C:\Users\ARYAN\.stmcufinder\plugins\mcufinder
2023-10-24 10:40:43,324 [WARN] DbFile:41 - Overriding database path with different value: C:\Users\ARYAN\.stmcufinder\plugins\mcufinder/ => C:\Users\ARYAN\.stmcufinder\plugins\mcufinder
2023-10-24 10:40:43,324 [INFO] CrossReferenceDbSqlite:203 - Set database path to: C:\Users\ARYAN\.stmcufinder\plugins\mcufinder//mcu/cs/
2023-10-24 10:40:43,414 [INFO] MainPanel:262 - HeapMemory: 268435456
2023-10-24 10:40:43,545 [INFO] DbMcusXml:78 - Set database path to: D:\STM32IDE\STM32CubeIDE_1.13.1\STM32CubeIDE\plugins\com.st.stm32cube.common.mx_6.9.2.202309101412\\db\/mcu/
2023-10-24 10:40:43,545 [INFO] ApiDb:274 - Set plugin database path to: D:\STM32IDE\STM32CubeIDE_1.13.1\STM32CubeIDE\plugins\com.st.stm32cube.common.mx_6.9.2.202309101412\\db\/plugins/boardmanager/
2023-10-24 10:40:43,546 [INFO] ApiDb:261 - Set plugin images path to: D:\STM32IDE\STM32CubeIDE_1.13.1\STM32CubeIDE\plugins\com.st.stm32cube.common.mx_6.9.2.202309101412\\db\/plugins/mcufinder/images/
2023-10-24 10:40:43,546 [WARN] DbFile:41 - Overriding database path with different value: C:\Users\ARYAN\.stmcufinder\plugins\mcufinder/ => C:\Users\ARYAN\.stmcufinder\plugins\mcufinder
2023-10-24 10:40:43,546 [INFO] ApiDb:250 - Set database path to: C:\Users\ARYAN\.stmcufinder\plugins\mcufinder//mcu/
2023-10-24 10:40:43,546 [WARN] DbFile:41 - Overriding database path with different value: C:\Users\ARYAN\.stmcufinder\plugins\mcufinder/ => C:\Users\ARYAN\.stmcufinder\plugins\mcufinder
2023-10-24 10:40:43,546 [INFO] DbMcusAds:125 - Set database path to: C:\Users\ARYAN\.stmcufinder\plugins\mcufinder//mcu/
2023-10-24 10:40:43,547 [WARN] DbFile:41 - Overriding database path with different value: C:\Users\ARYAN\.stmcufinder\plugins\mcufinder/ => C:\Users\ARYAN\.stmcufinder\plugins\mcufinder
2023-10-24 10:40:43,547 [WARN] DbFile:41 - Overriding database path with different value: C:\Users\ARYAN\.stmcufinder\plugins\mcufinder/ => C:\Users\ARYAN\.stmcufinder\plugins\mcufinder
2023-10-24 10:40:43,547 [INFO] CrossReferenceDbSqlite:203 - Set database path to: C:\Users\ARYAN\.stmcufinder\plugins\mcufinder//mcu/cs/
2023-10-24 10:40:43,568 [INFO] ApplicationProperties:184 - Using Application install path: D:\STM32IDE\STM32CubeIDE_1.13.1\STM32CubeIDE\plugins\com.st.stm32cube.common.mx_6.9.2.202309101412
2023-10-24 10:40:43,570 [INFO] PluginManage:196 - Search for loadable plugins [exclusion list=, ]
2023-10-24 10:40:43,571 [INFO] PluginManage:310 - Check plugin analytics
2023-10-24 10:40:43,761 [INFO] AnalyticsPlugin:253 - Accepted Software Licenses: STM32CubeMX.6.9.2
2023-10-24 10:40:43,761 [INFO] AnalyticsPlugin:255 - Accepted CMSIS Pack Licenses: 
2023-10-24 10:40:43,762 [INFO] AnalyticsPlugin:257 - Accepted Firmware Licenses: FW.F4.1.27.0
2023-10-24 10:40:43,766 [INFO] PluginManage:359 - Loaded plugin analytics (category:tool,tabindex:-1)
2023-10-24 10:40:43,767 [INFO] PluginManage:310 - Check plugin cadmodel
2023-10-24 10:40:43,783 [INFO] CADModel:105 - Init CAD model plugin
2023-10-24 10:40:43,783 [INFO] PluginManage:359 - Loaded plugin cadmodel (category:power,tabindex:5)
2023-10-24 10:40:43,784 [INFO] PluginManage:310 - Check plugin clock
2023-10-24 10:40:43,803 [INFO] PluginManage:359 - Loaded plugin clock (category:base,tabindex:2)
2023-10-24 10:40:43,803 [INFO] PluginManage:310 - Check plugin ddr
2023-10-24 10:40:43,806 [INFO] PluginManage:359 - Loaded plugin ddr (category:tool,tabindex:6)
2023-10-24 10:40:43,806 [INFO] PluginManage:310 - Check plugin filemanager
2023-10-24 10:40:43,945 [INFO] PluginManage:359 - Loaded plugin filemanager (category:base,tabindex:10)
2023-10-24 10:40:43,946 [INFO] PluginManage:310 - Check plugin ipmanager
2023-10-24 10:40:43,954 [INFO] PluginManage:359 - Loaded plugin ipmanager (category:base,tabindex:5)
2023-10-24 10:40:43,954 [INFO] PluginManage:310 - Check plugin lpbam
2023-10-24 10:40:43,970 [INFO] PluginManage:359 - Loaded plugin lpbam (category:base,tabindex:0)
2023-10-24 10:40:43,970 [INFO] PluginManage:310 - Check plugin memorymap
2023-10-24 10:40:43,995 [INFO] PluginManage:359 - Loaded plugin memorymap (category:base,tabindex:4)
2023-10-24 10:40:43,996 [INFO] PluginManage:310 - Check plugin pinoutandconfiguration
2023-10-24 10:40:44,010 [INFO] PluginManage:359 - Loaded plugin pinoutandconfiguration (category:base,tabindex:1)
2023-10-24 10:40:44,010 [INFO] PluginManage:310 - Check plugin pinoutconfig
2023-10-24 10:40:44,107 [WARN] SupportedApi:132 - Cannot load RTOS API schema: s4s-elt-must-match.1: The content of 'definitions' must match (annotation?, (simpleType | complexType)?, (unique | key | keyref)*)). A problem was found starting at: attribute.
2023-10-24 10:40:44,257 [INFO] PluginManage:359 - Loaded plugin pinoutconfig (category:base,tabindex:0)
2023-10-24 10:40:44,258 [INFO] PluginManage:310 - Check plugin power
2023-10-24 10:40:44,279 [INFO] PluginManage:359 - Loaded plugin power (category:power,tabindex:4)
2023-10-24 10:40:44,279 [INFO] PluginManage:310 - Check plugin projectmanager
2023-10-24 10:40:44,293 [INFO] PluginManage:359 - Loaded plugin projectmanager (category:projectmanager,tabindex:3)
2023-10-24 10:40:44,293 [INFO] PluginManage:310 - Check plugin thirdparty
2023-10-24 10:40:44,558 [INFO] PluginManage:359 - Loaded plugin thirdparty (category:base,tabindex:-1)
2023-10-24 10:40:44,559 [INFO] PluginManage:310 - Check plugin tools
2023-10-24 10:40:44,559 [WARN] IntegrityCheckThread:84 - waiting for thirdparty lock release [integrity check]
2023-10-24 10:40:44,559 [INFO] IntegrityCheckThread:86 - entering critical section [integrity check]
2023-10-24 10:40:44,560 [INFO] ThirdPartyUpdaterWithRetryManager:70 - Updater plugin not ready yet. [1/15]
2023-10-24 10:40:44,588 [INFO] PluginManage:359 - Loaded plugin tools (category:base,tabindex:7)
2023-10-24 10:40:44,588 [INFO] PluginManage:310 - Check plugin tutovideos
2023-10-24 10:40:44,788 [INFO] PluginManage:359 - Loaded plugin tutovideos (category:base,tabindex:-1)
2023-10-24 10:40:44,788 [INFO] PluginManage:310 - Check plugin updater
2023-10-24 10:40:44,800 [INFO] PluginManage:359 - Loaded plugin updater (category:base,tabindex:12)
2023-10-24 10:40:44,801 [INFO] PluginManage:310 - Check plugin userauth
2023-10-24 10:40:44,807 [INFO] UserAuth:113 - Init User Auth plugin
2023-10-24 10:40:44,807 [INFO] PluginManage:359 - Loaded plugin userauth (category:base,tabindex:14)
2023-10-24 10:40:44,807 [INFO] PluginManage:283 - PluginManage : Loaded plugins [17]
2023-10-24 10:40:45,041 [INFO] PinOutPanel:1499 - setPackage(No Configuration,No Configuration)
2023-10-24 10:40:45,155 [INFO] CADModel:165 - CPN selected for project level
2023-10-24 10:40:45,155 [INFO] CADModel:114 - Register for checkConnection events
2023-10-24 10:40:45,183 [INFO] IPUIPlugin:80 - create IPUIPlugin
2023-10-24 10:40:45,183 [INFO] PluginManager:220 - loadIPPluginJar : add adc
2023-10-24 10:40:45,215 [INFO] IPUIPlugin:80 - create IPUIPlugin
2023-10-24 10:40:45,215 [INFO] PluginManager:220 - loadIPPluginJar : add aes
2023-10-24 10:40:45,250 [INFO] IPUIPlugin:80 - create IPUIPlugin
2023-10-24 10:40:45,250 [INFO] PluginManager:220 - loadIPPluginJar : add can
2023-10-24 10:40:45,269 [INFO] IPUIPlugin:80 - create IPUIPlugin
2023-10-24 10:40:45,269 [INFO] PluginManager:220 - loadIPPluginJar : add comp
2023-10-24 10:40:45,296 [INFO] IPUIPlugin:80 - create IPUIPlugin
2023-10-24 10:40:45,297 [INFO] PluginManager:220 - loadIPPluginJar : add cryp
2023-10-24 10:40:45,321 [INFO] IPUIPlugin:80 - create IPUIPlugin
2023-10-24 10:40:45,321 [INFO] PluginManager:220 - loadIPPluginJar : add dfsdm
2023-10-24 10:40:45,333 [INFO] IPUIPlugin:80 - create IPUIPlugin
2023-10-24 10:40:45,334 [INFO] PluginManager:220 - loadIPPluginJar : add dma
2023-10-24 10:40:45,370 [INFO] IPUIPlugin:80 - create IPUIPlugin
2023-10-24 10:40:45,370 [INFO] PluginManager:220 - loadIPPluginJar : add dma3
2023-10-24 10:40:45,387 [INFO] IPUIPlugin:80 - create IPUIPlugin
2023-10-24 10:40:45,388 [INFO] PluginManager:220 - loadIPPluginJar : add fatfs
2023-10-24 10:40:45,426 [INFO] IPUIPlugin:80 - create IPUIPlugin
2023-10-24 10:40:45,427 [INFO] PluginManager:220 - loadIPPluginJar : add fmc
2023-10-24 10:40:45,440 [INFO] IPUIPlugin:80 - create IPUIPlugin
2023-10-24 10:40:45,440 [INFO] PluginManager:220 - loadIPPluginJar : add freertos
2023-10-24 10:40:45,457 [INFO] IPUIPlugin:80 - create IPUIPlugin
2023-10-24 10:40:45,458 [INFO] PluginManager:220 - loadIPPluginJar : add genericplugin
2023-10-24 10:40:45,536 [INFO] IPUIPlugin:80 - create IPUIPlugin
2023-10-24 10:40:45,536 [INFO] PluginManager:220 - loadIPPluginJar : add gfxmmu
2023-10-24 10:40:45,644 [INFO] IPUIPlugin:80 - create IPUIPlugin
2023-10-24 10:40:45,644 [INFO] PluginManager:220 - loadIPPluginJar : add gic
2023-10-24 10:40:45,655 [INFO] IPUIPlugin:80 - create IPUIPlugin
2023-10-24 10:40:45,655 [INFO] PluginManager:220 - loadIPPluginJar : add gpio
2023-10-24 10:40:45,730 [INFO] IPUIPlugin:80 - create IPUIPlugin
2023-10-24 10:40:45,730 [INFO] PluginManager:220 - loadIPPluginJar : add gtzc
2023-10-24 10:40:45,757 [INFO] IPUIPlugin:80 - create IPUIPlugin
2023-10-24 10:40:45,758 [INFO] PluginManager:220 - loadIPPluginJar : add hash
2023-10-24 10:40:45,801 [INFO] IPUIPlugin:80 - create IPUIPlugin
2023-10-24 10:40:45,801 [INFO] PluginManager:220 - loadIPPluginJar : add i2c
2023-10-24 10:40:45,834 [INFO] IPUIPlugin:80 - create IPUIPlugin
2023-10-24 10:40:45,834 [INFO] PluginManager:220 - loadIPPluginJar : add i2s
2023-10-24 10:40:45,867 [INFO] IPUIPlugin:80 - create IPUIPlugin
2023-10-24 10:40:45,867 [INFO] PluginManager:220 - loadIPPluginJar : add i3c
2023-10-24 10:40:45,952 [INFO] IPUIPlugin:80 - create IPUIPlugin
2023-10-24 10:40:45,952 [INFO] PluginManager:220 - loadIPPluginJar : add ipddr
2023-10-24 10:40:46,029 [INFO] IPUIPlugin:80 - create IPUIPlugin
2023-10-24 10:40:46,030 [INFO] PluginManager:220 - loadIPPluginJar : add linkedlist
2023-10-24 10:40:46,059 [INFO] IPUIPlugin:80 - create IPUIPlugin
2023-10-24 10:40:46,059 [INFO] PluginManager:220 - loadIPPluginJar : add lorawan
2023-10-24 10:40:46,089 [INFO] IPUIPlugin:80 - create IPUIPlugin
2023-10-24 10:40:46,089 [INFO] PluginManager:220 - loadIPPluginJar : add ltdc
2023-10-24 10:40:46,104 [INFO] IPUIPlugin:80 - create IPUIPlugin
2023-10-24 10:40:46,104 [INFO] PluginManager:220 - loadIPPluginJar : add mdma
2023-10-24 10:40:46,114 [INFO] IPUIPlugin:80 - create IPUIPlugin
2023-10-24 10:40:46,115 [INFO] PluginManager:220 - loadIPPluginJar : add nvic
2023-10-24 10:40:46,144 [INFO] IPUIPlugin:80 - create IPUIPlugin
2023-10-24 10:40:46,144 [INFO] PluginManager:220 - loadIPPluginJar : add opamp
2023-10-24 10:40:46,195 [INFO] IPUIPlugin:80 - create IPUIPlugin
2023-10-24 10:40:46,195 [INFO] PluginManager:220 - loadIPPluginJar : add openamp
2023-10-24 10:40:46,230 [INFO] IPUIPlugin:80 - create IPUIPlugin
2023-10-24 10:40:46,230 [INFO] PluginManager:220 - loadIPPluginJar : add pdm2pcm
2023-10-24 10:40:46,243 [INFO] IPUIPlugin:80 - create IPUIPlugin
2023-10-24 10:40:46,245 [INFO] PluginManager:220 - loadIPPluginJar : add plateformsettings
2023-10-24 10:40:46,263 [INFO] IPUIPlugin:80 - create IPUIPlugin
2023-10-24 10:40:46,263 [INFO] PluginManager:220 - loadIPPluginJar : add quadspi
2023-10-24 10:40:46,274 [INFO] IPUIPlugin:80 - create IPUIPlugin
2023-10-24 10:40:46,274 [INFO] PluginManager:220 - loadIPPluginJar : add resmgrutility
2023-10-24 10:40:46,315 [INFO] IPUIPlugin:80 - create IPUIPlugin
2023-10-24 10:40:46,315 [INFO] PluginManager:220 - loadIPPluginJar : add sai
2023-10-24 10:40:46,347 [INFO] IPUIPlugin:80 - create IPUIPlugin
2023-10-24 10:40:46,347 [INFO] PluginManager:220 - loadIPPluginJar : add spi
2023-10-24 10:40:46,395 [INFO] IPUIPlugin:80 - create IPUIPlugin
2023-10-24 10:40:46,395 [INFO] PluginManager:220 - loadIPPluginJar : add stm32_wpan
2023-10-24 10:40:46,415 [INFO] IPUIPlugin:80 - create IPUIPlugin
2023-10-24 10:40:46,415 [INFO] PluginManager:220 - loadIPPluginJar : add tim
2023-10-24 10:40:46,463 [INFO] IPUIPlugin:80 - create IPUIPlugin
2023-10-24 10:40:46,463 [INFO] PluginManager:220 - loadIPPluginJar : add touchsensing
2023-10-24 10:40:46,481 [INFO] IPUIPlugin:80 - create IPUIPlugin
2023-10-24 10:40:46,481 [INFO] PluginManager:220 - loadIPPluginJar : add tracer_emb
2023-10-24 10:40:46,501 [INFO] IPUIPlugin:80 - create IPUIPlugin
2023-10-24 10:40:46,501 [INFO] PluginManager:220 - loadIPPluginJar : add ts
2023-10-24 10:40:46,519 [INFO] IPUIPlugin:80 - create IPUIPlugin
2023-10-24 10:40:46,519 [INFO] PluginManager:220 - loadIPPluginJar : add tsc
2023-10-24 10:40:46,537 [INFO] IPUIPlugin:80 - create IPUIPlugin
2023-10-24 10:40:46,538 [INFO] PluginManager:220 - loadIPPluginJar : add ucpd
2023-10-24 10:40:46,575 [INFO] IPUIPlugin:80 - create IPUIPlugin
2023-10-24 10:40:46,575 [INFO] PluginManager:220 - loadIPPluginJar : add usart
2023-10-24 10:40:46,611 [INFO] IPUIPlugin:80 - create IPUIPlugin
2023-10-24 10:40:46,611 [INFO] PluginManager:220 - loadIPPluginJar : add usbx
2023-10-24 10:40:46,736 [INFO] CADModel:165 - CPN selected for project level
2023-10-24 10:40:46,736 [INFO] CADModel:114 - Register for checkConnection events
2023-10-24 10:40:46,737 [FATAL] Updater:308 - Updater called before beeing initialized
2023-10-24 10:40:46,737 [ERROR] CADModel:125 - Updater not yet initialized, retry later 
2023-10-24 10:40:46,896 [INFO] CADModel:165 - CPN selected for project level
2023-10-24 10:40:46,896 [INFO] CADModel:114 - Register for checkConnection events
2023-10-24 10:40:46,896 [FATAL] Updater:308 - Updater called before beeing initialized
2023-10-24 10:40:46,896 [ERROR] CADModel:125 - Updater not yet initialized, retry later 
2023-10-24 10:40:46,899 [FATAL] Updater:308 - Updater called before beeing initialized
2023-10-24 10:40:47,021 [FATAL] Updater:308 - Updater called before beeing initialized
2023-10-24 10:40:47,032 [INFO] DbMcusAds:53 - JSON generation date=Tue Mar 07 14:20:55 IST 2023 (1678179055114)
2023-10-24 10:40:47,032 [FATAL] Updater:308 - Updater called before beeing initialized
2023-10-24 10:40:47,103 [WARN] DetailPanel:346 - Failed to get advertising image, set to default
2023-10-24 10:40:47,189 [FATAL] Updater:308 - Updater called before beeing initialized
2023-10-24 10:40:47,191 [FATAL] Updater:308 - Updater called before beeing initialized
2023-10-24 10:40:47,191 [FATAL] Updater:308 - Updater called before beeing initialized
2023-10-24 10:40:47,191 [WARN] DetailPanel:346 - Failed to get advertising image, set to default
2023-10-24 10:40:47,192 [FATAL] Updater:308 - Updater called before beeing initialized
2023-10-24 10:40:47,251 [ERROR] Updater:1120 - MainUpdater not yet initialized. External WinMGr cannot be set.
2023-10-24 10:40:47,261 [INFO] Updater:1056 - Updater Version found : 6.9.2
2023-10-24 10:40:47,283 [INFO] ApplicationProperties:184 - Using Application install path: D:\STM32IDE\STM32CubeIDE_1.13.1\STM32CubeIDE\plugins\com.st.stm32cube.common.mx_6.9.2.202309101412
2023-10-24 10:40:47,561 [INFO] ThirdPartyUpdaterWithRetryManager:70 - Updater plugin not ready yet. [2/15]
2023-10-24 10:40:47,771 [INFO] MainUpdater:2868 - connection check result : 10
2023-10-24 10:40:47,772 [INFO] MainUpdater:285 - Updater Check For Update Now.
2023-10-24 10:40:47,772 [INFO] MicroXplorer:498 - Change Database Version : DB.6.0.92
2023-10-24 10:40:47,789 [INFO] McuFinderGlobals:63 - Set McuFinder mode to 2 (CubeIDE integrated)
2023-10-24 10:40:47,970 [INFO] CheckServerUpdateThread:120 - End of CheckServer Thread
2023-10-24 10:40:50,724 [WARN] PackLoader:240 - Cannot read IP mode file for STMicroelectronics.X-CUBE-SMBUS.2.1.0
2023-10-24 10:40:50,768 [WARN] PackLoader:240 - Cannot read IP mode file for STMicroelectronics.X-CUBE-AZRTOS-F7.1.1.0
2023-10-24 10:40:50,791 [WARN] PackLoader:240 - Cannot read IP mode file for STMicroelectronics.FP-SNS-MOTENV1.4.3.2
2023-10-24 10:40:50,806 [WARN] PackLoader:240 - Cannot read IP mode file for STMicroelectronics.FP-SNS-FLIGHT1.5.0.2
2023-10-24 10:40:50,826 [WARN] PackLoader:240 - Cannot read IP mode file for STMicroelectronics.X-CUBE-DISPLAY.3.0.0
2023-10-24 10:40:50,852 [WARN] PackLoader:240 - Cannot read IP mode file for STMicroelectronics.X-CUBE-BLE1.7.0.0
2023-10-24 10:40:50,874 [WARN] PackLoader:240 - Cannot read IP mode file for emotas.I-CUBE-CANOPEN.1.3.0
2023-10-24 10:40:50,897 [WARN] PackLoader:240 - Cannot read IP mode file for STMicroelectronics.X-CUBE-TOUCHGFX.4.22.0
2023-10-24 10:40:50,907 [WARN] PackLoader:240 - Cannot read IP mode file for STMicroelectronics.X-CUBE-TOUCHGFX.4.22.1
2023-10-24 10:40:50,918 [WARN] PackLoader:240 - Cannot read IP mode file for STMicroelectronics.FP-SNS-SMARTAG2.1.2.0
2023-10-24 10:40:50,939 [INFO] LogOutputStream:77 - [STDOUT_REDIRECT] 1 : Invalid condition id : UX_CORESTACK_Condition cause : null
2023-10-24 10:40:50,940 [INFO] LogOutputStream:77 - [STDOUT_REDIRECT] 1 : Invalid condition id : UX_CORESTACK_Condition cause : null
2023-10-24 10:40:50,941 [INFO] LogOutputStream:77 - [STDOUT_REDIRECT] 1 : Invalid condition id : UX_CORESTACK_Condition cause : null
2023-10-24 10:40:50,943 [INFO] LogOutputStream:77 - [STDOUT_REDIRECT] 1 : Invalid condition id : UX_CORESTACK_Condition cause : null
2023-10-24 10:40:50,944 [INFO] LogOutputStream:77 - [STDOUT_REDIRECT] 1 : Invalid condition id : UX_CORESTACK_Condition cause : null
2023-10-24 10:40:50,947 [WARN] PackLoader:240 - Cannot read IP mode file for STMicroelectronics.X-CUBE-AZRTOS-WL.2.0.0
2023-10-24 10:40:50,966 [WARN] PackLoader:240 - Cannot read IP mode file for WES.I-CUBE-Cesium.1.3.0
2023-10-24 10:40:50,979 [WARN] PackLoader:240 - Cannot read IP mode file for STMicroelectronics.X-CUBE-BLE2.3.3.0
2023-10-24 10:40:50,994 [WARN] PackLoader:240 - Cannot read IP mode file for STMicroelectronics.X-CUBE-ALGOBUILD.1.3.0
2023-10-24 10:40:51,021 [WARN] PackLoader:240 - Cannot read IP mode file for STMicroelectronics.X-CUBE-AZRTOS-G0.1.1.0
2023-10-24 10:40:51,037 [WARN] PackLoader:240 - Cannot read IP mode file for STMicroelectronics.X-CUBE-NFC4.3.0.0
2023-10-24 10:40:51,050 [WARN] PackLoader:240 - Cannot read IP mode file for STMicroelectronics.FP-ATR-SIGFOX1.3.2.0
2023-10-24 10:40:51,084 [WARN] PackLoader:240 - Cannot read IP mode file for SEGGER.I-CUBE-embOS.1.3.1
2023-10-24 10:40:51,129 [WARN] PackLoader:240 - Cannot read IP mode file for STMicroelectronics.X-CUBE-GNSS1.6.0.0
2023-10-24 10:40:51,162 [WARN] PackLoader:240 - Cannot read IP mode file for STMicroelectronics.X-CUBE-AZRTOS-F4.1.1.0
2023-10-24 10:40:51,176 [WARN] PackLoader:240 - Cannot read IP mode file for wolfSSL.I-CUBE-wolfSSL.5.6.3
2023-10-24 10:40:51,206 [WARN] PackLoader:240 - Cannot read IP mode file for STMicroelectronics.X-CUBE-AZRTOS-L5.2.0.0
2023-10-24 10:40:51,250 [WARN] PackLoader:240 - Cannot read IP mode file for STMicroelectronics.X-CUBE-MEMS1.9.6.0
2023-10-24 10:40:51,411 [WARN] PackLoader:240 - Cannot read IP mode file for ITTIA_DB.I-CUBE-ITTIADB.8.8.0
2023-10-24 10:40:51,425 [WARN] PackLoader:240 - Cannot read IP mode file for STMicroelectronics.X-CUBE-BLEMGR.2.0.0
2023-10-24 10:40:51,450 [WARN] ConditionMgr:438 - getConditionDescription Invalid condition id : UX DEVICE CLASS RTOS Condition cause : null
2023-10-24 10:40:51,451 [WARN] ConditionMgr:438 - getConditionDescription Invalid condition id : UX DEVICE CLASS RTOS Condition cause : null
2023-10-24 10:40:51,453 [WARN] PackLoader:240 - Cannot read IP mode file for STMicroelectronics.X-CUBE-AZRTOS-H7.3.1.0
2023-10-24 10:40:51,454 [WARN] ConditionMgr:1039 - genDependencies : Invalid condition id : UX DEVICE CLASS RTOS Condition cause : null
2023-10-24 10:40:51,454 [WARN] ConditionMgr:1039 - genDependencies : Invalid condition id : UX DEVICE CLASS RTOS Condition cause : null
2023-10-24 10:40:51,455 [WARN] ConditionMgr:1039 - genDependencies : Invalid condition id : UX DEVICE CLASS RTOS Condition cause : null
2023-10-24 10:40:51,455 [WARN] ConditionMgr:1039 - genDependencies : Invalid condition id : UX DEVICE CLASS RTOS Condition cause : null
2023-10-24 10:40:51,455 [WARN] ConditionMgr:1039 - genDependencies : Invalid condition id : UX DEVICE CLASS RTOS Condition cause : null
2023-10-24 10:40:51,470 [WARN] PackLoader:240 - Cannot read IP mode file for STMicroelectronics.X-CUBE-NFC7.1.0.1
2023-10-24 10:40:51,487 [WARN] PackLoader:240 - Cannot read IP mode file for STMicroelectronics.X-CUBE-NFC6.3.0.0
2023-10-24 10:40:51,503 [WARN] PackLoader:240 - Cannot read IP mode file for STMicroelectronics.X-CUBE-EEPRMA1.4.1.0
2023-10-24 10:40:51,518 [WARN] PackLoader:240 - Cannot read IP mode file for STMicroelectronics.X-CUBE-AI.8.1.0
2023-10-24 10:40:51,544 [WARN] ConditionMgr:438 - getConditionDescription Invalid condition id : LAN8742 Phy interface Condition cause : null
2023-10-24 10:40:51,545 [WARN] PackLoader:240 - Cannot read IP mode file for STMicroelectronics.X-CUBE-AZRTOS-L4.2.0.0
2023-10-24 10:40:51,546 [WARN] ConditionMgr:1039 - genDependencies : Invalid condition id : LAN8742 Phy interface Condition cause : null
2023-10-24 10:40:51,546 [WARN] ConditionMgr:1039 - genDependencies : Invalid condition id : LAN8742 Phy interface Condition cause : null
2023-10-24 10:40:51,546 [WARN] ConditionMgr:1039 - genDependencies : Invalid condition id : LAN8742 Phy interface Condition cause : null
2023-10-24 10:40:51,560 [WARN] PackLoader:240 - Cannot read IP mode file for STMicroelectronics.X-CUBE-SFXS2LP1.4.0.0
2023-10-24 10:40:51,572 [WARN] PackLoader:240 - Cannot read IP mode file for STMicroelectronics.X-CUBE-ISPU.1.1.0
2023-10-24 10:40:51,592 [WARN] ConditionMgr:438 - getConditionDescription Invalid condition id : UX DEVICE CLASS RTOS Condition cause : null
2023-10-24 10:40:51,592 [WARN] ConditionMgr:438 - getConditionDescription Invalid condition id : UX DEVICE CLASS RTOS Condition cause : null
2023-10-24 10:40:51,594 [WARN] PackLoader:240 - Cannot read IP mode file for STMicroelectronics.X-CUBE-AZRTOS-WB.2.0.0
2023-10-24 10:40:51,595 [WARN] ConditionMgr:1039 - genDependencies : Invalid condition id : UX DEVICE CLASS RTOS Condition cause : null
2023-10-24 10:40:51,595 [WARN] ConditionMgr:1039 - genDependencies : Invalid condition id : UX DEVICE CLASS RTOS Condition cause : null
2023-10-24 10:40:51,595 [WARN] ConditionMgr:1039 - genDependencies : Invalid condition id : UX DEVICE CLASS RTOS Condition cause : null
2023-10-24 10:40:51,595 [WARN] ConditionMgr:1039 - genDependencies : Invalid condition id : UX DEVICE CLASS RTOS Condition cause : null
2023-10-24 10:40:51,595 [WARN] ConditionMgr:1039 - genDependencies : Invalid condition id : UX DEVICE CLASS RTOS Condition cause : null
2023-10-24 10:40:51,613 [WARN] PackLoader:240 - Cannot read IP mode file for STMicroelectronics.X-CUBE-SUBG2.5.0.0
2023-10-24 10:40:51,634 [WARN] PackLoader:240 - Cannot read IP mode file for STMicroelectronics.X-CUBE-TOF1.3.3.1
2023-10-24 10:40:51,672 [WARN] PackLoader:240 - Cannot read IP mode file for STMicroelectronics.X-CUBE-AZRTOS-G4.2.0.0
2023-10-24 10:40:51,706 [WARN] PackLoader:240 - Cannot read IP mode file for Infineon.AIROC-Wi-Fi-Bluetooth-STM32.1.5.1
2023-10-24 10:40:51,753 [WARN] PackLoader:240 - Cannot read IP mode file for STMicroelectronics.X-CUBE-MEMS1.10.0.0
2023-10-24 10:40:51,843 [WARN] PackLoader:240 - Cannot read IP mode file for STMicroelectronics.X-CUBE-FREERTOS.1.1.0
2023-10-24 10:40:51,859 [WARN] PackLoader:240 - Cannot read IP mode file for portGmbH.I-Cube-SoM-uGOAL.1.1.0
2023-10-24 10:40:51,873 [WARN] PackLoader:240 - Cannot read IP mode file for STMicroelectronics.X-CUBE-ALS.1.0.1
2023-10-24 10:40:51,884 [WARN] PackLoader:240 - Cannot read IP mode file for STMicroelectronics.FP-ATR-ASTRA1.2.0.0
2023-10-24 10:40:51,885 [INFO] ThirdParty:978 - Integrity check success = true
2023-10-24 10:40:51,885 [INFO] IntegrityCheckThread:100 - exiting critical section [integrity check]
2023-10-24 10:40:51,886 [INFO] IntegrityCheckThread:103 - End integrity checks thread
2023-10-24 10:41:02,646 [ERROR] LogOutputStream:75 - [STDERR_REDIRECT] SLF4J: Failed to load class "org.slf4j.impl.StaticLoggerBinder".
2023-10-24 10:41:02,646 [ERROR] LogOutputStream:75 - [STDERR_REDIRECT] SLF4J: Defaulting to no-operation (NOP) logger implementation
2023-10-24 10:41:02,647 [ERROR] LogOutputStream:75 - [STDERR_REDIRECT] SLF4J: See http://www.slf4j.org/codes.html#StaticLoggerBinder for further details.
2023-10-24 13:09:13,819 [INFO] Activator:176 - 


2023-10-24 13:09:13,821 [INFO] Activator:177 - !SESSION log4j initialized
2023-10-24 13:09:19,923 [INFO] LogOutputStream:77 - [STDOUT_REDIRECT] 
2023-10-24 13:09:25,489 [INFO] ApplicationProperties:184 - Using Application install path: D:\STM32IDE\STM32CubeIDE_1.13.1\STM32CubeIDE\plugins\com.st.stm32cube.common.mx_6.9.2.202309101412
2023-10-24 13:09:25,504 [INFO] DbMcusXml:78 - Set database path to: D:\STM32IDE\STM32CubeIDE_1.13.1\STM32CubeIDE\plugins\com.st.stm32cube.common.mx_6.9.2.202309101412\\db\/mcu/
2023-10-24 13:09:25,504 [INFO] ApiDb:274 - Set plugin database path to: D:\STM32IDE\STM32CubeIDE_1.13.1\STM32CubeIDE\plugins\com.st.stm32cube.common.mx_6.9.2.202309101412\\db\/plugins/boardmanager/
2023-10-24 13:09:25,505 [WARN] ApiDb:259 - Overriding images path with different value:  => D:\STM32IDE\STM32CubeIDE_1.13.1\STM32CubeIDE\plugins\com.st.stm32cube.common.mx_6.9.2.202309101412\\db\/plugins/mcufinder/images/
2023-10-24 13:09:25,514 [INFO] ApiDb:250 - Set database path to: C:\Users\ARYAN\.stmcufinder\plugins\mcufinder//mcu/
2023-10-24 13:09:25,515 [INFO] DbMcusAds:125 - Set database path to: C:\Users\ARYAN\.stmcufinder\plugins\mcufinder//mcu/
2023-10-24 13:09:25,517 [INFO] CrossReferenceDbSqlite:203 - Set database path to: C:\Users\ARYAN\.stmcufinder\plugins\mcufinder//mcu/cs/
2023-10-24 13:09:25,663 [INFO] RulesReader:64 - Compatibility file has been processed (293 Rules)
2023-10-24 13:09:25,775 [INFO] DbMcusXml:78 - Set database path to: D:\STM32IDE\STM32CubeIDE_1.13.1\STM32CubeIDE\plugins\com.st.stm32cube.common.mx_6.9.2.202309101412\\db\/mcu/
2023-10-24 13:09:25,777 [INFO] ApiDb:274 - Set plugin database path to: D:\STM32IDE\STM32CubeIDE_1.13.1\STM32CubeIDE\plugins\com.st.stm32cube.common.mx_6.9.2.202309101412\\db\/plugins/boardmanager/
2023-10-24 13:09:25,777 [INFO] ApiDb:261 - Set plugin images path to: D:\STM32IDE\STM32CubeIDE_1.13.1\STM32CubeIDE\plugins\com.st.stm32cube.common.mx_6.9.2.202309101412\\db\/plugins/mcufinder/images/
2023-10-24 13:09:25,777 [WARN] DbFile:41 - Overriding database path with different value: C:\Users\ARYAN\.stmcufinder\plugins\mcufinder/ => C:\Users\ARYAN\.stmcufinder\plugins\mcufinder
2023-10-24 13:09:25,777 [INFO] ApiDb:250 - Set database path to: C:\Users\ARYAN\.stmcufinder\plugins\mcufinder//mcu/
2023-10-24 13:09:25,777 [WARN] DbFile:41 - Overriding database path with different value: C:\Users\ARYAN\.stmcufinder\plugins\mcufinder/ => C:\Users\ARYAN\.stmcufinder\plugins\mcufinder
2023-10-24 13:09:25,777 [INFO] DbMcusAds:125 - Set database path to: C:\Users\ARYAN\.stmcufinder\plugins\mcufinder//mcu/
2023-10-24 13:09:25,777 [WARN] DbFile:41 - Overriding database path with different value: C:\Users\ARYAN\.stmcufinder\plugins\mcufinder/ => C:\Users\ARYAN\.stmcufinder\plugins\mcufinder
2023-10-24 13:09:25,777 [WARN] DbFile:41 - Overriding database path with different value: C:\Users\ARYAN\.stmcufinder\plugins\mcufinder/ => C:\Users\ARYAN\.stmcufinder\plugins\mcufinder
2023-10-24 13:09:25,777 [INFO] CrossReferenceDbSqlite:203 - Set database path to: C:\Users\ARYAN\.stmcufinder\plugins\mcufinder//mcu/cs/
2023-10-24 13:09:25,860 [INFO] MainPanel:262 - HeapMemory: 268435456
2023-10-24 13:09:25,931 [INFO] DbMcusXml:78 - Set database path to: D:\STM32IDE\STM32CubeIDE_1.13.1\STM32CubeIDE\plugins\com.st.stm32cube.common.mx_6.9.2.202309101412\\db\/mcu/
2023-10-24 13:09:25,931 [INFO] ApiDb:274 - Set plugin database path to: D:\STM32IDE\STM32CubeIDE_1.13.1\STM32CubeIDE\plugins\com.st.stm32cube.common.mx_6.9.2.202309101412\\db\/plugins/boardmanager/
2023-10-24 13:09:25,932 [INFO] ApiDb:261 - Set plugin images path to: D:\STM32IDE\STM32CubeIDE_1.13.1\STM32CubeIDE\plugins\com.st.stm32cube.common.mx_6.9.2.202309101412\\db\/plugins/mcufinder/images/
2023-10-24 13:09:25,932 [WARN] DbFile:41 - Overriding database path with different value: C:\Users\ARYAN\.stmcufinder\plugins\mcufinder/ => C:\Users\ARYAN\.stmcufinder\plugins\mcufinder
2023-10-24 13:09:25,932 [INFO] ApiDb:250 - Set database path to: C:\Users\ARYAN\.stmcufinder\plugins\mcufinder//mcu/
2023-10-24 13:09:25,932 [WARN] DbFile:41 - Overriding database path with different value: C:\Users\ARYAN\.stmcufinder\plugins\mcufinder/ => C:\Users\ARYAN\.stmcufinder\plugins\mcufinder
2023-10-24 13:09:25,932 [INFO] DbMcusAds:125 - Set database path to: C:\Users\ARYAN\.stmcufinder\plugins\mcufinder//mcu/
2023-10-24 13:09:25,932 [WARN] DbFile:41 - Overriding database path with different value: C:\Users\ARYAN\.stmcufinder\plugins\mcufinder/ => C:\Users\ARYAN\.stmcufinder\plugins\mcufinder
2023-10-24 13:09:25,932 [WARN] DbFile:41 - Overriding database path with different value: C:\Users\ARYAN\.stmcufinder\plugins\mcufinder/ => C:\Users\ARYAN\.stmcufinder\plugins\mcufinder
2023-10-24 13:09:25,933 [INFO] CrossReferenceDbSqlite:203 - Set database path to: C:\Users\ARYAN\.stmcufinder\plugins\mcufinder//mcu/cs/
2023-10-24 13:09:25,948 [INFO] ApplicationProperties:184 - Using Application install path: D:\STM32IDE\STM32CubeIDE_1.13.1\STM32CubeIDE\plugins\com.st.stm32cube.common.mx_6.9.2.202309101412
2023-10-24 13:09:25,950 [INFO] PluginManage:196 - Search for loadable plugins [exclusion list=, ]
2023-10-24 13:09:25,951 [INFO] PluginManage:310 - Check plugin analytics
2023-10-24 13:09:26,116 [INFO] AnalyticsPlugin:253 - Accepted Software Licenses: STM32CubeMX.6.9.2
2023-10-24 13:09:26,117 [INFO] AnalyticsPlugin:255 - Accepted CMSIS Pack Licenses: 
2023-10-24 13:09:26,117 [INFO] AnalyticsPlugin:257 - Accepted Firmware Licenses: FW.F4.1.27.0
2023-10-24 13:09:26,120 [INFO] PluginManage:359 - Loaded plugin analytics (category:tool,tabindex:-1)
2023-10-24 13:09:26,121 [INFO] PluginManage:310 - Check plugin cadmodel
2023-10-24 13:09:26,132 [INFO] CADModel:105 - Init CAD model plugin
2023-10-24 13:09:26,132 [INFO] PluginManage:359 - Loaded plugin cadmodel (category:power,tabindex:5)
2023-10-24 13:09:26,132 [INFO] PluginManage:310 - Check plugin clock
2023-10-24 13:09:26,149 [INFO] PluginManage:359 - Loaded plugin clock (category:base,tabindex:2)
2023-10-24 13:09:26,149 [INFO] PluginManage:310 - Check plugin ddr
2023-10-24 13:09:26,152 [INFO] PluginManage:359 - Loaded plugin ddr (category:tool,tabindex:6)
2023-10-24 13:09:26,152 [INFO] PluginManage:310 - Check plugin filemanager
2023-10-24 13:09:26,280 [INFO] PluginManage:359 - Loaded plugin filemanager (category:base,tabindex:10)
2023-10-24 13:09:26,280 [INFO] PluginManage:310 - Check plugin ipmanager
2023-10-24 13:09:26,287 [INFO] PluginManage:359 - Loaded plugin ipmanager (category:base,tabindex:5)
2023-10-24 13:09:26,287 [INFO] PluginManage:310 - Check plugin lpbam
2023-10-24 13:09:26,301 [INFO] PluginManage:359 - Loaded plugin lpbam (category:base,tabindex:0)
2023-10-24 13:09:26,302 [INFO] PluginManage:310 - Check plugin memorymap
2023-10-24 13:09:26,316 [INFO] PluginManage:359 - Loaded plugin memorymap (category:base,tabindex:4)
2023-10-24 13:09:26,316 [INFO] PluginManage:310 - Check plugin pinoutandconfiguration
2023-10-24 13:09:26,329 [INFO] PluginManage:359 - Loaded plugin pinoutandconfiguration (category:base,tabindex:1)
2023-10-24 13:09:26,329 [INFO] PluginManage:310 - Check plugin pinoutconfig
2023-10-24 13:09:26,407 [WARN] SupportedApi:132 - Cannot load RTOS API schema: s4s-elt-must-match.1: The content of 'definitions' must match (annotation?, (simpleType | complexType)?, (unique | key | keyref)*)). A problem was found starting at: attribute.
2023-10-24 13:09:26,514 [INFO] PluginManage:359 - Loaded plugin pinoutconfig (category:base,tabindex:0)
2023-10-24 13:09:26,515 [INFO] PluginManage:310 - Check plugin power
2023-10-24 13:09:26,528 [INFO] PluginManage:359 - Loaded plugin power (category:power,tabindex:4)
2023-10-24 13:09:26,529 [INFO] PluginManage:310 - Check plugin projectmanager
2023-10-24 13:09:26,541 [INFO] PluginManage:359 - Loaded plugin projectmanager (category:projectmanager,tabindex:3)
2023-10-24 13:09:26,541 [INFO] PluginManage:310 - Check plugin thirdparty
2023-10-24 13:09:26,763 [INFO] PluginManage:359 - Loaded plugin thirdparty (category:base,tabindex:-1)
2023-10-24 13:09:26,763 [INFO] PluginManage:310 - Check plugin tools
2023-10-24 13:09:26,763 [WARN] IntegrityCheckThread:84 - waiting for thirdparty lock release [integrity check]
2023-10-24 13:09:26,763 [INFO] IntegrityCheckThread:86 - entering critical section [integrity check]
2023-10-24 13:09:26,764 [INFO] ThirdPartyUpdaterWithRetryManager:70 - Updater plugin not ready yet. [1/15]
2023-10-24 13:09:26,791 [INFO] PluginManage:359 - Loaded plugin tools (category:base,tabindex:7)
2023-10-24 13:09:26,791 [INFO] PluginManage:310 - Check plugin tutovideos
2023-10-24 13:09:26,937 [INFO] PluginManage:359 - Loaded plugin tutovideos (category:base,tabindex:-1)
2023-10-24 13:09:26,937 [INFO] PluginManage:310 - Check plugin updater
2023-10-24 13:09:26,946 [INFO] PluginManage:359 - Loaded plugin updater (category:base,tabindex:12)
2023-10-24 13:09:26,946 [INFO] PluginManage:310 - Check plugin userauth
2023-10-24 13:09:26,950 [INFO] UserAuth:113 - Init User Auth plugin
2023-10-24 13:09:26,950 [INFO] PluginManage:359 - Loaded plugin userauth (category:base,tabindex:14)
2023-10-24 13:09:26,951 [INFO] PluginManage:283 - PluginManage : Loaded plugins [17]
2023-10-24 13:09:27,130 [INFO] PinOutPanel:1499 - setPackage(No Configuration,No Configuration)
2023-10-24 13:09:27,221 [INFO] CADModel:165 - CPN selected for project level
2023-10-24 13:09:27,222 [INFO] CADModel:114 - Register for checkConnection events
2023-10-24 13:09:27,242 [INFO] IPUIPlugin:80 - create IPUIPlugin
2023-10-24 13:09:27,242 [INFO] PluginManager:220 - loadIPPluginJar : add adc
2023-10-24 13:09:27,271 [INFO] IPUIPlugin:80 - create IPUIPlugin
2023-10-24 13:09:27,271 [INFO] PluginManager:220 - loadIPPluginJar : add aes
2023-10-24 13:09:27,306 [INFO] IPUIPlugin:80 - create IPUIPlugin
2023-10-24 13:09:27,306 [INFO] PluginManager:220 - loadIPPluginJar : add can
2023-10-24 13:09:27,324 [INFO] IPUIPlugin:80 - create IPUIPlugin
2023-10-24 13:09:27,324 [INFO] PluginManager:220 - loadIPPluginJar : add comp
2023-10-24 13:09:27,351 [INFO] IPUIPlugin:80 - create IPUIPlugin
2023-10-24 13:09:27,351 [INFO] PluginManager:220 - loadIPPluginJar : add cryp
2023-10-24 13:09:27,376 [INFO] IPUIPlugin:80 - create IPUIPlugin
2023-10-24 13:09:27,376 [INFO] PluginManager:220 - loadIPPluginJar : add dfsdm
2023-10-24 13:09:27,388 [INFO] IPUIPlugin:80 - create IPUIPlugin
2023-10-24 13:09:27,389 [INFO] PluginManager:220 - loadIPPluginJar : add dma
2023-10-24 13:09:27,423 [INFO] IPUIPlugin:80 - create IPUIPlugin
2023-10-24 13:09:27,424 [INFO] PluginManager:220 - loadIPPluginJar : add dma3
2023-10-24 13:09:27,440 [INFO] IPUIPlugin:80 - create IPUIPlugin
2023-10-24 13:09:27,440 [INFO] PluginManager:220 - loadIPPluginJar : add fatfs
2023-10-24 13:09:27,477 [INFO] IPUIPlugin:80 - create IPUIPlugin
2023-10-24 13:09:27,477 [INFO] PluginManager:220 - loadIPPluginJar : add fmc
2023-10-24 13:09:27,489 [INFO] IPUIPlugin:80 - create IPUIPlugin
2023-10-24 13:09:27,489 [INFO] PluginManager:220 - loadIPPluginJar : add freertos
2023-10-24 13:09:27,491 [INFO] IPUIPlugin:80 - create IPUIPlugin
2023-10-24 13:09:27,492 [INFO] PluginManager:220 - loadIPPluginJar : add genericplugin
2023-10-24 13:09:27,568 [INFO] IPUIPlugin:80 - create IPUIPlugin
2023-10-24 13:09:27,568 [INFO] PluginManager:220 - loadIPPluginJar : add gfxmmu
2023-10-24 13:09:27,676 [INFO] IPUIPlugin:80 - create IPUIPlugin
2023-10-24 13:09:27,677 [INFO] PluginManager:220 - loadIPPluginJar : add gic
2023-10-24 13:09:27,687 [INFO] IPUIPlugin:80 - create IPUIPlugin
2023-10-24 13:09:27,687 [INFO] PluginManager:220 - loadIPPluginJar : add gpio
2023-10-24 13:09:27,761 [INFO] IPUIPlugin:80 - create IPUIPlugin
2023-10-24 13:09:27,761 [INFO] PluginManager:220 - loadIPPluginJar : add gtzc
2023-10-24 13:09:27,787 [INFO] IPUIPlugin:80 - create IPUIPlugin
2023-10-24 13:09:27,787 [INFO] PluginManager:220 - loadIPPluginJar : add hash
2023-10-24 13:09:27,832 [INFO] IPUIPlugin:80 - create IPUIPlugin
2023-10-24 13:09:27,832 [INFO] PluginManager:220 - loadIPPluginJar : add i2c
2023-10-24 13:09:27,864 [INFO] IPUIPlugin:80 - create IPUIPlugin
2023-10-24 13:09:27,864 [INFO] PluginManager:220 - loadIPPluginJar : add i2s
2023-10-24 13:09:27,898 [INFO] IPUIPlugin:80 - create IPUIPlugin
2023-10-24 13:09:27,898 [INFO] PluginManager:220 - loadIPPluginJar : add i3c
2023-10-24 13:09:27,982 [INFO] IPUIPlugin:80 - create IPUIPlugin
2023-10-24 13:09:27,982 [INFO] PluginManager:220 - loadIPPluginJar : add ipddr
2023-10-24 13:09:28,058 [INFO] IPUIPlugin:80 - create IPUIPlugin
2023-10-24 13:09:28,058 [INFO] PluginManager:220 - loadIPPluginJar : add linkedlist
2023-10-24 13:09:28,060 [INFO] IPUIPlugin:80 - create IPUIPlugin
2023-10-24 13:09:28,061 [INFO] PluginManager:220 - loadIPPluginJar : add lorawan
2023-10-24 13:09:28,091 [INFO] IPUIPlugin:80 - create IPUIPlugin
2023-10-24 13:09:28,091 [INFO] PluginManager:220 - loadIPPluginJar : add ltdc
2023-10-24 13:09:28,102 [INFO] IPUIPlugin:80 - create IPUIPlugin
2023-10-24 13:09:28,102 [INFO] PluginManager:220 - loadIPPluginJar : add mdma
2023-10-24 13:09:28,111 [INFO] IPUIPlugin:80 - create IPUIPlugin
2023-10-24 13:09:28,111 [INFO] PluginManager:220 - loadIPPluginJar : add nvic
2023-10-24 13:09:28,141 [INFO] IPUIPlugin:80 - create IPUIPlugin
2023-10-24 13:09:28,141 [INFO] PluginManager:220 - loadIPPluginJar : add opamp
2023-10-24 13:09:28,192 [INFO] IPUIPlugin:80 - create IPUIPlugin
2023-10-24 13:09:28,192 [INFO] PluginManager:220 - loadIPPluginJar : add openamp
2023-10-24 13:09:28,226 [INFO] IPUIPlugin:80 - create IPUIPlugin
2023-10-24 13:09:28,226 [INFO] PluginManager:220 - loadIPPluginJar : add pdm2pcm
2023-10-24 13:09:28,238 [INFO] IPUIPlugin:80 - create IPUIPlugin
2023-10-24 13:09:28,240 [INFO] PluginManager:220 - loadIPPluginJar : add plateformsettings
2023-10-24 13:09:28,258 [INFO] IPUIPlugin:80 - create IPUIPlugin
2023-10-24 13:09:28,258 [INFO] PluginManager:220 - loadIPPluginJar : add quadspi
2023-10-24 13:09:28,268 [INFO] IPUIPlugin:80 - create IPUIPlugin
2023-10-24 13:09:28,268 [INFO] PluginManager:220 - loadIPPluginJar : add resmgrutility
2023-10-24 13:09:28,306 [INFO] IPUIPlugin:80 - create IPUIPlugin
2023-10-24 13:09:28,306 [INFO] PluginManager:220 - loadIPPluginJar : add sai
2023-10-24 13:09:28,336 [INFO] IPUIPlugin:80 - create IPUIPlugin
2023-10-24 13:09:28,337 [INFO] PluginManager:220 - loadIPPluginJar : add spi
2023-10-24 13:09:28,382 [INFO] IPUIPlugin:80 - create IPUIPlugin
2023-10-24 13:09:28,382 [INFO] PluginManager:220 - loadIPPluginJar : add stm32_wpan
2023-10-24 13:09:28,401 [INFO] IPUIPlugin:80 - create IPUIPlugin
2023-10-24 13:09:28,401 [INFO] PluginManager:220 - loadIPPluginJar : add tim
2023-10-24 13:09:28,446 [INFO] IPUIPlugin:80 - create IPUIPlugin
2023-10-24 13:09:28,446 [INFO] PluginManager:220 - loadIPPluginJar : add touchsensing
2023-10-24 13:09:28,464 [INFO] IPUIPlugin:80 - create IPUIPlugin
2023-10-24 13:09:28,464 [INFO] PluginManager:220 - loadIPPluginJar : add tracer_emb
2023-10-24 13:09:28,483 [INFO] IPUIPlugin:80 - create IPUIPlugin
2023-10-24 13:09:28,483 [INFO] PluginManager:220 - loadIPPluginJar : add ts
2023-10-24 13:09:28,500 [INFO] IPUIPlugin:80 - create IPUIPlugin
2023-10-24 13:09:28,500 [INFO] PluginManager:220 - loadIPPluginJar : add tsc
2023-10-24 13:09:28,502 [INFO] IPUIPlugin:80 - create IPUIPlugin
2023-10-24 13:09:28,502 [INFO] PluginManager:220 - loadIPPluginJar : add ucpd
2023-10-24 13:09:28,538 [INFO] IPUIPlugin:80 - create IPUIPlugin
2023-10-24 13:09:28,538 [INFO] PluginManager:220 - loadIPPluginJar : add usart
2023-10-24 13:09:28,573 [INFO] IPUIPlugin:80 - create IPUIPlugin
2023-10-24 13:09:28,573 [INFO] PluginManager:220 - loadIPPluginJar : add usbx
2023-10-24 13:09:28,693 [INFO] CADModel:165 - CPN selected for project level
2023-10-24 13:09:28,693 [INFO] CADModel:114 - Register for checkConnection events
2023-10-24 13:09:28,693 [FATAL] Updater:308 - Updater called before beeing initialized
2023-10-24 13:09:28,693 [ERROR] CADModel:125 - Updater not yet initialized, retry later 
2023-10-24 13:09:28,836 [INFO] CADModel:165 - CPN selected for project level
2023-10-24 13:09:28,836 [INFO] CADModel:114 - Register for checkConnection events
2023-10-24 13:09:28,836 [FATAL] Updater:308 - Updater called before beeing initialized
2023-10-24 13:09:28,836 [ERROR] CADModel:125 - Updater not yet initialized, retry later 
2023-10-24 13:09:28,839 [FATAL] Updater:308 - Updater called before beeing initialized
2023-10-24 13:09:28,959 [FATAL] Updater:308 - Updater called before beeing initialized
2023-10-24 13:09:28,970 [INFO] DbMcusAds:53 - JSON generation date=Tue Mar 07 14:20:55 IST 2023 (1678179055114)
2023-10-24 13:09:28,970 [FATAL] Updater:308 - Updater called before beeing initialized
2023-10-24 13:09:29,032 [WARN] DetailPanel:346 - Failed to get advertising image, set to default
2023-10-24 13:09:29,123 [FATAL] Updater:308 - Updater called before beeing initialized
2023-10-24 13:09:29,125 [FATAL] Updater:308 - Updater called before beeing initialized
2023-10-24 13:09:29,125 [FATAL] Updater:308 - Updater called before beeing initialized
2023-10-24 13:09:29,125 [WARN] DetailPanel:346 - Failed to get advertising image, set to default
2023-10-24 13:09:29,126 [FATAL] Updater:308 - Updater called before beeing initialized
2023-10-24 13:09:29,213 [ERROR] Updater:1120 - MainUpdater not yet initialized. External WinMGr cannot be set.
2023-10-24 13:09:29,224 [INFO] Updater:1056 - Updater Version found : 6.9.2
2023-10-24 13:09:29,242 [INFO] ApplicationProperties:184 - Using Application install path: D:\STM32IDE\STM32CubeIDE_1.13.1\STM32CubeIDE\plugins\com.st.stm32cube.common.mx_6.9.2.202309101412
2023-10-24 13:09:29,602 [INFO] MainUpdater:2868 - connection check result : 10
2023-10-24 13:09:29,603 [INFO] MainUpdater:285 - Updater Check For Update Now.
2023-10-24 13:09:29,604 [INFO] MicroXplorer:498 - Change Database Version : DB.6.0.92
2023-10-24 13:09:29,624 [INFO] McuFinderGlobals:63 - Set McuFinder mode to 2 (CubeIDE integrated)
2023-10-24 13:09:29,769 [WARN] MainUpdater:1189 - Updater busy. Cannot search thirdparties
2023-10-24 13:09:29,769 [INFO] ThirdPartyUpdaterWithRetryManager:96 - Updater plugin is busy. [1/15]
2023-10-24 13:09:29,793 [INFO] CheckServerUpdateThread:120 - End of CheckServer Thread
2023-10-24 13:09:32,899 [WARN] PackLoader:240 - Cannot read IP mode file for STMicroelectronics.X-CUBE-SMBUS.2.1.0
2023-10-24 13:09:32,946 [WARN] PackLoader:240 - Cannot read IP mode file for STMicroelectronics.X-CUBE-AZRTOS-F7.1.1.0
2023-10-24 13:09:32,966 [WARN] PackLoader:240 - Cannot read IP mode file for STMicroelectronics.FP-SNS-MOTENV1.4.3.2
2023-10-24 13:09:32,981 [WARN] PackLoader:240 - Cannot read IP mode file for STMicroelectronics.FP-SNS-FLIGHT1.5.0.2
2023-10-24 13:09:32,999 [WARN] PackLoader:240 - Cannot read IP mode file for STMicroelectronics.X-CUBE-DISPLAY.3.0.0
2023-10-24 13:09:33,025 [WARN] PackLoader:240 - Cannot read IP mode file for STMicroelectronics.X-CUBE-BLE1.7.0.0
2023-10-24 13:09:33,037 [WARN] PackLoader:240 - Cannot read IP mode file for emotas.I-CUBE-CANOPEN.1.3.0
2023-10-24 13:09:33,052 [WARN] PackLoader:240 - Cannot read IP mode file for STMicroelectronics.X-CUBE-TOUCHGFX.4.22.0
2023-10-24 13:09:33,063 [WARN] PackLoader:240 - Cannot read IP mode file for STMicroelectronics.X-CUBE-TOUCHGFX.4.22.1
2023-10-24 13:09:33,076 [WARN] PackLoader:240 - Cannot read IP mode file for STMicroelectronics.FP-SNS-SMARTAG2.1.2.0
2023-10-24 13:09:33,100 [INFO] LogOutputStream:77 - [STDOUT_REDIRECT] 1 : Invalid condition id : UX_CORESTACK_Condition cause : null
2023-10-24 13:09:33,101 [INFO] LogOutputStream:77 - [STDOUT_REDIRECT] 1 : Invalid condition id : UX_CORESTACK_Condition cause : null
2023-10-24 13:09:33,103 [INFO] LogOutputStream:77 - [STDOUT_REDIRECT] 1 : Invalid condition id : UX_CORESTACK_Condition cause : null
2023-10-24 13:09:33,105 [INFO] LogOutputStream:77 - [STDOUT_REDIRECT] 1 : Invalid condition id : UX_CORESTACK_Condition cause : null
2023-10-24 13:09:33,107 [INFO] LogOutputStream:77 - [STDOUT_REDIRECT] 1 : Invalid condition id : UX_CORESTACK_Condition cause : null
2023-10-24 13:09:33,110 [WARN] PackLoader:240 - Cannot read IP mode file for STMicroelectronics.X-CUBE-AZRTOS-WL.2.0.0
2023-10-24 13:09:33,134 [WARN] PackLoader:240 - Cannot read IP mode file for WES.I-CUBE-Cesium.1.3.0
2023-10-24 13:09:33,151 [WARN] PackLoader:240 - Cannot read IP mode file for STMicroelectronics.X-CUBE-BLE2.3.3.0
2023-10-24 13:09:33,165 [WARN] PackLoader:240 - Cannot read IP mode file for STMicroelectronics.X-CUBE-ALGOBUILD.1.3.0
2023-10-24 13:09:33,190 [WARN] PackLoader:240 - Cannot read IP mode file for STMicroelectronics.X-CUBE-AZRTOS-G0.1.1.0
2023-10-24 13:09:33,205 [WARN] PackLoader:240 - Cannot read IP mode file for STMicroelectronics.X-CUBE-NFC4.3.0.0
2023-10-24 13:09:33,218 [WARN] PackLoader:240 - Cannot read IP mode file for STMicroelectronics.FP-ATR-SIGFOX1.3.2.0
2023-10-24 13:09:33,250 [WARN] PackLoader:240 - Cannot read IP mode file for SEGGER.I-CUBE-embOS.1.3.1
2023-10-24 13:09:33,305 [WARN] PackLoader:240 - Cannot read IP mode file for STMicroelectronics.X-CUBE-GNSS1.6.0.0
2023-10-24 13:09:33,333 [WARN] PackLoader:240 - Cannot read IP mode file for STMicroelectronics.X-CUBE-AZRTOS-F4.1.1.0
2023-10-24 13:09:33,347 [WARN] PackLoader:240 - Cannot read IP mode file for wolfSSL.I-CUBE-wolfSSL.5.6.3
2023-10-24 13:09:33,373 [WARN] PackLoader:240 - Cannot read IP mode file for STMicroelectronics.X-CUBE-AZRTOS-L5.2.0.0
2023-10-24 13:09:33,422 [WARN] PackLoader:240 - Cannot read IP mode file for STMicroelectronics.X-CUBE-MEMS1.9.6.0
2023-10-24 13:09:33,548 [WARN] PackLoader:240 - Cannot read IP mode file for ITTIA_DB.I-CUBE-ITTIADB.8.8.0
2023-10-24 13:09:33,563 [WARN] PackLoader:240 - Cannot read IP mode file for STMicroelectronics.X-CUBE-BLEMGR.2.0.0
2023-10-24 13:09:33,598 [WARN] ConditionMgr:438 - getConditionDescription Invalid condition id : UX DEVICE CLASS RTOS Condition cause : null
2023-10-24 13:09:33,598 [WARN] ConditionMgr:438 - getConditionDescription Invalid condition id : UX DEVICE CLASS RTOS Condition cause : null
2023-10-24 13:09:33,603 [WARN] PackLoader:240 - Cannot read IP mode file for STMicroelectronics.X-CUBE-AZRTOS-H7.3.1.0
2023-10-24 13:09:33,605 [WARN] ConditionMgr:1039 - genDependencies : Invalid condition id : UX DEVICE CLASS RTOS Condition cause : null
2023-10-24 13:09:33,606 [WARN] ConditionMgr:1039 - genDependencies : Invalid condition id : UX DEVICE CLASS RTOS Condition cause : null
2023-10-24 13:09:33,607 [WARN] ConditionMgr:1039 - genDependencies : Invalid condition id : UX DEVICE CLASS RTOS Condition cause : null
2023-10-24 13:09:33,608 [WARN] ConditionMgr:1039 - genDependencies : Invalid condition id : UX DEVICE CLASS RTOS Condition cause : null
2023-10-24 13:09:33,608 [WARN] ConditionMgr:1039 - genDependencies : Invalid condition id : UX DEVICE CLASS RTOS Condition cause : null
2023-10-24 13:09:33,621 [WARN] PackLoader:240 - Cannot read IP mode file for STMicroelectronics.X-CUBE-NFC7.1.0.1
2023-10-24 13:09:33,635 [WARN] PackLoader:240 - Cannot read IP mode file for STMicroelectronics.X-CUBE-NFC6.3.0.0
2023-10-24 13:09:33,648 [WARN] PackLoader:240 - Cannot read IP mode file for STMicroelectronics.X-CUBE-EEPRMA1.4.1.0
2023-10-24 13:09:33,660 [WARN] PackLoader:240 - Cannot read IP mode file for STMicroelectronics.X-CUBE-AI.8.1.0
2023-10-24 13:09:33,685 [WARN] ConditionMgr:438 - getConditionDescription Invalid condition id : LAN8742 Phy interface Condition cause : null
2023-10-24 13:09:33,685 [WARN] PackLoader:240 - Cannot read IP mode file for STMicroelectronics.X-CUBE-AZRTOS-L4.2.0.0
2023-10-24 13:09:33,687 [WARN] ConditionMgr:1039 - genDependencies : Invalid condition id : LAN8742 Phy interface Condition cause : null
2023-10-24 13:09:33,687 [WARN] ConditionMgr:1039 - genDependencies : Invalid condition id : LAN8742 Phy interface Condition cause : null
2023-10-24 13:09:33,687 [WARN] ConditionMgr:1039 - genDependencies : Invalid condition id : LAN8742 Phy interface Condition cause : null
2023-10-24 13:09:33,702 [WARN] PackLoader:240 - Cannot read IP mode file for STMicroelectronics.X-CUBE-SFXS2LP1.4.0.0
2023-10-24 13:09:33,717 [WARN] PackLoader:240 - Cannot read IP mode file for STMicroelectronics.X-CUBE-ISPU.1.1.0
2023-10-24 13:09:33,741 [WARN] ConditionMgr:438 - getConditionDescription Invalid condition id : UX DEVICE CLASS RTOS Condition cause : null
2023-10-24 13:09:33,741 [WARN] ConditionMgr:438 - getConditionDescription Invalid condition id : UX DEVICE CLASS RTOS Condition cause : null
2023-10-24 13:09:33,744 [WARN] PackLoader:240 - Cannot read IP mode file for STMicroelectronics.X-CUBE-AZRTOS-WB.2.0.0
2023-10-24 13:09:33,745 [WARN] ConditionMgr:1039 - genDependencies : Invalid condition id : UX DEVICE CLASS RTOS Condition cause : null
2023-10-24 13:09:33,745 [WARN] ConditionMgr:1039 - genDependencies : Invalid condition id : UX DEVICE CLASS RTOS Condition cause : null
2023-10-24 13:09:33,745 [WARN] ConditionMgr:1039 - genDependencies : Invalid condition id : UX DEVICE CLASS RTOS Condition cause : null
2023-10-24 13:09:33,746 [WARN] ConditionMgr:1039 - genDependencies : Invalid condition id : UX DEVICE CLASS RTOS Condition cause : null
2023-10-24 13:09:33,746 [WARN] ConditionMgr:1039 - genDependencies : Invalid condition id : UX DEVICE CLASS RTOS Condition cause : null
2023-10-24 13:09:33,765 [WARN] PackLoader:240 - Cannot read IP mode file for STMicroelectronics.X-CUBE-SUBG2.5.0.0
2023-10-24 13:09:33,791 [WARN] PackLoader:240 - Cannot read IP mode file for STMicroelectronics.X-CUBE-TOF1.3.3.1
2023-10-24 13:09:33,824 [WARN] PackLoader:240 - Cannot read IP mode file for STMicroelectronics.X-CUBE-AZRTOS-G4.2.0.0
2023-10-24 13:09:33,851 [WARN] PackLoader:240 - Cannot read IP mode file for Infineon.AIROC-Wi-Fi-Bluetooth-STM32.1.5.1
2023-10-24 13:09:33,894 [WARN] PackLoader:240 - Cannot read IP mode file for STMicroelectronics.X-CUBE-MEMS1.10.0.0
2023-10-24 13:09:33,973 [WARN] PackLoader:240 - Cannot read IP mode file for STMicroelectronics.X-CUBE-FREERTOS.1.1.0
2023-10-24 13:09:33,989 [WARN] PackLoader:240 - Cannot read IP mode file for portGmbH.I-Cube-SoM-uGOAL.1.1.0
2023-10-24 13:09:34,003 [WARN] PackLoader:240 - Cannot read IP mode file for STMicroelectronics.X-CUBE-ALS.1.0.1
2023-10-24 13:09:34,010 [WARN] PackLoader:240 - Cannot read IP mode file for STMicroelectronics.FP-ATR-ASTRA1.2.0.0
2023-10-24 13:09:34,012 [INFO] ThirdParty:978 - Integrity check success = true
2023-10-24 13:09:34,012 [INFO] IntegrityCheckThread:100 - exiting critical section [integrity check]
2023-10-24 13:09:34,013 [INFO] IntegrityCheckThread:103 - End integrity checks thread
2023-10-24 13:09:45,432 [ERROR] LogOutputStream:75 - [STDERR_REDIRECT] SLF4J: Failed to load class "org.slf4j.impl.StaticLoggerBinder".
2023-10-24 13:09:45,432 [ERROR] LogOutputStream:75 - [STDERR_REDIRECT] SLF4J: Defaulting to no-operation (NOP) logger implementation
2023-10-24 13:09:45,433 [ERROR] LogOutputStream:75 - [STDERR_REDIRECT] SLF4J: See http://www.slf4j.org/codes.html#StaticLoggerBinder for further details.
