2023-10-21 16:20:13,808 [INFO] Activator:176 - 


2023-10-21 16:20:13,814 [INFO] Activator:177 - !SESSION log4j initialized
2023-10-21 16:20:20,326 [INFO] LogOutputStream:77 - [STDOUT_REDIRECT] 
2023-10-21 16:20:25,016 [INFO] ApplicationProperties:184 - Using Application install path: D:\STM32IDE\STM32CubeIDE_1.13.1\STM32CubeIDE\plugins\com.st.stm32cube.common.mx_6.9.2.202309101412
2023-10-21 16:20:25,032 [INFO] DbMcusXml:78 - Set database path to: D:\STM32IDE\STM32CubeIDE_1.13.1\STM32CubeIDE\plugins\com.st.stm32cube.common.mx_6.9.2.202309101412\\db\/mcu/
2023-10-21 16:20:25,032 [INFO] ApiDb:274 - Set plugin database path to: D:\STM32IDE\STM32CubeIDE_1.13.1\STM32CubeIDE\plugins\com.st.stm32cube.common.mx_6.9.2.202309101412\\db\/plugins/boardmanager/
2023-10-21 16:20:25,033 [WARN] ApiDb:259 - Overriding images path with different value:  => D:\STM32IDE\STM32CubeIDE_1.13.1\STM32CubeIDE\plugins\com.st.stm32cube.common.mx_6.9.2.202309101412\\db\/plugins/mcufinder/images/
2023-10-21 16:20:25,048 [INFO] ApiDb:250 - Set database path to: C:\Users\ARYAN\.stmcufinder\plugins\mcufinder//mcu/
2023-10-21 16:20:25,050 [INFO] DbMcusAds:125 - Set database path to: C:\Users\ARYAN\.stmcufinder\plugins\mcufinder//mcu/
2023-10-21 16:20:25,052 [INFO] CrossReferenceDbSqlite:203 - Set database path to: C:\Users\ARYAN\.stmcufinder\plugins\mcufinder//mcu/cs/
2023-10-21 16:20:25,193 [INFO] RulesReader:64 - Compatibility file has been processed (293 Rules)
2023-10-21 16:20:25,299 [INFO] DbMcusXml:78 - Set database path to: D:\STM32IDE\STM32CubeIDE_1.13.1\STM32CubeIDE\plugins\com.st.stm32cube.common.mx_6.9.2.202309101412\\db\/mcu/
2023-10-21 16:20:25,300 [INFO] ApiDb:274 - Set plugin database path to: D:\STM32IDE\STM32CubeIDE_1.13.1\STM32CubeIDE\plugins\com.st.stm32cube.common.mx_6.9.2.202309101412\\db\/plugins/boardmanager/
2023-10-21 16:20:25,300 [INFO] ApiDb:261 - Set plugin images path to: D:\STM32IDE\STM32CubeIDE_1.13.1\STM32CubeIDE\plugins\com.st.stm32cube.common.mx_6.9.2.202309101412\\db\/plugins/mcufinder/images/
2023-10-21 16:20:25,300 [WARN] DbFile:41 - Overriding database path with different value: C:\Users\ARYAN\.stmcufinder\plugins\mcufinder/ => C:\Users\ARYAN\.stmcufinder\plugins\mcufinder
2023-10-21 16:20:25,300 [INFO] ApiDb:250 - Set database path to: C:\Users\ARYAN\.stmcufinder\plugins\mcufinder//mcu/
2023-10-21 16:20:25,301 [WARN] DbFile:41 - Overriding database path with different value: C:\Users\ARYAN\.stmcufinder\plugins\mcufinder/ => C:\Users\ARYAN\.stmcufinder\plugins\mcufinder
2023-10-21 16:20:25,301 [INFO] DbMcusAds:125 - Set database path to: C:\Users\ARYAN\.stmcufinder\plugins\mcufinder//mcu/
2023-10-21 16:20:25,301 [WARN] DbFile:41 - Overriding database path with different value: C:\Users\ARYAN\.stmcufinder\plugins\mcufinder/ => C:\Users\ARYAN\.stmcufinder\plugins\mcufinder
2023-10-21 16:20:25,301 [WARN] DbFile:41 - Overriding database path with different value: C:\Users\ARYAN\.stmcufinder\plugins\mcufinder/ => C:\Users\ARYAN\.stmcufinder\plugins\mcufinder
2023-10-21 16:20:25,301 [INFO] CrossReferenceDbSqlite:203 - Set database path to: C:\Users\ARYAN\.stmcufinder\plugins\mcufinder//mcu/cs/
2023-10-21 16:20:25,373 [INFO] MainPanel:262 - HeapMemory: 268435456
2023-10-21 16:20:25,436 [INFO] DbMcusXml:78 - Set database path to: D:\STM32IDE\STM32CubeIDE_1.13.1\STM32CubeIDE\plugins\com.st.stm32cube.common.mx_6.9.2.202309101412\\db\/mcu/
2023-10-21 16:20:25,436 [INFO] ApiDb:274 - Set plugin database path to: D:\STM32IDE\STM32CubeIDE_1.13.1\STM32CubeIDE\plugins\com.st.stm32cube.common.mx_6.9.2.202309101412\\db\/plugins/boardmanager/
2023-10-21 16:20:25,436 [INFO] ApiDb:261 - Set plugin images path to: D:\STM32IDE\STM32CubeIDE_1.13.1\STM32CubeIDE\plugins\com.st.stm32cube.common.mx_6.9.2.202309101412\\db\/plugins/mcufinder/images/
2023-10-21 16:20:25,437 [WARN] DbFile:41 - Overriding database path with different value: C:\Users\ARYAN\.stmcufinder\plugins\mcufinder/ => C:\Users\ARYAN\.stmcufinder\plugins\mcufinder
2023-10-21 16:20:25,437 [INFO] ApiDb:250 - Set database path to: C:\Users\ARYAN\.stmcufinder\plugins\mcufinder//mcu/
2023-10-21 16:20:25,437 [WARN] DbFile:41 - Overriding database path with different value: C:\Users\ARYAN\.stmcufinder\plugins\mcufinder/ => C:\Users\ARYAN\.stmcufinder\plugins\mcufinder
2023-10-21 16:20:25,437 [INFO] DbMcusAds:125 - Set database path to: C:\Users\ARYAN\.stmcufinder\plugins\mcufinder//mcu/
2023-10-21 16:20:25,437 [WARN] DbFile:41 - Overriding database path with different value: C:\Users\ARYAN\.stmcufinder\plugins\mcufinder/ => C:\Users\ARYAN\.stmcufinder\plugins\mcufinder
2023-10-21 16:20:25,437 [WARN] DbFile:41 - Overriding database path with different value: C:\Users\ARYAN\.stmcufinder\plugins\mcufinder/ => C:\Users\ARYAN\.stmcufinder\plugins\mcufinder
2023-10-21 16:20:25,437 [INFO] CrossReferenceDbSqlite:203 - Set database path to: C:\Users\ARYAN\.stmcufinder\plugins\mcufinder//mcu/cs/
2023-10-21 16:20:25,455 [INFO] ApplicationProperties:184 - Using Application install path: D:\STM32IDE\STM32CubeIDE_1.13.1\STM32CubeIDE\plugins\com.st.stm32cube.common.mx_6.9.2.202309101412
2023-10-21 16:20:25,457 [INFO] PluginManage:196 - Search for loadable plugins [exclusion list=, ]
2023-10-21 16:20:25,458 [INFO] PluginManage:310 - Check plugin analytics
2023-10-21 16:20:25,629 [INFO] AnalyticsPlugin:253 - Accepted Software Licenses: STM32CubeMX.6.9.2
2023-10-21 16:20:25,630 [INFO] AnalyticsPlugin:255 - Accepted CMSIS Pack Licenses: 
2023-10-21 16:20:25,630 [INFO] AnalyticsPlugin:257 - Accepted Firmware Licenses: FW.F4.1.27.0
2023-10-21 16:20:25,634 [INFO] PluginManage:359 - Loaded plugin analytics (category:tool,tabindex:-1)
2023-10-21 16:20:25,635 [INFO] PluginManage:310 - Check plugin cadmodel
2023-10-21 16:20:25,646 [INFO] CADModel:105 - Init CAD model plugin
2023-10-21 16:20:25,647 [INFO] PluginManage:359 - Loaded plugin cadmodel (category:power,tabindex:5)
2023-10-21 16:20:25,647 [INFO] PluginManage:310 - Check plugin clock
2023-10-21 16:20:25,663 [INFO] PluginManage:359 - Loaded plugin clock (category:base,tabindex:2)
2023-10-21 16:20:25,663 [INFO] PluginManage:310 - Check plugin ddr
2023-10-21 16:20:25,665 [INFO] PluginManage:359 - Loaded plugin ddr (category:tool,tabindex:6)
2023-10-21 16:20:25,665 [INFO] PluginManage:310 - Check plugin filemanager
2023-10-21 16:20:25,794 [INFO] PluginManage:359 - Loaded plugin filemanager (category:base,tabindex:10)
2023-10-21 16:20:25,794 [INFO] PluginManage:310 - Check plugin ipmanager
2023-10-21 16:20:25,803 [INFO] PluginManage:359 - Loaded plugin ipmanager (category:base,tabindex:5)
2023-10-21 16:20:25,804 [INFO] PluginManage:310 - Check plugin lpbam
2023-10-21 16:20:25,820 [INFO] PluginManage:359 - Loaded plugin lpbam (category:base,tabindex:0)
2023-10-21 16:20:25,820 [INFO] PluginManage:310 - Check plugin memorymap
2023-10-21 16:20:25,838 [INFO] PluginManage:359 - Loaded plugin memorymap (category:base,tabindex:4)
2023-10-21 16:20:25,838 [INFO] PluginManage:310 - Check plugin pinoutandconfiguration
2023-10-21 16:20:25,853 [INFO] PluginManage:359 - Loaded plugin pinoutandconfiguration (category:base,tabindex:1)
2023-10-21 16:20:25,853 [INFO] PluginManage:310 - Check plugin pinoutconfig
2023-10-21 16:20:25,953 [WARN] SupportedApi:132 - Cannot load RTOS API schema: s4s-elt-must-match.1: The content of 'definitions' must match (annotation?, (simpleType | complexType)?, (unique | key | keyref)*)). A problem was found starting at: attribute.
2023-10-21 16:20:26,067 [INFO] PluginManage:359 - Loaded plugin pinoutconfig (category:base,tabindex:0)
2023-10-21 16:20:26,067 [INFO] PluginManage:310 - Check plugin power
2023-10-21 16:20:26,082 [INFO] PluginManage:359 - Loaded plugin power (category:power,tabindex:4)
2023-10-21 16:20:26,082 [INFO] PluginManage:310 - Check plugin projectmanager
2023-10-21 16:20:26,094 [INFO] PluginManage:359 - Loaded plugin projectmanager (category:projectmanager,tabindex:3)
2023-10-21 16:20:26,094 [INFO] PluginManage:310 - Check plugin thirdparty
2023-10-21 16:20:26,329 [INFO] PluginManage:359 - Loaded plugin thirdparty (category:base,tabindex:-1)
2023-10-21 16:20:26,329 [WARN] IntegrityCheckThread:84 - waiting for thirdparty lock release [integrity check]
2023-10-21 16:20:26,329 [INFO] PluginManage:310 - Check plugin tools
2023-10-21 16:20:26,329 [INFO] IntegrityCheckThread:86 - entering critical section [integrity check]
2023-10-21 16:20:26,329 [INFO] ThirdPartyUpdaterWithRetryManager:70 - Updater plugin not ready yet. [1/15]
2023-10-21 16:20:26,358 [INFO] PluginManage:359 - Loaded plugin tools (category:base,tabindex:7)
2023-10-21 16:20:26,358 [INFO] PluginManage:310 - Check plugin tutovideos
2023-10-21 16:20:26,506 [INFO] PluginManage:359 - Loaded plugin tutovideos (category:base,tabindex:-1)
2023-10-21 16:20:26,507 [INFO] PluginManage:310 - Check plugin updater
2023-10-21 16:20:26,515 [INFO] PluginManage:359 - Loaded plugin updater (category:base,tabindex:12)
2023-10-21 16:20:26,516 [INFO] PluginManage:310 - Check plugin userauth
2023-10-21 16:20:26,520 [INFO] UserAuth:113 - Init User Auth plugin
2023-10-21 16:20:26,520 [INFO] PluginManage:359 - Loaded plugin userauth (category:base,tabindex:14)
2023-10-21 16:20:26,521 [INFO] PluginManage:283 - PluginManage : Loaded plugins [17]
2023-10-21 16:20:26,709 [INFO] PinOutPanel:1499 - setPackage(No Configuration,No Configuration)
2023-10-21 16:20:26,800 [INFO] CADModel:165 - CPN selected for project level
2023-10-21 16:20:26,800 [INFO] CADModel:114 - Register for checkConnection events
2023-10-21 16:20:26,823 [INFO] IPUIPlugin:80 - create IPUIPlugin
2023-10-21 16:20:26,823 [INFO] PluginManager:220 - loadIPPluginJar : add adc
2023-10-21 16:20:26,852 [INFO] IPUIPlugin:80 - create IPUIPlugin
2023-10-21 16:20:26,853 [INFO] PluginManager:220 - loadIPPluginJar : add aes
2023-10-21 16:20:26,888 [INFO] IPUIPlugin:80 - create IPUIPlugin
2023-10-21 16:20:26,888 [INFO] PluginManager:220 - loadIPPluginJar : add can
2023-10-21 16:20:26,906 [INFO] IPUIPlugin:80 - create IPUIPlugin
2023-10-21 16:20:26,907 [INFO] PluginManager:220 - loadIPPluginJar : add comp
2023-10-21 16:20:26,934 [INFO] IPUIPlugin:80 - create IPUIPlugin
2023-10-21 16:20:26,935 [INFO] PluginManager:220 - loadIPPluginJar : add cryp
2023-10-21 16:20:26,961 [INFO] IPUIPlugin:80 - create IPUIPlugin
2023-10-21 16:20:26,961 [INFO] PluginManager:220 - loadIPPluginJar : add dfsdm
2023-10-21 16:20:26,974 [INFO] IPUIPlugin:80 - create IPUIPlugin
2023-10-21 16:20:26,974 [INFO] PluginManager:220 - loadIPPluginJar : add dma
2023-10-21 16:20:27,011 [INFO] IPUIPlugin:80 - create IPUIPlugin
2023-10-21 16:20:27,012 [INFO] PluginManager:220 - loadIPPluginJar : add dma3
2023-10-21 16:20:27,028 [INFO] IPUIPlugin:80 - create IPUIPlugin
2023-10-21 16:20:27,029 [INFO] PluginManager:220 - loadIPPluginJar : add fatfs
2023-10-21 16:20:27,068 [INFO] IPUIPlugin:80 - create IPUIPlugin
2023-10-21 16:20:27,068 [INFO] PluginManager:220 - loadIPPluginJar : add fmc
2023-10-21 16:20:27,080 [INFO] IPUIPlugin:80 - create IPUIPlugin
2023-10-21 16:20:27,080 [INFO] PluginManager:220 - loadIPPluginJar : add freertos
2023-10-21 16:20:27,098 [INFO] IPUIPlugin:80 - create IPUIPlugin
2023-10-21 16:20:27,098 [INFO] PluginManager:220 - loadIPPluginJar : add genericplugin
2023-10-21 16:20:27,177 [INFO] IPUIPlugin:80 - create IPUIPlugin
2023-10-21 16:20:27,177 [INFO] PluginManager:220 - loadIPPluginJar : add gfxmmu
2023-10-21 16:20:27,291 [INFO] IPUIPlugin:80 - create IPUIPlugin
2023-10-21 16:20:27,292 [INFO] PluginManager:220 - loadIPPluginJar : add gic
2023-10-21 16:20:27,303 [INFO] IPUIPlugin:80 - create IPUIPlugin
2023-10-21 16:20:27,303 [INFO] PluginManager:220 - loadIPPluginJar : add gpio
2023-10-21 16:20:27,380 [INFO] IPUIPlugin:80 - create IPUIPlugin
2023-10-21 16:20:27,380 [INFO] PluginManager:220 - loadIPPluginJar : add gtzc
2023-10-21 16:20:27,408 [INFO] IPUIPlugin:80 - create IPUIPlugin
2023-10-21 16:20:27,408 [INFO] PluginManager:220 - loadIPPluginJar : add hash
2023-10-21 16:20:27,455 [INFO] IPUIPlugin:80 - create IPUIPlugin
2023-10-21 16:20:27,455 [INFO] PluginManager:220 - loadIPPluginJar : add i2c
2023-10-21 16:20:27,488 [INFO] IPUIPlugin:80 - create IPUIPlugin
2023-10-21 16:20:27,488 [INFO] PluginManager:220 - loadIPPluginJar : add i2s
2023-10-21 16:20:27,524 [INFO] IPUIPlugin:80 - create IPUIPlugin
2023-10-21 16:20:27,524 [INFO] PluginManager:220 - loadIPPluginJar : add i3c
2023-10-21 16:20:27,612 [INFO] IPUIPlugin:80 - create IPUIPlugin
2023-10-21 16:20:27,612 [INFO] PluginManager:220 - loadIPPluginJar : add ipddr
2023-10-21 16:20:27,694 [INFO] IPUIPlugin:80 - create IPUIPlugin
2023-10-21 16:20:27,694 [INFO] PluginManager:220 - loadIPPluginJar : add linkedlist
2023-10-21 16:20:27,722 [INFO] IPUIPlugin:80 - create IPUIPlugin
2023-10-21 16:20:27,723 [INFO] PluginManager:220 - loadIPPluginJar : add lorawan
2023-10-21 16:20:27,754 [INFO] IPUIPlugin:80 - create IPUIPlugin
2023-10-21 16:20:27,754 [INFO] PluginManager:220 - loadIPPluginJar : add ltdc
2023-10-21 16:20:27,765 [INFO] IPUIPlugin:80 - create IPUIPlugin
2023-10-21 16:20:27,765 [INFO] PluginManager:220 - loadIPPluginJar : add mdma
2023-10-21 16:20:27,776 [INFO] IPUIPlugin:80 - create IPUIPlugin
2023-10-21 16:20:27,776 [INFO] PluginManager:220 - loadIPPluginJar : add nvic
2023-10-21 16:20:27,806 [INFO] IPUIPlugin:80 - create IPUIPlugin
2023-10-21 16:20:27,806 [INFO] PluginManager:220 - loadIPPluginJar : add opamp
2023-10-21 16:20:27,859 [INFO] IPUIPlugin:80 - create IPUIPlugin
2023-10-21 16:20:27,859 [INFO] PluginManager:220 - loadIPPluginJar : add openamp
2023-10-21 16:20:27,894 [INFO] IPUIPlugin:80 - create IPUIPlugin
2023-10-21 16:20:27,894 [INFO] PluginManager:220 - loadIPPluginJar : add pdm2pcm
2023-10-21 16:20:27,907 [INFO] IPUIPlugin:80 - create IPUIPlugin
2023-10-21 16:20:27,909 [INFO] PluginManager:220 - loadIPPluginJar : add plateformsettings
2023-10-21 16:20:27,929 [INFO] IPUIPlugin:80 - create IPUIPlugin
2023-10-21 16:20:27,929 [INFO] PluginManager:220 - loadIPPluginJar : add quadspi
2023-10-21 16:20:27,939 [INFO] IPUIPlugin:80 - create IPUIPlugin
2023-10-21 16:20:27,939 [INFO] PluginManager:220 - loadIPPluginJar : add resmgrutility
2023-10-21 16:20:27,981 [INFO] IPUIPlugin:80 - create IPUIPlugin
2023-10-21 16:20:27,981 [INFO] PluginManager:220 - loadIPPluginJar : add sai
2023-10-21 16:20:28,013 [INFO] IPUIPlugin:80 - create IPUIPlugin
2023-10-21 16:20:28,013 [INFO] PluginManager:220 - loadIPPluginJar : add spi
2023-10-21 16:20:28,061 [INFO] IPUIPlugin:80 - create IPUIPlugin
2023-10-21 16:20:28,061 [INFO] PluginManager:220 - loadIPPluginJar : add stm32_wpan
2023-10-21 16:20:28,080 [INFO] IPUIPlugin:80 - create IPUIPlugin
2023-10-21 16:20:28,080 [INFO] PluginManager:220 - loadIPPluginJar : add tim
2023-10-21 16:20:28,126 [INFO] IPUIPlugin:80 - create IPUIPlugin
2023-10-21 16:20:28,126 [INFO] PluginManager:220 - loadIPPluginJar : add touchsensing
2023-10-21 16:20:28,145 [INFO] IPUIPlugin:80 - create IPUIPlugin
2023-10-21 16:20:28,145 [INFO] PluginManager:220 - loadIPPluginJar : add tracer_emb
2023-10-21 16:20:28,164 [INFO] IPUIPlugin:80 - create IPUIPlugin
2023-10-21 16:20:28,164 [INFO] PluginManager:220 - loadIPPluginJar : add ts
2023-10-21 16:20:28,182 [INFO] IPUIPlugin:80 - create IPUIPlugin
2023-10-21 16:20:28,182 [INFO] PluginManager:220 - loadIPPluginJar : add tsc
2023-10-21 16:20:28,202 [INFO] IPUIPlugin:80 - create IPUIPlugin
2023-10-21 16:20:28,202 [INFO] PluginManager:220 - loadIPPluginJar : add ucpd
2023-10-21 16:20:28,240 [INFO] IPUIPlugin:80 - create IPUIPlugin
2023-10-21 16:20:28,240 [INFO] PluginManager:220 - loadIPPluginJar : add usart
2023-10-21 16:20:28,276 [INFO] IPUIPlugin:80 - create IPUIPlugin
2023-10-21 16:20:28,276 [INFO] PluginManager:220 - loadIPPluginJar : add usbx
2023-10-21 16:20:28,398 [INFO] CADModel:165 - CPN selected for project level
2023-10-21 16:20:28,398 [INFO] CADModel:114 - Register for checkConnection events
2023-10-21 16:20:28,398 [FATAL] Updater:308 - Updater called before beeing initialized
2023-10-21 16:20:28,398 [ERROR] CADModel:125 - Updater not yet initialized, retry later 
2023-10-21 16:20:28,544 [INFO] CADModel:165 - CPN selected for project level
2023-10-21 16:20:28,544 [INFO] CADModel:114 - Register for checkConnection events
2023-10-21 16:20:28,544 [FATAL] Updater:308 - Updater called before beeing initialized
2023-10-21 16:20:28,544 [ERROR] CADModel:125 - Updater not yet initialized, retry later 
2023-10-21 16:20:28,548 [FATAL] Updater:308 - Updater called before beeing initialized
2023-10-21 16:20:28,654 [FATAL] Updater:308 - Updater called before beeing initialized
2023-10-21 16:20:28,663 [INFO] DbMcusAds:53 - JSON generation date=Tue Mar 07 14:20:55 IST 2023 (1678179055114)
2023-10-21 16:20:28,663 [FATAL] Updater:308 - Updater called before beeing initialized
2023-10-21 16:20:28,728 [WARN] DetailPanel:346 - Failed to get advertising image, set to default
2023-10-21 16:20:28,815 [FATAL] Updater:308 - Updater called before beeing initialized
2023-10-21 16:20:28,817 [FATAL] Updater:308 - Updater called before beeing initialized
2023-10-21 16:20:28,817 [FATAL] Updater:308 - Updater called before beeing initialized
2023-10-21 16:20:28,817 [WARN] DetailPanel:346 - Failed to get advertising image, set to default
2023-10-21 16:20:28,818 [FATAL] Updater:308 - Updater called before beeing initialized
2023-10-21 16:20:28,906 [ERROR] Updater:1120 - MainUpdater not yet initialized. External WinMGr cannot be set.
2023-10-21 16:20:28,915 [INFO] Updater:1056 - Updater Version found : 6.9.2
2023-10-21 16:20:28,931 [INFO] ApplicationProperties:184 - Using Application install path: D:\STM32IDE\STM32CubeIDE_1.13.1\STM32CubeIDE\plugins\com.st.stm32cube.common.mx_6.9.2.202309101412
2023-10-21 16:20:29,330 [INFO] ThirdPartyUpdaterWithRetryManager:70 - Updater plugin not ready yet. [2/15]
2023-10-21 16:20:29,369 [INFO] MainUpdater:2868 - connection check result : 10
2023-10-21 16:20:29,370 [INFO] MainUpdater:285 - Updater Check For Update Now.
2023-10-21 16:20:29,370 [INFO] MicroXplorer:498 - Change Database Version : DB.6.0.92
2023-10-21 16:20:29,384 [INFO] McuFinderGlobals:63 - Set McuFinder mode to 2 (CubeIDE integrated)
2023-10-21 16:20:29,562 [INFO] CheckServerUpdateThread:120 - End of CheckServer Thread
2023-10-21 16:20:32,454 [WARN] PackLoader:240 - Cannot read IP mode file for STMicroelectronics.X-CUBE-SMBUS.2.1.0
2023-10-21 16:20:32,501 [WARN] PackLoader:240 - Cannot read IP mode file for STMicroelectronics.X-CUBE-AZRTOS-F7.1.1.0
2023-10-21 16:20:32,521 [WARN] PackLoader:240 - Cannot read IP mode file for STMicroelectronics.FP-SNS-MOTENV1.4.3.2
2023-10-21 16:20:32,535 [WARN] PackLoader:240 - Cannot read IP mode file for STMicroelectronics.FP-SNS-FLIGHT1.5.0.2
2023-10-21 16:20:32,553 [WARN] PackLoader:240 - Cannot read IP mode file for STMicroelectronics.X-CUBE-DISPLAY.3.0.0
2023-10-21 16:20:32,579 [WARN] PackLoader:240 - Cannot read IP mode file for STMicroelectronics.X-CUBE-BLE1.7.0.0
2023-10-21 16:20:32,592 [WARN] PackLoader:240 - Cannot read IP mode file for emotas.I-CUBE-CANOPEN.1.3.0
2023-10-21 16:20:32,608 [WARN] PackLoader:240 - Cannot read IP mode file for STMicroelectronics.X-CUBE-TOUCHGFX.4.22.0
2023-10-21 16:20:32,618 [WARN] PackLoader:240 - Cannot read IP mode file for STMicroelectronics.X-CUBE-TOUCHGFX.4.22.1
2023-10-21 16:20:32,630 [WARN] PackLoader:240 - Cannot read IP mode file for STMicroelectronics.FP-SNS-SMARTAG2.1.2.0
2023-10-21 16:20:32,653 [INFO] LogOutputStream:77 - [STDOUT_REDIRECT] 1 : Invalid condition id : UX_CORESTACK_Condition cause : null
2023-10-21 16:20:32,654 [INFO] LogOutputStream:77 - [STDOUT_REDIRECT] 1 : Invalid condition id : UX_CORESTACK_Condition cause : null
2023-10-21 16:20:32,655 [INFO] LogOutputStream:77 - [STDOUT_REDIRECT] 1 : Invalid condition id : UX_CORESTACK_Condition cause : null
2023-10-21 16:20:32,658 [INFO] LogOutputStream:77 - [STDOUT_REDIRECT] 1 : Invalid condition id : UX_CORESTACK_Condition cause : null
2023-10-21 16:20:32,659 [INFO] LogOutputStream:77 - [STDOUT_REDIRECT] 1 : Invalid condition id : UX_CORESTACK_Condition cause : null
2023-10-21 16:20:32,662 [WARN] PackLoader:240 - Cannot read IP mode file for STMicroelectronics.X-CUBE-AZRTOS-WL.2.0.0
2023-10-21 16:20:32,682 [WARN] PackLoader:240 - Cannot read IP mode file for WES.I-CUBE-Cesium.1.3.0
2023-10-21 16:20:32,694 [WARN] PackLoader:240 - Cannot read IP mode file for STMicroelectronics.X-CUBE-BLE2.3.3.0
2023-10-21 16:20:32,708 [WARN] PackLoader:240 - Cannot read IP mode file for STMicroelectronics.X-CUBE-ALGOBUILD.1.3.0
2023-10-21 16:20:32,732 [WARN] PackLoader:240 - Cannot read IP mode file for STMicroelectronics.X-CUBE-AZRTOS-G0.1.1.0
2023-10-21 16:20:32,747 [WARN] PackLoader:240 - Cannot read IP mode file for STMicroelectronics.X-CUBE-NFC4.3.0.0
2023-10-21 16:20:32,760 [WARN] PackLoader:240 - Cannot read IP mode file for STMicroelectronics.FP-ATR-SIGFOX1.3.2.0
2023-10-21 16:20:32,795 [WARN] PackLoader:240 - Cannot read IP mode file for SEGGER.I-CUBE-embOS.1.3.1
2023-10-21 16:20:32,859 [WARN] PackLoader:240 - Cannot read IP mode file for STMicroelectronics.X-CUBE-GNSS1.6.0.0
2023-10-21 16:20:32,884 [WARN] PackLoader:240 - Cannot read IP mode file for STMicroelectronics.X-CUBE-AZRTOS-F4.1.1.0
2023-10-21 16:20:32,899 [WARN] PackLoader:240 - Cannot read IP mode file for wolfSSL.I-CUBE-wolfSSL.5.6.3
2023-10-21 16:20:32,927 [WARN] PackLoader:240 - Cannot read IP mode file for STMicroelectronics.X-CUBE-AZRTOS-L5.2.0.0
2023-10-21 16:20:32,968 [WARN] PackLoader:240 - Cannot read IP mode file for STMicroelectronics.X-CUBE-MEMS1.9.6.0
2023-10-21 16:20:33,094 [WARN] PackLoader:240 - Cannot read IP mode file for ITTIA_DB.I-CUBE-ITTIADB.8.8.0
2023-10-21 16:20:33,110 [WARN] PackLoader:240 - Cannot read IP mode file for STMicroelectronics.X-CUBE-BLEMGR.2.0.0
2023-10-21 16:20:33,151 [WARN] ConditionMgr:438 - getConditionDescription Invalid condition id : UX DEVICE CLASS RTOS Condition cause : null
2023-10-21 16:20:33,151 [WARN] ConditionMgr:438 - getConditionDescription Invalid condition id : UX DEVICE CLASS RTOS Condition cause : null
2023-10-21 16:20:33,154 [WARN] PackLoader:240 - Cannot read IP mode file for STMicroelectronics.X-CUBE-AZRTOS-H7.3.1.0
2023-10-21 16:20:33,156 [WARN] ConditionMgr:1039 - genDependencies : Invalid condition id : UX DEVICE CLASS RTOS Condition cause : null
2023-10-21 16:20:33,156 [WARN] ConditionMgr:1039 - genDependencies : Invalid condition id : UX DEVICE CLASS RTOS Condition cause : null
2023-10-21 16:20:33,156 [WARN] ConditionMgr:1039 - genDependencies : Invalid condition id : UX DEVICE CLASS RTOS Condition cause : null
2023-10-21 16:20:33,157 [WARN] ConditionMgr:1039 - genDependencies : Invalid condition id : UX DEVICE CLASS RTOS Condition cause : null
2023-10-21 16:20:33,157 [WARN] ConditionMgr:1039 - genDependencies : Invalid condition id : UX DEVICE CLASS RTOS Condition cause : null
2023-10-21 16:20:33,171 [WARN] PackLoader:240 - Cannot read IP mode file for STMicroelectronics.X-CUBE-NFC7.1.0.1
2023-10-21 16:20:33,186 [WARN] PackLoader:240 - Cannot read IP mode file for STMicroelectronics.X-CUBE-NFC6.3.0.0
2023-10-21 16:20:33,201 [WARN] PackLoader:240 - Cannot read IP mode file for STMicroelectronics.X-CUBE-EEPRMA1.4.1.0
2023-10-21 16:20:33,214 [WARN] PackLoader:240 - Cannot read IP mode file for STMicroelectronics.X-CUBE-AI.8.1.0
2023-10-21 16:20:33,240 [WARN] ConditionMgr:438 - getConditionDescription Invalid condition id : LAN8742 Phy interface Condition cause : null
2023-10-21 16:20:33,241 [WARN] PackLoader:240 - Cannot read IP mode file for STMicroelectronics.X-CUBE-AZRTOS-L4.2.0.0
2023-10-21 16:20:33,242 [WARN] ConditionMgr:1039 - genDependencies : Invalid condition id : LAN8742 Phy interface Condition cause : null
2023-10-21 16:20:33,243 [WARN] ConditionMgr:1039 - genDependencies : Invalid condition id : LAN8742 Phy interface Condition cause : null
2023-10-21 16:20:33,243 [WARN] ConditionMgr:1039 - genDependencies : Invalid condition id : LAN8742 Phy interface Condition cause : null
2023-10-21 16:20:33,259 [WARN] PackLoader:240 - Cannot read IP mode file for STMicroelectronics.X-CUBE-SFXS2LP1.4.0.0
2023-10-21 16:20:33,274 [WARN] PackLoader:240 - Cannot read IP mode file for STMicroelectronics.X-CUBE-ISPU.1.1.0
2023-10-21 16:20:33,295 [WARN] ConditionMgr:438 - getConditionDescription Invalid condition id : UX DEVICE CLASS RTOS Condition cause : null
2023-10-21 16:20:33,295 [WARN] ConditionMgr:438 - getConditionDescription Invalid condition id : UX DEVICE CLASS RTOS Condition cause : null
2023-10-21 16:20:33,297 [WARN] PackLoader:240 - Cannot read IP mode file for STMicroelectronics.X-CUBE-AZRTOS-WB.2.0.0
2023-10-21 16:20:33,297 [WARN] ConditionMgr:1039 - genDependencies : Invalid condition id : UX DEVICE CLASS RTOS Condition cause : null
2023-10-21 16:20:33,298 [WARN] ConditionMgr:1039 - genDependencies : Invalid condition id : UX DEVICE CLASS RTOS Condition cause : null
2023-10-21 16:20:33,298 [WARN] ConditionMgr:1039 - genDependencies : Invalid condition id : UX DEVICE CLASS RTOS Condition cause : null
2023-10-21 16:20:33,298 [WARN] ConditionMgr:1039 - genDependencies : Invalid condition id : UX DEVICE CLASS RTOS Condition cause : null
2023-10-21 16:20:33,298 [WARN] ConditionMgr:1039 - genDependencies : Invalid condition id : UX DEVICE CLASS RTOS Condition cause : null
2023-10-21 16:20:33,317 [WARN] PackLoader:240 - Cannot read IP mode file for STMicroelectronics.X-CUBE-SUBG2.5.0.0
2023-10-21 16:20:33,346 [WARN] PackLoader:240 - Cannot read IP mode file for STMicroelectronics.X-CUBE-TOF1.3.3.1
2023-10-21 16:20:33,384 [WARN] PackLoader:240 - Cannot read IP mode file for STMicroelectronics.X-CUBE-AZRTOS-G4.2.0.0
2023-10-21 16:20:33,411 [WARN] PackLoader:240 - Cannot read IP mode file for Infineon.AIROC-Wi-Fi-Bluetooth-STM32.1.5.1
2023-10-21 16:20:33,460 [WARN] PackLoader:240 - Cannot read IP mode file for STMicroelectronics.X-CUBE-MEMS1.10.0.0
2023-10-21 16:20:33,550 [WARN] PackLoader:240 - Cannot read IP mode file for STMicroelectronics.X-CUBE-FREERTOS.1.1.0
2023-10-21 16:20:33,564 [WARN] PackLoader:240 - Cannot read IP mode file for portGmbH.I-Cube-SoM-uGOAL.1.1.0
2023-10-21 16:20:33,578 [WARN] PackLoader:240 - Cannot read IP mode file for STMicroelectronics.X-CUBE-ALS.1.0.1
2023-10-21 16:20:33,591 [WARN] PackLoader:240 - Cannot read IP mode file for STMicroelectronics.FP-ATR-ASTRA1.2.0.0
2023-10-21 16:20:33,592 [INFO] ThirdParty:978 - Integrity check success = true
2023-10-21 16:20:33,593 [INFO] IntegrityCheckThread:100 - exiting critical section [integrity check]
2023-10-21 16:20:33,593 [INFO] IntegrityCheckThread:103 - End integrity checks thread
2023-10-21 16:20:44,926 [ERROR] LogOutputStream:75 - [STDERR_REDIRECT] SLF4J: Failed to load class "org.slf4j.impl.StaticLoggerBinder".
2023-10-21 16:20:44,927 [ERROR] LogOutputStream:75 - [STDERR_REDIRECT] SLF4J: Defaulting to no-operation (NOP) logger implementation
2023-10-21 16:20:44,927 [ERROR] LogOutputStream:75 - [STDERR_REDIRECT] SLF4J: See http://www.slf4j.org/codes.html#StaticLoggerBinder for further details.
2023-10-21 18:52:38,517 [INFO] McuFinderGlobals:63 - Set McuFinder mode to 2 (CubeIDE integrated)
2023-10-21 18:52:38,547 [INFO] MainUpdater:2868 - connection check result : 10
2023-10-21 18:52:38,557 [INFO] MainUpdater:2868 - connection check result : 10
2023-10-21 18:52:38,737 [INFO] MicroXplorer:468 - Change Database Path : 
2023-10-21 18:52:38,737 [INFO] MicroXplorer:498 - Change Database Version : DB.6.0.92
2023-10-21 18:52:38,737 [WARN] ThirdParty:871 - waiting for thirdparty lock release [close project]
2023-10-21 18:52:38,737 [INFO] ThirdParty:873 - entering critical section [close project]
2023-10-21 18:52:38,737 [INFO] ThirdParty:883 - exiting critical section [close project]
2023-10-21 18:52:38,737 [INFO] PinOutPanel:1499 - setPackage(No Configuration,No Configuration)
2023-10-21 18:52:38,747 [INFO] UtilMem:75 - Begin LoadConfig() Used Memory: 158120488 Bytes (476053504)
2023-10-21 18:52:38,747 [INFO] MicroXplorer:468 - Change Database Path : 
2023-10-21 18:52:38,747 [INFO] MicroXplorer:498 - Change Database Version : DB.6.0.92
2023-10-21 18:52:38,747 [INFO] OpenFileManager:308 - Change cursor
2023-10-21 18:52:38,787 [INFO] Mcu:1946 - Initializing MCU STM32F407V(E-G)Tx STM32F407VGTx STM32F407VGT6
2023-10-21 18:52:40,807 [INFO] Context:659 - Trying to add GPIOservice into a context  which must be forbidden
2023-10-21 18:52:41,520 [INFO] RtosManager:555 - Registered RTOS mode: class=CMSIS, group=RTOS, mode=CMSIS_V1, owner=FREERTOS
2023-10-21 18:52:41,521 [INFO] RtosManager:555 - Registered RTOS mode: class=CMSIS, group=RTOS2, mode=CMSIS_V2, owner=FREERTOS
2023-10-21 18:52:41,521 [INFO] RtosManager:555 - Registered RTOS mode: class=RTOS, group=Core, mode=CMSIS_V1, owner=FREERTOS
2023-10-21 18:52:41,521 [INFO] RtosManager:555 - Registered RTOS mode: class=RTOS, group=Core, mode=CMSIS_V2, owner=FREERTOS
2023-10-21 18:52:41,521 [WARN] ModelIntegratedComponent:184 - Missing modes for component STMicroelectronics:FreeRTOS:0.0.1:STMicroelectronics:RTOS:FreeRTOS:Core:::10.2.0:
2023-10-21 18:52:41,539 [WARN] ModelIntegratedComponent:63 - No mode defined for component null
2023-10-21 18:52:41,539 [WARN] ModelIntegratedComponent:63 - No mode defined for component null
2023-10-21 18:52:41,539 [WARN] ModelIntegratedComponent:63 - No mode defined for component null
2023-10-21 18:52:41,539 [WARN] ModelIntegratedComponent:63 - No mode defined for component null
2023-10-21 18:52:41,539 [WARN] ModelIntegratedComponent:63 - No mode defined for component null
2023-10-21 18:52:41,539 [WARN] ModelIntegratedComponent:63 - No mode defined for component null
2023-10-21 18:52:41,539 [WARN] ModelIntegratedComponent:63 - No mode defined for component null
2023-10-21 18:52:41,539 [WARN] ModelIntegratedComponent:63 - No mode defined for component null
2023-10-21 18:52:41,539 [WARN] ModelIntegratedComponent:63 - No mode defined for component null
2023-10-21 18:52:41,539 [WARN] ModelIntegratedComponent:63 - No mode defined for component null
2023-10-21 18:52:41,539 [WARN] ModelIntegratedComponent:63 - No mode defined for component null
2023-10-21 18:52:41,539 [WARN] ModelIntegratedComponent:63 - No mode defined for component null
2023-10-21 18:52:41,539 [WARN] ModelIntegratedComponent:63 - No mode defined for component null
2023-10-21 18:52:41,540 [WARN] ModelIntegratedComponent:63 - No mode defined for component null
2023-10-21 18:52:41,540 [WARN] ModelIntegratedComponent:63 - No mode defined for component null
2023-10-21 18:52:41,540 [WARN] ModelIntegratedComponent:63 - No mode defined for component null
2023-10-21 18:52:41,540 [WARN] ModelIntegratedComponent:63 - No mode defined for component null
2023-10-21 18:52:41,540 [WARN] ModelIntegratedComponent:63 - No mode defined for component null
2023-10-21 18:52:41,540 [WARN] ModelIntegratedComponent:63 - No mode defined for component null
2023-10-21 18:52:41,540 [WARN] ModelIntegratedComponent:63 - No mode defined for component null
2023-10-21 18:52:41,540 [WARN] ModelIntegratedComponent:63 - No mode defined for component null
2023-10-21 18:52:41,540 [WARN] ModelIntegratedComponent:63 - No mode defined for component null
2023-10-21 18:52:41,540 [WARN] ModelIntegratedComponent:63 - No mode defined for component null
2023-10-21 18:52:41,540 [WARN] ModelIntegratedComponent:63 - No mode defined for component null
2023-10-21 18:52:41,540 [WARN] ModelIntegratedComponent:63 - No mode defined for component null
2023-10-21 18:52:41,540 [WARN] ModelIntegratedComponent:63 - No mode defined for component null
2023-10-21 18:52:41,540 [WARN] ModelIntegratedComponent:63 - No mode defined for component null
2023-10-21 18:52:41,540 [WARN] ModelIntegratedComponent:63 - No mode defined for component null
2023-10-21 18:52:41,540 [WARN] ModelIntegratedComponent:63 - No mode defined for component null
2023-10-21 18:52:41,540 [WARN] ModelIntegratedComponent:63 - No mode defined for component null
2023-10-21 18:52:41,540 [WARN] ModelIntegratedComponent:63 - No mode defined for component null
2023-10-21 18:52:41,540 [WARN] ModelIntegratedComponent:63 - No mode defined for component null
2023-10-21 18:52:41,540 [WARN] ModelIntegratedComponent:63 - No mode defined for component null
2023-10-21 18:52:41,625 [INFO] ThirdPartyModel:298 - Start build external matchings
2023-10-21 18:52:42,030 [INFO] ThirdPartyModel:316 - End build external matchings
2023-10-21 18:52:42,047 [INFO] ImportTextPane:194 - (OptionalMessage_ERROR) IP (RCC) : Parameter (PLLSourceVirtual) has invalid value (RCC_PLLSOURCE_HSI)
2023-10-21 18:52:42,047 [INFO] ImportTextPane:194 - (OptionalMessage_ERROR) IP (RCC) : Parameter (RTCHSEDivFreq_Value) has invalid value (12500000)
2023-10-21 18:52:42,049 [WARN] IP:2114 - DEVICE_SERIAL0_CDC_FS not found: check if there is a RefParameter without a condition.
2023-10-21 18:52:42,049 [WARN] IP:2114 - DEVICE_SERIAL1_CDC_FS not found: check if there is a RefParameter without a condition.
2023-10-21 18:52:42,049 [WARN] IP:2114 - DEVICE_SERIAL2_CDC_FS not found: check if there is a RefParameter without a condition.
2023-10-21 18:52:42,436 [INFO] UtilMem:75 - End LoadConfig() Used Memory: 193715488 Bytes (476053504)
2023-10-21 18:52:42,536 [INFO] ApiDb:581 - Connected to CubeFinder SQLite database (C:\Users\ARYAN\.stmcufinder\plugins\mcufinder\mcu\cube-finder-db.db)
2023-10-21 18:52:42,612 [INFO] ApiDb:668 - CubeFinder database Data Model version=2.1
2023-10-21 18:52:42,612 [INFO] ApiDb:669 - CubeFinder database Configuration version=3.0.37
2023-10-21 18:52:42,613 [INFO] ApiDb:670 - CubeFinder database generation date=2023-08-09 (1691586011)
2023-10-21 18:52:42,613 [INFO] ApiDb:671 - CubeFinder database FW Pack versions=[FP-ATR-ASTRA1_V2.0.0, FP-SNS-FLIGHT1_V5.0.1, FP-SNS-FLIGHT1_V5.0.2, FP-SNS-MOTENV1_V4.3.1, FP-SNS-MOTENV1_V4.3.2, STM32Cube_FW_C0_V1.1.0, STM32Cube_FW_F4_V1.27.1, STM32Cube_FW_F7_V1.17.0, STM32Cube_FW_G0_V1.6.1, STM32Cube_FW_G4_V1.5.1, STM32Cube_FW_H5_V0.5.1, STM32Cube_FW_H5_V1.1.0, STM32Cube_FW_H7_V1.11.0, STM32Cube_FW_L0_V1.12.2, STM32Cube_FW_L5_V1.5.0, STM32Cube_FW_U5_V1.3.0, STM32Cube_FW_U5_V1.3.0RC4, STM32Cube_FW_WBA_V1.0.0RC1, STM32Cube_FW_WBA_V1.1.0, STM32Cube_FW_WBA_V1.1.0RC1, STM32Cube_FW_WB_V1.15.0RC1, STM32Cube_FW_WB_V1.16.0, STM32Cube_FW_WB_V1.16.0RC2, STM32Cube_FW_WB_V1.17.0, STM32Cube_FW_WL_V1.3.0, X-CUBE-ALGOBUILD_V1.3.0, X-CUBE-ALS_V1.0.1, X-CUBE-AZRTOS-F4_V1.1.0, X-CUBE-AZRTOS-F7_V1.1.0, X-CUBE-AZRTOS-G0_V1.1.0, X-CUBE-AZRTOS-G4_V2.0.0, X-CUBE-AZRTOS-H7_V3.1.0, X-CUBE-AZRTOS-L4_V1.0.0, X-CUBE-AZRTOS-L4_V2.0.0, X-CUBE-AZRTOS-L5_V1.1.0, X-CUBE-AZRTOS-WB_V1.1.0, X-CUBE-AZRTOS-WL_V2.0.0, X-CUBE-BLE1_V7.0.0, X-CUBE-BLE2_V3.3.0, X-CUBE-BLEMGR_V2.0.0, X-CUBE-EEPRMA1_V4.1.0, X-CUBE-FREERTOS_V1.1.0, X-CUBE-GNSS1_V6.0.0, X-CUBE-MEMS1_V9.1.0, X-CUBE-MEMS1_V9.4.0, X-CUBE-MEMS1_V9.6.0, X-CUBE-NFC4_V3.0.0, X-CUBE-NFC7_V1.0.0, X-CUBE-SFXS2LP1_V4.0.0, X-CUBE-SUBG2_V5.0.0, X-CUBE-TOF1_V3.3.1]
2023-10-21 18:52:45,093 [INFO] ApiDb:240 - Found 323 in-development CPN: [B-G473E-ZEST1S, B-WB1M-WPAN1, B-WL5M-SUBG1, NUCLEO-C031C6, NUCLEO-H503RB, NUCLEO-H563ZI, NUCLEO-U545RE-Q, NUCLEO-U5A5ZJ-Q, NUCLEO-WBA52CG, STEVAL-PROTEUS1, STEVAL-SMARTAG2, STEVAL-STWINBX1, STM320518-EVAL, STM32C0116-DK, STM32C011D6Y3TR, STM32C011D6Y6TR, STM32C011F4P3, STM32C011F4P6, STM32C011F4U3, STM32C011F4U6TR, STM32C011F6P3, STM32C011F6P6, STM32C011F6U3, STM32C011F6U6TR, STM32C011J4M3, STM32C011J4M6, STM32C011J6M3, STM32C011J6M6, STM32C0316-DK, STM32C031C4T3, STM32C031C4T6, STM32C031C4U3, STM32C031C4U6, STM32C031C6T3, STM32C031C6T6, STM32C031C6U3, STM32C031C6U6, STM32C031F4P3, STM32C031F4P6, STM32C031F6P3, STM32C031F6P6, STM32C031G4U3, STM32C031G4U6, STM32C031G6U3, STM32C031G6U6, STM32C031K4T3, STM32C031K4T6, STM32C031K4U3, STM32C031K4U6, STM32C031K6T3, STM32C031K6T6, STM32C031K6U3, STM32C031K6U6, STM32G071K8TXN, STM32G071K8UXN, STM32G081GBU6N, STM32G081KBT6N, STM32G081KBUXN, STM32G0B1CCT6N, STM32G0B1KCT6, STM32G0B1NEY6TR, STM32G0B1RCT6N, STM32G0C1CCT6, STM32G0C1CCT6N, STM32G0C1CCU6N, STM32G0C1CET6N, STM32G0C1CEU6N, STM32G0C1KCT6, STM32G0C1NEY6TR, STM32G0C1RCI6N, STM32G0C1RCT6N, STM32G0C1REI6N, STM32G0C1RET6N, STM32G0C1VCI6, STM32G0C1VEI6, STM32G471CCT6, STM32G471CCU6, STM32G471CET3, STM32G471CET6, STM32G471CEU3, STM32G471CEU6, STM32G471MCT6, STM32G471MET3, STM32G471MET6, STM32G471MEY6TR, STM32G471QCT6, STM32G471QET3, STM32G471RCT6, STM32G471RET3, STM32G471RET6, STM32G471VCH6, STM32G471VCI6, STM32G471VCT6, STM32G471VEH3, STM32G471VEH6, STM32G471VEI3, STM32G471VEI6, STM32G471VET3, STM32G471VET6, STM32G474CCT6, STM32H503CBT6, STM32H503CBU6, STM32H503EBY6TR, STM32H503KBU6, STM32H503RBT6, STM32H562AGI6, STM32H562AII6, STM32H562IGK6, STM32H562IGT6, STM32H562IIK6, STM32H562IIT6, STM32H562RGT6, STM32H562RGV6, STM32H562RIT6, STM32H562RIV6, STM32H562VGT6, STM32H562VIT6, STM32H562ZGT6, STM32H562ZIT6, STM32H563AGI6, STM32H563AII3Q, STM32H563AII6, STM32H563IGK6, STM32H563IGT6, STM32H563IIK3Q, STM32H563IIK6, STM32H563IIT3Q, STM32H563IIT6, STM32H563MIY3QTR, STM32H563RGT6, STM32H563RGV6, STM32H563RIT6, STM32H563RIV6, STM32H563VGT6, STM32H563VIT3Q, STM32H563VIT6, STM32H563ZGT6, STM32H563ZIT3Q, STM32H563ZIT6, STM32H573AII3Q, STM32H573AII6, STM32H573I-DK, STM32H573IIK3Q, STM32H573IIK6, STM32H573IIT3Q, STM32H573IIT6, STM32H573MIY3QTR, STM32H573RIT6, STM32H573RIV6, STM32H573VIT3Q, STM32H573VIT6, STM32H573ZIT3Q, STM32H573ZIT6, STM32L4R5QGI6STR, STM32MP131AAE3, STM32MP131AAF3, STM32MP131AAG3, STM32MP131CAE3, STM32MP131CAF3, STM32MP131CAG3, STM32MP131DAE7, STM32MP131DAF7, STM32MP131DAG7, STM32MP131FAE7, STM32MP131FAF7, STM32MP131FAG7, STM32MP133AAE3, STM32MP133AAF3, STM32MP133AAG3, STM32MP133CAE3, STM32MP133CAF3, STM32MP133CAG3, STM32MP133DAE7, STM32MP133DAF7, STM32MP133DAG7, STM32MP133FAE7, STM32MP133FAF7, STM32MP133FAG7, STM32MP135AAE3, STM32MP135AAF3, STM32MP135AAG3, STM32MP135CAE3, STM32MP135CAF3, STM32MP135CAG3, STM32MP135DAE7, STM32MP135DAF7, STM32MP135DAG7, STM32MP135F-DK, STM32MP135FAE7, STM32MP135FAF7, STM32MP135FAF7T, STM32MP135FAF7U, STM32MP135FAG7, STM32U535CBT6, STM32U535CBT6Q, STM32U535CBU6, STM32U535CBU6Q, STM32U535CCT6, STM32U535CCT6Q, STM32U535CCU6, STM32U535CCU6Q, STM32U535CET6, STM32U535CET6Q, STM32U535CEU6, STM32U535CEU6Q, STM32U535JEY6QTR, STM32U535NCY6QTR, STM32U535NEY6QTR, STM32U535RBI6, STM32U535RBI6Q, STM32U535RBT6, STM32U535RBT6Q, STM32U535RCI6, STM32U535RCI6Q, STM32U535RCT6, STM32U535RCT6Q, STM32U535REI6, STM32U535REI6Q, STM32U535RET6, STM32U535RET6Q, STM32U535VCI6, STM32U535VCI6Q, STM32U535VCT6, STM32U535VCT6Q, STM32U535VEI6, STM32U535VEI6Q, STM32U535VET6, STM32U535VET6Q, STM32U545CET6, STM32U545CET6Q, STM32U545CEU6, STM32U545CEU6Q, STM32U545JEY6QTR, STM32U545NEY6QTR, STM32U545REI6, STM32U545REI6Q, STM32U545RET6, STM32U545RET6Q, STM32U545VEI6, STM32U545VEI6Q, STM32U545VET6, STM32U545VET6Q, STM32U595AIH6, STM32U595AIH6Q, STM32U595AJH6, STM32U595AJH6Q, STM32U595QII6, STM32U595QII6Q, STM32U595QJI6, STM32U595QJI6Q, STM32U595RIT6, STM32U595RIT6Q, STM32U595RJT6, STM32U595RJT6Q, STM32U595VIT6, STM32U595VIT6Q, STM32U595VJT6, STM32U595VJT6Q, STM32U595ZIT6, STM32U595ZIT6Q, STM32U595ZIY6QTR, STM32U595ZJT6, STM32U595ZJT6Q, STM32U595ZJY6QTR, STM32U599BJY6QTR, STM32U599NIH6Q, STM32U599NJH6Q, STM32U599VIT6Q, STM32U599VJT6, STM32U599VJT6Q, STM32U599ZIT6Q, STM32U599ZIY6QTR, STM32U599ZJT6Q, STM32U599ZJY6QTR, STM32U5A5AJH6, STM32U5A5AJH6Q, STM32U5A5QJI6, STM32U5A5QJI6Q, STM32U5A5RJT6, STM32U5A5RJT6Q, STM32U5A5VJT6, STM32U5A5VJT6Q, STM32U5A5ZJT6, STM32U5A5ZJT6Q, STM32U5A5ZJY6QTR, STM32U5A9BJY6QTR, STM32U5A9J-DK, STM32U5A9NJH6Q, STM32U5A9VJT6Q, STM32U5A9ZJT6Q, STM32U5A9ZJY6QTR, STM32U5F7VIT6, STM32U5F7VIT6Q, STM32U5F7VJT6, STM32U5F7VJT6Q, STM32U5F9BJY6QTR, STM32U5F9NJH6Q, STM32U5F9VIT6Q, STM32U5F9VJT6Q, STM32U5F9ZIJ6QTR, STM32U5F9ZIT6Q, STM32U5F9ZJJ6QTR, STM32U5F9ZJT6Q, STM32U5G7VJT6, STM32U5G7VJT6Q, STM32U5G9BJY6QTR, STM32U5G9J-DK1, STM32U5G9J-DK2, STM32U5G9NJH6Q, STM32U5G9VJT6Q, STM32U5G9ZJJ6QTR, STM32U5G9ZJT6Q, STM32WB1MMCH6, STM32WBA52CEU6, STM32WBA52CEU6T, STM32WBA52CGU6, STM32WBA52CGU6T, STM32WBA52KEU6, STM32WBA52KEU6T, STM32WBA52KGU6, STM32WBA52KGU6T, STM32WL5MOCH6, STM32WL5MOCH6TR]
2023-10-21 18:52:45,096 [INFO] DbMcus:217 - Found 3848 MCUs, 3848 are supported
2023-10-21 18:52:45,097 [INFO] ApiDb:423 - Load user favorites file C:\Users\ARYAN/.stm32cubeide/favorites.mcus.txt: 0 item(s)
2023-10-21 18:52:45,097 [INFO] ApiDb:427 - User favorites MCUs=[]
2023-10-21 18:52:45,098 [INFO] DbMcus:223 - Set 0 / 0 favorites MCUs
2023-10-21 18:52:45,440 [WARN] ThirdParty:833 - waiting for thirdparty lock release [change project]
2023-10-21 18:52:45,440 [INFO] ThirdParty:835 - entering critical section [change project]
2023-10-21 18:52:45,440 [INFO] ThirdParty:1030 - CMSIS Pack Vendor :STMicroelectronics X-CUBE-ISPU 1.1.0
2023-10-21 18:52:45,440 [INFO] ThirdParty:1030 - CMSIS Pack Vendor :STMicroelectronics USBPD 4.1
2023-10-21 18:52:45,440 [INFO] ThirdParty:1030 - CMSIS Pack Vendor :STMicroelectronics X-CUBE-GNSS1 6.0.0
2023-10-21 18:52:45,440 [INFO] ThirdParty:1030 - CMSIS Pack Vendor :STMicroelectronics USB_HOST 2.0.0
2023-10-21 18:52:45,440 [INFO] ThirdParty:1030 - CMSIS Pack Vendor :STMicroelectronics X-CUBE-AZRTOS-F4 1.1.0
2023-10-21 18:52:45,440 [INFO] ThirdParty:1030 - CMSIS Pack Vendor :STMicroelectronics LIBJPEG 8.0.0
2023-10-21 18:52:45,440 [INFO] ThirdParty:1030 - CMSIS Pack Vendor :wolfSSL I-CUBE-wolfSSL 5.6.3
2023-10-21 18:52:45,440 [INFO] ThirdParty:1030 - CMSIS Pack Vendor :STMicroelectronics X-CUBE-SMBUS 2.1.0
2023-10-21 18:52:45,440 [INFO] ThirdParty:1030 - CMSIS Pack Vendor :STMicroelectronics USB_DEVICE 3.0.0
2023-10-21 18:52:45,440 [INFO] ThirdParty:1030 - CMSIS Pack Vendor :STMicroelectronics X-CUBE-AZRTOS-WB 2.0.0
2023-10-21 18:52:45,440 [INFO] ThirdParty:1030 - CMSIS Pack Vendor :STMicroelectronics X-CUBE-AZRTOS-F7 1.1.0
2023-10-21 18:52:45,440 [INFO] ThirdParty:1030 - CMSIS Pack Vendor :STMicroelectronics X-CUBE-AZRTOS-L5 2.0.0
2023-10-21 18:52:45,440 [INFO] ThirdParty:1030 - CMSIS Pack Vendor :STMicroelectronics USB_DEVICE 2.0.0
2023-10-21 18:52:45,441 [INFO] ThirdParty:1030 - CMSIS Pack Vendor :STMicroelectronics X-CUBE-MEMS1 9.6.0
2023-10-21 18:52:45,441 [INFO] ThirdParty:1030 - CMSIS Pack Vendor :ITTIA_DB I-CUBE-ITTIADB 8.8.0
2023-10-21 18:52:45,441 [INFO] ThirdParty:1030 - CMSIS Pack Vendor :STMicroelectronics FP-SNS-MOTENV1 4.3.2
2023-10-21 18:52:45,441 [INFO] ThirdParty:1030 - CMSIS Pack Vendor :STMicroelectronics X-CUBE-ALGOBUILD 1.3.0
2023-10-21 18:52:45,441 [INFO] ThirdParty:1030 - CMSIS Pack Vendor :STMicroelectronics FreeRTOS 0.0.1
2023-10-21 18:52:45,441 [INFO] ThirdParty:1030 - CMSIS Pack Vendor :STMicroelectronics X-CUBE-AZRTOS-G0 1.1.0
2023-10-21 18:52:45,441 [INFO] ThirdParty:1030 - CMSIS Pack Vendor :STMicroelectronics X-CUBE-BLEMGR 2.0.0
2023-10-21 18:52:45,441 [INFO] ThirdParty:1030 - CMSIS Pack Vendor :STMicroelectronics X-CUBE-NFC4 3.0.0
2023-10-21 18:52:45,441 [INFO] ThirdParty:1030 - CMSIS Pack Vendor :STMicroelectronics X-CUBE-SUBG2 5.0.0
2023-10-21 18:52:45,441 [INFO] ThirdParty:1030 - CMSIS Pack Vendor :STMicroelectronics STM32_WPAN 1.0.0
2023-10-21 18:52:45,441 [INFO] ThirdParty:1030 - CMSIS Pack Vendor :STMicroelectronics lwIP 2.0.3
2023-10-21 18:52:45,441 [INFO] ThirdParty:1030 - CMSIS Pack Vendor :STMicroelectronics FP-SNS-FLIGHT1 5.0.2
2023-10-21 18:52:45,441 [INFO] ThirdParty:1030 - CMSIS Pack Vendor :STMicroelectronics USB_HOST 1.0.0
2023-10-21 18:52:45,441 [INFO] ThirdParty:1030 - CMSIS Pack Vendor :STMicroelectronics X-CUBE-TOF1 3.3.1
2023-10-21 18:52:45,441 [INFO] ThirdParty:1030 - CMSIS Pack Vendor :STMicroelectronics X-CUBE-AZRTOS-G4 2.0.0
2023-10-21 18:52:45,441 [INFO] ThirdParty:1030 - CMSIS Pack Vendor :STMicroelectronics PDM2PCM 3.1.0
2023-10-21 18:52:45,441 [INFO] ThirdParty:1030 - CMSIS Pack Vendor :STMicroelectronics X-CUBE-AZRTOS-H7 3.1.0
2023-10-21 18:52:45,441 [INFO] ThirdParty:1030 - CMSIS Pack Vendor :Infineon AIROC-Wi-Fi-Bluetooth-STM32 1.5.1
2023-10-21 18:52:45,441 [INFO] ThirdParty:1030 - CMSIS Pack Vendor :STMicroelectronics PDM2PCM 3.3.0
2023-10-21 18:52:45,441 [INFO] ThirdParty:1030 - CMSIS Pack Vendor :STMicroelectronics X-CUBE-DISPLAY 3.0.0
2023-10-21 18:52:45,441 [INFO] ThirdParty:1030 - CMSIS Pack Vendor :STMicroelectronics X-CUBE-BLE1 7.0.0
2023-10-21 18:52:45,441 [INFO] ThirdParty:1030 - CMSIS Pack Vendor :STMicroelectronics FP-ATR-SIGFOX1 3.2.0
2023-10-21 18:52:45,441 [INFO] ThirdParty:1030 - CMSIS Pack Vendor :STMicroelectronics HAL Drivers 0.0.0
2023-10-21 18:52:45,441 [INFO] ThirdParty:1030 - CMSIS Pack Vendor :STMicroelectronics MBEDTLS 2.16.2
2023-10-21 18:52:45,441 [INFO] ThirdParty:1030 - CMSIS Pack Vendor :emotas I-CUBE-CANOPEN 1.3.0
2023-10-21 18:52:45,441 [INFO] ThirdParty:1030 - CMSIS Pack Vendor :STMicroelectronics X-CUBE-MEMS1 10.0.0
2023-10-21 18:52:45,441 [INFO] ThirdParty:1030 - CMSIS Pack Vendor :STMicroelectronics X-CUBE-FREERTOS 1.1.0
2023-10-21 18:52:45,441 [INFO] ThirdParty:1030 - CMSIS Pack Vendor :STMicroelectronics X-CUBE-TOUCHGFX 4.22.0
2023-10-21 18:52:45,441 [INFO] ThirdParty:1030 - CMSIS Pack Vendor :STMicroelectronics X-CUBE-NFC7 1.0.1
2023-10-21 18:52:45,441 [INFO] ThirdParty:1030 - CMSIS Pack Vendor :STMicroelectronics MBEDTLS 2.14.1
2023-10-21 18:52:45,441 [INFO] ThirdParty:1030 - CMSIS Pack Vendor :STMicroelectronics X-CUBE-TOUCHGFX 4.22.1
2023-10-21 18:52:45,441 [INFO] ThirdParty:1030 - CMSIS Pack Vendor :STMicroelectronics X-CUBE-NFC6 3.0.0
2023-10-21 18:52:45,441 [INFO] ThirdParty:1030 - CMSIS Pack Vendor :STMicroelectronics X-CUBE-EEPRMA1 4.1.0
2023-10-21 18:52:45,442 [INFO] ThirdParty:1030 - CMSIS Pack Vendor :portGmbH I-Cube-SoM-uGOAL 1.1.0
2023-10-21 18:52:45,442 [INFO] ThirdParty:1030 - CMSIS Pack Vendor :STMicroelectronics X-CUBE-ALS 1.0.1
2023-10-21 18:52:45,442 [INFO] ThirdParty:1030 - CMSIS Pack Vendor :STMicroelectronics ThreadX 1.0.0
2023-10-21 18:52:45,442 [INFO] ThirdParty:1030 - CMSIS Pack Vendor :STMicroelectronics FP-SNS-SMARTAG2 1.2.0
2023-10-21 18:52:45,442 [INFO] ThirdParty:1030 - CMSIS Pack Vendor :STMicroelectronics X-CUBE-AZRTOS-WL 2.0.0
2023-10-21 18:52:45,442 [INFO] ThirdParty:1030 - CMSIS Pack Vendor :SEGGER I-CUBE-embOS 1.3.1
2023-10-21 18:52:45,442 [INFO] ThirdParty:1030 - CMSIS Pack Vendor :STMicroelectronics USB_DEVICE 1.0.0
2023-10-21 18:52:45,442 [INFO] ThirdParty:1030 - CMSIS Pack Vendor :STMicroelectronics X-CUBE-AI 8.1.0
2023-10-21 18:52:45,442 [INFO] ThirdParty:1030 - CMSIS Pack Vendor :STMicroelectronics X-CUBE-AZRTOS-L4 2.0.0
2023-10-21 18:52:45,442 [INFO] ThirdParty:1030 - CMSIS Pack Vendor :STMicroelectronics ThreadX 0.0.2
2023-10-21 18:52:45,442 [INFO] ThirdParty:1030 - CMSIS Pack Vendor :WES I-CUBE-Cesium 1.3.0
2023-10-21 18:52:45,442 [INFO] ThirdParty:1030 - CMSIS Pack Vendor :STMicroelectronics FP-ATR-ASTRA1 2.0.0
2023-10-21 18:52:45,442 [INFO] ThirdParty:1030 - CMSIS Pack Vendor :STMicroelectronics lwIP 2.1.2
2023-10-21 18:52:45,442 [INFO] ThirdParty:1030 - CMSIS Pack Vendor :STMicroelectronics X-CUBE-SFXS2LP1 4.0.0
2023-10-21 18:52:45,442 [INFO] ThirdParty:1030 - CMSIS Pack Vendor :STMicroelectronics X-CUBE-BLE2 3.3.0
2023-10-21 18:52:45,442 [INFO] ThirdParty:1030 - CMSIS Pack Vendor :STMicroelectronics PDM2PCM 3.2.0
2023-10-21 18:52:45,442 [INFO] ThirdParty:841 - exiting critical section [change project]
2023-10-21 18:52:45,937 [INFO] PinOutPanel:1499 - setPackage(No Configuration,No Configuration)
2023-10-21 18:52:45,939 [INFO] PinOutPanel:1499 - setPackage(STM32F407VGTx,LQFP100)
2023-10-21 18:52:46,516 [INFO] UtilMem:75 - Before build in PCC Used Memory: 238617032 Bytes (476053504)
2023-10-21 18:52:47,922 [INFO] UtilMem:75 - After build in PCC Used Memory: 300957632 Bytes (476053504)
2023-10-21 18:52:48,192 [INFO] ApiDbMcu:507 - Load IP Config File for USB_DEVICE
2023-10-21 18:52:48,221 [INFO] IPUIPlugin:80 - create IPUIPlugin
2023-10-21 18:52:48,221 [INFO] IPUIPlugin:80 - create IPUIPlugin
2023-10-21 18:52:48,221 [INFO] IPUIPlugin:80 - create IPUIPlugin
2023-10-21 18:52:48,221 [INFO] IPUIPlugin:80 - create IPUIPlugin
2023-10-21 18:52:48,221 [INFO] IPUIPlugin:80 - create IPUIPlugin
2023-10-21 18:52:48,221 [INFO] IPUIPlugin:80 - create IPUIPlugin
2023-10-21 18:52:48,222 [INFO] IPUIPlugin:80 - create IPUIPlugin
2023-10-21 18:52:48,222 [INFO] IPUIPlugin:80 - create IPUIPlugin
2023-10-21 18:52:48,222 [INFO] IPUIPlugin:80 - create IPUIPlugin
2023-10-21 18:52:48,222 [INFO] IPUIPlugin:80 - create IPUIPlugin
2023-10-21 18:52:48,222 [INFO] IPUIPlugin:80 - create IPUIPlugin
2023-10-21 18:52:48,222 [INFO] IPUIPlugin:80 - create IPUIPlugin
2023-10-21 18:52:48,222 [INFO] IPUIPlugin:80 - create IPUIPlugin
2023-10-21 18:52:48,222 [INFO] IPUIPlugin:80 - create IPUIPlugin
2023-10-21 18:52:48,222 [INFO] IPUIPlugin:80 - create IPUIPlugin
2023-10-21 18:52:48,223 [INFO] IPUIPlugin:80 - create IPUIPlugin
2023-10-21 18:52:48,223 [INFO] IPUIPlugin:80 - create IPUIPlugin
2023-10-21 18:52:48,223 [INFO] IPUIPlugin:80 - create IPUIPlugin
2023-10-21 18:52:48,223 [INFO] IPUIPlugin:80 - create IPUIPlugin
2023-10-21 18:52:48,223 [INFO] IPUIPlugin:80 - create IPUIPlugin
2023-10-21 18:52:48,223 [INFO] IPUIPlugin:80 - create IPUIPlugin
2023-10-21 18:52:48,223 [INFO] IPUIPlugin:80 - create IPUIPlugin
2023-10-21 18:52:48,223 [INFO] IPUIPlugin:80 - create IPUIPlugin
2023-10-21 18:52:48,224 [INFO] IPUIPlugin:80 - create IPUIPlugin
2023-10-21 18:52:48,224 [INFO] IPUIPlugin:80 - create IPUIPlugin
2023-10-21 18:52:48,224 [INFO] IPUIPlugin:80 - create IPUIPlugin
2023-10-21 18:52:48,224 [INFO] IPUIPlugin:80 - create IPUIPlugin
2023-10-21 18:52:48,224 [INFO] IPUIPlugin:80 - create IPUIPlugin
2023-10-21 18:52:48,225 [INFO] IPUIPlugin:80 - create IPUIPlugin
2023-10-21 18:52:48,225 [INFO] IPUIPlugin:80 - create IPUIPlugin
2023-10-21 18:52:48,225 [INFO] IPUIPlugin:80 - create IPUIPlugin
2023-10-21 18:52:48,225 [INFO] IPUIPlugin:80 - create IPUIPlugin
2023-10-21 18:52:48,225 [INFO] IPUIPlugin:80 - create IPUIPlugin
2023-10-21 18:52:48,225 [INFO] IPUIPlugin:80 - create IPUIPlugin
2023-10-21 18:52:48,226 [INFO] IPUIPlugin:80 - create IPUIPlugin
2023-10-21 18:52:48,226 [INFO] IPUIPlugin:80 - create IPUIPlugin
2023-10-21 18:52:48,226 [INFO] IPUIPlugin:80 - create IPUIPlugin
2023-10-21 18:52:48,226 [INFO] IPUIPlugin:80 - create IPUIPlugin
2023-10-21 18:52:48,226 [INFO] IPUIPlugin:80 - create IPUIPlugin
2023-10-21 18:52:48,227 [INFO] IPUIPlugin:80 - create IPUIPlugin
2023-10-21 18:52:48,227 [INFO] IPUIPlugin:80 - create IPUIPlugin
2023-10-21 18:52:48,227 [INFO] IPUIPlugin:80 - create IPUIPlugin
2023-10-21 18:52:48,227 [INFO] IPUIPlugin:80 - create IPUIPlugin
2023-10-21 18:52:48,227 [INFO] IPUIPlugin:80 - create IPUIPlugin
2023-10-21 18:52:48,227 [INFO] IPUIPlugin:80 - create IPUIPlugin
2023-10-21 18:52:48,228 [INFO] IPUIPlugin:80 - create IPUIPlugin
2023-10-21 18:52:48,228 [INFO] IPUIPlugin:80 - create IPUIPlugin
2023-10-21 18:52:48,228 [INFO] IPUIPlugin:80 - create IPUIPlugin
2023-10-21 18:52:48,228 [INFO] IPUIPlugin:80 - create IPUIPlugin
2023-10-21 18:52:48,229 [INFO] IPUIPlugin:80 - create IPUIPlugin
2023-10-21 18:52:48,229 [INFO] IPUIPlugin:80 - create IPUIPlugin
2023-10-21 18:52:48,229 [INFO] IPUIPlugin:80 - create IPUIPlugin
2023-10-21 18:52:48,229 [INFO] IPUIPlugin:80 - create IPUIPlugin
2023-10-21 18:52:48,230 [INFO] IPUIPlugin:80 - create IPUIPlugin
2023-10-21 18:52:48,230 [INFO] IPUIPlugin:80 - create IPUIPlugin
2023-10-21 18:52:48,231 [INFO] IPUIPlugin:80 - create IPUIPlugin
2023-10-21 18:52:48,232 [INFO] IPUIPlugin:80 - create IPUIPlugin
2023-10-21 18:52:48,232 [INFO] IPUIPlugin:80 - create IPUIPlugin
2023-10-21 18:52:48,262 [INFO] ApiDbMcu:507 - Load IP Config File for PDM2PCM
2023-10-21 18:52:48,640 [INFO] CADModel:165 - CPN selected for project levelSTM32F407VGT6
2023-10-21 18:52:48,640 [INFO] CADModel:114 - Register for checkConnection events
2023-10-21 18:52:48,704 [INFO] OpenFileManager:328 - Restore cursor
2023-10-21 18:52:48,828 [WARN] IP:2114 - DEVICE_SERIAL0_CDC_FS not found: check if there is a RefParameter without a condition.
2023-10-21 18:52:48,828 [WARN] IP:2114 - DEVICE_SERIAL1_CDC_FS not found: check if there is a RefParameter without a condition.
2023-10-21 18:52:48,828 [WARN] IP:2114 - DEVICE_SERIAL2_CDC_FS not found: check if there is a RefParameter without a condition.
2023-10-21 18:52:48,830 [WARN] IP:2114 - DEVICE_SERIAL0_CDC_FS not found: check if there is a RefParameter without a condition.
2023-10-21 18:52:48,830 [WARN] IP:2114 - DEVICE_SERIAL1_CDC_FS not found: check if there is a RefParameter without a condition.
2023-10-21 18:52:48,830 [WARN] IP:2114 - DEVICE_SERIAL2_CDC_FS not found: check if there is a RefParameter without a condition.
2023-10-21 18:52:57,392 [ERROR] LogOutputStream:75 - [STDERR_REDIRECT] Exception in thread "AWT-EventQueue-0" java.lang.ClassCastException: class sun.awt.windows.WEmbeddedFrame cannot be cast to class javax.swing.JFrame (sun.awt.windows.WEmbeddedFrame and javax.swing.JFrame are in module java.desktop of loader 'bootstrap')
2023-10-21 18:52:57,395 [ERROR] LogOutputStream:75 - [STDERR_REDIRECT] 	at com.st.microxplorer.plugins.clock.ClockConfigurationView.activatePlugin(ClockConfigurationView.java:425)
2023-10-21 18:52:57,396 [ERROR] LogOutputStream:75 - [STDERR_REDIRECT] 	at com.st.microxplorer.maingui.MainPanel$1.stateChanged(MainPanel.java:367)
2023-10-21 18:52:57,397 [ERROR] LogOutputStream:75 - [STDERR_REDIRECT] 	at java.desktop/javax.swing.JTabbedPane.fireStateChanged(JTabbedPane.java:444)
2023-10-21 18:52:57,398 [ERROR] LogOutputStream:75 - [STDERR_REDIRECT] 	at java.desktop/javax.swing.JTabbedPane$ModelListener.stateChanged(JTabbedPane.java:295)
2023-10-21 18:52:57,400 [ERROR] LogOutputStream:75 - [STDERR_REDIRECT] 	at java.desktop/javax.swing.DefaultSingleSelectionModel.fireStateChanged(DefaultSingleSelectionModel.java:148)
2023-10-21 18:52:57,401 [ERROR] LogOutputStream:75 - [STDERR_REDIRECT] 	at java.desktop/javax.swing.DefaultSingleSelectionModel.setSelectedIndex(DefaultSingleSelectionModel.java:79)
2023-10-21 18:52:57,402 [ERROR] LogOutputStream:75 - [STDERR_REDIRECT] 	at java.desktop/javax.swing.JTabbedPane.setSelectedIndexImpl(JTabbedPane.java:648)
2023-10-21 18:52:57,403 [ERROR] LogOutputStream:75 - [STDERR_REDIRECT] 	at java.desktop/javax.swing.JTabbedPane.setSelectedIndex(JTabbedPane.java:623)
2023-10-21 18:52:57,404 [ERROR] LogOutputStream:75 - [STDERR_REDIRECT] 	at java.desktop/javax.swing.plaf.basic.BasicTabbedPaneUI$Handler.mousePressed(BasicTabbedPaneUI.java:4101)
2023-10-21 18:52:57,405 [ERROR] LogOutputStream:75 - [STDERR_REDIRECT] 	at java.desktop/java.awt.Component.processMouseEvent(Component.java:6623)
2023-10-21 18:52:57,406 [ERROR] LogOutputStream:75 - [STDERR_REDIRECT] 	at java.desktop/javax.swing.JComponent.processMouseEvent(JComponent.java:3389)
2023-10-21 18:52:57,406 [ERROR] LogOutputStream:75 - [STDERR_REDIRECT] 	at java.desktop/java.awt.Component.processEvent(Component.java:6391)
2023-10-21 18:52:57,407 [ERROR] LogOutputStream:75 - [STDERR_REDIRECT] 	at java.desktop/java.awt.Container.processEvent(Container.java:2266)
2023-10-21 18:52:57,408 [ERROR] LogOutputStream:75 - [STDERR_REDIRECT] 	at java.desktop/java.awt.Component.dispatchEventImpl(Component.java:5001)
2023-10-21 18:52:57,409 [ERROR] LogOutputStream:75 - [STDERR_REDIRECT] 	at java.desktop/java.awt.Container.dispatchEventImpl(Container.java:2324)
2023-10-21 18:52:57,409 [ERROR] LogOutputStream:75 - [STDERR_REDIRECT] 	at java.desktop/java.awt.Component.dispatchEvent(Component.java:4833)
2023-10-21 18:52:57,410 [ERROR] LogOutputStream:75 - [STDERR_REDIRECT] 	at java.desktop/java.awt.LightweightDispatcher.retargetMouseEvent(Container.java:4948)
2023-10-21 18:52:57,411 [ERROR] LogOutputStream:75 - [STDERR_REDIRECT] 	at java.desktop/java.awt.LightweightDispatcher.processMouseEvent(Container.java:4572)
2023-10-21 18:52:57,412 [ERROR] LogOutputStream:75 - [STDERR_REDIRECT] 	at java.desktop/java.awt.LightweightDispatcher.dispatchEvent(Container.java:4516)
2023-10-21 18:52:57,412 [ERROR] LogOutputStream:75 - [STDERR_REDIRECT] 	at java.desktop/java.awt.Container.dispatchEventImpl(Container.java:2310)
2023-10-21 18:52:57,413 [ERROR] LogOutputStream:75 - [STDERR_REDIRECT] 	at java.desktop/java.awt.Component.dispatchEvent(Component.java:4833)
2023-10-21 18:52:57,414 [ERROR] LogOutputStream:75 - [STDERR_REDIRECT] 	at java.desktop/java.awt.EventQueue.dispatchEventImpl(EventQueue.java:773)
2023-10-21 18:52:57,414 [ERROR] LogOutputStream:75 - [STDERR_REDIRECT] 	at java.desktop/java.awt.EventQueue$4.run(EventQueue.java:722)
2023-10-21 18:52:57,415 [ERROR] LogOutputStream:75 - [STDERR_REDIRECT] 	at java.desktop/java.awt.EventQueue$4.run(EventQueue.java:716)
2023-10-21 18:52:57,416 [ERROR] LogOutputStream:75 - [STDERR_REDIRECT] 	at java.base/java.security.AccessController.doPrivileged(AccessController.java:399)
2023-10-21 18:52:57,417 [ERROR] LogOutputStream:75 - [STDERR_REDIRECT] 	at java.base/java.security.ProtectionDomain$JavaSecurityAccessImpl.doIntersectionPrivilege(ProtectionDomain.java:86)
2023-10-21 18:52:57,418 [ERROR] LogOutputStream:75 - [STDERR_REDIRECT] 	at java.base/java.security.ProtectionDomain$JavaSecurityAccessImpl.doIntersectionPrivilege(ProtectionDomain.java:97)
2023-10-21 18:52:57,419 [ERROR] LogOutputStream:75 - [STDERR_REDIRECT] 	at java.desktop/java.awt.EventQueue$5.run(EventQueue.java:746)
2023-10-21 18:52:57,419 [ERROR] LogOutputStream:75 - [STDERR_REDIRECT] 	at java.desktop/java.awt.EventQueue$5.run(EventQueue.java:744)
2023-10-21 18:52:57,420 [ERROR] LogOutputStream:75 - [STDERR_REDIRECT] 	at java.base/java.security.AccessController.doPrivileged(AccessController.java:399)
2023-10-21 18:52:57,421 [ERROR] LogOutputStream:75 - [STDERR_REDIRECT] 	at java.base/java.security.ProtectionDomain$JavaSecurityAccessImpl.doIntersectionPrivilege(ProtectionDomain.java:86)
2023-10-21 18:52:57,422 [ERROR] LogOutputStream:75 - [STDERR_REDIRECT] 	at java.desktop/java.awt.EventQueue.dispatchEvent(EventQueue.java:743)
2023-10-21 18:52:57,423 [ERROR] LogOutputStream:75 - [STDERR_REDIRECT] 	at java.desktop/java.awt.EventDispatchThread.pumpOneEventForFilters(EventDispatchThread.java:203)
2023-10-21 18:52:57,424 [ERROR] LogOutputStream:75 - [STDERR_REDIRECT] 	at java.desktop/java.awt.EventDispatchThread.pumpEventsForFilter(EventDispatchThread.java:124)
2023-10-21 18:52:57,425 [ERROR] LogOutputStream:75 - [STDERR_REDIRECT] 	at java.desktop/java.awt.EventDispatchThread.pumpEventsForHierarchy(EventDispatchThread.java:113)
2023-10-21 18:52:57,425 [ERROR] LogOutputStream:75 - [STDERR_REDIRECT] 	at java.desktop/java.awt.EventDispatchThread.pumpEvents(EventDispatchThread.java:109)
2023-10-21 18:52:57,426 [ERROR] LogOutputStream:75 - [STDERR_REDIRECT] 	at java.desktop/java.awt.EventDispatchThread.pumpEvents(EventDispatchThread.java:101)
2023-10-21 18:52:57,427 [ERROR] LogOutputStream:75 - [STDERR_REDIRECT] 	at java.desktop/java.awt.EventDispatchThread.run(EventDispatchThread.java:90)
2023-10-21 18:53:02,282 [WARN] IP:2114 - DEVICE_SERIAL0_CDC_FS not found: check if there is a RefParameter without a condition.
2023-10-21 18:53:02,282 [WARN] IP:2114 - DEVICE_SERIAL1_CDC_FS not found: check if there is a RefParameter without a condition.
2023-10-21 18:53:02,282 [WARN] IP:2114 - DEVICE_SERIAL2_CDC_FS not found: check if there is a RefParameter without a condition.
2023-10-21 18:53:02,283 [WARN] IP:2114 - DEVICE_SERIAL0_CDC_FS not found: check if there is a RefParameter without a condition.
2023-10-21 18:53:02,283 [WARN] IP:2114 - DEVICE_SERIAL1_CDC_FS not found: check if there is a RefParameter without a condition.
2023-10-21 18:53:02,283 [WARN] IP:2114 - DEVICE_SERIAL2_CDC_FS not found: check if there is a RefParameter without a condition.
