2023-10-22 14:43:39,089 [INFO] Activator:176 - 


2023-10-22 14:43:39,095 [INFO] Activator:177 - !SESSION log4j initialized
2023-10-22 14:43:44,932 [INFO] LogOutputStream:77 - [STDOUT_REDIRECT] 
2023-10-22 14:43:49,123 [INFO] ApplicationProperties:184 - Using Application install path: D:\STM32IDE\STM32CubeIDE_1.13.1\STM32CubeIDE\plugins\com.st.stm32cube.common.mx_6.9.2.202309101412
2023-10-22 14:43:49,137 [INFO] DbMcusXml:78 - Set database path to: D:\STM32IDE\STM32CubeIDE_1.13.1\STM32CubeIDE\plugins\com.st.stm32cube.common.mx_6.9.2.202309101412\\db\/mcu/
2023-10-22 14:43:49,138 [INFO] ApiDb:274 - Set plugin database path to: D:\STM32IDE\STM32CubeIDE_1.13.1\STM32CubeIDE\plugins\com.st.stm32cube.common.mx_6.9.2.202309101412\\db\/plugins/boardmanager/
2023-10-22 14:43:49,138 [WARN] ApiDb:259 - Overriding images path with different value:  => D:\STM32IDE\STM32CubeIDE_1.13.1\STM32CubeIDE\plugins\com.st.stm32cube.common.mx_6.9.2.202309101412\\db\/plugins/mcufinder/images/
2023-10-22 14:43:49,152 [INFO] ApiDb:250 - Set database path to: C:\Users\ARYAN\.stmcufinder\plugins\mcufinder//mcu/
2023-10-22 14:43:49,154 [INFO] DbMcusAds:125 - Set database path to: C:\Users\ARYAN\.stmcufinder\plugins\mcufinder//mcu/
2023-10-22 14:43:49,157 [INFO] CrossReferenceDbSqlite:203 - Set database path to: C:\Users\ARYAN\.stmcufinder\plugins\mcufinder//mcu/cs/
2023-10-22 14:43:49,286 [INFO] RulesReader:64 - Compatibility file has been processed (293 Rules)
2023-10-22 14:43:49,388 [INFO] DbMcusXml:78 - Set database path to: D:\STM32IDE\STM32CubeIDE_1.13.1\STM32CubeIDE\plugins\com.st.stm32cube.common.mx_6.9.2.202309101412\\db\/mcu/
2023-10-22 14:43:49,388 [INFO] ApiDb:274 - Set plugin database path to: D:\STM32IDE\STM32CubeIDE_1.13.1\STM32CubeIDE\plugins\com.st.stm32cube.common.mx_6.9.2.202309101412\\db\/plugins/boardmanager/
2023-10-22 14:43:49,389 [INFO] ApiDb:261 - Set plugin images path to: D:\STM32IDE\STM32CubeIDE_1.13.1\STM32CubeIDE\plugins\com.st.stm32cube.common.mx_6.9.2.202309101412\\db\/plugins/mcufinder/images/
2023-10-22 14:43:49,389 [WARN] DbFile:41 - Overriding database path with different value: C:\Users\ARYAN\.stmcufinder\plugins\mcufinder/ => C:\Users\ARYAN\.stmcufinder\plugins\mcufinder
2023-10-22 14:43:49,389 [INFO] ApiDb:250 - Set database path to: C:\Users\ARYAN\.stmcufinder\plugins\mcufinder//mcu/
2023-10-22 14:43:49,389 [WARN] DbFile:41 - Overriding database path with different value: C:\Users\ARYAN\.stmcufinder\plugins\mcufinder/ => C:\Users\ARYAN\.stmcufinder\plugins\mcufinder
2023-10-22 14:43:49,389 [INFO] DbMcusAds:125 - Set database path to: C:\Users\ARYAN\.stmcufinder\plugins\mcufinder//mcu/
2023-10-22 14:43:49,389 [WARN] DbFile:41 - Overriding database path with different value: C:\Users\ARYAN\.stmcufinder\plugins\mcufinder/ => C:\Users\ARYAN\.stmcufinder\plugins\mcufinder
2023-10-22 14:43:49,389 [WARN] DbFile:41 - Overriding database path with different value: C:\Users\ARYAN\.stmcufinder\plugins\mcufinder/ => C:\Users\ARYAN\.stmcufinder\plugins\mcufinder
2023-10-22 14:43:49,389 [INFO] CrossReferenceDbSqlite:203 - Set database path to: C:\Users\ARYAN\.stmcufinder\plugins\mcufinder//mcu/cs/
2023-10-22 14:43:49,457 [INFO] MainPanel:262 - HeapMemory: 268435456
2023-10-22 14:43:49,519 [INFO] DbMcusXml:78 - Set database path to: D:\STM32IDE\STM32CubeIDE_1.13.1\STM32CubeIDE\plugins\com.st.stm32cube.common.mx_6.9.2.202309101412\\db\/mcu/
2023-10-22 14:43:49,519 [INFO] ApiDb:274 - Set plugin database path to: D:\STM32IDE\STM32CubeIDE_1.13.1\STM32CubeIDE\plugins\com.st.stm32cube.common.mx_6.9.2.202309101412\\db\/plugins/boardmanager/
2023-10-22 14:43:49,519 [INFO] ApiDb:261 - Set plugin images path to: D:\STM32IDE\STM32CubeIDE_1.13.1\STM32CubeIDE\plugins\com.st.stm32cube.common.mx_6.9.2.202309101412\\db\/plugins/mcufinder/images/
2023-10-22 14:43:49,519 [WARN] DbFile:41 - Overriding database path with different value: C:\Users\ARYAN\.stmcufinder\plugins\mcufinder/ => C:\Users\ARYAN\.stmcufinder\plugins\mcufinder
2023-10-22 14:43:49,519 [INFO] ApiDb:250 - Set database path to: C:\Users\ARYAN\.stmcufinder\plugins\mcufinder//mcu/
2023-10-22 14:43:49,520 [WARN] DbFile:41 - Overriding database path with different value: C:\Users\ARYAN\.stmcufinder\plugins\mcufinder/ => C:\Users\ARYAN\.stmcufinder\plugins\mcufinder
2023-10-22 14:43:49,520 [INFO] DbMcusAds:125 - Set database path to: C:\Users\ARYAN\.stmcufinder\plugins\mcufinder//mcu/
2023-10-22 14:43:49,520 [WARN] DbFile:41 - Overriding database path with different value: C:\Users\ARYAN\.stmcufinder\plugins\mcufinder/ => C:\Users\ARYAN\.stmcufinder\plugins\mcufinder
2023-10-22 14:43:49,520 [WARN] DbFile:41 - Overriding database path with different value: C:\Users\ARYAN\.stmcufinder\plugins\mcufinder/ => C:\Users\ARYAN\.stmcufinder\plugins\mcufinder
2023-10-22 14:43:49,520 [INFO] CrossReferenceDbSqlite:203 - Set database path to: C:\Users\ARYAN\.stmcufinder\plugins\mcufinder//mcu/cs/
2023-10-22 14:43:49,536 [INFO] ApplicationProperties:184 - Using Application install path: D:\STM32IDE\STM32CubeIDE_1.13.1\STM32CubeIDE\plugins\com.st.stm32cube.common.mx_6.9.2.202309101412
2023-10-22 14:43:49,538 [INFO] PluginManage:196 - Search for loadable plugins [exclusion list=, ]
2023-10-22 14:43:49,539 [INFO] PluginManage:310 - Check plugin analytics
2023-10-22 14:43:49,706 [INFO] AnalyticsPlugin:253 - Accepted Software Licenses: STM32CubeMX.6.9.2
2023-10-22 14:43:49,707 [INFO] AnalyticsPlugin:255 - Accepted CMSIS Pack Licenses: 
2023-10-22 14:43:49,707 [INFO] AnalyticsPlugin:257 - Accepted Firmware Licenses: FW.F4.1.27.0
2023-10-22 14:43:49,710 [INFO] PluginManage:359 - Loaded plugin analytics (category:tool,tabindex:-1)
2023-10-22 14:43:49,710 [INFO] PluginManage:310 - Check plugin cadmodel
2023-10-22 14:43:49,721 [INFO] CADModel:105 - Init CAD model plugin
2023-10-22 14:43:49,721 [INFO] PluginManage:359 - Loaded plugin cadmodel (category:power,tabindex:5)
2023-10-22 14:43:49,721 [INFO] PluginManage:310 - Check plugin clock
2023-10-22 14:43:49,736 [INFO] PluginManage:359 - Loaded plugin clock (category:base,tabindex:2)
2023-10-22 14:43:49,736 [INFO] PluginManage:310 - Check plugin ddr
2023-10-22 14:43:49,738 [INFO] PluginManage:359 - Loaded plugin ddr (category:tool,tabindex:6)
2023-10-22 14:43:49,738 [INFO] PluginManage:310 - Check plugin filemanager
2023-10-22 14:43:49,859 [INFO] PluginManage:359 - Loaded plugin filemanager (category:base,tabindex:10)
2023-10-22 14:43:49,859 [INFO] PluginManage:310 - Check plugin ipmanager
2023-10-22 14:43:49,866 [INFO] PluginManage:359 - Loaded plugin ipmanager (category:base,tabindex:5)
2023-10-22 14:43:49,866 [INFO] PluginManage:310 - Check plugin lpbam
2023-10-22 14:43:49,883 [INFO] PluginManage:359 - Loaded plugin lpbam (category:base,tabindex:0)
2023-10-22 14:43:49,884 [INFO] PluginManage:310 - Check plugin memorymap
2023-10-22 14:43:49,899 [INFO] PluginManage:359 - Loaded plugin memorymap (category:base,tabindex:4)
2023-10-22 14:43:49,899 [INFO] PluginManage:310 - Check plugin pinoutandconfiguration
2023-10-22 14:43:49,913 [INFO] PluginManage:359 - Loaded plugin pinoutandconfiguration (category:base,tabindex:1)
2023-10-22 14:43:49,913 [INFO] PluginManage:310 - Check plugin pinoutconfig
2023-10-22 14:43:49,999 [WARN] SupportedApi:132 - Cannot load RTOS API schema: s4s-elt-must-match.1: The content of 'definitions' must match (annotation?, (simpleType | complexType)?, (unique | key | keyref)*)). A problem was found starting at: attribute.
2023-10-22 14:43:50,119 [INFO] PluginManage:359 - Loaded plugin pinoutconfig (category:base,tabindex:0)
2023-10-22 14:43:50,119 [INFO] PluginManage:310 - Check plugin power
2023-10-22 14:43:50,134 [INFO] PluginManage:359 - Loaded plugin power (category:power,tabindex:4)
2023-10-22 14:43:50,134 [INFO] PluginManage:310 - Check plugin projectmanager
2023-10-22 14:43:50,148 [INFO] PluginManage:359 - Loaded plugin projectmanager (category:projectmanager,tabindex:3)
2023-10-22 14:43:50,148 [INFO] PluginManage:310 - Check plugin thirdparty
2023-10-22 14:43:50,398 [INFO] PluginManage:359 - Loaded plugin thirdparty (category:base,tabindex:-1)
2023-10-22 14:43:50,399 [INFO] PluginManage:310 - Check plugin tools
2023-10-22 14:43:50,399 [WARN] IntegrityCheckThread:84 - waiting for thirdparty lock release [integrity check]
2023-10-22 14:43:50,399 [INFO] IntegrityCheckThread:86 - entering critical section [integrity check]
2023-10-22 14:43:50,400 [INFO] ThirdPartyUpdaterWithRetryManager:70 - Updater plugin not ready yet. [1/15]
2023-10-22 14:43:50,428 [INFO] PluginManage:359 - Loaded plugin tools (category:base,tabindex:7)
2023-10-22 14:43:50,428 [INFO] PluginManage:310 - Check plugin tutovideos
2023-10-22 14:43:50,574 [INFO] PluginManage:359 - Loaded plugin tutovideos (category:base,tabindex:-1)
2023-10-22 14:43:50,574 [INFO] PluginManage:310 - Check plugin updater
2023-10-22 14:43:50,582 [INFO] PluginManage:359 - Loaded plugin updater (category:base,tabindex:12)
2023-10-22 14:43:50,582 [INFO] PluginManage:310 - Check plugin userauth
2023-10-22 14:43:50,587 [INFO] UserAuth:113 - Init User Auth plugin
2023-10-22 14:43:50,587 [INFO] PluginManage:359 - Loaded plugin userauth (category:base,tabindex:14)
2023-10-22 14:43:50,587 [INFO] PluginManage:283 - PluginManage : Loaded plugins [17]
2023-10-22 14:43:50,767 [INFO] PinOutPanel:1499 - setPackage(No Configuration,No Configuration)
2023-10-22 14:43:50,861 [INFO] CADModel:165 - CPN selected for project level
2023-10-22 14:43:50,861 [INFO] CADModel:114 - Register for checkConnection events
2023-10-22 14:43:50,882 [INFO] IPUIPlugin:80 - create IPUIPlugin
2023-10-22 14:43:50,883 [INFO] PluginManager:220 - loadIPPluginJar : add adc
2023-10-22 14:43:50,911 [INFO] IPUIPlugin:80 - create IPUIPlugin
2023-10-22 14:43:50,911 [INFO] PluginManager:220 - loadIPPluginJar : add aes
2023-10-22 14:43:50,946 [INFO] IPUIPlugin:80 - create IPUIPlugin
2023-10-22 14:43:50,946 [INFO] PluginManager:220 - loadIPPluginJar : add can
2023-10-22 14:43:50,965 [INFO] IPUIPlugin:80 - create IPUIPlugin
2023-10-22 14:43:50,965 [INFO] PluginManager:220 - loadIPPluginJar : add comp
2023-10-22 14:43:50,992 [INFO] IPUIPlugin:80 - create IPUIPlugin
2023-10-22 14:43:50,993 [INFO] PluginManager:220 - loadIPPluginJar : add cryp
2023-10-22 14:43:51,017 [INFO] IPUIPlugin:80 - create IPUIPlugin
2023-10-22 14:43:51,018 [INFO] PluginManager:220 - loadIPPluginJar : add dfsdm
2023-10-22 14:43:51,031 [INFO] IPUIPlugin:80 - create IPUIPlugin
2023-10-22 14:43:51,032 [INFO] PluginManager:220 - loadIPPluginJar : add dma
2023-10-22 14:43:51,069 [INFO] IPUIPlugin:80 - create IPUIPlugin
2023-10-22 14:43:51,069 [INFO] PluginManager:220 - loadIPPluginJar : add dma3
2023-10-22 14:43:51,086 [INFO] IPUIPlugin:80 - create IPUIPlugin
2023-10-22 14:43:51,086 [INFO] PluginManager:220 - loadIPPluginJar : add fatfs
2023-10-22 14:43:51,123 [INFO] IPUIPlugin:80 - create IPUIPlugin
2023-10-22 14:43:51,123 [INFO] PluginManager:220 - loadIPPluginJar : add fmc
2023-10-22 14:43:51,137 [INFO] IPUIPlugin:80 - create IPUIPlugin
2023-10-22 14:43:51,137 [INFO] PluginManager:220 - loadIPPluginJar : add freertos
2023-10-22 14:43:51,154 [INFO] IPUIPlugin:80 - create IPUIPlugin
2023-10-22 14:43:51,154 [INFO] PluginManager:220 - loadIPPluginJar : add genericplugin
2023-10-22 14:43:51,230 [INFO] IPUIPlugin:80 - create IPUIPlugin
2023-10-22 14:43:51,230 [INFO] PluginManager:220 - loadIPPluginJar : add gfxmmu
2023-10-22 14:43:51,338 [INFO] IPUIPlugin:80 - create IPUIPlugin
2023-10-22 14:43:51,339 [INFO] PluginManager:220 - loadIPPluginJar : add gic
2023-10-22 14:43:51,349 [INFO] IPUIPlugin:80 - create IPUIPlugin
2023-10-22 14:43:51,349 [INFO] PluginManager:220 - loadIPPluginJar : add gpio
2023-10-22 14:43:51,425 [INFO] IPUIPlugin:80 - create IPUIPlugin
2023-10-22 14:43:51,425 [INFO] PluginManager:220 - loadIPPluginJar : add gtzc
2023-10-22 14:43:51,452 [INFO] IPUIPlugin:80 - create IPUIPlugin
2023-10-22 14:43:51,452 [INFO] PluginManager:220 - loadIPPluginJar : add hash
2023-10-22 14:43:51,497 [INFO] IPUIPlugin:80 - create IPUIPlugin
2023-10-22 14:43:51,497 [INFO] PluginManager:220 - loadIPPluginJar : add i2c
2023-10-22 14:43:51,530 [INFO] IPUIPlugin:80 - create IPUIPlugin
2023-10-22 14:43:51,530 [INFO] PluginManager:220 - loadIPPluginJar : add i2s
2023-10-22 14:43:51,565 [INFO] IPUIPlugin:80 - create IPUIPlugin
2023-10-22 14:43:51,565 [INFO] PluginManager:220 - loadIPPluginJar : add i3c
2023-10-22 14:43:51,650 [INFO] IPUIPlugin:80 - create IPUIPlugin
2023-10-22 14:43:51,650 [INFO] PluginManager:220 - loadIPPluginJar : add ipddr
2023-10-22 14:43:51,728 [INFO] IPUIPlugin:80 - create IPUIPlugin
2023-10-22 14:43:51,728 [INFO] PluginManager:220 - loadIPPluginJar : add linkedlist
2023-10-22 14:43:51,757 [INFO] IPUIPlugin:80 - create IPUIPlugin
2023-10-22 14:43:51,757 [INFO] PluginManager:220 - loadIPPluginJar : add lorawan
2023-10-22 14:43:51,787 [INFO] IPUIPlugin:80 - create IPUIPlugin
2023-10-22 14:43:51,787 [INFO] PluginManager:220 - loadIPPluginJar : add ltdc
2023-10-22 14:43:51,799 [INFO] IPUIPlugin:80 - create IPUIPlugin
2023-10-22 14:43:51,799 [INFO] PluginManager:220 - loadIPPluginJar : add mdma
2023-10-22 14:43:51,809 [INFO] IPUIPlugin:80 - create IPUIPlugin
2023-10-22 14:43:51,809 [INFO] PluginManager:220 - loadIPPluginJar : add nvic
2023-10-22 14:43:51,839 [INFO] IPUIPlugin:80 - create IPUIPlugin
2023-10-22 14:43:51,839 [INFO] PluginManager:220 - loadIPPluginJar : add opamp
2023-10-22 14:43:51,890 [INFO] IPUIPlugin:80 - create IPUIPlugin
2023-10-22 14:43:51,890 [INFO] PluginManager:220 - loadIPPluginJar : add openamp
2023-10-22 14:43:51,925 [INFO] IPUIPlugin:80 - create IPUIPlugin
2023-10-22 14:43:51,925 [INFO] PluginManager:220 - loadIPPluginJar : add pdm2pcm
2023-10-22 14:43:51,939 [INFO] IPUIPlugin:80 - create IPUIPlugin
2023-10-22 14:43:51,941 [INFO] PluginManager:220 - loadIPPluginJar : add plateformsettings
2023-10-22 14:43:51,959 [INFO] IPUIPlugin:80 - create IPUIPlugin
2023-10-22 14:43:51,959 [INFO] PluginManager:220 - loadIPPluginJar : add quadspi
2023-10-22 14:43:51,969 [INFO] IPUIPlugin:80 - create IPUIPlugin
2023-10-22 14:43:51,969 [INFO] PluginManager:220 - loadIPPluginJar : add resmgrutility
2023-10-22 14:43:52,012 [INFO] IPUIPlugin:80 - create IPUIPlugin
2023-10-22 14:43:52,012 [INFO] PluginManager:220 - loadIPPluginJar : add sai
2023-10-22 14:43:52,043 [INFO] IPUIPlugin:80 - create IPUIPlugin
2023-10-22 14:43:52,043 [INFO] PluginManager:220 - loadIPPluginJar : add spi
2023-10-22 14:43:52,089 [INFO] IPUIPlugin:80 - create IPUIPlugin
2023-10-22 14:43:52,089 [INFO] PluginManager:220 - loadIPPluginJar : add stm32_wpan
2023-10-22 14:43:52,107 [INFO] IPUIPlugin:80 - create IPUIPlugin
2023-10-22 14:43:52,107 [INFO] PluginManager:220 - loadIPPluginJar : add tim
2023-10-22 14:43:52,153 [INFO] IPUIPlugin:80 - create IPUIPlugin
2023-10-22 14:43:52,153 [INFO] PluginManager:220 - loadIPPluginJar : add touchsensing
2023-10-22 14:43:52,171 [INFO] IPUIPlugin:80 - create IPUIPlugin
2023-10-22 14:43:52,171 [INFO] PluginManager:220 - loadIPPluginJar : add tracer_emb
2023-10-22 14:43:52,190 [INFO] IPUIPlugin:80 - create IPUIPlugin
2023-10-22 14:43:52,190 [INFO] PluginManager:220 - loadIPPluginJar : add ts
2023-10-22 14:43:52,208 [INFO] IPUIPlugin:80 - create IPUIPlugin
2023-10-22 14:43:52,208 [INFO] PluginManager:220 - loadIPPluginJar : add tsc
2023-10-22 14:43:52,226 [INFO] IPUIPlugin:80 - create IPUIPlugin
2023-10-22 14:43:52,226 [INFO] PluginManager:220 - loadIPPluginJar : add ucpd
2023-10-22 14:43:52,262 [INFO] IPUIPlugin:80 - create IPUIPlugin
2023-10-22 14:43:52,262 [INFO] PluginManager:220 - loadIPPluginJar : add usart
2023-10-22 14:43:52,299 [INFO] IPUIPlugin:80 - create IPUIPlugin
2023-10-22 14:43:52,299 [INFO] PluginManager:220 - loadIPPluginJar : add usbx
2023-10-22 14:43:52,416 [INFO] CADModel:165 - CPN selected for project level
2023-10-22 14:43:52,416 [INFO] CADModel:114 - Register for checkConnection events
2023-10-22 14:43:52,416 [FATAL] Updater:308 - Updater called before beeing initialized
2023-10-22 14:43:52,416 [ERROR] CADModel:125 - Updater not yet initialized, retry later 
2023-10-22 14:43:52,542 [INFO] CADModel:165 - CPN selected for project level
2023-10-22 14:43:52,542 [INFO] CADModel:114 - Register for checkConnection events
2023-10-22 14:43:52,543 [FATAL] Updater:308 - Updater called before beeing initialized
2023-10-22 14:43:52,543 [ERROR] CADModel:125 - Updater not yet initialized, retry later 
2023-10-22 14:43:52,546 [FATAL] Updater:308 - Updater called before beeing initialized
2023-10-22 14:43:52,659 [FATAL] Updater:308 - Updater called before beeing initialized
2023-10-22 14:43:52,670 [INFO] DbMcusAds:53 - JSON generation date=Tue Mar 07 14:20:55 IST 2023 (1678179055114)
2023-10-22 14:43:52,670 [FATAL] Updater:308 - Updater called before beeing initialized
2023-10-22 14:43:52,733 [WARN] DetailPanel:346 - Failed to get advertising image, set to default
2023-10-22 14:43:52,820 [FATAL] Updater:308 - Updater called before beeing initialized
2023-10-22 14:43:52,822 [FATAL] Updater:308 - Updater called before beeing initialized
2023-10-22 14:43:52,822 [FATAL] Updater:308 - Updater called before beeing initialized
2023-10-22 14:43:52,822 [WARN] DetailPanel:346 - Failed to get advertising image, set to default
2023-10-22 14:43:52,823 [FATAL] Updater:308 - Updater called before beeing initialized
2023-10-22 14:43:52,907 [ERROR] Updater:1120 - MainUpdater not yet initialized. External WinMGr cannot be set.
2023-10-22 14:43:52,917 [INFO] Updater:1056 - Updater Version found : 6.9.2
2023-10-22 14:43:52,939 [INFO] ApplicationProperties:184 - Using Application install path: D:\STM32IDE\STM32CubeIDE_1.13.1\STM32CubeIDE\plugins\com.st.stm32cube.common.mx_6.9.2.202309101412
2023-10-22 14:43:53,401 [INFO] ThirdPartyUpdaterWithRetryManager:70 - Updater plugin not ready yet. [2/15]
2023-10-22 14:43:53,567 [INFO] MainUpdater:2868 - connection check result : 10
2023-10-22 14:43:53,567 [INFO] MainUpdater:285 - Updater Check For Update Now.
2023-10-22 14:43:53,567 [INFO] MicroXplorer:498 - Change Database Version : DB.6.0.92
2023-10-22 14:43:53,582 [INFO] McuFinderGlobals:63 - Set McuFinder mode to 2 (CubeIDE integrated)
2023-10-22 14:43:53,765 [INFO] CheckServerUpdateThread:120 - End of CheckServer Thread
2023-10-22 14:43:56,522 [WARN] PackLoader:240 - Cannot read IP mode file for STMicroelectronics.X-CUBE-SMBUS.2.1.0
2023-10-22 14:43:56,566 [WARN] PackLoader:240 - Cannot read IP mode file for STMicroelectronics.X-CUBE-AZRTOS-F7.1.1.0
2023-10-22 14:43:56,586 [WARN] PackLoader:240 - Cannot read IP mode file for STMicroelectronics.FP-SNS-MOTENV1.4.3.2
2023-10-22 14:43:56,601 [WARN] PackLoader:240 - Cannot read IP mode file for STMicroelectronics.FP-SNS-FLIGHT1.5.0.2
2023-10-22 14:43:56,621 [WARN] PackLoader:240 - Cannot read IP mode file for STMicroelectronics.X-CUBE-DISPLAY.3.0.0
2023-10-22 14:43:56,643 [WARN] PackLoader:240 - Cannot read IP mode file for STMicroelectronics.X-CUBE-BLE1.7.0.0
2023-10-22 14:43:56,655 [WARN] PackLoader:240 - Cannot read IP mode file for emotas.I-CUBE-CANOPEN.1.3.0
2023-10-22 14:43:56,670 [WARN] PackLoader:240 - Cannot read IP mode file for STMicroelectronics.X-CUBE-TOUCHGFX.4.22.0
2023-10-22 14:43:56,680 [WARN] PackLoader:240 - Cannot read IP mode file for STMicroelectronics.X-CUBE-TOUCHGFX.4.22.1
2023-10-22 14:43:56,692 [WARN] PackLoader:240 - Cannot read IP mode file for STMicroelectronics.FP-SNS-SMARTAG2.1.2.0
2023-10-22 14:43:56,714 [INFO] LogOutputStream:77 - [STDOUT_REDIRECT] 1 : Invalid condition id : UX_CORESTACK_Condition cause : null
2023-10-22 14:43:56,715 [INFO] LogOutputStream:77 - [STDOUT_REDIRECT] 1 : Invalid condition id : UX_CORESTACK_Condition cause : null
2023-10-22 14:43:56,717 [INFO] LogOutputStream:77 - [STDOUT_REDIRECT] 1 : Invalid condition id : UX_CORESTACK_Condition cause : null
2023-10-22 14:43:56,718 [INFO] LogOutputStream:77 - [STDOUT_REDIRECT] 1 : Invalid condition id : UX_CORESTACK_Condition cause : null
2023-10-22 14:43:56,720 [INFO] LogOutputStream:77 - [STDOUT_REDIRECT] 1 : Invalid condition id : UX_CORESTACK_Condition cause : null
2023-10-22 14:43:56,723 [WARN] PackLoader:240 - Cannot read IP mode file for STMicroelectronics.X-CUBE-AZRTOS-WL.2.0.0
2023-10-22 14:43:56,742 [WARN] PackLoader:240 - Cannot read IP mode file for WES.I-CUBE-Cesium.1.3.0
2023-10-22 14:43:56,754 [WARN] PackLoader:240 - Cannot read IP mode file for STMicroelectronics.X-CUBE-BLE2.3.3.0
2023-10-22 14:43:56,767 [WARN] PackLoader:240 - Cannot read IP mode file for STMicroelectronics.X-CUBE-ALGOBUILD.1.3.0
2023-10-22 14:43:56,792 [WARN] PackLoader:240 - Cannot read IP mode file for STMicroelectronics.X-CUBE-AZRTOS-G0.1.1.0
2023-10-22 14:43:56,809 [WARN] PackLoader:240 - Cannot read IP mode file for STMicroelectronics.X-CUBE-NFC4.3.0.0
2023-10-22 14:43:56,825 [WARN] PackLoader:240 - Cannot read IP mode file for STMicroelectronics.FP-ATR-SIGFOX1.3.2.0
2023-10-22 14:43:56,862 [WARN] PackLoader:240 - Cannot read IP mode file for SEGGER.I-CUBE-embOS.1.3.1
2023-10-22 14:43:56,931 [WARN] PackLoader:240 - Cannot read IP mode file for STMicroelectronics.X-CUBE-GNSS1.6.0.0
2023-10-22 14:43:56,963 [WARN] PackLoader:240 - Cannot read IP mode file for STMicroelectronics.X-CUBE-AZRTOS-F4.1.1.0
2023-10-22 14:43:56,982 [WARN] PackLoader:240 - Cannot read IP mode file for wolfSSL.I-CUBE-wolfSSL.5.6.3
2023-10-22 14:43:57,013 [WARN] PackLoader:240 - Cannot read IP mode file for STMicroelectronics.X-CUBE-AZRTOS-L5.2.0.0
2023-10-22 14:43:57,077 [WARN] PackLoader:240 - Cannot read IP mode file for STMicroelectronics.X-CUBE-MEMS1.9.6.0
2023-10-22 14:43:57,199 [WARN] PackLoader:240 - Cannot read IP mode file for ITTIA_DB.I-CUBE-ITTIADB.8.8.0
2023-10-22 14:43:57,229 [WARN] PackLoader:240 - Cannot read IP mode file for STMicroelectronics.X-CUBE-BLEMGR.2.0.0
2023-10-22 14:43:57,273 [WARN] ConditionMgr:438 - getConditionDescription Invalid condition id : UX DEVICE CLASS RTOS Condition cause : null
2023-10-22 14:43:57,274 [WARN] ConditionMgr:438 - getConditionDescription Invalid condition id : UX DEVICE CLASS RTOS Condition cause : null
2023-10-22 14:43:57,278 [WARN] PackLoader:240 - Cannot read IP mode file for STMicroelectronics.X-CUBE-AZRTOS-H7.3.1.0
2023-10-22 14:43:57,279 [WARN] ConditionMgr:1039 - genDependencies : Invalid condition id : UX DEVICE CLASS RTOS Condition cause : null
2023-10-22 14:43:57,279 [WARN] ConditionMgr:1039 - genDependencies : Invalid condition id : UX DEVICE CLASS RTOS Condition cause : null
2023-10-22 14:43:57,280 [WARN] ConditionMgr:1039 - genDependencies : Invalid condition id : UX DEVICE CLASS RTOS Condition cause : null
2023-10-22 14:43:57,281 [WARN] ConditionMgr:1039 - genDependencies : Invalid condition id : UX DEVICE CLASS RTOS Condition cause : null
2023-10-22 14:43:57,281 [WARN] ConditionMgr:1039 - genDependencies : Invalid condition id : UX DEVICE CLASS RTOS Condition cause : null
2023-10-22 14:43:57,299 [WARN] PackLoader:240 - Cannot read IP mode file for STMicroelectronics.X-CUBE-NFC7.1.0.1
2023-10-22 14:43:57,316 [WARN] PackLoader:240 - Cannot read IP mode file for STMicroelectronics.X-CUBE-NFC6.3.0.0
2023-10-22 14:43:57,333 [WARN] PackLoader:240 - Cannot read IP mode file for STMicroelectronics.X-CUBE-EEPRMA1.4.1.0
2023-10-22 14:43:57,352 [WARN] PackLoader:240 - Cannot read IP mode file for STMicroelectronics.X-CUBE-AI.8.1.0
2023-10-22 14:43:57,383 [WARN] ConditionMgr:438 - getConditionDescription Invalid condition id : LAN8742 Phy interface Condition cause : null
2023-10-22 14:43:57,384 [WARN] PackLoader:240 - Cannot read IP mode file for STMicroelectronics.X-CUBE-AZRTOS-L4.2.0.0
2023-10-22 14:43:57,386 [WARN] ConditionMgr:1039 - genDependencies : Invalid condition id : LAN8742 Phy interface Condition cause : null
2023-10-22 14:43:57,386 [WARN] ConditionMgr:1039 - genDependencies : Invalid condition id : LAN8742 Phy interface Condition cause : null
2023-10-22 14:43:57,387 [WARN] ConditionMgr:1039 - genDependencies : Invalid condition id : LAN8742 Phy interface Condition cause : null
2023-10-22 14:43:57,408 [WARN] PackLoader:240 - Cannot read IP mode file for STMicroelectronics.X-CUBE-SFXS2LP1.4.0.0
2023-10-22 14:43:57,425 [WARN] PackLoader:240 - Cannot read IP mode file for STMicroelectronics.X-CUBE-ISPU.1.1.0
2023-10-22 14:43:57,449 [WARN] ConditionMgr:438 - getConditionDescription Invalid condition id : UX DEVICE CLASS RTOS Condition cause : null
2023-10-22 14:43:57,450 [WARN] ConditionMgr:438 - getConditionDescription Invalid condition id : UX DEVICE CLASS RTOS Condition cause : null
2023-10-22 14:43:57,452 [WARN] PackLoader:240 - Cannot read IP mode file for STMicroelectronics.X-CUBE-AZRTOS-WB.2.0.0
2023-10-22 14:43:57,453 [WARN] ConditionMgr:1039 - genDependencies : Invalid condition id : UX DEVICE CLASS RTOS Condition cause : null
2023-10-22 14:43:57,453 [WARN] ConditionMgr:1039 - genDependencies : Invalid condition id : UX DEVICE CLASS RTOS Condition cause : null
2023-10-22 14:43:57,454 [WARN] ConditionMgr:1039 - genDependencies : Invalid condition id : UX DEVICE CLASS RTOS Condition cause : null
2023-10-22 14:43:57,454 [WARN] ConditionMgr:1039 - genDependencies : Invalid condition id : UX DEVICE CLASS RTOS Condition cause : null
2023-10-22 14:43:57,454 [WARN] ConditionMgr:1039 - genDependencies : Invalid condition id : UX DEVICE CLASS RTOS Condition cause : null
2023-10-22 14:43:57,473 [WARN] PackLoader:240 - Cannot read IP mode file for STMicroelectronics.X-CUBE-SUBG2.5.0.0
2023-10-22 14:43:57,502 [WARN] PackLoader:240 - Cannot read IP mode file for STMicroelectronics.X-CUBE-TOF1.3.3.1
2023-10-22 14:43:57,534 [WARN] PackLoader:240 - Cannot read IP mode file for STMicroelectronics.X-CUBE-AZRTOS-G4.2.0.0
2023-10-22 14:43:57,560 [WARN] PackLoader:240 - Cannot read IP mode file for Infineon.AIROC-Wi-Fi-Bluetooth-STM32.1.5.1
2023-10-22 14:43:57,606 [WARN] PackLoader:240 - Cannot read IP mode file for STMicroelectronics.X-CUBE-MEMS1.10.0.0
2023-10-22 14:43:57,686 [WARN] PackLoader:240 - Cannot read IP mode file for STMicroelectronics.X-CUBE-FREERTOS.1.1.0
2023-10-22 14:43:57,700 [WARN] PackLoader:240 - Cannot read IP mode file for portGmbH.I-Cube-SoM-uGOAL.1.1.0
2023-10-22 14:43:57,717 [WARN] PackLoader:240 - Cannot read IP mode file for STMicroelectronics.X-CUBE-ALS.1.0.1
2023-10-22 14:43:57,735 [WARN] PackLoader:240 - Cannot read IP mode file for STMicroelectronics.FP-ATR-ASTRA1.2.0.0
2023-10-22 14:43:57,737 [INFO] ThirdParty:978 - Integrity check success = true
2023-10-22 14:43:57,737 [INFO] IntegrityCheckThread:100 - exiting critical section [integrity check]
2023-10-22 14:43:57,737 [INFO] IntegrityCheckThread:103 - End integrity checks thread
2023-10-22 14:44:08,860 [ERROR] LogOutputStream:75 - [STDERR_REDIRECT] SLF4J: Failed to load class "org.slf4j.impl.StaticLoggerBinder".
2023-10-22 14:44:08,860 [ERROR] LogOutputStream:75 - [STDERR_REDIRECT] SLF4J: Defaulting to no-operation (NOP) logger implementation
2023-10-22 14:44:08,861 [ERROR] LogOutputStream:75 - [STDERR_REDIRECT] SLF4J: See http://www.slf4j.org/codes.html#StaticLoggerBinder for further details.
