2023-10-10 17:42:02,311 [INFO] Activator:176 - 


2023-10-10 17:42:02,315 [INFO] Activator:177 - !SESSION log4j initialized
2023-10-10 17:42:08,151 [INFO] LogOutputStream:77 - [STDOUT_REDIRECT] 
2023-10-10 17:42:11,785 [INFO] ApplicationProperties:184 - Using Application install path: D:\STM32IDE\STM32CubeIDE_1.13.1\STM32CubeIDE\plugins\com.st.stm32cube.common.mx_6.9.2.202309101412
2023-10-10 17:42:11,804 [INFO] DbMcusXml:78 - Set database path to: D:\STM32IDE\STM32CubeIDE_1.13.1\STM32CubeIDE\plugins\com.st.stm32cube.common.mx_6.9.2.202309101412\\db\/mcu/
2023-10-10 17:42:11,804 [INFO] ApiDb:274 - Set plugin database path to: D:\STM32IDE\STM32CubeIDE_1.13.1\STM32CubeIDE\plugins\com.st.stm32cube.common.mx_6.9.2.202309101412\\db\/plugins/boardmanager/
2023-10-10 17:42:11,805 [WARN] ApiDb:259 - Overriding images path with different value:  => D:\STM32IDE\STM32CubeIDE_1.13.1\STM32CubeIDE\plugins\com.st.stm32cube.common.mx_6.9.2.202309101412\\db\/plugins/mcufinder/images/
2023-10-10 17:42:11,812 [INFO] ApiDb:250 - Set database path to: C:\Users\ARYAN\.stmcufinder\plugins\mcufinder//mcu/
2023-10-10 17:42:11,813 [INFO] DbMcusAds:125 - Set database path to: C:\Users\ARYAN\.stmcufinder\plugins\mcufinder//mcu/
2023-10-10 17:42:11,814 [INFO] CrossReferenceDbSqlite:203 - Set database path to: C:\Users\ARYAN\.stmcufinder\plugins\mcufinder//mcu/cs/
2023-10-10 17:42:11,897 [INFO] RulesReader:64 - Compatibility file has been processed (293 Rules)
2023-10-10 17:42:11,969 [INFO] DbMcusXml:78 - Set database path to: D:\STM32IDE\STM32CubeIDE_1.13.1\STM32CubeIDE\plugins\com.st.stm32cube.common.mx_6.9.2.202309101412\\db\/mcu/
2023-10-10 17:42:11,970 [INFO] ApiDb:274 - Set plugin database path to: D:\STM32IDE\STM32CubeIDE_1.13.1\STM32CubeIDE\plugins\com.st.stm32cube.common.mx_6.9.2.202309101412\\db\/plugins/boardmanager/
2023-10-10 17:42:11,970 [INFO] ApiDb:261 - Set plugin images path to: D:\STM32IDE\STM32CubeIDE_1.13.1\STM32CubeIDE\plugins\com.st.stm32cube.common.mx_6.9.2.202309101412\\db\/plugins/mcufinder/images/
2023-10-10 17:42:11,970 [WARN] DbFile:41 - Overriding database path with different value: C:\Users\ARYAN\.stmcufinder\plugins\mcufinder/ => C:\Users\ARYAN\.stmcufinder\plugins\mcufinder
2023-10-10 17:42:11,970 [INFO] ApiDb:250 - Set database path to: C:\Users\ARYAN\.stmcufinder\plugins\mcufinder//mcu/
2023-10-10 17:42:11,970 [WARN] DbFile:41 - Overriding database path with different value: C:\Users\ARYAN\.stmcufinder\plugins\mcufinder/ => C:\Users\ARYAN\.stmcufinder\plugins\mcufinder
2023-10-10 17:42:11,970 [INFO] DbMcusAds:125 - Set database path to: C:\Users\ARYAN\.stmcufinder\plugins\mcufinder//mcu/
2023-10-10 17:42:11,970 [WARN] DbFile:41 - Overriding database path with different value: C:\Users\ARYAN\.stmcufinder\plugins\mcufinder/ => C:\Users\ARYAN\.stmcufinder\plugins\mcufinder
2023-10-10 17:42:11,971 [WARN] DbFile:41 - Overriding database path with different value: C:\Users\ARYAN\.stmcufinder\plugins\mcufinder/ => C:\Users\ARYAN\.stmcufinder\plugins\mcufinder
2023-10-10 17:42:11,971 [INFO] CrossReferenceDbSqlite:203 - Set database path to: C:\Users\ARYAN\.stmcufinder\plugins\mcufinder//mcu/cs/
2023-10-10 17:42:12,032 [INFO] MainPanel:262 - HeapMemory: 268435456
2023-10-10 17:42:12,085 [INFO] DbMcusXml:78 - Set database path to: D:\STM32IDE\STM32CubeIDE_1.13.1\STM32CubeIDE\plugins\com.st.stm32cube.common.mx_6.9.2.202309101412\\db\/mcu/
2023-10-10 17:42:12,085 [INFO] ApiDb:274 - Set plugin database path to: D:\STM32IDE\STM32CubeIDE_1.13.1\STM32CubeIDE\plugins\com.st.stm32cube.common.mx_6.9.2.202309101412\\db\/plugins/boardmanager/
2023-10-10 17:42:12,085 [INFO] ApiDb:261 - Set plugin images path to: D:\STM32IDE\STM32CubeIDE_1.13.1\STM32CubeIDE\plugins\com.st.stm32cube.common.mx_6.9.2.202309101412\\db\/plugins/mcufinder/images/
2023-10-10 17:42:12,086 [WARN] DbFile:41 - Overriding database path with different value: C:\Users\ARYAN\.stmcufinder\plugins\mcufinder/ => C:\Users\ARYAN\.stmcufinder\plugins\mcufinder
2023-10-10 17:42:12,086 [INFO] ApiDb:250 - Set database path to: C:\Users\ARYAN\.stmcufinder\plugins\mcufinder//mcu/
2023-10-10 17:42:12,086 [WARN] DbFile:41 - Overriding database path with different value: C:\Users\ARYAN\.stmcufinder\plugins\mcufinder/ => C:\Users\ARYAN\.stmcufinder\plugins\mcufinder
2023-10-10 17:42:12,086 [INFO] DbMcusAds:125 - Set database path to: C:\Users\ARYAN\.stmcufinder\plugins\mcufinder//mcu/
2023-10-10 17:42:12,086 [WARN] DbFile:41 - Overriding database path with different value: C:\Users\ARYAN\.stmcufinder\plugins\mcufinder/ => C:\Users\ARYAN\.stmcufinder\plugins\mcufinder
2023-10-10 17:42:12,086 [WARN] DbFile:41 - Overriding database path with different value: C:\Users\ARYAN\.stmcufinder\plugins\mcufinder/ => C:\Users\ARYAN\.stmcufinder\plugins\mcufinder
2023-10-10 17:42:12,086 [INFO] CrossReferenceDbSqlite:203 - Set database path to: C:\Users\ARYAN\.stmcufinder\plugins\mcufinder//mcu/cs/
2023-10-10 17:42:12,102 [INFO] ApplicationProperties:184 - Using Application install path: D:\STM32IDE\STM32CubeIDE_1.13.1\STM32CubeIDE\plugins\com.st.stm32cube.common.mx_6.9.2.202309101412
2023-10-10 17:42:12,103 [INFO] PluginManage:196 - Search for loadable plugins [exclusion list=, ]
2023-10-10 17:42:12,105 [INFO] PluginManage:310 - Check plugin analytics
2023-10-10 17:42:12,264 [INFO] AnalyticsPlugin:253 - Accepted Software Licenses: STM32CubeMX.6.9.2
2023-10-10 17:42:12,265 [INFO] AnalyticsPlugin:255 - Accepted CMSIS Pack Licenses: 
2023-10-10 17:42:12,265 [INFO] AnalyticsPlugin:257 - Accepted Firmware Licenses: FW.F4.1.27.0
2023-10-10 17:42:12,268 [INFO] PluginManage:359 - Loaded plugin analytics (category:tool,tabindex:-1)
2023-10-10 17:42:12,269 [INFO] PluginManage:310 - Check plugin cadmodel
2023-10-10 17:42:12,273 [INFO] CADModel:105 - Init CAD model plugin
2023-10-10 17:42:12,273 [INFO] PluginManage:359 - Loaded plugin cadmodel (category:power,tabindex:5)
2023-10-10 17:42:12,273 [INFO] PluginManage:310 - Check plugin clock
2023-10-10 17:42:12,286 [INFO] PluginManage:359 - Loaded plugin clock (category:base,tabindex:2)
2023-10-10 17:42:12,286 [INFO] PluginManage:310 - Check plugin ddr
2023-10-10 17:42:12,289 [INFO] PluginManage:359 - Loaded plugin ddr (category:tool,tabindex:6)
2023-10-10 17:42:12,289 [INFO] PluginManage:310 - Check plugin filemanager
2023-10-10 17:42:12,401 [INFO] PluginManage:359 - Loaded plugin filemanager (category:base,tabindex:10)
2023-10-10 17:42:12,401 [INFO] PluginManage:310 - Check plugin ipmanager
2023-10-10 17:42:12,408 [INFO] PluginManage:359 - Loaded plugin ipmanager (category:base,tabindex:5)
2023-10-10 17:42:12,408 [INFO] PluginManage:310 - Check plugin lpbam
2023-10-10 17:42:12,415 [INFO] PluginManage:359 - Loaded plugin lpbam (category:base,tabindex:0)
2023-10-10 17:42:12,415 [INFO] PluginManage:310 - Check plugin memorymap
2023-10-10 17:42:12,427 [INFO] PluginManage:359 - Loaded plugin memorymap (category:base,tabindex:4)
2023-10-10 17:42:12,427 [INFO] PluginManage:310 - Check plugin pinoutandconfiguration
2023-10-10 17:42:12,434 [INFO] PluginManage:359 - Loaded plugin pinoutandconfiguration (category:base,tabindex:1)
2023-10-10 17:42:12,434 [INFO] PluginManage:310 - Check plugin pinoutconfig
2023-10-10 17:42:12,510 [WARN] SupportedApi:132 - Cannot load RTOS API schema: s4s-elt-must-match.1: The content of 'definitions' must match (annotation?, (simpleType | complexType)?, (unique | key | keyref)*)). A problem was found starting at: attribute.
2023-10-10 17:42:12,615 [INFO] PluginManage:359 - Loaded plugin pinoutconfig (category:base,tabindex:0)
2023-10-10 17:42:12,616 [INFO] PluginManage:310 - Check plugin power
2023-10-10 17:42:12,625 [INFO] PluginManage:359 - Loaded plugin power (category:power,tabindex:4)
2023-10-10 17:42:12,625 [INFO] PluginManage:310 - Check plugin projectmanager
2023-10-10 17:42:12,640 [INFO] PluginManage:359 - Loaded plugin projectmanager (category:projectmanager,tabindex:3)
2023-10-10 17:42:12,640 [INFO] PluginManage:310 - Check plugin thirdparty
2023-10-10 17:42:12,756 [INFO] PluginManage:359 - Loaded plugin thirdparty (category:base,tabindex:-1)
2023-10-10 17:42:12,756 [WARN] IntegrityCheckThread:84 - waiting for thirdparty lock release [integrity check]
2023-10-10 17:42:12,756 [INFO] PluginManage:310 - Check plugin tools
2023-10-10 17:42:12,757 [INFO] IntegrityCheckThread:86 - entering critical section [integrity check]
2023-10-10 17:42:12,757 [INFO] ThirdPartyUpdaterWithRetryManager:70 - Updater plugin not ready yet. [1/15]
2023-10-10 17:42:12,759 [INFO] PluginManage:359 - Loaded plugin tools (category:base,tabindex:7)
2023-10-10 17:42:12,759 [INFO] PluginManage:310 - Check plugin tutovideos
2023-10-10 17:42:12,897 [INFO] PluginManage:359 - Loaded plugin tutovideos (category:base,tabindex:-1)
2023-10-10 17:42:12,897 [INFO] PluginManage:310 - Check plugin updater
2023-10-10 17:42:12,906 [INFO] PluginManage:359 - Loaded plugin updater (category:base,tabindex:12)
2023-10-10 17:42:12,906 [INFO] PluginManage:310 - Check plugin userauth
2023-10-10 17:42:12,911 [INFO] UserAuth:113 - Init User Auth plugin
2023-10-10 17:42:12,911 [INFO] PluginManage:359 - Loaded plugin userauth (category:base,tabindex:14)
2023-10-10 17:42:12,912 [INFO] PluginManage:283 - PluginManage : Loaded plugins [17]
2023-10-10 17:42:13,099 [INFO] PinOutPanel:1499 - setPackage(No Configuration,No Configuration)
2023-10-10 17:42:13,191 [INFO] CADModel:165 - CPN selected for project level
2023-10-10 17:42:13,191 [INFO] CADModel:114 - Register for checkConnection events
2023-10-10 17:42:13,204 [INFO] IPUIPlugin:80 - create IPUIPlugin
2023-10-10 17:42:13,204 [INFO] PluginManager:220 - loadIPPluginJar : add adc
2023-10-10 17:42:13,206 [INFO] IPUIPlugin:80 - create IPUIPlugin
2023-10-10 17:42:13,206 [INFO] PluginManager:220 - loadIPPluginJar : add aes
2023-10-10 17:42:13,208 [INFO] IPUIPlugin:80 - create IPUIPlugin
2023-10-10 17:42:13,208 [INFO] PluginManager:220 - loadIPPluginJar : add can
2023-10-10 17:42:13,210 [INFO] IPUIPlugin:80 - create IPUIPlugin
2023-10-10 17:42:13,210 [INFO] PluginManager:220 - loadIPPluginJar : add comp
2023-10-10 17:42:13,212 [INFO] IPUIPlugin:80 - create IPUIPlugin
2023-10-10 17:42:13,212 [INFO] PluginManager:220 - loadIPPluginJar : add cryp
2023-10-10 17:42:13,214 [INFO] IPUIPlugin:80 - create IPUIPlugin
2023-10-10 17:42:13,214 [INFO] PluginManager:220 - loadIPPluginJar : add dfsdm
2023-10-10 17:42:13,218 [INFO] IPUIPlugin:80 - create IPUIPlugin
2023-10-10 17:42:13,219 [INFO] PluginManager:220 - loadIPPluginJar : add dma
2023-10-10 17:42:13,221 [INFO] IPUIPlugin:80 - create IPUIPlugin
2023-10-10 17:42:13,221 [INFO] PluginManager:220 - loadIPPluginJar : add dma3
2023-10-10 17:42:13,222 [INFO] IPUIPlugin:80 - create IPUIPlugin
2023-10-10 17:42:13,222 [INFO] PluginManager:220 - loadIPPluginJar : add fatfs
2023-10-10 17:42:13,226 [INFO] IPUIPlugin:80 - create IPUIPlugin
2023-10-10 17:42:13,226 [INFO] PluginManager:220 - loadIPPluginJar : add fmc
2023-10-10 17:42:13,229 [INFO] IPUIPlugin:80 - create IPUIPlugin
2023-10-10 17:42:13,230 [INFO] PluginManager:220 - loadIPPluginJar : add freertos
2023-10-10 17:42:13,231 [INFO] IPUIPlugin:80 - create IPUIPlugin
2023-10-10 17:42:13,231 [INFO] PluginManager:220 - loadIPPluginJar : add genericplugin
2023-10-10 17:42:13,232 [INFO] IPUIPlugin:80 - create IPUIPlugin
2023-10-10 17:42:13,233 [INFO] PluginManager:220 - loadIPPluginJar : add gfxmmu
2023-10-10 17:42:13,236 [INFO] IPUIPlugin:80 - create IPUIPlugin
2023-10-10 17:42:13,236 [INFO] PluginManager:220 - loadIPPluginJar : add gic
2023-10-10 17:42:13,242 [INFO] IPUIPlugin:80 - create IPUIPlugin
2023-10-10 17:42:13,242 [INFO] PluginManager:220 - loadIPPluginJar : add gpio
2023-10-10 17:42:13,244 [INFO] IPUIPlugin:80 - create IPUIPlugin
2023-10-10 17:42:13,244 [INFO] PluginManager:220 - loadIPPluginJar : add gtzc
2023-10-10 17:42:13,246 [INFO] IPUIPlugin:80 - create IPUIPlugin
2023-10-10 17:42:13,246 [INFO] PluginManager:220 - loadIPPluginJar : add hash
2023-10-10 17:42:13,248 [INFO] IPUIPlugin:80 - create IPUIPlugin
2023-10-10 17:42:13,248 [INFO] PluginManager:220 - loadIPPluginJar : add i2c
2023-10-10 17:42:13,250 [INFO] IPUIPlugin:80 - create IPUIPlugin
2023-10-10 17:42:13,250 [INFO] PluginManager:220 - loadIPPluginJar : add i2s
2023-10-10 17:42:13,252 [INFO] IPUIPlugin:80 - create IPUIPlugin
2023-10-10 17:42:13,252 [INFO] PluginManager:220 - loadIPPluginJar : add i3c
2023-10-10 17:42:13,254 [INFO] IPUIPlugin:80 - create IPUIPlugin
2023-10-10 17:42:13,254 [INFO] PluginManager:220 - loadIPPluginJar : add ipddr
2023-10-10 17:42:13,259 [INFO] IPUIPlugin:80 - create IPUIPlugin
2023-10-10 17:42:13,259 [INFO] PluginManager:220 - loadIPPluginJar : add linkedlist
2023-10-10 17:42:13,261 [INFO] IPUIPlugin:80 - create IPUIPlugin
2023-10-10 17:42:13,262 [INFO] PluginManager:220 - loadIPPluginJar : add lorawan
2023-10-10 17:42:13,263 [INFO] IPUIPlugin:80 - create IPUIPlugin
2023-10-10 17:42:13,264 [INFO] PluginManager:220 - loadIPPluginJar : add ltdc
2023-10-10 17:42:13,267 [INFO] IPUIPlugin:80 - create IPUIPlugin
2023-10-10 17:42:13,268 [INFO] PluginManager:220 - loadIPPluginJar : add mdma
2023-10-10 17:42:13,271 [INFO] IPUIPlugin:80 - create IPUIPlugin
2023-10-10 17:42:13,272 [INFO] PluginManager:220 - loadIPPluginJar : add nvic
2023-10-10 17:42:13,274 [INFO] IPUIPlugin:80 - create IPUIPlugin
2023-10-10 17:42:13,274 [INFO] PluginManager:220 - loadIPPluginJar : add opamp
2023-10-10 17:42:13,276 [INFO] IPUIPlugin:80 - create IPUIPlugin
2023-10-10 17:42:13,276 [INFO] PluginManager:220 - loadIPPluginJar : add openamp
2023-10-10 17:42:13,278 [INFO] IPUIPlugin:80 - create IPUIPlugin
2023-10-10 17:42:13,279 [INFO] PluginManager:220 - loadIPPluginJar : add pdm2pcm
2023-10-10 17:42:13,283 [INFO] IPUIPlugin:80 - create IPUIPlugin
2023-10-10 17:42:13,284 [INFO] PluginManager:220 - loadIPPluginJar : add plateformsettings
2023-10-10 17:42:13,286 [INFO] IPUIPlugin:80 - create IPUIPlugin
2023-10-10 17:42:13,286 [INFO] PluginManager:220 - loadIPPluginJar : add quadspi
2023-10-10 17:42:13,288 [INFO] IPUIPlugin:80 - create IPUIPlugin
2023-10-10 17:42:13,288 [INFO] PluginManager:220 - loadIPPluginJar : add resmgrutility
2023-10-10 17:42:13,290 [INFO] IPUIPlugin:80 - create IPUIPlugin
2023-10-10 17:42:13,290 [INFO] PluginManager:220 - loadIPPluginJar : add sai
2023-10-10 17:42:13,292 [INFO] IPUIPlugin:80 - create IPUIPlugin
2023-10-10 17:42:13,292 [INFO] PluginManager:220 - loadIPPluginJar : add spi
2023-10-10 17:42:13,295 [INFO] IPUIPlugin:80 - create IPUIPlugin
2023-10-10 17:42:13,295 [INFO] PluginManager:220 - loadIPPluginJar : add stm32_wpan
2023-10-10 17:42:13,297 [INFO] IPUIPlugin:80 - create IPUIPlugin
2023-10-10 17:42:13,297 [INFO] PluginManager:220 - loadIPPluginJar : add tim
2023-10-10 17:42:13,299 [INFO] IPUIPlugin:80 - create IPUIPlugin
2023-10-10 17:42:13,299 [INFO] PluginManager:220 - loadIPPluginJar : add touchsensing
2023-10-10 17:42:13,300 [INFO] IPUIPlugin:80 - create IPUIPlugin
2023-10-10 17:42:13,300 [INFO] PluginManager:220 - loadIPPluginJar : add tracer_emb
2023-10-10 17:42:13,302 [INFO] IPUIPlugin:80 - create IPUIPlugin
2023-10-10 17:42:13,302 [INFO] PluginManager:220 - loadIPPluginJar : add ts
2023-10-10 17:42:13,303 [INFO] IPUIPlugin:80 - create IPUIPlugin
2023-10-10 17:42:13,303 [INFO] PluginManager:220 - loadIPPluginJar : add tsc
2023-10-10 17:42:13,305 [INFO] IPUIPlugin:80 - create IPUIPlugin
2023-10-10 17:42:13,305 [INFO] PluginManager:220 - loadIPPluginJar : add ucpd
2023-10-10 17:42:13,308 [INFO] IPUIPlugin:80 - create IPUIPlugin
2023-10-10 17:42:13,308 [INFO] PluginManager:220 - loadIPPluginJar : add usart
2023-10-10 17:42:13,311 [INFO] IPUIPlugin:80 - create IPUIPlugin
2023-10-10 17:42:13,311 [INFO] PluginManager:220 - loadIPPluginJar : add usbx
2023-10-10 17:42:13,431 [INFO] CADModel:165 - CPN selected for project level
2023-10-10 17:42:13,431 [INFO] CADModel:114 - Register for checkConnection events
2023-10-10 17:42:13,431 [FATAL] Updater:308 - Updater called before beeing initialized
2023-10-10 17:42:13,431 [ERROR] CADModel:125 - Updater not yet initialized, retry later 
2023-10-10 17:42:13,552 [INFO] CADModel:165 - CPN selected for project level
2023-10-10 17:42:13,553 [INFO] CADModel:114 - Register for checkConnection events
2023-10-10 17:42:13,553 [FATAL] Updater:308 - Updater called before beeing initialized
2023-10-10 17:42:13,553 [ERROR] CADModel:125 - Updater not yet initialized, retry later 
2023-10-10 17:42:13,556 [FATAL] Updater:308 - Updater called before beeing initialized
2023-10-10 17:42:13,664 [FATAL] Updater:308 - Updater called before beeing initialized
2023-10-10 17:42:13,668 [INFO] DbMcusAds:53 - JSON generation date=Tue Mar 07 14:20:55 IST 2023 (1678179055335)
2023-10-10 17:42:13,668 [FATAL] Updater:308 - Updater called before beeing initialized
2023-10-10 17:42:13,694 [WARN] DetailPanel:346 - Failed to get advertising image, set to default
2023-10-10 17:42:13,777 [FATAL] Updater:308 - Updater called before beeing initialized
2023-10-10 17:42:13,778 [FATAL] Updater:308 - Updater called before beeing initialized
2023-10-10 17:42:13,778 [FATAL] Updater:308 - Updater called before beeing initialized
2023-10-10 17:42:13,778 [WARN] DetailPanel:346 - Failed to get advertising image, set to default
2023-10-10 17:42:13,779 [FATAL] Updater:308 - Updater called before beeing initialized
2023-10-10 17:42:13,819 [ERROR] Updater:1120 - MainUpdater not yet initialized. External WinMGr cannot be set.
2023-10-10 17:42:13,821 [INFO] Updater:1056 - Updater Version found : 6.9.2
2023-10-10 17:42:13,838 [INFO] ApplicationProperties:184 - Using Application install path: D:\STM32IDE\STM32CubeIDE_1.13.1\STM32CubeIDE\plugins\com.st.stm32cube.common.mx_6.9.2.202309101412
2023-10-10 17:42:14,462 [INFO] MainUpdater:2868 - connection check result : 10
2023-10-10 17:42:14,463 [INFO] MainUpdater:285 - Updater Check For Update Now.
2023-10-10 17:42:14,463 [INFO] MicroXplorer:498 - Change Database Version : DB.6.0.92
2023-10-10 17:42:14,476 [INFO] McuFinderGlobals:63 - Set McuFinder mode to 2 (CubeIDE integrated)
2023-10-10 17:42:14,632 [INFO] CheckServerUpdateThread:120 - End of CheckServer Thread
2023-10-10 17:42:15,867 [WARN] PackLoader:240 - Cannot read IP mode file for STMicroelectronics.X-CUBE-SMBUS.2.1.0
2023-10-10 17:42:15,898 [WARN] PackLoader:240 - Cannot read IP mode file for STMicroelectronics.X-CUBE-AZRTOS-F7.1.1.0
2023-10-10 17:42:15,911 [WARN] PackLoader:240 - Cannot read IP mode file for STMicroelectronics.FP-SNS-MOTENV1.4.3.2
2023-10-10 17:42:15,917 [WARN] PackLoader:240 - Cannot read IP mode file for STMicroelectronics.FP-SNS-FLIGHT1.5.0.2
2023-10-10 17:42:15,927 [WARN] PackLoader:240 - Cannot read IP mode file for STMicroelectronics.X-CUBE-DISPLAY.3.0.0
2023-10-10 17:42:15,946 [WARN] PackLoader:240 - Cannot read IP mode file for STMicroelectronics.X-CUBE-BLE1.7.0.0
2023-10-10 17:42:15,953 [WARN] PackLoader:240 - Cannot read IP mode file for emotas.I-CUBE-CANOPEN.1.3.0
2023-10-10 17:42:15,961 [WARN] PackLoader:240 - Cannot read IP mode file for STMicroelectronics.X-CUBE-TOUCHGFX.4.22.0
2023-10-10 17:42:15,965 [WARN] PackLoader:240 - Cannot read IP mode file for STMicroelectronics.X-CUBE-TOUCHGFX.4.22.1
2023-10-10 17:42:15,969 [WARN] PackLoader:240 - Cannot read IP mode file for STMicroelectronics.FP-SNS-SMARTAG2.1.2.0
2023-10-10 17:42:15,983 [INFO] LogOutputStream:77 - [STDOUT_REDIRECT] 1 : Invalid condition id : UX_CORESTACK_Condition cause : null
2023-10-10 17:42:15,984 [INFO] LogOutputStream:77 - [STDOUT_REDIRECT] 1 : Invalid condition id : UX_CORESTACK_Condition cause : null
2023-10-10 17:42:15,986 [INFO] LogOutputStream:77 - [STDOUT_REDIRECT] 1 : Invalid condition id : UX_CORESTACK_Condition cause : null
2023-10-10 17:42:15,987 [INFO] LogOutputStream:77 - [STDOUT_REDIRECT] 1 : Invalid condition id : UX_CORESTACK_Condition cause : null
2023-10-10 17:42:15,989 [INFO] LogOutputStream:77 - [STDOUT_REDIRECT] 1 : Invalid condition id : UX_CORESTACK_Condition cause : null
2023-10-10 17:42:15,993 [WARN] PackLoader:240 - Cannot read IP mode file for STMicroelectronics.X-CUBE-AZRTOS-WL.2.0.0
2023-10-10 17:42:16,005 [WARN] PackLoader:240 - Cannot read IP mode file for WES.I-CUBE-Cesium.1.3.0
2023-10-10 17:42:16,011 [WARN] PackLoader:240 - Cannot read IP mode file for STMicroelectronics.X-CUBE-BLE2.3.3.0
2023-10-10 17:42:16,018 [WARN] PackLoader:240 - Cannot read IP mode file for STMicroelectronics.X-CUBE-ALGOBUILD.1.3.0
2023-10-10 17:42:16,038 [WARN] PackLoader:240 - Cannot read IP mode file for STMicroelectronics.X-CUBE-AZRTOS-G0.1.1.0
2023-10-10 17:42:16,045 [WARN] PackLoader:240 - Cannot read IP mode file for STMicroelectronics.X-CUBE-NFC4.3.0.0
2023-10-10 17:42:16,050 [WARN] PackLoader:240 - Cannot read IP mode file for STMicroelectronics.FP-ATR-SIGFOX1.3.2.0
2023-10-10 17:42:16,077 [WARN] PackLoader:240 - Cannot read IP mode file for SEGGER.I-CUBE-embOS.1.3.1
2023-10-10 17:42:16,117 [WARN] PackLoader:240 - Cannot read IP mode file for STMicroelectronics.X-CUBE-GNSS1.6.0.0
2023-10-10 17:42:16,133 [WARN] PackLoader:240 - Cannot read IP mode file for STMicroelectronics.X-CUBE-AZRTOS-F4.1.1.0
2023-10-10 17:42:16,140 [WARN] PackLoader:240 - Cannot read IP mode file for wolfSSL.I-CUBE-wolfSSL.5.6.3
2023-10-10 17:42:16,157 [WARN] PackLoader:240 - Cannot read IP mode file for STMicroelectronics.X-CUBE-AZRTOS-L5.2.0.0
2023-10-10 17:42:16,215 [WARN] PackLoader:240 - Cannot read IP mode file for STMicroelectronics.X-CUBE-MEMS1.9.6.0
2023-10-10 17:42:16,377 [WARN] PackLoader:240 - Cannot read IP mode file for ITTIA_DB.I-CUBE-ITTIADB.8.8.0
2023-10-10 17:42:16,384 [WARN] PackLoader:240 - Cannot read IP mode file for STMicroelectronics.X-CUBE-BLEMGR.2.0.0
2023-10-10 17:42:16,398 [WARN] ConditionMgr:438 - getConditionDescription Invalid condition id : UX DEVICE CLASS RTOS Condition cause : null
2023-10-10 17:42:16,398 [WARN] ConditionMgr:438 - getConditionDescription Invalid condition id : UX DEVICE CLASS RTOS Condition cause : null
2023-10-10 17:42:16,401 [WARN] PackLoader:240 - Cannot read IP mode file for STMicroelectronics.X-CUBE-AZRTOS-H7.3.1.0
2023-10-10 17:42:16,402 [WARN] ConditionMgr:1039 - genDependencies : Invalid condition id : UX DEVICE CLASS RTOS Condition cause : null
2023-10-10 17:42:16,402 [WARN] ConditionMgr:1039 - genDependencies : Invalid condition id : UX DEVICE CLASS RTOS Condition cause : null
2023-10-10 17:42:16,408 [WARN] ConditionMgr:1039 - genDependencies : Invalid condition id : UX DEVICE CLASS RTOS Condition cause : null
2023-10-10 17:42:16,409 [WARN] ConditionMgr:1039 - genDependencies : Invalid condition id : UX DEVICE CLASS RTOS Condition cause : null
2023-10-10 17:42:16,409 [WARN] ConditionMgr:1039 - genDependencies : Invalid condition id : UX DEVICE CLASS RTOS Condition cause : null
2023-10-10 17:42:16,415 [WARN] PackLoader:240 - Cannot read IP mode file for STMicroelectronics.X-CUBE-NFC7.1.0.1
2023-10-10 17:42:16,422 [WARN] PackLoader:240 - Cannot read IP mode file for STMicroelectronics.X-CUBE-NFC6.3.0.0
2023-10-10 17:42:16,427 [WARN] PackLoader:240 - Cannot read IP mode file for STMicroelectronics.X-CUBE-EEPRMA1.4.1.0
2023-10-10 17:42:16,432 [WARN] PackLoader:240 - Cannot read IP mode file for STMicroelectronics.X-CUBE-AI.8.1.0
2023-10-10 17:42:16,446 [WARN] ConditionMgr:438 - getConditionDescription Invalid condition id : LAN8742 Phy interface Condition cause : null
2023-10-10 17:42:16,447 [WARN] PackLoader:240 - Cannot read IP mode file for STMicroelectronics.X-CUBE-AZRTOS-L4.2.0.0
2023-10-10 17:42:16,448 [WARN] ConditionMgr:1039 - genDependencies : Invalid condition id : LAN8742 Phy interface Condition cause : null
2023-10-10 17:42:16,448 [WARN] ConditionMgr:1039 - genDependencies : Invalid condition id : LAN8742 Phy interface Condition cause : null
2023-10-10 17:42:16,449 [WARN] ConditionMgr:1039 - genDependencies : Invalid condition id : LAN8742 Phy interface Condition cause : null
2023-10-10 17:42:16,455 [WARN] PackLoader:240 - Cannot read IP mode file for STMicroelectronics.X-CUBE-SFXS2LP1.4.0.0
2023-10-10 17:42:16,459 [WARN] PackLoader:240 - Cannot read IP mode file for STMicroelectronics.X-CUBE-ISPU.1.1.0
2023-10-10 17:42:16,468 [WARN] ConditionMgr:438 - getConditionDescription Invalid condition id : UX DEVICE CLASS RTOS Condition cause : null
2023-10-10 17:42:16,468 [WARN] ConditionMgr:438 - getConditionDescription Invalid condition id : UX DEVICE CLASS RTOS Condition cause : null
2023-10-10 17:42:16,469 [WARN] PackLoader:240 - Cannot read IP mode file for STMicroelectronics.X-CUBE-AZRTOS-WB.2.0.0
2023-10-10 17:42:16,470 [WARN] ConditionMgr:1039 - genDependencies : Invalid condition id : UX DEVICE CLASS RTOS Condition cause : null
2023-10-10 17:42:16,470 [WARN] ConditionMgr:1039 - genDependencies : Invalid condition id : UX DEVICE CLASS RTOS Condition cause : null
2023-10-10 17:42:16,471 [WARN] ConditionMgr:1039 - genDependencies : Invalid condition id : UX DEVICE CLASS RTOS Condition cause : null
2023-10-10 17:42:16,471 [WARN] ConditionMgr:1039 - genDependencies : Invalid condition id : UX DEVICE CLASS RTOS Condition cause : null
2023-10-10 17:42:16,471 [WARN] ConditionMgr:1039 - genDependencies : Invalid condition id : UX DEVICE CLASS RTOS Condition cause : null
2023-10-10 17:42:16,478 [WARN] PackLoader:240 - Cannot read IP mode file for STMicroelectronics.X-CUBE-SUBG2.5.0.0
2023-10-10 17:42:16,488 [WARN] PackLoader:240 - Cannot read IP mode file for STMicroelectronics.X-CUBE-TOF1.3.3.1
2023-10-10 17:42:16,503 [WARN] PackLoader:240 - Cannot read IP mode file for STMicroelectronics.X-CUBE-AZRTOS-G4.2.0.0
2023-10-10 17:42:16,514 [WARN] PackLoader:240 - Cannot read IP mode file for Infineon.AIROC-Wi-Fi-Bluetooth-STM32.1.5.1
2023-10-10 17:42:16,521 [WARN] PackLoader:240 - Cannot read IP mode file for STMicroelectronics.X-CUBE-FREERTOS.1.1.0
2023-10-10 17:42:16,526 [WARN] PackLoader:240 - Cannot read IP mode file for portGmbH.I-Cube-SoM-uGOAL.1.1.0
2023-10-10 17:42:16,531 [WARN] PackLoader:240 - Cannot read IP mode file for STMicroelectronics.X-CUBE-ALS.1.0.1
2023-10-10 17:42:16,536 [WARN] PackLoader:240 - Cannot read IP mode file for STMicroelectronics.FP-ATR-ASTRA1.2.0.0
2023-10-10 17:42:16,537 [INFO] ThirdParty:978 - Integrity check success = true
2023-10-10 17:42:16,538 [INFO] IntegrityCheckThread:100 - exiting critical section [integrity check]
2023-10-10 17:42:16,538 [INFO] IntegrityCheckThread:103 - End integrity checks thread
2023-10-10 17:42:31,938 [ERROR] LogOutputStream:75 - [STDERR_REDIRECT] SLF4J: Failed to load class "org.slf4j.impl.StaticLoggerBinder".
2023-10-10 17:42:31,938 [ERROR] LogOutputStream:75 - [STDERR_REDIRECT] SLF4J: Defaulting to no-operation (NOP) logger implementation
2023-10-10 17:42:31,939 [ERROR] LogOutputStream:75 - [STDERR_REDIRECT] SLF4J: See http://www.slf4j.org/codes.html#StaticLoggerBinder for further details.
