12:08:34 **** Build of configuration Debug for project 005_MultiInterrupt_EXTI_GPIO ****
make -j16 all 
arm-none-eabi-gcc "../Src/adc.c" -mcpu=cortex-m4 -std=gnu11 -g3 -DUSE_HAL_DRIVER -DSTM32F407xx -c -I"D:/Embedded-C/My_Workspace/hal/005_MultiInterrupt_EXTI_GPIO/Drivers/CMSIS/Device/ST/STM32F4xx/Include" -I"D:/Embedded-C/My_Workspace/hal/005_MultiInterrupt_EXTI_GPIO/Drivers/CMSIS/Include" -I"D:/Embedded-C/My_Workspace/hal/005_MultiInterrupt_EXTI_GPIO/Drivers/STM32F4xx_HAL_Driver/Inc" -O0 -ffunction-sections -fdata-sections -Wall -fstack-usage -fcyclomatic-complexity -MMD -MP -MF"Src/adc.d" -MT"Src/adc.o" --specs=nano.specs -mfloat-abi=soft -mthumb -o "Src/adc.o"
arm-none-eabi-gcc "../Src/main.c" -mcpu=cortex-m4 -std=gnu11 -g3 -DUSE_HAL_DRIVER -DSTM32F407xx -c -I"D:/Embedded-C/My_Workspace/hal/005_MultiInterrupt_EXTI_GPIO/Drivers/CMSIS/Device/ST/STM32F4xx/Include" -I"D:/Embedded-C/My_Workspace/hal/005_MultiInterrupt_EXTI_GPIO/Drivers/CMSIS/Include" -I"D:/Embedded-C/My_Workspace/hal/005_MultiInterrupt_EXTI_GPIO/Drivers/STM32F4xx_HAL_Driver/Inc" -O0 -ffunction-sections -fdata-sections -Wall -fstack-usage -fcyclomatic-complexity -MMD -MP -MF"Src/main.d" -MT"Src/main.o" --specs=nano.specs -mfloat-abi=soft -mthumb -o "Src/main.o"
arm-none-eabi-gcc "../Src/syscalls.c" -mcpu=cortex-m4 -std=gnu11 -g3 -DUSE_HAL_DRIVER -DSTM32F407xx -c -I"D:/Embedded-C/My_Workspace/hal/005_MultiInterrupt_EXTI_GPIO/Drivers/CMSIS/Device/ST/STM32F4xx/Include" -I"D:/Embedded-C/My_Workspace/hal/005_MultiInterrupt_EXTI_GPIO/Drivers/CMSIS/Include" -I"D:/Embedded-C/My_Workspace/hal/005_MultiInterrupt_EXTI_GPIO/Drivers/STM32F4xx_HAL_Driver/Inc" -O0 -ffunction-sections -fdata-sections -Wall -fstack-usage -fcyclomatic-complexity -MMD -MP -MF"Src/syscalls.d" -MT"Src/syscalls.o" --specs=nano.specs -mfloat-abi=soft -mthumb -o "Src/syscalls.o"
arm-none-eabi-gcc "../Src/sysmem.c" -mcpu=cortex-m4 -std=gnu11 -g3 -DUSE_HAL_DRIVER -DSTM32F407xx -c -I"D:/Embedded-C/My_Workspace/hal/005_MultiInterrupt_EXTI_GPIO/Drivers/CMSIS/Device/ST/STM32F4xx/Include" -I"D:/Embedded-C/My_Workspace/hal/005_MultiInterrupt_EXTI_GPIO/Drivers/CMSIS/Include" -I"D:/Embedded-C/My_Workspace/hal/005_MultiInterrupt_EXTI_GPIO/Drivers/STM32F4xx_HAL_Driver/Inc" -O0 -ffunction-sections -fdata-sections -Wall -fstack-usage -fcyclomatic-complexity -MMD -MP -MF"Src/sysmem.d" -MT"Src/sysmem.o" --specs=nano.specs -mfloat-abi=soft -mthumb -o "Src/sysmem.o"
arm-none-eabi-gcc "../Src/system_stm32f4xx.c" -mcpu=cortex-m4 -std=gnu11 -g3 -DUSE_HAL_DRIVER -DSTM32F407xx -c -I"D:/Embedded-C/My_Workspace/hal/005_MultiInterrupt_EXTI_GPIO/Drivers/CMSIS/Device/ST/STM32F4xx/Include" -I"D:/Embedded-C/My_Workspace/hal/005_MultiInterrupt_EXTI_GPIO/Drivers/CMSIS/Include" -I"D:/Embedded-C/My_Workspace/hal/005_MultiInterrupt_EXTI_GPIO/Drivers/STM32F4xx_HAL_Driver/Inc" -O0 -ffunction-sections -fdata-sections -Wall -fstack-usage -fcyclomatic-complexity -MMD -MP -MF"Src/system_stm32f4xx.d" -MT"Src/system_stm32f4xx.o" --specs=nano.specs -mfloat-abi=soft -mthumb -o "Src/system_stm32f4xx.o"
arm-none-eabi-gcc "../Src/uart.c" -mcpu=cortex-m4 -std=gnu11 -g3 -DUSE_HAL_DRIVER -DSTM32F407xx -c -I"D:/Embedded-C/My_Workspace/hal/005_MultiInterrupt_EXTI_GPIO/Drivers/CMSIS/Device/ST/STM32F4xx/Include" -I"D:/Embedded-C/My_Workspace/hal/005_MultiInterrupt_EXTI_GPIO/Drivers/CMSIS/Include" -I"D:/Embedded-C/My_Workspace/hal/005_MultiInterrupt_EXTI_GPIO/Drivers/STM32F4xx_HAL_Driver/Inc" -O0 -ffunction-sections -fdata-sections -Wall -fstack-usage -fcyclomatic-complexity -MMD -MP -MF"Src/uart.d" -MT"Src/uart.o" --specs=nano.specs -mfloat-abi=soft -mthumb -o "Src/uart.o"
arm-none-eabi-gcc "../Drivers/STM32F4xx_HAL_Driver/Src/Legacy/stm32f4xx_hal_can.c" -mcpu=cortex-m4 -std=gnu11 -g3 -DUSE_HAL_DRIVER -DSTM32F407xx -c -I"D:/Embedded-C/My_Workspace/hal/005_MultiInterrupt_EXTI_GPIO/Drivers/CMSIS/Device/ST/STM32F4xx/Include" -I"D:/Embedded-C/My_Workspace/hal/005_MultiInterrupt_EXTI_GPIO/Drivers/CMSIS/Include" -I"D:/Embedded-C/My_Workspace/hal/005_MultiInterrupt_EXTI_GPIO/Drivers/STM32F4xx_HAL_Driver/Inc" -O0 -ffunction-sections -fdata-sections -Wall -fstack-usage -fcyclomatic-complexity -MMD -MP -MF"Drivers/STM32F4xx_HAL_Driver/Src/Legacy/stm32f4xx_hal_can.d" -MT"Drivers/STM32F4xx_HAL_Driver/Src/Legacy/stm32f4xx_hal_can.o" --specs=nano.specs -mfloat-abi=soft -mthumb -o "Drivers/STM32F4xx_HAL_Driver/Src/Legacy/stm32f4xx_hal_can.o"
arm-none-eabi-gcc "../Drivers/STM32F4xx_HAL_Driver/Src/Legacy/stm32f4xx_hal_eth.c" -mcpu=cortex-m4 -std=gnu11 -g3 -DUSE_HAL_DRIVER -DSTM32F407xx -c -I"D:/Embedded-C/My_Workspace/hal/005_MultiInterrupt_EXTI_GPIO/Drivers/CMSIS/Device/ST/STM32F4xx/Include" -I"D:/Embedded-C/My_Workspace/hal/005_MultiInterrupt_EXTI_GPIO/Drivers/CMSIS/Include" -I"D:/Embedded-C/My_Workspace/hal/005_MultiInterrupt_EXTI_GPIO/Drivers/STM32F4xx_HAL_Driver/Inc" -O0 -ffunction-sections -fdata-sections -Wall -fstack-usage -fcyclomatic-complexity -MMD -MP -MF"Drivers/STM32F4xx_HAL_Driver/Src/Legacy/stm32f4xx_hal_eth.d" -MT"Drivers/STM32F4xx_HAL_Driver/Src/Legacy/stm32f4xx_hal_eth.o" --specs=nano.specs -mfloat-abi=soft -mthumb -o "Drivers/STM32F4xx_HAL_Driver/Src/Legacy/stm32f4xx_hal_eth.o"
arm-none-eabi-gcc "../Drivers/STM32F4xx_HAL_Driver/Src/stm32f4xx_hal.c" -mcpu=cortex-m4 -std=gnu11 -g3 -DUSE_HAL_DRIVER -DSTM32F407xx -c -I"D:/Embedded-C/My_Workspace/hal/005_MultiInterrupt_EXTI_GPIO/Drivers/CMSIS/Device/ST/STM32F4xx/Include" -I"D:/Embedded-C/My_Workspace/hal/005_MultiInterrupt_EXTI_GPIO/Drivers/CMSIS/Include" -I"D:/Embedded-C/My_Workspace/hal/005_MultiInterrupt_EXTI_GPIO/Drivers/STM32F4xx_HAL_Driver/Inc" -O0 -ffunction-sections -fdata-sections -Wall -fstack-usage -fcyclomatic-complexity -MMD -MP -MF"Drivers/STM32F4xx_HAL_Driver/Src/stm32f4xx_hal.d" -MT"Drivers/STM32F4xx_HAL_Driver/Src/stm32f4xx_hal.o" --specs=nano.specs -mfloat-abi=soft -mthumb -o "Drivers/STM32F4xx_HAL_Driver/Src/stm32f4xx_hal.o"
arm-none-eabi-gcc "../Drivers/STM32F4xx_HAL_Driver/Src/stm32f4xx_hal_adc.c" -mcpu=cortex-m4 -std=gnu11 -g3 -DUSE_HAL_DRIVER -DSTM32F407xx -c -I"D:/Embedded-C/My_Workspace/hal/005_MultiInterrupt_EXTI_GPIO/Drivers/CMSIS/Device/ST/STM32F4xx/Include" -I"D:/Embedded-C/My_Workspace/hal/005_MultiInterrupt_EXTI_GPIO/Drivers/CMSIS/Include" -I"D:/Embedded-C/My_Workspace/hal/005_MultiInterrupt_EXTI_GPIO/Drivers/STM32F4xx_HAL_Driver/Inc" -O0 -ffunction-sections -fdata-sections -Wall -fstack-usage -fcyclomatic-complexity -MMD -MP -MF"Drivers/STM32F4xx_HAL_Driver/Src/stm32f4xx_hal_adc.d" -MT"Drivers/STM32F4xx_HAL_Driver/Src/stm32f4xx_hal_adc.o" --specs=nano.specs -mfloat-abi=soft -mthumb -o "Drivers/STM32F4xx_HAL_Driver/Src/stm32f4xx_hal_adc.o"
arm-none-eabi-gcc "../Drivers/STM32F4xx_HAL_Driver/Src/stm32f4xx_hal_adc_ex.c" -mcpu=cortex-m4 -std=gnu11 -g3 -DUSE_HAL_DRIVER -DSTM32F407xx -c -I"D:/Embedded-C/My_Workspace/hal/005_MultiInterrupt_EXTI_GPIO/Drivers/CMSIS/Device/ST/STM32F4xx/Include" -I"D:/Embedded-C/My_Workspace/hal/005_MultiInterrupt_EXTI_GPIO/Drivers/CMSIS/Include" -I"D:/Embedded-C/My_Workspace/hal/005_MultiInterrupt_EXTI_GPIO/Drivers/STM32F4xx_HAL_Driver/Inc" -O0 -ffunction-sections -fdata-sections -Wall -fstack-usage -fcyclomatic-complexity -MMD -MP -MF"Drivers/STM32F4xx_HAL_Driver/Src/stm32f4xx_hal_adc_ex.d" -MT"Drivers/STM32F4xx_HAL_Driver/Src/stm32f4xx_hal_adc_ex.o" --specs=nano.specs -mfloat-abi=soft -mthumb -o "Drivers/STM32F4xx_HAL_Driver/Src/stm32f4xx_hal_adc_ex.o"
arm-none-eabi-gcc "../Drivers/STM32F4xx_HAL_Driver/Src/stm32f4xx_hal_cortex.c" -mcpu=cortex-m4 -std=gnu11 -g3 -DUSE_HAL_DRIVER -DSTM32F407xx -c -I"D:/Embedded-C/My_Workspace/hal/005_MultiInterrupt_EXTI_GPIO/Drivers/CMSIS/Device/ST/STM32F4xx/Include" -I"D:/Embedded-C/My_Workspace/hal/005_MultiInterrupt_EXTI_GPIO/Drivers/CMSIS/Include" -I"D:/Embedded-C/My_Workspace/hal/005_MultiInterrupt_EXTI_GPIO/Drivers/STM32F4xx_HAL_Driver/Inc" -O0 -ffunction-sections -fdata-sections -Wall -fstack-usage -fcyclomatic-complexity -MMD -MP -MF"Drivers/STM32F4xx_HAL_Driver/Src/stm32f4xx_hal_cortex.d" -MT"Drivers/STM32F4xx_HAL_Driver/Src/stm32f4xx_hal_cortex.o" --specs=nano.specs -mfloat-abi=soft -mthumb -o "Drivers/STM32F4xx_HAL_Driver/Src/stm32f4xx_hal_cortex.o"
arm-none-eabi-gcc "../Drivers/STM32F4xx_HAL_Driver/Src/stm32f4xx_hal_dma.c" -mcpu=cortex-m4 -std=gnu11 -g3 -DUSE_HAL_DRIVER -DSTM32F407xx -c -I"D:/Embedded-C/My_Workspace/hal/005_MultiInterrupt_EXTI_GPIO/Drivers/CMSIS/Device/ST/STM32F4xx/Include" -I"D:/Embedded-C/My_Workspace/hal/005_MultiInterrupt_EXTI_GPIO/Drivers/CMSIS/Include" -I"D:/Embedded-C/My_Workspace/hal/005_MultiInterrupt_EXTI_GPIO/Drivers/STM32F4xx_HAL_Driver/Inc" -O0 -ffunction-sections -fdata-sections -Wall -fstack-usage -fcyclomatic-complexity -MMD -MP -MF"Drivers/STM32F4xx_HAL_Driver/Src/stm32f4xx_hal_dma.d" -MT"Drivers/STM32F4xx_HAL_Driver/Src/stm32f4xx_hal_dma.o" --specs=nano.specs -mfloat-abi=soft -mthumb -o "Drivers/STM32F4xx_HAL_Driver/Src/stm32f4xx_hal_dma.o"
In file included from ../Src/adc.c:7:
D:/Embedded-C/My_Workspace/hal/005_MultiInterrupt_EXTI_GPIO/Drivers/STM32F4xx_HAL_Driver/Inc/stm32f4xx_hal.h:29:10: fatal error: stm32f4xx_hal_conf.h: No such file or directory
   29 | #include "stm32f4xx_hal_conf.h"
      |          ^~~~~~~~~~~~~~~~~~~~~~
compilation terminated.
In file included from ../Src/main.c:20:
D:/Embedded-C/My_Workspace/hal/005_MultiInterrupt_EXTI_GPIO/Drivers/STM32F4xx_HAL_Driver/Inc/stm32f4xx_hal.h:29:10: fatal error: stm32f4xx_hal_conf.h: No such file or directory
   29 | #include "stm32f4xx_hal_conf.h"
arm-none-eabi-gcc "../Drivers/STM32F4xx_HAL_Driver/Src/stm32f4xx_hal_dma_ex.c" -mcpu=cortex-m4 -std=gnu11 -g3 -DUSE_HAL_DRIVER -DSTM32F407xx -c -I"D:/Embedded-C/My_Workspace/hal/005_MultiInterrupt_EXTI_GPIO/Drivers/CMSIS/Device/ST/STM32F4xx/Include" -I"D:/Embedded-C/My_Workspace/hal/005_MultiInterrupt_EXTI_GPIO/Drivers/CMSIS/Include" -I"D:/Embedded-C/My_Workspace/hal/005_MultiInterrupt_EXTI_GPIO/Drivers/STM32F4xx_HAL_Driver/Inc" -O0 -ffunction-sections -fdata-sections -Wall -fstack-usage -fcyclomatic-complexity -MMD -MP -MF"Drivers/STM32F4xx_HAL_Driver/Src/stm32f4xx_hal_dma_ex.d" -MT"Drivers/STM32F4xx_HAL_Driver/Src/stm32f4xx_hal_dma_ex.o" --specs=nano.specs -mfloat-abi=soft -mthumb -o "Drivers/STM32F4xx_HAL_Driver/Src/stm32f4xx_hal_dma_ex.o"
      |          ^~~~~~~~~~~~~~~~~~~~~~
compilation terminated.
arm-none-eabi-gcc "../Drivers/STM32F4xx_HAL_Driver/Src/stm32f4xx_hal_exti.c" -mcpu=cortex-m4 -std=gnu11 -g3 -DUSE_HAL_DRIVER -DSTM32F407xx -c -I"D:/Embedded-C/My_Workspace/hal/005_MultiInterrupt_EXTI_GPIO/Drivers/CMSIS/Device/ST/STM32F4xx/Include" -I"D:/Embedded-C/My_Workspace/hal/005_MultiInterrupt_EXTI_GPIO/Drivers/CMSIS/Include" -I"D:/Embedded-C/My_Workspace/hal/005_MultiInterrupt_EXTI_GPIO/Drivers/STM32F4xx_HAL_Driver/Inc" -O0 -ffunction-sections -fdata-sections -Wall -fstack-usage -fcyclomatic-complexity -MMD -MP -MF"Drivers/STM32F4xx_HAL_Driver/Src/stm32f4xx_hal_exti.d" -MT"Drivers/STM32F4xx_HAL_Driver/Src/stm32f4xx_hal_exti.o" --specs=nano.specs -mfloat-abi=soft -mthumb -o "Drivers/STM32F4xx_HAL_Driver/Src/stm32f4xx_hal_exti.o"
arm-none-eabi-gcc "../Drivers/STM32F4xx_HAL_Driver/Src/stm32f4xx_hal_flash.c" -mcpu=cortex-m4 -std=gnu11 -g3 -DUSE_HAL_DRIVER -DSTM32F407xx -c -I"D:/Embedded-C/My_Workspace/hal/005_MultiInterrupt_EXTI_GPIO/Drivers/CMSIS/Device/ST/STM32F4xx/Include" -I"D:/Embedded-C/My_Workspace/hal/005_MultiInterrupt_EXTI_GPIO/Drivers/CMSIS/Include" -I"D:/Embedded-C/My_Workspace/hal/005_MultiInterrupt_EXTI_GPIO/Drivers/STM32F4xx_HAL_Driver/Inc" -O0 -ffunction-sections -fdata-sections -Wall -fstack-usage -fcyclomatic-complexity -MMD -MP -MF"Drivers/STM32F4xx_HAL_Driver/Src/stm32f4xx_hal_flash.d" -MT"Drivers/STM32F4xx_HAL_Driver/Src/stm32f4xx_hal_flash.o" --specs=nano.specs -mfloat-abi=soft -mthumb -o "Drivers/STM32F4xx_HAL_Driver/Src/stm32f4xx_hal_flash.o"
In file included from ../Src/uart.c:2:
D:/Embedded-C/My_Workspace/hal/005_MultiInterrupt_EXTI_GPIO/Drivers/STM32F4xx_HAL_Driver/Inc/stm32f4xx_hal.h:29:10: fatal error: stm32f4xx_hal_conf.h: No such file or directory
   29 | #include "stm32f4xx_hal_conf.h"
      |          ^~~~~~~~~~~~~~~~~~~~~~
compilation terminated.
make: *** [Src/subdir.mk:34: Src/uart.o] Error 1
make: *** Waiting for unfinished jobs....
make: *** [Src/subdir.mk:34: Src/adc.o] Error 1
In file included from ../Drivers/STM32F4xx_HAL_Driver/Src/Legacy/stm32f4xx_hal_can.c:97:
D:/Embedded-C/My_Workspace/hal/005_MultiInterrupt_EXTI_GPIO/Drivers/STM32F4xx_HAL_Driver/Inc/stm32f4xx_hal.h:29:10: fatal error: stm32f4xx_hal_conf.h: No such file or directory
   29 | #include "stm32f4xx_hal_conf.h"
      |          ^~~~~~~~~~~~~~~~~~~~~~
compilation terminated.
make: *** [Src/subdir.mk:34: Src/main.o] Error 1
In file included from ../Drivers/STM32F4xx_HAL_Driver/Src/stm32f4xx_hal.c:36:
D:/Embedded-C/My_Workspace/hal/005_MultiInterrupt_EXTI_GPIO/Drivers/STM32F4xx_HAL_Driver/Inc/stm32f4xx_hal.h:29:10: fatal error: stm32f4xx_hal_conf.h: No such file or directory
   29 | #include "stm32f4xx_hal_conf.h"
      |          ^~~~~~~~~~~~~~~~~~~~~~
compilation terminated.
In file included from ../Drivers/STM32F4xx_HAL_Driver/Src/Legacy/stm32f4xx_hal_eth.c:132:
D:/Embedded-C/My_Workspace/hal/005_MultiInterrupt_EXTI_GPIO/Drivers/STM32F4xx_HAL_Driver/Inc/stm32f4xx_hal.h:29:10: fatal error: stm32f4xx_hal_conf.h: No such file or directory
   29 | #include "stm32f4xx_hal_conf.h"
      |          ^~~~~~~~~~~~~~~~~~~~~~
compilation terminated.
In file included from ../Drivers/STM32F4xx_HAL_Driver/Src/stm32f4xx_hal_adc.c:248:
D:/Embedded-C/My_Workspace/hal/005_MultiInterrupt_EXTI_GPIO/Drivers/STM32F4xx_HAL_Driver/Inc/stm32f4xx_hal.h:29:10: fatal error: stm32f4xx_hal_conf.h: No such file or directory
   29 | #include "stm32f4xx_hal_conf.h"
      |          ^~~~~~~~~~~~~~~~~~~~~~
compilation terminated.
make: *** [Drivers/STM32F4xx_HAL_Driver/Src/subdir.mk:70: Drivers/STM32F4xx_HAL_Driver/Src/stm32f4xx_hal.o] Error 1
make: *** [Drivers/STM32F4xx_HAL_Driver/Src/subdir.mk:70: Drivers/STM32F4xx_HAL_Driver/Src/stm32f4xx_hal_adc.o] Error 1
make: *** [Drivers/STM32F4xx_HAL_Driver/Src/Legacy/subdir.mk:22: Drivers/STM32F4xx_HAL_Driver/Src/Legacy/stm32f4xx_hal_can.o] Error 1
make: *** [Drivers/STM32F4xx_HAL_Driver/Src/Legacy/subdir.mk:22: Drivers/STM32F4xx_HAL_Driver/Src/Legacy/stm32f4xx_hal_eth.o] Error 1
In file included from ../Drivers/STM32F4xx_HAL_Driver/Src/stm32f4xx_hal_adc_ex.c:86:
D:/Embedded-C/My_Workspace/hal/005_MultiInterrupt_EXTI_GPIO/Drivers/STM32F4xx_HAL_Driver/Inc/stm32f4xx_hal.h:29:10: fatal error: stm32f4xx_hal_conf.h: No such file or directory
   29 | #include "stm32f4xx_hal_conf.h"
      |          ^~~~~~~~~~~~~~~~~~~~~~
compilation terminated.
In file included from ../Drivers/STM32F4xx_HAL_Driver/Src/stm32f4xx_hal_cortex.c:81:
D:/Embedded-C/My_Workspace/hal/005_MultiInterrupt_EXTI_GPIO/Drivers/STM32F4xx_HAL_Driver/Inc/stm32f4xx_hal.h:29:10: fatal error: stm32f4xx_hal_conf.h: No such file or directory
   29 | #include "stm32f4xx_hal_conf.h"
      |          ^~~~~~~~~~~~~~~~~~~~~~
In file included from ../Drivers/STM32F4xx_HAL_Driver/Src/stm32f4xx_hal_dma.c:97:
D:/Embedded-C/My_Workspace/hal/005_MultiInterrupt_EXTI_GPIO/Drivers/STM32F4xx_HAL_Driver/Inc/stm32f4xx_hal.h:29:10: fatal error: stm32f4xx_hal_conf.h: No such file or directory
   29 | #include "stm32f4xx_hal_conf.h"
      |          ^~~~~~~~~~~~~~~~~~~~~~
compilation terminated.
compilation terminated.
In file included from ../Drivers/STM32F4xx_HAL_Driver/Src/stm32f4xx_hal_dma_ex.c:39:
D:/Embedded-C/My_Workspace/hal/005_MultiInterrupt_EXTI_GPIO/Drivers/STM32F4xx_HAL_Driver/Inc/stm32f4xx_hal.h:29:10: fatal error: stm32f4xx_hal_conf.h: No such file or directory
   29 | #include "stm32f4xx_hal_conf.h"
      |          ^~~~~~~~~~~~~~~~~~~~~~
compilation terminated.
make: *** [Drivers/STM32F4xx_HAL_Driver/Src/subdir.mk:70: Drivers/STM32F4xx_HAL_Driver/Src/stm32f4xx_hal_cortex.o] Error 1
make: *** [Drivers/STM32F4xx_HAL_Driver/Src/subdir.mk:70: Drivers/STM32F4xx_HAL_Driver/Src/stm32f4xx_hal_dma_ex.o] Error 1
make: *** [Drivers/STM32F4xx_HAL_Driver/Src/subdir.mk:70: Drivers/STM32F4xx_HAL_Driver/Src/stm32f4xx_hal_adc_ex.o] Error 1
make: *** [Drivers/STM32F4xx_HAL_Driver/Src/subdir.mk:70: Drivers/STM32F4xx_HAL_Driver/Src/stm32f4xx_hal_dma.o] Error 1
In file included from ../Drivers/STM32F4xx_HAL_Driver/Src/stm32f4xx_hal_exti.c:86:
D:/Embedded-C/My_Workspace/hal/005_MultiInterrupt_EXTI_GPIO/Drivers/STM32F4xx_HAL_Driver/Inc/stm32f4xx_hal.h:29:10: fatal error: stm32f4xx_hal_conf.h: No such file or directory
   29 | #include "stm32f4xx_hal_conf.h"
      |          ^~~~~~~~~~~~~~~~~~~~~~
compilation terminated.
In file included from ../Drivers/STM32F4xx_HAL_Driver/Src/stm32f4xx_hal_flash.c:76:
D:/Embedded-C/My_Workspace/hal/005_MultiInterrupt_EXTI_GPIO/Drivers/STM32F4xx_HAL_Driver/Inc/stm32f4xx_hal.h:29:10: fatal error: stm32f4xx_hal_conf.h: No such file or directory
   29 | #include "stm32f4xx_hal_conf.h"
      |          ^~~~~~~~~~~~~~~~~~~~~~
compilation terminated.
make: *** [Drivers/STM32F4xx_HAL_Driver/Src/subdir.mk:70: Drivers/STM32F4xx_HAL_Driver/Src/stm32f4xx_hal_exti.o] Error 1
make: *** [Drivers/STM32F4xx_HAL_Driver/Src/subdir.mk:70: Drivers/STM32F4xx_HAL_Driver/Src/stm32f4xx_hal_flash.o] Error 1
"make -j16 all" terminated with exit code 2. Build might be incomplete.

12:08:35 Build Failed. 27 errors, 0 warnings. (took 420ms)

