2023-10-21 08:29:31,099 [INFO] Activator:176 - 


2023-10-21 08:29:31,099 [INFO] Activator:177 - !SESSION log4j initialized
2023-10-21 08:29:36,998 [INFO] LogOutputStream:77 - [STDOUT_REDIRECT] 
2023-10-21 08:29:39,312 [INFO] ApplicationProperties:184 - Using Application install path: D:\STM32IDE\STM32CubeIDE_1.13.1\STM32CubeIDE\plugins\com.st.stm32cube.common.mx_6.9.2.202309101412
2023-10-21 08:29:39,331 [INFO] DbMcusXml:78 - Set database path to: D:\STM32IDE\STM32CubeIDE_1.13.1\STM32CubeIDE\plugins\com.st.stm32cube.common.mx_6.9.2.202309101412\\db\/mcu/
2023-10-21 08:29:39,331 [INFO] ApiDb:274 - Set plugin database path to: D:\STM32IDE\STM32CubeIDE_1.13.1\STM32CubeIDE\plugins\com.st.stm32cube.common.mx_6.9.2.202309101412\\db\/plugins/boardmanager/
2023-10-21 08:29:39,331 [WARN] ApiDb:259 - Overriding images path with different value:  => D:\STM32IDE\STM32CubeIDE_1.13.1\STM32CubeIDE\plugins\com.st.stm32cube.common.mx_6.9.2.202309101412\\db\/plugins/mcufinder/images/
2023-10-21 08:29:39,350 [INFO] ApiDb:250 - Set database path to: C:\Users\ARYAN\.stmcufinder\plugins\mcufinder//mcu/
2023-10-21 08:29:39,352 [INFO] DbMcusAds:125 - Set database path to: C:\Users\ARYAN\.stmcufinder\plugins\mcufinder//mcu/
2023-10-21 08:29:39,353 [INFO] CrossReferenceDbSqlite:203 - Set database path to: C:\Users\ARYAN\.stmcufinder\plugins\mcufinder//mcu/cs/
2023-10-21 08:29:39,478 [INFO] RulesReader:64 - Compatibility file has been processed (293 Rules)
2023-10-21 08:29:39,608 [INFO] DbMcusXml:78 - Set database path to: D:\STM32IDE\STM32CubeIDE_1.13.1\STM32CubeIDE\plugins\com.st.stm32cube.common.mx_6.9.2.202309101412\\db\/mcu/
2023-10-21 08:29:39,608 [INFO] ApiDb:274 - Set plugin database path to: D:\STM32IDE\STM32CubeIDE_1.13.1\STM32CubeIDE\plugins\com.st.stm32cube.common.mx_6.9.2.202309101412\\db\/plugins/boardmanager/
2023-10-21 08:29:39,608 [INFO] ApiDb:261 - Set plugin images path to: D:\STM32IDE\STM32CubeIDE_1.13.1\STM32CubeIDE\plugins\com.st.stm32cube.common.mx_6.9.2.202309101412\\db\/plugins/mcufinder/images/
2023-10-21 08:29:39,609 [WARN] DbFile:41 - Overriding database path with different value: C:\Users\ARYAN\.stmcufinder\plugins\mcufinder/ => C:\Users\ARYAN\.stmcufinder\plugins\mcufinder
2023-10-21 08:29:39,609 [INFO] ApiDb:250 - Set database path to: C:\Users\ARYAN\.stmcufinder\plugins\mcufinder//mcu/
2023-10-21 08:29:39,609 [WARN] DbFile:41 - Overriding database path with different value: C:\Users\ARYAN\.stmcufinder\plugins\mcufinder/ => C:\Users\ARYAN\.stmcufinder\plugins\mcufinder
2023-10-21 08:29:39,609 [INFO] DbMcusAds:125 - Set database path to: C:\Users\ARYAN\.stmcufinder\plugins\mcufinder//mcu/
2023-10-21 08:29:39,609 [WARN] DbFile:41 - Overriding database path with different value: C:\Users\ARYAN\.stmcufinder\plugins\mcufinder/ => C:\Users\ARYAN\.stmcufinder\plugins\mcufinder
2023-10-21 08:29:39,609 [WARN] DbFile:41 - Overriding database path with different value: C:\Users\ARYAN\.stmcufinder\plugins\mcufinder/ => C:\Users\ARYAN\.stmcufinder\plugins\mcufinder
2023-10-21 08:29:39,610 [INFO] CrossReferenceDbSqlite:203 - Set database path to: C:\Users\ARYAN\.stmcufinder\plugins\mcufinder//mcu/cs/
2023-10-21 08:29:39,710 [INFO] MainPanel:262 - HeapMemory: 268435456
2023-10-21 08:29:39,832 [INFO] DbMcusXml:78 - Set database path to: D:\STM32IDE\STM32CubeIDE_1.13.1\STM32CubeIDE\plugins\com.st.stm32cube.common.mx_6.9.2.202309101412\\db\/mcu/
2023-10-21 08:29:39,832 [INFO] ApiDb:274 - Set plugin database path to: D:\STM32IDE\STM32CubeIDE_1.13.1\STM32CubeIDE\plugins\com.st.stm32cube.common.mx_6.9.2.202309101412\\db\/plugins/boardmanager/
2023-10-21 08:29:39,832 [INFO] ApiDb:261 - Set plugin images path to: D:\STM32IDE\STM32CubeIDE_1.13.1\STM32CubeIDE\plugins\com.st.stm32cube.common.mx_6.9.2.202309101412\\db\/plugins/mcufinder/images/
2023-10-21 08:29:39,833 [WARN] DbFile:41 - Overriding database path with different value: C:\Users\ARYAN\.stmcufinder\plugins\mcufinder/ => C:\Users\ARYAN\.stmcufinder\plugins\mcufinder
2023-10-21 08:29:39,833 [INFO] ApiDb:250 - Set database path to: C:\Users\ARYAN\.stmcufinder\plugins\mcufinder//mcu/
2023-10-21 08:29:39,833 [WARN] DbFile:41 - Overriding database path with different value: C:\Users\ARYAN\.stmcufinder\plugins\mcufinder/ => C:\Users\ARYAN\.stmcufinder\plugins\mcufinder
2023-10-21 08:29:39,833 [INFO] DbMcusAds:125 - Set database path to: C:\Users\ARYAN\.stmcufinder\plugins\mcufinder//mcu/
2023-10-21 08:29:39,833 [WARN] DbFile:41 - Overriding database path with different value: C:\Users\ARYAN\.stmcufinder\plugins\mcufinder/ => C:\Users\ARYAN\.stmcufinder\plugins\mcufinder
2023-10-21 08:29:39,834 [WARN] DbFile:41 - Overriding database path with different value: C:\Users\ARYAN\.stmcufinder\plugins\mcufinder/ => C:\Users\ARYAN\.stmcufinder\plugins\mcufinder
2023-10-21 08:29:39,834 [INFO] CrossReferenceDbSqlite:203 - Set database path to: C:\Users\ARYAN\.stmcufinder\plugins\mcufinder//mcu/cs/
2023-10-21 08:29:39,856 [INFO] ApplicationProperties:184 - Using Application install path: D:\STM32IDE\STM32CubeIDE_1.13.1\STM32CubeIDE\plugins\com.st.stm32cube.common.mx_6.9.2.202309101412
2023-10-21 08:29:39,857 [INFO] PluginManage:196 - Search for loadable plugins [exclusion list=, ]
2023-10-21 08:29:39,859 [INFO] PluginManage:310 - Check plugin analytics
2023-10-21 08:29:40,056 [INFO] AnalyticsPlugin:253 - Accepted Software Licenses: STM32CubeMX.6.9.2
2023-10-21 08:29:40,056 [INFO] AnalyticsPlugin:255 - Accepted CMSIS Pack Licenses: 
2023-10-21 08:29:40,056 [INFO] AnalyticsPlugin:257 - Accepted Firmware Licenses: FW.F4.1.27.0
2023-10-21 08:29:40,061 [INFO] PluginManage:359 - Loaded plugin analytics (category:tool,tabindex:-1)
2023-10-21 08:29:40,062 [INFO] PluginManage:310 - Check plugin cadmodel
2023-10-21 08:29:40,080 [INFO] CADModel:105 - Init CAD model plugin
2023-10-21 08:29:40,080 [INFO] PluginManage:359 - Loaded plugin cadmodel (category:power,tabindex:5)
2023-10-21 08:29:40,080 [INFO] PluginManage:310 - Check plugin clock
2023-10-21 08:29:40,195 [INFO] PluginManage:359 - Loaded plugin clock (category:base,tabindex:2)
2023-10-21 08:29:40,195 [INFO] PluginManage:310 - Check plugin ddr
2023-10-21 08:29:40,198 [INFO] PluginManage:359 - Loaded plugin ddr (category:tool,tabindex:6)
2023-10-21 08:29:40,198 [INFO] PluginManage:310 - Check plugin filemanager
2023-10-21 08:29:40,349 [INFO] PluginManage:359 - Loaded plugin filemanager (category:base,tabindex:10)
2023-10-21 08:29:40,350 [INFO] PluginManage:310 - Check plugin ipmanager
2023-10-21 08:29:40,361 [INFO] PluginManage:359 - Loaded plugin ipmanager (category:base,tabindex:5)
2023-10-21 08:29:40,361 [INFO] PluginManage:310 - Check plugin lpbam
2023-10-21 08:29:40,381 [INFO] PluginManage:359 - Loaded plugin lpbam (category:base,tabindex:0)
2023-10-21 08:29:40,381 [INFO] PluginManage:310 - Check plugin memorymap
2023-10-21 08:29:40,412 [INFO] PluginManage:359 - Loaded plugin memorymap (category:base,tabindex:4)
2023-10-21 08:29:40,412 [INFO] PluginManage:310 - Check plugin pinoutandconfiguration
2023-10-21 08:29:40,430 [INFO] PluginManage:359 - Loaded plugin pinoutandconfiguration (category:base,tabindex:1)
2023-10-21 08:29:40,430 [INFO] PluginManage:310 - Check plugin pinoutconfig
2023-10-21 08:29:40,602 [WARN] SupportedApi:132 - Cannot load RTOS API schema: s4s-elt-must-match.1: The content of 'definitions' must match (annotation?, (simpleType | complexType)?, (unique | key | keyref)*)). A problem was found starting at: attribute.
2023-10-21 08:29:40,773 [INFO] PluginManage:359 - Loaded plugin pinoutconfig (category:base,tabindex:0)
2023-10-21 08:29:40,773 [INFO] PluginManage:310 - Check plugin power
2023-10-21 08:29:40,795 [INFO] PluginManage:359 - Loaded plugin power (category:power,tabindex:4)
2023-10-21 08:29:40,795 [INFO] PluginManage:310 - Check plugin projectmanager
2023-10-21 08:29:40,809 [INFO] PluginManage:359 - Loaded plugin projectmanager (category:projectmanager,tabindex:3)
2023-10-21 08:29:40,810 [INFO] PluginManage:310 - Check plugin thirdparty
2023-10-21 08:29:41,104 [INFO] PluginManage:359 - Loaded plugin thirdparty (category:base,tabindex:-1)
2023-10-21 08:29:41,104 [WARN] IntegrityCheckThread:84 - waiting for thirdparty lock release [integrity check]
2023-10-21 08:29:41,104 [INFO] PluginManage:310 - Check plugin tools
2023-10-21 08:29:41,104 [INFO] IntegrityCheckThread:86 - entering critical section [integrity check]
2023-10-21 08:29:41,105 [INFO] ThirdPartyUpdaterWithRetryManager:70 - Updater plugin not ready yet. [1/15]
2023-10-21 08:29:41,135 [INFO] PluginManage:359 - Loaded plugin tools (category:base,tabindex:7)
2023-10-21 08:29:41,135 [INFO] PluginManage:310 - Check plugin tutovideos
2023-10-21 08:29:41,375 [INFO] PluginManage:359 - Loaded plugin tutovideos (category:base,tabindex:-1)
2023-10-21 08:29:41,375 [INFO] PluginManage:310 - Check plugin updater
2023-10-21 08:29:41,389 [INFO] PluginManage:359 - Loaded plugin updater (category:base,tabindex:12)
2023-10-21 08:29:41,390 [INFO] PluginManage:310 - Check plugin userauth
2023-10-21 08:29:41,397 [INFO] UserAuth:113 - Init User Auth plugin
2023-10-21 08:29:41,397 [INFO] PluginManage:359 - Loaded plugin userauth (category:base,tabindex:14)
2023-10-21 08:29:41,397 [INFO] PluginManage:283 - PluginManage : Loaded plugins [17]
2023-10-21 08:29:42,621 [INFO] PinOutPanel:1499 - setPackage(No Configuration,No Configuration)
2023-10-21 08:29:42,741 [INFO] CADModel:165 - CPN selected for project level
2023-10-21 08:29:42,741 [INFO] CADModel:114 - Register for checkConnection events
2023-10-21 08:29:42,769 [INFO] IPUIPlugin:80 - create IPUIPlugin
2023-10-21 08:29:42,770 [INFO] PluginManager:220 - loadIPPluginJar : add adc
2023-10-21 08:29:42,801 [INFO] IPUIPlugin:80 - create IPUIPlugin
2023-10-21 08:29:42,801 [INFO] PluginManager:220 - loadIPPluginJar : add aes
2023-10-21 08:29:42,837 [INFO] IPUIPlugin:80 - create IPUIPlugin
2023-10-21 08:29:42,837 [INFO] PluginManager:220 - loadIPPluginJar : add can
2023-10-21 08:29:42,856 [INFO] IPUIPlugin:80 - create IPUIPlugin
2023-10-21 08:29:42,856 [INFO] PluginManager:220 - loadIPPluginJar : add comp
2023-10-21 08:29:42,885 [INFO] IPUIPlugin:80 - create IPUIPlugin
2023-10-21 08:29:42,885 [INFO] PluginManager:220 - loadIPPluginJar : add cryp
2023-10-21 08:29:43,343 [INFO] IPUIPlugin:80 - create IPUIPlugin
2023-10-21 08:29:43,385 [INFO] PluginManager:220 - loadIPPluginJar : add dfsdm
2023-10-21 08:29:43,575 [INFO] IPUIPlugin:80 - create IPUIPlugin
2023-10-21 08:29:43,576 [INFO] PluginManager:220 - loadIPPluginJar : add dma
2023-10-21 08:29:43,613 [INFO] IPUIPlugin:80 - create IPUIPlugin
2023-10-21 08:29:43,614 [INFO] PluginManager:220 - loadIPPluginJar : add dma3
2023-10-21 08:29:43,631 [INFO] IPUIPlugin:80 - create IPUIPlugin
2023-10-21 08:29:43,631 [INFO] PluginManager:220 - loadIPPluginJar : add fatfs
2023-10-21 08:29:43,671 [INFO] IPUIPlugin:80 - create IPUIPlugin
2023-10-21 08:29:43,672 [INFO] PluginManager:220 - loadIPPluginJar : add fmc
2023-10-21 08:29:43,684 [INFO] IPUIPlugin:80 - create IPUIPlugin
2023-10-21 08:29:43,685 [INFO] PluginManager:220 - loadIPPluginJar : add freertos
2023-10-21 08:29:43,703 [INFO] IPUIPlugin:80 - create IPUIPlugin
2023-10-21 08:29:43,703 [INFO] PluginManager:220 - loadIPPluginJar : add genericplugin
2023-10-21 08:29:43,782 [INFO] IPUIPlugin:80 - create IPUIPlugin
2023-10-21 08:29:43,783 [INFO] PluginManager:220 - loadIPPluginJar : add gfxmmu
2023-10-21 08:29:43,898 [INFO] IPUIPlugin:80 - create IPUIPlugin
2023-10-21 08:29:43,899 [INFO] PluginManager:220 - loadIPPluginJar : add gic
2023-10-21 08:29:43,909 [INFO] IPUIPlugin:80 - create IPUIPlugin
2023-10-21 08:29:43,910 [INFO] PluginManager:220 - loadIPPluginJar : add gpio
2023-10-21 08:29:43,986 [INFO] IPUIPlugin:80 - create IPUIPlugin
2023-10-21 08:29:43,987 [INFO] PluginManager:220 - loadIPPluginJar : add gtzc
2023-10-21 08:29:44,014 [INFO] IPUIPlugin:80 - create IPUIPlugin
2023-10-21 08:29:44,015 [INFO] PluginManager:220 - loadIPPluginJar : add hash
2023-10-21 08:29:44,058 [INFO] IPUIPlugin:80 - create IPUIPlugin
2023-10-21 08:29:44,058 [INFO] PluginManager:220 - loadIPPluginJar : add i2c
2023-10-21 08:29:44,091 [INFO] IPUIPlugin:80 - create IPUIPlugin
2023-10-21 08:29:44,092 [INFO] PluginManager:220 - loadIPPluginJar : add i2s
2023-10-21 08:29:44,107 [INFO] ThirdPartyUpdaterWithRetryManager:70 - Updater plugin not ready yet. [2/15]
2023-10-21 08:29:44,127 [INFO] IPUIPlugin:80 - create IPUIPlugin
2023-10-21 08:29:44,127 [INFO] PluginManager:220 - loadIPPluginJar : add i3c
2023-10-21 08:29:44,217 [INFO] IPUIPlugin:80 - create IPUIPlugin
2023-10-21 08:29:44,218 [INFO] PluginManager:220 - loadIPPluginJar : add ipddr
2023-10-21 08:29:44,310 [INFO] IPUIPlugin:80 - create IPUIPlugin
2023-10-21 08:29:44,310 [INFO] PluginManager:220 - loadIPPluginJar : add linkedlist
2023-10-21 08:29:44,347 [INFO] IPUIPlugin:80 - create IPUIPlugin
2023-10-21 08:29:44,347 [INFO] PluginManager:220 - loadIPPluginJar : add lorawan
2023-10-21 08:29:44,379 [INFO] IPUIPlugin:80 - create IPUIPlugin
2023-10-21 08:29:44,379 [INFO] PluginManager:220 - loadIPPluginJar : add ltdc
2023-10-21 08:29:44,393 [INFO] IPUIPlugin:80 - create IPUIPlugin
2023-10-21 08:29:44,393 [INFO] PluginManager:220 - loadIPPluginJar : add mdma
2023-10-21 08:29:44,399 [INFO] IPUIPlugin:80 - create IPUIPlugin
2023-10-21 08:29:44,399 [INFO] PluginManager:220 - loadIPPluginJar : add nvic
2023-10-21 08:29:44,429 [INFO] IPUIPlugin:80 - create IPUIPlugin
2023-10-21 08:29:44,429 [INFO] PluginManager:220 - loadIPPluginJar : add opamp
2023-10-21 08:29:44,481 [INFO] IPUIPlugin:80 - create IPUIPlugin
2023-10-21 08:29:44,481 [INFO] PluginManager:220 - loadIPPluginJar : add openamp
2023-10-21 08:29:44,519 [INFO] IPUIPlugin:80 - create IPUIPlugin
2023-10-21 08:29:44,519 [INFO] PluginManager:220 - loadIPPluginJar : add pdm2pcm
2023-10-21 08:29:44,529 [INFO] IPUIPlugin:80 - create IPUIPlugin
2023-10-21 08:29:44,529 [INFO] PluginManager:220 - loadIPPluginJar : add plateformsettings
2023-10-21 08:29:44,550 [INFO] IPUIPlugin:80 - create IPUIPlugin
2023-10-21 08:29:44,550 [INFO] PluginManager:220 - loadIPPluginJar : add quadspi
2023-10-21 08:29:44,559 [INFO] IPUIPlugin:80 - create IPUIPlugin
2023-10-21 08:29:44,559 [INFO] PluginManager:220 - loadIPPluginJar : add resmgrutility
2023-10-21 08:29:44,600 [INFO] IPUIPlugin:80 - create IPUIPlugin
2023-10-21 08:29:44,600 [INFO] PluginManager:220 - loadIPPluginJar : add sai
2023-10-21 08:29:44,630 [INFO] IPUIPlugin:80 - create IPUIPlugin
2023-10-21 08:29:44,630 [INFO] PluginManager:220 - loadIPPluginJar : add spi
2023-10-21 08:29:44,681 [INFO] IPUIPlugin:80 - create IPUIPlugin
2023-10-21 08:29:44,681 [INFO] PluginManager:220 - loadIPPluginJar : add stm32_wpan
2023-10-21 08:29:44,700 [INFO] IPUIPlugin:80 - create IPUIPlugin
2023-10-21 08:29:44,700 [INFO] PluginManager:220 - loadIPPluginJar : add tim
2023-10-21 08:29:44,751 [INFO] IPUIPlugin:80 - create IPUIPlugin
2023-10-21 08:29:44,751 [INFO] PluginManager:220 - loadIPPluginJar : add touchsensing
2023-10-21 08:29:44,771 [INFO] IPUIPlugin:80 - create IPUIPlugin
2023-10-21 08:29:44,771 [INFO] PluginManager:220 - loadIPPluginJar : add tracer_emb
2023-10-21 08:29:44,792 [INFO] IPUIPlugin:80 - create IPUIPlugin
2023-10-21 08:29:44,792 [INFO] PluginManager:220 - loadIPPluginJar : add ts
2023-10-21 08:29:44,811 [INFO] IPUIPlugin:80 - create IPUIPlugin
2023-10-21 08:29:44,811 [INFO] PluginManager:220 - loadIPPluginJar : add tsc
2023-10-21 08:29:44,826 [INFO] IPUIPlugin:80 - create IPUIPlugin
2023-10-21 08:29:44,826 [INFO] PluginManager:220 - loadIPPluginJar : add ucpd
2023-10-21 08:29:44,870 [INFO] IPUIPlugin:80 - create IPUIPlugin
2023-10-21 08:29:44,870 [INFO] PluginManager:220 - loadIPPluginJar : add usart
2023-10-21 08:29:44,909 [INFO] IPUIPlugin:80 - create IPUIPlugin
2023-10-21 08:29:44,909 [INFO] PluginManager:220 - loadIPPluginJar : add usbx
2023-10-21 08:29:45,034 [INFO] CADModel:165 - CPN selected for project level
2023-10-21 08:29:45,034 [INFO] CADModel:114 - Register for checkConnection events
2023-10-21 08:29:45,034 [FATAL] Updater:308 - Updater called before beeing initialized
2023-10-21 08:29:45,034 [ERROR] CADModel:125 - Updater not yet initialized, retry later 
2023-10-21 08:29:45,200 [INFO] CADModel:165 - CPN selected for project level
2023-10-21 08:29:45,200 [INFO] CADModel:114 - Register for checkConnection events
2023-10-21 08:29:45,200 [FATAL] Updater:308 - Updater called before beeing initialized
2023-10-21 08:29:45,200 [ERROR] CADModel:125 - Updater not yet initialized, retry later 
2023-10-21 08:29:45,207 [FATAL] Updater:308 - Updater called before beeing initialized
2023-10-21 08:29:45,319 [FATAL] Updater:308 - Updater called before beeing initialized
2023-10-21 08:29:45,334 [INFO] DbMcusAds:53 - JSON generation date=Tue Mar 07 14:20:55 IST 2023 (1678179055114)
2023-10-21 08:29:45,334 [FATAL] Updater:308 - Updater called before beeing initialized
2023-10-21 08:29:45,405 [WARN] DetailPanel:346 - Failed to get advertising image, set to default
2023-10-21 08:29:45,492 [FATAL] Updater:308 - Updater called before beeing initialized
2023-10-21 08:29:45,494 [FATAL] Updater:308 - Updater called before beeing initialized
2023-10-21 08:29:45,495 [FATAL] Updater:308 - Updater called before beeing initialized
2023-10-21 08:29:45,495 [WARN] DetailPanel:346 - Failed to get advertising image, set to default
2023-10-21 08:29:45,495 [FATAL] Updater:308 - Updater called before beeing initialized
2023-10-21 08:29:45,550 [ERROR] Updater:1120 - MainUpdater not yet initialized. External WinMGr cannot be set.
2023-10-21 08:29:45,559 [INFO] Updater:1056 - Updater Version found : 6.9.2
2023-10-21 08:29:45,579 [INFO] ApplicationProperties:184 - Using Application install path: D:\STM32IDE\STM32CubeIDE_1.13.1\STM32CubeIDE\plugins\com.st.stm32cube.common.mx_6.9.2.202309101412
2023-10-21 08:29:46,092 [INFO] MainUpdater:2868 - connection check result : 10
2023-10-21 08:29:46,093 [INFO] MainUpdater:285 - Updater Check For Update Now.
2023-10-21 08:29:46,093 [INFO] MicroXplorer:498 - Change Database Version : DB.6.0.92
2023-10-21 08:29:46,113 [INFO] McuFinderGlobals:63 - Set McuFinder mode to 2 (CubeIDE integrated)
2023-10-21 08:29:46,333 [INFO] CheckServerUpdateThread:120 - End of CheckServer Thread
2023-10-21 08:29:47,291 [WARN] PackLoader:240 - Cannot read IP mode file for STMicroelectronics.X-CUBE-SMBUS.2.1.0
2023-10-21 08:29:47,329 [WARN] PackLoader:240 - Cannot read IP mode file for STMicroelectronics.X-CUBE-AZRTOS-F7.1.1.0
2023-10-21 08:29:47,360 [WARN] PackLoader:240 - Cannot read IP mode file for STMicroelectronics.FP-SNS-MOTENV1.4.3.2
2023-10-21 08:29:47,371 [WARN] PackLoader:240 - Cannot read IP mode file for STMicroelectronics.FP-SNS-FLIGHT1.5.0.2
2023-10-21 08:29:47,396 [WARN] PackLoader:240 - Cannot read IP mode file for STMicroelectronics.X-CUBE-DISPLAY.3.0.0
2023-10-21 08:29:47,421 [WARN] PackLoader:240 - Cannot read IP mode file for STMicroelectronics.X-CUBE-BLE1.7.0.0
2023-10-21 08:29:47,435 [WARN] PackLoader:240 - Cannot read IP mode file for emotas.I-CUBE-CANOPEN.1.3.0
2023-10-21 08:29:47,451 [WARN] PackLoader:240 - Cannot read IP mode file for STMicroelectronics.X-CUBE-TOUCHGFX.4.22.0
2023-10-21 08:29:47,463 [WARN] PackLoader:240 - Cannot read IP mode file for STMicroelectronics.X-CUBE-TOUCHGFX.4.22.1
2023-10-21 08:29:47,477 [WARN] PackLoader:240 - Cannot read IP mode file for STMicroelectronics.FP-SNS-SMARTAG2.1.2.0
2023-10-21 08:29:47,497 [INFO] LogOutputStream:77 - [STDOUT_REDIRECT] 1 : Invalid condition id : UX_CORESTACK_Condition cause : null
2023-10-21 08:29:47,497 [INFO] LogOutputStream:77 - [STDOUT_REDIRECT] 1 : Invalid condition id : UX_CORESTACK_Condition cause : null
2023-10-21 08:29:47,498 [INFO] LogOutputStream:77 - [STDOUT_REDIRECT] 1 : Invalid condition id : UX_CORESTACK_Condition cause : null
2023-10-21 08:29:47,499 [INFO] LogOutputStream:77 - [STDOUT_REDIRECT] 1 : Invalid condition id : UX_CORESTACK_Condition cause : null
2023-10-21 08:29:47,500 [INFO] LogOutputStream:77 - [STDOUT_REDIRECT] 1 : Invalid condition id : UX_CORESTACK_Condition cause : null
2023-10-21 08:29:47,503 [WARN] PackLoader:240 - Cannot read IP mode file for STMicroelectronics.X-CUBE-AZRTOS-WL.2.0.0
2023-10-21 08:29:47,517 [WARN] PackLoader:240 - Cannot read IP mode file for WES.I-CUBE-Cesium.1.3.0
2023-10-21 08:29:47,529 [WARN] PackLoader:240 - Cannot read IP mode file for STMicroelectronics.X-CUBE-BLE2.3.3.0
2023-10-21 08:29:47,542 [WARN] PackLoader:240 - Cannot read IP mode file for STMicroelectronics.X-CUBE-ALGOBUILD.1.3.0
2023-10-21 08:29:47,567 [WARN] PackLoader:240 - Cannot read IP mode file for STMicroelectronics.X-CUBE-AZRTOS-G0.1.1.0
2023-10-21 08:29:47,583 [WARN] PackLoader:240 - Cannot read IP mode file for STMicroelectronics.X-CUBE-NFC4.3.0.0
2023-10-21 08:29:47,594 [WARN] PackLoader:240 - Cannot read IP mode file for STMicroelectronics.FP-ATR-SIGFOX1.3.2.0
2023-10-21 08:29:47,619 [WARN] PackLoader:240 - Cannot read IP mode file for SEGGER.I-CUBE-embOS.1.3.1
2023-10-21 08:29:47,672 [WARN] PackLoader:240 - Cannot read IP mode file for STMicroelectronics.X-CUBE-GNSS1.6.0.0
2023-10-21 08:29:47,705 [WARN] PackLoader:240 - Cannot read IP mode file for STMicroelectronics.X-CUBE-AZRTOS-F4.1.1.0
2023-10-21 08:29:47,931 [WARN] PackLoader:240 - Cannot read IP mode file for wolfSSL.I-CUBE-wolfSSL.5.6.3
2023-10-21 08:29:48,095 [WARN] PackLoader:240 - Cannot read IP mode file for STMicroelectronics.X-CUBE-AZRTOS-L5.2.0.0
2023-10-21 08:29:48,148 [WARN] PackLoader:240 - Cannot read IP mode file for STMicroelectronics.X-CUBE-MEMS1.9.6.0
2023-10-21 08:29:48,262 [WARN] PackLoader:240 - Cannot read IP mode file for ITTIA_DB.I-CUBE-ITTIADB.8.8.0
2023-10-21 08:29:48,285 [WARN] PackLoader:240 - Cannot read IP mode file for STMicroelectronics.X-CUBE-BLEMGR.2.0.0
2023-10-21 08:29:48,355 [WARN] ConditionMgr:438 - getConditionDescription Invalid condition id : UX DEVICE CLASS RTOS Condition cause : null
2023-10-21 08:29:48,355 [WARN] ConditionMgr:438 - getConditionDescription Invalid condition id : UX DEVICE CLASS RTOS Condition cause : null
2023-10-21 08:29:48,365 [WARN] PackLoader:240 - Cannot read IP mode file for STMicroelectronics.X-CUBE-AZRTOS-H7.3.1.0
2023-10-21 08:29:48,365 [WARN] ConditionMgr:1039 - genDependencies : Invalid condition id : UX DEVICE CLASS RTOS Condition cause : null
2023-10-21 08:29:48,365 [WARN] ConditionMgr:1039 - genDependencies : Invalid condition id : UX DEVICE CLASS RTOS Condition cause : null
2023-10-21 08:29:48,365 [WARN] ConditionMgr:1039 - genDependencies : Invalid condition id : UX DEVICE CLASS RTOS Condition cause : null
2023-10-21 08:29:48,365 [WARN] ConditionMgr:1039 - genDependencies : Invalid condition id : UX DEVICE CLASS RTOS Condition cause : null
2023-10-21 08:29:48,365 [WARN] ConditionMgr:1039 - genDependencies : Invalid condition id : UX DEVICE CLASS RTOS Condition cause : null
2023-10-21 08:29:48,385 [WARN] PackLoader:240 - Cannot read IP mode file for STMicroelectronics.X-CUBE-NFC7.1.0.1
2023-10-21 08:29:48,405 [WARN] PackLoader:240 - Cannot read IP mode file for STMicroelectronics.X-CUBE-NFC6.3.0.0
2023-10-21 08:29:48,415 [WARN] PackLoader:240 - Cannot read IP mode file for STMicroelectronics.X-CUBE-EEPRMA1.4.1.0
2023-10-21 08:29:48,435 [WARN] PackLoader:240 - Cannot read IP mode file for STMicroelectronics.X-CUBE-AI.8.1.0
2023-10-21 08:29:48,475 [WARN] ConditionMgr:438 - getConditionDescription Invalid condition id : LAN8742 Phy interface Condition cause : null
2023-10-21 08:29:48,475 [WARN] PackLoader:240 - Cannot read IP mode file for STMicroelectronics.X-CUBE-AZRTOS-L4.2.0.0
2023-10-21 08:29:48,475 [WARN] ConditionMgr:1039 - genDependencies : Invalid condition id : LAN8742 Phy interface Condition cause : null
2023-10-21 08:29:48,475 [WARN] ConditionMgr:1039 - genDependencies : Invalid condition id : LAN8742 Phy interface Condition cause : null
2023-10-21 08:29:48,475 [WARN] ConditionMgr:1039 - genDependencies : Invalid condition id : LAN8742 Phy interface Condition cause : null
2023-10-21 08:29:48,496 [WARN] PackLoader:240 - Cannot read IP mode file for STMicroelectronics.X-CUBE-SFXS2LP1.4.0.0
2023-10-21 08:29:48,506 [WARN] PackLoader:240 - Cannot read IP mode file for STMicroelectronics.X-CUBE-ISPU.1.1.0
2023-10-21 08:29:48,526 [WARN] ConditionMgr:438 - getConditionDescription Invalid condition id : UX DEVICE CLASS RTOS Condition cause : null
2023-10-21 08:29:48,526 [WARN] ConditionMgr:438 - getConditionDescription Invalid condition id : UX DEVICE CLASS RTOS Condition cause : null
2023-10-21 08:29:48,536 [WARN] PackLoader:240 - Cannot read IP mode file for STMicroelectronics.X-CUBE-AZRTOS-WB.2.0.0
2023-10-21 08:29:48,536 [WARN] ConditionMgr:1039 - genDependencies : Invalid condition id : UX DEVICE CLASS RTOS Condition cause : null
2023-10-21 08:29:48,536 [WARN] ConditionMgr:1039 - genDependencies : Invalid condition id : UX DEVICE CLASS RTOS Condition cause : null
2023-10-21 08:29:48,536 [WARN] ConditionMgr:1039 - genDependencies : Invalid condition id : UX DEVICE CLASS RTOS Condition cause : null
2023-10-21 08:29:48,536 [WARN] ConditionMgr:1039 - genDependencies : Invalid condition id : UX DEVICE CLASS RTOS Condition cause : null
2023-10-21 08:29:48,536 [WARN] ConditionMgr:1039 - genDependencies : Invalid condition id : UX DEVICE CLASS RTOS Condition cause : null
2023-10-21 08:29:48,556 [WARN] PackLoader:240 - Cannot read IP mode file for STMicroelectronics.X-CUBE-SUBG2.5.0.0
2023-10-21 08:29:48,586 [WARN] PackLoader:240 - Cannot read IP mode file for STMicroelectronics.X-CUBE-TOF1.3.3.1
2023-10-21 08:29:48,616 [WARN] PackLoader:240 - Cannot read IP mode file for STMicroelectronics.X-CUBE-AZRTOS-G4.2.0.0
2023-10-21 08:29:48,646 [WARN] PackLoader:240 - Cannot read IP mode file for Infineon.AIROC-Wi-Fi-Bluetooth-STM32.1.5.1
2023-10-21 08:29:48,696 [WARN] PackLoader:240 - Cannot read IP mode file for STMicroelectronics.X-CUBE-MEMS1.10.0.0
2023-10-21 08:29:48,836 [WARN] PackLoader:240 - Cannot read IP mode file for STMicroelectronics.X-CUBE-FREERTOS.1.1.0
2023-10-21 08:29:48,896 [WARN] PackLoader:240 - Cannot read IP mode file for portGmbH.I-Cube-SoM-uGOAL.1.1.0
2023-10-21 08:29:49,450 [WARN] PackLoader:240 - Cannot read IP mode file for STMicroelectronics.X-CUBE-ALS.1.0.1
2023-10-21 08:29:49,464 [WARN] PackLoader:240 - Cannot read IP mode file for STMicroelectronics.FP-ATR-ASTRA1.2.0.0
2023-10-21 08:29:49,465 [INFO] ThirdParty:978 - Integrity check success = true
2023-10-21 08:29:49,465 [INFO] IntegrityCheckThread:100 - exiting critical section [integrity check]
2023-10-21 08:29:49,465 [INFO] IntegrityCheckThread:103 - End integrity checks thread
2023-10-21 08:29:59,076 [ERROR] LogOutputStream:75 - [STDERR_REDIRECT] SLF4J: Failed to load class "org.slf4j.impl.StaticLoggerBinder".
2023-10-21 08:29:59,077 [ERROR] LogOutputStream:75 - [STDERR_REDIRECT] SLF4J: Defaulting to no-operation (NOP) logger implementation
2023-10-21 08:29:59,078 [ERROR] LogOutputStream:75 - [STDERR_REDIRECT] SLF4J: See http://www.slf4j.org/codes.html#StaticLoggerBinder for further details.
