2023-09-26 05:21:27,952 [INFO] Activator:176 - 


2023-09-26 05:21:27,958 [INFO] Activator:177 - !SESSION log4j initialized
2023-09-26 05:21:33,651 [INFO] LogOutputStream:77 - [STDOUT_REDIRECT] 
2023-09-26 05:21:35,974 [INFO] ApplicationProperties:184 - Using Application install path: D:\STM32IDE\STM32CubeIDE_1.13.1\STM32CubeIDE\plugins\com.st.stm32cube.common.mx_6.9.2.202309101412
2023-09-26 05:21:35,995 [INFO] DbMcusXml:78 - Set database path to: D:\STM32IDE\STM32CubeIDE_1.13.1\STM32CubeIDE\plugins\com.st.stm32cube.common.mx_6.9.2.202309101412\\db\/mcu/
2023-09-26 05:21:35,995 [INFO] ApiDb:274 - Set plugin database path to: D:\STM32IDE\STM32CubeIDE_1.13.1\STM32CubeIDE\plugins\com.st.stm32cube.common.mx_6.9.2.202309101412\\db\/plugins/boardmanager/
2023-09-26 05:21:35,996 [WARN] ApiDb:259 - Overriding images path with different value:  => D:\STM32IDE\STM32CubeIDE_1.13.1\STM32CubeIDE\plugins\com.st.stm32cube.common.mx_6.9.2.202309101412\\db\/plugins/mcufinder/images/
2023-09-26 05:21:36,015 [INFO] ApiDb:250 - Set database path to: C:\Users\ARYAN\.stmcufinder\plugins\mcufinder//mcu/
2023-09-26 05:21:36,017 [INFO] DbMcusAds:125 - Set database path to: C:\Users\ARYAN\.stmcufinder\plugins\mcufinder//mcu/
2023-09-26 05:21:36,018 [INFO] CrossReferenceDbSqlite:203 - Set database path to: C:\Users\ARYAN\.stmcufinder\plugins\mcufinder//mcu/cs/
2023-09-26 05:21:36,144 [INFO] RulesReader:64 - Compatibility file has been processed (293 Rules)
2023-09-26 05:21:36,325 [INFO] DbMcusXml:78 - Set database path to: D:\STM32IDE\STM32CubeIDE_1.13.1\STM32CubeIDE\plugins\com.st.stm32cube.common.mx_6.9.2.202309101412\\db\/mcu/
2023-09-26 05:21:36,325 [INFO] ApiDb:274 - Set plugin database path to: D:\STM32IDE\STM32CubeIDE_1.13.1\STM32CubeIDE\plugins\com.st.stm32cube.common.mx_6.9.2.202309101412\\db\/plugins/boardmanager/
2023-09-26 05:21:36,325 [INFO] ApiDb:261 - Set plugin images path to: D:\STM32IDE\STM32CubeIDE_1.13.1\STM32CubeIDE\plugins\com.st.stm32cube.common.mx_6.9.2.202309101412\\db\/plugins/mcufinder/images/
2023-09-26 05:21:36,325 [WARN] DbFile:41 - Overriding database path with different value: C:\Users\ARYAN\.stmcufinder\plugins\mcufinder/ => C:\Users\ARYAN\.stmcufinder\plugins\mcufinder
2023-09-26 05:21:36,326 [INFO] ApiDb:250 - Set database path to: C:\Users\ARYAN\.stmcufinder\plugins\mcufinder//mcu/
2023-09-26 05:21:36,326 [WARN] DbFile:41 - Overriding database path with different value: C:\Users\ARYAN\.stmcufinder\plugins\mcufinder/ => C:\Users\ARYAN\.stmcufinder\plugins\mcufinder
2023-09-26 05:21:36,326 [INFO] DbMcusAds:125 - Set database path to: C:\Users\ARYAN\.stmcufinder\plugins\mcufinder//mcu/
2023-09-26 05:21:36,326 [WARN] DbFile:41 - Overriding database path with different value: C:\Users\ARYAN\.stmcufinder\plugins\mcufinder/ => C:\Users\ARYAN\.stmcufinder\plugins\mcufinder
2023-09-26 05:21:36,326 [WARN] DbFile:41 - Overriding database path with different value: C:\Users\ARYAN\.stmcufinder\plugins\mcufinder/ => C:\Users\ARYAN\.stmcufinder\plugins\mcufinder
2023-09-26 05:21:36,326 [INFO] CrossReferenceDbSqlite:203 - Set database path to: C:\Users\ARYAN\.stmcufinder\plugins\mcufinder//mcu/cs/
2023-09-26 05:21:36,407 [INFO] MainPanel:262 - HeapMemory: 268435456
2023-09-26 05:21:36,509 [INFO] DbMcusXml:78 - Set database path to: D:\STM32IDE\STM32CubeIDE_1.13.1\STM32CubeIDE\plugins\com.st.stm32cube.common.mx_6.9.2.202309101412\\db\/mcu/
2023-09-26 05:21:36,509 [INFO] ApiDb:274 - Set plugin database path to: D:\STM32IDE\STM32CubeIDE_1.13.1\STM32CubeIDE\plugins\com.st.stm32cube.common.mx_6.9.2.202309101412\\db\/plugins/boardmanager/
2023-09-26 05:21:36,509 [INFO] ApiDb:261 - Set plugin images path to: D:\STM32IDE\STM32CubeIDE_1.13.1\STM32CubeIDE\plugins\com.st.stm32cube.common.mx_6.9.2.202309101412\\db\/plugins/mcufinder/images/
2023-09-26 05:21:36,509 [WARN] DbFile:41 - Overriding database path with different value: C:\Users\ARYAN\.stmcufinder\plugins\mcufinder/ => C:\Users\ARYAN\.stmcufinder\plugins\mcufinder
2023-09-26 05:21:36,509 [INFO] ApiDb:250 - Set database path to: C:\Users\ARYAN\.stmcufinder\plugins\mcufinder//mcu/
2023-09-26 05:21:36,509 [WARN] DbFile:41 - Overriding database path with different value: C:\Users\ARYAN\.stmcufinder\plugins\mcufinder/ => C:\Users\ARYAN\.stmcufinder\plugins\mcufinder
2023-09-26 05:21:36,510 [INFO] DbMcusAds:125 - Set database path to: C:\Users\ARYAN\.stmcufinder\plugins\mcufinder//mcu/
2023-09-26 05:21:36,510 [WARN] DbFile:41 - Overriding database path with different value: C:\Users\ARYAN\.stmcufinder\plugins\mcufinder/ => C:\Users\ARYAN\.stmcufinder\plugins\mcufinder
2023-09-26 05:21:36,510 [WARN] DbFile:41 - Overriding database path with different value: C:\Users\ARYAN\.stmcufinder\plugins\mcufinder/ => C:\Users\ARYAN\.stmcufinder\plugins\mcufinder
2023-09-26 05:21:36,510 [INFO] CrossReferenceDbSqlite:203 - Set database path to: C:\Users\ARYAN\.stmcufinder\plugins\mcufinder//mcu/cs/
2023-09-26 05:21:36,530 [INFO] ApplicationProperties:184 - Using Application install path: D:\STM32IDE\STM32CubeIDE_1.13.1\STM32CubeIDE\plugins\com.st.stm32cube.common.mx_6.9.2.202309101412
2023-09-26 05:21:36,531 [INFO] PluginManage:196 - Search for loadable plugins [exclusion list=, ]
2023-09-26 05:21:36,532 [INFO] PluginManage:310 - Check plugin analytics
2023-09-26 05:21:36,703 [INFO] AnalyticsPlugin:253 - Accepted Software Licenses: STM32CubeMX.6.9.2
2023-09-26 05:21:36,703 [INFO] AnalyticsPlugin:255 - Accepted CMSIS Pack Licenses: 
2023-09-26 05:21:36,704 [INFO] AnalyticsPlugin:257 - Accepted Firmware Licenses: FW.F4.1.27.0
2023-09-26 05:21:36,707 [INFO] PluginManage:359 - Loaded plugin analytics (category:tool,tabindex:-1)
2023-09-26 05:21:36,707 [INFO] PluginManage:310 - Check plugin cadmodel
2023-09-26 05:21:36,722 [INFO] CADModel:105 - Init CAD model plugin
2023-09-26 05:21:36,722 [INFO] PluginManage:359 - Loaded plugin cadmodel (category:power,tabindex:5)
2023-09-26 05:21:36,722 [INFO] PluginManage:310 - Check plugin clock
2023-09-26 05:21:36,743 [INFO] PluginManage:359 - Loaded plugin clock (category:base,tabindex:2)
2023-09-26 05:21:36,744 [INFO] PluginManage:310 - Check plugin ddr
2023-09-26 05:21:36,747 [INFO] PluginManage:359 - Loaded plugin ddr (category:tool,tabindex:6)
2023-09-26 05:21:36,747 [INFO] PluginManage:310 - Check plugin filemanager
2023-09-26 05:21:36,888 [INFO] PluginManage:359 - Loaded plugin filemanager (category:base,tabindex:10)
2023-09-26 05:21:36,888 [INFO] PluginManage:310 - Check plugin ipmanager
2023-09-26 05:21:36,896 [INFO] PluginManage:359 - Loaded plugin ipmanager (category:base,tabindex:5)
2023-09-26 05:21:36,896 [INFO] PluginManage:310 - Check plugin lpbam
2023-09-26 05:21:36,912 [INFO] PluginManage:359 - Loaded plugin lpbam (category:base,tabindex:0)
2023-09-26 05:21:36,912 [INFO] PluginManage:310 - Check plugin memorymap
2023-09-26 05:21:36,937 [INFO] PluginManage:359 - Loaded plugin memorymap (category:base,tabindex:4)
2023-09-26 05:21:36,939 [INFO] PluginManage:310 - Check plugin pinoutandconfiguration
2023-09-26 05:21:36,954 [INFO] PluginManage:359 - Loaded plugin pinoutandconfiguration (category:base,tabindex:1)
2023-09-26 05:21:36,954 [INFO] PluginManage:310 - Check plugin pinoutconfig
2023-09-26 05:21:37,054 [WARN] SupportedApi:132 - Cannot load RTOS API schema: s4s-elt-must-match.1: The content of 'definitions' must match (annotation?, (simpleType | complexType)?, (unique | key | keyref)*)). A problem was found starting at: attribute.
2023-09-26 05:21:37,193 [INFO] PluginManage:359 - Loaded plugin pinoutconfig (category:base,tabindex:0)
2023-09-26 05:21:37,193 [INFO] PluginManage:310 - Check plugin power
2023-09-26 05:21:37,215 [INFO] PluginManage:359 - Loaded plugin power (category:power,tabindex:4)
2023-09-26 05:21:37,215 [INFO] PluginManage:310 - Check plugin projectmanager
2023-09-26 05:21:37,229 [INFO] PluginManage:359 - Loaded plugin projectmanager (category:projectmanager,tabindex:3)
2023-09-26 05:21:37,230 [INFO] PluginManage:310 - Check plugin thirdparty
2023-09-26 05:21:37,509 [INFO] PluginManage:359 - Loaded plugin thirdparty (category:base,tabindex:-1)
2023-09-26 05:21:37,509 [INFO] PluginManage:310 - Check plugin tools
2023-09-26 05:21:37,509 [WARN] IntegrityCheckThread:84 - waiting for thirdparty lock release [integrity check]
2023-09-26 05:21:37,509 [INFO] IntegrityCheckThread:86 - entering critical section [integrity check]
2023-09-26 05:21:37,510 [INFO] ThirdPartyUpdaterWithRetryManager:70 - Updater plugin not ready yet. [1/15]
2023-09-26 05:21:37,540 [INFO] PluginManage:359 - Loaded plugin tools (category:base,tabindex:7)
2023-09-26 05:21:37,541 [INFO] PluginManage:310 - Check plugin tutovideos
2023-09-26 05:21:37,747 [INFO] PluginManage:359 - Loaded plugin tutovideos (category:base,tabindex:-1)
2023-09-26 05:21:37,747 [INFO] PluginManage:310 - Check plugin updater
2023-09-26 05:21:37,759 [INFO] PluginManage:359 - Loaded plugin updater (category:base,tabindex:12)
2023-09-26 05:21:37,759 [INFO] PluginManage:310 - Check plugin userauth
2023-09-26 05:21:37,765 [INFO] UserAuth:113 - Init User Auth plugin
2023-09-26 05:21:37,765 [INFO] PluginManage:359 - Loaded plugin userauth (category:base,tabindex:14)
2023-09-26 05:21:37,766 [INFO] PluginManage:283 - PluginManage : Loaded plugins [17]
2023-09-26 05:21:38,015 [INFO] PinOutPanel:1499 - setPackage(No Configuration,No Configuration)
2023-09-26 05:21:38,125 [INFO] CADModel:165 - CPN selected for project level
2023-09-26 05:21:38,125 [INFO] CADModel:114 - Register for checkConnection events
2023-09-26 05:21:38,152 [INFO] IPUIPlugin:80 - create IPUIPlugin
2023-09-26 05:21:38,153 [INFO] PluginManager:220 - loadIPPluginJar : add adc
2023-09-26 05:21:38,182 [INFO] IPUIPlugin:80 - create IPUIPlugin
2023-09-26 05:21:38,182 [INFO] PluginManager:220 - loadIPPluginJar : add aes
2023-09-26 05:21:38,217 [INFO] IPUIPlugin:80 - create IPUIPlugin
2023-09-26 05:21:38,217 [INFO] PluginManager:220 - loadIPPluginJar : add can
2023-09-26 05:21:38,237 [INFO] IPUIPlugin:80 - create IPUIPlugin
2023-09-26 05:21:38,237 [INFO] PluginManager:220 - loadIPPluginJar : add comp
2023-09-26 05:21:38,267 [INFO] IPUIPlugin:80 - create IPUIPlugin
2023-09-26 05:21:38,267 [INFO] PluginManager:220 - loadIPPluginJar : add cryp
2023-09-26 05:21:38,296 [INFO] IPUIPlugin:80 - create IPUIPlugin
2023-09-26 05:21:38,296 [INFO] PluginManager:220 - loadIPPluginJar : add dfsdm
2023-09-26 05:21:38,309 [INFO] IPUIPlugin:80 - create IPUIPlugin
2023-09-26 05:21:38,309 [INFO] PluginManager:220 - loadIPPluginJar : add dma
2023-09-26 05:21:38,347 [INFO] IPUIPlugin:80 - create IPUIPlugin
2023-09-26 05:21:38,348 [INFO] PluginManager:220 - loadIPPluginJar : add dma3
2023-09-26 05:21:38,366 [INFO] IPUIPlugin:80 - create IPUIPlugin
2023-09-26 05:21:38,366 [INFO] PluginManager:220 - loadIPPluginJar : add fatfs
2023-09-26 05:21:38,405 [INFO] IPUIPlugin:80 - create IPUIPlugin
2023-09-26 05:21:38,405 [INFO] PluginManager:220 - loadIPPluginJar : add fmc
2023-09-26 05:21:38,418 [INFO] IPUIPlugin:80 - create IPUIPlugin
2023-09-26 05:21:38,419 [INFO] PluginManager:220 - loadIPPluginJar : add freertos
2023-09-26 05:21:38,436 [INFO] IPUIPlugin:80 - create IPUIPlugin
2023-09-26 05:21:38,436 [INFO] PluginManager:220 - loadIPPluginJar : add genericplugin
2023-09-26 05:21:38,515 [INFO] IPUIPlugin:80 - create IPUIPlugin
2023-09-26 05:21:38,515 [INFO] PluginManager:220 - loadIPPluginJar : add gfxmmu
2023-09-26 05:21:38,626 [INFO] IPUIPlugin:80 - create IPUIPlugin
2023-09-26 05:21:38,626 [INFO] PluginManager:220 - loadIPPluginJar : add gic
2023-09-26 05:21:38,638 [INFO] IPUIPlugin:80 - create IPUIPlugin
2023-09-26 05:21:38,638 [INFO] PluginManager:220 - loadIPPluginJar : add gpio
2023-09-26 05:21:38,713 [INFO] IPUIPlugin:80 - create IPUIPlugin
2023-09-26 05:21:38,713 [INFO] PluginManager:220 - loadIPPluginJar : add gtzc
2023-09-26 05:21:38,741 [INFO] IPUIPlugin:80 - create IPUIPlugin
2023-09-26 05:21:38,741 [INFO] PluginManager:220 - loadIPPluginJar : add hash
2023-09-26 05:21:38,784 [INFO] IPUIPlugin:80 - create IPUIPlugin
2023-09-26 05:21:38,784 [INFO] PluginManager:220 - loadIPPluginJar : add i2c
2023-09-26 05:21:38,817 [INFO] IPUIPlugin:80 - create IPUIPlugin
2023-09-26 05:21:38,818 [INFO] PluginManager:220 - loadIPPluginJar : add i2s
2023-09-26 05:21:38,852 [INFO] IPUIPlugin:80 - create IPUIPlugin
2023-09-26 05:21:38,852 [INFO] PluginManager:220 - loadIPPluginJar : add i3c
2023-09-26 05:21:38,936 [INFO] IPUIPlugin:80 - create IPUIPlugin
2023-09-26 05:21:38,937 [INFO] PluginManager:220 - loadIPPluginJar : add ipddr
2023-09-26 05:21:39,012 [INFO] IPUIPlugin:80 - create IPUIPlugin
2023-09-26 05:21:39,013 [INFO] PluginManager:220 - loadIPPluginJar : add linkedlist
2023-09-26 05:21:39,042 [INFO] IPUIPlugin:80 - create IPUIPlugin
2023-09-26 05:21:39,042 [INFO] PluginManager:220 - loadIPPluginJar : add lorawan
2023-09-26 05:21:39,072 [INFO] IPUIPlugin:80 - create IPUIPlugin
2023-09-26 05:21:39,072 [INFO] PluginManager:220 - loadIPPluginJar : add ltdc
2023-09-26 05:21:39,086 [INFO] IPUIPlugin:80 - create IPUIPlugin
2023-09-26 05:21:39,086 [INFO] PluginManager:220 - loadIPPluginJar : add mdma
2023-09-26 05:21:39,099 [INFO] IPUIPlugin:80 - create IPUIPlugin
2023-09-26 05:21:39,099 [INFO] PluginManager:220 - loadIPPluginJar : add nvic
2023-09-26 05:21:39,128 [INFO] IPUIPlugin:80 - create IPUIPlugin
2023-09-26 05:21:39,128 [INFO] PluginManager:220 - loadIPPluginJar : add opamp
2023-09-26 05:21:39,179 [INFO] IPUIPlugin:80 - create IPUIPlugin
2023-09-26 05:21:39,179 [INFO] PluginManager:220 - loadIPPluginJar : add openamp
2023-09-26 05:21:39,215 [INFO] IPUIPlugin:80 - create IPUIPlugin
2023-09-26 05:21:39,216 [INFO] PluginManager:220 - loadIPPluginJar : add pdm2pcm
2023-09-26 05:21:39,228 [INFO] IPUIPlugin:80 - create IPUIPlugin
2023-09-26 05:21:39,230 [INFO] PluginManager:220 - loadIPPluginJar : add plateformsettings
2023-09-26 05:21:39,250 [INFO] IPUIPlugin:80 - create IPUIPlugin
2023-09-26 05:21:39,250 [INFO] PluginManager:220 - loadIPPluginJar : add quadspi
2023-09-26 05:21:39,261 [INFO] IPUIPlugin:80 - create IPUIPlugin
2023-09-26 05:21:39,262 [INFO] PluginManager:220 - loadIPPluginJar : add resmgrutility
2023-09-26 05:21:39,301 [INFO] IPUIPlugin:80 - create IPUIPlugin
2023-09-26 05:21:39,301 [INFO] PluginManager:220 - loadIPPluginJar : add sai
2023-09-26 05:21:39,332 [INFO] IPUIPlugin:80 - create IPUIPlugin
2023-09-26 05:21:39,332 [INFO] PluginManager:220 - loadIPPluginJar : add spi
2023-09-26 05:21:39,378 [INFO] IPUIPlugin:80 - create IPUIPlugin
2023-09-26 05:21:39,378 [INFO] PluginManager:220 - loadIPPluginJar : add stm32_wpan
2023-09-26 05:21:39,398 [INFO] IPUIPlugin:80 - create IPUIPlugin
2023-09-26 05:21:39,398 [INFO] PluginManager:220 - loadIPPluginJar : add tim
2023-09-26 05:21:39,444 [INFO] IPUIPlugin:80 - create IPUIPlugin
2023-09-26 05:21:39,444 [INFO] PluginManager:220 - loadIPPluginJar : add touchsensing
2023-09-26 05:21:39,464 [INFO] IPUIPlugin:80 - create IPUIPlugin
2023-09-26 05:21:39,464 [INFO] PluginManager:220 - loadIPPluginJar : add tracer_emb
2023-09-26 05:21:39,483 [INFO] IPUIPlugin:80 - create IPUIPlugin
2023-09-26 05:21:39,483 [INFO] PluginManager:220 - loadIPPluginJar : add ts
2023-09-26 05:21:39,501 [INFO] IPUIPlugin:80 - create IPUIPlugin
2023-09-26 05:21:39,501 [INFO] PluginManager:220 - loadIPPluginJar : add tsc
2023-09-26 05:21:39,520 [INFO] IPUIPlugin:80 - create IPUIPlugin
2023-09-26 05:21:39,520 [INFO] PluginManager:220 - loadIPPluginJar : add ucpd
2023-09-26 05:21:39,556 [INFO] IPUIPlugin:80 - create IPUIPlugin
2023-09-26 05:21:39,556 [INFO] PluginManager:220 - loadIPPluginJar : add usart
2023-09-26 05:21:39,592 [INFO] IPUIPlugin:80 - create IPUIPlugin
2023-09-26 05:21:39,592 [INFO] PluginManager:220 - loadIPPluginJar : add usbx
2023-09-26 05:21:39,713 [INFO] CADModel:165 - CPN selected for project level
2023-09-26 05:21:39,714 [INFO] CADModel:114 - Register for checkConnection events
2023-09-26 05:21:39,714 [FATAL] Updater:308 - Updater called before beeing initialized
2023-09-26 05:21:39,714 [ERROR] CADModel:125 - Updater not yet initialized, retry later 
2023-09-26 05:21:39,867 [INFO] CADModel:165 - CPN selected for project level
2023-09-26 05:21:39,867 [INFO] CADModel:114 - Register for checkConnection events
2023-09-26 05:21:39,867 [FATAL] Updater:308 - Updater called before beeing initialized
2023-09-26 05:21:39,867 [ERROR] CADModel:125 - Updater not yet initialized, retry later 
2023-09-26 05:21:39,870 [FATAL] Updater:308 - Updater called before beeing initialized
2023-09-26 05:21:39,988 [FATAL] Updater:308 - Updater called before beeing initialized
2023-09-26 05:21:40,001 [INFO] DbMcusAds:53 - JSON generation date=Tue Mar 07 14:20:55 IST 2023 (1678179055114)
2023-09-26 05:21:40,001 [FATAL] Updater:308 - Updater called before beeing initialized
2023-09-26 05:21:40,074 [WARN] DetailPanel:346 - Failed to get advertising image, set to default
2023-09-26 05:21:40,158 [FATAL] Updater:308 - Updater called before beeing initialized
2023-09-26 05:21:40,160 [FATAL] Updater:308 - Updater called before beeing initialized
2023-09-26 05:21:40,160 [FATAL] Updater:308 - Updater called before beeing initialized
2023-09-26 05:21:40,160 [WARN] DetailPanel:346 - Failed to get advertising image, set to default
2023-09-26 05:21:40,161 [FATAL] Updater:308 - Updater called before beeing initialized
2023-09-26 05:21:40,220 [ERROR] Updater:1120 - MainUpdater not yet initialized. External WinMGr cannot be set.
2023-09-26 05:21:40,229 [INFO] Updater:1056 - Updater Version found : 6.9.2
2023-09-26 05:21:40,253 [INFO] ApplicationProperties:184 - Using Application install path: D:\STM32IDE\STM32CubeIDE_1.13.1\STM32CubeIDE\plugins\com.st.stm32cube.common.mx_6.9.2.202309101412
2023-09-26 05:21:40,511 [INFO] ThirdPartyUpdaterWithRetryManager:70 - Updater plugin not ready yet. [2/15]
2023-09-26 05:21:41,640 [INFO] MainUpdater:2868 - connection check result : 10
2023-09-26 05:21:41,640 [INFO] MainUpdater:3562 - Updater definition file requires update
2023-09-26 05:21:41,641 [INFO] MainUpdater:285 - Updater Check For Update Now.
2023-09-26 05:21:41,641 [INFO] MicroXplorer:498 - Change Database Version : DB.6.0.92
2023-09-26 05:21:41,655 [INFO] McuFinderGlobals:63 - Set McuFinder mode to 2 (CubeIDE integrated)
2023-09-26 05:21:43,192 [INFO] ServerAccessManage:473 - Download File updaters.zip
2023-09-26 05:21:43,301 [INFO] FileExtend:240 - Unzip File : updaters.zip
2023-09-26 05:21:43,301 [INFO] FileExtend:255 - Standard Zip Deflate
2023-09-26 05:21:43,512 [WARN] MainUpdater:1189 - Updater busy. Cannot search thirdparties
2023-09-26 05:21:43,513 [INFO] ThirdPartyUpdaterWithRetryManager:96 - Updater plugin is busy. [1/15]
2023-09-26 05:21:44,792 [INFO] ServerAccessManage:473 - Download File PacksControlFlags.xml
2023-09-26 05:21:45,593 [INFO] ServerAccessManage:473 - Download File cubemx.pidx
2023-09-26 05:21:45,693 [INFO] LoadServerUpdatesThread:373 - End of LoadServerUpdate Thread
2023-09-26 05:21:45,858 [INFO] CheckServerUpdateThread:120 - End of CheckServer Thread
2023-09-26 05:21:46,694 [WARN] PackLoader:240 - Cannot read IP mode file for STMicroelectronics.X-CUBE-SMBUS.2.1.0
2023-09-26 05:21:46,744 [WARN] PackLoader:240 - Cannot read IP mode file for STMicroelectronics.X-CUBE-AZRTOS-F7.1.1.0
2023-09-26 05:21:46,766 [WARN] PackLoader:240 - Cannot read IP mode file for STMicroelectronics.FP-SNS-MOTENV1.4.3.2
2023-09-26 05:21:46,781 [WARN] PackLoader:240 - Cannot read IP mode file for STMicroelectronics.FP-SNS-FLIGHT1.5.0.2
2023-09-26 05:21:46,797 [WARN] PackLoader:240 - Cannot read IP mode file for STMicroelectronics.X-CUBE-DISPLAY.3.0.0
2023-09-26 05:21:46,820 [WARN] PackLoader:240 - Cannot read IP mode file for STMicroelectronics.X-CUBE-BLE1.7.0.0
2023-09-26 05:21:46,834 [WARN] PackLoader:240 - Cannot read IP mode file for emotas.I-CUBE-CANOPEN.1.3.0
2023-09-26 05:21:46,850 [WARN] PackLoader:240 - Cannot read IP mode file for STMicroelectronics.X-CUBE-TOUCHGFX.4.22.0
2023-09-26 05:21:46,863 [WARN] PackLoader:240 - Cannot read IP mode file for STMicroelectronics.FP-SNS-SMARTAG2.1.2.0
2023-09-26 05:21:46,882 [INFO] LogOutputStream:77 - [STDOUT_REDIRECT] 1 : Invalid condition id : UX_CORESTACK_Condition cause : null
2023-09-26 05:21:46,883 [INFO] LogOutputStream:77 - [STDOUT_REDIRECT] 1 : Invalid condition id : UX_CORESTACK_Condition cause : null
2023-09-26 05:21:46,884 [INFO] LogOutputStream:77 - [STDOUT_REDIRECT] 1 : Invalid condition id : UX_CORESTACK_Condition cause : null
2023-09-26 05:21:46,885 [INFO] LogOutputStream:77 - [STDOUT_REDIRECT] 1 : Invalid condition id : UX_CORESTACK_Condition cause : null
2023-09-26 05:21:46,886 [INFO] LogOutputStream:77 - [STDOUT_REDIRECT] 1 : Invalid condition id : UX_CORESTACK_Condition cause : null
2023-09-26 05:21:46,891 [WARN] PackLoader:240 - Cannot read IP mode file for STMicroelectronics.X-CUBE-AZRTOS-WL.2.0.0
2023-09-26 05:21:46,909 [WARN] PackLoader:240 - Cannot read IP mode file for WES.I-CUBE-Cesium.1.3.0
2023-09-26 05:21:46,921 [WARN] PackLoader:240 - Cannot read IP mode file for STMicroelectronics.X-CUBE-BLE2.3.3.0
2023-09-26 05:21:46,933 [WARN] PackLoader:240 - Cannot read IP mode file for STMicroelectronics.X-CUBE-ALGOBUILD.1.3.0
2023-09-26 05:21:46,961 [WARN] PackLoader:240 - Cannot read IP mode file for STMicroelectronics.X-CUBE-AZRTOS-G0.1.1.0
2023-09-26 05:21:46,976 [WARN] PackLoader:240 - Cannot read IP mode file for STMicroelectronics.X-CUBE-NFC4.3.0.0
2023-09-26 05:21:46,988 [WARN] PackLoader:240 - Cannot read IP mode file for STMicroelectronics.FP-ATR-SIGFOX1.3.2.0
2023-09-26 05:21:47,021 [WARN] PackLoader:240 - Cannot read IP mode file for SEGGER.I-CUBE-embOS.1.3.1
2023-09-26 05:21:47,066 [WARN] PackLoader:240 - Cannot read IP mode file for STMicroelectronics.X-CUBE-GNSS1.6.0.0
2023-09-26 05:21:47,094 [WARN] PackLoader:240 - Cannot read IP mode file for STMicroelectronics.X-CUBE-AZRTOS-F4.1.1.0
2023-09-26 05:21:47,108 [WARN] PackLoader:240 - Cannot read IP mode file for wolfSSL.I-CUBE-wolfSSL.5.6.3
2023-09-26 05:21:47,134 [WARN] PackLoader:240 - Cannot read IP mode file for STMicroelectronics.X-CUBE-AZRTOS-L5.2.0.0
2023-09-26 05:21:47,182 [WARN] PackLoader:240 - Cannot read IP mode file for STMicroelectronics.X-CUBE-MEMS1.9.6.0
2023-09-26 05:21:47,306 [WARN] PackLoader:240 - Cannot read IP mode file for STMicroelectronics.X-CUBE-BLEMGR.2.0.0
2023-09-26 05:21:47,339 [WARN] ConditionMgr:438 - getConditionDescription Invalid condition id : UX DEVICE CLASS RTOS Condition cause : null
2023-09-26 05:21:47,340 [WARN] ConditionMgr:438 - getConditionDescription Invalid condition id : UX DEVICE CLASS RTOS Condition cause : null
2023-09-26 05:21:47,344 [WARN] PackLoader:240 - Cannot read IP mode file for STMicroelectronics.X-CUBE-AZRTOS-H7.3.1.0
2023-09-26 05:21:47,345 [WARN] ConditionMgr:1039 - genDependencies : Invalid condition id : UX DEVICE CLASS RTOS Condition cause : null
2023-09-26 05:21:47,345 [WARN] ConditionMgr:1039 - genDependencies : Invalid condition id : UX DEVICE CLASS RTOS Condition cause : null
2023-09-26 05:21:47,346 [WARN] ConditionMgr:1039 - genDependencies : Invalid condition id : UX DEVICE CLASS RTOS Condition cause : null
2023-09-26 05:21:47,346 [WARN] ConditionMgr:1039 - genDependencies : Invalid condition id : UX DEVICE CLASS RTOS Condition cause : null
2023-09-26 05:21:47,346 [WARN] ConditionMgr:1039 - genDependencies : Invalid condition id : UX DEVICE CLASS RTOS Condition cause : null
2023-09-26 05:21:47,361 [WARN] PackLoader:240 - Cannot read IP mode file for STMicroelectronics.X-CUBE-NFC7.1.0.1
2023-09-26 05:21:47,380 [WARN] PackLoader:240 - Cannot read IP mode file for STMicroelectronics.X-CUBE-NFC6.3.0.0
2023-09-26 05:21:47,397 [WARN] PackLoader:240 - Cannot read IP mode file for STMicroelectronics.X-CUBE-EEPRMA1.4.1.0
2023-09-26 05:21:47,415 [WARN] PackLoader:240 - Cannot read IP mode file for STMicroelectronics.X-CUBE-AI.8.1.0
2023-09-26 05:21:47,447 [WARN] ConditionMgr:438 - getConditionDescription Invalid condition id : LAN8742 Phy interface Condition cause : null
2023-09-26 05:21:47,448 [WARN] PackLoader:240 - Cannot read IP mode file for STMicroelectronics.X-CUBE-AZRTOS-L4.2.0.0
2023-09-26 05:21:47,449 [WARN] ConditionMgr:1039 - genDependencies : Invalid condition id : LAN8742 Phy interface Condition cause : null
2023-09-26 05:21:47,450 [WARN] ConditionMgr:1039 - genDependencies : Invalid condition id : LAN8742 Phy interface Condition cause : null
2023-09-26 05:21:47,451 [WARN] ConditionMgr:1039 - genDependencies : Invalid condition id : LAN8742 Phy interface Condition cause : null
2023-09-26 05:21:47,468 [WARN] PackLoader:240 - Cannot read IP mode file for STMicroelectronics.X-CUBE-SFXS2LP1.4.0.0
2023-09-26 05:21:47,485 [WARN] PackLoader:240 - Cannot read IP mode file for STMicroelectronics.X-CUBE-ISPU.1.1.0
2023-09-26 05:21:47,510 [WARN] ConditionMgr:438 - getConditionDescription Invalid condition id : UX DEVICE CLASS RTOS Condition cause : null
2023-09-26 05:21:47,511 [WARN] ConditionMgr:438 - getConditionDescription Invalid condition id : UX DEVICE CLASS RTOS Condition cause : null
2023-09-26 05:21:47,512 [WARN] PackLoader:240 - Cannot read IP mode file for STMicroelectronics.X-CUBE-AZRTOS-WB.2.0.0
2023-09-26 05:21:47,513 [WARN] ConditionMgr:1039 - genDependencies : Invalid condition id : UX DEVICE CLASS RTOS Condition cause : null
2023-09-26 05:21:47,513 [WARN] ConditionMgr:1039 - genDependencies : Invalid condition id : UX DEVICE CLASS RTOS Condition cause : null
2023-09-26 05:21:47,513 [WARN] ConditionMgr:1039 - genDependencies : Invalid condition id : UX DEVICE CLASS RTOS Condition cause : null
2023-09-26 05:21:47,514 [WARN] ConditionMgr:1039 - genDependencies : Invalid condition id : UX DEVICE CLASS RTOS Condition cause : null
2023-09-26 05:21:47,514 [WARN] ConditionMgr:1039 - genDependencies : Invalid condition id : UX DEVICE CLASS RTOS Condition cause : null
2023-09-26 05:21:47,533 [WARN] PackLoader:240 - Cannot read IP mode file for STMicroelectronics.X-CUBE-SUBG2.5.0.0
2023-09-26 05:21:47,561 [WARN] PackLoader:240 - Cannot read IP mode file for STMicroelectronics.X-CUBE-TOF1.3.3.1
2023-09-26 05:21:47,591 [WARN] PackLoader:240 - Cannot read IP mode file for STMicroelectronics.X-CUBE-AZRTOS-G4.2.0.0
2023-09-26 05:21:47,606 [WARN] PackLoader:240 - Cannot read IP mode file for STMicroelectronics.X-CUBE-FREERTOS.1.1.0
2023-09-26 05:21:47,622 [WARN] PackLoader:240 - Cannot read IP mode file for portGmbH.I-Cube-SoM-uGOAL.1.1.0
2023-09-26 05:21:47,638 [WARN] PackLoader:240 - Cannot read IP mode file for STMicroelectronics.X-CUBE-ALS.1.0.1
2023-09-26 05:21:47,652 [WARN] PackLoader:240 - Cannot read IP mode file for STMicroelectronics.FP-ATR-ASTRA1.2.0.0
2023-09-26 05:21:47,653 [INFO] ThirdParty:978 - Integrity check success = true
2023-09-26 05:21:47,653 [INFO] IntegrityCheckThread:100 - exiting critical section [integrity check]
2023-09-26 05:21:47,653 [INFO] IntegrityCheckThread:103 - End integrity checks thread
2023-09-26 05:21:55,546 [ERROR] LogOutputStream:75 - [STDERR_REDIRECT] SLF4J: Failed to load class "org.slf4j.impl.StaticLoggerBinder".
2023-09-26 05:21:55,547 [ERROR] LogOutputStream:75 - [STDERR_REDIRECT] SLF4J: Defaulting to no-operation (NOP) logger implementation
2023-09-26 05:21:55,548 [ERROR] LogOutputStream:75 - [STDERR_REDIRECT] SLF4J: See http://www.slf4j.org/codes.html#StaticLoggerBinder for further details.
