2023-10-20 21:53:30,316 [INFO] Activator:176 - 


2023-10-20 21:53:30,324 [INFO] Activator:177 - !SESSION log4j initialized
2023-10-20 21:53:36,263 [INFO] LogOutputStream:77 - [STDOUT_REDIRECT] 
2023-10-20 21:53:38,594 [INFO] ApplicationProperties:184 - Using Application install path: D:\STM32IDE\STM32CubeIDE_1.13.1\STM32CubeIDE\plugins\com.st.stm32cube.common.mx_6.9.2.202309101412
2023-10-20 21:53:38,615 [INFO] DbMcusXml:78 - Set database path to: D:\STM32IDE\STM32CubeIDE_1.13.1\STM32CubeIDE\plugins\com.st.stm32cube.common.mx_6.9.2.202309101412\\db\/mcu/
2023-10-20 21:53:38,615 [INFO] ApiDb:274 - Set plugin database path to: D:\STM32IDE\STM32CubeIDE_1.13.1\STM32CubeIDE\plugins\com.st.stm32cube.common.mx_6.9.2.202309101412\\db\/plugins/boardmanager/
2023-10-20 21:53:38,616 [WARN] ApiDb:259 - Overriding images path with different value:  => D:\STM32IDE\STM32CubeIDE_1.13.1\STM32CubeIDE\plugins\com.st.stm32cube.common.mx_6.9.2.202309101412\\db\/plugins/mcufinder/images/
2023-10-20 21:53:38,634 [INFO] ApiDb:250 - Set database path to: C:\Users\ARYAN\.stmcufinder\plugins\mcufinder//mcu/
2023-10-20 21:53:38,635 [INFO] DbMcusAds:125 - Set database path to: C:\Users\ARYAN\.stmcufinder\plugins\mcufinder//mcu/
2023-10-20 21:53:38,637 [INFO] CrossReferenceDbSqlite:203 - Set database path to: C:\Users\ARYAN\.stmcufinder\plugins\mcufinder//mcu/cs/
2023-10-20 21:53:38,755 [INFO] RulesReader:64 - Compatibility file has been processed (293 Rules)
2023-10-20 21:53:38,890 [INFO] DbMcusXml:78 - Set database path to: D:\STM32IDE\STM32CubeIDE_1.13.1\STM32CubeIDE\plugins\com.st.stm32cube.common.mx_6.9.2.202309101412\\db\/mcu/
2023-10-20 21:53:38,890 [INFO] ApiDb:274 - Set plugin database path to: D:\STM32IDE\STM32CubeIDE_1.13.1\STM32CubeIDE\plugins\com.st.stm32cube.common.mx_6.9.2.202309101412\\db\/plugins/boardmanager/
2023-10-20 21:53:38,890 [INFO] ApiDb:261 - Set plugin images path to: D:\STM32IDE\STM32CubeIDE_1.13.1\STM32CubeIDE\plugins\com.st.stm32cube.common.mx_6.9.2.202309101412\\db\/plugins/mcufinder/images/
2023-10-20 21:53:38,891 [WARN] DbFile:41 - Overriding database path with different value: C:\Users\ARYAN\.stmcufinder\plugins\mcufinder/ => C:\Users\ARYAN\.stmcufinder\plugins\mcufinder
2023-10-20 21:53:38,891 [INFO] ApiDb:250 - Set database path to: C:\Users\ARYAN\.stmcufinder\plugins\mcufinder//mcu/
2023-10-20 21:53:38,891 [WARN] DbFile:41 - Overriding database path with different value: C:\Users\ARYAN\.stmcufinder\plugins\mcufinder/ => C:\Users\ARYAN\.stmcufinder\plugins\mcufinder
2023-10-20 21:53:38,891 [INFO] DbMcusAds:125 - Set database path to: C:\Users\ARYAN\.stmcufinder\plugins\mcufinder//mcu/
2023-10-20 21:53:38,891 [WARN] DbFile:41 - Overriding database path with different value: C:\Users\ARYAN\.stmcufinder\plugins\mcufinder/ => C:\Users\ARYAN\.stmcufinder\plugins\mcufinder
2023-10-20 21:53:38,892 [WARN] DbFile:41 - Overriding database path with different value: C:\Users\ARYAN\.stmcufinder\plugins\mcufinder/ => C:\Users\ARYAN\.stmcufinder\plugins\mcufinder
2023-10-20 21:53:38,892 [INFO] CrossReferenceDbSqlite:203 - Set database path to: C:\Users\ARYAN\.stmcufinder\plugins\mcufinder//mcu/cs/
2023-10-20 21:53:38,980 [INFO] MainPanel:262 - HeapMemory: 268435456
2023-10-20 21:53:39,091 [INFO] DbMcusXml:78 - Set database path to: D:\STM32IDE\STM32CubeIDE_1.13.1\STM32CubeIDE\plugins\com.st.stm32cube.common.mx_6.9.2.202309101412\\db\/mcu/
2023-10-20 21:53:39,091 [INFO] ApiDb:274 - Set plugin database path to: D:\STM32IDE\STM32CubeIDE_1.13.1\STM32CubeIDE\plugins\com.st.stm32cube.common.mx_6.9.2.202309101412\\db\/plugins/boardmanager/
2023-10-20 21:53:39,091 [INFO] ApiDb:261 - Set plugin images path to: D:\STM32IDE\STM32CubeIDE_1.13.1\STM32CubeIDE\plugins\com.st.stm32cube.common.mx_6.9.2.202309101412\\db\/plugins/mcufinder/images/
2023-10-20 21:53:39,092 [WARN] DbFile:41 - Overriding database path with different value: C:\Users\ARYAN\.stmcufinder\plugins\mcufinder/ => C:\Users\ARYAN\.stmcufinder\plugins\mcufinder
2023-10-20 21:53:39,092 [INFO] ApiDb:250 - Set database path to: C:\Users\ARYAN\.stmcufinder\plugins\mcufinder//mcu/
2023-10-20 21:53:39,092 [WARN] DbFile:41 - Overriding database path with different value: C:\Users\ARYAN\.stmcufinder\plugins\mcufinder/ => C:\Users\ARYAN\.stmcufinder\plugins\mcufinder
2023-10-20 21:53:39,092 [INFO] DbMcusAds:125 - Set database path to: C:\Users\ARYAN\.stmcufinder\plugins\mcufinder//mcu/
2023-10-20 21:53:39,092 [WARN] DbFile:41 - Overriding database path with different value: C:\Users\ARYAN\.stmcufinder\plugins\mcufinder/ => C:\Users\ARYAN\.stmcufinder\plugins\mcufinder
2023-10-20 21:53:39,092 [WARN] DbFile:41 - Overriding database path with different value: C:\Users\ARYAN\.stmcufinder\plugins\mcufinder/ => C:\Users\ARYAN\.stmcufinder\plugins\mcufinder
2023-10-20 21:53:39,092 [INFO] CrossReferenceDbSqlite:203 - Set database path to: C:\Users\ARYAN\.stmcufinder\plugins\mcufinder//mcu/cs/
2023-10-20 21:53:39,114 [INFO] ApplicationProperties:184 - Using Application install path: D:\STM32IDE\STM32CubeIDE_1.13.1\STM32CubeIDE\plugins\com.st.stm32cube.common.mx_6.9.2.202309101412
2023-10-20 21:53:39,116 [INFO] PluginManage:196 - Search for loadable plugins [exclusion list=, ]
2023-10-20 21:53:39,118 [INFO] PluginManage:310 - Check plugin analytics
2023-10-20 21:53:39,295 [INFO] AnalyticsPlugin:253 - Accepted Software Licenses: STM32CubeMX.6.9.2
2023-10-20 21:53:39,295 [INFO] AnalyticsPlugin:255 - Accepted CMSIS Pack Licenses: 
2023-10-20 21:53:39,296 [INFO] AnalyticsPlugin:257 - Accepted Firmware Licenses: FW.F4.1.27.0
2023-10-20 21:53:39,298 [INFO] PluginManage:359 - Loaded plugin analytics (category:tool,tabindex:-1)
2023-10-20 21:53:39,299 [INFO] PluginManage:310 - Check plugin cadmodel
2023-10-20 21:53:39,315 [INFO] CADModel:105 - Init CAD model plugin
2023-10-20 21:53:39,315 [INFO] PluginManage:359 - Loaded plugin cadmodel (category:power,tabindex:5)
2023-10-20 21:53:39,315 [INFO] PluginManage:310 - Check plugin clock
2023-10-20 21:53:39,336 [INFO] PluginManage:359 - Loaded plugin clock (category:base,tabindex:2)
2023-10-20 21:53:39,336 [INFO] PluginManage:310 - Check plugin ddr
2023-10-20 21:53:39,339 [INFO] PluginManage:359 - Loaded plugin ddr (category:tool,tabindex:6)
2023-10-20 21:53:39,339 [INFO] PluginManage:310 - Check plugin filemanager
2023-10-20 21:53:39,485 [INFO] PluginManage:359 - Loaded plugin filemanager (category:base,tabindex:10)
2023-10-20 21:53:39,485 [INFO] PluginManage:310 - Check plugin ipmanager
2023-10-20 21:53:39,493 [INFO] PluginManage:359 - Loaded plugin ipmanager (category:base,tabindex:5)
2023-10-20 21:53:39,493 [INFO] PluginManage:310 - Check plugin lpbam
2023-10-20 21:53:39,512 [INFO] PluginManage:359 - Loaded plugin lpbam (category:base,tabindex:0)
2023-10-20 21:53:39,512 [INFO] PluginManage:310 - Check plugin memorymap
2023-10-20 21:53:39,536 [INFO] PluginManage:359 - Loaded plugin memorymap (category:base,tabindex:4)
2023-10-20 21:53:39,536 [INFO] PluginManage:310 - Check plugin pinoutandconfiguration
2023-10-20 21:53:39,553 [INFO] PluginManage:359 - Loaded plugin pinoutandconfiguration (category:base,tabindex:1)
2023-10-20 21:53:39,553 [INFO] PluginManage:310 - Check plugin pinoutconfig
2023-10-20 21:53:39,656 [WARN] SupportedApi:132 - Cannot load RTOS API schema: s4s-elt-must-match.1: The content of 'definitions' must match (annotation?, (simpleType | complexType)?, (unique | key | keyref)*)). A problem was found starting at: attribute.
2023-10-20 21:53:39,803 [INFO] PluginManage:359 - Loaded plugin pinoutconfig (category:base,tabindex:0)
2023-10-20 21:53:39,803 [INFO] PluginManage:310 - Check plugin power
2023-10-20 21:53:39,825 [INFO] PluginManage:359 - Loaded plugin power (category:power,tabindex:4)
2023-10-20 21:53:39,825 [INFO] PluginManage:310 - Check plugin projectmanager
2023-10-20 21:53:39,838 [INFO] PluginManage:359 - Loaded plugin projectmanager (category:projectmanager,tabindex:3)
2023-10-20 21:53:39,838 [INFO] PluginManage:310 - Check plugin thirdparty
2023-10-20 21:53:40,118 [INFO] PluginManage:359 - Loaded plugin thirdparty (category:base,tabindex:-1)
2023-10-20 21:53:40,118 [WARN] IntegrityCheckThread:84 - waiting for thirdparty lock release [integrity check]
2023-10-20 21:53:40,118 [INFO] IntegrityCheckThread:86 - entering critical section [integrity check]
2023-10-20 21:53:40,118 [INFO] PluginManage:310 - Check plugin tools
2023-10-20 21:53:40,119 [INFO] ThirdPartyUpdaterWithRetryManager:70 - Updater plugin not ready yet. [1/15]
2023-10-20 21:53:40,151 [INFO] PluginManage:359 - Loaded plugin tools (category:base,tabindex:7)
2023-10-20 21:53:40,151 [INFO] PluginManage:310 - Check plugin tutovideos
2023-10-20 21:53:40,366 [INFO] PluginManage:359 - Loaded plugin tutovideos (category:base,tabindex:-1)
2023-10-20 21:53:40,367 [INFO] PluginManage:310 - Check plugin updater
2023-10-20 21:53:40,380 [INFO] PluginManage:359 - Loaded plugin updater (category:base,tabindex:12)
2023-10-20 21:53:40,380 [INFO] PluginManage:310 - Check plugin userauth
2023-10-20 21:53:40,387 [INFO] UserAuth:113 - Init User Auth plugin
2023-10-20 21:53:40,387 [INFO] PluginManage:359 - Loaded plugin userauth (category:base,tabindex:14)
2023-10-20 21:53:40,388 [INFO] PluginManage:283 - PluginManage : Loaded plugins [17]
2023-10-20 21:53:40,628 [INFO] PinOutPanel:1499 - setPackage(No Configuration,No Configuration)
2023-10-20 21:53:40,741 [INFO] CADModel:165 - CPN selected for project level
2023-10-20 21:53:40,741 [INFO] CADModel:114 - Register for checkConnection events
2023-10-20 21:53:40,769 [INFO] IPUIPlugin:80 - create IPUIPlugin
2023-10-20 21:53:40,769 [INFO] PluginManager:220 - loadIPPluginJar : add adc
2023-10-20 21:53:40,801 [INFO] IPUIPlugin:80 - create IPUIPlugin
2023-10-20 21:53:40,801 [INFO] PluginManager:220 - loadIPPluginJar : add aes
2023-10-20 21:53:40,837 [INFO] IPUIPlugin:80 - create IPUIPlugin
2023-10-20 21:53:40,837 [INFO] PluginManager:220 - loadIPPluginJar : add can
2023-10-20 21:53:40,858 [INFO] IPUIPlugin:80 - create IPUIPlugin
2023-10-20 21:53:40,858 [INFO] PluginManager:220 - loadIPPluginJar : add comp
2023-10-20 21:53:40,889 [INFO] IPUIPlugin:80 - create IPUIPlugin
2023-10-20 21:53:40,889 [INFO] PluginManager:220 - loadIPPluginJar : add cryp
2023-10-20 21:53:40,916 [INFO] IPUIPlugin:80 - create IPUIPlugin
2023-10-20 21:53:40,916 [INFO] PluginManager:220 - loadIPPluginJar : add dfsdm
2023-10-20 21:53:40,930 [INFO] IPUIPlugin:80 - create IPUIPlugin
2023-10-20 21:53:40,930 [INFO] PluginManager:220 - loadIPPluginJar : add dma
2023-10-20 21:53:40,969 [INFO] IPUIPlugin:80 - create IPUIPlugin
2023-10-20 21:53:40,969 [INFO] PluginManager:220 - loadIPPluginJar : add dma3
2023-10-20 21:53:40,988 [INFO] IPUIPlugin:80 - create IPUIPlugin
2023-10-20 21:53:40,988 [INFO] PluginManager:220 - loadIPPluginJar : add fatfs
2023-10-20 21:53:41,030 [INFO] IPUIPlugin:80 - create IPUIPlugin
2023-10-20 21:53:41,030 [INFO] PluginManager:220 - loadIPPluginJar : add fmc
2023-10-20 21:53:41,043 [INFO] IPUIPlugin:80 - create IPUIPlugin
2023-10-20 21:53:41,043 [INFO] PluginManager:220 - loadIPPluginJar : add freertos
2023-10-20 21:53:41,063 [INFO] IPUIPlugin:80 - create IPUIPlugin
2023-10-20 21:53:41,063 [INFO] PluginManager:220 - loadIPPluginJar : add genericplugin
2023-10-20 21:53:41,147 [INFO] IPUIPlugin:80 - create IPUIPlugin
2023-10-20 21:53:41,147 [INFO] PluginManager:220 - loadIPPluginJar : add gfxmmu
2023-10-20 21:53:41,265 [INFO] IPUIPlugin:80 - create IPUIPlugin
2023-10-20 21:53:41,265 [INFO] PluginManager:220 - loadIPPluginJar : add gic
2023-10-20 21:53:41,279 [INFO] IPUIPlugin:80 - create IPUIPlugin
2023-10-20 21:53:41,279 [INFO] PluginManager:220 - loadIPPluginJar : add gpio
2023-10-20 21:53:41,362 [INFO] IPUIPlugin:80 - create IPUIPlugin
2023-10-20 21:53:41,362 [INFO] PluginManager:220 - loadIPPluginJar : add gtzc
2023-10-20 21:53:41,393 [INFO] IPUIPlugin:80 - create IPUIPlugin
2023-10-20 21:53:41,393 [INFO] PluginManager:220 - loadIPPluginJar : add hash
2023-10-20 21:53:41,441 [INFO] IPUIPlugin:80 - create IPUIPlugin
2023-10-20 21:53:41,441 [INFO] PluginManager:220 - loadIPPluginJar : add i2c
2023-10-20 21:53:41,476 [INFO] IPUIPlugin:80 - create IPUIPlugin
2023-10-20 21:53:41,477 [INFO] PluginManager:220 - loadIPPluginJar : add i2s
2023-10-20 21:53:41,513 [INFO] IPUIPlugin:80 - create IPUIPlugin
2023-10-20 21:53:41,513 [INFO] PluginManager:220 - loadIPPluginJar : add i3c
2023-10-20 21:53:41,605 [INFO] IPUIPlugin:80 - create IPUIPlugin
2023-10-20 21:53:41,605 [INFO] PluginManager:220 - loadIPPluginJar : add ipddr
2023-10-20 21:53:41,692 [INFO] IPUIPlugin:80 - create IPUIPlugin
2023-10-20 21:53:41,692 [INFO] PluginManager:220 - loadIPPluginJar : add linkedlist
2023-10-20 21:53:41,724 [INFO] IPUIPlugin:80 - create IPUIPlugin
2023-10-20 21:53:41,724 [INFO] PluginManager:220 - loadIPPluginJar : add lorawan
2023-10-20 21:53:41,756 [INFO] IPUIPlugin:80 - create IPUIPlugin
2023-10-20 21:53:41,756 [INFO] PluginManager:220 - loadIPPluginJar : add ltdc
2023-10-20 21:53:41,770 [INFO] IPUIPlugin:80 - create IPUIPlugin
2023-10-20 21:53:41,771 [INFO] PluginManager:220 - loadIPPluginJar : add mdma
2023-10-20 21:53:41,782 [INFO] IPUIPlugin:80 - create IPUIPlugin
2023-10-20 21:53:41,782 [INFO] PluginManager:220 - loadIPPluginJar : add nvic
2023-10-20 21:53:41,814 [INFO] IPUIPlugin:80 - create IPUIPlugin
2023-10-20 21:53:41,814 [INFO] PluginManager:220 - loadIPPluginJar : add opamp
2023-10-20 21:53:41,868 [INFO] IPUIPlugin:80 - create IPUIPlugin
2023-10-20 21:53:41,868 [INFO] PluginManager:220 - loadIPPluginJar : add openamp
2023-10-20 21:53:41,906 [INFO] IPUIPlugin:80 - create IPUIPlugin
2023-10-20 21:53:41,906 [INFO] PluginManager:220 - loadIPPluginJar : add pdm2pcm
2023-10-20 21:53:41,920 [INFO] IPUIPlugin:80 - create IPUIPlugin
2023-10-20 21:53:41,922 [INFO] PluginManager:220 - loadIPPluginJar : add plateformsettings
2023-10-20 21:53:41,942 [INFO] IPUIPlugin:80 - create IPUIPlugin
2023-10-20 21:53:41,942 [INFO] PluginManager:220 - loadIPPluginJar : add quadspi
2023-10-20 21:53:41,953 [INFO] IPUIPlugin:80 - create IPUIPlugin
2023-10-20 21:53:41,953 [INFO] PluginManager:220 - loadIPPluginJar : add resmgrutility
2023-10-20 21:53:41,995 [INFO] IPUIPlugin:80 - create IPUIPlugin
2023-10-20 21:53:41,995 [INFO] PluginManager:220 - loadIPPluginJar : add sai
2023-10-20 21:53:42,029 [INFO] IPUIPlugin:80 - create IPUIPlugin
2023-10-20 21:53:42,029 [INFO] PluginManager:220 - loadIPPluginJar : add spi
2023-10-20 21:53:42,079 [INFO] IPUIPlugin:80 - create IPUIPlugin
2023-10-20 21:53:42,079 [INFO] PluginManager:220 - loadIPPluginJar : add stm32_wpan
2023-10-20 21:53:42,099 [INFO] IPUIPlugin:80 - create IPUIPlugin
2023-10-20 21:53:42,099 [INFO] PluginManager:220 - loadIPPluginJar : add tim
2023-10-20 21:53:42,148 [INFO] IPUIPlugin:80 - create IPUIPlugin
2023-10-20 21:53:42,148 [INFO] PluginManager:220 - loadIPPluginJar : add touchsensing
2023-10-20 21:53:42,168 [INFO] IPUIPlugin:80 - create IPUIPlugin
2023-10-20 21:53:42,169 [INFO] PluginManager:220 - loadIPPluginJar : add tracer_emb
2023-10-20 21:53:42,190 [INFO] IPUIPlugin:80 - create IPUIPlugin
2023-10-20 21:53:42,190 [INFO] PluginManager:220 - loadIPPluginJar : add ts
2023-10-20 21:53:42,209 [INFO] IPUIPlugin:80 - create IPUIPlugin
2023-10-20 21:53:42,210 [INFO] PluginManager:220 - loadIPPluginJar : add tsc
2023-10-20 21:53:42,230 [INFO] IPUIPlugin:80 - create IPUIPlugin
2023-10-20 21:53:42,230 [INFO] PluginManager:220 - loadIPPluginJar : add ucpd
2023-10-20 21:53:42,269 [INFO] IPUIPlugin:80 - create IPUIPlugin
2023-10-20 21:53:42,269 [INFO] PluginManager:220 - loadIPPluginJar : add usart
2023-10-20 21:53:42,307 [INFO] IPUIPlugin:80 - create IPUIPlugin
2023-10-20 21:53:42,308 [INFO] PluginManager:220 - loadIPPluginJar : add usbx
2023-10-20 21:53:42,450 [INFO] CADModel:165 - CPN selected for project level
2023-10-20 21:53:42,450 [INFO] CADModel:114 - Register for checkConnection events
2023-10-20 21:53:42,450 [FATAL] Updater:308 - Updater called before beeing initialized
2023-10-20 21:53:42,450 [ERROR] CADModel:125 - Updater not yet initialized, retry later 
2023-10-20 21:53:42,610 [INFO] CADModel:165 - CPN selected for project level
2023-10-20 21:53:42,611 [INFO] CADModel:114 - Register for checkConnection events
2023-10-20 21:53:42,611 [FATAL] Updater:308 - Updater called before beeing initialized
2023-10-20 21:53:42,611 [ERROR] CADModel:125 - Updater not yet initialized, retry later 
2023-10-20 21:53:42,615 [FATAL] Updater:308 - Updater called before beeing initialized
2023-10-20 21:53:42,726 [FATAL] Updater:308 - Updater called before beeing initialized
2023-10-20 21:53:42,737 [INFO] DbMcusAds:53 - JSON generation date=Tue Mar 07 14:20:55 IST 2023 (1678179055114)
2023-10-20 21:53:42,737 [FATAL] Updater:308 - Updater called before beeing initialized
2023-10-20 21:53:42,809 [WARN] DetailPanel:346 - Failed to get advertising image, set to default
2023-10-20 21:53:42,893 [FATAL] Updater:308 - Updater called before beeing initialized
2023-10-20 21:53:42,895 [FATAL] Updater:308 - Updater called before beeing initialized
2023-10-20 21:53:42,896 [FATAL] Updater:308 - Updater called before beeing initialized
2023-10-20 21:53:42,896 [WARN] DetailPanel:346 - Failed to get advertising image, set to default
2023-10-20 21:53:42,896 [FATAL] Updater:308 - Updater called before beeing initialized
2023-10-20 21:53:42,950 [ERROR] Updater:1120 - MainUpdater not yet initialized. External WinMGr cannot be set.
2023-10-20 21:53:42,960 [INFO] Updater:1056 - Updater Version found : 6.9.2
2023-10-20 21:53:42,979 [INFO] ApplicationProperties:184 - Using Application install path: D:\STM32IDE\STM32CubeIDE_1.13.1\STM32CubeIDE\plugins\com.st.stm32cube.common.mx_6.9.2.202309101412
2023-10-20 21:53:43,120 [INFO] ThirdPartyUpdaterWithRetryManager:70 - Updater plugin not ready yet. [2/15]
2023-10-20 21:53:43,605 [INFO] MainUpdater:2868 - connection check result : 10
2023-10-20 21:53:43,606 [INFO] MainUpdater:3562 - Updater definition file requires update
2023-10-20 21:53:43,607 [INFO] MainUpdater:285 - Updater Check For Update Now.
2023-10-20 21:53:43,607 [INFO] MicroXplorer:498 - Change Database Version : DB.6.0.92
2023-10-20 21:53:43,623 [INFO] McuFinderGlobals:63 - Set McuFinder mode to 2 (CubeIDE integrated)
2023-10-20 21:53:45,269 [INFO] ServerAccessManage:473 - Download File updaters.zip
2023-10-20 21:53:45,440 [INFO] FileExtend:240 - Unzip File : updaters.zip
2023-10-20 21:53:45,440 [INFO] FileExtend:255 - Standard Zip Deflate
2023-10-20 21:53:46,122 [WARN] MainUpdater:1189 - Updater busy. Cannot search thirdparties
2023-10-20 21:53:46,122 [INFO] ThirdPartyUpdaterWithRetryManager:96 - Updater plugin is busy. [1/15]
2023-10-20 21:53:47,081 [INFO] ServerAccessManage:473 - Download File PacksControlFlags.xml
2023-10-20 21:53:47,818 [INFO] ServerAccessManage:473 - Download File cubemx.pidx
2023-10-20 21:53:49,125 [WARN] MainUpdater:1189 - Updater busy. Cannot search thirdparties
2023-10-20 21:53:49,125 [INFO] ThirdPartyUpdaterWithRetryManager:96 - Updater plugin is busy. [2/15]
2023-10-20 21:53:49,419 [INFO] ServerAccessManage:473 - Download File STMicroelectronics.X-CUBE-MEMS1.pdsc
2023-10-20 21:53:52,126 [WARN] MainUpdater:1189 - Updater busy. Cannot search thirdparties
2023-10-20 21:53:52,126 [INFO] ThirdPartyUpdaterWithRetryManager:96 - Updater plugin is busy. [3/15]
2023-10-20 21:53:55,129 [WARN] MainUpdater:1189 - Updater busy. Cannot search thirdparties
2023-10-20 21:53:55,129 [INFO] ThirdPartyUpdaterWithRetryManager:96 - Updater plugin is busy. [4/15]
2023-10-20 21:53:58,141 [WARN] MainUpdater:1189 - Updater busy. Cannot search thirdparties
2023-10-20 21:53:58,141 [INFO] ThirdPartyUpdaterWithRetryManager:96 - Updater plugin is busy. [5/15]
2023-10-20 21:53:58,286 [ERROR] LogOutputStream:75 - [STDERR_REDIRECT] SLF4J: Failed to load class "org.slf4j.impl.StaticLoggerBinder".
2023-10-20 21:53:58,286 [ERROR] LogOutputStream:75 - [STDERR_REDIRECT] SLF4J: Defaulting to no-operation (NOP) logger implementation
2023-10-20 21:53:58,287 [ERROR] LogOutputStream:75 - [STDERR_REDIRECT] SLF4J: See http://www.slf4j.org/codes.html#StaticLoggerBinder for further details.
2023-10-20 21:54:01,150 [WARN] MainUpdater:1189 - Updater busy. Cannot search thirdparties
2023-10-20 21:54:01,150 [INFO] ThirdPartyUpdaterWithRetryManager:96 - Updater plugin is busy. [6/15]
2023-10-20 21:54:04,151 [WARN] MainUpdater:1189 - Updater busy. Cannot search thirdparties
2023-10-20 21:54:04,151 [INFO] ThirdPartyUpdaterWithRetryManager:96 - Updater plugin is busy. [7/15]
2023-10-20 21:54:07,152 [WARN] MainUpdater:1189 - Updater busy. Cannot search thirdparties
2023-10-20 21:54:07,152 [INFO] ThirdPartyUpdaterWithRetryManager:96 - Updater plugin is busy. [8/15]
2023-10-20 21:54:09,403 [ERROR] ServerAccessManage:1096 - Problem, Http access forbiden
2023-10-20 21:54:09,405 [ERROR] ServerAccessManage:651 - Problem, Http access forbiden : RoweBots.I-CUBE-UNISONRTOS.pdsc.
2023-10-20 21:54:09,701 [WARN] PackLoader:240 - Cannot read IP mode file for STMicroelectronics.X-CUBE-MEMS1.10.0.0
2023-10-20 21:54:09,713 [INFO] CheckServerUpdateThread:120 - End of CheckServer Thread
2023-10-20 21:54:09,904 [INFO] PopulateThirdPartyThread:66 - Ending populate Thread
2023-10-20 21:54:09,907 [INFO] ThirdParty:1030 - CMSIS Pack Vendor :STMicroelectronics X-CUBE-MEMS1 10.0.0
2023-10-20 21:54:09,908 [INFO] LoadServerUpdatesThread:373 - End of LoadServerUpdate Thread
2023-10-20 21:54:10,327 [WARN] PackLoader:240 - Cannot read IP mode file for STMicroelectronics.X-CUBE-SMBUS.2.1.0
2023-10-20 21:54:10,361 [WARN] PackLoader:240 - Cannot read IP mode file for STMicroelectronics.X-CUBE-AZRTOS-F7.1.1.0
2023-10-20 21:54:10,381 [WARN] PackLoader:240 - Cannot read IP mode file for STMicroelectronics.FP-SNS-MOTENV1.4.3.2
2023-10-20 21:54:10,389 [WARN] PackLoader:240 - Cannot read IP mode file for STMicroelectronics.FP-SNS-FLIGHT1.5.0.2
2023-10-20 21:54:10,408 [WARN] PackLoader:240 - Cannot read IP mode file for STMicroelectronics.X-CUBE-DISPLAY.3.0.0
2023-10-20 21:54:10,429 [WARN] PackLoader:240 - Cannot read IP mode file for STMicroelectronics.X-CUBE-BLE1.7.0.0
2023-10-20 21:54:10,443 [WARN] PackLoader:240 - Cannot read IP mode file for emotas.I-CUBE-CANOPEN.1.3.0
2023-10-20 21:54:10,457 [WARN] PackLoader:240 - Cannot read IP mode file for STMicroelectronics.X-CUBE-TOUCHGFX.4.22.0
2023-10-20 21:54:10,468 [WARN] PackLoader:240 - Cannot read IP mode file for STMicroelectronics.X-CUBE-TOUCHGFX.4.22.1
2023-10-20 21:54:10,480 [WARN] PackLoader:240 - Cannot read IP mode file for STMicroelectronics.FP-SNS-SMARTAG2.1.2.0
2023-10-20 21:54:10,499 [INFO] LogOutputStream:77 - [STDOUT_REDIRECT] 1 : Invalid condition id : UX_CORESTACK_Condition cause : null
2023-10-20 21:54:10,500 [INFO] LogOutputStream:77 - [STDOUT_REDIRECT] 1 : Invalid condition id : UX_CORESTACK_Condition cause : null
2023-10-20 21:54:10,501 [INFO] LogOutputStream:77 - [STDOUT_REDIRECT] 1 : Invalid condition id : UX_CORESTACK_Condition cause : null
2023-10-20 21:54:10,502 [INFO] LogOutputStream:77 - [STDOUT_REDIRECT] 1 : Invalid condition id : UX_CORESTACK_Condition cause : null
2023-10-20 21:54:10,502 [INFO] LogOutputStream:77 - [STDOUT_REDIRECT] 1 : Invalid condition id : UX_CORESTACK_Condition cause : null
2023-10-20 21:54:10,504 [WARN] PackLoader:240 - Cannot read IP mode file for STMicroelectronics.X-CUBE-AZRTOS-WL.2.0.0
2023-10-20 21:54:10,518 [WARN] PackLoader:240 - Cannot read IP mode file for WES.I-CUBE-Cesium.1.3.0
2023-10-20 21:54:10,530 [WARN] PackLoader:240 - Cannot read IP mode file for STMicroelectronics.X-CUBE-BLE2.3.3.0
2023-10-20 21:54:10,541 [WARN] PackLoader:240 - Cannot read IP mode file for STMicroelectronics.X-CUBE-ALGOBUILD.1.3.0
2023-10-20 21:54:10,565 [WARN] PackLoader:240 - Cannot read IP mode file for STMicroelectronics.X-CUBE-AZRTOS-G0.1.1.0
2023-10-20 21:54:10,581 [WARN] PackLoader:240 - Cannot read IP mode file for STMicroelectronics.X-CUBE-NFC4.3.0.0
2023-10-20 21:54:10,588 [WARN] PackLoader:240 - Cannot read IP mode file for STMicroelectronics.FP-ATR-SIGFOX1.3.2.0
2023-10-20 21:54:10,621 [WARN] PackLoader:240 - Cannot read IP mode file for SEGGER.I-CUBE-embOS.1.3.1
2023-10-20 21:54:10,665 [WARN] PackLoader:240 - Cannot read IP mode file for STMicroelectronics.X-CUBE-GNSS1.6.0.0
2023-10-20 21:54:10,698 [WARN] PackLoader:240 - Cannot read IP mode file for STMicroelectronics.X-CUBE-AZRTOS-F4.1.1.0
2023-10-20 21:54:10,729 [WARN] PackLoader:240 - Cannot read IP mode file for wolfSSL.I-CUBE-wolfSSL.5.6.3
2023-10-20 21:54:10,763 [WARN] PackLoader:240 - Cannot read IP mode file for STMicroelectronics.X-CUBE-AZRTOS-L5.2.0.0
2023-10-20 21:54:10,825 [WARN] PackLoader:240 - Cannot read IP mode file for STMicroelectronics.X-CUBE-MEMS1.9.6.0
2023-10-20 21:54:10,934 [WARN] PackLoader:240 - Cannot read IP mode file for ITTIA_DB.I-CUBE-ITTIADB.8.8.0
2023-10-20 21:54:10,951 [WARN] PackLoader:240 - Cannot read IP mode file for STMicroelectronics.X-CUBE-BLEMGR.2.0.0
2023-10-20 21:54:10,980 [WARN] ConditionMgr:438 - getConditionDescription Invalid condition id : UX DEVICE CLASS RTOS Condition cause : null
2023-10-20 21:54:10,981 [WARN] ConditionMgr:438 - getConditionDescription Invalid condition id : UX DEVICE CLASS RTOS Condition cause : null
2023-10-20 21:54:10,983 [WARN] PackLoader:240 - Cannot read IP mode file for STMicroelectronics.X-CUBE-AZRTOS-H7.3.1.0
2023-10-20 21:54:10,984 [WARN] ConditionMgr:1039 - genDependencies : Invalid condition id : UX DEVICE CLASS RTOS Condition cause : null
2023-10-20 21:54:10,984 [WARN] ConditionMgr:1039 - genDependencies : Invalid condition id : UX DEVICE CLASS RTOS Condition cause : null
2023-10-20 21:54:10,985 [WARN] ConditionMgr:1039 - genDependencies : Invalid condition id : UX DEVICE CLASS RTOS Condition cause : null
2023-10-20 21:54:10,985 [WARN] ConditionMgr:1039 - genDependencies : Invalid condition id : UX DEVICE CLASS RTOS Condition cause : null
2023-10-20 21:54:10,986 [WARN] ConditionMgr:1039 - genDependencies : Invalid condition id : UX DEVICE CLASS RTOS Condition cause : null
2023-10-20 21:54:11,006 [WARN] PackLoader:240 - Cannot read IP mode file for STMicroelectronics.X-CUBE-NFC7.1.0.1
2023-10-20 21:54:11,025 [WARN] PackLoader:240 - Cannot read IP mode file for STMicroelectronics.X-CUBE-NFC6.3.0.0
2023-10-20 21:54:11,044 [WARN] PackLoader:240 - Cannot read IP mode file for STMicroelectronics.X-CUBE-EEPRMA1.4.1.0
2023-10-20 21:54:11,062 [WARN] PackLoader:240 - Cannot read IP mode file for STMicroelectronics.X-CUBE-AI.8.1.0
2023-10-20 21:54:11,096 [WARN] ConditionMgr:438 - getConditionDescription Invalid condition id : LAN8742 Phy interface Condition cause : null
2023-10-20 21:54:11,096 [WARN] PackLoader:240 - Cannot read IP mode file for STMicroelectronics.X-CUBE-AZRTOS-L4.2.0.0
2023-10-20 21:54:11,097 [WARN] ConditionMgr:1039 - genDependencies : Invalid condition id : LAN8742 Phy interface Condition cause : null
2023-10-20 21:54:11,097 [WARN] ConditionMgr:1039 - genDependencies : Invalid condition id : LAN8742 Phy interface Condition cause : null
2023-10-20 21:54:11,098 [WARN] ConditionMgr:1039 - genDependencies : Invalid condition id : LAN8742 Phy interface Condition cause : null
2023-10-20 21:54:11,112 [WARN] PackLoader:240 - Cannot read IP mode file for STMicroelectronics.X-CUBE-SFXS2LP1.4.0.0
2023-10-20 21:54:11,128 [WARN] PackLoader:240 - Cannot read IP mode file for STMicroelectronics.X-CUBE-ISPU.1.1.0
2023-10-20 21:54:11,157 [WARN] ConditionMgr:438 - getConditionDescription Invalid condition id : UX DEVICE CLASS RTOS Condition cause : null
2023-10-20 21:54:11,158 [WARN] ConditionMgr:438 - getConditionDescription Invalid condition id : UX DEVICE CLASS RTOS Condition cause : null
2023-10-20 21:54:11,159 [WARN] PackLoader:240 - Cannot read IP mode file for STMicroelectronics.X-CUBE-AZRTOS-WB.2.0.0
2023-10-20 21:54:11,160 [WARN] ConditionMgr:1039 - genDependencies : Invalid condition id : UX DEVICE CLASS RTOS Condition cause : null
2023-10-20 21:54:11,161 [WARN] ConditionMgr:1039 - genDependencies : Invalid condition id : UX DEVICE CLASS RTOS Condition cause : null
2023-10-20 21:54:11,161 [WARN] ConditionMgr:1039 - genDependencies : Invalid condition id : UX DEVICE CLASS RTOS Condition cause : null
2023-10-20 21:54:11,161 [WARN] ConditionMgr:1039 - genDependencies : Invalid condition id : UX DEVICE CLASS RTOS Condition cause : null
2023-10-20 21:54:11,161 [WARN] ConditionMgr:1039 - genDependencies : Invalid condition id : UX DEVICE CLASS RTOS Condition cause : null
2023-10-20 21:54:11,186 [WARN] PackLoader:240 - Cannot read IP mode file for STMicroelectronics.X-CUBE-SUBG2.5.0.0
2023-10-20 21:54:11,213 [WARN] PackLoader:240 - Cannot read IP mode file for STMicroelectronics.X-CUBE-TOF1.3.3.1
2023-10-20 21:54:11,247 [WARN] PackLoader:240 - Cannot read IP mode file for STMicroelectronics.X-CUBE-AZRTOS-G4.2.0.0
2023-10-20 21:54:11,272 [WARN] PackLoader:240 - Cannot read IP mode file for Infineon.AIROC-Wi-Fi-Bluetooth-STM32.1.5.1
2023-10-20 21:54:11,301 [WARN] PackLoader:240 - Cannot read IP mode file for STMicroelectronics.X-CUBE-MEMS1.10.0.0
2023-10-20 21:54:11,379 [WARN] PackLoader:240 - Cannot read IP mode file for STMicroelectronics.X-CUBE-FREERTOS.1.1.0
2023-10-20 21:54:11,391 [WARN] PackLoader:240 - Cannot read IP mode file for portGmbH.I-Cube-SoM-uGOAL.1.1.0
2023-10-20 21:54:11,404 [WARN] PackLoader:240 - Cannot read IP mode file for STMicroelectronics.X-CUBE-ALS.1.0.1
2023-10-20 21:54:11,409 [WARN] PackLoader:240 - Cannot read IP mode file for STMicroelectronics.FP-ATR-ASTRA1.2.0.0
2023-10-20 21:54:11,410 [INFO] ThirdParty:978 - Integrity check success = true
2023-10-20 21:54:11,410 [INFO] IntegrityCheckThread:100 - exiting critical section [integrity check]
2023-10-20 21:54:11,410 [INFO] IntegrityCheckThread:103 - End integrity checks thread
