2023-10-25 23:30:09,462 [INFO] Activator:176 - 


2023-10-25 23:30:09,466 [INFO] Activator:177 - !SESSION log4j initialized
2023-10-25 23:30:14,612 [INFO] LogOutputStream:77 - [STDOUT_REDIRECT] 
2023-10-25 23:30:16,079 [INFO] ApplicationProperties:184 - Using Application install path: D:\STM32IDE\STM32CubeIDE_1.13.1\STM32CubeIDE\plugins\com.st.stm32cube.common.mx_6.9.2.202309101412
2023-10-25 23:30:16,106 [INFO] DbMcusXml:78 - Set database path to: D:\STM32IDE\STM32CubeIDE_1.13.1\STM32CubeIDE\plugins\com.st.stm32cube.common.mx_6.9.2.202309101412\\db\/mcu/
2023-10-25 23:30:16,107 [INFO] ApiDb:274 - Set plugin database path to: D:\STM32IDE\STM32CubeIDE_1.13.1\STM32CubeIDE\plugins\com.st.stm32cube.common.mx_6.9.2.202309101412\\db\/plugins/boardmanager/
2023-10-25 23:30:16,107 [WARN] ApiDb:259 - Overriding images path with different value:  => D:\STM32IDE\STM32CubeIDE_1.13.1\STM32CubeIDE\plugins\com.st.stm32cube.common.mx_6.9.2.202309101412\\db\/plugins/mcufinder/images/
2023-10-25 23:30:16,117 [INFO] ApiDb:250 - Set database path to: C:\Users\ARYAN\.stmcufinder\plugins\mcufinder//mcu/
2023-10-25 23:30:16,118 [INFO] DbMcusAds:125 - Set database path to: C:\Users\ARYAN\.stmcufinder\plugins\mcufinder//mcu/
2023-10-25 23:30:16,120 [INFO] CrossReferenceDbSqlite:203 - Set database path to: C:\Users\ARYAN\.stmcufinder\plugins\mcufinder//mcu/cs/
2023-10-25 23:30:16,216 [INFO] RulesReader:64 - Compatibility file has been processed (293 Rules)
2023-10-25 23:30:16,298 [INFO] DbMcusXml:78 - Set database path to: D:\STM32IDE\STM32CubeIDE_1.13.1\STM32CubeIDE\plugins\com.st.stm32cube.common.mx_6.9.2.202309101412\\db\/mcu/
2023-10-25 23:30:16,298 [INFO] ApiDb:274 - Set plugin database path to: D:\STM32IDE\STM32CubeIDE_1.13.1\STM32CubeIDE\plugins\com.st.stm32cube.common.mx_6.9.2.202309101412\\db\/plugins/boardmanager/
2023-10-25 23:30:16,298 [INFO] ApiDb:261 - Set plugin images path to: D:\STM32IDE\STM32CubeIDE_1.13.1\STM32CubeIDE\plugins\com.st.stm32cube.common.mx_6.9.2.202309101412\\db\/plugins/mcufinder/images/
2023-10-25 23:30:16,299 [WARN] DbFile:41 - Overriding database path with different value: C:\Users\ARYAN\.stmcufinder\plugins\mcufinder/ => C:\Users\ARYAN\.stmcufinder\plugins\mcufinder
2023-10-25 23:30:16,299 [INFO] ApiDb:250 - Set database path to: C:\Users\ARYAN\.stmcufinder\plugins\mcufinder//mcu/
2023-10-25 23:30:16,299 [WARN] DbFile:41 - Overriding database path with different value: C:\Users\ARYAN\.stmcufinder\plugins\mcufinder/ => C:\Users\ARYAN\.stmcufinder\plugins\mcufinder
2023-10-25 23:30:16,299 [INFO] DbMcusAds:125 - Set database path to: C:\Users\ARYAN\.stmcufinder\plugins\mcufinder//mcu/
2023-10-25 23:30:16,299 [WARN] DbFile:41 - Overriding database path with different value: C:\Users\ARYAN\.stmcufinder\plugins\mcufinder/ => C:\Users\ARYAN\.stmcufinder\plugins\mcufinder
2023-10-25 23:30:16,299 [WARN] DbFile:41 - Overriding database path with different value: C:\Users\ARYAN\.stmcufinder\plugins\mcufinder/ => C:\Users\ARYAN\.stmcufinder\plugins\mcufinder
2023-10-25 23:30:16,299 [INFO] CrossReferenceDbSqlite:203 - Set database path to: C:\Users\ARYAN\.stmcufinder\plugins\mcufinder//mcu/cs/
2023-10-25 23:30:16,366 [INFO] MainPanel:262 - HeapMemory: 268435456
2023-10-25 23:30:16,430 [INFO] DbMcusXml:78 - Set database path to: D:\STM32IDE\STM32CubeIDE_1.13.1\STM32CubeIDE\plugins\com.st.stm32cube.common.mx_6.9.2.202309101412\\db\/mcu/
2023-10-25 23:30:16,430 [INFO] ApiDb:274 - Set plugin database path to: D:\STM32IDE\STM32CubeIDE_1.13.1\STM32CubeIDE\plugins\com.st.stm32cube.common.mx_6.9.2.202309101412\\db\/plugins/boardmanager/
2023-10-25 23:30:16,431 [INFO] ApiDb:261 - Set plugin images path to: D:\STM32IDE\STM32CubeIDE_1.13.1\STM32CubeIDE\plugins\com.st.stm32cube.common.mx_6.9.2.202309101412\\db\/plugins/mcufinder/images/
2023-10-25 23:30:16,431 [WARN] DbFile:41 - Overriding database path with different value: C:\Users\ARYAN\.stmcufinder\plugins\mcufinder/ => C:\Users\ARYAN\.stmcufinder\plugins\mcufinder
2023-10-25 23:30:16,431 [INFO] ApiDb:250 - Set database path to: C:\Users\ARYAN\.stmcufinder\plugins\mcufinder//mcu/
2023-10-25 23:30:16,431 [WARN] DbFile:41 - Overriding database path with different value: C:\Users\ARYAN\.stmcufinder\plugins\mcufinder/ => C:\Users\ARYAN\.stmcufinder\plugins\mcufinder
2023-10-25 23:30:16,432 [INFO] DbMcusAds:125 - Set database path to: C:\Users\ARYAN\.stmcufinder\plugins\mcufinder//mcu/
2023-10-25 23:30:16,432 [WARN] DbFile:41 - Overriding database path with different value: C:\Users\ARYAN\.stmcufinder\plugins\mcufinder/ => C:\Users\ARYAN\.stmcufinder\plugins\mcufinder
2023-10-25 23:30:16,432 [WARN] DbFile:41 - Overriding database path with different value: C:\Users\ARYAN\.stmcufinder\plugins\mcufinder/ => C:\Users\ARYAN\.stmcufinder\plugins\mcufinder
2023-10-25 23:30:16,432 [INFO] CrossReferenceDbSqlite:203 - Set database path to: C:\Users\ARYAN\.stmcufinder\plugins\mcufinder//mcu/cs/
2023-10-25 23:30:16,448 [INFO] ApplicationProperties:184 - Using Application install path: D:\STM32IDE\STM32CubeIDE_1.13.1\STM32CubeIDE\plugins\com.st.stm32cube.common.mx_6.9.2.202309101412
2023-10-25 23:30:16,450 [INFO] PluginManage:196 - Search for loadable plugins [exclusion list=, ]
2023-10-25 23:30:16,451 [INFO] PluginManage:310 - Check plugin analytics
2023-10-25 23:30:16,614 [INFO] AnalyticsPlugin:253 - Accepted Software Licenses: STM32CubeMX.6.9.2
2023-10-25 23:30:16,615 [INFO] AnalyticsPlugin:255 - Accepted CMSIS Pack Licenses: 
2023-10-25 23:30:16,615 [INFO] AnalyticsPlugin:257 - Accepted Firmware Licenses: FW.F4.1.27.0
2023-10-25 23:30:16,617 [INFO] PluginManage:359 - Loaded plugin analytics (category:tool,tabindex:-1)
2023-10-25 23:30:16,618 [INFO] PluginManage:310 - Check plugin cadmodel
2023-10-25 23:30:16,622 [INFO] CADModel:105 - Init CAD model plugin
2023-10-25 23:30:16,622 [INFO] PluginManage:359 - Loaded plugin cadmodel (category:power,tabindex:5)
2023-10-25 23:30:16,622 [INFO] PluginManage:310 - Check plugin clock
2023-10-25 23:30:16,631 [INFO] PluginManage:359 - Loaded plugin clock (category:base,tabindex:2)
2023-10-25 23:30:16,632 [INFO] PluginManage:310 - Check plugin ddr
2023-10-25 23:30:16,633 [INFO] PluginManage:359 - Loaded plugin ddr (category:tool,tabindex:6)
2023-10-25 23:30:16,634 [INFO] PluginManage:310 - Check plugin filemanager
2023-10-25 23:30:16,769 [INFO] PluginManage:359 - Loaded plugin filemanager (category:base,tabindex:10)
2023-10-25 23:30:16,769 [INFO] PluginManage:310 - Check plugin ipmanager
2023-10-25 23:30:16,777 [INFO] PluginManage:359 - Loaded plugin ipmanager (category:base,tabindex:5)
2023-10-25 23:30:16,778 [INFO] PluginManage:310 - Check plugin lpbam
2023-10-25 23:30:16,787 [INFO] PluginManage:359 - Loaded plugin lpbam (category:base,tabindex:0)
2023-10-25 23:30:16,787 [INFO] PluginManage:310 - Check plugin memorymap
2023-10-25 23:30:16,799 [INFO] PluginManage:359 - Loaded plugin memorymap (category:base,tabindex:4)
2023-10-25 23:30:16,799 [INFO] PluginManage:310 - Check plugin pinoutandconfiguration
2023-10-25 23:30:16,808 [INFO] PluginManage:359 - Loaded plugin pinoutandconfiguration (category:base,tabindex:1)
2023-10-25 23:30:16,808 [INFO] PluginManage:310 - Check plugin pinoutconfig
2023-10-25 23:30:16,899 [WARN] SupportedApi:132 - Cannot load RTOS API schema: s4s-elt-must-match.1: The content of 'definitions' must match (annotation?, (simpleType | complexType)?, (unique | key | keyref)*)). A problem was found starting at: attribute.
2023-10-25 23:30:17,024 [INFO] PluginManage:359 - Loaded plugin pinoutconfig (category:base,tabindex:0)
2023-10-25 23:30:17,024 [INFO] PluginManage:310 - Check plugin power
2023-10-25 23:30:17,033 [INFO] PluginManage:359 - Loaded plugin power (category:power,tabindex:4)
2023-10-25 23:30:17,034 [INFO] PluginManage:310 - Check plugin projectmanager
2023-10-25 23:30:17,047 [INFO] PluginManage:359 - Loaded plugin projectmanager (category:projectmanager,tabindex:3)
2023-10-25 23:30:17,047 [INFO] PluginManage:310 - Check plugin thirdparty
2023-10-25 23:30:17,186 [WARN] IntegrityCheckThread:84 - waiting for thirdparty lock release [integrity check]
2023-10-25 23:30:17,186 [INFO] IntegrityCheckThread:86 - entering critical section [integrity check]
2023-10-25 23:30:17,187 [INFO] PluginManage:359 - Loaded plugin thirdparty (category:base,tabindex:-1)
2023-10-25 23:30:17,187 [INFO] ThirdPartyUpdaterWithRetryManager:70 - Updater plugin not ready yet. [1/15]
2023-10-25 23:30:17,187 [INFO] PluginManage:310 - Check plugin tools
2023-10-25 23:30:17,191 [INFO] PluginManage:359 - Loaded plugin tools (category:base,tabindex:7)
2023-10-25 23:30:17,191 [INFO] PluginManage:310 - Check plugin tutovideos
2023-10-25 23:30:17,333 [INFO] PluginManage:359 - Loaded plugin tutovideos (category:base,tabindex:-1)
2023-10-25 23:30:17,334 [INFO] PluginManage:310 - Check plugin updater
2023-10-25 23:30:17,344 [INFO] PluginManage:359 - Loaded plugin updater (category:base,tabindex:12)
2023-10-25 23:30:17,344 [INFO] PluginManage:310 - Check plugin userauth
2023-10-25 23:30:17,348 [INFO] UserAuth:113 - Init User Auth plugin
2023-10-25 23:30:17,348 [INFO] PluginManage:359 - Loaded plugin userauth (category:base,tabindex:14)
2023-10-25 23:30:17,349 [INFO] PluginManage:283 - PluginManage : Loaded plugins [17]
2023-10-25 23:30:17,547 [INFO] PinOutPanel:1499 - setPackage(No Configuration,No Configuration)
2023-10-25 23:30:17,645 [INFO] CADModel:165 - CPN selected for project level
2023-10-25 23:30:17,645 [INFO] CADModel:114 - Register for checkConnection events
2023-10-25 23:30:17,658 [INFO] IPUIPlugin:80 - create IPUIPlugin
2023-10-25 23:30:17,658 [INFO] PluginManager:220 - loadIPPluginJar : add adc
2023-10-25 23:30:17,660 [INFO] IPUIPlugin:80 - create IPUIPlugin
2023-10-25 23:30:17,660 [INFO] PluginManager:220 - loadIPPluginJar : add aes
2023-10-25 23:30:17,663 [INFO] IPUIPlugin:80 - create IPUIPlugin
2023-10-25 23:30:17,663 [INFO] PluginManager:220 - loadIPPluginJar : add can
2023-10-25 23:30:17,665 [INFO] IPUIPlugin:80 - create IPUIPlugin
2023-10-25 23:30:17,665 [INFO] PluginManager:220 - loadIPPluginJar : add comp
2023-10-25 23:30:17,667 [INFO] IPUIPlugin:80 - create IPUIPlugin
2023-10-25 23:30:17,667 [INFO] PluginManager:220 - loadIPPluginJar : add cryp
2023-10-25 23:30:17,670 [INFO] IPUIPlugin:80 - create IPUIPlugin
2023-10-25 23:30:17,670 [INFO] PluginManager:220 - loadIPPluginJar : add dfsdm
2023-10-25 23:30:17,675 [INFO] IPUIPlugin:80 - create IPUIPlugin
2023-10-25 23:30:17,676 [INFO] PluginManager:220 - loadIPPluginJar : add dma
2023-10-25 23:30:17,678 [INFO] IPUIPlugin:80 - create IPUIPlugin
2023-10-25 23:30:17,678 [INFO] PluginManager:220 - loadIPPluginJar : add dma3
2023-10-25 23:30:17,679 [INFO] IPUIPlugin:80 - create IPUIPlugin
2023-10-25 23:30:17,679 [INFO] PluginManager:220 - loadIPPluginJar : add fatfs
2023-10-25 23:30:17,683 [INFO] IPUIPlugin:80 - create IPUIPlugin
2023-10-25 23:30:17,683 [INFO] PluginManager:220 - loadIPPluginJar : add fmc
2023-10-25 23:30:17,687 [INFO] IPUIPlugin:80 - create IPUIPlugin
2023-10-25 23:30:17,687 [INFO] PluginManager:220 - loadIPPluginJar : add freertos
2023-10-25 23:30:17,688 [INFO] IPUIPlugin:80 - create IPUIPlugin
2023-10-25 23:30:17,689 [INFO] PluginManager:220 - loadIPPluginJar : add genericplugin
2023-10-25 23:30:17,690 [INFO] IPUIPlugin:80 - create IPUIPlugin
2023-10-25 23:30:17,690 [INFO] PluginManager:220 - loadIPPluginJar : add gfxmmu
2023-10-25 23:30:17,694 [INFO] IPUIPlugin:80 - create IPUIPlugin
2023-10-25 23:30:17,694 [INFO] PluginManager:220 - loadIPPluginJar : add gic
2023-10-25 23:30:17,700 [INFO] IPUIPlugin:80 - create IPUIPlugin
2023-10-25 23:30:17,700 [INFO] PluginManager:220 - loadIPPluginJar : add gpio
2023-10-25 23:30:17,702 [INFO] IPUIPlugin:80 - create IPUIPlugin
2023-10-25 23:30:17,702 [INFO] PluginManager:220 - loadIPPluginJar : add gtzc
2023-10-25 23:30:17,704 [INFO] IPUIPlugin:80 - create IPUIPlugin
2023-10-25 23:30:17,704 [INFO] PluginManager:220 - loadIPPluginJar : add hash
2023-10-25 23:30:17,706 [INFO] IPUIPlugin:80 - create IPUIPlugin
2023-10-25 23:30:17,706 [INFO] PluginManager:220 - loadIPPluginJar : add i2c
2023-10-25 23:30:17,708 [INFO] IPUIPlugin:80 - create IPUIPlugin
2023-10-25 23:30:17,708 [INFO] PluginManager:220 - loadIPPluginJar : add i2s
2023-10-25 23:30:17,711 [INFO] IPUIPlugin:80 - create IPUIPlugin
2023-10-25 23:30:17,711 [INFO] PluginManager:220 - loadIPPluginJar : add i3c
2023-10-25 23:30:17,713 [INFO] IPUIPlugin:80 - create IPUIPlugin
2023-10-25 23:30:17,714 [INFO] PluginManager:220 - loadIPPluginJar : add ipddr
2023-10-25 23:30:17,719 [INFO] IPUIPlugin:80 - create IPUIPlugin
2023-10-25 23:30:17,719 [INFO] PluginManager:220 - loadIPPluginJar : add linkedlist
2023-10-25 23:30:17,721 [INFO] IPUIPlugin:80 - create IPUIPlugin
2023-10-25 23:30:17,721 [INFO] PluginManager:220 - loadIPPluginJar : add lorawan
2023-10-25 23:30:17,722 [INFO] IPUIPlugin:80 - create IPUIPlugin
2023-10-25 23:30:17,723 [INFO] PluginManager:220 - loadIPPluginJar : add ltdc
2023-10-25 23:30:17,727 [INFO] IPUIPlugin:80 - create IPUIPlugin
2023-10-25 23:30:17,728 [INFO] PluginManager:220 - loadIPPluginJar : add mdma
2023-10-25 23:30:17,732 [INFO] IPUIPlugin:80 - create IPUIPlugin
2023-10-25 23:30:17,732 [INFO] PluginManager:220 - loadIPPluginJar : add nvic
2023-10-25 23:30:17,735 [INFO] IPUIPlugin:80 - create IPUIPlugin
2023-10-25 23:30:17,735 [INFO] PluginManager:220 - loadIPPluginJar : add opamp
2023-10-25 23:30:17,737 [INFO] IPUIPlugin:80 - create IPUIPlugin
2023-10-25 23:30:17,737 [INFO] PluginManager:220 - loadIPPluginJar : add openamp
2023-10-25 23:30:17,739 [INFO] IPUIPlugin:80 - create IPUIPlugin
2023-10-25 23:30:17,739 [INFO] PluginManager:220 - loadIPPluginJar : add pdm2pcm
2023-10-25 23:30:17,744 [INFO] IPUIPlugin:80 - create IPUIPlugin
2023-10-25 23:30:17,746 [INFO] PluginManager:220 - loadIPPluginJar : add plateformsettings
2023-10-25 23:30:17,747 [INFO] IPUIPlugin:80 - create IPUIPlugin
2023-10-25 23:30:17,747 [INFO] PluginManager:220 - loadIPPluginJar : add quadspi
2023-10-25 23:30:17,750 [INFO] IPUIPlugin:80 - create IPUIPlugin
2023-10-25 23:30:17,750 [INFO] PluginManager:220 - loadIPPluginJar : add resmgrutility
2023-10-25 23:30:17,751 [INFO] IPUIPlugin:80 - create IPUIPlugin
2023-10-25 23:30:17,753 [INFO] PluginManager:220 - loadIPPluginJar : add sai
2023-10-25 23:30:17,754 [INFO] IPUIPlugin:80 - create IPUIPlugin
2023-10-25 23:30:17,754 [INFO] PluginManager:220 - loadIPPluginJar : add spi
2023-10-25 23:30:17,758 [INFO] IPUIPlugin:80 - create IPUIPlugin
2023-10-25 23:30:17,758 [INFO] PluginManager:220 - loadIPPluginJar : add stm32_wpan
2023-10-25 23:30:17,759 [INFO] IPUIPlugin:80 - create IPUIPlugin
2023-10-25 23:30:17,759 [INFO] PluginManager:220 - loadIPPluginJar : add tim
2023-10-25 23:30:17,761 [INFO] IPUIPlugin:80 - create IPUIPlugin
2023-10-25 23:30:17,761 [INFO] PluginManager:220 - loadIPPluginJar : add touchsensing
2023-10-25 23:30:17,764 [INFO] IPUIPlugin:80 - create IPUIPlugin
2023-10-25 23:30:17,764 [INFO] PluginManager:220 - loadIPPluginJar : add tracer_emb
2023-10-25 23:30:17,765 [INFO] IPUIPlugin:80 - create IPUIPlugin
2023-10-25 23:30:17,765 [INFO] PluginManager:220 - loadIPPluginJar : add ts
2023-10-25 23:30:17,767 [INFO] IPUIPlugin:80 - create IPUIPlugin
2023-10-25 23:30:17,767 [INFO] PluginManager:220 - loadIPPluginJar : add tsc
2023-10-25 23:30:17,768 [INFO] IPUIPlugin:80 - create IPUIPlugin
2023-10-25 23:30:17,769 [INFO] PluginManager:220 - loadIPPluginJar : add ucpd
2023-10-25 23:30:17,771 [INFO] IPUIPlugin:80 - create IPUIPlugin
2023-10-25 23:30:17,771 [INFO] PluginManager:220 - loadIPPluginJar : add usart
2023-10-25 23:30:17,774 [INFO] IPUIPlugin:80 - create IPUIPlugin
2023-10-25 23:30:17,774 [INFO] PluginManager:220 - loadIPPluginJar : add usbx
2023-10-25 23:30:17,895 [INFO] CADModel:165 - CPN selected for project level
2023-10-25 23:30:17,895 [INFO] CADModel:114 - Register for checkConnection events
2023-10-25 23:30:17,896 [FATAL] Updater:308 - Updater called before beeing initialized
2023-10-25 23:30:17,896 [ERROR] CADModel:125 - Updater not yet initialized, retry later 
2023-10-25 23:30:18,025 [INFO] CADModel:165 - CPN selected for project level
2023-10-25 23:30:18,026 [INFO] CADModel:114 - Register for checkConnection events
2023-10-25 23:30:18,026 [FATAL] Updater:308 - Updater called before beeing initialized
2023-10-25 23:30:18,026 [ERROR] CADModel:125 - Updater not yet initialized, retry later 
2023-10-25 23:30:18,030 [FATAL] Updater:308 - Updater called before beeing initialized
2023-10-25 23:30:18,123 [FATAL] Updater:308 - Updater called before beeing initialized
2023-10-25 23:30:18,128 [INFO] DbMcusAds:53 - JSON generation date=Tue Mar 07 14:20:55 IST 2023 (1678179055114)
2023-10-25 23:30:18,128 [FATAL] Updater:308 - Updater called before beeing initialized
2023-10-25 23:30:18,156 [WARN] DetailPanel:346 - Failed to get advertising image, set to default
2023-10-25 23:30:18,242 [FATAL] Updater:308 - Updater called before beeing initialized
2023-10-25 23:30:18,243 [FATAL] Updater:308 - Updater called before beeing initialized
2023-10-25 23:30:18,244 [FATAL] Updater:308 - Updater called before beeing initialized
2023-10-25 23:30:18,244 [WARN] DetailPanel:346 - Failed to get advertising image, set to default
2023-10-25 23:30:18,244 [FATAL] Updater:308 - Updater called before beeing initialized
2023-10-25 23:30:18,287 [ERROR] Updater:1120 - MainUpdater not yet initialized. External WinMGr cannot be set.
2023-10-25 23:30:18,289 [INFO] Updater:1056 - Updater Version found : 6.9.2
2023-10-25 23:30:18,312 [INFO] ApplicationProperties:184 - Using Application install path: D:\STM32IDE\STM32CubeIDE_1.13.1\STM32CubeIDE\plugins\com.st.stm32cube.common.mx_6.9.2.202309101412
2023-10-25 23:30:18,613 [INFO] MainUpdater:2868 - connection check result : 10
2023-10-25 23:30:18,614 [INFO] MainUpdater:285 - Updater Check For Update Now.
2023-10-25 23:30:18,615 [INFO] MicroXplorer:498 - Change Database Version : DB.6.0.92
2023-10-25 23:30:18,636 [INFO] McuFinderGlobals:63 - Set McuFinder mode to 2 (CubeIDE integrated)
2023-10-25 23:30:18,787 [INFO] CheckServerUpdateThread:120 - End of CheckServer Thread
2023-10-25 23:30:20,317 [WARN] PackLoader:240 - Cannot read IP mode file for STMicroelectronics.X-CUBE-SMBUS.2.1.0
2023-10-25 23:30:20,355 [WARN] PackLoader:240 - Cannot read IP mode file for STMicroelectronics.X-CUBE-AZRTOS-F7.1.1.0
2023-10-25 23:30:20,367 [WARN] PackLoader:240 - Cannot read IP mode file for STMicroelectronics.FP-SNS-MOTENV1.4.3.2
2023-10-25 23:30:20,375 [WARN] PackLoader:240 - Cannot read IP mode file for STMicroelectronics.FP-SNS-FLIGHT1.5.0.2
2023-10-25 23:30:20,388 [WARN] PackLoader:240 - Cannot read IP mode file for STMicroelectronics.X-CUBE-DISPLAY.3.0.0
2023-10-25 23:30:20,409 [WARN] PackLoader:240 - Cannot read IP mode file for STMicroelectronics.X-CUBE-BLE1.7.0.0
2023-10-25 23:30:20,416 [WARN] PackLoader:240 - Cannot read IP mode file for emotas.I-CUBE-CANOPEN.1.3.0
2023-10-25 23:30:20,426 [WARN] PackLoader:240 - Cannot read IP mode file for STMicroelectronics.X-CUBE-TOUCHGFX.4.22.0
2023-10-25 23:30:20,430 [WARN] PackLoader:240 - Cannot read IP mode file for STMicroelectronics.X-CUBE-TOUCHGFX.4.22.1
2023-10-25 23:30:20,436 [WARN] PackLoader:240 - Cannot read IP mode file for STMicroelectronics.FP-SNS-SMARTAG2.1.2.0
2023-10-25 23:30:20,453 [INFO] LogOutputStream:77 - [STDOUT_REDIRECT] 1 : Invalid condition id : UX_CORESTACK_Condition cause : null
2023-10-25 23:30:20,455 [INFO] LogOutputStream:77 - [STDOUT_REDIRECT] 1 : Invalid condition id : UX_CORESTACK_Condition cause : null
2023-10-25 23:30:20,456 [INFO] LogOutputStream:77 - [STDOUT_REDIRECT] 1 : Invalid condition id : UX_CORESTACK_Condition cause : null
2023-10-25 23:30:20,458 [INFO] LogOutputStream:77 - [STDOUT_REDIRECT] 1 : Invalid condition id : UX_CORESTACK_Condition cause : null
2023-10-25 23:30:20,460 [INFO] LogOutputStream:77 - [STDOUT_REDIRECT] 1 : Invalid condition id : UX_CORESTACK_Condition cause : null
2023-10-25 23:30:20,462 [WARN] PackLoader:240 - Cannot read IP mode file for STMicroelectronics.X-CUBE-AZRTOS-WL.2.0.0
2023-10-25 23:30:20,478 [WARN] PackLoader:240 - Cannot read IP mode file for WES.I-CUBE-Cesium.1.3.0
2023-10-25 23:30:20,484 [WARN] PackLoader:240 - Cannot read IP mode file for STMicroelectronics.X-CUBE-BLE2.3.3.0
2023-10-25 23:30:20,491 [WARN] PackLoader:240 - Cannot read IP mode file for STMicroelectronics.X-CUBE-ALGOBUILD.1.3.0
2023-10-25 23:30:20,514 [WARN] PackLoader:240 - Cannot read IP mode file for STMicroelectronics.X-CUBE-AZRTOS-G0.1.1.0
2023-10-25 23:30:20,521 [WARN] PackLoader:240 - Cannot read IP mode file for STMicroelectronics.X-CUBE-NFC4.3.0.0
2023-10-25 23:30:20,528 [WARN] PackLoader:240 - Cannot read IP mode file for STMicroelectronics.FP-ATR-SIGFOX1.3.2.0
2023-10-25 23:30:20,556 [WARN] PackLoader:240 - Cannot read IP mode file for SEGGER.I-CUBE-embOS.1.3.1
2023-10-25 23:30:20,600 [WARN] PackLoader:240 - Cannot read IP mode file for STMicroelectronics.X-CUBE-GNSS1.6.0.0
2023-10-25 23:30:20,627 [WARN] PackLoader:240 - Cannot read IP mode file for STMicroelectronics.X-CUBE-AZRTOS-F4.1.1.0
2023-10-25 23:30:20,637 [WARN] PackLoader:240 - Cannot read IP mode file for wolfSSL.I-CUBE-wolfSSL.5.6.3
2023-10-25 23:30:20,662 [WARN] PackLoader:240 - Cannot read IP mode file for STMicroelectronics.X-CUBE-AZRTOS-L5.2.0.0
2023-10-25 23:30:20,738 [WARN] PackLoader:240 - Cannot read IP mode file for STMicroelectronics.X-CUBE-MEMS1.9.6.0
2023-10-25 23:30:20,861 [WARN] PackLoader:240 - Cannot read IP mode file for STMicroelectronics.X-CUBE-EEPRMA1.4.2.0
2023-10-25 23:30:20,867 [WARN] PackLoader:240 - Cannot read IP mode file for ITTIA_DB.I-CUBE-ITTIADB.8.8.0
2023-10-25 23:30:20,882 [WARN] PackLoader:240 - Cannot read IP mode file for STMicroelectronics.X-CUBE-BLEMGR.2.0.0
2023-10-25 23:30:20,907 [WARN] ConditionMgr:438 - getConditionDescription Invalid condition id : UX DEVICE CLASS RTOS Condition cause : null
2023-10-25 23:30:20,908 [WARN] ConditionMgr:438 - getConditionDescription Invalid condition id : UX DEVICE CLASS RTOS Condition cause : null
2023-10-25 23:30:20,912 [WARN] PackLoader:240 - Cannot read IP mode file for STMicroelectronics.X-CUBE-AZRTOS-H7.3.1.0
2023-10-25 23:30:20,914 [WARN] ConditionMgr:1039 - genDependencies : Invalid condition id : UX DEVICE CLASS RTOS Condition cause : null
2023-10-25 23:30:20,914 [WARN] ConditionMgr:1039 - genDependencies : Invalid condition id : UX DEVICE CLASS RTOS Condition cause : null
2023-10-25 23:30:20,915 [WARN] ConditionMgr:1039 - genDependencies : Invalid condition id : UX DEVICE CLASS RTOS Condition cause : null
2023-10-25 23:30:20,916 [WARN] ConditionMgr:1039 - genDependencies : Invalid condition id : UX DEVICE CLASS RTOS Condition cause : null
2023-10-25 23:30:20,916 [WARN] ConditionMgr:1039 - genDependencies : Invalid condition id : UX DEVICE CLASS RTOS Condition cause : null
2023-10-25 23:30:20,923 [WARN] PackLoader:240 - Cannot read IP mode file for STMicroelectronics.X-CUBE-NFC7.1.0.1
2023-10-25 23:30:20,929 [WARN] PackLoader:240 - Cannot read IP mode file for STMicroelectronics.X-CUBE-NFC6.3.0.0
2023-10-25 23:30:20,935 [WARN] PackLoader:240 - Cannot read IP mode file for STMicroelectronics.X-CUBE-EEPRMA1.4.1.0
2023-10-25 23:30:20,941 [WARN] PackLoader:240 - Cannot read IP mode file for STMicroelectronics.X-CUBE-AI.8.1.0
2023-10-25 23:30:20,958 [WARN] ConditionMgr:438 - getConditionDescription Invalid condition id : LAN8742 Phy interface Condition cause : null
2023-10-25 23:30:20,958 [WARN] PackLoader:240 - Cannot read IP mode file for STMicroelectronics.X-CUBE-AZRTOS-L4.2.0.0
2023-10-25 23:30:20,959 [WARN] ConditionMgr:1039 - genDependencies : Invalid condition id : LAN8742 Phy interface Condition cause : null
2023-10-25 23:30:20,960 [WARN] ConditionMgr:1039 - genDependencies : Invalid condition id : LAN8742 Phy interface Condition cause : null
2023-10-25 23:30:20,961 [WARN] ConditionMgr:1039 - genDependencies : Invalid condition id : LAN8742 Phy interface Condition cause : null
2023-10-25 23:30:20,967 [WARN] PackLoader:240 - Cannot read IP mode file for STMicroelectronics.X-CUBE-SFXS2LP1.4.0.0
2023-10-25 23:30:20,971 [WARN] PackLoader:240 - Cannot read IP mode file for STMicroelectronics.X-CUBE-ISPU.1.1.0
2023-10-25 23:30:20,979 [WARN] ConditionMgr:438 - getConditionDescription Invalid condition id : UX DEVICE CLASS RTOS Condition cause : null
2023-10-25 23:30:20,979 [WARN] ConditionMgr:438 - getConditionDescription Invalid condition id : UX DEVICE CLASS RTOS Condition cause : null
2023-10-25 23:30:20,981 [WARN] PackLoader:240 - Cannot read IP mode file for STMicroelectronics.X-CUBE-AZRTOS-WB.2.0.0
2023-10-25 23:30:20,981 [WARN] ConditionMgr:1039 - genDependencies : Invalid condition id : UX DEVICE CLASS RTOS Condition cause : null
2023-10-25 23:30:20,982 [WARN] ConditionMgr:1039 - genDependencies : Invalid condition id : UX DEVICE CLASS RTOS Condition cause : null
2023-10-25 23:30:20,982 [WARN] ConditionMgr:1039 - genDependencies : Invalid condition id : UX DEVICE CLASS RTOS Condition cause : null
2023-10-25 23:30:20,982 [WARN] ConditionMgr:1039 - genDependencies : Invalid condition id : UX DEVICE CLASS RTOS Condition cause : null
2023-10-25 23:30:20,982 [WARN] ConditionMgr:1039 - genDependencies : Invalid condition id : UX DEVICE CLASS RTOS Condition cause : null
2023-10-25 23:30:20,989 [WARN] PackLoader:240 - Cannot read IP mode file for STMicroelectronics.X-CUBE-SUBG2.5.0.0
2023-10-25 23:30:21,000 [WARN] PackLoader:240 - Cannot read IP mode file for STMicroelectronics.X-CUBE-TOF1.3.3.1
2023-10-25 23:30:21,015 [WARN] PackLoader:240 - Cannot read IP mode file for STMicroelectronics.X-CUBE-AZRTOS-G4.2.0.0
2023-10-25 23:30:21,026 [WARN] PackLoader:240 - Cannot read IP mode file for Infineon.AIROC-Wi-Fi-Bluetooth-STM32.1.5.1
2023-10-25 23:30:21,053 [WARN] PackLoader:240 - Cannot read IP mode file for STMicroelectronics.X-CUBE-MEMS1.10.0.0
2023-10-25 23:30:21,163 [WARN] PackLoader:240 - Cannot read IP mode file for STMicroelectronics.X-CUBE-FREERTOS.1.1.0
2023-10-25 23:30:21,169 [WARN] PackLoader:240 - Cannot read IP mode file for portGmbH.I-Cube-SoM-uGOAL.1.1.0
2023-10-25 23:30:21,175 [WARN] PackLoader:240 - Cannot read IP mode file for STMicroelectronics.X-CUBE-ALS.1.0.1
2023-10-25 23:30:21,181 [WARN] PackLoader:240 - Cannot read IP mode file for STMicroelectronics.FP-ATR-ASTRA1.2.0.0
2023-10-25 23:30:21,183 [INFO] ThirdParty:978 - Integrity check success = true
2023-10-25 23:30:21,183 [INFO] IntegrityCheckThread:100 - exiting critical section [integrity check]
2023-10-25 23:30:21,184 [INFO] IntegrityCheckThread:103 - End integrity checks thread
2023-10-25 23:30:36,091 [ERROR] LogOutputStream:75 - [STDERR_REDIRECT] SLF4J: Failed to load class "org.slf4j.impl.StaticLoggerBinder".
2023-10-25 23:30:36,091 [ERROR] LogOutputStream:75 - [STDERR_REDIRECT] SLF4J: Defaulting to no-operation (NOP) logger implementation
2023-10-25 23:30:36,091 [ERROR] LogOutputStream:75 - [STDERR_REDIRECT] SLF4J: See http://www.slf4j.org/codes.html#StaticLoggerBinder for further details.
