2023-10-10 15:37:00,756 [INFO] Activator:176 - 


2023-10-10 15:37:00,761 [INFO] Activator:177 - !SESSION log4j initialized
2023-10-10 15:37:07,151 [INFO] LogOutputStream:77 - [STDOUT_REDIRECT] 
2023-10-10 15:37:09,565 [INFO] ApplicationProperties:184 - Using Application install path: D:\STM32IDE\STM32CubeIDE_1.13.1\STM32CubeIDE\plugins\com.st.stm32cube.common.mx_6.9.2.202309101412
2023-10-10 15:37:09,592 [INFO] DbMcusXml:78 - Set database path to: D:\STM32IDE\STM32CubeIDE_1.13.1\STM32CubeIDE\plugins\com.st.stm32cube.common.mx_6.9.2.202309101412\\db\/mcu/
2023-10-10 15:37:09,592 [INFO] ApiDb:274 - Set plugin database path to: D:\STM32IDE\STM32CubeIDE_1.13.1\STM32CubeIDE\plugins\com.st.stm32cube.common.mx_6.9.2.202309101412\\db\/plugins/boardmanager/
2023-10-10 15:37:09,593 [WARN] ApiDb:259 - Overriding images path with different value:  => D:\STM32IDE\STM32CubeIDE_1.13.1\STM32CubeIDE\plugins\com.st.stm32cube.common.mx_6.9.2.202309101412\\db\/plugins/mcufinder/images/
2023-10-10 15:37:09,615 [INFO] ApiDb:250 - Set database path to: C:\Users\ARYAN\.stmcufinder\plugins\mcufinder//mcu/
2023-10-10 15:37:09,616 [INFO] DbMcusAds:125 - Set database path to: C:\Users\ARYAN\.stmcufinder\plugins\mcufinder//mcu/
2023-10-10 15:37:09,619 [INFO] CrossReferenceDbSqlite:203 - Set database path to: C:\Users\ARYAN\.stmcufinder\plugins\mcufinder//mcu/cs/
2023-10-10 15:37:09,751 [INFO] RulesReader:64 - Compatibility file has been processed (293 Rules)
2023-10-10 15:37:09,868 [INFO] DbMcusXml:78 - Set database path to: D:\STM32IDE\STM32CubeIDE_1.13.1\STM32CubeIDE\plugins\com.st.stm32cube.common.mx_6.9.2.202309101412\\db\/mcu/
2023-10-10 15:37:09,868 [INFO] ApiDb:274 - Set plugin database path to: D:\STM32IDE\STM32CubeIDE_1.13.1\STM32CubeIDE\plugins\com.st.stm32cube.common.mx_6.9.2.202309101412\\db\/plugins/boardmanager/
2023-10-10 15:37:09,868 [INFO] ApiDb:261 - Set plugin images path to: D:\STM32IDE\STM32CubeIDE_1.13.1\STM32CubeIDE\plugins\com.st.stm32cube.common.mx_6.9.2.202309101412\\db\/plugins/mcufinder/images/
2023-10-10 15:37:09,869 [WARN] DbFile:41 - Overriding database path with different value: C:\Users\ARYAN\.stmcufinder\plugins\mcufinder/ => C:\Users\ARYAN\.stmcufinder\plugins\mcufinder
2023-10-10 15:37:09,869 [INFO] ApiDb:250 - Set database path to: C:\Users\ARYAN\.stmcufinder\plugins\mcufinder//mcu/
2023-10-10 15:37:09,869 [WARN] DbFile:41 - Overriding database path with different value: C:\Users\ARYAN\.stmcufinder\plugins\mcufinder/ => C:\Users\ARYAN\.stmcufinder\plugins\mcufinder
2023-10-10 15:37:09,869 [INFO] DbMcusAds:125 - Set database path to: C:\Users\ARYAN\.stmcufinder\plugins\mcufinder//mcu/
2023-10-10 15:37:09,869 [WARN] DbFile:41 - Overriding database path with different value: C:\Users\ARYAN\.stmcufinder\plugins\mcufinder/ => C:\Users\ARYAN\.stmcufinder\plugins\mcufinder
2023-10-10 15:37:09,869 [WARN] DbFile:41 - Overriding database path with different value: C:\Users\ARYAN\.stmcufinder\plugins\mcufinder/ => C:\Users\ARYAN\.stmcufinder\plugins\mcufinder
2023-10-10 15:37:09,869 [INFO] CrossReferenceDbSqlite:203 - Set database path to: C:\Users\ARYAN\.stmcufinder\plugins\mcufinder//mcu/cs/
2023-10-10 15:37:09,964 [INFO] MainPanel:262 - HeapMemory: 268435456
2023-10-10 15:37:10,076 [INFO] DbMcusXml:78 - Set database path to: D:\STM32IDE\STM32CubeIDE_1.13.1\STM32CubeIDE\plugins\com.st.stm32cube.common.mx_6.9.2.202309101412\\db\/mcu/
2023-10-10 15:37:10,077 [INFO] ApiDb:274 - Set plugin database path to: D:\STM32IDE\STM32CubeIDE_1.13.1\STM32CubeIDE\plugins\com.st.stm32cube.common.mx_6.9.2.202309101412\\db\/plugins/boardmanager/
2023-10-10 15:37:10,077 [INFO] ApiDb:261 - Set plugin images path to: D:\STM32IDE\STM32CubeIDE_1.13.1\STM32CubeIDE\plugins\com.st.stm32cube.common.mx_6.9.2.202309101412\\db\/plugins/mcufinder/images/
2023-10-10 15:37:10,077 [WARN] DbFile:41 - Overriding database path with different value: C:\Users\ARYAN\.stmcufinder\plugins\mcufinder/ => C:\Users\ARYAN\.stmcufinder\plugins\mcufinder
2023-10-10 15:37:10,077 [INFO] ApiDb:250 - Set database path to: C:\Users\ARYAN\.stmcufinder\plugins\mcufinder//mcu/
2023-10-10 15:37:10,077 [WARN] DbFile:41 - Overriding database path with different value: C:\Users\ARYAN\.stmcufinder\plugins\mcufinder/ => C:\Users\ARYAN\.stmcufinder\plugins\mcufinder
2023-10-10 15:37:10,077 [INFO] DbMcusAds:125 - Set database path to: C:\Users\ARYAN\.stmcufinder\plugins\mcufinder//mcu/
2023-10-10 15:37:10,077 [WARN] DbFile:41 - Overriding database path with different value: C:\Users\ARYAN\.stmcufinder\plugins\mcufinder/ => C:\Users\ARYAN\.stmcufinder\plugins\mcufinder
2023-10-10 15:37:10,078 [WARN] DbFile:41 - Overriding database path with different value: C:\Users\ARYAN\.stmcufinder\plugins\mcufinder/ => C:\Users\ARYAN\.stmcufinder\plugins\mcufinder
2023-10-10 15:37:10,078 [INFO] CrossReferenceDbSqlite:203 - Set database path to: C:\Users\ARYAN\.stmcufinder\plugins\mcufinder//mcu/cs/
2023-10-10 15:37:10,097 [INFO] ApplicationProperties:184 - Using Application install path: D:\STM32IDE\STM32CubeIDE_1.13.1\STM32CubeIDE\plugins\com.st.stm32cube.common.mx_6.9.2.202309101412
2023-10-10 15:37:10,099 [INFO] PluginManage:196 - Search for loadable plugins [exclusion list=, ]
2023-10-10 15:37:10,101 [INFO] PluginManage:310 - Check plugin analytics
2023-10-10 15:37:10,366 [INFO] AnalyticsPlugin:253 - Accepted Software Licenses: STM32CubeMX.6.9.2
2023-10-10 15:37:10,367 [INFO] AnalyticsPlugin:255 - Accepted CMSIS Pack Licenses: 
2023-10-10 15:37:10,367 [INFO] AnalyticsPlugin:257 - Accepted Firmware Licenses: FW.F4.1.27.0
2023-10-10 15:37:10,371 [INFO] PluginManage:359 - Loaded plugin analytics (category:tool,tabindex:-1)
2023-10-10 15:37:10,371 [INFO] PluginManage:310 - Check plugin cadmodel
2023-10-10 15:37:10,384 [INFO] CADModel:105 - Init CAD model plugin
2023-10-10 15:37:10,384 [INFO] PluginManage:359 - Loaded plugin cadmodel (category:power,tabindex:5)
2023-10-10 15:37:10,384 [INFO] PluginManage:310 - Check plugin clock
2023-10-10 15:37:10,404 [INFO] PluginManage:359 - Loaded plugin clock (category:base,tabindex:2)
2023-10-10 15:37:10,404 [INFO] PluginManage:310 - Check plugin ddr
2023-10-10 15:37:10,406 [INFO] PluginManage:359 - Loaded plugin ddr (category:tool,tabindex:6)
2023-10-10 15:37:10,407 [INFO] PluginManage:310 - Check plugin filemanager
2023-10-10 15:37:10,553 [INFO] PluginManage:359 - Loaded plugin filemanager (category:base,tabindex:10)
2023-10-10 15:37:10,553 [INFO] PluginManage:310 - Check plugin ipmanager
2023-10-10 15:37:10,561 [INFO] PluginManage:359 - Loaded plugin ipmanager (category:base,tabindex:5)
2023-10-10 15:37:10,561 [INFO] PluginManage:310 - Check plugin lpbam
2023-10-10 15:37:10,577 [INFO] PluginManage:359 - Loaded plugin lpbam (category:base,tabindex:0)
2023-10-10 15:37:10,577 [INFO] PluginManage:310 - Check plugin memorymap
2023-10-10 15:37:10,602 [INFO] PluginManage:359 - Loaded plugin memorymap (category:base,tabindex:4)
2023-10-10 15:37:10,603 [INFO] PluginManage:310 - Check plugin pinoutandconfiguration
2023-10-10 15:37:10,620 [INFO] PluginManage:359 - Loaded plugin pinoutandconfiguration (category:base,tabindex:1)
2023-10-10 15:37:10,620 [INFO] PluginManage:310 - Check plugin pinoutconfig
2023-10-10 15:37:10,715 [WARN] SupportedApi:132 - Cannot load RTOS API schema: s4s-elt-must-match.1: The content of 'definitions' must match (annotation?, (simpleType | complexType)?, (unique | key | keyref)*)). A problem was found starting at: attribute.
2023-10-10 15:37:10,861 [INFO] PluginManage:359 - Loaded plugin pinoutconfig (category:base,tabindex:0)
2023-10-10 15:37:10,861 [INFO] PluginManage:310 - Check plugin power
2023-10-10 15:37:10,881 [INFO] PluginManage:359 - Loaded plugin power (category:power,tabindex:4)
2023-10-10 15:37:10,881 [INFO] PluginManage:310 - Check plugin projectmanager
2023-10-10 15:37:10,897 [INFO] PluginManage:359 - Loaded plugin projectmanager (category:projectmanager,tabindex:3)
2023-10-10 15:37:10,897 [INFO] PluginManage:310 - Check plugin thirdparty
2023-10-10 15:37:11,172 [INFO] PluginManage:359 - Loaded plugin thirdparty (category:base,tabindex:-1)
2023-10-10 15:37:11,172 [WARN] IntegrityCheckThread:84 - waiting for thirdparty lock release [integrity check]
2023-10-10 15:37:11,173 [INFO] PluginManage:310 - Check plugin tools
2023-10-10 15:37:11,173 [INFO] IntegrityCheckThread:86 - entering critical section [integrity check]
2023-10-10 15:37:11,173 [INFO] ThirdPartyUpdaterWithRetryManager:70 - Updater plugin not ready yet. [1/15]
2023-10-10 15:37:11,201 [INFO] PluginManage:359 - Loaded plugin tools (category:base,tabindex:7)
2023-10-10 15:37:11,201 [INFO] PluginManage:310 - Check plugin tutovideos
2023-10-10 15:37:11,408 [INFO] PluginManage:359 - Loaded plugin tutovideos (category:base,tabindex:-1)
2023-10-10 15:37:11,408 [INFO] PluginManage:310 - Check plugin updater
2023-10-10 15:37:11,424 [INFO] PluginManage:359 - Loaded plugin updater (category:base,tabindex:12)
2023-10-10 15:37:11,424 [INFO] PluginManage:310 - Check plugin userauth
2023-10-10 15:37:11,432 [INFO] UserAuth:113 - Init User Auth plugin
2023-10-10 15:37:11,432 [INFO] PluginManage:359 - Loaded plugin userauth (category:base,tabindex:14)
2023-10-10 15:37:11,433 [INFO] PluginManage:283 - PluginManage : Loaded plugins [17]
2023-10-10 15:37:11,692 [INFO] PinOutPanel:1499 - setPackage(No Configuration,No Configuration)
2023-10-10 15:37:11,803 [INFO] CADModel:165 - CPN selected for project level
2023-10-10 15:37:11,804 [INFO] CADModel:114 - Register for checkConnection events
2023-10-10 15:37:11,830 [INFO] IPUIPlugin:80 - create IPUIPlugin
2023-10-10 15:37:11,830 [INFO] PluginManager:220 - loadIPPluginJar : add adc
2023-10-10 15:37:11,859 [INFO] IPUIPlugin:80 - create IPUIPlugin
2023-10-10 15:37:11,859 [INFO] PluginManager:220 - loadIPPluginJar : add aes
2023-10-10 15:37:11,892 [INFO] IPUIPlugin:80 - create IPUIPlugin
2023-10-10 15:37:11,892 [INFO] PluginManager:220 - loadIPPluginJar : add can
2023-10-10 15:37:11,910 [INFO] IPUIPlugin:80 - create IPUIPlugin
2023-10-10 15:37:11,911 [INFO] PluginManager:220 - loadIPPluginJar : add comp
2023-10-10 15:37:11,936 [INFO] IPUIPlugin:80 - create IPUIPlugin
2023-10-10 15:37:11,936 [INFO] PluginManager:220 - loadIPPluginJar : add cryp
2023-10-10 15:37:11,960 [INFO] IPUIPlugin:80 - create IPUIPlugin
2023-10-10 15:37:11,960 [INFO] PluginManager:220 - loadIPPluginJar : add dfsdm
2023-10-10 15:37:11,973 [INFO] IPUIPlugin:80 - create IPUIPlugin
2023-10-10 15:37:11,973 [INFO] PluginManager:220 - loadIPPluginJar : add dma
2023-10-10 15:37:12,008 [INFO] IPUIPlugin:80 - create IPUIPlugin
2023-10-10 15:37:12,009 [INFO] PluginManager:220 - loadIPPluginJar : add dma3
2023-10-10 15:37:12,025 [INFO] IPUIPlugin:80 - create IPUIPlugin
2023-10-10 15:37:12,026 [INFO] PluginManager:220 - loadIPPluginJar : add fatfs
2023-10-10 15:37:12,064 [INFO] IPUIPlugin:80 - create IPUIPlugin
2023-10-10 15:37:12,064 [INFO] PluginManager:220 - loadIPPluginJar : add fmc
2023-10-10 15:37:12,076 [INFO] IPUIPlugin:80 - create IPUIPlugin
2023-10-10 15:37:12,077 [INFO] PluginManager:220 - loadIPPluginJar : add freertos
2023-10-10 15:37:12,093 [INFO] IPUIPlugin:80 - create IPUIPlugin
2023-10-10 15:37:12,094 [INFO] PluginManager:220 - loadIPPluginJar : add genericplugin
2023-10-10 15:37:12,171 [INFO] IPUIPlugin:80 - create IPUIPlugin
2023-10-10 15:37:12,171 [INFO] PluginManager:220 - loadIPPluginJar : add gfxmmu
2023-10-10 15:37:12,280 [INFO] IPUIPlugin:80 - create IPUIPlugin
2023-10-10 15:37:12,280 [INFO] PluginManager:220 - loadIPPluginJar : add gic
2023-10-10 15:37:12,291 [INFO] IPUIPlugin:80 - create IPUIPlugin
2023-10-10 15:37:12,292 [INFO] PluginManager:220 - loadIPPluginJar : add gpio
2023-10-10 15:37:12,366 [INFO] IPUIPlugin:80 - create IPUIPlugin
2023-10-10 15:37:12,367 [INFO] PluginManager:220 - loadIPPluginJar : add gtzc
2023-10-10 15:37:12,393 [INFO] IPUIPlugin:80 - create IPUIPlugin
2023-10-10 15:37:12,393 [INFO] PluginManager:220 - loadIPPluginJar : add hash
2023-10-10 15:37:12,434 [INFO] IPUIPlugin:80 - create IPUIPlugin
2023-10-10 15:37:12,434 [INFO] PluginManager:220 - loadIPPluginJar : add i2c
2023-10-10 15:37:12,466 [INFO] IPUIPlugin:80 - create IPUIPlugin
2023-10-10 15:37:12,466 [INFO] PluginManager:220 - loadIPPluginJar : add i2s
2023-10-10 15:37:12,500 [INFO] IPUIPlugin:80 - create IPUIPlugin
2023-10-10 15:37:12,500 [INFO] PluginManager:220 - loadIPPluginJar : add i3c
2023-10-10 15:37:12,586 [INFO] IPUIPlugin:80 - create IPUIPlugin
2023-10-10 15:37:12,586 [INFO] PluginManager:220 - loadIPPluginJar : add ipddr
2023-10-10 15:37:12,665 [INFO] IPUIPlugin:80 - create IPUIPlugin
2023-10-10 15:37:12,665 [INFO] PluginManager:220 - loadIPPluginJar : add linkedlist
2023-10-10 15:37:12,693 [INFO] IPUIPlugin:80 - create IPUIPlugin
2023-10-10 15:37:12,693 [INFO] PluginManager:220 - loadIPPluginJar : add lorawan
2023-10-10 15:37:12,722 [INFO] IPUIPlugin:80 - create IPUIPlugin
2023-10-10 15:37:12,723 [INFO] PluginManager:220 - loadIPPluginJar : add ltdc
2023-10-10 15:37:12,735 [INFO] IPUIPlugin:80 - create IPUIPlugin
2023-10-10 15:37:12,735 [INFO] PluginManager:220 - loadIPPluginJar : add mdma
2023-10-10 15:37:12,745 [INFO] IPUIPlugin:80 - create IPUIPlugin
2023-10-10 15:37:12,745 [INFO] PluginManager:220 - loadIPPluginJar : add nvic
2023-10-10 15:37:12,774 [INFO] IPUIPlugin:80 - create IPUIPlugin
2023-10-10 15:37:12,774 [INFO] PluginManager:220 - loadIPPluginJar : add opamp
2023-10-10 15:37:12,825 [INFO] IPUIPlugin:80 - create IPUIPlugin
2023-10-10 15:37:12,826 [INFO] PluginManager:220 - loadIPPluginJar : add openamp
2023-10-10 15:37:12,864 [INFO] IPUIPlugin:80 - create IPUIPlugin
2023-10-10 15:37:12,864 [INFO] PluginManager:220 - loadIPPluginJar : add pdm2pcm
2023-10-10 15:37:12,877 [INFO] IPUIPlugin:80 - create IPUIPlugin
2023-10-10 15:37:12,880 [INFO] PluginManager:220 - loadIPPluginJar : add plateformsettings
2023-10-10 15:37:12,897 [INFO] IPUIPlugin:80 - create IPUIPlugin
2023-10-10 15:37:12,897 [INFO] PluginManager:220 - loadIPPluginJar : add quadspi
2023-10-10 15:37:12,908 [INFO] IPUIPlugin:80 - create IPUIPlugin
2023-10-10 15:37:12,908 [INFO] PluginManager:220 - loadIPPluginJar : add resmgrutility
2023-10-10 15:37:12,947 [INFO] IPUIPlugin:80 - create IPUIPlugin
2023-10-10 15:37:12,948 [INFO] PluginManager:220 - loadIPPluginJar : add sai
2023-10-10 15:37:12,978 [INFO] IPUIPlugin:80 - create IPUIPlugin
2023-10-10 15:37:12,978 [INFO] PluginManager:220 - loadIPPluginJar : add spi
2023-10-10 15:37:13,029 [INFO] IPUIPlugin:80 - create IPUIPlugin
2023-10-10 15:37:13,029 [INFO] PluginManager:220 - loadIPPluginJar : add stm32_wpan
2023-10-10 15:37:13,049 [INFO] IPUIPlugin:80 - create IPUIPlugin
2023-10-10 15:37:13,049 [INFO] PluginManager:220 - loadIPPluginJar : add tim
2023-10-10 15:37:13,096 [INFO] IPUIPlugin:80 - create IPUIPlugin
2023-10-10 15:37:13,096 [INFO] PluginManager:220 - loadIPPluginJar : add touchsensing
2023-10-10 15:37:13,114 [INFO] IPUIPlugin:80 - create IPUIPlugin
2023-10-10 15:37:13,114 [INFO] PluginManager:220 - loadIPPluginJar : add tracer_emb
2023-10-10 15:37:13,133 [INFO] IPUIPlugin:80 - create IPUIPlugin
2023-10-10 15:37:13,133 [INFO] PluginManager:220 - loadIPPluginJar : add ts
2023-10-10 15:37:13,151 [INFO] IPUIPlugin:80 - create IPUIPlugin
2023-10-10 15:37:13,151 [INFO] PluginManager:220 - loadIPPluginJar : add tsc
2023-10-10 15:37:13,169 [INFO] IPUIPlugin:80 - create IPUIPlugin
2023-10-10 15:37:13,169 [INFO] PluginManager:220 - loadIPPluginJar : add ucpd
2023-10-10 15:37:13,204 [INFO] IPUIPlugin:80 - create IPUIPlugin
2023-10-10 15:37:13,204 [INFO] PluginManager:220 - loadIPPluginJar : add usart
2023-10-10 15:37:13,239 [INFO] IPUIPlugin:80 - create IPUIPlugin
2023-10-10 15:37:13,239 [INFO] PluginManager:220 - loadIPPluginJar : add usbx
2023-10-10 15:37:13,360 [INFO] CADModel:165 - CPN selected for project level
2023-10-10 15:37:13,360 [INFO] CADModel:114 - Register for checkConnection events
2023-10-10 15:37:13,360 [FATAL] Updater:308 - Updater called before beeing initialized
2023-10-10 15:37:13,360 [ERROR] CADModel:125 - Updater not yet initialized, retry later 
2023-10-10 15:37:13,529 [INFO] CADModel:165 - CPN selected for project level
2023-10-10 15:37:13,529 [INFO] CADModel:114 - Register for checkConnection events
2023-10-10 15:37:13,529 [FATAL] Updater:308 - Updater called before beeing initialized
2023-10-10 15:37:13,529 [ERROR] CADModel:125 - Updater not yet initialized, retry later 
2023-10-10 15:37:13,534 [FATAL] Updater:308 - Updater called before beeing initialized
2023-10-10 15:37:13,630 [FATAL] Updater:308 - Updater called before beeing initialized
2023-10-10 15:37:13,642 [INFO] DbMcusAds:53 - JSON generation date=Tue Mar 07 14:20:55 IST 2023 (1678179055335)
2023-10-10 15:37:13,642 [FATAL] Updater:308 - Updater called before beeing initialized
2023-10-10 15:37:13,710 [WARN] DetailPanel:346 - Failed to get advertising image, set to default
2023-10-10 15:37:13,795 [FATAL] Updater:308 - Updater called before beeing initialized
2023-10-10 15:37:13,798 [FATAL] Updater:308 - Updater called before beeing initialized
2023-10-10 15:37:13,798 [FATAL] Updater:308 - Updater called before beeing initialized
2023-10-10 15:37:13,798 [WARN] DetailPanel:346 - Failed to get advertising image, set to default
2023-10-10 15:37:13,798 [FATAL] Updater:308 - Updater called before beeing initialized
2023-10-10 15:37:13,857 [ERROR] Updater:1120 - MainUpdater not yet initialized. External WinMGr cannot be set.
2023-10-10 15:37:13,866 [INFO] Updater:1056 - Updater Version found : 6.9.2
2023-10-10 15:37:13,889 [INFO] ApplicationProperties:184 - Using Application install path: D:\STM32IDE\STM32CubeIDE_1.13.1\STM32CubeIDE\plugins\com.st.stm32cube.common.mx_6.9.2.202309101412
2023-10-10 15:37:14,175 [INFO] ThirdPartyUpdaterWithRetryManager:70 - Updater plugin not ready yet. [2/15]
2023-10-10 15:37:14,670 [INFO] MainUpdater:2868 - connection check result : 10
2023-10-10 15:37:14,671 [INFO] MainUpdater:285 - Updater Check For Update Now.
2023-10-10 15:37:14,672 [INFO] MicroXplorer:498 - Change Database Version : DB.6.0.92
2023-10-10 15:37:14,689 [INFO] McuFinderGlobals:63 - Set McuFinder mode to 2 (CubeIDE integrated)
2023-10-10 15:37:14,872 [INFO] CheckServerUpdateThread:120 - End of CheckServer Thread
2023-10-10 15:37:17,350 [WARN] PackLoader:240 - Cannot read IP mode file for STMicroelectronics.X-CUBE-SMBUS.2.1.0
2023-10-10 15:37:17,398 [WARN] PackLoader:240 - Cannot read IP mode file for STMicroelectronics.X-CUBE-AZRTOS-F7.1.1.0
2023-10-10 15:37:17,418 [WARN] PackLoader:240 - Cannot read IP mode file for STMicroelectronics.FP-SNS-MOTENV1.4.3.2
2023-10-10 15:37:17,434 [WARN] PackLoader:240 - Cannot read IP mode file for STMicroelectronics.FP-SNS-FLIGHT1.5.0.2
2023-10-10 15:37:17,453 [WARN] PackLoader:240 - Cannot read IP mode file for STMicroelectronics.X-CUBE-DISPLAY.3.0.0
2023-10-10 15:37:17,482 [WARN] PackLoader:240 - Cannot read IP mode file for STMicroelectronics.X-CUBE-BLE1.7.0.0
2023-10-10 15:37:17,495 [WARN] PackLoader:240 - Cannot read IP mode file for emotas.I-CUBE-CANOPEN.1.3.0
2023-10-10 15:37:17,511 [WARN] PackLoader:240 - Cannot read IP mode file for STMicroelectronics.X-CUBE-TOUCHGFX.4.22.0
2023-10-10 15:37:17,522 [WARN] PackLoader:240 - Cannot read IP mode file for STMicroelectronics.X-CUBE-TOUCHGFX.4.22.1
2023-10-10 15:37:17,533 [WARN] PackLoader:240 - Cannot read IP mode file for STMicroelectronics.FP-SNS-SMARTAG2.1.2.0
2023-10-10 15:37:17,558 [INFO] LogOutputStream:77 - [STDOUT_REDIRECT] 1 : Invalid condition id : UX_CORESTACK_Condition cause : null
2023-10-10 15:37:17,560 [INFO] LogOutputStream:77 - [STDOUT_REDIRECT] 1 : Invalid condition id : UX_CORESTACK_Condition cause : null
2023-10-10 15:37:17,561 [INFO] LogOutputStream:77 - [STDOUT_REDIRECT] 1 : Invalid condition id : UX_CORESTACK_Condition cause : null
2023-10-10 15:37:17,563 [INFO] LogOutputStream:77 - [STDOUT_REDIRECT] 1 : Invalid condition id : UX_CORESTACK_Condition cause : null
2023-10-10 15:37:17,565 [INFO] LogOutputStream:77 - [STDOUT_REDIRECT] 1 : Invalid condition id : UX_CORESTACK_Condition cause : null
2023-10-10 15:37:17,568 [WARN] PackLoader:240 - Cannot read IP mode file for STMicroelectronics.X-CUBE-AZRTOS-WL.2.0.0
2023-10-10 15:37:17,587 [WARN] PackLoader:240 - Cannot read IP mode file for WES.I-CUBE-Cesium.1.3.0
2023-10-10 15:37:17,602 [WARN] PackLoader:240 - Cannot read IP mode file for STMicroelectronics.X-CUBE-BLE2.3.3.0
2023-10-10 15:37:17,616 [WARN] PackLoader:240 - Cannot read IP mode file for STMicroelectronics.X-CUBE-ALGOBUILD.1.3.0
2023-10-10 15:37:17,644 [WARN] PackLoader:240 - Cannot read IP mode file for STMicroelectronics.X-CUBE-AZRTOS-G0.1.1.0
2023-10-10 15:37:17,661 [WARN] PackLoader:240 - Cannot read IP mode file for STMicroelectronics.X-CUBE-NFC4.3.0.0
2023-10-10 15:37:17,677 [WARN] PackLoader:240 - Cannot read IP mode file for STMicroelectronics.FP-ATR-SIGFOX1.3.2.0
2023-10-10 15:37:17,715 [WARN] PackLoader:240 - Cannot read IP mode file for SEGGER.I-CUBE-embOS.1.3.1
2023-10-10 15:37:17,771 [WARN] PackLoader:240 - Cannot read IP mode file for STMicroelectronics.X-CUBE-GNSS1.6.0.0
2023-10-10 15:37:17,806 [WARN] PackLoader:240 - Cannot read IP mode file for STMicroelectronics.X-CUBE-AZRTOS-F4.1.1.0
2023-10-10 15:37:17,834 [WARN] PackLoader:240 - Cannot read IP mode file for wolfSSL.I-CUBE-wolfSSL.5.6.3
2023-10-10 15:37:17,868 [WARN] PackLoader:240 - Cannot read IP mode file for STMicroelectronics.X-CUBE-AZRTOS-L5.2.0.0
2023-10-10 15:37:17,922 [WARN] PackLoader:240 - Cannot read IP mode file for STMicroelectronics.X-CUBE-MEMS1.9.6.0
2023-10-10 15:37:18,053 [WARN] PackLoader:240 - Cannot read IP mode file for ITTIA_DB.I-CUBE-ITTIADB.8.8.0
2023-10-10 15:37:18,067 [WARN] PackLoader:240 - Cannot read IP mode file for STMicroelectronics.X-CUBE-BLEMGR.2.0.0
2023-10-10 15:37:18,096 [WARN] ConditionMgr:438 - getConditionDescription Invalid condition id : UX DEVICE CLASS RTOS Condition cause : null
2023-10-10 15:37:18,096 [WARN] ConditionMgr:438 - getConditionDescription Invalid condition id : UX DEVICE CLASS RTOS Condition cause : null
2023-10-10 15:37:18,104 [WARN] PackLoader:240 - Cannot read IP mode file for STMicroelectronics.X-CUBE-AZRTOS-H7.3.1.0
2023-10-10 15:37:18,105 [WARN] ConditionMgr:1039 - genDependencies : Invalid condition id : UX DEVICE CLASS RTOS Condition cause : null
2023-10-10 15:37:18,106 [WARN] ConditionMgr:1039 - genDependencies : Invalid condition id : UX DEVICE CLASS RTOS Condition cause : null
2023-10-10 15:37:18,106 [WARN] ConditionMgr:1039 - genDependencies : Invalid condition id : UX DEVICE CLASS RTOS Condition cause : null
2023-10-10 15:37:18,107 [WARN] ConditionMgr:1039 - genDependencies : Invalid condition id : UX DEVICE CLASS RTOS Condition cause : null
2023-10-10 15:37:18,107 [WARN] ConditionMgr:1039 - genDependencies : Invalid condition id : UX DEVICE CLASS RTOS Condition cause : null
2023-10-10 15:37:18,120 [WARN] PackLoader:240 - Cannot read IP mode file for STMicroelectronics.X-CUBE-NFC7.1.0.1
2023-10-10 15:37:18,139 [WARN] PackLoader:240 - Cannot read IP mode file for STMicroelectronics.X-CUBE-NFC6.3.0.0
2023-10-10 15:37:18,159 [WARN] PackLoader:240 - Cannot read IP mode file for STMicroelectronics.X-CUBE-EEPRMA1.4.1.0
2023-10-10 15:37:18,176 [WARN] PackLoader:240 - Cannot read IP mode file for STMicroelectronics.X-CUBE-AI.8.1.0
2023-10-10 15:37:18,212 [WARN] ConditionMgr:438 - getConditionDescription Invalid condition id : LAN8742 Phy interface Condition cause : null
2023-10-10 15:37:18,213 [WARN] PackLoader:240 - Cannot read IP mode file for STMicroelectronics.X-CUBE-AZRTOS-L4.2.0.0
2023-10-10 15:37:18,215 [WARN] ConditionMgr:1039 - genDependencies : Invalid condition id : LAN8742 Phy interface Condition cause : null
2023-10-10 15:37:18,216 [WARN] ConditionMgr:1039 - genDependencies : Invalid condition id : LAN8742 Phy interface Condition cause : null
2023-10-10 15:37:18,217 [WARN] ConditionMgr:1039 - genDependencies : Invalid condition id : LAN8742 Phy interface Condition cause : null
2023-10-10 15:37:18,238 [WARN] PackLoader:240 - Cannot read IP mode file for STMicroelectronics.X-CUBE-SFXS2LP1.4.0.0
2023-10-10 15:37:18,255 [WARN] PackLoader:240 - Cannot read IP mode file for STMicroelectronics.X-CUBE-ISPU.1.1.0
2023-10-10 15:37:18,278 [WARN] ConditionMgr:438 - getConditionDescription Invalid condition id : UX DEVICE CLASS RTOS Condition cause : null
2023-10-10 15:37:18,278 [WARN] ConditionMgr:438 - getConditionDescription Invalid condition id : UX DEVICE CLASS RTOS Condition cause : null
2023-10-10 15:37:18,280 [WARN] PackLoader:240 - Cannot read IP mode file for STMicroelectronics.X-CUBE-AZRTOS-WB.2.0.0
2023-10-10 15:37:18,280 [WARN] ConditionMgr:1039 - genDependencies : Invalid condition id : UX DEVICE CLASS RTOS Condition cause : null
2023-10-10 15:37:18,280 [WARN] ConditionMgr:1039 - genDependencies : Invalid condition id : UX DEVICE CLASS RTOS Condition cause : null
2023-10-10 15:37:18,280 [WARN] ConditionMgr:1039 - genDependencies : Invalid condition id : UX DEVICE CLASS RTOS Condition cause : null
2023-10-10 15:37:18,282 [WARN] ConditionMgr:1039 - genDependencies : Invalid condition id : UX DEVICE CLASS RTOS Condition cause : null
2023-10-10 15:37:18,282 [WARN] ConditionMgr:1039 - genDependencies : Invalid condition id : UX DEVICE CLASS RTOS Condition cause : null
2023-10-10 15:37:18,304 [WARN] PackLoader:240 - Cannot read IP mode file for STMicroelectronics.X-CUBE-SUBG2.5.0.0
2023-10-10 15:37:18,335 [WARN] PackLoader:240 - Cannot read IP mode file for STMicroelectronics.X-CUBE-TOF1.3.3.1
2023-10-10 15:37:18,379 [WARN] PackLoader:240 - Cannot read IP mode file for STMicroelectronics.X-CUBE-AZRTOS-G4.2.0.0
2023-10-10 15:37:18,411 [WARN] PackLoader:240 - Cannot read IP mode file for Infineon.AIROC-Wi-Fi-Bluetooth-STM32.1.5.1
2023-10-10 15:37:18,432 [WARN] PackLoader:240 - Cannot read IP mode file for STMicroelectronics.X-CUBE-FREERTOS.1.1.0
2023-10-10 15:37:18,451 [WARN] PackLoader:240 - Cannot read IP mode file for portGmbH.I-Cube-SoM-uGOAL.1.1.0
2023-10-10 15:37:18,468 [WARN] PackLoader:240 - Cannot read IP mode file for STMicroelectronics.X-CUBE-ALS.1.0.1
2023-10-10 15:37:18,484 [WARN] PackLoader:240 - Cannot read IP mode file for STMicroelectronics.FP-ATR-ASTRA1.2.0.0
2023-10-10 15:37:18,486 [INFO] ThirdParty:978 - Integrity check success = true
2023-10-10 15:37:18,486 [INFO] IntegrityCheckThread:100 - exiting critical section [integrity check]
2023-10-10 15:37:18,486 [INFO] IntegrityCheckThread:103 - End integrity checks thread
2023-10-10 15:37:29,202 [ERROR] LogOutputStream:75 - [STDERR_REDIRECT] SLF4J: Failed to load class "org.slf4j.impl.StaticLoggerBinder".
2023-10-10 15:37:29,203 [ERROR] LogOutputStream:75 - [STDERR_REDIRECT] SLF4J: Defaulting to no-operation (NOP) logger implementation
2023-10-10 15:37:29,204 [ERROR] LogOutputStream:75 - [STDERR_REDIRECT] SLF4J: See http://www.slf4j.org/codes.html#StaticLoggerBinder for further details.
