2023-09-14 18:15:35,951 [INFO] Activator:176 - 


2023-09-14 18:15:35,958 [INFO] Activator:177 - !SESSION log4j initialized
2023-09-14 18:15:43,836 [INFO] LogOutputStream:77 - [STDOUT_REDIRECT] 
2023-09-14 18:15:45,411 [INFO] ApplicationProperties:184 - Using Application install path: D:\STM32IDE\STM32CubeIDE_1.13.1\STM32CubeIDE\plugins\com.st.stm32cube.common.mx_6.9.1.202307191849
2023-09-14 18:15:45,431 [INFO] DbMcusXml:78 - Set database path to: D:\STM32IDE\STM32CubeIDE_1.13.1\STM32CubeIDE\plugins\com.st.stm32cube.common.mx_6.9.1.202307191849\\db\/mcu/
2023-09-14 18:15:45,431 [INFO] ApiDb:274 - Set plugin database path to: D:\STM32IDE\STM32CubeIDE_1.13.1\STM32CubeIDE\plugins\com.st.stm32cube.common.mx_6.9.1.202307191849\\db\/plugins/boardmanager/
2023-09-14 18:15:45,432 [WARN] ApiDb:259 - Overriding images path with different value:  => D:\STM32IDE\STM32CubeIDE_1.13.1\STM32CubeIDE\plugins\com.st.stm32cube.common.mx_6.9.1.202307191849\\db\/plugins/mcufinder/images/
2023-09-14 18:15:45,447 [INFO] ApiDb:250 - Set database path to: C:\Users\ARYAN\.stmcufinder\plugins\mcufinder//mcu/
2023-09-14 18:15:45,448 [INFO] DbMcusAds:125 - Set database path to: C:\Users\ARYAN\.stmcufinder\plugins\mcufinder//mcu/
2023-09-14 18:15:45,450 [INFO] CrossReferenceDbSqlite:203 - Set database path to: C:\Users\ARYAN\.stmcufinder\plugins\mcufinder//mcu/cs/
2023-09-14 18:15:45,582 [INFO] RulesReader:64 - Compatibility file has been processed (293 Rules)
2023-09-14 18:15:45,704 [INFO] DbMcusXml:78 - Set database path to: D:\STM32IDE\STM32CubeIDE_1.13.1\STM32CubeIDE\plugins\com.st.stm32cube.common.mx_6.9.1.202307191849\\db\/mcu/
2023-09-14 18:15:45,704 [INFO] ApiDb:274 - Set plugin database path to: D:\STM32IDE\STM32CubeIDE_1.13.1\STM32CubeIDE\plugins\com.st.stm32cube.common.mx_6.9.1.202307191849\\db\/plugins/boardmanager/
2023-09-14 18:15:45,704 [INFO] ApiDb:261 - Set plugin images path to: D:\STM32IDE\STM32CubeIDE_1.13.1\STM32CubeIDE\plugins\com.st.stm32cube.common.mx_6.9.1.202307191849\\db\/plugins/mcufinder/images/
2023-09-14 18:15:45,705 [WARN] DbFile:41 - Overriding database path with different value: C:\Users\ARYAN\.stmcufinder\plugins\mcufinder/ => C:\Users\ARYAN\.stmcufinder\plugins\mcufinder
2023-09-14 18:15:45,705 [INFO] ApiDb:250 - Set database path to: C:\Users\ARYAN\.stmcufinder\plugins\mcufinder//mcu/
2023-09-14 18:15:45,705 [WARN] DbFile:41 - Overriding database path with different value: C:\Users\ARYAN\.stmcufinder\plugins\mcufinder/ => C:\Users\ARYAN\.stmcufinder\plugins\mcufinder
2023-09-14 18:15:45,705 [INFO] DbMcusAds:125 - Set database path to: C:\Users\ARYAN\.stmcufinder\plugins\mcufinder//mcu/
2023-09-14 18:15:45,705 [WARN] DbFile:41 - Overriding database path with different value: C:\Users\ARYAN\.stmcufinder\plugins\mcufinder/ => C:\Users\ARYAN\.stmcufinder\plugins\mcufinder
2023-09-14 18:15:45,705 [WARN] DbFile:41 - Overriding database path with different value: C:\Users\ARYAN\.stmcufinder\plugins\mcufinder/ => C:\Users\ARYAN\.stmcufinder\plugins\mcufinder
2023-09-14 18:15:45,705 [INFO] CrossReferenceDbSqlite:203 - Set database path to: C:\Users\ARYAN\.stmcufinder\plugins\mcufinder//mcu/cs/
2023-09-14 18:15:45,805 [INFO] MainPanel:262 - HeapMemory: 268435456
2023-09-14 18:15:45,917 [INFO] DbMcusXml:78 - Set database path to: D:\STM32IDE\STM32CubeIDE_1.13.1\STM32CubeIDE\plugins\com.st.stm32cube.common.mx_6.9.1.202307191849\\db\/mcu/
2023-09-14 18:15:45,917 [INFO] ApiDb:274 - Set plugin database path to: D:\STM32IDE\STM32CubeIDE_1.13.1\STM32CubeIDE\plugins\com.st.stm32cube.common.mx_6.9.1.202307191849\\db\/plugins/boardmanager/
2023-09-14 18:15:45,917 [INFO] ApiDb:261 - Set plugin images path to: D:\STM32IDE\STM32CubeIDE_1.13.1\STM32CubeIDE\plugins\com.st.stm32cube.common.mx_6.9.1.202307191849\\db\/plugins/mcufinder/images/
2023-09-14 18:15:45,918 [WARN] DbFile:41 - Overriding database path with different value: C:\Users\ARYAN\.stmcufinder\plugins\mcufinder/ => C:\Users\ARYAN\.stmcufinder\plugins\mcufinder
2023-09-14 18:15:45,918 [INFO] ApiDb:250 - Set database path to: C:\Users\ARYAN\.stmcufinder\plugins\mcufinder//mcu/
2023-09-14 18:15:45,918 [WARN] DbFile:41 - Overriding database path with different value: C:\Users\ARYAN\.stmcufinder\plugins\mcufinder/ => C:\Users\ARYAN\.stmcufinder\plugins\mcufinder
2023-09-14 18:15:45,918 [INFO] DbMcusAds:125 - Set database path to: C:\Users\ARYAN\.stmcufinder\plugins\mcufinder//mcu/
2023-09-14 18:15:45,918 [WARN] DbFile:41 - Overriding database path with different value: C:\Users\ARYAN\.stmcufinder\plugins\mcufinder/ => C:\Users\ARYAN\.stmcufinder\plugins\mcufinder
2023-09-14 18:15:45,918 [WARN] DbFile:41 - Overriding database path with different value: C:\Users\ARYAN\.stmcufinder\plugins\mcufinder/ => C:\Users\ARYAN\.stmcufinder\plugins\mcufinder
2023-09-14 18:15:45,918 [INFO] CrossReferenceDbSqlite:203 - Set database path to: C:\Users\ARYAN\.stmcufinder\plugins\mcufinder//mcu/cs/
2023-09-14 18:15:45,939 [INFO] ApplicationProperties:184 - Using Application install path: D:\STM32IDE\STM32CubeIDE_1.13.1\STM32CubeIDE\plugins\com.st.stm32cube.common.mx_6.9.1.202307191849
2023-09-14 18:15:45,940 [INFO] PluginManage:196 - Search for loadable plugins [exclusion list=, ]
2023-09-14 18:15:45,941 [INFO] PluginManage:310 - Check plugin analytics
2023-09-14 18:15:46,126 [INFO] AnalyticsPlugin:253 - Accepted Software Licenses: 
2023-09-14 18:15:46,126 [INFO] AnalyticsPlugin:255 - Accepted CMSIS Pack Licenses: 
2023-09-14 18:15:46,126 [INFO] AnalyticsPlugin:257 - Accepted Firmware Licenses: 
2023-09-14 18:15:46,130 [INFO] PluginManage:359 - Loaded plugin analytics (category:tool,tabindex:-1)
2023-09-14 18:15:46,131 [INFO] PluginManage:310 - Check plugin cadmodel
2023-09-14 18:15:46,145 [INFO] CADModel:105 - Init CAD model plugin
2023-09-14 18:15:46,145 [INFO] PluginManage:359 - Loaded plugin cadmodel (category:power,tabindex:5)
2023-09-14 18:15:46,145 [INFO] PluginManage:310 - Check plugin clock
2023-09-14 18:15:46,169 [INFO] PluginManage:359 - Loaded plugin clock (category:base,tabindex:2)
2023-09-14 18:15:46,169 [INFO] PluginManage:310 - Check plugin ddr
2023-09-14 18:15:46,173 [INFO] PluginManage:359 - Loaded plugin ddr (category:tool,tabindex:6)
2023-09-14 18:15:46,173 [INFO] PluginManage:310 - Check plugin filemanager
2023-09-14 18:15:46,340 [INFO] PluginManage:359 - Loaded plugin filemanager (category:base,tabindex:10)
2023-09-14 18:15:46,340 [INFO] PluginManage:310 - Check plugin ipmanager
2023-09-14 18:15:46,349 [INFO] PluginManage:359 - Loaded plugin ipmanager (category:base,tabindex:5)
2023-09-14 18:15:46,349 [INFO] PluginManage:310 - Check plugin lpbam
2023-09-14 18:15:46,366 [INFO] PluginManage:359 - Loaded plugin lpbam (category:base,tabindex:0)
2023-09-14 18:15:46,366 [INFO] PluginManage:310 - Check plugin memorymap
2023-09-14 18:15:46,390 [INFO] PluginManage:359 - Loaded plugin memorymap (category:base,tabindex:4)
2023-09-14 18:15:46,390 [INFO] PluginManage:310 - Check plugin pinoutandconfiguration
2023-09-14 18:15:46,405 [INFO] PluginManage:359 - Loaded plugin pinoutandconfiguration (category:base,tabindex:1)
2023-09-14 18:15:46,406 [INFO] PluginManage:310 - Check plugin pinoutconfig
2023-09-14 18:15:46,516 [WARN] SupportedApi:132 - Cannot load RTOS API schema: s4s-elt-must-match.1: The content of 'definitions' must match (annotation?, (simpleType | complexType)?, (unique | key | keyref)*)). A problem was found starting at: attribute.
2023-09-14 18:15:46,671 [INFO] PluginManage:359 - Loaded plugin pinoutconfig (category:base,tabindex:0)
2023-09-14 18:15:46,671 [INFO] PluginManage:310 - Check plugin power
2023-09-14 18:15:46,695 [INFO] PluginManage:359 - Loaded plugin power (category:power,tabindex:4)
2023-09-14 18:15:46,695 [INFO] PluginManage:310 - Check plugin projectmanager
2023-09-14 18:15:46,709 [INFO] PluginManage:359 - Loaded plugin projectmanager (category:projectmanager,tabindex:3)
2023-09-14 18:15:46,709 [INFO] PluginManage:310 - Check plugin thirdparty
2023-09-14 18:15:47,005 [INFO] PluginManage:359 - Loaded plugin thirdparty (category:base,tabindex:-1)
2023-09-14 18:15:47,005 [WARN] IntegrityCheckThread:84 - waiting for thirdparty lock release [integrity check]
2023-09-14 18:15:47,005 [INFO] PluginManage:310 - Check plugin tools
2023-09-14 18:15:47,005 [INFO] IntegrityCheckThread:86 - entering critical section [integrity check]
2023-09-14 18:15:47,006 [INFO] ThirdPartyUpdaterWithRetryManager:70 - Updater plugin not ready yet. [1/15]
2023-09-14 18:15:47,036 [INFO] PluginManage:359 - Loaded plugin tools (category:base,tabindex:7)
2023-09-14 18:15:47,037 [INFO] PluginManage:310 - Check plugin tutovideos
2023-09-14 18:15:47,251 [INFO] PluginManage:359 - Loaded plugin tutovideos (category:base,tabindex:-1)
2023-09-14 18:15:47,252 [INFO] PluginManage:310 - Check plugin updater
2023-09-14 18:15:47,264 [INFO] PluginManage:359 - Loaded plugin updater (category:base,tabindex:12)
2023-09-14 18:15:47,265 [INFO] PluginManage:310 - Check plugin userauth
2023-09-14 18:15:47,272 [INFO] UserAuth:113 - Init User Auth plugin
2023-09-14 18:15:47,272 [INFO] PluginManage:359 - Loaded plugin userauth (category:base,tabindex:14)
2023-09-14 18:15:47,272 [INFO] PluginManage:283 - PluginManage : Loaded plugins [17]
2023-09-14 18:15:47,511 [INFO] PinOutPanel:1499 - setPackage(No Configuration,No Configuration)
2023-09-14 18:15:47,626 [INFO] CADModel:165 - CPN selected for project level
2023-09-14 18:15:47,627 [INFO] CADModel:114 - Register for checkConnection events
2023-09-14 18:15:47,654 [INFO] IPUIPlugin:80 - create IPUIPlugin
2023-09-14 18:15:47,654 [INFO] PluginManager:220 - loadIPPluginJar : add adc
2023-09-14 18:15:47,685 [INFO] IPUIPlugin:80 - create IPUIPlugin
2023-09-14 18:15:47,685 [INFO] PluginManager:220 - loadIPPluginJar : add aes
2023-09-14 18:15:47,720 [INFO] IPUIPlugin:80 - create IPUIPlugin
2023-09-14 18:15:47,721 [INFO] PluginManager:220 - loadIPPluginJar : add can
2023-09-14 18:15:47,741 [INFO] IPUIPlugin:80 - create IPUIPlugin
2023-09-14 18:15:47,741 [INFO] PluginManager:220 - loadIPPluginJar : add comp
2023-09-14 18:15:47,769 [INFO] IPUIPlugin:80 - create IPUIPlugin
2023-09-14 18:15:47,769 [INFO] PluginManager:220 - loadIPPluginJar : add cryp
2023-09-14 18:15:47,801 [INFO] IPUIPlugin:80 - create IPUIPlugin
2023-09-14 18:15:47,801 [INFO] PluginManager:220 - loadIPPluginJar : add dfsdm
2023-09-14 18:15:47,818 [INFO] IPUIPlugin:80 - create IPUIPlugin
2023-09-14 18:15:47,819 [INFO] PluginManager:220 - loadIPPluginJar : add dma
2023-09-14 18:15:47,866 [INFO] IPUIPlugin:80 - create IPUIPlugin
2023-09-14 18:15:47,866 [INFO] PluginManager:220 - loadIPPluginJar : add dma3
2023-09-14 18:15:47,888 [INFO] IPUIPlugin:80 - create IPUIPlugin
2023-09-14 18:15:47,889 [INFO] PluginManager:220 - loadIPPluginJar : add fatfs
2023-09-14 18:15:47,937 [INFO] IPUIPlugin:80 - create IPUIPlugin
2023-09-14 18:15:47,937 [INFO] PluginManager:220 - loadIPPluginJar : add fmc
2023-09-14 18:15:47,954 [INFO] IPUIPlugin:80 - create IPUIPlugin
2023-09-14 18:15:47,954 [INFO] PluginManager:220 - loadIPPluginJar : add freertos
2023-09-14 18:15:47,976 [INFO] IPUIPlugin:80 - create IPUIPlugin
2023-09-14 18:15:47,976 [INFO] PluginManager:220 - loadIPPluginJar : add genericplugin
2023-09-14 18:15:48,075 [INFO] IPUIPlugin:80 - create IPUIPlugin
2023-09-14 18:15:48,075 [INFO] PluginManager:220 - loadIPPluginJar : add gfxmmu
2023-09-14 18:15:48,216 [INFO] IPUIPlugin:80 - create IPUIPlugin
2023-09-14 18:15:48,216 [INFO] PluginManager:220 - loadIPPluginJar : add gic
2023-09-14 18:15:48,230 [INFO] IPUIPlugin:80 - create IPUIPlugin
2023-09-14 18:15:48,230 [INFO] PluginManager:220 - loadIPPluginJar : add gpio
2023-09-14 18:15:48,321 [INFO] IPUIPlugin:80 - create IPUIPlugin
2023-09-14 18:15:48,321 [INFO] PluginManager:220 - loadIPPluginJar : add gtzc
2023-09-14 18:15:48,356 [INFO] IPUIPlugin:80 - create IPUIPlugin
2023-09-14 18:15:48,356 [INFO] PluginManager:220 - loadIPPluginJar : add hash
2023-09-14 18:15:48,411 [INFO] IPUIPlugin:80 - create IPUIPlugin
2023-09-14 18:15:48,411 [INFO] PluginManager:220 - loadIPPluginJar : add i2c
2023-09-14 18:15:48,455 [INFO] IPUIPlugin:80 - create IPUIPlugin
2023-09-14 18:15:48,455 [INFO] PluginManager:220 - loadIPPluginJar : add i2s
2023-09-14 18:15:48,499 [INFO] IPUIPlugin:80 - create IPUIPlugin
2023-09-14 18:15:48,500 [INFO] PluginManager:220 - loadIPPluginJar : add i3c
2023-09-14 18:15:48,602 [INFO] IPUIPlugin:80 - create IPUIPlugin
2023-09-14 18:15:48,602 [INFO] PluginManager:220 - loadIPPluginJar : add ipddr
2023-09-14 18:15:48,700 [INFO] IPUIPlugin:80 - create IPUIPlugin
2023-09-14 18:15:48,701 [INFO] PluginManager:220 - loadIPPluginJar : add linkedlist
2023-09-14 18:15:48,739 [INFO] IPUIPlugin:80 - create IPUIPlugin
2023-09-14 18:15:48,739 [INFO] PluginManager:220 - loadIPPluginJar : add lorawan
2023-09-14 18:15:48,777 [INFO] IPUIPlugin:80 - create IPUIPlugin
2023-09-14 18:15:48,777 [INFO] PluginManager:220 - loadIPPluginJar : add ltdc
2023-09-14 18:15:48,792 [INFO] IPUIPlugin:80 - create IPUIPlugin
2023-09-14 18:15:48,793 [INFO] PluginManager:220 - loadIPPluginJar : add mdma
2023-09-14 18:15:48,804 [INFO] IPUIPlugin:80 - create IPUIPlugin
2023-09-14 18:15:48,804 [INFO] PluginManager:220 - loadIPPluginJar : add nvic
2023-09-14 18:15:48,835 [INFO] IPUIPlugin:80 - create IPUIPlugin
2023-09-14 18:15:48,835 [INFO] PluginManager:220 - loadIPPluginJar : add opamp
2023-09-14 18:15:48,885 [INFO] IPUIPlugin:80 - create IPUIPlugin
2023-09-14 18:15:48,885 [INFO] PluginManager:220 - loadIPPluginJar : add openamp
2023-09-14 18:15:48,920 [INFO] IPUIPlugin:80 - create IPUIPlugin
2023-09-14 18:15:48,920 [INFO] PluginManager:220 - loadIPPluginJar : add pdm2pcm
2023-09-14 18:15:48,933 [INFO] IPUIPlugin:80 - create IPUIPlugin
2023-09-14 18:15:48,935 [INFO] PluginManager:220 - loadIPPluginJar : add plateformsettings
2023-09-14 18:15:48,953 [INFO] IPUIPlugin:80 - create IPUIPlugin
2023-09-14 18:15:48,953 [INFO] PluginManager:220 - loadIPPluginJar : add quadspi
2023-09-14 18:15:48,965 [INFO] IPUIPlugin:80 - create IPUIPlugin
2023-09-14 18:15:48,965 [INFO] PluginManager:220 - loadIPPluginJar : add resmgrutility
2023-09-14 18:15:49,004 [INFO] IPUIPlugin:80 - create IPUIPlugin
2023-09-14 18:15:49,004 [INFO] PluginManager:220 - loadIPPluginJar : add sai
2023-09-14 18:15:49,035 [INFO] IPUIPlugin:80 - create IPUIPlugin
2023-09-14 18:15:49,035 [INFO] PluginManager:220 - loadIPPluginJar : add spi
2023-09-14 18:15:49,086 [INFO] IPUIPlugin:80 - create IPUIPlugin
2023-09-14 18:15:49,086 [INFO] PluginManager:220 - loadIPPluginJar : add stm32_wpan
2023-09-14 18:15:49,106 [INFO] IPUIPlugin:80 - create IPUIPlugin
2023-09-14 18:15:49,106 [INFO] PluginManager:220 - loadIPPluginJar : add tim
2023-09-14 18:15:49,152 [INFO] IPUIPlugin:80 - create IPUIPlugin
2023-09-14 18:15:49,152 [INFO] PluginManager:220 - loadIPPluginJar : add touchsensing
2023-09-14 18:15:49,170 [INFO] IPUIPlugin:80 - create IPUIPlugin
2023-09-14 18:15:49,170 [INFO] PluginManager:220 - loadIPPluginJar : add tracer_emb
2023-09-14 18:15:49,190 [INFO] IPUIPlugin:80 - create IPUIPlugin
2023-09-14 18:15:49,190 [INFO] PluginManager:220 - loadIPPluginJar : add ts
2023-09-14 18:15:49,209 [INFO] IPUIPlugin:80 - create IPUIPlugin
2023-09-14 18:15:49,209 [INFO] PluginManager:220 - loadIPPluginJar : add tsc
2023-09-14 18:15:49,229 [INFO] IPUIPlugin:80 - create IPUIPlugin
2023-09-14 18:15:49,229 [INFO] PluginManager:220 - loadIPPluginJar : add ucpd
2023-09-14 18:15:49,264 [INFO] IPUIPlugin:80 - create IPUIPlugin
2023-09-14 18:15:49,264 [INFO] PluginManager:220 - loadIPPluginJar : add usart
2023-09-14 18:15:49,300 [INFO] IPUIPlugin:80 - create IPUIPlugin
2023-09-14 18:15:49,300 [INFO] PluginManager:220 - loadIPPluginJar : add usbx
2023-09-14 18:15:49,421 [INFO] CADModel:165 - CPN selected for project level
2023-09-14 18:15:49,422 [INFO] CADModel:114 - Register for checkConnection events
2023-09-14 18:15:49,422 [FATAL] Updater:308 - Updater called before beeing initialized
2023-09-14 18:15:49,422 [ERROR] CADModel:125 - Updater not yet initialized, retry later 
2023-09-14 18:15:49,583 [INFO] CADModel:165 - CPN selected for project level
2023-09-14 18:15:49,584 [INFO] CADModel:114 - Register for checkConnection events
2023-09-14 18:15:49,584 [FATAL] Updater:308 - Updater called before beeing initialized
2023-09-14 18:15:49,584 [ERROR] CADModel:125 - Updater not yet initialized, retry later 
2023-09-14 18:15:49,588 [FATAL] Updater:308 - Updater called before beeing initialized
2023-09-14 18:15:49,682 [FATAL] Updater:308 - Updater called before beeing initialized
2023-09-14 18:15:49,693 [INFO] DbMcusAds:53 - JSON generation date=Tue Mar 07 14:20:55 IST 2023 (1678179055114)
2023-09-14 18:15:49,693 [FATAL] Updater:308 - Updater called before beeing initialized
2023-09-14 18:15:49,762 [WARN] DetailPanel:346 - Failed to get advertising image, set to default
2023-09-14 18:15:49,849 [FATAL] Updater:308 - Updater called before beeing initialized
2023-09-14 18:15:49,851 [FATAL] Updater:308 - Updater called before beeing initialized
2023-09-14 18:15:49,851 [FATAL] Updater:308 - Updater called before beeing initialized
2023-09-14 18:15:49,851 [WARN] DetailPanel:346 - Failed to get advertising image, set to default
2023-09-14 18:15:49,852 [FATAL] Updater:308 - Updater called before beeing initialized
2023-09-14 18:15:49,908 [ERROR] Updater:1120 - MainUpdater not yet initialized. External WinMGr cannot be set.
2023-09-14 18:15:49,917 [INFO] Updater:1056 - Updater Version found : 6.9.1
2023-09-14 18:15:49,936 [INFO] ApplicationProperties:184 - Using Application install path: D:\STM32IDE\STM32CubeIDE_1.13.1\STM32CubeIDE\plugins\com.st.stm32cube.common.mx_6.9.1.202307191849
2023-09-14 18:15:50,015 [INFO] ThirdPartyUpdaterWithRetryManager:70 - Updater plugin not ready yet. [2/15]
2023-09-14 18:15:50,192 [INFO] MainUpdater:2868 - connection check result : 10
2023-09-14 18:15:50,193 [INFO] MainUpdater:285 - Updater Check For Update Now.
2023-09-14 18:15:50,194 [INFO] MicroXplorer:498 - Change Database Version : DB.6.0.91
2023-09-14 18:15:50,217 [INFO] McuFinderGlobals:63 - Set McuFinder mode to 2 (CubeIDE integrated)
2023-09-14 18:15:50,217 [INFO] UserAuth:179 - activating auth plugin
2023-09-14 18:15:50,221 [INFO] UserAuth:393 - Internet connection configuration mode: 1
2023-09-14 18:15:50,276 [INFO] JxBrowserEngine:151 - Initiate JxBrowser Engine with user profile folder
2023-09-14 18:15:50,389 [INFO] CheckServerUpdateThread:120 - End of CheckServer Thread
2023-09-14 18:15:52,426 [INFO] WebApp:157 - Instantiating new browser for Auth
2023-09-14 18:15:52,997 [INFO] WebApp:753 - Register for checkConnection events
2023-09-14 18:15:52,997 [INFO] WebApp:390 - Apply proxy settings
2023-09-14 18:15:52,998 [INFO] WebApp:475 - Chromium requires no authentication
2023-09-14 18:15:53,007 [INFO] WebApp:418 - Direct internet connection detected
2023-09-14 18:15:53,222 [WARN] PackLoader:240 - Cannot read IP mode file for STMicroelectronics.X-CUBE-SMBUS.2.1.0
2023-09-14 18:15:53,233 [INFO] WebApp:188 - Starting web application
2023-09-14 18:15:53,233 [INFO] WebApp:520 - Web application path used D:\STM32IDE\STM32CubeIDE_1.13.1\STM32CubeIDE\plugins\com.st.stm32cube.common.mx_6.9.1.202307191849\db\plugins\mcufinder\reactClient1\index.html
2023-09-14 18:15:53,270 [WARN] PackLoader:240 - Cannot read IP mode file for STMicroelectronics.X-CUBE-AZRTOS-F7.1.1.0
2023-09-14 18:15:53,290 [WARN] PackLoader:240 - Cannot read IP mode file for STMicroelectronics.FP-SNS-MOTENV1.4.3.2
2023-09-14 18:15:53,309 [WARN] PackLoader:240 - Cannot read IP mode file for STMicroelectronics.FP-SNS-FLIGHT1.5.0.2
2023-09-14 18:15:53,328 [WARN] PackLoader:240 - Cannot read IP mode file for STMicroelectronics.X-CUBE-DISPLAY.3.0.0
2023-09-14 18:15:53,354 [WARN] PackLoader:240 - Cannot read IP mode file for STMicroelectronics.X-CUBE-BLE1.7.0.0
2023-09-14 18:15:53,369 [WARN] PackLoader:240 - Cannot read IP mode file for emotas.I-CUBE-CANOPEN.1.3.0
2023-09-14 18:15:53,385 [WARN] PackLoader:240 - Cannot read IP mode file for STMicroelectronics.X-CUBE-TOUCHGFX.4.22.0
2023-09-14 18:15:53,398 [WARN] PackLoader:240 - Cannot read IP mode file for STMicroelectronics.FP-SNS-SMARTAG2.1.2.0
2023-09-14 18:15:53,424 [INFO] LogOutputStream:77 - [STDOUT_REDIRECT] 1 : Invalid condition id : UX_CORESTACK_Condition cause : null
2023-09-14 18:15:53,425 [INFO] LogOutputStream:77 - [STDOUT_REDIRECT] 1 : Invalid condition id : UX_CORESTACK_Condition cause : null
2023-09-14 18:15:53,427 [INFO] LogOutputStream:77 - [STDOUT_REDIRECT] 1 : Invalid condition id : UX_CORESTACK_Condition cause : null
2023-09-14 18:15:53,429 [INFO] LogOutputStream:77 - [STDOUT_REDIRECT] 1 : Invalid condition id : UX_CORESTACK_Condition cause : null
2023-09-14 18:15:53,431 [INFO] LogOutputStream:77 - [STDOUT_REDIRECT] 1 : Invalid condition id : UX_CORESTACK_Condition cause : null
2023-09-14 18:15:53,434 [WARN] PackLoader:240 - Cannot read IP mode file for STMicroelectronics.X-CUBE-AZRTOS-WL.2.0.0
2023-09-14 18:15:53,457 [WARN] PackLoader:240 - Cannot read IP mode file for WES.I-CUBE-Cesium.1.3.0
2023-09-14 18:15:53,470 [WARN] PackLoader:240 - Cannot read IP mode file for STMicroelectronics.X-CUBE-BLE2.3.3.0
2023-09-14 18:15:53,484 [WARN] PackLoader:240 - Cannot read IP mode file for STMicroelectronics.X-CUBE-ALGOBUILD.1.3.0
2023-09-14 18:15:53,511 [WARN] PackLoader:240 - Cannot read IP mode file for STMicroelectronics.X-CUBE-AZRTOS-G0.1.1.0
2023-09-14 18:15:53,534 [WARN] PackLoader:240 - Cannot read IP mode file for STMicroelectronics.X-CUBE-NFC4.3.0.0
2023-09-14 18:15:53,548 [WARN] PackLoader:240 - Cannot read IP mode file for STMicroelectronics.FP-ATR-SIGFOX1.3.2.0
2023-09-14 18:15:53,590 [WARN] PackLoader:240 - Cannot read IP mode file for SEGGER.I-CUBE-embOS.1.3.1
2023-09-14 18:15:53,643 [WARN] PackLoader:240 - Cannot read IP mode file for STMicroelectronics.X-CUBE-GNSS1.6.0.0
2023-09-14 18:15:53,683 [WARN] PackLoader:240 - Cannot read IP mode file for STMicroelectronics.X-CUBE-AZRTOS-F4.1.1.0
2023-09-14 18:15:53,709 [WARN] PackLoader:240 - Cannot read IP mode file for wolfSSL.I-CUBE-wolfSSL.5.6.3
2023-09-14 18:15:53,748 [WARN] PackLoader:240 - Cannot read IP mode file for STMicroelectronics.X-CUBE-AZRTOS-L5.2.0.0
2023-09-14 18:15:53,798 [WARN] PackLoader:240 - Cannot read IP mode file for STMicroelectronics.X-CUBE-MEMS1.9.6.0
2023-09-14 18:15:53,946 [WARN] PackLoader:240 - Cannot read IP mode file for STMicroelectronics.X-CUBE-BLEMGR.2.0.0
2023-09-14 18:15:53,976 [WARN] ConditionMgr:438 - getConditionDescription Invalid condition id : UX DEVICE CLASS RTOS Condition cause : null
2023-09-14 18:15:53,976 [WARN] ConditionMgr:438 - getConditionDescription Invalid condition id : UX DEVICE CLASS RTOS Condition cause : null
2023-09-14 18:15:53,978 [WARN] PackLoader:240 - Cannot read IP mode file for STMicroelectronics.X-CUBE-AZRTOS-H7.3.1.0
2023-09-14 18:15:53,979 [WARN] ConditionMgr:1039 - genDependencies : Invalid condition id : UX DEVICE CLASS RTOS Condition cause : null
2023-09-14 18:15:53,980 [WARN] ConditionMgr:1039 - genDependencies : Invalid condition id : UX DEVICE CLASS RTOS Condition cause : null
2023-09-14 18:15:53,980 [WARN] ConditionMgr:1039 - genDependencies : Invalid condition id : UX DEVICE CLASS RTOS Condition cause : null
2023-09-14 18:15:53,981 [WARN] ConditionMgr:1039 - genDependencies : Invalid condition id : UX DEVICE CLASS RTOS Condition cause : null
2023-09-14 18:15:53,981 [WARN] ConditionMgr:1039 - genDependencies : Invalid condition id : UX DEVICE CLASS RTOS Condition cause : null
2023-09-14 18:15:53,994 [WARN] PackLoader:240 - Cannot read IP mode file for STMicroelectronics.X-CUBE-NFC7.1.0.1
2023-09-14 18:15:54,009 [WARN] PackLoader:240 - Cannot read IP mode file for STMicroelectronics.X-CUBE-NFC6.3.0.0
2023-09-14 18:15:54,023 [WARN] PackLoader:240 - Cannot read IP mode file for STMicroelectronics.X-CUBE-EEPRMA1.4.1.0
2023-09-14 18:15:54,034 [WARN] PackLoader:240 - Cannot read IP mode file for STMicroelectronics.X-CUBE-AI.8.1.0
2023-09-14 18:15:54,056 [WARN] ConditionMgr:438 - getConditionDescription Invalid condition id : LAN8742 Phy interface Condition cause : null
2023-09-14 18:15:54,057 [WARN] PackLoader:240 - Cannot read IP mode file for STMicroelectronics.X-CUBE-AZRTOS-L4.2.0.0
2023-09-14 18:15:54,057 [WARN] ConditionMgr:1039 - genDependencies : Invalid condition id : LAN8742 Phy interface Condition cause : null
2023-09-14 18:15:54,058 [WARN] ConditionMgr:1039 - genDependencies : Invalid condition id : LAN8742 Phy interface Condition cause : null
2023-09-14 18:15:54,058 [WARN] ConditionMgr:1039 - genDependencies : Invalid condition id : LAN8742 Phy interface Condition cause : null
2023-09-14 18:15:54,070 [WARN] PackLoader:240 - Cannot read IP mode file for STMicroelectronics.X-CUBE-SFXS2LP1.4.0.0
2023-09-14 18:15:54,082 [WARN] PackLoader:240 - Cannot read IP mode file for STMicroelectronics.X-CUBE-ISPU.1.1.0
2023-09-14 18:15:54,102 [WARN] ConditionMgr:438 - getConditionDescription Invalid condition id : UX DEVICE CLASS RTOS Condition cause : null
2023-09-14 18:15:54,102 [WARN] ConditionMgr:438 - getConditionDescription Invalid condition id : UX DEVICE CLASS RTOS Condition cause : null
2023-09-14 18:15:54,104 [WARN] PackLoader:240 - Cannot read IP mode file for STMicroelectronics.X-CUBE-AZRTOS-WB.2.0.0
2023-09-14 18:15:54,104 [WARN] ConditionMgr:1039 - genDependencies : Invalid condition id : UX DEVICE CLASS RTOS Condition cause : null
2023-09-14 18:15:54,104 [WARN] ConditionMgr:1039 - genDependencies : Invalid condition id : UX DEVICE CLASS RTOS Condition cause : null
2023-09-14 18:15:54,105 [WARN] ConditionMgr:1039 - genDependencies : Invalid condition id : UX DEVICE CLASS RTOS Condition cause : null
2023-09-14 18:15:54,105 [WARN] ConditionMgr:1039 - genDependencies : Invalid condition id : UX DEVICE CLASS RTOS Condition cause : null
2023-09-14 18:15:54,105 [WARN] ConditionMgr:1039 - genDependencies : Invalid condition id : UX DEVICE CLASS RTOS Condition cause : null
2023-09-14 18:15:54,130 [WARN] PackLoader:240 - Cannot read IP mode file for STMicroelectronics.X-CUBE-SUBG2.5.0.0
2023-09-14 18:15:54,150 [WARN] PackLoader:240 - Cannot read IP mode file for STMicroelectronics.X-CUBE-TOF1.3.3.1
2023-09-14 18:15:54,180 [WARN] PackLoader:240 - Cannot read IP mode file for STMicroelectronics.X-CUBE-AZRTOS-G4.2.0.0
2023-09-14 18:15:54,194 [WARN] PackLoader:240 - Cannot read IP mode file for STMicroelectronics.X-CUBE-FREERTOS.1.1.0
2023-09-14 18:15:54,209 [WARN] PackLoader:240 - Cannot read IP mode file for portGmbH.I-Cube-SoM-uGOAL.1.1.0
2023-09-14 18:15:54,223 [WARN] PackLoader:240 - Cannot read IP mode file for STMicroelectronics.X-CUBE-ALS.1.0.1
2023-09-14 18:15:54,236 [WARN] PackLoader:240 - Cannot read IP mode file for STMicroelectronics.FP-ATR-ASTRA1.2.0.0
2023-09-14 18:15:54,238 [INFO] ThirdParty:978 - Integrity check success = true
2023-09-14 18:15:54,238 [INFO] IntegrityCheckThread:100 - exiting critical section [integrity check]
2023-09-14 18:15:54,238 [INFO] IntegrityCheckThread:103 - End integrity checks thread
2023-09-14 18:16:14,736 [ERROR] LogOutputStream:75 - [STDERR_REDIRECT] SLF4J: Failed to load class "org.slf4j.impl.StaticLoggerBinder".
2023-09-14 18:16:14,736 [ERROR] LogOutputStream:75 - [STDERR_REDIRECT] SLF4J: Defaulting to no-operation (NOP) logger implementation
2023-09-14 18:16:14,737 [ERROR] LogOutputStream:75 - [STDERR_REDIRECT] SLF4J: See http://www.slf4j.org/codes.html#StaticLoggerBinder for further details.
2023-09-14 18:17:10,466 [INFO] LogOutputStream:77 - [STDOUT_REDIRECT] Unexpected error loading extension: org.eclipse.equinox.p2.metadata.repository.compositeRepository
2023-09-14 18:17:10,469 [ERROR] LogOutputStream:75 - [STDERR_REDIRECT] java.lang.NullPointerException: Cannot enter synchronized block because "this.browseFileTransferProtocolMap" is null
2023-09-14 18:17:10,471 [ERROR] LogOutputStream:75 - [STDERR_REDIRECT] 	at org.eclipse.ecf.internal.provider.filetransfer.Activator.getBrowseFileTransfer(Activator.java:633)
2023-09-14 18:17:10,473 [ERROR] LogOutputStream:75 - [STDERR_REDIRECT] 	at org.eclipse.ecf.provider.filetransfer.browse.MultiProtocolFileSystemBrowserAdapter.sendBrowseRequest(MultiProtocolFileSystemBrowserAdapter.java:81)
2023-09-14 18:17:10,475 [ERROR] LogOutputStream:75 - [STDERR_REDIRECT] 	at org.eclipse.equinox.internal.p2.transport.ecf.FileInfoReader.sendBrowseRequest(FileInfoReader.java:184)
2023-09-14 18:17:10,476 [ERROR] LogOutputStream:75 - [STDERR_REDIRECT] 	at org.eclipse.equinox.internal.p2.transport.ecf.FileInfoReader.getRemoteFiles(FileInfoReader.java:109)
2023-09-14 18:17:10,478 [ERROR] LogOutputStream:75 - [STDERR_REDIRECT] 	at org.eclipse.equinox.internal.p2.transport.ecf.FileInfoReader.getRemoteFile(FileInfoReader.java:125)
2023-09-14 18:17:10,480 [ERROR] LogOutputStream:75 - [STDERR_REDIRECT] 	at org.eclipse.equinox.internal.p2.transport.ecf.FileInfoReader.getLastModified(FileInfoReader.java:130)
2023-09-14 18:17:10,482 [ERROR] LogOutputStream:75 - [STDERR_REDIRECT] 	at org.eclipse.equinox.internal.p2.transport.ecf.RepositoryTransport.getLastModified(RepositoryTransport.java:244)
2023-09-14 18:17:10,484 [ERROR] LogOutputStream:75 - [STDERR_REDIRECT] 	at org.eclipse.equinox.internal.p2.repository.CacheManager.getLastModified(CacheManager.java:289)
2023-09-14 18:17:10,486 [ERROR] LogOutputStream:75 - [STDERR_REDIRECT] 	at org.eclipse.equinox.internal.p2.repository.CacheManager.createCache(CacheManager.java:234)
2023-09-14 18:17:10,488 [ERROR] LogOutputStream:75 - [STDERR_REDIRECT] 	at org.eclipse.equinox.internal.p2.metadata.repository.CompositeMetadataRepositoryFactory.getLocalFile(CompositeMetadataRepositoryFactory.java:77)
2023-09-14 18:17:10,490 [ERROR] LogOutputStream:75 - [STDERR_REDIRECT] 	at org.eclipse.equinox.internal.p2.metadata.repository.CompositeMetadataRepositoryFactory.load(CompositeMetadataRepositoryFactory.java:100)
2023-09-14 18:17:10,492 [ERROR] LogOutputStream:75 - [STDERR_REDIRECT] 	at org.eclipse.equinox.internal.p2.metadata.repository.MetadataRepositoryManager.factoryLoad(MetadataRepositoryManager.java:63)
2023-09-14 18:17:10,494 [ERROR] LogOutputStream:75 - [STDERR_REDIRECT] 	at org.eclipse.equinox.internal.p2.repository.helpers.AbstractRepositoryManager.loadRepository(AbstractRepositoryManager.java:787)
2023-09-14 18:17:10,496 [ERROR] LogOutputStream:75 - [STDERR_REDIRECT] 	at org.eclipse.equinox.internal.p2.repository.helpers.AbstractRepositoryManager.loadRepository(AbstractRepositoryManager.java:685)
2023-09-14 18:17:10,498 [ERROR] LogOutputStream:75 - [STDERR_REDIRECT] 	at org.eclipse.equinox.internal.p2.metadata.repository.MetadataRepositoryManager.loadRepository(MetadataRepositoryManager.java:110)
2023-09-14 18:17:10,500 [ERROR] LogOutputStream:75 - [STDERR_REDIRECT] 	at org.eclipse.equinox.internal.p2.metadata.repository.MetadataRepositoryManager.loadRepository(MetadataRepositoryManager.java:105)
2023-09-14 18:17:10,502 [ERROR] LogOutputStream:75 - [STDERR_REDIRECT] 	at org.eclipse.equinox.internal.p2.metadata.repository.CompositeMetadataRepository.addChild(CompositeMetadataRepository.java:171)
2023-09-14 18:17:10,504 [ERROR] LogOutputStream:75 - [STDERR_REDIRECT] 	at org.eclipse.equinox.internal.p2.metadata.repository.CompositeMetadataRepository.<init>(CompositeMetadataRepository.java:113)
2023-09-14 18:17:10,506 [ERROR] LogOutputStream:75 - [STDERR_REDIRECT] 	at org.eclipse.equinox.internal.p2.metadata.repository.CompositeMetadataRepositoryFactory.load(CompositeMetadataRepositoryFactory.java:124)
2023-09-14 18:17:10,507 [ERROR] LogOutputStream:75 - [STDERR_REDIRECT] 	at org.eclipse.equinox.internal.p2.metadata.repository.MetadataRepositoryManager.factoryLoad(MetadataRepositoryManager.java:63)
2023-09-14 18:17:10,509 [ERROR] LogOutputStream:75 - [STDERR_REDIRECT] 	at org.eclipse.equinox.internal.p2.repository.helpers.AbstractRepositoryManager.loadRepository(AbstractRepositoryManager.java:787)
2023-09-14 18:17:10,511 [ERROR] LogOutputStream:75 - [STDERR_REDIRECT] 	at org.eclipse.equinox.internal.p2.repository.helpers.AbstractRepositoryManager.loadRepository(AbstractRepositoryManager.java:685)
2023-09-14 18:17:10,513 [ERROR] LogOutputStream:75 - [STDERR_REDIRECT] 	at org.eclipse.equinox.internal.p2.metadata.repository.MetadataRepositoryManager.loadRepository(MetadataRepositoryManager.java:110)
2023-09-14 18:17:10,515 [ERROR] LogOutputStream:75 - [STDERR_REDIRECT] 	at org.eclipse.equinox.internal.p2.metadata.repository.MetadataRepositoryManager.loadRepository(MetadataRepositoryManager.java:105)
2023-09-14 18:17:10,517 [ERROR] LogOutputStream:75 - [STDERR_REDIRECT] 	at org.eclipse.equinox.internal.p2.metadata.repository.CompositeMetadataRepository.addChild(CompositeMetadataRepository.java:171)
2023-09-14 18:17:10,519 [ERROR] LogOutputStream:75 - [STDERR_REDIRECT] 	at org.eclipse.equinox.internal.p2.metadata.repository.CompositeMetadataRepository.<init>(CompositeMetadataRepository.java:113)
2023-09-14 18:17:10,521 [ERROR] LogOutputStream:75 - [STDERR_REDIRECT] 	at org.eclipse.equinox.internal.p2.metadata.repository.CompositeMetadataRepositoryFactory.load(CompositeMetadataRepositoryFactory.java:124)
