2023-09-20 10:42:17,493 [INFO] Activator:176 - 


2023-09-20 10:42:17,499 [INFO] Activator:177 - !SESSION log4j initialized
2023-09-20 10:42:25,017 [INFO] LogOutputStream:77 - [STDOUT_REDIRECT] 
2023-09-20 10:42:28,280 [INFO] ApplicationProperties:184 - Using Application install path: D:\STM32IDE\STM32CubeIDE_1.13.1\STM32CubeIDE\plugins\com.st.stm32cube.common.mx_6.9.2.202309101412
2023-09-20 10:42:28,305 [INFO] DbMcusXml:78 - Set database path to: D:\STM32IDE\STM32CubeIDE_1.13.1\STM32CubeIDE\plugins\com.st.stm32cube.common.mx_6.9.2.202309101412\\db\/mcu/
2023-09-20 10:42:28,306 [INFO] ApiDb:274 - Set plugin database path to: D:\STM32IDE\STM32CubeIDE_1.13.1\STM32CubeIDE\plugins\com.st.stm32cube.common.mx_6.9.2.202309101412\\db\/plugins/boardmanager/
2023-09-20 10:42:28,307 [WARN] ApiDb:259 - Overriding images path with different value:  => D:\STM32IDE\STM32CubeIDE_1.13.1\STM32CubeIDE\plugins\com.st.stm32cube.common.mx_6.9.2.202309101412\\db\/plugins/mcufinder/images/
2023-09-20 10:42:28,327 [INFO] ApiDb:250 - Set database path to: C:\Users\ARYAN\.stmcufinder\plugins\mcufinder//mcu/
2023-09-20 10:42:28,328 [INFO] DbMcusAds:125 - Set database path to: C:\Users\ARYAN\.stmcufinder\plugins\mcufinder//mcu/
2023-09-20 10:42:28,330 [INFO] CrossReferenceDbSqlite:203 - Set database path to: C:\Users\ARYAN\.stmcufinder\plugins\mcufinder//mcu/cs/
2023-09-20 10:42:28,443 [INFO] RulesReader:64 - Compatibility file has been processed (293 Rules)
2023-09-20 10:42:28,557 [INFO] DbMcusXml:78 - Set database path to: D:\STM32IDE\STM32CubeIDE_1.13.1\STM32CubeIDE\plugins\com.st.stm32cube.common.mx_6.9.2.202309101412\\db\/mcu/
2023-09-20 10:42:28,557 [INFO] ApiDb:274 - Set plugin database path to: D:\STM32IDE\STM32CubeIDE_1.13.1\STM32CubeIDE\plugins\com.st.stm32cube.common.mx_6.9.2.202309101412\\db\/plugins/boardmanager/
2023-09-20 10:42:28,558 [INFO] ApiDb:261 - Set plugin images path to: D:\STM32IDE\STM32CubeIDE_1.13.1\STM32CubeIDE\plugins\com.st.stm32cube.common.mx_6.9.2.202309101412\\db\/plugins/mcufinder/images/
2023-09-20 10:42:28,558 [WARN] DbFile:41 - Overriding database path with different value: C:\Users\ARYAN\.stmcufinder\plugins\mcufinder/ => C:\Users\ARYAN\.stmcufinder\plugins\mcufinder
2023-09-20 10:42:28,558 [INFO] ApiDb:250 - Set database path to: C:\Users\ARYAN\.stmcufinder\plugins\mcufinder//mcu/
2023-09-20 10:42:28,558 [WARN] DbFile:41 - Overriding database path with different value: C:\Users\ARYAN\.stmcufinder\plugins\mcufinder/ => C:\Users\ARYAN\.stmcufinder\plugins\mcufinder
2023-09-20 10:42:28,558 [INFO] DbMcusAds:125 - Set database path to: C:\Users\ARYAN\.stmcufinder\plugins\mcufinder//mcu/
2023-09-20 10:42:28,558 [WARN] DbFile:41 - Overriding database path with different value: C:\Users\ARYAN\.stmcufinder\plugins\mcufinder/ => C:\Users\ARYAN\.stmcufinder\plugins\mcufinder
2023-09-20 10:42:28,558 [WARN] DbFile:41 - Overriding database path with different value: C:\Users\ARYAN\.stmcufinder\plugins\mcufinder/ => C:\Users\ARYAN\.stmcufinder\plugins\mcufinder
2023-09-20 10:42:28,558 [INFO] CrossReferenceDbSqlite:203 - Set database path to: C:\Users\ARYAN\.stmcufinder\plugins\mcufinder//mcu/cs/
2023-09-20 10:42:28,648 [INFO] MainPanel:262 - HeapMemory: 268435456
2023-09-20 10:42:28,757 [INFO] DbMcusXml:78 - Set database path to: D:\STM32IDE\STM32CubeIDE_1.13.1\STM32CubeIDE\plugins\com.st.stm32cube.common.mx_6.9.2.202309101412\\db\/mcu/
2023-09-20 10:42:28,757 [INFO] ApiDb:274 - Set plugin database path to: D:\STM32IDE\STM32CubeIDE_1.13.1\STM32CubeIDE\plugins\com.st.stm32cube.common.mx_6.9.2.202309101412\\db\/plugins/boardmanager/
2023-09-20 10:42:28,757 [INFO] ApiDb:261 - Set plugin images path to: D:\STM32IDE\STM32CubeIDE_1.13.1\STM32CubeIDE\plugins\com.st.stm32cube.common.mx_6.9.2.202309101412\\db\/plugins/mcufinder/images/
2023-09-20 10:42:28,758 [WARN] DbFile:41 - Overriding database path with different value: C:\Users\ARYAN\.stmcufinder\plugins\mcufinder/ => C:\Users\ARYAN\.stmcufinder\plugins\mcufinder
2023-09-20 10:42:28,758 [INFO] ApiDb:250 - Set database path to: C:\Users\ARYAN\.stmcufinder\plugins\mcufinder//mcu/
2023-09-20 10:42:28,759 [WARN] DbFile:41 - Overriding database path with different value: C:\Users\ARYAN\.stmcufinder\plugins\mcufinder/ => C:\Users\ARYAN\.stmcufinder\plugins\mcufinder
2023-09-20 10:42:28,759 [INFO] DbMcusAds:125 - Set database path to: C:\Users\ARYAN\.stmcufinder\plugins\mcufinder//mcu/
2023-09-20 10:42:28,759 [WARN] DbFile:41 - Overriding database path with different value: C:\Users\ARYAN\.stmcufinder\plugins\mcufinder/ => C:\Users\ARYAN\.stmcufinder\plugins\mcufinder
2023-09-20 10:42:28,759 [WARN] DbFile:41 - Overriding database path with different value: C:\Users\ARYAN\.stmcufinder\plugins\mcufinder/ => C:\Users\ARYAN\.stmcufinder\plugins\mcufinder
2023-09-20 10:42:28,759 [INFO] CrossReferenceDbSqlite:203 - Set database path to: C:\Users\ARYAN\.stmcufinder\plugins\mcufinder//mcu/cs/
2023-09-20 10:42:28,781 [INFO] ApplicationProperties:184 - Using Application install path: D:\STM32IDE\STM32CubeIDE_1.13.1\STM32CubeIDE\plugins\com.st.stm32cube.common.mx_6.9.2.202309101412
2023-09-20 10:42:28,782 [INFO] PluginManage:196 - Search for loadable plugins [exclusion list=, ]
2023-09-20 10:42:28,784 [INFO] PluginManage:310 - Check plugin analytics
2023-09-20 10:42:28,967 [INFO] AnalyticsPlugin:253 - Accepted Software Licenses: 
2023-09-20 10:42:28,967 [INFO] AnalyticsPlugin:255 - Accepted CMSIS Pack Licenses: 
2023-09-20 10:42:28,967 [INFO] AnalyticsPlugin:257 - Accepted Firmware Licenses: 
2023-09-20 10:42:28,971 [INFO] PluginManage:359 - Loaded plugin analytics (category:tool,tabindex:-1)
2023-09-20 10:42:28,972 [INFO] PluginManage:310 - Check plugin cadmodel
2023-09-20 10:42:28,988 [INFO] CADModel:105 - Init CAD model plugin
2023-09-20 10:42:28,988 [INFO] PluginManage:359 - Loaded plugin cadmodel (category:power,tabindex:5)
2023-09-20 10:42:28,988 [INFO] PluginManage:310 - Check plugin clock
2023-09-20 10:42:29,010 [INFO] PluginManage:359 - Loaded plugin clock (category:base,tabindex:2)
2023-09-20 10:42:29,010 [INFO] PluginManage:310 - Check plugin ddr
2023-09-20 10:42:29,014 [INFO] PluginManage:359 - Loaded plugin ddr (category:tool,tabindex:6)
2023-09-20 10:42:29,015 [INFO] PluginManage:310 - Check plugin filemanager
2023-09-20 10:42:29,158 [INFO] PluginManage:359 - Loaded plugin filemanager (category:base,tabindex:10)
2023-09-20 10:42:29,158 [INFO] PluginManage:310 - Check plugin ipmanager
2023-09-20 10:42:29,167 [INFO] PluginManage:359 - Loaded plugin ipmanager (category:base,tabindex:5)
2023-09-20 10:42:29,167 [INFO] PluginManage:310 - Check plugin lpbam
2023-09-20 10:42:29,182 [INFO] PluginManage:359 - Loaded plugin lpbam (category:base,tabindex:0)
2023-09-20 10:42:29,182 [INFO] PluginManage:310 - Check plugin memorymap
2023-09-20 10:42:29,207 [INFO] PluginManage:359 - Loaded plugin memorymap (category:base,tabindex:4)
2023-09-20 10:42:29,207 [INFO] PluginManage:310 - Check plugin pinoutandconfiguration
2023-09-20 10:42:29,224 [INFO] PluginManage:359 - Loaded plugin pinoutandconfiguration (category:base,tabindex:1)
2023-09-20 10:42:29,224 [INFO] PluginManage:310 - Check plugin pinoutconfig
2023-09-20 10:42:29,328 [WARN] SupportedApi:132 - Cannot load RTOS API schema: s4s-elt-must-match.1: The content of 'definitions' must match (annotation?, (simpleType | complexType)?, (unique | key | keyref)*)). A problem was found starting at: attribute.
2023-09-20 10:42:29,476 [INFO] PluginManage:359 - Loaded plugin pinoutconfig (category:base,tabindex:0)
2023-09-20 10:42:29,476 [INFO] PluginManage:310 - Check plugin power
2023-09-20 10:42:29,496 [INFO] PluginManage:359 - Loaded plugin power (category:power,tabindex:4)
2023-09-20 10:42:29,497 [INFO] PluginManage:310 - Check plugin projectmanager
2023-09-20 10:42:29,513 [INFO] PluginManage:359 - Loaded plugin projectmanager (category:projectmanager,tabindex:3)
2023-09-20 10:42:29,514 [INFO] PluginManage:310 - Check plugin thirdparty
2023-09-20 10:42:29,799 [INFO] PluginManage:359 - Loaded plugin thirdparty (category:base,tabindex:-1)
2023-09-20 10:42:29,799 [INFO] PluginManage:310 - Check plugin tools
2023-09-20 10:42:29,799 [WARN] IntegrityCheckThread:84 - waiting for thirdparty lock release [integrity check]
2023-09-20 10:42:29,800 [INFO] IntegrityCheckThread:86 - entering critical section [integrity check]
2023-09-20 10:42:29,801 [INFO] ThirdPartyUpdaterWithRetryManager:70 - Updater plugin not ready yet. [1/15]
2023-09-20 10:42:29,829 [INFO] PluginManage:359 - Loaded plugin tools (category:base,tabindex:7)
2023-09-20 10:42:29,829 [INFO] PluginManage:310 - Check plugin tutovideos
2023-09-20 10:42:30,054 [INFO] PluginManage:359 - Loaded plugin tutovideos (category:base,tabindex:-1)
2023-09-20 10:42:30,055 [INFO] PluginManage:310 - Check plugin updater
2023-09-20 10:42:30,070 [INFO] PluginManage:359 - Loaded plugin updater (category:base,tabindex:12)
2023-09-20 10:42:30,070 [INFO] PluginManage:310 - Check plugin userauth
2023-09-20 10:42:30,077 [INFO] UserAuth:113 - Init User Auth plugin
2023-09-20 10:42:30,077 [INFO] PluginManage:359 - Loaded plugin userauth (category:base,tabindex:14)
2023-09-20 10:42:30,077 [INFO] PluginManage:283 - PluginManage : Loaded plugins [17]
2023-09-20 10:42:30,338 [INFO] PinOutPanel:1499 - setPackage(No Configuration,No Configuration)
2023-09-20 10:42:30,451 [INFO] CADModel:165 - CPN selected for project level
2023-09-20 10:42:30,452 [INFO] CADModel:114 - Register for checkConnection events
2023-09-20 10:42:30,479 [INFO] IPUIPlugin:80 - create IPUIPlugin
2023-09-20 10:42:30,479 [INFO] PluginManager:220 - loadIPPluginJar : add adc
2023-09-20 10:42:30,509 [INFO] IPUIPlugin:80 - create IPUIPlugin
2023-09-20 10:42:30,509 [INFO] PluginManager:220 - loadIPPluginJar : add aes
2023-09-20 10:42:30,546 [INFO] IPUIPlugin:80 - create IPUIPlugin
2023-09-20 10:42:30,546 [INFO] PluginManager:220 - loadIPPluginJar : add can
2023-09-20 10:42:30,565 [INFO] IPUIPlugin:80 - create IPUIPlugin
2023-09-20 10:42:30,566 [INFO] PluginManager:220 - loadIPPluginJar : add comp
2023-09-20 10:42:30,595 [INFO] IPUIPlugin:80 - create IPUIPlugin
2023-09-20 10:42:30,595 [INFO] PluginManager:220 - loadIPPluginJar : add cryp
2023-09-20 10:42:30,622 [INFO] IPUIPlugin:80 - create IPUIPlugin
2023-09-20 10:42:30,622 [INFO] PluginManager:220 - loadIPPluginJar : add dfsdm
2023-09-20 10:42:30,637 [INFO] IPUIPlugin:80 - create IPUIPlugin
2023-09-20 10:42:30,637 [INFO] PluginManager:220 - loadIPPluginJar : add dma
2023-09-20 10:42:30,676 [INFO] IPUIPlugin:80 - create IPUIPlugin
2023-09-20 10:42:30,676 [INFO] PluginManager:220 - loadIPPluginJar : add dma3
2023-09-20 10:42:30,695 [INFO] IPUIPlugin:80 - create IPUIPlugin
2023-09-20 10:42:30,696 [INFO] PluginManager:220 - loadIPPluginJar : add fatfs
2023-09-20 10:42:30,736 [INFO] IPUIPlugin:80 - create IPUIPlugin
2023-09-20 10:42:30,736 [INFO] PluginManager:220 - loadIPPluginJar : add fmc
2023-09-20 10:42:30,751 [INFO] IPUIPlugin:80 - create IPUIPlugin
2023-09-20 10:42:30,751 [INFO] PluginManager:220 - loadIPPluginJar : add freertos
2023-09-20 10:42:30,770 [INFO] IPUIPlugin:80 - create IPUIPlugin
2023-09-20 10:42:30,770 [INFO] PluginManager:220 - loadIPPluginJar : add genericplugin
2023-09-20 10:42:30,849 [INFO] IPUIPlugin:80 - create IPUIPlugin
2023-09-20 10:42:30,849 [INFO] PluginManager:220 - loadIPPluginJar : add gfxmmu
2023-09-20 10:42:30,960 [INFO] IPUIPlugin:80 - create IPUIPlugin
2023-09-20 10:42:30,960 [INFO] PluginManager:220 - loadIPPluginJar : add gic
2023-09-20 10:42:30,972 [INFO] IPUIPlugin:80 - create IPUIPlugin
2023-09-20 10:42:30,972 [INFO] PluginManager:220 - loadIPPluginJar : add gpio
2023-09-20 10:42:31,048 [INFO] IPUIPlugin:80 - create IPUIPlugin
2023-09-20 10:42:31,048 [INFO] PluginManager:220 - loadIPPluginJar : add gtzc
2023-09-20 10:42:31,077 [INFO] IPUIPlugin:80 - create IPUIPlugin
2023-09-20 10:42:31,077 [INFO] PluginManager:220 - loadIPPluginJar : add hash
2023-09-20 10:42:31,122 [INFO] IPUIPlugin:80 - create IPUIPlugin
2023-09-20 10:42:31,122 [INFO] PluginManager:220 - loadIPPluginJar : add i2c
2023-09-20 10:42:31,157 [INFO] IPUIPlugin:80 - create IPUIPlugin
2023-09-20 10:42:31,157 [INFO] PluginManager:220 - loadIPPluginJar : add i2s
2023-09-20 10:42:31,191 [INFO] IPUIPlugin:80 - create IPUIPlugin
2023-09-20 10:42:31,191 [INFO] PluginManager:220 - loadIPPluginJar : add i3c
2023-09-20 10:42:31,278 [INFO] IPUIPlugin:80 - create IPUIPlugin
2023-09-20 10:42:31,278 [INFO] PluginManager:220 - loadIPPluginJar : add ipddr
2023-09-20 10:42:31,358 [INFO] IPUIPlugin:80 - create IPUIPlugin
2023-09-20 10:42:31,359 [INFO] PluginManager:220 - loadIPPluginJar : add linkedlist
2023-09-20 10:42:31,391 [INFO] IPUIPlugin:80 - create IPUIPlugin
2023-09-20 10:42:31,391 [INFO] PluginManager:220 - loadIPPluginJar : add lorawan
2023-09-20 10:42:31,421 [INFO] IPUIPlugin:80 - create IPUIPlugin
2023-09-20 10:42:31,421 [INFO] PluginManager:220 - loadIPPluginJar : add ltdc
2023-09-20 10:42:31,435 [INFO] IPUIPlugin:80 - create IPUIPlugin
2023-09-20 10:42:31,435 [INFO] PluginManager:220 - loadIPPluginJar : add mdma
2023-09-20 10:42:31,446 [INFO] IPUIPlugin:80 - create IPUIPlugin
2023-09-20 10:42:31,446 [INFO] PluginManager:220 - loadIPPluginJar : add nvic
2023-09-20 10:42:31,476 [INFO] IPUIPlugin:80 - create IPUIPlugin
2023-09-20 10:42:31,476 [INFO] PluginManager:220 - loadIPPluginJar : add opamp
2023-09-20 10:42:31,527 [INFO] IPUIPlugin:80 - create IPUIPlugin
2023-09-20 10:42:31,527 [INFO] PluginManager:220 - loadIPPluginJar : add openamp
2023-09-20 10:42:31,563 [INFO] IPUIPlugin:80 - create IPUIPlugin
2023-09-20 10:42:31,563 [INFO] PluginManager:220 - loadIPPluginJar : add pdm2pcm
2023-09-20 10:42:31,576 [INFO] IPUIPlugin:80 - create IPUIPlugin
2023-09-20 10:42:31,578 [INFO] PluginManager:220 - loadIPPluginJar : add plateformsettings
2023-09-20 10:42:31,598 [INFO] IPUIPlugin:80 - create IPUIPlugin
2023-09-20 10:42:31,599 [INFO] PluginManager:220 - loadIPPluginJar : add quadspi
2023-09-20 10:42:31,612 [INFO] IPUIPlugin:80 - create IPUIPlugin
2023-09-20 10:42:31,612 [INFO] PluginManager:220 - loadIPPluginJar : add resmgrutility
2023-09-20 10:42:31,652 [INFO] IPUIPlugin:80 - create IPUIPlugin
2023-09-20 10:42:31,652 [INFO] PluginManager:220 - loadIPPluginJar : add sai
2023-09-20 10:42:31,683 [INFO] IPUIPlugin:80 - create IPUIPlugin
2023-09-20 10:42:31,683 [INFO] PluginManager:220 - loadIPPluginJar : add spi
2023-09-20 10:42:31,731 [INFO] IPUIPlugin:80 - create IPUIPlugin
2023-09-20 10:42:31,731 [INFO] PluginManager:220 - loadIPPluginJar : add stm32_wpan
2023-09-20 10:42:31,752 [INFO] IPUIPlugin:80 - create IPUIPlugin
2023-09-20 10:42:31,752 [INFO] PluginManager:220 - loadIPPluginJar : add tim
2023-09-20 10:42:31,798 [INFO] IPUIPlugin:80 - create IPUIPlugin
2023-09-20 10:42:31,799 [INFO] PluginManager:220 - loadIPPluginJar : add touchsensing
2023-09-20 10:42:31,820 [INFO] IPUIPlugin:80 - create IPUIPlugin
2023-09-20 10:42:31,820 [INFO] PluginManager:220 - loadIPPluginJar : add tracer_emb
2023-09-20 10:42:31,841 [INFO] IPUIPlugin:80 - create IPUIPlugin
2023-09-20 10:42:31,841 [INFO] PluginManager:220 - loadIPPluginJar : add ts
2023-09-20 10:42:31,860 [INFO] IPUIPlugin:80 - create IPUIPlugin
2023-09-20 10:42:31,860 [INFO] PluginManager:220 - loadIPPluginJar : add tsc
2023-09-20 10:42:31,882 [INFO] IPUIPlugin:80 - create IPUIPlugin
2023-09-20 10:42:31,882 [INFO] PluginManager:220 - loadIPPluginJar : add ucpd
2023-09-20 10:42:31,919 [INFO] IPUIPlugin:80 - create IPUIPlugin
2023-09-20 10:42:31,919 [INFO] PluginManager:220 - loadIPPluginJar : add usart
2023-09-20 10:42:31,957 [INFO] IPUIPlugin:80 - create IPUIPlugin
2023-09-20 10:42:31,957 [INFO] PluginManager:220 - loadIPPluginJar : add usbx
2023-09-20 10:42:32,078 [INFO] CADModel:165 - CPN selected for project level
2023-09-20 10:42:32,078 [INFO] CADModel:114 - Register for checkConnection events
2023-09-20 10:42:32,078 [FATAL] Updater:308 - Updater called before beeing initialized
2023-09-20 10:42:32,078 [ERROR] CADModel:125 - Updater not yet initialized, retry later 
2023-09-20 10:42:32,246 [INFO] CADModel:165 - CPN selected for project level
2023-09-20 10:42:32,246 [INFO] CADModel:114 - Register for checkConnection events
2023-09-20 10:42:32,246 [FATAL] Updater:308 - Updater called before beeing initialized
2023-09-20 10:42:32,246 [ERROR] CADModel:125 - Updater not yet initialized, retry later 
2023-09-20 10:42:32,250 [FATAL] Updater:308 - Updater called before beeing initialized
2023-09-20 10:42:32,366 [FATAL] Updater:308 - Updater called before beeing initialized
2023-09-20 10:42:32,379 [INFO] DbMcusAds:53 - JSON generation date=Tue Mar 07 14:20:55 IST 2023 (1678179055114)
2023-09-20 10:42:32,379 [FATAL] Updater:308 - Updater called before beeing initialized
2023-09-20 10:42:32,453 [WARN] DetailPanel:346 - Failed to get advertising image, set to default
2023-09-20 10:42:32,540 [FATAL] Updater:308 - Updater called before beeing initialized
2023-09-20 10:42:32,543 [FATAL] Updater:308 - Updater called before beeing initialized
2023-09-20 10:42:32,543 [FATAL] Updater:308 - Updater called before beeing initialized
2023-09-20 10:42:32,543 [WARN] DetailPanel:346 - Failed to get advertising image, set to default
2023-09-20 10:42:32,543 [FATAL] Updater:308 - Updater called before beeing initialized
2023-09-20 10:42:32,609 [ERROR] Updater:1120 - MainUpdater not yet initialized. External WinMGr cannot be set.
2023-09-20 10:42:32,620 [INFO] Updater:1056 - Updater Version found : 6.9.2
2023-09-20 10:42:32,657 [INFO] ApplicationProperties:184 - Using Application install path: D:\STM32IDE\STM32CubeIDE_1.13.1\STM32CubeIDE\plugins\com.st.stm32cube.common.mx_6.9.2.202309101412
2023-09-20 10:42:32,801 [INFO] ThirdPartyUpdaterWithRetryManager:70 - Updater plugin not ready yet. [2/15]
2023-09-20 10:42:34,275 [INFO] MainUpdater:2868 - connection check result : 10
2023-09-20 10:42:34,276 [INFO] MainUpdater:285 - Updater Check For Update Now.
2023-09-20 10:42:34,276 [INFO] MicroXplorer:498 - Change Database Version : DB.6.0.92
2023-09-20 10:42:34,304 [INFO] McuFinderGlobals:63 - Set McuFinder mode to 2 (CubeIDE integrated)
2023-09-20 10:42:34,305 [INFO] UserAuth:179 - activating auth plugin
2023-09-20 10:42:34,311 [INFO] UserAuth:393 - Internet connection configuration mode: 1
2023-09-20 10:42:34,413 [INFO] JxBrowserEngine:151 - Initiate JxBrowser Engine with user profile folder
2023-09-20 10:42:34,524 [INFO] CheckServerUpdateThread:120 - End of CheckServer Thread
2023-09-20 10:42:35,995 [WARN] PackLoader:240 - Cannot read IP mode file for STMicroelectronics.X-CUBE-SMBUS.2.1.0
2023-09-20 10:42:36,055 [WARN] PackLoader:240 - Cannot read IP mode file for STMicroelectronics.X-CUBE-AZRTOS-F7.1.1.0
2023-09-20 10:42:36,082 [WARN] PackLoader:240 - Cannot read IP mode file for STMicroelectronics.FP-SNS-MOTENV1.4.3.2
2023-09-20 10:42:36,103 [WARN] PackLoader:240 - Cannot read IP mode file for STMicroelectronics.FP-SNS-FLIGHT1.5.0.2
2023-09-20 10:42:36,127 [WARN] PackLoader:240 - Cannot read IP mode file for STMicroelectronics.X-CUBE-DISPLAY.3.0.0
2023-09-20 10:42:36,162 [WARN] PackLoader:240 - Cannot read IP mode file for STMicroelectronics.X-CUBE-BLE1.7.0.0
2023-09-20 10:42:36,179 [WARN] PackLoader:240 - Cannot read IP mode file for emotas.I-CUBE-CANOPEN.1.3.0
2023-09-20 10:42:36,199 [WARN] PackLoader:240 - Cannot read IP mode file for STMicroelectronics.X-CUBE-TOUCHGFX.4.22.0
2023-09-20 10:42:36,213 [WARN] PackLoader:240 - Cannot read IP mode file for STMicroelectronics.FP-SNS-SMARTAG2.1.2.0
2023-09-20 10:42:36,238 [INFO] LogOutputStream:77 - [STDOUT_REDIRECT] 1 : Invalid condition id : UX_CORESTACK_Condition cause : null
2023-09-20 10:42:36,240 [INFO] LogOutputStream:77 - [STDOUT_REDIRECT] 1 : Invalid condition id : UX_CORESTACK_Condition cause : null
2023-09-20 10:42:36,241 [INFO] LogOutputStream:77 - [STDOUT_REDIRECT] 1 : Invalid condition id : UX_CORESTACK_Condition cause : null
2023-09-20 10:42:36,243 [INFO] LogOutputStream:77 - [STDOUT_REDIRECT] 1 : Invalid condition id : UX_CORESTACK_Condition cause : null
2023-09-20 10:42:36,244 [INFO] LogOutputStream:77 - [STDOUT_REDIRECT] 1 : Invalid condition id : UX_CORESTACK_Condition cause : null
2023-09-20 10:42:36,249 [WARN] PackLoader:240 - Cannot read IP mode file for STMicroelectronics.X-CUBE-AZRTOS-WL.2.0.0
2023-09-20 10:42:36,271 [WARN] PackLoader:240 - Cannot read IP mode file for WES.I-CUBE-Cesium.1.3.0
2023-09-20 10:42:36,286 [WARN] PackLoader:240 - Cannot read IP mode file for STMicroelectronics.X-CUBE-BLE2.3.3.0
2023-09-20 10:42:36,302 [WARN] PackLoader:240 - Cannot read IP mode file for STMicroelectronics.X-CUBE-ALGOBUILD.1.3.0
2023-09-20 10:42:36,332 [WARN] PackLoader:240 - Cannot read IP mode file for STMicroelectronics.X-CUBE-AZRTOS-G0.1.1.0
2023-09-20 10:42:36,347 [WARN] PackLoader:240 - Cannot read IP mode file for STMicroelectronics.X-CUBE-NFC4.3.0.0
2023-09-20 10:42:36,360 [WARN] PackLoader:240 - Cannot read IP mode file for STMicroelectronics.FP-ATR-SIGFOX1.3.2.0
2023-09-20 10:42:36,397 [WARN] PackLoader:240 - Cannot read IP mode file for SEGGER.I-CUBE-embOS.1.3.1
2023-09-20 10:42:36,465 [WARN] PackLoader:240 - Cannot read IP mode file for STMicroelectronics.X-CUBE-GNSS1.6.0.0
2023-09-20 10:42:36,525 [WARN] PackLoader:240 - Cannot read IP mode file for STMicroelectronics.X-CUBE-AZRTOS-F4.1.1.0
2023-09-20 10:42:36,558 [WARN] PackLoader:240 - Cannot read IP mode file for wolfSSL.I-CUBE-wolfSSL.5.6.3
2023-09-20 10:42:36,599 [WARN] PackLoader:240 - Cannot read IP mode file for STMicroelectronics.X-CUBE-AZRTOS-L5.2.0.0
2023-09-20 10:42:36,659 [WARN] PackLoader:240 - Cannot read IP mode file for STMicroelectronics.X-CUBE-MEMS1.9.6.0
2023-09-20 10:42:36,788 [WARN] PackLoader:240 - Cannot read IP mode file for STMicroelectronics.X-CUBE-BLEMGR.2.0.0
2023-09-20 10:42:36,861 [WARN] ConditionMgr:438 - getConditionDescription Invalid condition id : UX DEVICE CLASS RTOS Condition cause : null
2023-09-20 10:42:36,862 [WARN] ConditionMgr:438 - getConditionDescription Invalid condition id : UX DEVICE CLASS RTOS Condition cause : null
2023-09-20 10:42:36,864 [WARN] PackLoader:240 - Cannot read IP mode file for STMicroelectronics.X-CUBE-AZRTOS-H7.3.1.0
2023-09-20 10:42:36,865 [WARN] ConditionMgr:1039 - genDependencies : Invalid condition id : UX DEVICE CLASS RTOS Condition cause : null
2023-09-20 10:42:36,866 [WARN] ConditionMgr:1039 - genDependencies : Invalid condition id : UX DEVICE CLASS RTOS Condition cause : null
2023-09-20 10:42:36,866 [WARN] ConditionMgr:1039 - genDependencies : Invalid condition id : UX DEVICE CLASS RTOS Condition cause : null
2023-09-20 10:42:36,867 [WARN] ConditionMgr:1039 - genDependencies : Invalid condition id : UX DEVICE CLASS RTOS Condition cause : null
2023-09-20 10:42:36,867 [WARN] ConditionMgr:1039 - genDependencies : Invalid condition id : UX DEVICE CLASS RTOS Condition cause : null
2023-09-20 10:42:36,882 [WARN] PackLoader:240 - Cannot read IP mode file for STMicroelectronics.X-CUBE-NFC7.1.0.1
2023-09-20 10:42:36,906 [WARN] PackLoader:240 - Cannot read IP mode file for STMicroelectronics.X-CUBE-NFC6.3.0.0
2023-09-20 10:42:36,983 [WARN] PackLoader:240 - Cannot read IP mode file for STMicroelectronics.X-CUBE-EEPRMA1.4.1.0
2023-09-20 10:42:37,013 [WARN] PackLoader:240 - Cannot read IP mode file for STMicroelectronics.X-CUBE-AI.8.1.0
2023-09-20 10:42:37,048 [WARN] ConditionMgr:438 - getConditionDescription Invalid condition id : LAN8742 Phy interface Condition cause : null
2023-09-20 10:42:37,049 [WARN] PackLoader:240 - Cannot read IP mode file for STMicroelectronics.X-CUBE-AZRTOS-L4.2.0.0
2023-09-20 10:42:37,050 [WARN] ConditionMgr:1039 - genDependencies : Invalid condition id : LAN8742 Phy interface Condition cause : null
2023-09-20 10:42:37,051 [WARN] ConditionMgr:1039 - genDependencies : Invalid condition id : LAN8742 Phy interface Condition cause : null
2023-09-20 10:42:37,051 [WARN] ConditionMgr:1039 - genDependencies : Invalid condition id : LAN8742 Phy interface Condition cause : null
2023-09-20 10:42:37,070 [WARN] PackLoader:240 - Cannot read IP mode file for STMicroelectronics.X-CUBE-SFXS2LP1.4.0.0
2023-09-20 10:42:37,088 [WARN] PackLoader:240 - Cannot read IP mode file for STMicroelectronics.X-CUBE-ISPU.1.1.0
2023-09-20 10:42:37,113 [WARN] ConditionMgr:438 - getConditionDescription Invalid condition id : UX DEVICE CLASS RTOS Condition cause : null
2023-09-20 10:42:37,113 [WARN] ConditionMgr:438 - getConditionDescription Invalid condition id : UX DEVICE CLASS RTOS Condition cause : null
2023-09-20 10:42:37,115 [WARN] PackLoader:240 - Cannot read IP mode file for STMicroelectronics.X-CUBE-AZRTOS-WB.2.0.0
2023-09-20 10:42:37,116 [WARN] ConditionMgr:1039 - genDependencies : Invalid condition id : UX DEVICE CLASS RTOS Condition cause : null
2023-09-20 10:42:37,116 [WARN] ConditionMgr:1039 - genDependencies : Invalid condition id : UX DEVICE CLASS RTOS Condition cause : null
2023-09-20 10:42:37,117 [WARN] ConditionMgr:1039 - genDependencies : Invalid condition id : UX DEVICE CLASS RTOS Condition cause : null
2023-09-20 10:42:37,117 [WARN] ConditionMgr:1039 - genDependencies : Invalid condition id : UX DEVICE CLASS RTOS Condition cause : null
2023-09-20 10:42:37,117 [WARN] ConditionMgr:1039 - genDependencies : Invalid condition id : UX DEVICE CLASS RTOS Condition cause : null
2023-09-20 10:42:37,138 [WARN] PackLoader:240 - Cannot read IP mode file for STMicroelectronics.X-CUBE-SUBG2.5.0.0
2023-09-20 10:42:37,162 [WARN] PackLoader:240 - Cannot read IP mode file for STMicroelectronics.X-CUBE-TOF1.3.3.1
2023-09-20 10:42:37,193 [WARN] PackLoader:240 - Cannot read IP mode file for STMicroelectronics.X-CUBE-AZRTOS-G4.2.0.0
2023-09-20 10:42:37,214 [WARN] PackLoader:240 - Cannot read IP mode file for STMicroelectronics.X-CUBE-FREERTOS.1.1.0
2023-09-20 10:42:37,239 [WARN] PackLoader:240 - Cannot read IP mode file for portGmbH.I-Cube-SoM-uGOAL.1.1.0
2023-09-20 10:42:37,265 [WARN] PackLoader:240 - Cannot read IP mode file for STMicroelectronics.X-CUBE-ALS.1.0.1
2023-09-20 10:42:37,345 [WARN] PackLoader:240 - Cannot read IP mode file for STMicroelectronics.FP-ATR-ASTRA1.2.0.0
2023-09-20 10:42:37,347 [INFO] ThirdParty:978 - Integrity check success = true
2023-09-20 10:42:37,347 [INFO] IntegrityCheckThread:100 - exiting critical section [integrity check]
2023-09-20 10:42:37,349 [INFO] IntegrityCheckThread:103 - End integrity checks thread
2023-09-20 10:42:37,653 [INFO] WebApp:157 - Instantiating new browser for Auth
2023-09-20 10:42:38,332 [INFO] WebApp:753 - Register for checkConnection events
2023-09-20 10:42:38,332 [INFO] WebApp:390 - Apply proxy settings
2023-09-20 10:42:38,332 [INFO] WebApp:475 - Chromium requires no authentication
2023-09-20 10:42:38,342 [INFO] WebApp:418 - Direct internet connection detected
2023-09-20 10:42:38,526 [INFO] WebApp:188 - Starting web application
2023-09-20 10:42:38,527 [INFO] WebApp:520 - Web application path used D:\STM32IDE\STM32CubeIDE_1.13.1\STM32CubeIDE\plugins\com.st.stm32cube.common.mx_6.9.2.202309101412\db\plugins\mcufinder\reactClient1\index.html
2023-09-20 10:42:48,036 [ERROR] LogOutputStream:75 - [STDERR_REDIRECT] SLF4J: Failed to load class "org.slf4j.impl.StaticLoggerBinder".
2023-09-20 10:42:48,037 [ERROR] LogOutputStream:75 - [STDERR_REDIRECT] SLF4J: Defaulting to no-operation (NOP) logger implementation
2023-09-20 10:42:48,038 [ERROR] LogOutputStream:75 - [STDERR_REDIRECT] SLF4J: See http://www.slf4j.org/codes.html#StaticLoggerBinder for further details.
2023-09-20 16:53:55,772 [ERROR] LogOutputStream:75 - [STDERR_REDIRECT] 
2023-09-20 17:12:52,295 [INFO] Activator:176 - 


2023-09-20 17:12:52,297 [INFO] Activator:177 - !SESSION log4j initialized
2023-09-20 17:12:58,120 [INFO] LogOutputStream:77 - [STDOUT_REDIRECT] 
2023-09-20 17:12:59,542 [INFO] ApplicationProperties:184 - Using Application install path: D:\STM32IDE\STM32CubeIDE_1.13.1\STM32CubeIDE\plugins\com.st.stm32cube.common.mx_6.9.2.202309101412
2023-09-20 17:12:59,557 [INFO] DbMcusXml:78 - Set database path to: D:\STM32IDE\STM32CubeIDE_1.13.1\STM32CubeIDE\plugins\com.st.stm32cube.common.mx_6.9.2.202309101412\\db\/mcu/
2023-09-20 17:12:59,557 [INFO] ApiDb:274 - Set plugin database path to: D:\STM32IDE\STM32CubeIDE_1.13.1\STM32CubeIDE\plugins\com.st.stm32cube.common.mx_6.9.2.202309101412\\db\/plugins/boardmanager/
2023-09-20 17:12:59,557 [WARN] ApiDb:259 - Overriding images path with different value:  => D:\STM32IDE\STM32CubeIDE_1.13.1\STM32CubeIDE\plugins\com.st.stm32cube.common.mx_6.9.2.202309101412\\db\/plugins/mcufinder/images/
2023-09-20 17:12:59,565 [INFO] ApiDb:250 - Set database path to: C:\Users\ARYAN\.stmcufinder\plugins\mcufinder//mcu/
2023-09-20 17:12:59,567 [INFO] DbMcusAds:125 - Set database path to: C:\Users\ARYAN\.stmcufinder\plugins\mcufinder//mcu/
2023-09-20 17:12:59,569 [INFO] CrossReferenceDbSqlite:203 - Set database path to: C:\Users\ARYAN\.stmcufinder\plugins\mcufinder//mcu/cs/
2023-09-20 17:12:59,661 [INFO] RulesReader:64 - Compatibility file has been processed (293 Rules)
2023-09-20 17:12:59,746 [INFO] DbMcusXml:78 - Set database path to: D:\STM32IDE\STM32CubeIDE_1.13.1\STM32CubeIDE\plugins\com.st.stm32cube.common.mx_6.9.2.202309101412\\db\/mcu/
2023-09-20 17:12:59,746 [INFO] ApiDb:274 - Set plugin database path to: D:\STM32IDE\STM32CubeIDE_1.13.1\STM32CubeIDE\plugins\com.st.stm32cube.common.mx_6.9.2.202309101412\\db\/plugins/boardmanager/
2023-09-20 17:12:59,746 [INFO] ApiDb:261 - Set plugin images path to: D:\STM32IDE\STM32CubeIDE_1.13.1\STM32CubeIDE\plugins\com.st.stm32cube.common.mx_6.9.2.202309101412\\db\/plugins/mcufinder/images/
2023-09-20 17:12:59,746 [WARN] DbFile:41 - Overriding database path with different value: C:\Users\ARYAN\.stmcufinder\plugins\mcufinder/ => C:\Users\ARYAN\.stmcufinder\plugins\mcufinder
2023-09-20 17:12:59,746 [INFO] ApiDb:250 - Set database path to: C:\Users\ARYAN\.stmcufinder\plugins\mcufinder//mcu/
2023-09-20 17:12:59,746 [WARN] DbFile:41 - Overriding database path with different value: C:\Users\ARYAN\.stmcufinder\plugins\mcufinder/ => C:\Users\ARYAN\.stmcufinder\plugins\mcufinder
2023-09-20 17:12:59,746 [INFO] DbMcusAds:125 - Set database path to: C:\Users\ARYAN\.stmcufinder\plugins\mcufinder//mcu/
2023-09-20 17:12:59,747 [WARN] DbFile:41 - Overriding database path with different value: C:\Users\ARYAN\.stmcufinder\plugins\mcufinder/ => C:\Users\ARYAN\.stmcufinder\plugins\mcufinder
2023-09-20 17:12:59,747 [WARN] DbFile:41 - Overriding database path with different value: C:\Users\ARYAN\.stmcufinder\plugins\mcufinder/ => C:\Users\ARYAN\.stmcufinder\plugins\mcufinder
2023-09-20 17:12:59,747 [INFO] CrossReferenceDbSqlite:203 - Set database path to: C:\Users\ARYAN\.stmcufinder\plugins\mcufinder//mcu/cs/
2023-09-20 17:12:59,810 [INFO] MainPanel:262 - HeapMemory: 268435456
2023-09-20 17:12:59,874 [INFO] DbMcusXml:78 - Set database path to: D:\STM32IDE\STM32CubeIDE_1.13.1\STM32CubeIDE\plugins\com.st.stm32cube.common.mx_6.9.2.202309101412\\db\/mcu/
2023-09-20 17:12:59,874 [INFO] ApiDb:274 - Set plugin database path to: D:\STM32IDE\STM32CubeIDE_1.13.1\STM32CubeIDE\plugins\com.st.stm32cube.common.mx_6.9.2.202309101412\\db\/plugins/boardmanager/
2023-09-20 17:12:59,874 [INFO] ApiDb:261 - Set plugin images path to: D:\STM32IDE\STM32CubeIDE_1.13.1\STM32CubeIDE\plugins\com.st.stm32cube.common.mx_6.9.2.202309101412\\db\/plugins/mcufinder/images/
2023-09-20 17:12:59,874 [WARN] DbFile:41 - Overriding database path with different value: C:\Users\ARYAN\.stmcufinder\plugins\mcufinder/ => C:\Users\ARYAN\.stmcufinder\plugins\mcufinder
2023-09-20 17:12:59,875 [INFO] ApiDb:250 - Set database path to: C:\Users\ARYAN\.stmcufinder\plugins\mcufinder//mcu/
2023-09-20 17:12:59,875 [WARN] DbFile:41 - Overriding database path with different value: C:\Users\ARYAN\.stmcufinder\plugins\mcufinder/ => C:\Users\ARYAN\.stmcufinder\plugins\mcufinder
2023-09-20 17:12:59,875 [INFO] DbMcusAds:125 - Set database path to: C:\Users\ARYAN\.stmcufinder\plugins\mcufinder//mcu/
2023-09-20 17:12:59,875 [WARN] DbFile:41 - Overriding database path with different value: C:\Users\ARYAN\.stmcufinder\plugins\mcufinder/ => C:\Users\ARYAN\.stmcufinder\plugins\mcufinder
2023-09-20 17:12:59,875 [WARN] DbFile:41 - Overriding database path with different value: C:\Users\ARYAN\.stmcufinder\plugins\mcufinder/ => C:\Users\ARYAN\.stmcufinder\plugins\mcufinder
2023-09-20 17:12:59,875 [INFO] CrossReferenceDbSqlite:203 - Set database path to: C:\Users\ARYAN\.stmcufinder\plugins\mcufinder//mcu/cs/
2023-09-20 17:12:59,891 [INFO] ApplicationProperties:184 - Using Application install path: D:\STM32IDE\STM32CubeIDE_1.13.1\STM32CubeIDE\plugins\com.st.stm32cube.common.mx_6.9.2.202309101412
2023-09-20 17:12:59,892 [INFO] PluginManage:196 - Search for loadable plugins [exclusion list=, ]
2023-09-20 17:12:59,894 [INFO] PluginManage:310 - Check plugin analytics
2023-09-20 17:13:00,042 [INFO] AnalyticsPlugin:253 - Accepted Software Licenses: 
2023-09-20 17:13:00,043 [INFO] AnalyticsPlugin:255 - Accepted CMSIS Pack Licenses: 
2023-09-20 17:13:00,043 [INFO] AnalyticsPlugin:257 - Accepted Firmware Licenses: 
2023-09-20 17:13:00,046 [INFO] PluginManage:359 - Loaded plugin analytics (category:tool,tabindex:-1)
2023-09-20 17:13:00,047 [INFO] PluginManage:310 - Check plugin cadmodel
2023-09-20 17:13:00,051 [INFO] CADModel:105 - Init CAD model plugin
2023-09-20 17:13:00,052 [INFO] PluginManage:359 - Loaded plugin cadmodel (category:power,tabindex:5)
2023-09-20 17:13:00,052 [INFO] PluginManage:310 - Check plugin clock
2023-09-20 17:13:00,065 [INFO] PluginManage:359 - Loaded plugin clock (category:base,tabindex:2)
2023-09-20 17:13:00,066 [INFO] PluginManage:310 - Check plugin ddr
2023-09-20 17:13:00,068 [INFO] PluginManage:359 - Loaded plugin ddr (category:tool,tabindex:6)
2023-09-20 17:13:00,068 [INFO] PluginManage:310 - Check plugin filemanager
2023-09-20 17:13:00,198 [INFO] PluginManage:359 - Loaded plugin filemanager (category:base,tabindex:10)
2023-09-20 17:13:00,198 [INFO] PluginManage:310 - Check plugin ipmanager
2023-09-20 17:13:00,205 [INFO] PluginManage:359 - Loaded plugin ipmanager (category:base,tabindex:5)
2023-09-20 17:13:00,206 [INFO] PluginManage:310 - Check plugin lpbam
2023-09-20 17:13:00,215 [INFO] PluginManage:359 - Loaded plugin lpbam (category:base,tabindex:0)
2023-09-20 17:13:00,216 [INFO] PluginManage:310 - Check plugin memorymap
2023-09-20 17:13:00,227 [INFO] PluginManage:359 - Loaded plugin memorymap (category:base,tabindex:4)
2023-09-20 17:13:00,227 [INFO] PluginManage:310 - Check plugin pinoutandconfiguration
2023-09-20 17:13:00,236 [INFO] PluginManage:359 - Loaded plugin pinoutandconfiguration (category:base,tabindex:1)
2023-09-20 17:13:00,236 [INFO] PluginManage:310 - Check plugin pinoutconfig
2023-09-20 17:13:00,336 [WARN] SupportedApi:132 - Cannot load RTOS API schema: s4s-elt-must-match.1: The content of 'definitions' must match (annotation?, (simpleType | complexType)?, (unique | key | keyref)*)). A problem was found starting at: attribute.
2023-09-20 17:13:00,468 [INFO] PluginManage:359 - Loaded plugin pinoutconfig (category:base,tabindex:0)
2023-09-20 17:13:00,468 [INFO] PluginManage:310 - Check plugin power
2023-09-20 17:13:00,478 [INFO] PluginManage:359 - Loaded plugin power (category:power,tabindex:4)
2023-09-20 17:13:00,478 [INFO] PluginManage:310 - Check plugin projectmanager
2023-09-20 17:13:00,491 [INFO] PluginManage:359 - Loaded plugin projectmanager (category:projectmanager,tabindex:3)
2023-09-20 17:13:00,491 [INFO] PluginManage:310 - Check plugin thirdparty
2023-09-20 17:13:00,613 [WARN] IntegrityCheckThread:84 - waiting for thirdparty lock release [integrity check]
2023-09-20 17:13:00,613 [INFO] IntegrityCheckThread:86 - entering critical section [integrity check]
2023-09-20 17:13:00,613 [INFO] PluginManage:359 - Loaded plugin thirdparty (category:base,tabindex:-1)
2023-09-20 17:13:00,613 [INFO] PluginManage:310 - Check plugin tools
2023-09-20 17:13:00,614 [INFO] ThirdPartyUpdaterWithRetryManager:70 - Updater plugin not ready yet. [1/15]
2023-09-20 17:13:00,618 [INFO] PluginManage:359 - Loaded plugin tools (category:base,tabindex:7)
2023-09-20 17:13:00,618 [INFO] PluginManage:310 - Check plugin tutovideos
2023-09-20 17:13:00,751 [INFO] PluginManage:359 - Loaded plugin tutovideos (category:base,tabindex:-1)
2023-09-20 17:13:00,751 [INFO] PluginManage:310 - Check plugin updater
2023-09-20 17:13:00,760 [INFO] PluginManage:359 - Loaded plugin updater (category:base,tabindex:12)
2023-09-20 17:13:00,760 [INFO] PluginManage:310 - Check plugin userauth
2023-09-20 17:13:00,765 [INFO] UserAuth:113 - Init User Auth plugin
2023-09-20 17:13:00,765 [INFO] PluginManage:359 - Loaded plugin userauth (category:base,tabindex:14)
2023-09-20 17:13:00,765 [INFO] PluginManage:283 - PluginManage : Loaded plugins [17]
2023-09-20 17:13:00,991 [INFO] PinOutPanel:1499 - setPackage(No Configuration,No Configuration)
2023-09-20 17:13:01,111 [INFO] CADModel:165 - CPN selected for project level
2023-09-20 17:13:01,111 [INFO] CADModel:114 - Register for checkConnection events
2023-09-20 17:13:01,129 [INFO] IPUIPlugin:80 - create IPUIPlugin
2023-09-20 17:13:01,130 [INFO] PluginManager:220 - loadIPPluginJar : add adc
2023-09-20 17:13:01,135 [INFO] IPUIPlugin:80 - create IPUIPlugin
2023-09-20 17:13:01,135 [INFO] PluginManager:220 - loadIPPluginJar : add aes
2023-09-20 17:13:01,139 [INFO] IPUIPlugin:80 - create IPUIPlugin
2023-09-20 17:13:01,139 [INFO] PluginManager:220 - loadIPPluginJar : add can
2023-09-20 17:13:01,141 [INFO] IPUIPlugin:80 - create IPUIPlugin
2023-09-20 17:13:01,141 [INFO] PluginManager:220 - loadIPPluginJar : add comp
2023-09-20 17:13:01,144 [INFO] IPUIPlugin:80 - create IPUIPlugin
2023-09-20 17:13:01,144 [INFO] PluginManager:220 - loadIPPluginJar : add cryp
2023-09-20 17:13:01,147 [INFO] IPUIPlugin:80 - create IPUIPlugin
2023-09-20 17:13:01,147 [INFO] PluginManager:220 - loadIPPluginJar : add dfsdm
2023-09-20 17:13:01,153 [INFO] IPUIPlugin:80 - create IPUIPlugin
2023-09-20 17:13:01,153 [INFO] PluginManager:220 - loadIPPluginJar : add dma
2023-09-20 17:13:01,156 [INFO] IPUIPlugin:80 - create IPUIPlugin
2023-09-20 17:13:01,156 [INFO] PluginManager:220 - loadIPPluginJar : add dma3
2023-09-20 17:13:01,158 [INFO] IPUIPlugin:80 - create IPUIPlugin
2023-09-20 17:13:01,158 [INFO] PluginManager:220 - loadIPPluginJar : add fatfs
2023-09-20 17:13:01,163 [INFO] IPUIPlugin:80 - create IPUIPlugin
2023-09-20 17:13:01,164 [INFO] PluginManager:220 - loadIPPluginJar : add fmc
2023-09-20 17:13:01,169 [INFO] IPUIPlugin:80 - create IPUIPlugin
2023-09-20 17:13:01,169 [INFO] PluginManager:220 - loadIPPluginJar : add freertos
2023-09-20 17:13:01,171 [INFO] IPUIPlugin:80 - create IPUIPlugin
2023-09-20 17:13:01,171 [INFO] PluginManager:220 - loadIPPluginJar : add genericplugin
2023-09-20 17:13:01,173 [INFO] IPUIPlugin:80 - create IPUIPlugin
2023-09-20 17:13:01,173 [INFO] PluginManager:220 - loadIPPluginJar : add gfxmmu
2023-09-20 17:13:01,178 [INFO] IPUIPlugin:80 - create IPUIPlugin
2023-09-20 17:13:01,179 [INFO] PluginManager:220 - loadIPPluginJar : add gic
2023-09-20 17:13:01,183 [INFO] IPUIPlugin:80 - create IPUIPlugin
2023-09-20 17:13:01,183 [INFO] PluginManager:220 - loadIPPluginJar : add gpio
2023-09-20 17:13:01,185 [INFO] IPUIPlugin:80 - create IPUIPlugin
2023-09-20 17:13:01,185 [INFO] PluginManager:220 - loadIPPluginJar : add gtzc
2023-09-20 17:13:01,188 [INFO] IPUIPlugin:80 - create IPUIPlugin
2023-09-20 17:13:01,188 [INFO] PluginManager:220 - loadIPPluginJar : add hash
2023-09-20 17:13:01,190 [INFO] IPUIPlugin:80 - create IPUIPlugin
2023-09-20 17:13:01,190 [INFO] PluginManager:220 - loadIPPluginJar : add i2c
2023-09-20 17:13:01,193 [INFO] IPUIPlugin:80 - create IPUIPlugin
2023-09-20 17:13:01,193 [INFO] PluginManager:220 - loadIPPluginJar : add i2s
2023-09-20 17:13:01,195 [INFO] IPUIPlugin:80 - create IPUIPlugin
2023-09-20 17:13:01,196 [INFO] PluginManager:220 - loadIPPluginJar : add i3c
2023-09-20 17:13:01,199 [INFO] IPUIPlugin:80 - create IPUIPlugin
2023-09-20 17:13:01,200 [INFO] PluginManager:220 - loadIPPluginJar : add ipddr
2023-09-20 17:13:01,207 [INFO] IPUIPlugin:80 - create IPUIPlugin
2023-09-20 17:13:01,207 [INFO] PluginManager:220 - loadIPPluginJar : add linkedlist
2023-09-20 17:13:01,210 [INFO] IPUIPlugin:80 - create IPUIPlugin
2023-09-20 17:13:01,210 [INFO] PluginManager:220 - loadIPPluginJar : add lorawan
2023-09-20 17:13:01,211 [INFO] IPUIPlugin:80 - create IPUIPlugin
2023-09-20 17:13:01,212 [INFO] PluginManager:220 - loadIPPluginJar : add ltdc
2023-09-20 17:13:01,217 [INFO] IPUIPlugin:80 - create IPUIPlugin
2023-09-20 17:13:01,218 [INFO] PluginManager:220 - loadIPPluginJar : add mdma
2023-09-20 17:13:01,222 [INFO] IPUIPlugin:80 - create IPUIPlugin
2023-09-20 17:13:01,222 [INFO] PluginManager:220 - loadIPPluginJar : add nvic
2023-09-20 17:13:01,224 [INFO] IPUIPlugin:80 - create IPUIPlugin
2023-09-20 17:13:01,224 [INFO] PluginManager:220 - loadIPPluginJar : add opamp
2023-09-20 17:13:01,226 [INFO] IPUIPlugin:80 - create IPUIPlugin
2023-09-20 17:13:01,227 [INFO] PluginManager:220 - loadIPPluginJar : add openamp
2023-09-20 17:13:01,229 [INFO] IPUIPlugin:80 - create IPUIPlugin
2023-09-20 17:13:01,229 [INFO] PluginManager:220 - loadIPPluginJar : add pdm2pcm
2023-09-20 17:13:01,235 [INFO] IPUIPlugin:80 - create IPUIPlugin
2023-09-20 17:13:01,237 [INFO] PluginManager:220 - loadIPPluginJar : add plateformsettings
2023-09-20 17:13:01,238 [INFO] IPUIPlugin:80 - create IPUIPlugin
2023-09-20 17:13:01,238 [INFO] PluginManager:220 - loadIPPluginJar : add quadspi
2023-09-20 17:13:01,241 [INFO] IPUIPlugin:80 - create IPUIPlugin
2023-09-20 17:13:01,241 [INFO] PluginManager:220 - loadIPPluginJar : add resmgrutility
2023-09-20 17:13:01,244 [INFO] IPUIPlugin:80 - create IPUIPlugin
2023-09-20 17:13:01,244 [INFO] PluginManager:220 - loadIPPluginJar : add sai
2023-09-20 17:13:01,246 [INFO] IPUIPlugin:80 - create IPUIPlugin
2023-09-20 17:13:01,246 [INFO] PluginManager:220 - loadIPPluginJar : add spi
2023-09-20 17:13:01,250 [INFO] IPUIPlugin:80 - create IPUIPlugin
2023-09-20 17:13:01,250 [INFO] PluginManager:220 - loadIPPluginJar : add stm32_wpan
2023-09-20 17:13:01,252 [INFO] IPUIPlugin:80 - create IPUIPlugin
2023-09-20 17:13:01,252 [INFO] PluginManager:220 - loadIPPluginJar : add tim
2023-09-20 17:13:01,255 [INFO] IPUIPlugin:80 - create IPUIPlugin
2023-09-20 17:13:01,255 [INFO] PluginManager:220 - loadIPPluginJar : add touchsensing
2023-09-20 17:13:01,257 [INFO] IPUIPlugin:80 - create IPUIPlugin
2023-09-20 17:13:01,257 [INFO] PluginManager:220 - loadIPPluginJar : add tracer_emb
2023-09-20 17:13:01,259 [INFO] IPUIPlugin:80 - create IPUIPlugin
2023-09-20 17:13:01,259 [INFO] PluginManager:220 - loadIPPluginJar : add ts
2023-09-20 17:13:01,260 [INFO] IPUIPlugin:80 - create IPUIPlugin
2023-09-20 17:13:01,261 [INFO] PluginManager:220 - loadIPPluginJar : add tsc
2023-09-20 17:13:01,263 [INFO] IPUIPlugin:80 - create IPUIPlugin
2023-09-20 17:13:01,263 [INFO] PluginManager:220 - loadIPPluginJar : add ucpd
2023-09-20 17:13:01,265 [INFO] IPUIPlugin:80 - create IPUIPlugin
2023-09-20 17:13:01,266 [INFO] PluginManager:220 - loadIPPluginJar : add usart
2023-09-20 17:13:01,268 [INFO] IPUIPlugin:80 - create IPUIPlugin
2023-09-20 17:13:01,268 [INFO] PluginManager:220 - loadIPPluginJar : add usbx
2023-09-20 17:13:01,393 [INFO] CADModel:165 - CPN selected for project level
2023-09-20 17:13:01,393 [INFO] CADModel:114 - Register for checkConnection events
2023-09-20 17:13:01,393 [FATAL] Updater:308 - Updater called before beeing initialized
2023-09-20 17:13:01,393 [ERROR] CADModel:125 - Updater not yet initialized, retry later 
2023-09-20 17:13:01,528 [INFO] CADModel:165 - CPN selected for project level
2023-09-20 17:13:01,528 [INFO] CADModel:114 - Register for checkConnection events
2023-09-20 17:13:01,528 [FATAL] Updater:308 - Updater called before beeing initialized
2023-09-20 17:13:01,528 [ERROR] CADModel:125 - Updater not yet initialized, retry later 
2023-09-20 17:13:01,531 [FATAL] Updater:308 - Updater called before beeing initialized
2023-09-20 17:13:01,628 [FATAL] Updater:308 - Updater called before beeing initialized
2023-09-20 17:13:01,633 [INFO] DbMcusAds:53 - JSON generation date=Tue Mar 07 14:20:55 IST 2023 (1678179055114)
2023-09-20 17:13:01,634 [FATAL] Updater:308 - Updater called before beeing initialized
2023-09-20 17:13:01,664 [WARN] DetailPanel:346 - Failed to get advertising image, set to default
2023-09-20 17:13:01,747 [FATAL] Updater:308 - Updater called before beeing initialized
2023-09-20 17:13:01,748 [FATAL] Updater:308 - Updater called before beeing initialized
2023-09-20 17:13:01,749 [FATAL] Updater:308 - Updater called before beeing initialized
2023-09-20 17:13:01,749 [WARN] DetailPanel:346 - Failed to get advertising image, set to default
2023-09-20 17:13:01,749 [FATAL] Updater:308 - Updater called before beeing initialized
2023-09-20 17:13:01,787 [ERROR] Updater:1120 - MainUpdater not yet initialized. External WinMGr cannot be set.
2023-09-20 17:13:01,789 [INFO] Updater:1056 - Updater Version found : 6.9.2
2023-09-20 17:13:01,807 [INFO] ApplicationProperties:184 - Using Application install path: D:\STM32IDE\STM32CubeIDE_1.13.1\STM32CubeIDE\plugins\com.st.stm32cube.common.mx_6.9.2.202309101412
2023-09-20 17:13:02,377 [INFO] MainUpdater:2868 - connection check result : 10
2023-09-20 17:13:02,378 [INFO] MainUpdater:285 - Updater Check For Update Now.
2023-09-20 17:13:02,378 [INFO] MicroXplorer:498 - Change Database Version : DB.6.0.92
2023-09-20 17:13:02,383 [INFO] McuFinderGlobals:63 - Set McuFinder mode to 2 (CubeIDE integrated)
2023-09-20 17:13:02,384 [INFO] UserAuth:179 - activating auth plugin
2023-09-20 17:13:02,387 [INFO] UserAuth:393 - Internet connection configuration mode: 1
2023-09-20 17:13:02,428 [INFO] JxBrowserEngine:151 - Initiate JxBrowser Engine with user profile folder
2023-09-20 17:13:02,556 [INFO] CheckServerUpdateThread:120 - End of CheckServer Thread
2023-09-20 17:13:03,011 [INFO] WebApp:157 - Instantiating new browser for Auth
2023-09-20 17:13:03,437 [INFO] WebApp:753 - Register for checkConnection events
2023-09-20 17:13:03,437 [INFO] WebApp:390 - Apply proxy settings
2023-09-20 17:13:03,438 [INFO] WebApp:475 - Chromium requires no authentication
2023-09-20 17:13:03,442 [INFO] WebApp:418 - Direct internet connection detected
2023-09-20 17:13:03,556 [INFO] WebApp:188 - Starting web application
2023-09-20 17:13:03,556 [INFO] WebApp:520 - Web application path used D:\STM32IDE\STM32CubeIDE_1.13.1\STM32CubeIDE\plugins\com.st.stm32cube.common.mx_6.9.2.202309101412\db\plugins\mcufinder\reactClient1\index.html
2023-09-20 17:13:03,734 [WARN] PackLoader:240 - Cannot read IP mode file for STMicroelectronics.X-CUBE-SMBUS.2.1.0
2023-09-20 17:13:03,765 [WARN] PackLoader:240 - Cannot read IP mode file for STMicroelectronics.X-CUBE-AZRTOS-F7.1.1.0
2023-09-20 17:13:03,777 [WARN] PackLoader:240 - Cannot read IP mode file for STMicroelectronics.FP-SNS-MOTENV1.4.3.2
2023-09-20 17:13:03,785 [WARN] PackLoader:240 - Cannot read IP mode file for STMicroelectronics.FP-SNS-FLIGHT1.5.0.2
2023-09-20 17:13:03,797 [WARN] PackLoader:240 - Cannot read IP mode file for STMicroelectronics.X-CUBE-DISPLAY.3.0.0
2023-09-20 17:13:03,816 [WARN] PackLoader:240 - Cannot read IP mode file for STMicroelectronics.X-CUBE-BLE1.7.0.0
2023-09-20 17:13:03,823 [WARN] PackLoader:240 - Cannot read IP mode file for emotas.I-CUBE-CANOPEN.1.3.0
2023-09-20 17:13:03,831 [WARN] PackLoader:240 - Cannot read IP mode file for STMicroelectronics.X-CUBE-TOUCHGFX.4.22.0
2023-09-20 17:13:03,836 [WARN] PackLoader:240 - Cannot read IP mode file for STMicroelectronics.FP-SNS-SMARTAG2.1.2.0
2023-09-20 17:13:03,851 [INFO] LogOutputStream:77 - [STDOUT_REDIRECT] 1 : Invalid condition id : UX_CORESTACK_Condition cause : null
2023-09-20 17:13:03,852 [INFO] LogOutputStream:77 - [STDOUT_REDIRECT] 1 : Invalid condition id : UX_CORESTACK_Condition cause : null
2023-09-20 17:13:03,854 [INFO] LogOutputStream:77 - [STDOUT_REDIRECT] 1 : Invalid condition id : UX_CORESTACK_Condition cause : null
2023-09-20 17:13:03,856 [INFO] LogOutputStream:77 - [STDOUT_REDIRECT] 1 : Invalid condition id : UX_CORESTACK_Condition cause : null
2023-09-20 17:13:03,857 [INFO] LogOutputStream:77 - [STDOUT_REDIRECT] 1 : Invalid condition id : UX_CORESTACK_Condition cause : null
2023-09-20 17:13:03,860 [WARN] PackLoader:240 - Cannot read IP mode file for STMicroelectronics.X-CUBE-AZRTOS-WL.2.0.0
2023-09-20 17:13:03,875 [WARN] PackLoader:240 - Cannot read IP mode file for WES.I-CUBE-Cesium.1.3.0
2023-09-20 17:13:03,881 [WARN] PackLoader:240 - Cannot read IP mode file for STMicroelectronics.X-CUBE-BLE2.3.3.0
2023-09-20 17:13:03,888 [WARN] PackLoader:240 - Cannot read IP mode file for STMicroelectronics.X-CUBE-ALGOBUILD.1.3.0
2023-09-20 17:13:03,918 [WARN] PackLoader:240 - Cannot read IP mode file for STMicroelectronics.X-CUBE-AZRTOS-G0.1.1.0
2023-09-20 17:13:03,929 [WARN] PackLoader:240 - Cannot read IP mode file for STMicroelectronics.X-CUBE-NFC4.3.0.0
2023-09-20 17:13:03,937 [WARN] PackLoader:240 - Cannot read IP mode file for STMicroelectronics.FP-ATR-SIGFOX1.3.2.0
2023-09-20 17:13:04,003 [WARN] PackLoader:240 - Cannot read IP mode file for SEGGER.I-CUBE-embOS.1.3.1
2023-09-20 17:13:04,042 [WARN] PackLoader:240 - Cannot read IP mode file for STMicroelectronics.X-CUBE-GNSS1.6.0.0
2023-09-20 17:13:04,058 [WARN] PackLoader:240 - Cannot read IP mode file for STMicroelectronics.X-CUBE-AZRTOS-F4.1.1.0
2023-09-20 17:13:04,065 [WARN] PackLoader:240 - Cannot read IP mode file for wolfSSL.I-CUBE-wolfSSL.5.6.3
2023-09-20 17:13:04,084 [WARN] PackLoader:240 - Cannot read IP mode file for STMicroelectronics.X-CUBE-AZRTOS-L5.2.0.0
2023-09-20 17:13:04,119 [WARN] PackLoader:240 - Cannot read IP mode file for STMicroelectronics.X-CUBE-MEMS1.9.6.0
2023-09-20 17:13:04,339 [WARN] PackLoader:240 - Cannot read IP mode file for STMicroelectronics.X-CUBE-BLEMGR.2.0.0
2023-09-20 17:13:04,353 [WARN] ConditionMgr:438 - getConditionDescription Invalid condition id : UX DEVICE CLASS RTOS Condition cause : null
2023-09-20 17:13:04,353 [WARN] ConditionMgr:438 - getConditionDescription Invalid condition id : UX DEVICE CLASS RTOS Condition cause : null
2023-09-20 17:13:04,356 [WARN] PackLoader:240 - Cannot read IP mode file for STMicroelectronics.X-CUBE-AZRTOS-H7.3.1.0
2023-09-20 17:13:04,357 [WARN] ConditionMgr:1039 - genDependencies : Invalid condition id : UX DEVICE CLASS RTOS Condition cause : null
2023-09-20 17:13:04,358 [WARN] ConditionMgr:1039 - genDependencies : Invalid condition id : UX DEVICE CLASS RTOS Condition cause : null
2023-09-20 17:13:04,359 [WARN] ConditionMgr:1039 - genDependencies : Invalid condition id : UX DEVICE CLASS RTOS Condition cause : null
2023-09-20 17:13:04,359 [WARN] ConditionMgr:1039 - genDependencies : Invalid condition id : UX DEVICE CLASS RTOS Condition cause : null
2023-09-20 17:13:04,360 [WARN] ConditionMgr:1039 - genDependencies : Invalid condition id : UX DEVICE CLASS RTOS Condition cause : null
2023-09-20 17:13:04,366 [WARN] PackLoader:240 - Cannot read IP mode file for STMicroelectronics.X-CUBE-NFC7.1.0.1
2023-09-20 17:13:04,375 [WARN] PackLoader:240 - Cannot read IP mode file for STMicroelectronics.X-CUBE-NFC6.3.0.0
2023-09-20 17:13:04,381 [WARN] PackLoader:240 - Cannot read IP mode file for STMicroelectronics.X-CUBE-EEPRMA1.4.1.0
2023-09-20 17:13:04,386 [WARN] PackLoader:240 - Cannot read IP mode file for STMicroelectronics.X-CUBE-AI.8.1.0
2023-09-20 17:13:04,401 [WARN] ConditionMgr:438 - getConditionDescription Invalid condition id : LAN8742 Phy interface Condition cause : null
2023-09-20 17:13:04,402 [WARN] PackLoader:240 - Cannot read IP mode file for STMicroelectronics.X-CUBE-AZRTOS-L4.2.0.0
2023-09-20 17:13:04,404 [WARN] ConditionMgr:1039 - genDependencies : Invalid condition id : LAN8742 Phy interface Condition cause : null
2023-09-20 17:13:04,404 [WARN] ConditionMgr:1039 - genDependencies : Invalid condition id : LAN8742 Phy interface Condition cause : null
2023-09-20 17:13:04,405 [WARN] ConditionMgr:1039 - genDependencies : Invalid condition id : LAN8742 Phy interface Condition cause : null
2023-09-20 17:13:04,413 [WARN] PackLoader:240 - Cannot read IP mode file for STMicroelectronics.X-CUBE-SFXS2LP1.4.0.0
2023-09-20 17:13:04,420 [WARN] PackLoader:240 - Cannot read IP mode file for STMicroelectronics.X-CUBE-ISPU.1.1.0
2023-09-20 17:13:04,435 [WARN] ConditionMgr:438 - getConditionDescription Invalid condition id : UX DEVICE CLASS RTOS Condition cause : null
2023-09-20 17:13:04,437 [WARN] ConditionMgr:438 - getConditionDescription Invalid condition id : UX DEVICE CLASS RTOS Condition cause : null
2023-09-20 17:13:04,440 [WARN] PackLoader:240 - Cannot read IP mode file for STMicroelectronics.X-CUBE-AZRTOS-WB.2.0.0
2023-09-20 17:13:04,441 [WARN] ConditionMgr:1039 - genDependencies : Invalid condition id : UX DEVICE CLASS RTOS Condition cause : null
2023-09-20 17:13:04,441 [WARN] ConditionMgr:1039 - genDependencies : Invalid condition id : UX DEVICE CLASS RTOS Condition cause : null
2023-09-20 17:13:04,442 [WARN] ConditionMgr:1039 - genDependencies : Invalid condition id : UX DEVICE CLASS RTOS Condition cause : null
2023-09-20 17:13:04,444 [WARN] ConditionMgr:1039 - genDependencies : Invalid condition id : UX DEVICE CLASS RTOS Condition cause : null
2023-09-20 17:13:04,444 [WARN] ConditionMgr:1039 - genDependencies : Invalid condition id : UX DEVICE CLASS RTOS Condition cause : null
2023-09-20 17:13:04,462 [WARN] PackLoader:240 - Cannot read IP mode file for STMicroelectronics.X-CUBE-SUBG2.5.0.0
2023-09-20 17:13:04,482 [WARN] PackLoader:240 - Cannot read IP mode file for STMicroelectronics.X-CUBE-TOF1.3.3.1
2023-09-20 17:13:04,511 [WARN] PackLoader:240 - Cannot read IP mode file for STMicroelectronics.X-CUBE-AZRTOS-G4.2.0.0
2023-09-20 17:13:04,519 [WARN] PackLoader:240 - Cannot read IP mode file for STMicroelectronics.X-CUBE-FREERTOS.1.1.0
2023-09-20 17:13:04,545 [WARN] PackLoader:240 - Cannot read IP mode file for portGmbH.I-Cube-SoM-uGOAL.1.1.0
2023-09-20 17:13:04,569 [WARN] PackLoader:240 - Cannot read IP mode file for STMicroelectronics.X-CUBE-ALS.1.0.1
2023-09-20 17:13:04,587 [WARN] PackLoader:240 - Cannot read IP mode file for STMicroelectronics.FP-ATR-ASTRA1.2.0.0
2023-09-20 17:13:04,589 [INFO] ThirdParty:978 - Integrity check success = true
2023-09-20 17:13:04,591 [INFO] IntegrityCheckThread:100 - exiting critical section [integrity check]
2023-09-20 17:13:04,592 [INFO] IntegrityCheckThread:103 - End integrity checks thread
2023-09-20 17:13:19,697 [ERROR] LogOutputStream:75 - [STDERR_REDIRECT] SLF4J: Failed to load class "org.slf4j.impl.StaticLoggerBinder".
2023-09-20 17:13:19,698 [ERROR] LogOutputStream:75 - [STDERR_REDIRECT] SLF4J: Defaulting to no-operation (NOP) logger implementation
2023-09-20 17:13:19,699 [ERROR] LogOutputStream:75 - [STDERR_REDIRECT] SLF4J: See http://www.slf4j.org/codes.html#StaticLoggerBinder for further details.
2023-09-20 17:58:01,193 [ERROR] LogOutputStream:75 - [STDERR_REDIRECT] 
2023-09-20 20:55:24,644 [INFO] Activator:176 - 


2023-09-20 20:55:24,646 [INFO] Activator:177 - !SESSION log4j initialized
2023-09-20 20:55:31,278 [INFO] LogOutputStream:77 - [STDOUT_REDIRECT] 
2023-09-20 20:55:34,105 [INFO] ApplicationProperties:184 - Using Application install path: D:\STM32IDE\STM32CubeIDE_1.13.1\STM32CubeIDE\plugins\com.st.stm32cube.common.mx_6.9.2.202309101412
2023-09-20 20:55:34,127 [INFO] DbMcusXml:78 - Set database path to: D:\STM32IDE\STM32CubeIDE_1.13.1\STM32CubeIDE\plugins\com.st.stm32cube.common.mx_6.9.2.202309101412\\db\/mcu/
2023-09-20 20:55:34,128 [INFO] ApiDb:274 - Set plugin database path to: D:\STM32IDE\STM32CubeIDE_1.13.1\STM32CubeIDE\plugins\com.st.stm32cube.common.mx_6.9.2.202309101412\\db\/plugins/boardmanager/
2023-09-20 20:55:34,128 [WARN] ApiDb:259 - Overriding images path with different value:  => D:\STM32IDE\STM32CubeIDE_1.13.1\STM32CubeIDE\plugins\com.st.stm32cube.common.mx_6.9.2.202309101412\\db\/plugins/mcufinder/images/
2023-09-20 20:55:34,149 [INFO] ApiDb:250 - Set database path to: C:\Users\ARYAN\.stmcufinder\plugins\mcufinder//mcu/
2023-09-20 20:55:34,150 [INFO] DbMcusAds:125 - Set database path to: C:\Users\ARYAN\.stmcufinder\plugins\mcufinder//mcu/
2023-09-20 20:55:34,152 [INFO] CrossReferenceDbSqlite:203 - Set database path to: C:\Users\ARYAN\.stmcufinder\plugins\mcufinder//mcu/cs/
2023-09-20 20:55:34,289 [INFO] RulesReader:64 - Compatibility file has been processed (293 Rules)
2023-09-20 20:55:34,410 [INFO] DbMcusXml:78 - Set database path to: D:\STM32IDE\STM32CubeIDE_1.13.1\STM32CubeIDE\plugins\com.st.stm32cube.common.mx_6.9.2.202309101412\\db\/mcu/
2023-09-20 20:55:34,411 [INFO] ApiDb:274 - Set plugin database path to: D:\STM32IDE\STM32CubeIDE_1.13.1\STM32CubeIDE\plugins\com.st.stm32cube.common.mx_6.9.2.202309101412\\db\/plugins/boardmanager/
2023-09-20 20:55:34,411 [INFO] ApiDb:261 - Set plugin images path to: D:\STM32IDE\STM32CubeIDE_1.13.1\STM32CubeIDE\plugins\com.st.stm32cube.common.mx_6.9.2.202309101412\\db\/plugins/mcufinder/images/
2023-09-20 20:55:34,411 [WARN] DbFile:41 - Overriding database path with different value: C:\Users\ARYAN\.stmcufinder\plugins\mcufinder/ => C:\Users\ARYAN\.stmcufinder\plugins\mcufinder
2023-09-20 20:55:34,412 [INFO] ApiDb:250 - Set database path to: C:\Users\ARYAN\.stmcufinder\plugins\mcufinder//mcu/
2023-09-20 20:55:34,412 [WARN] DbFile:41 - Overriding database path with different value: C:\Users\ARYAN\.stmcufinder\plugins\mcufinder/ => C:\Users\ARYAN\.stmcufinder\plugins\mcufinder
2023-09-20 20:55:34,412 [INFO] DbMcusAds:125 - Set database path to: C:\Users\ARYAN\.stmcufinder\plugins\mcufinder//mcu/
2023-09-20 20:55:34,412 [WARN] DbFile:41 - Overriding database path with different value: C:\Users\ARYAN\.stmcufinder\plugins\mcufinder/ => C:\Users\ARYAN\.stmcufinder\plugins\mcufinder
2023-09-20 20:55:34,412 [WARN] DbFile:41 - Overriding database path with different value: C:\Users\ARYAN\.stmcufinder\plugins\mcufinder/ => C:\Users\ARYAN\.stmcufinder\plugins\mcufinder
2023-09-20 20:55:34,412 [INFO] CrossReferenceDbSqlite:203 - Set database path to: C:\Users\ARYAN\.stmcufinder\plugins\mcufinder//mcu/cs/
2023-09-20 20:55:34,504 [INFO] MainPanel:262 - HeapMemory: 268435456
2023-09-20 20:55:34,611 [INFO] DbMcusXml:78 - Set database path to: D:\STM32IDE\STM32CubeIDE_1.13.1\STM32CubeIDE\plugins\com.st.stm32cube.common.mx_6.9.2.202309101412\\db\/mcu/
2023-09-20 20:55:34,611 [INFO] ApiDb:274 - Set plugin database path to: D:\STM32IDE\STM32CubeIDE_1.13.1\STM32CubeIDE\plugins\com.st.stm32cube.common.mx_6.9.2.202309101412\\db\/plugins/boardmanager/
2023-09-20 20:55:34,611 [INFO] ApiDb:261 - Set plugin images path to: D:\STM32IDE\STM32CubeIDE_1.13.1\STM32CubeIDE\plugins\com.st.stm32cube.common.mx_6.9.2.202309101412\\db\/plugins/mcufinder/images/
2023-09-20 20:55:34,611 [WARN] DbFile:41 - Overriding database path with different value: C:\Users\ARYAN\.stmcufinder\plugins\mcufinder/ => C:\Users\ARYAN\.stmcufinder\plugins\mcufinder
2023-09-20 20:55:34,611 [INFO] ApiDb:250 - Set database path to: C:\Users\ARYAN\.stmcufinder\plugins\mcufinder//mcu/
2023-09-20 20:55:34,612 [WARN] DbFile:41 - Overriding database path with different value: C:\Users\ARYAN\.stmcufinder\plugins\mcufinder/ => C:\Users\ARYAN\.stmcufinder\plugins\mcufinder
2023-09-20 20:55:34,612 [INFO] DbMcusAds:125 - Set database path to: C:\Users\ARYAN\.stmcufinder\plugins\mcufinder//mcu/
2023-09-20 20:55:34,612 [WARN] DbFile:41 - Overriding database path with different value: C:\Users\ARYAN\.stmcufinder\plugins\mcufinder/ => C:\Users\ARYAN\.stmcufinder\plugins\mcufinder
2023-09-20 20:55:34,612 [WARN] DbFile:41 - Overriding database path with different value: C:\Users\ARYAN\.stmcufinder\plugins\mcufinder/ => C:\Users\ARYAN\.stmcufinder\plugins\mcufinder
2023-09-20 20:55:34,612 [INFO] CrossReferenceDbSqlite:203 - Set database path to: C:\Users\ARYAN\.stmcufinder\plugins\mcufinder//mcu/cs/
2023-09-20 20:55:34,633 [INFO] ApplicationProperties:184 - Using Application install path: D:\STM32IDE\STM32CubeIDE_1.13.1\STM32CubeIDE\plugins\com.st.stm32cube.common.mx_6.9.2.202309101412
2023-09-20 20:55:34,635 [INFO] PluginManage:196 - Search for loadable plugins [exclusion list=, ]
2023-09-20 20:55:34,637 [INFO] PluginManage:310 - Check plugin analytics
2023-09-20 20:55:34,816 [INFO] AnalyticsPlugin:253 - Accepted Software Licenses: STM32CubeMX.6.9.2
2023-09-20 20:55:34,817 [INFO] AnalyticsPlugin:255 - Accepted CMSIS Pack Licenses: 
2023-09-20 20:55:34,817 [INFO] AnalyticsPlugin:257 - Accepted Firmware Licenses: FW.F4.1.27.0
2023-09-20 20:55:34,823 [INFO] PluginManage:359 - Loaded plugin analytics (category:tool,tabindex:-1)
2023-09-20 20:55:34,823 [INFO] PluginManage:310 - Check plugin cadmodel
2023-09-20 20:55:34,837 [INFO] CADModel:105 - Init CAD model plugin
2023-09-20 20:55:34,837 [INFO] PluginManage:359 - Loaded plugin cadmodel (category:power,tabindex:5)
2023-09-20 20:55:34,837 [INFO] PluginManage:310 - Check plugin clock
2023-09-20 20:55:34,858 [INFO] PluginManage:359 - Loaded plugin clock (category:base,tabindex:2)
2023-09-20 20:55:34,858 [INFO] PluginManage:310 - Check plugin ddr
2023-09-20 20:55:34,862 [INFO] PluginManage:359 - Loaded plugin ddr (category:tool,tabindex:6)
2023-09-20 20:55:34,862 [INFO] PluginManage:310 - Check plugin filemanager
2023-09-20 20:55:35,011 [INFO] PluginManage:359 - Loaded plugin filemanager (category:base,tabindex:10)
2023-09-20 20:55:35,011 [INFO] PluginManage:310 - Check plugin ipmanager
2023-09-20 20:55:35,019 [INFO] PluginManage:359 - Loaded plugin ipmanager (category:base,tabindex:5)
2023-09-20 20:55:35,019 [INFO] PluginManage:310 - Check plugin lpbam
2023-09-20 20:55:35,035 [INFO] PluginManage:359 - Loaded plugin lpbam (category:base,tabindex:0)
2023-09-20 20:55:35,035 [INFO] PluginManage:310 - Check plugin memorymap
2023-09-20 20:55:35,057 [INFO] PluginManage:359 - Loaded plugin memorymap (category:base,tabindex:4)
2023-09-20 20:55:35,057 [INFO] PluginManage:310 - Check plugin pinoutandconfiguration
2023-09-20 20:55:35,073 [INFO] PluginManage:359 - Loaded plugin pinoutandconfiguration (category:base,tabindex:1)
2023-09-20 20:55:35,073 [INFO] PluginManage:310 - Check plugin pinoutconfig
2023-09-20 20:55:35,176 [WARN] SupportedApi:132 - Cannot load RTOS API schema: s4s-elt-must-match.1: The content of 'definitions' must match (annotation?, (simpleType | complexType)?, (unique | key | keyref)*)). A problem was found starting at: attribute.
2023-09-20 20:55:35,323 [INFO] PluginManage:359 - Loaded plugin pinoutconfig (category:base,tabindex:0)
2023-09-20 20:55:35,323 [INFO] PluginManage:310 - Check plugin power
2023-09-20 20:55:35,342 [INFO] PluginManage:359 - Loaded plugin power (category:power,tabindex:4)
2023-09-20 20:55:35,342 [INFO] PluginManage:310 - Check plugin projectmanager
2023-09-20 20:55:35,356 [INFO] PluginManage:359 - Loaded plugin projectmanager (category:projectmanager,tabindex:3)
2023-09-20 20:55:35,356 [INFO] PluginManage:310 - Check plugin thirdparty
2023-09-20 20:55:35,620 [INFO] PluginManage:359 - Loaded plugin thirdparty (category:base,tabindex:-1)
2023-09-20 20:55:35,620 [INFO] PluginManage:310 - Check plugin tools
2023-09-20 20:55:35,620 [WARN] IntegrityCheckThread:84 - waiting for thirdparty lock release [integrity check]
2023-09-20 20:55:35,620 [INFO] IntegrityCheckThread:86 - entering critical section [integrity check]
2023-09-20 20:55:35,621 [INFO] ThirdPartyUpdaterWithRetryManager:70 - Updater plugin not ready yet. [1/15]
2023-09-20 20:55:35,649 [INFO] PluginManage:359 - Loaded plugin tools (category:base,tabindex:7)
2023-09-20 20:55:35,649 [INFO] PluginManage:310 - Check plugin tutovideos
2023-09-20 20:55:35,854 [INFO] PluginManage:359 - Loaded plugin tutovideos (category:base,tabindex:-1)
2023-09-20 20:55:35,854 [INFO] PluginManage:310 - Check plugin updater
2023-09-20 20:55:35,867 [INFO] PluginManage:359 - Loaded plugin updater (category:base,tabindex:12)
2023-09-20 20:55:35,867 [INFO] PluginManage:310 - Check plugin userauth
2023-09-20 20:55:35,875 [INFO] UserAuth:113 - Init User Auth plugin
2023-09-20 20:55:35,875 [INFO] PluginManage:359 - Loaded plugin userauth (category:base,tabindex:14)
2023-09-20 20:55:35,875 [INFO] PluginManage:283 - PluginManage : Loaded plugins [17]
2023-09-20 20:55:36,173 [INFO] PinOutPanel:1499 - setPackage(No Configuration,No Configuration)
2023-09-20 20:55:36,341 [INFO] CADModel:165 - CPN selected for project level
2023-09-20 20:55:36,341 [INFO] CADModel:114 - Register for checkConnection events
2023-09-20 20:55:36,377 [INFO] IPUIPlugin:80 - create IPUIPlugin
2023-09-20 20:55:36,377 [INFO] PluginManager:220 - loadIPPluginJar : add adc
2023-09-20 20:55:36,409 [INFO] IPUIPlugin:80 - create IPUIPlugin
2023-09-20 20:55:36,409 [INFO] PluginManager:220 - loadIPPluginJar : add aes
2023-09-20 20:55:36,455 [INFO] IPUIPlugin:80 - create IPUIPlugin
2023-09-20 20:55:36,456 [INFO] PluginManager:220 - loadIPPluginJar : add can
2023-09-20 20:55:36,478 [INFO] IPUIPlugin:80 - create IPUIPlugin
2023-09-20 20:55:36,478 [INFO] PluginManager:220 - loadIPPluginJar : add comp
2023-09-20 20:55:36,509 [INFO] IPUIPlugin:80 - create IPUIPlugin
2023-09-20 20:55:36,509 [INFO] PluginManager:220 - loadIPPluginJar : add cryp
2023-09-20 20:55:36,536 [INFO] IPUIPlugin:80 - create IPUIPlugin
2023-09-20 20:55:36,536 [INFO] PluginManager:220 - loadIPPluginJar : add dfsdm
2023-09-20 20:55:36,550 [INFO] IPUIPlugin:80 - create IPUIPlugin
2023-09-20 20:55:36,551 [INFO] PluginManager:220 - loadIPPluginJar : add dma
2023-09-20 20:55:36,587 [INFO] IPUIPlugin:80 - create IPUIPlugin
2023-09-20 20:55:36,588 [INFO] PluginManager:220 - loadIPPluginJar : add dma3
2023-09-20 20:55:36,605 [INFO] IPUIPlugin:80 - create IPUIPlugin
2023-09-20 20:55:36,605 [INFO] PluginManager:220 - loadIPPluginJar : add fatfs
2023-09-20 20:55:36,643 [INFO] IPUIPlugin:80 - create IPUIPlugin
2023-09-20 20:55:36,643 [INFO] PluginManager:220 - loadIPPluginJar : add fmc
2023-09-20 20:55:36,656 [INFO] IPUIPlugin:80 - create IPUIPlugin
2023-09-20 20:55:36,656 [INFO] PluginManager:220 - loadIPPluginJar : add freertos
2023-09-20 20:55:36,675 [INFO] IPUIPlugin:80 - create IPUIPlugin
2023-09-20 20:55:36,675 [INFO] PluginManager:220 - loadIPPluginJar : add genericplugin
2023-09-20 20:55:36,780 [INFO] IPUIPlugin:80 - create IPUIPlugin
2023-09-20 20:55:36,781 [INFO] PluginManager:220 - loadIPPluginJar : add gfxmmu
2023-09-20 20:55:36,930 [INFO] IPUIPlugin:80 - create IPUIPlugin
2023-09-20 20:55:36,930 [INFO] PluginManager:220 - loadIPPluginJar : add gic
2023-09-20 20:55:36,942 [INFO] IPUIPlugin:80 - create IPUIPlugin
2023-09-20 20:55:36,942 [INFO] PluginManager:220 - loadIPPluginJar : add gpio
2023-09-20 20:55:37,015 [INFO] IPUIPlugin:80 - create IPUIPlugin
2023-09-20 20:55:37,015 [INFO] PluginManager:220 - loadIPPluginJar : add gtzc
2023-09-20 20:55:37,042 [INFO] IPUIPlugin:80 - create IPUIPlugin
2023-09-20 20:55:37,042 [INFO] PluginManager:220 - loadIPPluginJar : add hash
2023-09-20 20:55:37,085 [INFO] IPUIPlugin:80 - create IPUIPlugin
2023-09-20 20:55:37,085 [INFO] PluginManager:220 - loadIPPluginJar : add i2c
2023-09-20 20:55:37,118 [INFO] IPUIPlugin:80 - create IPUIPlugin
2023-09-20 20:55:37,118 [INFO] PluginManager:220 - loadIPPluginJar : add i2s
2023-09-20 20:55:37,151 [INFO] IPUIPlugin:80 - create IPUIPlugin
2023-09-20 20:55:37,151 [INFO] PluginManager:220 - loadIPPluginJar : add i3c
2023-09-20 20:55:37,237 [INFO] IPUIPlugin:80 - create IPUIPlugin
2023-09-20 20:55:37,237 [INFO] PluginManager:220 - loadIPPluginJar : add ipddr
2023-09-20 20:55:37,314 [INFO] IPUIPlugin:80 - create IPUIPlugin
2023-09-20 20:55:37,314 [INFO] PluginManager:220 - loadIPPluginJar : add linkedlist
2023-09-20 20:55:37,343 [INFO] IPUIPlugin:80 - create IPUIPlugin
2023-09-20 20:55:37,343 [INFO] PluginManager:220 - loadIPPluginJar : add lorawan
2023-09-20 20:55:37,373 [INFO] IPUIPlugin:80 - create IPUIPlugin
2023-09-20 20:55:37,373 [INFO] PluginManager:220 - loadIPPluginJar : add ltdc
2023-09-20 20:55:37,386 [INFO] IPUIPlugin:80 - create IPUIPlugin
2023-09-20 20:55:37,386 [INFO] PluginManager:220 - loadIPPluginJar : add mdma
2023-09-20 20:55:37,396 [INFO] IPUIPlugin:80 - create IPUIPlugin
2023-09-20 20:55:37,396 [INFO] PluginManager:220 - loadIPPluginJar : add nvic
2023-09-20 20:55:37,426 [INFO] IPUIPlugin:80 - create IPUIPlugin
2023-09-20 20:55:37,426 [INFO] PluginManager:220 - loadIPPluginJar : add opamp
2023-09-20 20:55:37,475 [INFO] IPUIPlugin:80 - create IPUIPlugin
2023-09-20 20:55:37,476 [INFO] PluginManager:220 - loadIPPluginJar : add openamp
2023-09-20 20:55:37,511 [INFO] IPUIPlugin:80 - create IPUIPlugin
2023-09-20 20:55:37,511 [INFO] PluginManager:220 - loadIPPluginJar : add pdm2pcm
2023-09-20 20:55:37,524 [INFO] IPUIPlugin:80 - create IPUIPlugin
2023-09-20 20:55:37,526 [INFO] PluginManager:220 - loadIPPluginJar : add plateformsettings
2023-09-20 20:55:37,544 [INFO] IPUIPlugin:80 - create IPUIPlugin
2023-09-20 20:55:37,544 [INFO] PluginManager:220 - loadIPPluginJar : add quadspi
2023-09-20 20:55:37,555 [INFO] IPUIPlugin:80 - create IPUIPlugin
2023-09-20 20:55:37,555 [INFO] PluginManager:220 - loadIPPluginJar : add resmgrutility
2023-09-20 20:55:37,595 [INFO] IPUIPlugin:80 - create IPUIPlugin
2023-09-20 20:55:37,595 [INFO] PluginManager:220 - loadIPPluginJar : add sai
2023-09-20 20:55:37,625 [INFO] IPUIPlugin:80 - create IPUIPlugin
2023-09-20 20:55:37,625 [INFO] PluginManager:220 - loadIPPluginJar : add spi
2023-09-20 20:55:37,672 [INFO] IPUIPlugin:80 - create IPUIPlugin
2023-09-20 20:55:37,672 [INFO] PluginManager:220 - loadIPPluginJar : add stm32_wpan
2023-09-20 20:55:37,690 [INFO] IPUIPlugin:80 - create IPUIPlugin
2023-09-20 20:55:37,691 [INFO] PluginManager:220 - loadIPPluginJar : add tim
2023-09-20 20:55:37,736 [INFO] IPUIPlugin:80 - create IPUIPlugin
2023-09-20 20:55:37,736 [INFO] PluginManager:220 - loadIPPluginJar : add touchsensing
2023-09-20 20:55:37,755 [INFO] IPUIPlugin:80 - create IPUIPlugin
2023-09-20 20:55:37,755 [INFO] PluginManager:220 - loadIPPluginJar : add tracer_emb
2023-09-20 20:55:37,775 [INFO] IPUIPlugin:80 - create IPUIPlugin
2023-09-20 20:55:37,775 [INFO] PluginManager:220 - loadIPPluginJar : add ts
2023-09-20 20:55:37,794 [INFO] IPUIPlugin:80 - create IPUIPlugin
2023-09-20 20:55:37,794 [INFO] PluginManager:220 - loadIPPluginJar : add tsc
2023-09-20 20:55:37,813 [INFO] IPUIPlugin:80 - create IPUIPlugin
2023-09-20 20:55:37,813 [INFO] PluginManager:220 - loadIPPluginJar : add ucpd
2023-09-20 20:55:37,847 [INFO] IPUIPlugin:80 - create IPUIPlugin
2023-09-20 20:55:37,847 [INFO] PluginManager:220 - loadIPPluginJar : add usart
2023-09-20 20:55:37,884 [INFO] IPUIPlugin:80 - create IPUIPlugin
2023-09-20 20:55:37,885 [INFO] PluginManager:220 - loadIPPluginJar : add usbx
2023-09-20 20:55:38,020 [INFO] CADModel:165 - CPN selected for project level
2023-09-20 20:55:38,020 [INFO] CADModel:114 - Register for checkConnection events
2023-09-20 20:55:38,020 [FATAL] Updater:308 - Updater called before beeing initialized
2023-09-20 20:55:38,021 [ERROR] CADModel:125 - Updater not yet initialized, retry later 
2023-09-20 20:55:38,225 [INFO] CADModel:165 - CPN selected for project level
2023-09-20 20:55:38,225 [INFO] CADModel:114 - Register for checkConnection events
2023-09-20 20:55:38,225 [FATAL] Updater:308 - Updater called before beeing initialized
2023-09-20 20:55:38,225 [ERROR] CADModel:125 - Updater not yet initialized, retry later 
2023-09-20 20:55:38,229 [FATAL] Updater:308 - Updater called before beeing initialized
2023-09-20 20:55:38,350 [FATAL] Updater:308 - Updater called before beeing initialized
2023-09-20 20:55:38,362 [INFO] DbMcusAds:53 - JSON generation date=Tue Mar 07 14:20:55 IST 2023 (1678179055114)
2023-09-20 20:55:38,362 [FATAL] Updater:308 - Updater called before beeing initialized
2023-09-20 20:55:38,435 [WARN] DetailPanel:346 - Failed to get advertising image, set to default
2023-09-20 20:55:38,531 [FATAL] Updater:308 - Updater called before beeing initialized
2023-09-20 20:55:38,534 [FATAL] Updater:308 - Updater called before beeing initialized
2023-09-20 20:55:38,534 [FATAL] Updater:308 - Updater called before beeing initialized
2023-09-20 20:55:38,534 [WARN] DetailPanel:346 - Failed to get advertising image, set to default
2023-09-20 20:55:38,535 [FATAL] Updater:308 - Updater called before beeing initialized
2023-09-20 20:55:38,622 [INFO] ThirdPartyUpdaterWithRetryManager:70 - Updater plugin not ready yet. [2/15]
2023-09-20 20:55:38,626 [ERROR] Updater:1120 - MainUpdater not yet initialized. External WinMGr cannot be set.
2023-09-20 20:55:38,639 [INFO] Updater:1056 - Updater Version found : 6.9.2
2023-09-20 20:55:38,668 [INFO] ApplicationProperties:184 - Using Application install path: D:\STM32IDE\STM32CubeIDE_1.13.1\STM32CubeIDE\plugins\com.st.stm32cube.common.mx_6.9.2.202309101412
2023-09-20 20:55:39,802 [INFO] MainUpdater:2868 - connection check result : 10
2023-09-20 20:55:39,803 [INFO] MainUpdater:285 - Updater Check For Update Now.
2023-09-20 20:55:39,803 [INFO] MicroXplorer:498 - Change Database Version : DB.6.0.92
2023-09-20 20:55:39,821 [INFO] McuFinderGlobals:63 - Set McuFinder mode to 2 (CubeIDE integrated)
2023-09-20 20:55:40,001 [INFO] CheckServerUpdateThread:120 - End of CheckServer Thread
2023-09-20 20:55:41,797 [WARN] PackLoader:240 - Cannot read IP mode file for STMicroelectronics.X-CUBE-SMBUS.2.1.0
2023-09-20 20:55:41,845 [WARN] PackLoader:240 - Cannot read IP mode file for STMicroelectronics.X-CUBE-AZRTOS-F7.1.1.0
2023-09-20 20:55:41,865 [WARN] PackLoader:240 - Cannot read IP mode file for STMicroelectronics.FP-SNS-MOTENV1.4.3.2
2023-09-20 20:55:41,880 [WARN] PackLoader:240 - Cannot read IP mode file for STMicroelectronics.FP-SNS-FLIGHT1.5.0.2
2023-09-20 20:55:41,897 [WARN] PackLoader:240 - Cannot read IP mode file for STMicroelectronics.X-CUBE-DISPLAY.3.0.0
2023-09-20 20:55:41,924 [WARN] PackLoader:240 - Cannot read IP mode file for STMicroelectronics.X-CUBE-BLE1.7.0.0
2023-09-20 20:55:41,937 [WARN] PackLoader:240 - Cannot read IP mode file for emotas.I-CUBE-CANOPEN.1.3.0
2023-09-20 20:55:41,955 [WARN] PackLoader:240 - Cannot read IP mode file for STMicroelectronics.X-CUBE-TOUCHGFX.4.22.0
2023-09-20 20:55:41,968 [WARN] PackLoader:240 - Cannot read IP mode file for STMicroelectronics.FP-SNS-SMARTAG2.1.2.0
2023-09-20 20:55:41,993 [INFO] LogOutputStream:77 - [STDOUT_REDIRECT] 1 : Invalid condition id : UX_CORESTACK_Condition cause : null
2023-09-20 20:55:41,995 [INFO] LogOutputStream:77 - [STDOUT_REDIRECT] 1 : Invalid condition id : UX_CORESTACK_Condition cause : null
2023-09-20 20:55:41,996 [INFO] LogOutputStream:77 - [STDOUT_REDIRECT] 1 : Invalid condition id : UX_CORESTACK_Condition cause : null
2023-09-20 20:55:41,998 [INFO] LogOutputStream:77 - [STDOUT_REDIRECT] 1 : Invalid condition id : UX_CORESTACK_Condition cause : null
2023-09-20 20:55:42,000 [INFO] LogOutputStream:77 - [STDOUT_REDIRECT] 1 : Invalid condition id : UX_CORESTACK_Condition cause : null
2023-09-20 20:55:42,003 [WARN] PackLoader:240 - Cannot read IP mode file for STMicroelectronics.X-CUBE-AZRTOS-WL.2.0.0
2023-09-20 20:55:42,024 [WARN] PackLoader:240 - Cannot read IP mode file for WES.I-CUBE-Cesium.1.3.0
2023-09-20 20:55:42,037 [WARN] PackLoader:240 - Cannot read IP mode file for STMicroelectronics.X-CUBE-BLE2.3.3.0
2023-09-20 20:55:42,051 [WARN] PackLoader:240 - Cannot read IP mode file for STMicroelectronics.X-CUBE-ALGOBUILD.1.3.0
2023-09-20 20:55:42,077 [WARN] PackLoader:240 - Cannot read IP mode file for STMicroelectronics.X-CUBE-AZRTOS-G0.1.1.0
2023-09-20 20:55:42,093 [WARN] PackLoader:240 - Cannot read IP mode file for STMicroelectronics.X-CUBE-NFC4.3.0.0
2023-09-20 20:55:42,109 [WARN] PackLoader:240 - Cannot read IP mode file for STMicroelectronics.FP-ATR-SIGFOX1.3.2.0
2023-09-20 20:55:42,152 [WARN] PackLoader:240 - Cannot read IP mode file for SEGGER.I-CUBE-embOS.1.3.1
2023-09-20 20:55:42,206 [WARN] PackLoader:240 - Cannot read IP mode file for STMicroelectronics.X-CUBE-GNSS1.6.0.0
2023-09-20 20:55:42,238 [WARN] PackLoader:240 - Cannot read IP mode file for STMicroelectronics.X-CUBE-AZRTOS-F4.1.1.0
2023-09-20 20:55:42,255 [WARN] PackLoader:240 - Cannot read IP mode file for wolfSSL.I-CUBE-wolfSSL.5.6.3
2023-09-20 20:55:42,314 [WARN] PackLoader:240 - Cannot read IP mode file for STMicroelectronics.X-CUBE-AZRTOS-L5.2.0.0
2023-09-20 20:55:42,373 [WARN] PackLoader:240 - Cannot read IP mode file for STMicroelectronics.X-CUBE-MEMS1.9.6.0
2023-09-20 20:55:42,510 [WARN] PackLoader:240 - Cannot read IP mode file for STMicroelectronics.X-CUBE-BLEMGR.2.0.0
2023-09-20 20:55:42,534 [WARN] ConditionMgr:438 - getConditionDescription Invalid condition id : UX DEVICE CLASS RTOS Condition cause : null
2023-09-20 20:55:42,534 [WARN] ConditionMgr:438 - getConditionDescription Invalid condition id : UX DEVICE CLASS RTOS Condition cause : null
2023-09-20 20:55:42,536 [WARN] PackLoader:240 - Cannot read IP mode file for STMicroelectronics.X-CUBE-AZRTOS-H7.3.1.0
2023-09-20 20:55:42,538 [WARN] ConditionMgr:1039 - genDependencies : Invalid condition id : UX DEVICE CLASS RTOS Condition cause : null
2023-09-20 20:55:42,538 [WARN] ConditionMgr:1039 - genDependencies : Invalid condition id : UX DEVICE CLASS RTOS Condition cause : null
2023-09-20 20:55:42,539 [WARN] ConditionMgr:1039 - genDependencies : Invalid condition id : UX DEVICE CLASS RTOS Condition cause : null
2023-09-20 20:55:42,539 [WARN] ConditionMgr:1039 - genDependencies : Invalid condition id : UX DEVICE CLASS RTOS Condition cause : null
2023-09-20 20:55:42,539 [WARN] ConditionMgr:1039 - genDependencies : Invalid condition id : UX DEVICE CLASS RTOS Condition cause : null
2023-09-20 20:55:42,553 [WARN] PackLoader:240 - Cannot read IP mode file for STMicroelectronics.X-CUBE-NFC7.1.0.1
2023-09-20 20:55:42,569 [WARN] PackLoader:240 - Cannot read IP mode file for STMicroelectronics.X-CUBE-NFC6.3.0.0
2023-09-20 20:55:42,583 [WARN] PackLoader:240 - Cannot read IP mode file for STMicroelectronics.X-CUBE-EEPRMA1.4.1.0
2023-09-20 20:55:42,595 [WARN] PackLoader:240 - Cannot read IP mode file for STMicroelectronics.X-CUBE-AI.8.1.0
2023-09-20 20:55:42,627 [WARN] ConditionMgr:438 - getConditionDescription Invalid condition id : LAN8742 Phy interface Condition cause : null
2023-09-20 20:55:42,628 [WARN] PackLoader:240 - Cannot read IP mode file for STMicroelectronics.X-CUBE-AZRTOS-L4.2.0.0
2023-09-20 20:55:42,629 [WARN] ConditionMgr:1039 - genDependencies : Invalid condition id : LAN8742 Phy interface Condition cause : null
2023-09-20 20:55:42,630 [WARN] ConditionMgr:1039 - genDependencies : Invalid condition id : LAN8742 Phy interface Condition cause : null
2023-09-20 20:55:42,631 [WARN] ConditionMgr:1039 - genDependencies : Invalid condition id : LAN8742 Phy interface Condition cause : null
2023-09-20 20:55:42,648 [WARN] PackLoader:240 - Cannot read IP mode file for STMicroelectronics.X-CUBE-SFXS2LP1.4.0.0
2023-09-20 20:55:42,663 [WARN] PackLoader:240 - Cannot read IP mode file for STMicroelectronics.X-CUBE-ISPU.1.1.0
2023-09-20 20:55:42,686 [WARN] ConditionMgr:438 - getConditionDescription Invalid condition id : UX DEVICE CLASS RTOS Condition cause : null
2023-09-20 20:55:42,687 [WARN] ConditionMgr:438 - getConditionDescription Invalid condition id : UX DEVICE CLASS RTOS Condition cause : null
2023-09-20 20:55:42,689 [WARN] PackLoader:240 - Cannot read IP mode file for STMicroelectronics.X-CUBE-AZRTOS-WB.2.0.0
2023-09-20 20:55:42,690 [WARN] ConditionMgr:1039 - genDependencies : Invalid condition id : UX DEVICE CLASS RTOS Condition cause : null
2023-09-20 20:55:42,690 [WARN] ConditionMgr:1039 - genDependencies : Invalid condition id : UX DEVICE CLASS RTOS Condition cause : null
2023-09-20 20:55:42,691 [WARN] ConditionMgr:1039 - genDependencies : Invalid condition id : UX DEVICE CLASS RTOS Condition cause : null
2023-09-20 20:55:42,691 [WARN] ConditionMgr:1039 - genDependencies : Invalid condition id : UX DEVICE CLASS RTOS Condition cause : null
2023-09-20 20:55:42,691 [WARN] ConditionMgr:1039 - genDependencies : Invalid condition id : UX DEVICE CLASS RTOS Condition cause : null
2023-09-20 20:55:42,717 [WARN] PackLoader:240 - Cannot read IP mode file for STMicroelectronics.X-CUBE-SUBG2.5.0.0
2023-09-20 20:55:42,745 [WARN] PackLoader:240 - Cannot read IP mode file for STMicroelectronics.X-CUBE-TOF1.3.3.1
2023-09-20 20:55:42,781 [WARN] PackLoader:240 - Cannot read IP mode file for STMicroelectronics.X-CUBE-AZRTOS-G4.2.0.0
2023-09-20 20:55:42,798 [WARN] PackLoader:240 - Cannot read IP mode file for STMicroelectronics.X-CUBE-FREERTOS.1.1.0
2023-09-20 20:55:42,816 [WARN] PackLoader:240 - Cannot read IP mode file for portGmbH.I-Cube-SoM-uGOAL.1.1.0
2023-09-20 20:55:42,833 [WARN] PackLoader:240 - Cannot read IP mode file for STMicroelectronics.X-CUBE-ALS.1.0.1
2023-09-20 20:55:42,851 [WARN] PackLoader:240 - Cannot read IP mode file for STMicroelectronics.FP-ATR-ASTRA1.2.0.0
2023-09-20 20:55:42,852 [INFO] ThirdParty:978 - Integrity check success = true
2023-09-20 20:55:42,852 [INFO] IntegrityCheckThread:100 - exiting critical section [integrity check]
2023-09-20 20:55:42,852 [INFO] IntegrityCheckThread:103 - End integrity checks thread
2023-09-20 20:55:53,757 [ERROR] LogOutputStream:75 - [STDERR_REDIRECT] SLF4J: Failed to load class "org.slf4j.impl.StaticLoggerBinder".
2023-09-20 20:55:53,757 [ERROR] LogOutputStream:75 - [STDERR_REDIRECT] SLF4J: Defaulting to no-operation (NOP) logger implementation
2023-09-20 20:55:53,763 [ERROR] LogOutputStream:75 - [STDERR_REDIRECT] SLF4J: See http://www.slf4j.org/codes.html#StaticLoggerBinder for further details.
2023-09-20 20:55:58,156 [INFO] McuFinderGlobals:63 - Set McuFinder mode to 2 (CubeIDE integrated)
2023-09-20 20:55:58,178 [INFO] MainUpdater:2868 - connection check result : 10
2023-09-20 20:55:58,756 [INFO] ApiDb:581 - Connected to CubeFinder SQLite database (C:\Users\ARYAN\.stmcufinder\plugins\mcufinder\mcu\cube-finder-db.db)
2023-09-20 20:55:58,832 [INFO] ApiDb:668 - CubeFinder database Data Model version=2.1
2023-09-20 20:55:58,832 [INFO] ApiDb:669 - CubeFinder database Configuration version=3.0.37
2023-09-20 20:55:58,832 [INFO] ApiDb:670 - CubeFinder database generation date=2023-08-31 (1693470701)
2023-09-20 20:55:58,832 [INFO] ApiDb:671 - CubeFinder database FW Pack versions=[FP-ATR-ASTRA1_V2.0.0, FP-SNS-FLIGHT1_V5.0.1, FP-SNS-FLIGHT1_V5.0.2, FP-SNS-MOTENV1_V4.3.1, FP-SNS-MOTENV1_V4.3.2, STM32Cube_FW_C0_V1.1.0, STM32Cube_FW_F4_V1.27.1, STM32Cube_FW_F7_V1.17.0, STM32Cube_FW_G0_V1.6.1, STM32Cube_FW_G4_V1.5.1, STM32Cube_FW_H5_V0.5.1, STM32Cube_FW_H5_V1.1.1, STM32Cube_FW_H7_V1.11.0, STM32Cube_FW_L0_V1.12.2, STM32Cube_FW_L5_V1.5.0, STM32Cube_FW_U5_V1.3.0, STM32Cube_FW_U5_V1.3.0RC4, STM32Cube_FW_WBA_V1.0.0RC1, STM32Cube_FW_WBA_V1.1.0, STM32Cube_FW_WBA_V1.1.0RC1, STM32Cube_FW_WB_V1.15.0RC1, STM32Cube_FW_WB_V1.16.0, STM32Cube_FW_WB_V1.16.0RC2, STM32Cube_FW_WB_V1.17.0, STM32Cube_FW_WB_V1.17.2, STM32Cube_FW_WL_V1.3.0, X-CUBE-ALGOBUILD_V1.3.0, X-CUBE-ALS_V1.0.1, X-CUBE-AZRTOS-F4_V1.1.0, X-CUBE-AZRTOS-F7_V1.1.0, X-CUBE-AZRTOS-G0_V1.1.0, X-CUBE-AZRTOS-G4_V2.0.0, X-CUBE-AZRTOS-H7_V3.1.0, X-CUBE-AZRTOS-L4_V1.0.0, X-CUBE-AZRTOS-L4_V2.0.0, X-CUBE-AZRTOS-L5_V1.1.0, X-CUBE-AZRTOS-WB_V2.0.0, X-CUBE-AZRTOS-WL_V2.0.0, X-CUBE-BLE1_V7.0.0, X-CUBE-BLE2_V3.3.0, X-CUBE-BLEMGR_V2.0.0, X-CUBE-EEPRMA1_V4.1.0, X-CUBE-FREERTOS_V1.1.0, X-CUBE-GNSS1_V6.0.0, X-CUBE-MEMS1_V9.1.0, X-CUBE-MEMS1_V9.4.0, X-CUBE-MEMS1_V9.6.0, X-CUBE-NFC4_V3.0.0, X-CUBE-NFC7_V1.0.0, X-CUBE-SFXS2LP1_V4.0.0, X-CUBE-SUBG2_V5.0.0, X-CUBE-TOF1_V3.3.1]
2023-09-20 20:55:58,986 [INFO] DbBoardsSqlite:226 - include board P-NUCLEO-WB55-NUCLEO as a kit item of type 'Nucleo-64'
2023-09-20 20:55:58,986 [INFO] DbBoardsSqlite:226 - include board P-NUCLEO-WB55-USBDONGLE as a kit item of type 'Nucleo USB Dongle'
2023-09-20 20:55:58,988 [INFO] DbBoardsSqlite:226 - include board STEVAL-IDP005V1 as a kit item of type 'Evaluation Board'
2023-09-20 20:55:58,989 [INFO] DbBoardsSqlite:226 - include board STEVAL-IDP005V2 as a kit item of type 'Evaluation Board'
2023-09-20 20:55:59,419 [INFO] ApiDb:240 - Found 323 in-development CPN: [B-G473E-ZEST1S, B-WB1M-WPAN1, B-WL5M-SUBG1, NUCLEO-C031C6, NUCLEO-H503RB, NUCLEO-H563ZI, NUCLEO-U545RE-Q, NUCLEO-U5A5ZJ-Q, NUCLEO-WBA52CG, STEVAL-PROTEUS1, STEVAL-SMARTAG2, STEVAL-STWINBX1, STM320518-EVAL, STM32C0116-DK, STM32C011D6Y3TR, STM32C011D6Y6TR, STM32C011F4P3, STM32C011F4P6, STM32C011F4U3, STM32C011F4U6TR, STM32C011F6P3, STM32C011F6P6, STM32C011F6U3, STM32C011F6U6TR, STM32C011J4M3, STM32C011J4M6, STM32C011J6M3, STM32C011J6M6, STM32C0316-DK, STM32C031C4T3, STM32C031C4T6, STM32C031C4U3, STM32C031C4U6, STM32C031C6T3, STM32C031C6T6, STM32C031C6U3, STM32C031C6U6, STM32C031F4P3, STM32C031F4P6, STM32C031F6P3, STM32C031F6P6, STM32C031G4U3, STM32C031G4U6, STM32C031G6U3, STM32C031G6U6, STM32C031K4T3, STM32C031K4T6, STM32C031K4U3, STM32C031K4U6, STM32C031K6T3, STM32C031K6T6, STM32C031K6U3, STM32C031K6U6, STM32G071K8TXN, STM32G071K8UXN, STM32G081GBU6N, STM32G081KBT6N, STM32G081KBUXN, STM32G0B1CCT6N, STM32G0B1KCT6, STM32G0B1NEY6TR, STM32G0B1RCT6N, STM32G0C1CCT6, STM32G0C1CCT6N, STM32G0C1CCU6N, STM32G0C1CET6N, STM32G0C1CEU6N, STM32G0C1KCT6, STM32G0C1NEY6TR, STM32G0C1RCI6N, STM32G0C1RCT6N, STM32G0C1REI6N, STM32G0C1RET6N, STM32G0C1VCI6, STM32G0C1VEI6, STM32G471CCT6, STM32G471CCU6, STM32G471CET3, STM32G471CET6, STM32G471CEU3, STM32G471CEU6, STM32G471MCT6, STM32G471MET3, STM32G471MET6, STM32G471MEY6TR, STM32G471QCT6, STM32G471QET3, STM32G471RCT6, STM32G471RET3, STM32G471RET6, STM32G471VCH6, STM32G471VCI6, STM32G471VCT6, STM32G471VEH3, STM32G471VEH6, STM32G471VEI3, STM32G471VEI6, STM32G471VET3, STM32G471VET6, STM32G474CCT6, STM32H503CBT6, STM32H503CBU6, STM32H503EBY6TR, STM32H503KBU6, STM32H503RBT6, STM32H562AGI6, STM32H562AII6, STM32H562IGK6, STM32H562IGT6, STM32H562IIK6, STM32H562IIT6, STM32H562RGT6, STM32H562RGV6, STM32H562RIT6, STM32H562RIV6, STM32H562VGT6, STM32H562VIT6, STM32H562ZGT6, STM32H562ZIT6, STM32H563AGI6, STM32H563AII3Q, STM32H563AII6, STM32H563IGK6, STM32H563IGT6, STM32H563IIK3Q, STM32H563IIK6, STM32H563IIT3Q, STM32H563IIT6, STM32H563MIY3QTR, STM32H563RGT6, STM32H563RGV6, STM32H563RIT6, STM32H563RIV6, STM32H563VGT6, STM32H563VIT3Q, STM32H563VIT6, STM32H563ZGT6, STM32H563ZIT3Q, STM32H563ZIT6, STM32H573AII3Q, STM32H573AII6, STM32H573I-DK, STM32H573IIK3Q, STM32H573IIK6, STM32H573IIT3Q, STM32H573IIT6, STM32H573MIY3QTR, STM32H573RIT6, STM32H573RIV6, STM32H573VIT3Q, STM32H573VIT6, STM32H573ZIT3Q, STM32H573ZIT6, STM32L4R5QGI6STR, STM32MP131AAE3, STM32MP131AAF3, STM32MP131AAG3, STM32MP131CAE3, STM32MP131CAF3, STM32MP131CAG3, STM32MP131DAE7, STM32MP131DAF7, STM32MP131DAG7, STM32MP131FAE7, STM32MP131FAF7, STM32MP131FAG7, STM32MP133AAE3, STM32MP133AAF3, STM32MP133AAG3, STM32MP133CAE3, STM32MP133CAF3, STM32MP133CAG3, STM32MP133DAE7, STM32MP133DAF7, STM32MP133DAG7, STM32MP133FAE7, STM32MP133FAF7, STM32MP133FAG7, STM32MP135AAE3, STM32MP135AAF3, STM32MP135AAG3, STM32MP135CAE3, STM32MP135CAF3, STM32MP135CAG3, STM32MP135DAE7, STM32MP135DAF7, STM32MP135DAG7, STM32MP135F-DK, STM32MP135FAE7, STM32MP135FAF7, STM32MP135FAF7T, STM32MP135FAF7U, STM32MP135FAG7, STM32U535CBT6, STM32U535CBT6Q, STM32U535CBU6, STM32U535CBU6Q, STM32U535CCT6, STM32U535CCT6Q, STM32U535CCU6, STM32U535CCU6Q, STM32U535CET6, STM32U535CET6Q, STM32U535CEU6, STM32U535CEU6Q, STM32U535JEY6QTR, STM32U535NCY6QTR, STM32U535NEY6QTR, STM32U535RBI6, STM32U535RBI6Q, STM32U535RBT6, STM32U535RBT6Q, STM32U535RCI6, STM32U535RCI6Q, STM32U535RCT6, STM32U535RCT6Q, STM32U535REI6, STM32U535REI6Q, STM32U535RET6, STM32U535RET6Q, STM32U535VCI6, STM32U535VCI6Q, STM32U535VCT6, STM32U535VCT6Q, STM32U535VEI6, STM32U535VEI6Q, STM32U535VET6, STM32U535VET6Q, STM32U545CET6, STM32U545CET6Q, STM32U545CEU6, STM32U545CEU6Q, STM32U545JEY6QTR, STM32U545NEY6QTR, STM32U545REI6, STM32U545REI6Q, STM32U545RET6, STM32U545RET6Q, STM32U545VEI6, STM32U545VEI6Q, STM32U545VET6, STM32U545VET6Q, STM32U595AIH6, STM32U595AIH6Q, STM32U595AJH6, STM32U595AJH6Q, STM32U595QII6, STM32U595QII6Q, STM32U595QJI6, STM32U595QJI6Q, STM32U595RIT6, STM32U595RIT6Q, STM32U595RJT6, STM32U595RJT6Q, STM32U595VIT6, STM32U595VIT6Q, STM32U595VJT6, STM32U595VJT6Q, STM32U595ZIT6, STM32U595ZIT6Q, STM32U595ZIY6QTR, STM32U595ZJT6, STM32U595ZJT6Q, STM32U595ZJY6QTR, STM32U599BJY6QTR, STM32U599NIH6Q, STM32U599NJH6Q, STM32U599VIT6Q, STM32U599VJT6, STM32U599VJT6Q, STM32U599ZIT6Q, STM32U599ZIY6QTR, STM32U599ZJT6Q, STM32U599ZJY6QTR, STM32U5A5AJH6, STM32U5A5AJH6Q, STM32U5A5QJI6, STM32U5A5QJI6Q, STM32U5A5RJT6, STM32U5A5RJT6Q, STM32U5A5VJT6, STM32U5A5VJT6Q, STM32U5A5ZJT6, STM32U5A5ZJT6Q, STM32U5A5ZJY6QTR, STM32U5A9BJY6QTR, STM32U5A9J-DK, STM32U5A9NJH6Q, STM32U5A9VJT6Q, STM32U5A9ZJT6Q, STM32U5A9ZJY6QTR, STM32U5F7VIT6, STM32U5F7VIT6Q, STM32U5F7VJT6, STM32U5F7VJT6Q, STM32U5F9BJY6QTR, STM32U5F9NJH6Q, STM32U5F9VIT6Q, STM32U5F9VJT6Q, STM32U5F9ZIJ6QTR, STM32U5F9ZIT6Q, STM32U5F9ZJJ6QTR, STM32U5F9ZJT6Q, STM32U5G7VJT6, STM32U5G7VJT6Q, STM32U5G9BJY6QTR, STM32U5G9J-DK1, STM32U5G9J-DK2, STM32U5G9NJH6Q, STM32U5G9VJT6Q, STM32U5G9ZJJ6QTR, STM32U5G9ZJT6Q, STM32WB1MMCH6, STM32WBA52CEU6, STM32WBA52CEU6T, STM32WBA52CGU6, STM32WBA52CGU6T, STM32WBA52KEU6, STM32WBA52KEU6T, STM32WBA52KGU6, STM32WBA52KGU6T, STM32WL5MOCH6, STM32WL5MOCH6TR]
2023-09-20 20:55:59,496 [INFO] BoardInfo:880 - No configuration file found for board P-NUCLEO-WB55
2023-09-20 20:55:59,496 [INFO] DbBoards:157 - Kit is not supported: P-NUCLEO-WB55
2023-09-20 20:55:59,500 [INFO] BoardInfo:880 - No configuration file found for board STEVAL-BFA001V1B
2023-09-20 20:55:59,500 [INFO] DbBoards:157 - Kit is not supported: STEVAL-BFA001V1B
2023-09-20 20:55:59,501 [INFO] BoardInfo:880 - No configuration file found for board STEVAL-BFA001V2B
2023-09-20 20:55:59,501 [INFO] DbBoards:157 - Kit is not supported: STEVAL-BFA001V2B
2023-09-20 20:55:59,570 [INFO] DbBoards:161 - Found 190 boards, 187 are supported
2023-09-20 20:55:59,573 [INFO] ApiDb:668 - CubeFinder database Data Model version=2.1
2023-09-20 20:55:59,573 [INFO] ApiDb:669 - CubeFinder database Configuration version=3.0.37
2023-09-20 20:55:59,573 [INFO] ApiDb:670 - CubeFinder database generation date=2023-08-31 (1693470701)
2023-09-20 20:55:59,573 [INFO] ApiDb:671 - CubeFinder database FW Pack versions=[FP-ATR-ASTRA1_V2.0.0, FP-SNS-FLIGHT1_V5.0.1, FP-SNS-FLIGHT1_V5.0.2, FP-SNS-MOTENV1_V4.3.1, FP-SNS-MOTENV1_V4.3.2, STM32Cube_FW_C0_V1.1.0, STM32Cube_FW_F4_V1.27.1, STM32Cube_FW_F7_V1.17.0, STM32Cube_FW_G0_V1.6.1, STM32Cube_FW_G4_V1.5.1, STM32Cube_FW_H5_V0.5.1, STM32Cube_FW_H5_V1.1.1, STM32Cube_FW_H7_V1.11.0, STM32Cube_FW_L0_V1.12.2, STM32Cube_FW_L5_V1.5.0, STM32Cube_FW_U5_V1.3.0, STM32Cube_FW_U5_V1.3.0RC4, STM32Cube_FW_WBA_V1.0.0RC1, STM32Cube_FW_WBA_V1.1.0, STM32Cube_FW_WBA_V1.1.0RC1, STM32Cube_FW_WB_V1.15.0RC1, STM32Cube_FW_WB_V1.16.0, STM32Cube_FW_WB_V1.16.0RC2, STM32Cube_FW_WB_V1.17.0, STM32Cube_FW_WB_V1.17.2, STM32Cube_FW_WL_V1.3.0, X-CUBE-ALGOBUILD_V1.3.0, X-CUBE-ALS_V1.0.1, X-CUBE-AZRTOS-F4_V1.1.0, X-CUBE-AZRTOS-F7_V1.1.0, X-CUBE-AZRTOS-G0_V1.1.0, X-CUBE-AZRTOS-G4_V2.0.0, X-CUBE-AZRTOS-H7_V3.1.0, X-CUBE-AZRTOS-L4_V1.0.0, X-CUBE-AZRTOS-L4_V2.0.0, X-CUBE-AZRTOS-L5_V1.1.0, X-CUBE-AZRTOS-WB_V2.0.0, X-CUBE-AZRTOS-WL_V2.0.0, X-CUBE-BLE1_V7.0.0, X-CUBE-BLE2_V3.3.0, X-CUBE-BLEMGR_V2.0.0, X-CUBE-EEPRMA1_V4.1.0, X-CUBE-FREERTOS_V1.1.0, X-CUBE-GNSS1_V6.0.0, X-CUBE-MEMS1_V9.1.0, X-CUBE-MEMS1_V9.4.0, X-CUBE-MEMS1_V9.6.0, X-CUBE-NFC4_V3.0.0, X-CUBE-NFC7_V1.0.0, X-CUBE-SFXS2LP1_V4.0.0, X-CUBE-SUBG2_V5.0.0, X-CUBE-TOF1_V3.3.1]
2023-09-20 20:56:01,212 [INFO] ApiDb:240 - Found 323 in-development CPN: [B-G473E-ZEST1S, B-WB1M-WPAN1, B-WL5M-SUBG1, NUCLEO-C031C6, NUCLEO-H503RB, NUCLEO-H563ZI, NUCLEO-U545RE-Q, NUCLEO-U5A5ZJ-Q, NUCLEO-WBA52CG, STEVAL-PROTEUS1, STEVAL-SMARTAG2, STEVAL-STWINBX1, STM320518-EVAL, STM32C0116-DK, STM32C011D6Y3TR, STM32C011D6Y6TR, STM32C011F4P3, STM32C011F4P6, STM32C011F4U3, STM32C011F4U6TR, STM32C011F6P3, STM32C011F6P6, STM32C011F6U3, STM32C011F6U6TR, STM32C011J4M3, STM32C011J4M6, STM32C011J6M3, STM32C011J6M6, STM32C0316-DK, STM32C031C4T3, STM32C031C4T6, STM32C031C4U3, STM32C031C4U6, STM32C031C6T3, STM32C031C6T6, STM32C031C6U3, STM32C031C6U6, STM32C031F4P3, STM32C031F4P6, STM32C031F6P3, STM32C031F6P6, STM32C031G4U3, STM32C031G4U6, STM32C031G6U3, STM32C031G6U6, STM32C031K4T3, STM32C031K4T6, STM32C031K4U3, STM32C031K4U6, STM32C031K6T3, STM32C031K6T6, STM32C031K6U3, STM32C031K6U6, STM32G071K8TXN, STM32G071K8UXN, STM32G081GBU6N, STM32G081KBT6N, STM32G081KBUXN, STM32G0B1CCT6N, STM32G0B1KCT6, STM32G0B1NEY6TR, STM32G0B1RCT6N, STM32G0C1CCT6, STM32G0C1CCT6N, STM32G0C1CCU6N, STM32G0C1CET6N, STM32G0C1CEU6N, STM32G0C1KCT6, STM32G0C1NEY6TR, STM32G0C1RCI6N, STM32G0C1RCT6N, STM32G0C1REI6N, STM32G0C1RET6N, STM32G0C1VCI6, STM32G0C1VEI6, STM32G471CCT6, STM32G471CCU6, STM32G471CET3, STM32G471CET6, STM32G471CEU3, STM32G471CEU6, STM32G471MCT6, STM32G471MET3, STM32G471MET6, STM32G471MEY6TR, STM32G471QCT6, STM32G471QET3, STM32G471RCT6, STM32G471RET3, STM32G471RET6, STM32G471VCH6, STM32G471VCI6, STM32G471VCT6, STM32G471VEH3, STM32G471VEH6, STM32G471VEI3, STM32G471VEI6, STM32G471VET3, STM32G471VET6, STM32G474CCT6, STM32H503CBT6, STM32H503CBU6, STM32H503EBY6TR, STM32H503KBU6, STM32H503RBT6, STM32H562AGI6, STM32H562AII6, STM32H562IGK6, STM32H562IGT6, STM32H562IIK6, STM32H562IIT6, STM32H562RGT6, STM32H562RGV6, STM32H562RIT6, STM32H562RIV6, STM32H562VGT6, STM32H562VIT6, STM32H562ZGT6, STM32H562ZIT6, STM32H563AGI6, STM32H563AII3Q, STM32H563AII6, STM32H563IGK6, STM32H563IGT6, STM32H563IIK3Q, STM32H563IIK6, STM32H563IIT3Q, STM32H563IIT6, STM32H563MIY3QTR, STM32H563RGT6, STM32H563RGV6, STM32H563RIT6, STM32H563RIV6, STM32H563VGT6, STM32H563VIT3Q, STM32H563VIT6, STM32H563ZGT6, STM32H563ZIT3Q, STM32H563ZIT6, STM32H573AII3Q, STM32H573AII6, STM32H573I-DK, STM32H573IIK3Q, STM32H573IIK6, STM32H573IIT3Q, STM32H573IIT6, STM32H573MIY3QTR, STM32H573RIT6, STM32H573RIV6, STM32H573VIT3Q, STM32H573VIT6, STM32H573ZIT3Q, STM32H573ZIT6, STM32L4R5QGI6STR, STM32MP131AAE3, STM32MP131AAF3, STM32MP131AAG3, STM32MP131CAE3, STM32MP131CAF3, STM32MP131CAG3, STM32MP131DAE7, STM32MP131DAF7, STM32MP131DAG7, STM32MP131FAE7, STM32MP131FAF7, STM32MP131FAG7, STM32MP133AAE3, STM32MP133AAF3, STM32MP133AAG3, STM32MP133CAE3, STM32MP133CAF3, STM32MP133CAG3, STM32MP133DAE7, STM32MP133DAF7, STM32MP133DAG7, STM32MP133FAE7, STM32MP133FAF7, STM32MP133FAG7, STM32MP135AAE3, STM32MP135AAF3, STM32MP135AAG3, STM32MP135CAE3, STM32MP135CAF3, STM32MP135CAG3, STM32MP135DAE7, STM32MP135DAF7, STM32MP135DAG7, STM32MP135F-DK, STM32MP135FAE7, STM32MP135FAF7, STM32MP135FAF7T, STM32MP135FAF7U, STM32MP135FAG7, STM32U535CBT6, STM32U535CBT6Q, STM32U535CBU6, STM32U535CBU6Q, STM32U535CCT6, STM32U535CCT6Q, STM32U535CCU6, STM32U535CCU6Q, STM32U535CET6, STM32U535CET6Q, STM32U535CEU6, STM32U535CEU6Q, STM32U535JEY6QTR, STM32U535NCY6QTR, STM32U535NEY6QTR, STM32U535RBI6, STM32U535RBI6Q, STM32U535RBT6, STM32U535RBT6Q, STM32U535RCI6, STM32U535RCI6Q, STM32U535RCT6, STM32U535RCT6Q, STM32U535REI6, STM32U535REI6Q, STM32U535RET6, STM32U535RET6Q, STM32U535VCI6, STM32U535VCI6Q, STM32U535VCT6, STM32U535VCT6Q, STM32U535VEI6, STM32U535VEI6Q, STM32U535VET6, STM32U535VET6Q, STM32U545CET6, STM32U545CET6Q, STM32U545CEU6, STM32U545CEU6Q, STM32U545JEY6QTR, STM32U545NEY6QTR, STM32U545REI6, STM32U545REI6Q, STM32U545RET6, STM32U545RET6Q, STM32U545VEI6, STM32U545VEI6Q, STM32U545VET6, STM32U545VET6Q, STM32U595AIH6, STM32U595AIH6Q, STM32U595AJH6, STM32U595AJH6Q, STM32U595QII6, STM32U595QII6Q, STM32U595QJI6, STM32U595QJI6Q, STM32U595RIT6, STM32U595RIT6Q, STM32U595RJT6, STM32U595RJT6Q, STM32U595VIT6, STM32U595VIT6Q, STM32U595VJT6, STM32U595VJT6Q, STM32U595ZIT6, STM32U595ZIT6Q, STM32U595ZIY6QTR, STM32U595ZJT6, STM32U595ZJT6Q, STM32U595ZJY6QTR, STM32U599BJY6QTR, STM32U599NIH6Q, STM32U599NJH6Q, STM32U599VIT6Q, STM32U599VJT6, STM32U599VJT6Q, STM32U599ZIT6Q, STM32U599ZIY6QTR, STM32U599ZJT6Q, STM32U599ZJY6QTR, STM32U5A5AJH6, STM32U5A5AJH6Q, STM32U5A5QJI6, STM32U5A5QJI6Q, STM32U5A5RJT6, STM32U5A5RJT6Q, STM32U5A5VJT6, STM32U5A5VJT6Q, STM32U5A5ZJT6, STM32U5A5ZJT6Q, STM32U5A5ZJY6QTR, STM32U5A9BJY6QTR, STM32U5A9J-DK, STM32U5A9NJH6Q, STM32U5A9VJT6Q, STM32U5A9ZJT6Q, STM32U5A9ZJY6QTR, STM32U5F7VIT6, STM32U5F7VIT6Q, STM32U5F7VJT6, STM32U5F7VJT6Q, STM32U5F9BJY6QTR, STM32U5F9NJH6Q, STM32U5F9VIT6Q, STM32U5F9VJT6Q, STM32U5F9ZIJ6QTR, STM32U5F9ZIT6Q, STM32U5F9ZJJ6QTR, STM32U5F9ZJT6Q, STM32U5G7VJT6, STM32U5G7VJT6Q, STM32U5G9BJY6QTR, STM32U5G9J-DK1, STM32U5G9J-DK2, STM32U5G9NJH6Q, STM32U5G9VJT6Q, STM32U5G9ZJJ6QTR, STM32U5G9ZJT6Q, STM32WB1MMCH6, STM32WBA52CEU6, STM32WBA52CEU6T, STM32WBA52CGU6, STM32WBA52CGU6T, STM32WBA52KEU6, STM32WBA52KEU6T, STM32WBA52KGU6, STM32WBA52KGU6T, STM32WL5MOCH6, STM32WL5MOCH6TR]
2023-09-20 20:56:01,216 [INFO] DbMcus:217 - Found 3848 MCUs, 3848 are supported
2023-09-20 20:56:01,217 [INFO] ApiDb:423 - Load user favorites file C:\Users\ARYAN/.stm32cubeide/favorites.mcus.txt: 0 item(s)
2023-09-20 20:56:01,217 [INFO] ApiDb:427 - User favorites MCUs=[]
2023-09-20 20:56:01,217 [INFO] DbMcus:223 - Set 0 / 0 favorites MCUs
2023-09-20 20:56:01,447 [INFO] ApiDb:423 - Load user favorites file C:\Users\ARYAN/.stm32cubeide/favorites.boards.txt: 0 item(s)
2023-09-20 20:56:01,447 [INFO] ApiDb:427 - User favorites Boards=[]
2023-09-20 20:56:01,447 [INFO] DbBoards:190 - Set 0 / 0 favorites Boards
2023-09-20 20:56:01,447 [INFO] McuFinderGlobals:76 - Set McuFinderConnectedMode to true
2023-09-20 20:56:01,453 [INFO] MultiScanPanel:200 - Auto-refresh data requested => check proxy status ongoing
2023-09-20 20:56:01,456 [INFO] FinderPluginLoader:95 - Searching for filters in installed packs
2023-09-20 20:56:02,666 [INFO] LoadUrlFilesThread:185 - End of LoadServerUrlFiles without Thread
2023-09-20 20:56:02,676 [INFO] DetailPanel:341 - Set advertising image to C:/Users/ARYAN/STM32Cube/Repository/\en.prom-stm32h5-mcu-finder.jpg
2023-09-20 20:56:06,455 [INFO] MultiScanPanel:200 - Auto-refresh data requested => check proxy status ongoing
2023-09-20 20:56:06,620 [INFO] LoadUrlFilesThread:185 - End of LoadServerUrlFiles without Thread
2023-09-20 20:56:06,620 [INFO] DetailPanel:341 - Set advertising image to C:/Users/ARYAN/STM32Cube/Repository/\en.prom-stm32h5-mcu-finder.jpg
2023-09-20 20:56:06,636 [INFO] DbBoards:634 - Loading board mini-images...
2023-09-20 20:56:08,354 [INFO] DbBoards:657 - Loaded 190 board mini-images
2023-09-20 20:56:40,517 [INFO] McuFinderGlobals:76 - Set McuFinderConnectedMode to true
2023-09-20 20:56:40,523 [INFO] ApiDb:448 - Save user favorites file C:\Users\ARYAN/.stm32cubeide/favorites.mcus.txt: 0 item(s)
2023-09-20 20:56:40,524 [INFO] ApiDb:452 - User favorites MCUs=[]
2023-09-20 20:56:40,527 [INFO] ApiDb:448 - Save user favorites file C:\Users\ARYAN/.stm32cubeide/favorites.boards.txt: 0 item(s)
2023-09-20 20:56:40,527 [INFO] ApiDb:452 - User favorites Boards=[]
