2023-10-03 17:12:36,383 [INFO] Activator:176 - 


2023-10-03 17:12:36,389 [INFO] Activator:177 - !SESSION log4j initialized
2023-10-03 17:12:44,092 [INFO] LogOutputStream:77 - [STDOUT_REDIRECT] 
2023-10-03 17:12:46,886 [INFO] ApplicationProperties:184 - Using Application install path: D:\STM32IDE\STM32CubeIDE_1.13.1\STM32CubeIDE\plugins\com.st.stm32cube.common.mx_6.9.2.202309101412
2023-10-03 17:12:46,911 [INFO] DbMcusXml:78 - Set database path to: D:\STM32IDE\STM32CubeIDE_1.13.1\STM32CubeIDE\plugins\com.st.stm32cube.common.mx_6.9.2.202309101412\\db\/mcu/
2023-10-03 17:12:46,912 [INFO] ApiDb:274 - Set plugin database path to: D:\STM32IDE\STM32CubeIDE_1.13.1\STM32CubeIDE\plugins\com.st.stm32cube.common.mx_6.9.2.202309101412\\db\/plugins/boardmanager/
2023-10-03 17:12:46,912 [WARN] ApiDb:259 - Overriding images path with different value:  => D:\STM32IDE\STM32CubeIDE_1.13.1\STM32CubeIDE\plugins\com.st.stm32cube.common.mx_6.9.2.202309101412\\db\/plugins/mcufinder/images/
2023-10-03 17:12:46,937 [INFO] ApiDb:250 - Set database path to: C:\Users\ARYAN\.stmcufinder\plugins\mcufinder//mcu/
2023-10-03 17:12:46,938 [INFO] DbMcusAds:125 - Set database path to: C:\Users\ARYAN\.stmcufinder\plugins\mcufinder//mcu/
2023-10-03 17:12:46,941 [INFO] CrossReferenceDbSqlite:203 - Set database path to: C:\Users\ARYAN\.stmcufinder\plugins\mcufinder//mcu/cs/
2023-10-03 17:12:47,111 [INFO] RulesReader:64 - Compatibility file has been processed (293 Rules)
2023-10-03 17:12:47,267 [INFO] DbMcusXml:78 - Set database path to: D:\STM32IDE\STM32CubeIDE_1.13.1\STM32CubeIDE\plugins\com.st.stm32cube.common.mx_6.9.2.202309101412\\db\/mcu/
2023-10-03 17:12:47,267 [INFO] ApiDb:274 - Set plugin database path to: D:\STM32IDE\STM32CubeIDE_1.13.1\STM32CubeIDE\plugins\com.st.stm32cube.common.mx_6.9.2.202309101412\\db\/plugins/boardmanager/
2023-10-03 17:12:47,267 [INFO] ApiDb:261 - Set plugin images path to: D:\STM32IDE\STM32CubeIDE_1.13.1\STM32CubeIDE\plugins\com.st.stm32cube.common.mx_6.9.2.202309101412\\db\/plugins/mcufinder/images/
2023-10-03 17:12:47,268 [WARN] DbFile:41 - Overriding database path with different value: C:\Users\ARYAN\.stmcufinder\plugins\mcufinder/ => C:\Users\ARYAN\.stmcufinder\plugins\mcufinder
2023-10-03 17:12:47,268 [INFO] ApiDb:250 - Set database path to: C:\Users\ARYAN\.stmcufinder\plugins\mcufinder//mcu/
2023-10-03 17:12:47,268 [WARN] DbFile:41 - Overriding database path with different value: C:\Users\ARYAN\.stmcufinder\plugins\mcufinder/ => C:\Users\ARYAN\.stmcufinder\plugins\mcufinder
2023-10-03 17:12:47,268 [INFO] DbMcusAds:125 - Set database path to: C:\Users\ARYAN\.stmcufinder\plugins\mcufinder//mcu/
2023-10-03 17:12:47,268 [WARN] DbFile:41 - Overriding database path with different value: C:\Users\ARYAN\.stmcufinder\plugins\mcufinder/ => C:\Users\ARYAN\.stmcufinder\plugins\mcufinder
2023-10-03 17:12:47,268 [WARN] DbFile:41 - Overriding database path with different value: C:\Users\ARYAN\.stmcufinder\plugins\mcufinder/ => C:\Users\ARYAN\.stmcufinder\plugins\mcufinder
2023-10-03 17:12:47,268 [INFO] CrossReferenceDbSqlite:203 - Set database path to: C:\Users\ARYAN\.stmcufinder\plugins\mcufinder//mcu/cs/
2023-10-03 17:12:47,363 [INFO] MainPanel:262 - HeapMemory: 268435456
2023-10-03 17:12:47,469 [INFO] DbMcusXml:78 - Set database path to: D:\STM32IDE\STM32CubeIDE_1.13.1\STM32CubeIDE\plugins\com.st.stm32cube.common.mx_6.9.2.202309101412\\db\/mcu/
2023-10-03 17:12:47,469 [INFO] ApiDb:274 - Set plugin database path to: D:\STM32IDE\STM32CubeIDE_1.13.1\STM32CubeIDE\plugins\com.st.stm32cube.common.mx_6.9.2.202309101412\\db\/plugins/boardmanager/
2023-10-03 17:12:47,470 [INFO] ApiDb:261 - Set plugin images path to: D:\STM32IDE\STM32CubeIDE_1.13.1\STM32CubeIDE\plugins\com.st.stm32cube.common.mx_6.9.2.202309101412\\db\/plugins/mcufinder/images/
2023-10-03 17:12:47,471 [WARN] DbFile:41 - Overriding database path with different value: C:\Users\ARYAN\.stmcufinder\plugins\mcufinder/ => C:\Users\ARYAN\.stmcufinder\plugins\mcufinder
2023-10-03 17:12:47,471 [INFO] ApiDb:250 - Set database path to: C:\Users\ARYAN\.stmcufinder\plugins\mcufinder//mcu/
2023-10-03 17:12:47,471 [WARN] DbFile:41 - Overriding database path with different value: C:\Users\ARYAN\.stmcufinder\plugins\mcufinder/ => C:\Users\ARYAN\.stmcufinder\plugins\mcufinder
2023-10-03 17:12:47,471 [INFO] DbMcusAds:125 - Set database path to: C:\Users\ARYAN\.stmcufinder\plugins\mcufinder//mcu/
2023-10-03 17:12:47,471 [WARN] DbFile:41 - Overriding database path with different value: C:\Users\ARYAN\.stmcufinder\plugins\mcufinder/ => C:\Users\ARYAN\.stmcufinder\plugins\mcufinder
2023-10-03 17:12:47,471 [WARN] DbFile:41 - Overriding database path with different value: C:\Users\ARYAN\.stmcufinder\plugins\mcufinder/ => C:\Users\ARYAN\.stmcufinder\plugins\mcufinder
2023-10-03 17:12:47,471 [INFO] CrossReferenceDbSqlite:203 - Set database path to: C:\Users\ARYAN\.stmcufinder\plugins\mcufinder//mcu/cs/
2023-10-03 17:12:47,492 [INFO] ApplicationProperties:184 - Using Application install path: D:\STM32IDE\STM32CubeIDE_1.13.1\STM32CubeIDE\plugins\com.st.stm32cube.common.mx_6.9.2.202309101412
2023-10-03 17:12:47,494 [INFO] PluginManage:196 - Search for loadable plugins [exclusion list=, ]
2023-10-03 17:12:47,496 [INFO] PluginManage:310 - Check plugin analytics
2023-10-03 17:12:47,739 [INFO] AnalyticsPlugin:253 - Accepted Software Licenses: STM32CubeMX.6.9.2
2023-10-03 17:12:47,740 [INFO] AnalyticsPlugin:255 - Accepted CMSIS Pack Licenses: 
2023-10-03 17:12:47,740 [INFO] AnalyticsPlugin:257 - Accepted Firmware Licenses: FW.F4.1.27.0
2023-10-03 17:12:47,745 [INFO] PluginManage:359 - Loaded plugin analytics (category:tool,tabindex:-1)
2023-10-03 17:12:47,746 [INFO] PluginManage:310 - Check plugin cadmodel
2023-10-03 17:12:47,764 [INFO] CADModel:105 - Init CAD model plugin
2023-10-03 17:12:47,764 [INFO] PluginManage:359 - Loaded plugin cadmodel (category:power,tabindex:5)
2023-10-03 17:12:47,764 [INFO] PluginManage:310 - Check plugin clock
2023-10-03 17:12:47,788 [INFO] PluginManage:359 - Loaded plugin clock (category:base,tabindex:2)
2023-10-03 17:12:47,789 [INFO] PluginManage:310 - Check plugin ddr
2023-10-03 17:12:47,792 [INFO] PluginManage:359 - Loaded plugin ddr (category:tool,tabindex:6)
2023-10-03 17:12:47,792 [INFO] PluginManage:310 - Check plugin filemanager
2023-10-03 17:12:47,955 [INFO] PluginManage:359 - Loaded plugin filemanager (category:base,tabindex:10)
2023-10-03 17:12:47,955 [INFO] PluginManage:310 - Check plugin ipmanager
2023-10-03 17:12:47,963 [INFO] PluginManage:359 - Loaded plugin ipmanager (category:base,tabindex:5)
2023-10-03 17:12:47,963 [INFO] PluginManage:310 - Check plugin lpbam
2023-10-03 17:12:47,980 [INFO] PluginManage:359 - Loaded plugin lpbam (category:base,tabindex:0)
2023-10-03 17:12:47,981 [INFO] PluginManage:310 - Check plugin memorymap
2023-10-03 17:12:48,010 [INFO] PluginManage:359 - Loaded plugin memorymap (category:base,tabindex:4)
2023-10-03 17:12:48,010 [INFO] PluginManage:310 - Check plugin pinoutandconfiguration
2023-10-03 17:12:48,028 [INFO] PluginManage:359 - Loaded plugin pinoutandconfiguration (category:base,tabindex:1)
2023-10-03 17:12:48,028 [INFO] PluginManage:310 - Check plugin pinoutconfig
2023-10-03 17:12:48,132 [WARN] SupportedApi:132 - Cannot load RTOS API schema: s4s-elt-must-match.1: The content of 'definitions' must match (annotation?, (simpleType | complexType)?, (unique | key | keyref)*)). A problem was found starting at: attribute.
2023-10-03 17:12:48,296 [INFO] PluginManage:359 - Loaded plugin pinoutconfig (category:base,tabindex:0)
2023-10-03 17:12:48,297 [INFO] PluginManage:310 - Check plugin power
2023-10-03 17:12:48,321 [INFO] PluginManage:359 - Loaded plugin power (category:power,tabindex:4)
2023-10-03 17:12:48,322 [INFO] PluginManage:310 - Check plugin projectmanager
2023-10-03 17:12:48,341 [INFO] PluginManage:359 - Loaded plugin projectmanager (category:projectmanager,tabindex:3)
2023-10-03 17:12:48,341 [INFO] PluginManage:310 - Check plugin thirdparty
2023-10-03 17:12:48,652 [INFO] PluginManage:359 - Loaded plugin thirdparty (category:base,tabindex:-1)
2023-10-03 17:12:48,652 [WARN] IntegrityCheckThread:84 - waiting for thirdparty lock release [integrity check]
2023-10-03 17:12:48,652 [INFO] PluginManage:310 - Check plugin tools
2023-10-03 17:12:48,652 [INFO] IntegrityCheckThread:86 - entering critical section [integrity check]
2023-10-03 17:12:48,653 [INFO] ThirdPartyUpdaterWithRetryManager:70 - Updater plugin not ready yet. [1/15]
2023-10-03 17:12:48,680 [INFO] PluginManage:359 - Loaded plugin tools (category:base,tabindex:7)
2023-10-03 17:12:48,680 [INFO] PluginManage:310 - Check plugin tutovideos
2023-10-03 17:12:48,882 [INFO] PluginManage:359 - Loaded plugin tutovideos (category:base,tabindex:-1)
2023-10-03 17:12:48,882 [INFO] PluginManage:310 - Check plugin updater
2023-10-03 17:12:48,895 [INFO] PluginManage:359 - Loaded plugin updater (category:base,tabindex:12)
2023-10-03 17:12:48,895 [INFO] PluginManage:310 - Check plugin userauth
2023-10-03 17:12:48,902 [INFO] UserAuth:113 - Init User Auth plugin
2023-10-03 17:12:48,902 [INFO] PluginManage:359 - Loaded plugin userauth (category:base,tabindex:14)
2023-10-03 17:12:48,903 [INFO] PluginManage:283 - PluginManage : Loaded plugins [17]
2023-10-03 17:12:49,146 [INFO] PinOutPanel:1499 - setPackage(No Configuration,No Configuration)
2023-10-03 17:12:49,268 [INFO] CADModel:165 - CPN selected for project level
2023-10-03 17:12:49,268 [INFO] CADModel:114 - Register for checkConnection events
2023-10-03 17:12:49,294 [INFO] IPUIPlugin:80 - create IPUIPlugin
2023-10-03 17:12:49,294 [INFO] PluginManager:220 - loadIPPluginJar : add adc
2023-10-03 17:12:49,322 [INFO] IPUIPlugin:80 - create IPUIPlugin
2023-10-03 17:12:49,323 [INFO] PluginManager:220 - loadIPPluginJar : add aes
2023-10-03 17:12:49,355 [INFO] IPUIPlugin:80 - create IPUIPlugin
2023-10-03 17:12:49,355 [INFO] PluginManager:220 - loadIPPluginJar : add can
2023-10-03 17:12:49,374 [INFO] IPUIPlugin:80 - create IPUIPlugin
2023-10-03 17:12:49,374 [INFO] PluginManager:220 - loadIPPluginJar : add comp
2023-10-03 17:12:49,401 [INFO] IPUIPlugin:80 - create IPUIPlugin
2023-10-03 17:12:49,401 [INFO] PluginManager:220 - loadIPPluginJar : add cryp
2023-10-03 17:12:49,426 [INFO] IPUIPlugin:80 - create IPUIPlugin
2023-10-03 17:12:49,427 [INFO] PluginManager:220 - loadIPPluginJar : add dfsdm
2023-10-03 17:12:49,445 [INFO] IPUIPlugin:80 - create IPUIPlugin
2023-10-03 17:12:49,446 [INFO] PluginManager:220 - loadIPPluginJar : add dma
2023-10-03 17:12:49,481 [INFO] IPUIPlugin:80 - create IPUIPlugin
2023-10-03 17:12:49,481 [INFO] PluginManager:220 - loadIPPluginJar : add dma3
2023-10-03 17:12:49,498 [INFO] IPUIPlugin:80 - create IPUIPlugin
2023-10-03 17:12:49,498 [INFO] PluginManager:220 - loadIPPluginJar : add fatfs
2023-10-03 17:12:49,537 [INFO] IPUIPlugin:80 - create IPUIPlugin
2023-10-03 17:12:49,537 [INFO] PluginManager:220 - loadIPPluginJar : add fmc
2023-10-03 17:12:49,550 [INFO] IPUIPlugin:80 - create IPUIPlugin
2023-10-03 17:12:49,550 [INFO] PluginManager:220 - loadIPPluginJar : add freertos
2023-10-03 17:12:49,567 [INFO] IPUIPlugin:80 - create IPUIPlugin
2023-10-03 17:12:49,567 [INFO] PluginManager:220 - loadIPPluginJar : add genericplugin
2023-10-03 17:12:49,640 [INFO] IPUIPlugin:80 - create IPUIPlugin
2023-10-03 17:12:49,640 [INFO] PluginManager:220 - loadIPPluginJar : add gfxmmu
2023-10-03 17:12:49,744 [INFO] IPUIPlugin:80 - create IPUIPlugin
2023-10-03 17:12:49,744 [INFO] PluginManager:220 - loadIPPluginJar : add gic
2023-10-03 17:12:49,755 [INFO] IPUIPlugin:80 - create IPUIPlugin
2023-10-03 17:12:49,755 [INFO] PluginManager:220 - loadIPPluginJar : add gpio
2023-10-03 17:12:49,828 [INFO] IPUIPlugin:80 - create IPUIPlugin
2023-10-03 17:12:49,828 [INFO] PluginManager:220 - loadIPPluginJar : add gtzc
2023-10-03 17:12:49,854 [INFO] IPUIPlugin:80 - create IPUIPlugin
2023-10-03 17:12:49,854 [INFO] PluginManager:220 - loadIPPluginJar : add hash
2023-10-03 17:12:49,896 [INFO] IPUIPlugin:80 - create IPUIPlugin
2023-10-03 17:12:49,896 [INFO] PluginManager:220 - loadIPPluginJar : add i2c
2023-10-03 17:12:49,930 [INFO] IPUIPlugin:80 - create IPUIPlugin
2023-10-03 17:12:49,930 [INFO] PluginManager:220 - loadIPPluginJar : add i2s
2023-10-03 17:12:49,963 [INFO] IPUIPlugin:80 - create IPUIPlugin
2023-10-03 17:12:49,963 [INFO] PluginManager:220 - loadIPPluginJar : add i3c
2023-10-03 17:12:50,048 [INFO] IPUIPlugin:80 - create IPUIPlugin
2023-10-03 17:12:50,049 [INFO] PluginManager:220 - loadIPPluginJar : add ipddr
2023-10-03 17:12:50,135 [INFO] IPUIPlugin:80 - create IPUIPlugin
2023-10-03 17:12:50,136 [INFO] PluginManager:220 - loadIPPluginJar : add linkedlist
2023-10-03 17:12:50,165 [INFO] IPUIPlugin:80 - create IPUIPlugin
2023-10-03 17:12:50,165 [INFO] PluginManager:220 - loadIPPluginJar : add lorawan
2023-10-03 17:12:50,194 [INFO] IPUIPlugin:80 - create IPUIPlugin
2023-10-03 17:12:50,195 [INFO] PluginManager:220 - loadIPPluginJar : add ltdc
2023-10-03 17:12:50,207 [INFO] IPUIPlugin:80 - create IPUIPlugin
2023-10-03 17:12:50,208 [INFO] PluginManager:220 - loadIPPluginJar : add mdma
2023-10-03 17:12:50,218 [INFO] IPUIPlugin:80 - create IPUIPlugin
2023-10-03 17:12:50,219 [INFO] PluginManager:220 - loadIPPluginJar : add nvic
2023-10-03 17:12:50,248 [INFO] IPUIPlugin:80 - create IPUIPlugin
2023-10-03 17:12:50,248 [INFO] PluginManager:220 - loadIPPluginJar : add opamp
2023-10-03 17:12:50,303 [INFO] IPUIPlugin:80 - create IPUIPlugin
2023-10-03 17:12:50,303 [INFO] PluginManager:220 - loadIPPluginJar : add openamp
2023-10-03 17:12:50,339 [INFO] IPUIPlugin:80 - create IPUIPlugin
2023-10-03 17:12:50,339 [INFO] PluginManager:220 - loadIPPluginJar : add pdm2pcm
2023-10-03 17:12:50,351 [INFO] IPUIPlugin:80 - create IPUIPlugin
2023-10-03 17:12:50,354 [INFO] PluginManager:220 - loadIPPluginJar : add plateformsettings
2023-10-03 17:12:50,371 [INFO] IPUIPlugin:80 - create IPUIPlugin
2023-10-03 17:12:50,372 [INFO] PluginManager:220 - loadIPPluginJar : add quadspi
2023-10-03 17:12:50,383 [INFO] IPUIPlugin:80 - create IPUIPlugin
2023-10-03 17:12:50,383 [INFO] PluginManager:220 - loadIPPluginJar : add resmgrutility
2023-10-03 17:12:50,422 [INFO] IPUIPlugin:80 - create IPUIPlugin
2023-10-03 17:12:50,422 [INFO] PluginManager:220 - loadIPPluginJar : add sai
2023-10-03 17:12:50,452 [INFO] IPUIPlugin:80 - create IPUIPlugin
2023-10-03 17:12:50,452 [INFO] PluginManager:220 - loadIPPluginJar : add spi
2023-10-03 17:12:50,498 [INFO] IPUIPlugin:80 - create IPUIPlugin
2023-10-03 17:12:50,498 [INFO] PluginManager:220 - loadIPPluginJar : add stm32_wpan
2023-10-03 17:12:50,517 [INFO] IPUIPlugin:80 - create IPUIPlugin
2023-10-03 17:12:50,517 [INFO] PluginManager:220 - loadIPPluginJar : add tim
2023-10-03 17:12:50,560 [INFO] IPUIPlugin:80 - create IPUIPlugin
2023-10-03 17:12:50,560 [INFO] PluginManager:220 - loadIPPluginJar : add touchsensing
2023-10-03 17:12:50,579 [INFO] IPUIPlugin:80 - create IPUIPlugin
2023-10-03 17:12:50,579 [INFO] PluginManager:220 - loadIPPluginJar : add tracer_emb
2023-10-03 17:12:50,597 [INFO] IPUIPlugin:80 - create IPUIPlugin
2023-10-03 17:12:50,598 [INFO] PluginManager:220 - loadIPPluginJar : add ts
2023-10-03 17:12:50,615 [INFO] IPUIPlugin:80 - create IPUIPlugin
2023-10-03 17:12:50,616 [INFO] PluginManager:220 - loadIPPluginJar : add tsc
2023-10-03 17:12:50,633 [INFO] IPUIPlugin:80 - create IPUIPlugin
2023-10-03 17:12:50,634 [INFO] PluginManager:220 - loadIPPluginJar : add ucpd
2023-10-03 17:12:50,669 [INFO] IPUIPlugin:80 - create IPUIPlugin
2023-10-03 17:12:50,669 [INFO] PluginManager:220 - loadIPPluginJar : add usart
2023-10-03 17:12:50,704 [INFO] IPUIPlugin:80 - create IPUIPlugin
2023-10-03 17:12:50,704 [INFO] PluginManager:220 - loadIPPluginJar : add usbx
2023-10-03 17:12:50,832 [INFO] CADModel:165 - CPN selected for project level
2023-10-03 17:12:50,832 [INFO] CADModel:114 - Register for checkConnection events
2023-10-03 17:12:50,832 [FATAL] Updater:308 - Updater called before beeing initialized
2023-10-03 17:12:50,832 [ERROR] CADModel:125 - Updater not yet initialized, retry later 
2023-10-03 17:12:50,997 [INFO] CADModel:165 - CPN selected for project level
2023-10-03 17:12:50,997 [INFO] CADModel:114 - Register for checkConnection events
2023-10-03 17:12:50,997 [FATAL] Updater:308 - Updater called before beeing initialized
2023-10-03 17:12:50,997 [ERROR] CADModel:125 - Updater not yet initialized, retry later 
2023-10-03 17:12:51,001 [FATAL] Updater:308 - Updater called before beeing initialized
2023-10-03 17:12:51,138 [FATAL] Updater:308 - Updater called before beeing initialized
2023-10-03 17:12:51,152 [INFO] DbMcusAds:53 - JSON generation date=Tue Mar 07 14:20:55 IST 2023 (1678179055114)
2023-10-03 17:12:51,152 [FATAL] Updater:308 - Updater called before beeing initialized
2023-10-03 17:12:51,226 [WARN] DetailPanel:346 - Failed to get advertising image, set to default
2023-10-03 17:12:51,314 [FATAL] Updater:308 - Updater called before beeing initialized
2023-10-03 17:12:51,317 [FATAL] Updater:308 - Updater called before beeing initialized
2023-10-03 17:12:51,317 [FATAL] Updater:308 - Updater called before beeing initialized
2023-10-03 17:12:51,317 [WARN] DetailPanel:346 - Failed to get advertising image, set to default
2023-10-03 17:12:51,318 [FATAL] Updater:308 - Updater called before beeing initialized
2023-10-03 17:12:51,389 [ERROR] Updater:1120 - MainUpdater not yet initialized. External WinMGr cannot be set.
2023-10-03 17:12:51,399 [INFO] Updater:1056 - Updater Version found : 6.9.2
2023-10-03 17:12:51,420 [INFO] ApplicationProperties:184 - Using Application install path: D:\STM32IDE\STM32CubeIDE_1.13.1\STM32CubeIDE\plugins\com.st.stm32cube.common.mx_6.9.2.202309101412
2023-10-03 17:12:51,653 [INFO] ThirdPartyUpdaterWithRetryManager:70 - Updater plugin not ready yet. [2/15]
2023-10-03 17:12:51,946 [INFO] MainUpdater:2868 - connection check result : 10
2023-10-03 17:12:51,947 [INFO] MainUpdater:285 - Updater Check For Update Now.
2023-10-03 17:12:51,947 [INFO] MicroXplorer:498 - Change Database Version : DB.6.0.92
2023-10-03 17:12:51,964 [INFO] McuFinderGlobals:63 - Set McuFinder mode to 2 (CubeIDE integrated)
2023-10-03 17:12:52,181 [INFO] CheckServerUpdateThread:120 - End of CheckServer Thread
2023-10-03 17:12:54,869 [WARN] PackLoader:240 - Cannot read IP mode file for STMicroelectronics.X-CUBE-SMBUS.2.1.0
2023-10-03 17:12:54,941 [WARN] PackLoader:240 - Cannot read IP mode file for STMicroelectronics.X-CUBE-AZRTOS-F7.1.1.0
2023-10-03 17:12:54,982 [WARN] PackLoader:240 - Cannot read IP mode file for STMicroelectronics.FP-SNS-MOTENV1.4.3.2
2023-10-03 17:12:55,008 [WARN] PackLoader:240 - Cannot read IP mode file for STMicroelectronics.FP-SNS-FLIGHT1.5.0.2
2023-10-03 17:12:55,040 [WARN] PackLoader:240 - Cannot read IP mode file for STMicroelectronics.X-CUBE-DISPLAY.3.0.0
2023-10-03 17:12:55,074 [WARN] PackLoader:240 - Cannot read IP mode file for STMicroelectronics.X-CUBE-BLE1.7.0.0
2023-10-03 17:12:55,090 [WARN] PackLoader:240 - Cannot read IP mode file for emotas.I-CUBE-CANOPEN.1.3.0
2023-10-03 17:12:55,110 [WARN] PackLoader:240 - Cannot read IP mode file for STMicroelectronics.X-CUBE-TOUCHGFX.4.22.0
2023-10-03 17:12:55,124 [WARN] PackLoader:240 - Cannot read IP mode file for STMicroelectronics.X-CUBE-TOUCHGFX.4.22.1
2023-10-03 17:12:55,140 [WARN] PackLoader:240 - Cannot read IP mode file for STMicroelectronics.FP-SNS-SMARTAG2.1.2.0
2023-10-03 17:12:55,173 [INFO] LogOutputStream:77 - [STDOUT_REDIRECT] 1 : Invalid condition id : UX_CORESTACK_Condition cause : null
2023-10-03 17:12:55,174 [INFO] LogOutputStream:77 - [STDOUT_REDIRECT] 1 : Invalid condition id : UX_CORESTACK_Condition cause : null
2023-10-03 17:12:55,176 [INFO] LogOutputStream:77 - [STDOUT_REDIRECT] 1 : Invalid condition id : UX_CORESTACK_Condition cause : null
2023-10-03 17:12:55,179 [INFO] LogOutputStream:77 - [STDOUT_REDIRECT] 1 : Invalid condition id : UX_CORESTACK_Condition cause : null
2023-10-03 17:12:55,182 [INFO] LogOutputStream:77 - [STDOUT_REDIRECT] 1 : Invalid condition id : UX_CORESTACK_Condition cause : null
2023-10-03 17:12:55,185 [WARN] PackLoader:240 - Cannot read IP mode file for STMicroelectronics.X-CUBE-AZRTOS-WL.2.0.0
2023-10-03 17:12:55,212 [WARN] PackLoader:240 - Cannot read IP mode file for WES.I-CUBE-Cesium.1.3.0
2023-10-03 17:12:55,226 [WARN] PackLoader:240 - Cannot read IP mode file for STMicroelectronics.X-CUBE-BLE2.3.3.0
2023-10-03 17:12:55,242 [WARN] PackLoader:240 - Cannot read IP mode file for STMicroelectronics.X-CUBE-ALGOBUILD.1.3.0
2023-10-03 17:12:55,276 [WARN] PackLoader:240 - Cannot read IP mode file for STMicroelectronics.X-CUBE-AZRTOS-G0.1.1.0
2023-10-03 17:12:55,294 [WARN] PackLoader:240 - Cannot read IP mode file for STMicroelectronics.X-CUBE-NFC4.3.0.0
2023-10-03 17:12:55,309 [WARN] PackLoader:240 - Cannot read IP mode file for STMicroelectronics.FP-ATR-SIGFOX1.3.2.0
2023-10-03 17:12:55,363 [WARN] PackLoader:240 - Cannot read IP mode file for SEGGER.I-CUBE-embOS.1.3.1
2023-10-03 17:12:55,494 [WARN] PackLoader:240 - Cannot read IP mode file for STMicroelectronics.X-CUBE-GNSS1.6.0.0
2023-10-03 17:12:55,532 [WARN] PackLoader:240 - Cannot read IP mode file for STMicroelectronics.X-CUBE-AZRTOS-F4.1.1.0
2023-10-03 17:12:55,552 [WARN] PackLoader:240 - Cannot read IP mode file for wolfSSL.I-CUBE-wolfSSL.5.6.3
2023-10-03 17:12:55,591 [WARN] PackLoader:240 - Cannot read IP mode file for STMicroelectronics.X-CUBE-AZRTOS-L5.2.0.0
2023-10-03 17:12:55,658 [WARN] PackLoader:240 - Cannot read IP mode file for STMicroelectronics.X-CUBE-MEMS1.9.6.0
2023-10-03 17:12:55,825 [WARN] PackLoader:240 - Cannot read IP mode file for ITTIA_DB.I-CUBE-ITTIADB.8.8.0
2023-10-03 17:12:55,842 [WARN] PackLoader:240 - Cannot read IP mode file for STMicroelectronics.X-CUBE-BLEMGR.2.0.0
2023-10-03 17:12:55,872 [WARN] ConditionMgr:438 - getConditionDescription Invalid condition id : UX DEVICE CLASS RTOS Condition cause : null
2023-10-03 17:12:55,872 [WARN] ConditionMgr:438 - getConditionDescription Invalid condition id : UX DEVICE CLASS RTOS Condition cause : null
2023-10-03 17:12:55,875 [WARN] PackLoader:240 - Cannot read IP mode file for STMicroelectronics.X-CUBE-AZRTOS-H7.3.1.0
2023-10-03 17:12:55,876 [WARN] ConditionMgr:1039 - genDependencies : Invalid condition id : UX DEVICE CLASS RTOS Condition cause : null
2023-10-03 17:12:55,876 [WARN] ConditionMgr:1039 - genDependencies : Invalid condition id : UX DEVICE CLASS RTOS Condition cause : null
2023-10-03 17:12:55,877 [WARN] ConditionMgr:1039 - genDependencies : Invalid condition id : UX DEVICE CLASS RTOS Condition cause : null
2023-10-03 17:12:55,877 [WARN] ConditionMgr:1039 - genDependencies : Invalid condition id : UX DEVICE CLASS RTOS Condition cause : null
2023-10-03 17:12:55,877 [WARN] ConditionMgr:1039 - genDependencies : Invalid condition id : UX DEVICE CLASS RTOS Condition cause : null
2023-10-03 17:12:55,891 [WARN] PackLoader:240 - Cannot read IP mode file for STMicroelectronics.X-CUBE-NFC7.1.0.1
2023-10-03 17:12:55,907 [WARN] PackLoader:240 - Cannot read IP mode file for STMicroelectronics.X-CUBE-NFC6.3.0.0
2023-10-03 17:12:55,922 [WARN] PackLoader:240 - Cannot read IP mode file for STMicroelectronics.X-CUBE-EEPRMA1.4.1.0
2023-10-03 17:12:55,936 [WARN] PackLoader:240 - Cannot read IP mode file for STMicroelectronics.X-CUBE-AI.8.1.0
2023-10-03 17:12:55,969 [WARN] ConditionMgr:438 - getConditionDescription Invalid condition id : LAN8742 Phy interface Condition cause : null
2023-10-03 17:12:55,970 [WARN] PackLoader:240 - Cannot read IP mode file for STMicroelectronics.X-CUBE-AZRTOS-L4.2.0.0
2023-10-03 17:12:55,971 [WARN] ConditionMgr:1039 - genDependencies : Invalid condition id : LAN8742 Phy interface Condition cause : null
2023-10-03 17:12:55,971 [WARN] ConditionMgr:1039 - genDependencies : Invalid condition id : LAN8742 Phy interface Condition cause : null
2023-10-03 17:12:55,971 [WARN] ConditionMgr:1039 - genDependencies : Invalid condition id : LAN8742 Phy interface Condition cause : null
2023-10-03 17:12:55,987 [WARN] PackLoader:240 - Cannot read IP mode file for STMicroelectronics.X-CUBE-SFXS2LP1.4.0.0
2023-10-03 17:12:56,003 [WARN] PackLoader:240 - Cannot read IP mode file for STMicroelectronics.X-CUBE-ISPU.1.1.0
2023-10-03 17:12:56,035 [WARN] ConditionMgr:438 - getConditionDescription Invalid condition id : UX DEVICE CLASS RTOS Condition cause : null
2023-10-03 17:12:56,036 [WARN] ConditionMgr:438 - getConditionDescription Invalid condition id : UX DEVICE CLASS RTOS Condition cause : null
2023-10-03 17:12:56,039 [WARN] PackLoader:240 - Cannot read IP mode file for STMicroelectronics.X-CUBE-AZRTOS-WB.2.0.0
2023-10-03 17:12:56,040 [WARN] ConditionMgr:1039 - genDependencies : Invalid condition id : UX DEVICE CLASS RTOS Condition cause : null
2023-10-03 17:12:56,040 [WARN] ConditionMgr:1039 - genDependencies : Invalid condition id : UX DEVICE CLASS RTOS Condition cause : null
2023-10-03 17:12:56,041 [WARN] ConditionMgr:1039 - genDependencies : Invalid condition id : UX DEVICE CLASS RTOS Condition cause : null
2023-10-03 17:12:56,041 [WARN] ConditionMgr:1039 - genDependencies : Invalid condition id : UX DEVICE CLASS RTOS Condition cause : null
2023-10-03 17:12:56,041 [WARN] ConditionMgr:1039 - genDependencies : Invalid condition id : UX DEVICE CLASS RTOS Condition cause : null
2023-10-03 17:12:56,069 [WARN] PackLoader:240 - Cannot read IP mode file for STMicroelectronics.X-CUBE-SUBG2.5.0.0
2023-10-03 17:12:56,108 [WARN] PackLoader:240 - Cannot read IP mode file for STMicroelectronics.X-CUBE-TOF1.3.3.1
2023-10-03 17:12:56,170 [WARN] PackLoader:240 - Cannot read IP mode file for STMicroelectronics.X-CUBE-AZRTOS-G4.2.0.0
2023-10-03 17:12:56,193 [WARN] PackLoader:240 - Cannot read IP mode file for STMicroelectronics.X-CUBE-FREERTOS.1.1.0
2023-10-03 17:12:56,213 [WARN] PackLoader:240 - Cannot read IP mode file for portGmbH.I-Cube-SoM-uGOAL.1.1.0
2023-10-03 17:12:56,229 [WARN] PackLoader:240 - Cannot read IP mode file for STMicroelectronics.X-CUBE-ALS.1.0.1
2023-10-03 17:12:56,243 [WARN] PackLoader:240 - Cannot read IP mode file for STMicroelectronics.FP-ATR-ASTRA1.2.0.0
2023-10-03 17:12:56,244 [INFO] ThirdParty:978 - Integrity check success = true
2023-10-03 17:12:56,245 [INFO] IntegrityCheckThread:100 - exiting critical section [integrity check]
2023-10-03 17:12:56,245 [INFO] IntegrityCheckThread:103 - End integrity checks thread
2023-10-03 17:13:06,500 [ERROR] LogOutputStream:75 - [STDERR_REDIRECT] SLF4J: Failed to load class "org.slf4j.impl.StaticLoggerBinder".
2023-10-03 17:13:06,500 [ERROR] LogOutputStream:75 - [STDERR_REDIRECT] SLF4J: Defaulting to no-operation (NOP) logger implementation
2023-10-03 17:13:06,501 [ERROR] LogOutputStream:75 - [STDERR_REDIRECT] SLF4J: See http://www.slf4j.org/codes.html#StaticLoggerBinder for further details.
