2023-09-10 13:26:49,602 [INFO] Activator:176 - 


2023-09-10 13:26:49,610 [INFO] Activator:177 - !SESSION log4j initialized
2023-09-10 13:26:56,298 [INFO] LogOutputStream:77 - [STDOUT_REDIRECT] 
2023-09-10 13:26:57,723 [INFO] ApplicationProperties:184 - Using Application install path: D:\STM32IDE\STM32CubeIDE_1.13.1\STM32CubeIDE\plugins\com.st.stm32cube.common.mx_6.9.1.202307191849
2023-09-10 13:26:57,742 [INFO] DbMcusXml:78 - Set database path to: D:\STM32IDE\STM32CubeIDE_1.13.1\STM32CubeIDE\plugins\com.st.stm32cube.common.mx_6.9.1.202307191849\\db\/mcu/
2023-09-10 13:26:57,743 [INFO] ApiDb:274 - Set plugin database path to: D:\STM32IDE\STM32CubeIDE_1.13.1\STM32CubeIDE\plugins\com.st.stm32cube.common.mx_6.9.1.202307191849\\db\/plugins/boardmanager/
2023-09-10 13:26:57,743 [WARN] ApiDb:259 - Overriding images path with different value:  => D:\STM32IDE\STM32CubeIDE_1.13.1\STM32CubeIDE\plugins\com.st.stm32cube.common.mx_6.9.1.202307191849\\db\/plugins/mcufinder/images/
2023-09-10 13:26:57,755 [INFO] ApiDb:250 - Set database path to: C:\Users\ARYAN\.stmcufinder\plugins\mcufinder//mcu/
2023-09-10 13:26:57,756 [INFO] DbMcusAds:125 - Set database path to: C:\Users\ARYAN\.stmcufinder\plugins\mcufinder//mcu/
2023-09-10 13:26:57,758 [INFO] CrossReferenceDbSqlite:203 - Set database path to: C:\Users\ARYAN\.stmcufinder\plugins\mcufinder//mcu/cs/
2023-09-10 13:26:57,867 [INFO] RulesReader:64 - Compatibility file has been processed (293 Rules)
2023-09-10 13:26:57,956 [INFO] DbMcusXml:78 - Set database path to: D:\STM32IDE\STM32CubeIDE_1.13.1\STM32CubeIDE\plugins\com.st.stm32cube.common.mx_6.9.1.202307191849\\db\/mcu/
2023-09-10 13:26:57,957 [INFO] ApiDb:274 - Set plugin database path to: D:\STM32IDE\STM32CubeIDE_1.13.1\STM32CubeIDE\plugins\com.st.stm32cube.common.mx_6.9.1.202307191849\\db\/plugins/boardmanager/
2023-09-10 13:26:57,957 [INFO] ApiDb:261 - Set plugin images path to: D:\STM32IDE\STM32CubeIDE_1.13.1\STM32CubeIDE\plugins\com.st.stm32cube.common.mx_6.9.1.202307191849\\db\/plugins/mcufinder/images/
2023-09-10 13:26:57,957 [WARN] DbFile:41 - Overriding database path with different value: C:\Users\ARYAN\.stmcufinder\plugins\mcufinder/ => C:\Users\ARYAN\.stmcufinder\plugins\mcufinder
2023-09-10 13:26:57,957 [INFO] ApiDb:250 - Set database path to: C:\Users\ARYAN\.stmcufinder\plugins\mcufinder//mcu/
2023-09-10 13:26:57,958 [WARN] DbFile:41 - Overriding database path with different value: C:\Users\ARYAN\.stmcufinder\plugins\mcufinder/ => C:\Users\ARYAN\.stmcufinder\plugins\mcufinder
2023-09-10 13:26:57,958 [INFO] DbMcusAds:125 - Set database path to: C:\Users\ARYAN\.stmcufinder\plugins\mcufinder//mcu/
2023-09-10 13:26:57,958 [WARN] DbFile:41 - Overriding database path with different value: C:\Users\ARYAN\.stmcufinder\plugins\mcufinder/ => C:\Users\ARYAN\.stmcufinder\plugins\mcufinder
2023-09-10 13:26:57,958 [WARN] DbFile:41 - Overriding database path with different value: C:\Users\ARYAN\.stmcufinder\plugins\mcufinder/ => C:\Users\ARYAN\.stmcufinder\plugins\mcufinder
2023-09-10 13:26:57,958 [INFO] CrossReferenceDbSqlite:203 - Set database path to: C:\Users\ARYAN\.stmcufinder\plugins\mcufinder//mcu/cs/
2023-09-10 13:26:58,027 [INFO] MainPanel:262 - HeapMemory: 268435456
2023-09-10 13:26:58,105 [INFO] DbMcusXml:78 - Set database path to: D:\STM32IDE\STM32CubeIDE_1.13.1\STM32CubeIDE\plugins\com.st.stm32cube.common.mx_6.9.1.202307191849\\db\/mcu/
2023-09-10 13:26:58,105 [INFO] ApiDb:274 - Set plugin database path to: D:\STM32IDE\STM32CubeIDE_1.13.1\STM32CubeIDE\plugins\com.st.stm32cube.common.mx_6.9.1.202307191849\\db\/plugins/boardmanager/
2023-09-10 13:26:58,105 [INFO] ApiDb:261 - Set plugin images path to: D:\STM32IDE\STM32CubeIDE_1.13.1\STM32CubeIDE\plugins\com.st.stm32cube.common.mx_6.9.1.202307191849\\db\/plugins/mcufinder/images/
2023-09-10 13:26:58,106 [WARN] DbFile:41 - Overriding database path with different value: C:\Users\ARYAN\.stmcufinder\plugins\mcufinder/ => C:\Users\ARYAN\.stmcufinder\plugins\mcufinder
2023-09-10 13:26:58,106 [INFO] ApiDb:250 - Set database path to: C:\Users\ARYAN\.stmcufinder\plugins\mcufinder//mcu/
2023-09-10 13:26:58,106 [WARN] DbFile:41 - Overriding database path with different value: C:\Users\ARYAN\.stmcufinder\plugins\mcufinder/ => C:\Users\ARYAN\.stmcufinder\plugins\mcufinder
2023-09-10 13:26:58,106 [INFO] DbMcusAds:125 - Set database path to: C:\Users\ARYAN\.stmcufinder\plugins\mcufinder//mcu/
2023-09-10 13:26:58,106 [WARN] DbFile:41 - Overriding database path with different value: C:\Users\ARYAN\.stmcufinder\plugins\mcufinder/ => C:\Users\ARYAN\.stmcufinder\plugins\mcufinder
2023-09-10 13:26:58,106 [WARN] DbFile:41 - Overriding database path with different value: C:\Users\ARYAN\.stmcufinder\plugins\mcufinder/ => C:\Users\ARYAN\.stmcufinder\plugins\mcufinder
2023-09-10 13:26:58,106 [INFO] CrossReferenceDbSqlite:203 - Set database path to: C:\Users\ARYAN\.stmcufinder\plugins\mcufinder//mcu/cs/
2023-09-10 13:26:58,123 [INFO] ApplicationProperties:184 - Using Application install path: D:\STM32IDE\STM32CubeIDE_1.13.1\STM32CubeIDE\plugins\com.st.stm32cube.common.mx_6.9.1.202307191849
2023-09-10 13:26:58,125 [INFO] PluginManage:196 - Search for loadable plugins [exclusion list=, ]
2023-09-10 13:26:58,126 [INFO] PluginManage:310 - Check plugin analytics
2023-09-10 13:26:58,306 [INFO] AnalyticsPlugin:253 - Accepted Software Licenses: 
2023-09-10 13:26:58,306 [INFO] AnalyticsPlugin:255 - Accepted CMSIS Pack Licenses: 
2023-09-10 13:26:58,306 [INFO] AnalyticsPlugin:257 - Accepted Firmware Licenses: 
2023-09-10 13:26:58,309 [INFO] PluginManage:359 - Loaded plugin analytics (category:tool,tabindex:-1)
2023-09-10 13:26:58,311 [INFO] PluginManage:310 - Check plugin cadmodel
2023-09-10 13:26:58,325 [INFO] CADModel:105 - Init CAD model plugin
2023-09-10 13:26:58,325 [INFO] PluginManage:359 - Loaded plugin cadmodel (category:power,tabindex:5)
2023-09-10 13:26:58,325 [INFO] PluginManage:310 - Check plugin clock
2023-09-10 13:26:58,344 [INFO] PluginManage:359 - Loaded plugin clock (category:base,tabindex:2)
2023-09-10 13:26:58,344 [INFO] PluginManage:310 - Check plugin ddr
2023-09-10 13:26:58,346 [INFO] PluginManage:359 - Loaded plugin ddr (category:tool,tabindex:6)
2023-09-10 13:26:58,346 [INFO] PluginManage:310 - Check plugin filemanager
2023-09-10 13:26:58,482 [INFO] PluginManage:359 - Loaded plugin filemanager (category:base,tabindex:10)
2023-09-10 13:26:58,483 [INFO] PluginManage:310 - Check plugin ipmanager
2023-09-10 13:26:58,492 [INFO] PluginManage:359 - Loaded plugin ipmanager (category:base,tabindex:5)
2023-09-10 13:26:58,493 [INFO] PluginManage:310 - Check plugin lpbam
2023-09-10 13:26:58,510 [INFO] PluginManage:359 - Loaded plugin lpbam (category:base,tabindex:0)
2023-09-10 13:26:58,511 [INFO] PluginManage:310 - Check plugin memorymap
2023-09-10 13:26:58,531 [INFO] PluginManage:359 - Loaded plugin memorymap (category:base,tabindex:4)
2023-09-10 13:26:58,531 [INFO] PluginManage:310 - Check plugin pinoutandconfiguration
2023-09-10 13:26:58,545 [INFO] PluginManage:359 - Loaded plugin pinoutandconfiguration (category:base,tabindex:1)
2023-09-10 13:26:58,545 [INFO] PluginManage:310 - Check plugin pinoutconfig
2023-09-10 13:26:58,638 [WARN] SupportedApi:132 - Cannot load RTOS API schema: s4s-elt-must-match.1: The content of 'definitions' must match (annotation?, (simpleType | complexType)?, (unique | key | keyref)*)). A problem was found starting at: attribute.
2023-09-10 13:26:58,765 [INFO] PluginManage:359 - Loaded plugin pinoutconfig (category:base,tabindex:0)
2023-09-10 13:26:58,766 [INFO] PluginManage:310 - Check plugin power
2023-09-10 13:26:58,794 [INFO] PluginManage:359 - Loaded plugin power (category:power,tabindex:4)
2023-09-10 13:26:58,795 [INFO] PluginManage:310 - Check plugin projectmanager
2023-09-10 13:26:58,813 [INFO] PluginManage:359 - Loaded plugin projectmanager (category:projectmanager,tabindex:3)
2023-09-10 13:26:58,814 [INFO] PluginManage:310 - Check plugin thirdparty
2023-09-10 13:26:59,087 [INFO] PluginManage:359 - Loaded plugin thirdparty (category:base,tabindex:-1)
2023-09-10 13:26:59,087 [WARN] IntegrityCheckThread:84 - waiting for thirdparty lock release [integrity check]
2023-09-10 13:26:59,087 [INFO] PluginManage:310 - Check plugin tools
2023-09-10 13:26:59,087 [INFO] IntegrityCheckThread:86 - entering critical section [integrity check]
2023-09-10 13:26:59,088 [INFO] ThirdPartyUpdaterWithRetryManager:70 - Updater plugin not ready yet. [1/15]
2023-09-10 13:26:59,121 [INFO] PluginManage:359 - Loaded plugin tools (category:base,tabindex:7)
2023-09-10 13:26:59,121 [INFO] PluginManage:310 - Check plugin tutovideos
2023-09-10 13:26:59,290 [INFO] PluginManage:359 - Loaded plugin tutovideos (category:base,tabindex:-1)
2023-09-10 13:26:59,290 [INFO] PluginManage:310 - Check plugin updater
2023-09-10 13:26:59,300 [INFO] PluginManage:359 - Loaded plugin updater (category:base,tabindex:12)
2023-09-10 13:26:59,300 [INFO] PluginManage:310 - Check plugin userauth
2023-09-10 13:26:59,306 [INFO] UserAuth:113 - Init User Auth plugin
2023-09-10 13:26:59,306 [INFO] PluginManage:359 - Loaded plugin userauth (category:base,tabindex:14)
2023-09-10 13:26:59,306 [INFO] PluginManage:283 - PluginManage : Loaded plugins [17]
2023-09-10 13:26:59,509 [INFO] PinOutPanel:1499 - setPackage(No Configuration,No Configuration)
2023-09-10 13:26:59,615 [INFO] CADModel:165 - CPN selected for project level
2023-09-10 13:26:59,616 [INFO] CADModel:114 - Register for checkConnection events
2023-09-10 13:26:59,639 [INFO] IPUIPlugin:80 - create IPUIPlugin
2023-09-10 13:26:59,639 [INFO] PluginManager:220 - loadIPPluginJar : add adc
2023-09-10 13:26:59,671 [INFO] IPUIPlugin:80 - create IPUIPlugin
2023-09-10 13:26:59,672 [INFO] PluginManager:220 - loadIPPluginJar : add aes
2023-09-10 13:26:59,708 [INFO] IPUIPlugin:80 - create IPUIPlugin
2023-09-10 13:26:59,708 [INFO] PluginManager:220 - loadIPPluginJar : add can
2023-09-10 13:26:59,729 [INFO] IPUIPlugin:80 - create IPUIPlugin
2023-09-10 13:26:59,729 [INFO] PluginManager:220 - loadIPPluginJar : add comp
2023-09-10 13:26:59,758 [INFO] IPUIPlugin:80 - create IPUIPlugin
2023-09-10 13:26:59,758 [INFO] PluginManager:220 - loadIPPluginJar : add cryp
2023-09-10 13:26:59,787 [INFO] IPUIPlugin:80 - create IPUIPlugin
2023-09-10 13:26:59,787 [INFO] PluginManager:220 - loadIPPluginJar : add dfsdm
2023-09-10 13:26:59,800 [INFO] IPUIPlugin:80 - create IPUIPlugin
2023-09-10 13:26:59,801 [INFO] PluginManager:220 - loadIPPluginJar : add dma
2023-09-10 13:26:59,840 [INFO] IPUIPlugin:80 - create IPUIPlugin
2023-09-10 13:26:59,840 [INFO] PluginManager:220 - loadIPPluginJar : add dma3
2023-09-10 13:26:59,858 [INFO] IPUIPlugin:80 - create IPUIPlugin
2023-09-10 13:26:59,858 [INFO] PluginManager:220 - loadIPPluginJar : add fatfs
2023-09-10 13:26:59,897 [INFO] IPUIPlugin:80 - create IPUIPlugin
2023-09-10 13:26:59,897 [INFO] PluginManager:220 - loadIPPluginJar : add fmc
2023-09-10 13:26:59,909 [INFO] IPUIPlugin:80 - create IPUIPlugin
2023-09-10 13:26:59,909 [INFO] PluginManager:220 - loadIPPluginJar : add freertos
2023-09-10 13:26:59,927 [INFO] IPUIPlugin:80 - create IPUIPlugin
2023-09-10 13:26:59,927 [INFO] PluginManager:220 - loadIPPluginJar : add genericplugin
2023-09-10 13:27:00,007 [INFO] IPUIPlugin:80 - create IPUIPlugin
2023-09-10 13:27:00,007 [INFO] PluginManager:220 - loadIPPluginJar : add gfxmmu
2023-09-10 13:27:00,119 [INFO] IPUIPlugin:80 - create IPUIPlugin
2023-09-10 13:27:00,119 [INFO] PluginManager:220 - loadIPPluginJar : add gic
2023-09-10 13:27:00,130 [INFO] IPUIPlugin:80 - create IPUIPlugin
2023-09-10 13:27:00,131 [INFO] PluginManager:220 - loadIPPluginJar : add gpio
2023-09-10 13:27:00,209 [INFO] IPUIPlugin:80 - create IPUIPlugin
2023-09-10 13:27:00,209 [INFO] PluginManager:220 - loadIPPluginJar : add gtzc
2023-09-10 13:27:00,237 [INFO] IPUIPlugin:80 - create IPUIPlugin
2023-09-10 13:27:00,237 [INFO] PluginManager:220 - loadIPPluginJar : add hash
2023-09-10 13:27:00,283 [INFO] IPUIPlugin:80 - create IPUIPlugin
2023-09-10 13:27:00,283 [INFO] PluginManager:220 - loadIPPluginJar : add i2c
2023-09-10 13:27:00,316 [INFO] IPUIPlugin:80 - create IPUIPlugin
2023-09-10 13:27:00,317 [INFO] PluginManager:220 - loadIPPluginJar : add i2s
2023-09-10 13:27:00,351 [INFO] IPUIPlugin:80 - create IPUIPlugin
2023-09-10 13:27:00,352 [INFO] PluginManager:220 - loadIPPluginJar : add i3c
2023-09-10 13:27:00,438 [INFO] IPUIPlugin:80 - create IPUIPlugin
2023-09-10 13:27:00,438 [INFO] PluginManager:220 - loadIPPluginJar : add ipddr
2023-09-10 13:27:00,519 [INFO] IPUIPlugin:80 - create IPUIPlugin
2023-09-10 13:27:00,519 [INFO] PluginManager:220 - loadIPPluginJar : add linkedlist
2023-09-10 13:27:00,551 [INFO] IPUIPlugin:80 - create IPUIPlugin
2023-09-10 13:27:00,552 [INFO] PluginManager:220 - loadIPPluginJar : add lorawan
2023-09-10 13:27:00,584 [INFO] IPUIPlugin:80 - create IPUIPlugin
2023-09-10 13:27:00,584 [INFO] PluginManager:220 - loadIPPluginJar : add ltdc
2023-09-10 13:27:00,596 [INFO] IPUIPlugin:80 - create IPUIPlugin
2023-09-10 13:27:00,597 [INFO] PluginManager:220 - loadIPPluginJar : add mdma
2023-09-10 13:27:00,607 [INFO] IPUIPlugin:80 - create IPUIPlugin
2023-09-10 13:27:00,607 [INFO] PluginManager:220 - loadIPPluginJar : add nvic
2023-09-10 13:27:00,638 [INFO] IPUIPlugin:80 - create IPUIPlugin
2023-09-10 13:27:00,638 [INFO] PluginManager:220 - loadIPPluginJar : add opamp
2023-09-10 13:27:00,690 [INFO] IPUIPlugin:80 - create IPUIPlugin
2023-09-10 13:27:00,690 [INFO] PluginManager:220 - loadIPPluginJar : add openamp
2023-09-10 13:27:00,727 [INFO] IPUIPlugin:80 - create IPUIPlugin
2023-09-10 13:27:00,727 [INFO] PluginManager:220 - loadIPPluginJar : add pdm2pcm
2023-09-10 13:27:00,740 [INFO] IPUIPlugin:80 - create IPUIPlugin
2023-09-10 13:27:00,742 [INFO] PluginManager:220 - loadIPPluginJar : add plateformsettings
2023-09-10 13:27:00,761 [INFO] IPUIPlugin:80 - create IPUIPlugin
2023-09-10 13:27:00,761 [INFO] PluginManager:220 - loadIPPluginJar : add quadspi
2023-09-10 13:27:00,772 [INFO] IPUIPlugin:80 - create IPUIPlugin
2023-09-10 13:27:00,772 [INFO] PluginManager:220 - loadIPPluginJar : add resmgrutility
2023-09-10 13:27:00,812 [INFO] IPUIPlugin:80 - create IPUIPlugin
2023-09-10 13:27:00,812 [INFO] PluginManager:220 - loadIPPluginJar : add sai
2023-09-10 13:27:00,843 [INFO] IPUIPlugin:80 - create IPUIPlugin
2023-09-10 13:27:00,843 [INFO] PluginManager:220 - loadIPPluginJar : add spi
2023-09-10 13:27:00,890 [INFO] IPUIPlugin:80 - create IPUIPlugin
2023-09-10 13:27:00,890 [INFO] PluginManager:220 - loadIPPluginJar : add stm32_wpan
2023-09-10 13:27:00,909 [INFO] IPUIPlugin:80 - create IPUIPlugin
2023-09-10 13:27:00,909 [INFO] PluginManager:220 - loadIPPluginJar : add tim
2023-09-10 13:27:00,957 [INFO] IPUIPlugin:80 - create IPUIPlugin
2023-09-10 13:27:00,957 [INFO] PluginManager:220 - loadIPPluginJar : add touchsensing
2023-09-10 13:27:00,977 [INFO] IPUIPlugin:80 - create IPUIPlugin
2023-09-10 13:27:00,977 [INFO] PluginManager:220 - loadIPPluginJar : add tracer_emb
2023-09-10 13:27:00,996 [INFO] IPUIPlugin:80 - create IPUIPlugin
2023-09-10 13:27:00,996 [INFO] PluginManager:220 - loadIPPluginJar : add ts
2023-09-10 13:27:01,014 [INFO] IPUIPlugin:80 - create IPUIPlugin
2023-09-10 13:27:01,014 [INFO] PluginManager:220 - loadIPPluginJar : add tsc
2023-09-10 13:27:01,034 [INFO] IPUIPlugin:80 - create IPUIPlugin
2023-09-10 13:27:01,034 [INFO] PluginManager:220 - loadIPPluginJar : add ucpd
2023-09-10 13:27:01,071 [INFO] IPUIPlugin:80 - create IPUIPlugin
2023-09-10 13:27:01,071 [INFO] PluginManager:220 - loadIPPluginJar : add usart
2023-09-10 13:27:01,107 [INFO] IPUIPlugin:80 - create IPUIPlugin
2023-09-10 13:27:01,107 [INFO] PluginManager:220 - loadIPPluginJar : add usbx
2023-09-10 13:27:01,231 [INFO] CADModel:165 - CPN selected for project level
2023-09-10 13:27:01,231 [INFO] CADModel:114 - Register for checkConnection events
2023-09-10 13:27:01,232 [FATAL] Updater:308 - Updater called before beeing initialized
2023-09-10 13:27:01,232 [ERROR] CADModel:125 - Updater not yet initialized, retry later 
2023-09-10 13:27:01,365 [INFO] CADModel:165 - CPN selected for project level
2023-09-10 13:27:01,365 [INFO] CADModel:114 - Register for checkConnection events
2023-09-10 13:27:01,366 [FATAL] Updater:308 - Updater called before beeing initialized
2023-09-10 13:27:01,366 [ERROR] CADModel:125 - Updater not yet initialized, retry later 
2023-09-10 13:27:01,369 [FATAL] Updater:308 - Updater called before beeing initialized
2023-09-10 13:27:01,461 [FATAL] Updater:308 - Updater called before beeing initialized
2023-09-10 13:27:01,473 [INFO] DbMcusAds:53 - JSON generation date=Tue Mar 07 14:20:55 IST 2023 (1678179055114)
2023-09-10 13:27:01,473 [FATAL] Updater:308 - Updater called before beeing initialized
2023-09-10 13:27:01,532 [WARN] DetailPanel:346 - Failed to get advertising image, set to default
2023-09-10 13:27:01,615 [FATAL] Updater:308 - Updater called before beeing initialized
2023-09-10 13:27:01,616 [FATAL] Updater:308 - Updater called before beeing initialized
2023-09-10 13:27:01,616 [FATAL] Updater:308 - Updater called before beeing initialized
2023-09-10 13:27:01,617 [WARN] DetailPanel:346 - Failed to get advertising image, set to default
2023-09-10 13:27:01,617 [FATAL] Updater:308 - Updater called before beeing initialized
2023-09-10 13:27:01,669 [ERROR] Updater:1120 - MainUpdater not yet initialized. External WinMGr cannot be set.
2023-09-10 13:27:01,679 [INFO] Updater:1056 - Updater Version found : 6.9.1
2023-09-10 13:27:01,700 [INFO] ApplicationProperties:184 - Using Application install path: D:\STM32IDE\STM32CubeIDE_1.13.1\STM32CubeIDE\plugins\com.st.stm32cube.common.mx_6.9.1.202307191849
2023-09-10 13:27:02,090 [INFO] ThirdPartyUpdaterWithRetryManager:70 - Updater plugin not ready yet. [2/15]
2023-09-10 13:27:02,582 [INFO] MainUpdater:2868 - connection check result : 10
2023-09-10 13:27:02,584 [INFO] MainUpdater:285 - Updater Check For Update Now.
2023-09-10 13:27:02,584 [INFO] MicroXplorer:498 - Change Database Version : DB.6.0.91
2023-09-10 13:27:02,601 [INFO] McuFinderGlobals:63 - Set McuFinder mode to 2 (CubeIDE integrated)
2023-09-10 13:27:02,601 [INFO] UserAuth:179 - activating auth plugin
2023-09-10 13:27:02,604 [INFO] UserAuth:393 - Internet connection configuration mode: 1
2023-09-10 13:27:02,652 [INFO] JxBrowserEngine:151 - Initiate JxBrowser Engine with user profile folder
2023-09-10 13:27:02,775 [INFO] CheckServerUpdateThread:120 - End of CheckServer Thread
2023-09-10 13:27:04,237 [INFO] WebApp:157 - Instantiating new browser for Auth
2023-09-10 13:27:04,677 [INFO] WebApp:753 - Register for checkConnection events
2023-09-10 13:27:04,677 [INFO] WebApp:390 - Apply proxy settings
2023-09-10 13:27:04,677 [INFO] WebApp:475 - Chromium requires no authentication
2023-09-10 13:27:04,682 [INFO] WebApp:418 - Direct internet connection detected
2023-09-10 13:27:04,810 [INFO] WebApp:188 - Starting web application
2023-09-10 13:27:04,811 [INFO] WebApp:520 - Web application path used D:\STM32IDE\STM32CubeIDE_1.13.1\STM32CubeIDE\plugins\com.st.stm32cube.common.mx_6.9.1.202307191849\db\plugins\mcufinder\reactClient1\index.html
2023-09-10 13:27:05,237 [WARN] PackLoader:240 - Cannot read IP mode file for STMicroelectronics.X-CUBE-SMBUS.2.1.0
2023-09-10 13:27:05,286 [WARN] PackLoader:240 - Cannot read IP mode file for STMicroelectronics.X-CUBE-AZRTOS-F7.1.1.0
2023-09-10 13:27:05,315 [WARN] PackLoader:240 - Cannot read IP mode file for STMicroelectronics.FP-SNS-MOTENV1.4.3.2
2023-09-10 13:27:05,339 [WARN] PackLoader:240 - Cannot read IP mode file for STMicroelectronics.FP-SNS-FLIGHT1.5.0.2
2023-09-10 13:27:05,359 [WARN] PackLoader:240 - Cannot read IP mode file for STMicroelectronics.X-CUBE-DISPLAY.3.0.0
2023-09-10 13:27:05,388 [WARN] PackLoader:240 - Cannot read IP mode file for STMicroelectronics.X-CUBE-BLE1.7.0.0
2023-09-10 13:27:05,402 [WARN] PackLoader:240 - Cannot read IP mode file for emotas.I-CUBE-CANOPEN.1.3.0
2023-09-10 13:27:05,419 [WARN] PackLoader:240 - Cannot read IP mode file for STMicroelectronics.X-CUBE-TOUCHGFX.4.22.0
2023-09-10 13:27:05,432 [WARN] PackLoader:240 - Cannot read IP mode file for STMicroelectronics.FP-SNS-SMARTAG2.1.2.0
2023-09-10 13:27:05,456 [INFO] LogOutputStream:77 - [STDOUT_REDIRECT] 1 : Invalid condition id : UX_CORESTACK_Condition cause : null
2023-09-10 13:27:05,458 [INFO] LogOutputStream:77 - [STDOUT_REDIRECT] 1 : Invalid condition id : UX_CORESTACK_Condition cause : null
2023-09-10 13:27:05,459 [INFO] LogOutputStream:77 - [STDOUT_REDIRECT] 1 : Invalid condition id : UX_CORESTACK_Condition cause : null
2023-09-10 13:27:05,462 [INFO] LogOutputStream:77 - [STDOUT_REDIRECT] 1 : Invalid condition id : UX_CORESTACK_Condition cause : null
2023-09-10 13:27:05,464 [INFO] LogOutputStream:77 - [STDOUT_REDIRECT] 1 : Invalid condition id : UX_CORESTACK_Condition cause : null
2023-09-10 13:27:05,469 [WARN] PackLoader:240 - Cannot read IP mode file for STMicroelectronics.X-CUBE-AZRTOS-WL.2.0.0
2023-09-10 13:27:05,492 [WARN] PackLoader:240 - Cannot read IP mode file for WES.I-CUBE-Cesium.1.3.0
2023-09-10 13:27:05,507 [WARN] PackLoader:240 - Cannot read IP mode file for STMicroelectronics.X-CUBE-BLE2.3.3.0
2023-09-10 13:27:05,525 [WARN] PackLoader:240 - Cannot read IP mode file for STMicroelectronics.X-CUBE-ALGOBUILD.1.3.0
2023-09-10 13:27:05,565 [WARN] PackLoader:240 - Cannot read IP mode file for STMicroelectronics.X-CUBE-AZRTOS-G0.1.1.0
2023-09-10 13:27:05,584 [WARN] PackLoader:240 - Cannot read IP mode file for STMicroelectronics.X-CUBE-NFC4.3.0.0
2023-09-10 13:27:05,597 [WARN] PackLoader:240 - Cannot read IP mode file for STMicroelectronics.FP-ATR-SIGFOX1.3.2.0
2023-09-10 13:27:05,636 [WARN] PackLoader:240 - Cannot read IP mode file for SEGGER.I-CUBE-embOS.1.3.1
2023-09-10 13:27:05,727 [WARN] PackLoader:240 - Cannot read IP mode file for STMicroelectronics.X-CUBE-GNSS1.6.0.0
2023-09-10 13:27:05,765 [WARN] PackLoader:240 - Cannot read IP mode file for STMicroelectronics.X-CUBE-AZRTOS-F4.1.1.0
2023-09-10 13:27:05,780 [WARN] PackLoader:240 - Cannot read IP mode file for wolfSSL.I-CUBE-wolfSSL.5.6.3
2023-09-10 13:27:05,810 [WARN] PackLoader:240 - Cannot read IP mode file for STMicroelectronics.X-CUBE-AZRTOS-L5.2.0.0
2023-09-10 13:27:05,864 [WARN] PackLoader:240 - Cannot read IP mode file for STMicroelectronics.X-CUBE-MEMS1.9.6.0
2023-09-10 13:27:06,022 [WARN] PackLoader:240 - Cannot read IP mode file for STMicroelectronics.X-CUBE-BLEMGR.2.0.0
2023-09-10 13:27:06,057 [WARN] ConditionMgr:438 - getConditionDescription Invalid condition id : UX DEVICE CLASS RTOS Condition cause : null
2023-09-10 13:27:06,058 [WARN] ConditionMgr:438 - getConditionDescription Invalid condition id : UX DEVICE CLASS RTOS Condition cause : null
2023-09-10 13:27:06,062 [WARN] PackLoader:240 - Cannot read IP mode file for STMicroelectronics.X-CUBE-AZRTOS-H7.3.1.0
2023-09-10 13:27:06,064 [WARN] ConditionMgr:1039 - genDependencies : Invalid condition id : UX DEVICE CLASS RTOS Condition cause : null
2023-09-10 13:27:06,064 [WARN] ConditionMgr:1039 - genDependencies : Invalid condition id : UX DEVICE CLASS RTOS Condition cause : null
2023-09-10 13:27:06,065 [WARN] ConditionMgr:1039 - genDependencies : Invalid condition id : UX DEVICE CLASS RTOS Condition cause : null
2023-09-10 13:27:06,066 [WARN] ConditionMgr:1039 - genDependencies : Invalid condition id : UX DEVICE CLASS RTOS Condition cause : null
2023-09-10 13:27:06,067 [WARN] ConditionMgr:1039 - genDependencies : Invalid condition id : UX DEVICE CLASS RTOS Condition cause : null
2023-09-10 13:27:06,086 [WARN] PackLoader:240 - Cannot read IP mode file for STMicroelectronics.X-CUBE-NFC7.1.0.1
2023-09-10 13:27:06,106 [WARN] PackLoader:240 - Cannot read IP mode file for STMicroelectronics.X-CUBE-NFC6.3.0.0
2023-09-10 13:27:06,128 [WARN] PackLoader:240 - Cannot read IP mode file for STMicroelectronics.X-CUBE-EEPRMA1.4.1.0
2023-09-10 13:27:06,146 [WARN] PackLoader:240 - Cannot read IP mode file for STMicroelectronics.X-CUBE-AI.8.1.0
2023-09-10 13:27:06,180 [WARN] ConditionMgr:438 - getConditionDescription Invalid condition id : LAN8742 Phy interface Condition cause : null
2023-09-10 13:27:06,181 [WARN] PackLoader:240 - Cannot read IP mode file for STMicroelectronics.X-CUBE-AZRTOS-L4.2.0.0
2023-09-10 13:27:06,183 [WARN] ConditionMgr:1039 - genDependencies : Invalid condition id : LAN8742 Phy interface Condition cause : null
2023-09-10 13:27:06,184 [WARN] ConditionMgr:1039 - genDependencies : Invalid condition id : LAN8742 Phy interface Condition cause : null
2023-09-10 13:27:06,186 [WARN] ConditionMgr:1039 - genDependencies : Invalid condition id : LAN8742 Phy interface Condition cause : null
2023-09-10 13:27:06,208 [WARN] PackLoader:240 - Cannot read IP mode file for STMicroelectronics.X-CUBE-SFXS2LP1.4.0.0
2023-09-10 13:27:06,224 [WARN] PackLoader:240 - Cannot read IP mode file for STMicroelectronics.X-CUBE-ISPU.1.1.0
2023-09-10 13:27:06,248 [WARN] ConditionMgr:438 - getConditionDescription Invalid condition id : UX DEVICE CLASS RTOS Condition cause : null
2023-09-10 13:27:06,249 [WARN] ConditionMgr:438 - getConditionDescription Invalid condition id : UX DEVICE CLASS RTOS Condition cause : null
2023-09-10 13:27:06,250 [WARN] PackLoader:240 - Cannot read IP mode file for STMicroelectronics.X-CUBE-AZRTOS-WB.2.0.0
2023-09-10 13:27:06,251 [WARN] ConditionMgr:1039 - genDependencies : Invalid condition id : UX DEVICE CLASS RTOS Condition cause : null
2023-09-10 13:27:06,252 [WARN] ConditionMgr:1039 - genDependencies : Invalid condition id : UX DEVICE CLASS RTOS Condition cause : null
2023-09-10 13:27:06,253 [WARN] ConditionMgr:1039 - genDependencies : Invalid condition id : UX DEVICE CLASS RTOS Condition cause : null
2023-09-10 13:27:06,253 [WARN] ConditionMgr:1039 - genDependencies : Invalid condition id : UX DEVICE CLASS RTOS Condition cause : null
2023-09-10 13:27:06,253 [WARN] ConditionMgr:1039 - genDependencies : Invalid condition id : UX DEVICE CLASS RTOS Condition cause : null
2023-09-10 13:27:06,273 [WARN] PackLoader:240 - Cannot read IP mode file for STMicroelectronics.X-CUBE-SUBG2.5.0.0
2023-09-10 13:27:06,298 [WARN] PackLoader:240 - Cannot read IP mode file for STMicroelectronics.X-CUBE-TOF1.3.3.1
2023-09-10 13:27:06,330 [WARN] PackLoader:240 - Cannot read IP mode file for STMicroelectronics.X-CUBE-AZRTOS-G4.2.0.0
2023-09-10 13:27:06,345 [WARN] PackLoader:240 - Cannot read IP mode file for STMicroelectronics.X-CUBE-FREERTOS.1.1.0
2023-09-10 13:27:06,363 [WARN] PackLoader:240 - Cannot read IP mode file for portGmbH.I-Cube-SoM-uGOAL.1.1.0
2023-09-10 13:27:06,381 [WARN] PackLoader:240 - Cannot read IP mode file for STMicroelectronics.X-CUBE-ALS.1.0.1
2023-09-10 13:27:06,397 [WARN] PackLoader:240 - Cannot read IP mode file for STMicroelectronics.FP-ATR-ASTRA1.2.0.0
2023-09-10 13:27:06,398 [INFO] ThirdParty:978 - Integrity check success = true
2023-09-10 13:27:06,398 [INFO] IntegrityCheckThread:100 - exiting critical section [integrity check]
2023-09-10 13:27:06,398 [INFO] IntegrityCheckThread:103 - End integrity checks thread
2023-09-10 13:27:25,723 [ERROR] LogOutputStream:75 - [STDERR_REDIRECT] SLF4J: Failed to load class "org.slf4j.impl.StaticLoggerBinder".
2023-09-10 13:27:25,723 [ERROR] LogOutputStream:75 - [STDERR_REDIRECT] SLF4J: Defaulting to no-operation (NOP) logger implementation
2023-09-10 13:27:25,724 [ERROR] LogOutputStream:75 - [STDERR_REDIRECT] SLF4J: See http://www.slf4j.org/codes.html#StaticLoggerBinder for further details.
2023-09-10 13:35:24,035 [INFO] McuFinderGlobals:63 - Set McuFinder mode to 2 (CubeIDE integrated)
2023-09-10 13:35:24,057 [INFO] MainUpdater:2868 - connection check result : 10
2023-09-10 13:35:24,078 [INFO] McuFinderGlobals:76 - Set McuFinderConnectedMode to true
2023-09-10 13:35:24,469 [INFO] ServerAccessManage:473 - Download File mcusAds.json._tmp_
2023-09-10 13:35:24,582 [INFO] LoadUrlFilesThread:156 - End of LoadUrlFiles Thread
2023-09-10 13:35:24,942 [INFO] ServerAccessManage:473 - Download File cube-finder-db.zip
2023-09-10 13:36:12,105 [ERROR] ServerAccessManage:651 - User Cancel Download : cube-finder-db.zip.
2023-09-10 13:36:12,208 [INFO] LoadUrlFilesThread:156 - End of LoadUrlFiles Thread
2023-09-10 13:36:15,681 [INFO] DbMcusAds:53 - JSON generation date=Tue Mar 07 14:20:55 IST 2023 (1678179055114)
2023-09-10 13:36:15,699 [ERROR] TargetSelectorAdapter:267 - Unable to refresh data
2023-09-10 13:36:16,122 [INFO] ApiDb:581 - Connected to CubeFinder SQLite database (C:\Users\ARYAN\.stmcufinder\plugins\mcufinder\mcu\cube-finder-db.db)
2023-09-10 13:36:16,188 [INFO] ApiDb:668 - CubeFinder database Data Model version=2.1
2023-09-10 13:36:16,188 [INFO] ApiDb:669 - CubeFinder database Configuration version=3.0.37
2023-09-10 13:36:16,188 [INFO] ApiDb:670 - CubeFinder database generation date=2023-08-09 (1691586011)
2023-09-10 13:36:16,189 [INFO] ApiDb:671 - CubeFinder database FW Pack versions=[FP-ATR-ASTRA1_V2.0.0, FP-SNS-FLIGHT1_V5.0.1, FP-SNS-FLIGHT1_V5.0.2, FP-SNS-MOTENV1_V4.3.1, FP-SNS-MOTENV1_V4.3.2, STM32Cube_FW_C0_V1.1.0, STM32Cube_FW_F4_V1.27.1, STM32Cube_FW_F7_V1.17.0, STM32Cube_FW_G0_V1.6.1, STM32Cube_FW_G4_V1.5.1, STM32Cube_FW_H5_V0.5.1, STM32Cube_FW_H5_V1.1.0, STM32Cube_FW_H7_V1.11.0, STM32Cube_FW_L0_V1.12.2, STM32Cube_FW_L5_V1.5.0, STM32Cube_FW_U5_V1.3.0, STM32Cube_FW_U5_V1.3.0RC4, STM32Cube_FW_WBA_V1.0.0RC1, STM32Cube_FW_WBA_V1.1.0, STM32Cube_FW_WBA_V1.1.0RC1, STM32Cube_FW_WB_V1.15.0RC1, STM32Cube_FW_WB_V1.16.0, STM32Cube_FW_WB_V1.16.0RC2, STM32Cube_FW_WB_V1.17.0, STM32Cube_FW_WL_V1.3.0, X-CUBE-ALGOBUILD_V1.3.0, X-CUBE-ALS_V1.0.1, X-CUBE-AZRTOS-F4_V1.1.0, X-CUBE-AZRTOS-F7_V1.1.0, X-CUBE-AZRTOS-G0_V1.1.0, X-CUBE-AZRTOS-G4_V2.0.0, X-CUBE-AZRTOS-H7_V3.1.0, X-CUBE-AZRTOS-L4_V1.0.0, X-CUBE-AZRTOS-L4_V2.0.0, X-CUBE-AZRTOS-L5_V1.1.0, X-CUBE-AZRTOS-WB_V1.1.0, X-CUBE-AZRTOS-WL_V2.0.0, X-CUBE-BLE1_V7.0.0, X-CUBE-BLE2_V3.3.0, X-CUBE-BLEMGR_V2.0.0, X-CUBE-EEPRMA1_V4.1.0, X-CUBE-FREERTOS_V1.1.0, X-CUBE-GNSS1_V6.0.0, X-CUBE-MEMS1_V9.1.0, X-CUBE-MEMS1_V9.4.0, X-CUBE-MEMS1_V9.6.0, X-CUBE-NFC4_V3.0.0, X-CUBE-NFC7_V1.0.0, X-CUBE-SFXS2LP1_V4.0.0, X-CUBE-SUBG2_V5.0.0, X-CUBE-TOF1_V3.3.1]
2023-09-10 13:36:16,347 [INFO] DbBoardsSqlite:226 - include board P-NUCLEO-WB55-NUCLEO as a kit item of type 'Nucleo-64'
2023-09-10 13:36:16,347 [INFO] DbBoardsSqlite:226 - include board P-NUCLEO-WB55-USBDONGLE as a kit item of type 'Nucleo USB Dongle'
2023-09-10 13:36:16,348 [INFO] DbBoardsSqlite:226 - include board STEVAL-IDP005V1 as a kit item of type 'Evaluation Board'
2023-09-10 13:36:16,349 [INFO] DbBoardsSqlite:226 - include board STEVAL-IDP005V2 as a kit item of type 'Evaluation Board'
2023-09-10 13:36:16,710 [INFO] ApiDb:240 - Found 323 in-development CPN: [B-G473E-ZEST1S, B-WB1M-WPAN1, B-WL5M-SUBG1, NUCLEO-C031C6, NUCLEO-H503RB, NUCLEO-H563ZI, NUCLEO-U545RE-Q, NUCLEO-U5A5ZJ-Q, NUCLEO-WBA52CG, STEVAL-PROTEUS1, STEVAL-SMARTAG2, STEVAL-STWINBX1, STM320518-EVAL, STM32C0116-DK, STM32C011D6Y3TR, STM32C011D6Y6TR, STM32C011F4P3, STM32C011F4P6, STM32C011F4U3, STM32C011F4U6TR, STM32C011F6P3, STM32C011F6P6, STM32C011F6U3, STM32C011F6U6TR, STM32C011J4M3, STM32C011J4M6, STM32C011J6M3, STM32C011J6M6, STM32C0316-DK, STM32C031C4T3, STM32C031C4T6, STM32C031C4U3, STM32C031C4U6, STM32C031C6T3, STM32C031C6T6, STM32C031C6U3, STM32C031C6U6, STM32C031F4P3, STM32C031F4P6, STM32C031F6P3, STM32C031F6P6, STM32C031G4U3, STM32C031G4U6, STM32C031G6U3, STM32C031G6U6, STM32C031K4T3, STM32C031K4T6, STM32C031K4U3, STM32C031K4U6, STM32C031K6T3, STM32C031K6T6, STM32C031K6U3, STM32C031K6U6, STM32G071K8TXN, STM32G071K8UXN, STM32G081GBU6N, STM32G081KBT6N, STM32G081KBUXN, STM32G0B1CCT6N, STM32G0B1KCT6, STM32G0B1NEY6TR, STM32G0B1RCT6N, STM32G0C1CCT6, STM32G0C1CCT6N, STM32G0C1CCU6N, STM32G0C1CET6N, STM32G0C1CEU6N, STM32G0C1KCT6, STM32G0C1NEY6TR, STM32G0C1RCI6N, STM32G0C1RCT6N, STM32G0C1REI6N, STM32G0C1RET6N, STM32G0C1VCI6, STM32G0C1VEI6, STM32G471CCT6, STM32G471CCU6, STM32G471CET3, STM32G471CET6, STM32G471CEU3, STM32G471CEU6, STM32G471MCT6, STM32G471MET3, STM32G471MET6, STM32G471MEY6TR, STM32G471QCT6, STM32G471QET3, STM32G471RCT6, STM32G471RET3, STM32G471RET6, STM32G471VCH6, STM32G471VCI6, STM32G471VCT6, STM32G471VEH3, STM32G471VEH6, STM32G471VEI3, STM32G471VEI6, STM32G471VET3, STM32G471VET6, STM32G474CCT6, STM32H503CBT6, STM32H503CBU6, STM32H503EBY6TR, STM32H503KBU6, STM32H503RBT6, STM32H562AGI6, STM32H562AII6, STM32H562IGK6, STM32H562IGT6, STM32H562IIK6, STM32H562IIT6, STM32H562RGT6, STM32H562RGV6, STM32H562RIT6, STM32H562RIV6, STM32H562VGT6, STM32H562VIT6, STM32H562ZGT6, STM32H562ZIT6, STM32H563AGI6, STM32H563AII3Q, STM32H563AII6, STM32H563IGK6, STM32H563IGT6, STM32H563IIK3Q, STM32H563IIK6, STM32H563IIT3Q, STM32H563IIT6, STM32H563MIY3QTR, STM32H563RGT6, STM32H563RGV6, STM32H563RIT6, STM32H563RIV6, STM32H563VGT6, STM32H563VIT3Q, STM32H563VIT6, STM32H563ZGT6, STM32H563ZIT3Q, STM32H563ZIT6, STM32H573AII3Q, STM32H573AII6, STM32H573I-DK, STM32H573IIK3Q, STM32H573IIK6, STM32H573IIT3Q, STM32H573IIT6, STM32H573MIY3QTR, STM32H573RIT6, STM32H573RIV6, STM32H573VIT3Q, STM32H573VIT6, STM32H573ZIT3Q, STM32H573ZIT6, STM32L4R5QGI6STR, STM32MP131AAE3, STM32MP131AAF3, STM32MP131AAG3, STM32MP131CAE3, STM32MP131CAF3, STM32MP131CAG3, STM32MP131DAE7, STM32MP131DAF7, STM32MP131DAG7, STM32MP131FAE7, STM32MP131FAF7, STM32MP131FAG7, STM32MP133AAE3, STM32MP133AAF3, STM32MP133AAG3, STM32MP133CAE3, STM32MP133CAF3, STM32MP133CAG3, STM32MP133DAE7, STM32MP133DAF7, STM32MP133DAG7, STM32MP133FAE7, STM32MP133FAF7, STM32MP133FAG7, STM32MP135AAE3, STM32MP135AAF3, STM32MP135AAG3, STM32MP135CAE3, STM32MP135CAF3, STM32MP135CAG3, STM32MP135DAE7, STM32MP135DAF7, STM32MP135DAG7, STM32MP135F-DK, STM32MP135FAE7, STM32MP135FAF7, STM32MP135FAF7T, STM32MP135FAF7U, STM32MP135FAG7, STM32U535CBT6, STM32U535CBT6Q, STM32U535CBU6, STM32U535CBU6Q, STM32U535CCT6, STM32U535CCT6Q, STM32U535CCU6, STM32U535CCU6Q, STM32U535CET6, STM32U535CET6Q, STM32U535CEU6, STM32U535CEU6Q, STM32U535JEY6QTR, STM32U535NCY6QTR, STM32U535NEY6QTR, STM32U535RBI6, STM32U535RBI6Q, STM32U535RBT6, STM32U535RBT6Q, STM32U535RCI6, STM32U535RCI6Q, STM32U535RCT6, STM32U535RCT6Q, STM32U535REI6, STM32U535REI6Q, STM32U535RET6, STM32U535RET6Q, STM32U535VCI6, STM32U535VCI6Q, STM32U535VCT6, STM32U535VCT6Q, STM32U535VEI6, STM32U535VEI6Q, STM32U535VET6, STM32U535VET6Q, STM32U545CET6, STM32U545CET6Q, STM32U545CEU6, STM32U545CEU6Q, STM32U545JEY6QTR, STM32U545NEY6QTR, STM32U545REI6, STM32U545REI6Q, STM32U545RET6, STM32U545RET6Q, STM32U545VEI6, STM32U545VEI6Q, STM32U545VET6, STM32U545VET6Q, STM32U595AIH6, STM32U595AIH6Q, STM32U595AJH6, STM32U595AJH6Q, STM32U595QII6, STM32U595QII6Q, STM32U595QJI6, STM32U595QJI6Q, STM32U595RIT6, STM32U595RIT6Q, STM32U595RJT6, STM32U595RJT6Q, STM32U595VIT6, STM32U595VIT6Q, STM32U595VJT6, STM32U595VJT6Q, STM32U595ZIT6, STM32U595ZIT6Q, STM32U595ZIY6QTR, STM32U595ZJT6, STM32U595ZJT6Q, STM32U595ZJY6QTR, STM32U599BJY6QTR, STM32U599NIH6Q, STM32U599NJH6Q, STM32U599VIT6Q, STM32U599VJT6, STM32U599VJT6Q, STM32U599ZIT6Q, STM32U599ZIY6QTR, STM32U599ZJT6Q, STM32U599ZJY6QTR, STM32U5A5AJH6, STM32U5A5AJH6Q, STM32U5A5QJI6, STM32U5A5QJI6Q, STM32U5A5RJT6, STM32U5A5RJT6Q, STM32U5A5VJT6, STM32U5A5VJT6Q, STM32U5A5ZJT6, STM32U5A5ZJT6Q, STM32U5A5ZJY6QTR, STM32U5A9BJY6QTR, STM32U5A9J-DK, STM32U5A9NJH6Q, STM32U5A9VJT6Q, STM32U5A9ZJT6Q, STM32U5A9ZJY6QTR, STM32U5F7VIT6, STM32U5F7VIT6Q, STM32U5F7VJT6, STM32U5F7VJT6Q, STM32U5F9BJY6QTR, STM32U5F9NJH6Q, STM32U5F9VIT6Q, STM32U5F9VJT6Q, STM32U5F9ZIJ6QTR, STM32U5F9ZIT6Q, STM32U5F9ZJJ6QTR, STM32U5F9ZJT6Q, STM32U5G7VJT6, STM32U5G7VJT6Q, STM32U5G9BJY6QTR, STM32U5G9J-DK1, STM32U5G9J-DK2, STM32U5G9NJH6Q, STM32U5G9VJT6Q, STM32U5G9ZJJ6QTR, STM32U5G9ZJT6Q, STM32WB1MMCH6, STM32WBA52CEU6, STM32WBA52CEU6T, STM32WBA52CGU6, STM32WBA52CGU6T, STM32WBA52KEU6, STM32WBA52KEU6T, STM32WBA52KGU6, STM32WBA52KGU6T, STM32WL5MOCH6, STM32WL5MOCH6TR]
2023-09-10 13:36:16,793 [INFO] BoardInfo:880 - No configuration file found for board P-NUCLEO-WB55
2023-09-10 13:36:16,793 [INFO] DbBoards:157 - Kit is not supported: P-NUCLEO-WB55
2023-09-10 13:36:16,797 [INFO] BoardInfo:880 - No configuration file found for board STEVAL-BFA001V1B
2023-09-10 13:36:16,797 [INFO] DbBoards:157 - Kit is not supported: STEVAL-BFA001V1B
2023-09-10 13:36:16,798 [INFO] BoardInfo:880 - No configuration file found for board STEVAL-BFA001V2B
2023-09-10 13:36:16,798 [INFO] DbBoards:157 - Kit is not supported: STEVAL-BFA001V2B
2023-09-10 13:36:16,869 [INFO] DbBoards:161 - Found 190 boards, 187 are supported
2023-09-10 13:36:16,872 [INFO] ApiDb:668 - CubeFinder database Data Model version=2.1
2023-09-10 13:36:16,873 [INFO] ApiDb:669 - CubeFinder database Configuration version=3.0.37
2023-09-10 13:36:16,873 [INFO] ApiDb:670 - CubeFinder database generation date=2023-08-09 (1691586011)
2023-09-10 13:36:16,873 [INFO] ApiDb:671 - CubeFinder database FW Pack versions=[FP-ATR-ASTRA1_V2.0.0, FP-SNS-FLIGHT1_V5.0.1, FP-SNS-FLIGHT1_V5.0.2, FP-SNS-MOTENV1_V4.3.1, FP-SNS-MOTENV1_V4.3.2, STM32Cube_FW_C0_V1.1.0, STM32Cube_FW_F4_V1.27.1, STM32Cube_FW_F7_V1.17.0, STM32Cube_FW_G0_V1.6.1, STM32Cube_FW_G4_V1.5.1, STM32Cube_FW_H5_V0.5.1, STM32Cube_FW_H5_V1.1.0, STM32Cube_FW_H7_V1.11.0, STM32Cube_FW_L0_V1.12.2, STM32Cube_FW_L5_V1.5.0, STM32Cube_FW_U5_V1.3.0, STM32Cube_FW_U5_V1.3.0RC4, STM32Cube_FW_WBA_V1.0.0RC1, STM32Cube_FW_WBA_V1.1.0, STM32Cube_FW_WBA_V1.1.0RC1, STM32Cube_FW_WB_V1.15.0RC1, STM32Cube_FW_WB_V1.16.0, STM32Cube_FW_WB_V1.16.0RC2, STM32Cube_FW_WB_V1.17.0, STM32Cube_FW_WL_V1.3.0, X-CUBE-ALGOBUILD_V1.3.0, X-CUBE-ALS_V1.0.1, X-CUBE-AZRTOS-F4_V1.1.0, X-CUBE-AZRTOS-F7_V1.1.0, X-CUBE-AZRTOS-G0_V1.1.0, X-CUBE-AZRTOS-G4_V2.0.0, X-CUBE-AZRTOS-H7_V3.1.0, X-CUBE-AZRTOS-L4_V1.0.0, X-CUBE-AZRTOS-L4_V2.0.0, X-CUBE-AZRTOS-L5_V1.1.0, X-CUBE-AZRTOS-WB_V1.1.0, X-CUBE-AZRTOS-WL_V2.0.0, X-CUBE-BLE1_V7.0.0, X-CUBE-BLE2_V3.3.0, X-CUBE-BLEMGR_V2.0.0, X-CUBE-EEPRMA1_V4.1.0, X-CUBE-FREERTOS_V1.1.0, X-CUBE-GNSS1_V6.0.0, X-CUBE-MEMS1_V9.1.0, X-CUBE-MEMS1_V9.4.0, X-CUBE-MEMS1_V9.6.0, X-CUBE-NFC4_V3.0.0, X-CUBE-NFC7_V1.0.0, X-CUBE-SFXS2LP1_V4.0.0, X-CUBE-SUBG2_V5.0.0, X-CUBE-TOF1_V3.3.1]
2023-09-10 13:36:18,507 [INFO] ApiDb:240 - Found 323 in-development CPN: [B-G473E-ZEST1S, B-WB1M-WPAN1, B-WL5M-SUBG1, NUCLEO-C031C6, NUCLEO-H503RB, NUCLEO-H563ZI, NUCLEO-U545RE-Q, NUCLEO-U5A5ZJ-Q, NUCLEO-WBA52CG, STEVAL-PROTEUS1, STEVAL-SMARTAG2, STEVAL-STWINBX1, STM320518-EVAL, STM32C0116-DK, STM32C011D6Y3TR, STM32C011D6Y6TR, STM32C011F4P3, STM32C011F4P6, STM32C011F4U3, STM32C011F4U6TR, STM32C011F6P3, STM32C011F6P6, STM32C011F6U3, STM32C011F6U6TR, STM32C011J4M3, STM32C011J4M6, STM32C011J6M3, STM32C011J6M6, STM32C0316-DK, STM32C031C4T3, STM32C031C4T6, STM32C031C4U3, STM32C031C4U6, STM32C031C6T3, STM32C031C6T6, STM32C031C6U3, STM32C031C6U6, STM32C031F4P3, STM32C031F4P6, STM32C031F6P3, STM32C031F6P6, STM32C031G4U3, STM32C031G4U6, STM32C031G6U3, STM32C031G6U6, STM32C031K4T3, STM32C031K4T6, STM32C031K4U3, STM32C031K4U6, STM32C031K6T3, STM32C031K6T6, STM32C031K6U3, STM32C031K6U6, STM32G071K8TXN, STM32G071K8UXN, STM32G081GBU6N, STM32G081KBT6N, STM32G081KBUXN, STM32G0B1CCT6N, STM32G0B1KCT6, STM32G0B1NEY6TR, STM32G0B1RCT6N, STM32G0C1CCT6, STM32G0C1CCT6N, STM32G0C1CCU6N, STM32G0C1CET6N, STM32G0C1CEU6N, STM32G0C1KCT6, STM32G0C1NEY6TR, STM32G0C1RCI6N, STM32G0C1RCT6N, STM32G0C1REI6N, STM32G0C1RET6N, STM32G0C1VCI6, STM32G0C1VEI6, STM32G471CCT6, STM32G471CCU6, STM32G471CET3, STM32G471CET6, STM32G471CEU3, STM32G471CEU6, STM32G471MCT6, STM32G471MET3, STM32G471MET6, STM32G471MEY6TR, STM32G471QCT6, STM32G471QET3, STM32G471RCT6, STM32G471RET3, STM32G471RET6, STM32G471VCH6, STM32G471VCI6, STM32G471VCT6, STM32G471VEH3, STM32G471VEH6, STM32G471VEI3, STM32G471VEI6, STM32G471VET3, STM32G471VET6, STM32G474CCT6, STM32H503CBT6, STM32H503CBU6, STM32H503EBY6TR, STM32H503KBU6, STM32H503RBT6, STM32H562AGI6, STM32H562AII6, STM32H562IGK6, STM32H562IGT6, STM32H562IIK6, STM32H562IIT6, STM32H562RGT6, STM32H562RGV6, STM32H562RIT6, STM32H562RIV6, STM32H562VGT6, STM32H562VIT6, STM32H562ZGT6, STM32H562ZIT6, STM32H563AGI6, STM32H563AII3Q, STM32H563AII6, STM32H563IGK6, STM32H563IGT6, STM32H563IIK3Q, STM32H563IIK6, STM32H563IIT3Q, STM32H563IIT6, STM32H563MIY3QTR, STM32H563RGT6, STM32H563RGV6, STM32H563RIT6, STM32H563RIV6, STM32H563VGT6, STM32H563VIT3Q, STM32H563VIT6, STM32H563ZGT6, STM32H563ZIT3Q, STM32H563ZIT6, STM32H573AII3Q, STM32H573AII6, STM32H573I-DK, STM32H573IIK3Q, STM32H573IIK6, STM32H573IIT3Q, STM32H573IIT6, STM32H573MIY3QTR, STM32H573RIT6, STM32H573RIV6, STM32H573VIT3Q, STM32H573VIT6, STM32H573ZIT3Q, STM32H573ZIT6, STM32L4R5QGI6STR, STM32MP131AAE3, STM32MP131AAF3, STM32MP131AAG3, STM32MP131CAE3, STM32MP131CAF3, STM32MP131CAG3, STM32MP131DAE7, STM32MP131DAF7, STM32MP131DAG7, STM32MP131FAE7, STM32MP131FAF7, STM32MP131FAG7, STM32MP133AAE3, STM32MP133AAF3, STM32MP133AAG3, STM32MP133CAE3, STM32MP133CAF3, STM32MP133CAG3, STM32MP133DAE7, STM32MP133DAF7, STM32MP133DAG7, STM32MP133FAE7, STM32MP133FAF7, STM32MP133FAG7, STM32MP135AAE3, STM32MP135AAF3, STM32MP135AAG3, STM32MP135CAE3, STM32MP135CAF3, STM32MP135CAG3, STM32MP135DAE7, STM32MP135DAF7, STM32MP135DAG7, STM32MP135F-DK, STM32MP135FAE7, STM32MP135FAF7, STM32MP135FAF7T, STM32MP135FAF7U, STM32MP135FAG7, STM32U535CBT6, STM32U535CBT6Q, STM32U535CBU6, STM32U535CBU6Q, STM32U535CCT6, STM32U535CCT6Q, STM32U535CCU6, STM32U535CCU6Q, STM32U535CET6, STM32U535CET6Q, STM32U535CEU6, STM32U535CEU6Q, STM32U535JEY6QTR, STM32U535NCY6QTR, STM32U535NEY6QTR, STM32U535RBI6, STM32U535RBI6Q, STM32U535RBT6, STM32U535RBT6Q, STM32U535RCI6, STM32U535RCI6Q, STM32U535RCT6, STM32U535RCT6Q, STM32U535REI6, STM32U535REI6Q, STM32U535RET6, STM32U535RET6Q, STM32U535VCI6, STM32U535VCI6Q, STM32U535VCT6, STM32U535VCT6Q, STM32U535VEI6, STM32U535VEI6Q, STM32U535VET6, STM32U535VET6Q, STM32U545CET6, STM32U545CET6Q, STM32U545CEU6, STM32U545CEU6Q, STM32U545JEY6QTR, STM32U545NEY6QTR, STM32U545REI6, STM32U545REI6Q, STM32U545RET6, STM32U545RET6Q, STM32U545VEI6, STM32U545VEI6Q, STM32U545VET6, STM32U545VET6Q, STM32U595AIH6, STM32U595AIH6Q, STM32U595AJH6, STM32U595AJH6Q, STM32U595QII6, STM32U595QII6Q, STM32U595QJI6, STM32U595QJI6Q, STM32U595RIT6, STM32U595RIT6Q, STM32U595RJT6, STM32U595RJT6Q, STM32U595VIT6, STM32U595VIT6Q, STM32U595VJT6, STM32U595VJT6Q, STM32U595ZIT6, STM32U595ZIT6Q, STM32U595ZIY6QTR, STM32U595ZJT6, STM32U595ZJT6Q, STM32U595ZJY6QTR, STM32U599BJY6QTR, STM32U599NIH6Q, STM32U599NJH6Q, STM32U599VIT6Q, STM32U599VJT6, STM32U599VJT6Q, STM32U599ZIT6Q, STM32U599ZIY6QTR, STM32U599ZJT6Q, STM32U599ZJY6QTR, STM32U5A5AJH6, STM32U5A5AJH6Q, STM32U5A5QJI6, STM32U5A5QJI6Q, STM32U5A5RJT6, STM32U5A5RJT6Q, STM32U5A5VJT6, STM32U5A5VJT6Q, STM32U5A5ZJT6, STM32U5A5ZJT6Q, STM32U5A5ZJY6QTR, STM32U5A9BJY6QTR, STM32U5A9J-DK, STM32U5A9NJH6Q, STM32U5A9VJT6Q, STM32U5A9ZJT6Q, STM32U5A9ZJY6QTR, STM32U5F7VIT6, STM32U5F7VIT6Q, STM32U5F7VJT6, STM32U5F7VJT6Q, STM32U5F9BJY6QTR, STM32U5F9NJH6Q, STM32U5F9VIT6Q, STM32U5F9VJT6Q, STM32U5F9ZIJ6QTR, STM32U5F9ZIT6Q, STM32U5F9ZJJ6QTR, STM32U5F9ZJT6Q, STM32U5G7VJT6, STM32U5G7VJT6Q, STM32U5G9BJY6QTR, STM32U5G9J-DK1, STM32U5G9J-DK2, STM32U5G9NJH6Q, STM32U5G9VJT6Q, STM32U5G9ZJJ6QTR, STM32U5G9ZJT6Q, STM32WB1MMCH6, STM32WBA52CEU6, STM32WBA52CEU6T, STM32WBA52CGU6, STM32WBA52CGU6T, STM32WBA52KEU6, STM32WBA52KEU6T, STM32WBA52KGU6, STM32WBA52KGU6T, STM32WL5MOCH6, STM32WL5MOCH6TR]
2023-09-10 13:36:18,511 [INFO] DbMcus:217 - Found 3848 MCUs, 3848 are supported
2023-09-10 13:36:18,512 [INFO] ApiDb:423 - Load user favorites file C:\Users\ARYAN/.stm32cubeide/favorites.mcus.txt: 0 item(s)
2023-09-10 13:36:18,513 [INFO] ApiDb:427 - User favorites MCUs=[]
2023-09-10 13:36:18,513 [INFO] DbMcus:223 - Set 0 / 0 favorites MCUs
2023-09-10 13:36:18,667 [INFO] ApiDb:423 - Load user favorites file C:\Users\ARYAN/.stm32cubeide/favorites.boards.txt: 0 item(s)
2023-09-10 13:36:18,667 [INFO] ApiDb:427 - User favorites Boards=[]
2023-09-10 13:36:18,667 [INFO] DbBoards:190 - Set 0 / 0 favorites Boards
2023-09-10 13:36:18,667 [INFO] McuFinderGlobals:76 - Set McuFinderConnectedMode to true
2023-09-10 13:36:18,674 [INFO] MultiScanPanel:200 - Auto-refresh data requested => check proxy status ongoing
2023-09-10 13:36:18,677 [INFO] FinderPluginLoader:95 - Searching for filters in installed packs
2023-09-10 13:36:19,914 [INFO] LoadUrlFilesThread:185 - End of LoadServerUrlFiles without Thread
2023-09-10 13:36:19,925 [INFO] DetailPanel:341 - Set advertising image to C:/Users/ARYAN/STM32Cube/Repository/\en.prom-stm32h5-mcu-finder.jpg
2023-09-10 13:36:25,659 [INFO] McuFinderGlobals:76 - Set McuFinderConnectedMode to true
2023-09-10 13:36:27,011 [INFO] ApiDb:448 - Save user favorites file C:\Users\ARYAN/.stm32cubeide/favorites.mcus.txt: 0 item(s)
2023-09-10 13:36:27,012 [INFO] ApiDb:452 - User favorites MCUs=[]
2023-09-10 13:36:40,528 [ERROR] LogOutputStream:75 - [STDERR_REDIRECT] 
2023-09-10 13:39:14,134 [INFO] Activator:176 - 


2023-09-10 13:39:14,135 [INFO] Activator:177 - !SESSION log4j initialized
2023-09-10 13:39:19,949 [INFO] LogOutputStream:77 - [STDOUT_REDIRECT] 
2023-09-10 13:39:20,784 [INFO] ApplicationProperties:184 - Using Application install path: D:\STM32IDE\STM32CubeIDE_1.13.1\STM32CubeIDE\plugins\com.st.stm32cube.common.mx_6.9.1.202307191849
2023-09-10 13:39:20,805 [INFO] DbMcusXml:78 - Set database path to: D:\STM32IDE\STM32CubeIDE_1.13.1\STM32CubeIDE\plugins\com.st.stm32cube.common.mx_6.9.1.202307191849\\db\/mcu/
2023-09-10 13:39:20,806 [INFO] ApiDb:274 - Set plugin database path to: D:\STM32IDE\STM32CubeIDE_1.13.1\STM32CubeIDE\plugins\com.st.stm32cube.common.mx_6.9.1.202307191849\\db\/plugins/boardmanager/
2023-09-10 13:39:20,806 [WARN] ApiDb:259 - Overriding images path with different value:  => D:\STM32IDE\STM32CubeIDE_1.13.1\STM32CubeIDE\plugins\com.st.stm32cube.common.mx_6.9.1.202307191849\\db\/plugins/mcufinder/images/
2023-09-10 13:39:20,814 [INFO] ApiDb:250 - Set database path to: C:\Users\ARYAN\.stmcufinder\plugins\mcufinder//mcu/
2023-09-10 13:39:20,815 [INFO] DbMcusAds:125 - Set database path to: C:\Users\ARYAN\.stmcufinder\plugins\mcufinder//mcu/
2023-09-10 13:39:20,817 [INFO] CrossReferenceDbSqlite:203 - Set database path to: C:\Users\ARYAN\.stmcufinder\plugins\mcufinder//mcu/cs/
2023-09-10 13:39:20,930 [INFO] RulesReader:64 - Compatibility file has been processed (293 Rules)
2023-09-10 13:39:21,022 [INFO] DbMcusXml:78 - Set database path to: D:\STM32IDE\STM32CubeIDE_1.13.1\STM32CubeIDE\plugins\com.st.stm32cube.common.mx_6.9.1.202307191849\\db\/mcu/
2023-09-10 13:39:21,022 [INFO] ApiDb:274 - Set plugin database path to: D:\STM32IDE\STM32CubeIDE_1.13.1\STM32CubeIDE\plugins\com.st.stm32cube.common.mx_6.9.1.202307191849\\db\/plugins/boardmanager/
2023-09-10 13:39:21,022 [INFO] ApiDb:261 - Set plugin images path to: D:\STM32IDE\STM32CubeIDE_1.13.1\STM32CubeIDE\plugins\com.st.stm32cube.common.mx_6.9.1.202307191849\\db\/plugins/mcufinder/images/
2023-09-10 13:39:21,023 [WARN] DbFile:41 - Overriding database path with different value: C:\Users\ARYAN\.stmcufinder\plugins\mcufinder/ => C:\Users\ARYAN\.stmcufinder\plugins\mcufinder
2023-09-10 13:39:21,023 [INFO] ApiDb:250 - Set database path to: C:\Users\ARYAN\.stmcufinder\plugins\mcufinder//mcu/
2023-09-10 13:39:21,023 [WARN] DbFile:41 - Overriding database path with different value: C:\Users\ARYAN\.stmcufinder\plugins\mcufinder/ => C:\Users\ARYAN\.stmcufinder\plugins\mcufinder
2023-09-10 13:39:21,023 [INFO] DbMcusAds:125 - Set database path to: C:\Users\ARYAN\.stmcufinder\plugins\mcufinder//mcu/
2023-09-10 13:39:21,023 [WARN] DbFile:41 - Overriding database path with different value: C:\Users\ARYAN\.stmcufinder\plugins\mcufinder/ => C:\Users\ARYAN\.stmcufinder\plugins\mcufinder
2023-09-10 13:39:21,023 [WARN] DbFile:41 - Overriding database path with different value: C:\Users\ARYAN\.stmcufinder\plugins\mcufinder/ => C:\Users\ARYAN\.stmcufinder\plugins\mcufinder
2023-09-10 13:39:21,023 [INFO] CrossReferenceDbSqlite:203 - Set database path to: C:\Users\ARYAN\.stmcufinder\plugins\mcufinder//mcu/cs/
2023-09-10 13:39:21,091 [INFO] MainPanel:262 - HeapMemory: 268435456
2023-09-10 13:39:21,166 [INFO] DbMcusXml:78 - Set database path to: D:\STM32IDE\STM32CubeIDE_1.13.1\STM32CubeIDE\plugins\com.st.stm32cube.common.mx_6.9.1.202307191849\\db\/mcu/
2023-09-10 13:39:21,166 [INFO] ApiDb:274 - Set plugin database path to: D:\STM32IDE\STM32CubeIDE_1.13.1\STM32CubeIDE\plugins\com.st.stm32cube.common.mx_6.9.1.202307191849\\db\/plugins/boardmanager/
2023-09-10 13:39:21,166 [INFO] ApiDb:261 - Set plugin images path to: D:\STM32IDE\STM32CubeIDE_1.13.1\STM32CubeIDE\plugins\com.st.stm32cube.common.mx_6.9.1.202307191849\\db\/plugins/mcufinder/images/
2023-09-10 13:39:21,167 [WARN] DbFile:41 - Overriding database path with different value: C:\Users\ARYAN\.stmcufinder\plugins\mcufinder/ => C:\Users\ARYAN\.stmcufinder\plugins\mcufinder
2023-09-10 13:39:21,167 [INFO] ApiDb:250 - Set database path to: C:\Users\ARYAN\.stmcufinder\plugins\mcufinder//mcu/
2023-09-10 13:39:21,167 [WARN] DbFile:41 - Overriding database path with different value: C:\Users\ARYAN\.stmcufinder\plugins\mcufinder/ => C:\Users\ARYAN\.stmcufinder\plugins\mcufinder
2023-09-10 13:39:21,167 [INFO] DbMcusAds:125 - Set database path to: C:\Users\ARYAN\.stmcufinder\plugins\mcufinder//mcu/
2023-09-10 13:39:21,167 [WARN] DbFile:41 - Overriding database path with different value: C:\Users\ARYAN\.stmcufinder\plugins\mcufinder/ => C:\Users\ARYAN\.stmcufinder\plugins\mcufinder
2023-09-10 13:39:21,167 [WARN] DbFile:41 - Overriding database path with different value: C:\Users\ARYAN\.stmcufinder\plugins\mcufinder/ => C:\Users\ARYAN\.stmcufinder\plugins\mcufinder
2023-09-10 13:39:21,167 [INFO] CrossReferenceDbSqlite:203 - Set database path to: C:\Users\ARYAN\.stmcufinder\plugins\mcufinder//mcu/cs/
2023-09-10 13:39:21,183 [INFO] ApplicationProperties:184 - Using Application install path: D:\STM32IDE\STM32CubeIDE_1.13.1\STM32CubeIDE\plugins\com.st.stm32cube.common.mx_6.9.1.202307191849
2023-09-10 13:39:21,184 [INFO] PluginManage:196 - Search for loadable plugins [exclusion list=, ]
2023-09-10 13:39:21,185 [INFO] PluginManage:310 - Check plugin analytics
2023-09-10 13:39:21,352 [INFO] AnalyticsPlugin:253 - Accepted Software Licenses: 
2023-09-10 13:39:21,352 [INFO] AnalyticsPlugin:255 - Accepted CMSIS Pack Licenses: 
2023-09-10 13:39:21,352 [INFO] AnalyticsPlugin:257 - Accepted Firmware Licenses: 
2023-09-10 13:39:21,354 [INFO] PluginManage:359 - Loaded plugin analytics (category:tool,tabindex:-1)
2023-09-10 13:39:21,355 [INFO] PluginManage:310 - Check plugin cadmodel
2023-09-10 13:39:21,362 [INFO] CADModel:105 - Init CAD model plugin
2023-09-10 13:39:21,362 [INFO] PluginManage:359 - Loaded plugin cadmodel (category:power,tabindex:5)
2023-09-10 13:39:21,362 [INFO] PluginManage:310 - Check plugin clock
2023-09-10 13:39:21,373 [INFO] PluginManage:359 - Loaded plugin clock (category:base,tabindex:2)
2023-09-10 13:39:21,373 [INFO] PluginManage:310 - Check plugin ddr
2023-09-10 13:39:21,376 [INFO] PluginManage:359 - Loaded plugin ddr (category:tool,tabindex:6)
2023-09-10 13:39:21,376 [INFO] PluginManage:310 - Check plugin filemanager
2023-09-10 13:39:21,526 [INFO] PluginManage:359 - Loaded plugin filemanager (category:base,tabindex:10)
2023-09-10 13:39:21,527 [INFO] PluginManage:310 - Check plugin ipmanager
2023-09-10 13:39:21,533 [INFO] PluginManage:359 - Loaded plugin ipmanager (category:base,tabindex:5)
2023-09-10 13:39:21,534 [INFO] PluginManage:310 - Check plugin lpbam
2023-09-10 13:39:21,543 [INFO] PluginManage:359 - Loaded plugin lpbam (category:base,tabindex:0)
2023-09-10 13:39:21,543 [INFO] PluginManage:310 - Check plugin memorymap
2023-09-10 13:39:21,554 [INFO] PluginManage:359 - Loaded plugin memorymap (category:base,tabindex:4)
2023-09-10 13:39:21,554 [INFO] PluginManage:310 - Check plugin pinoutandconfiguration
2023-09-10 13:39:21,560 [INFO] PluginManage:359 - Loaded plugin pinoutandconfiguration (category:base,tabindex:1)
2023-09-10 13:39:21,560 [INFO] PluginManage:310 - Check plugin pinoutconfig
2023-09-10 13:39:21,646 [WARN] SupportedApi:132 - Cannot load RTOS API schema: s4s-elt-must-match.1: The content of 'definitions' must match (annotation?, (simpleType | complexType)?, (unique | key | keyref)*)). A problem was found starting at: attribute.
2023-09-10 13:39:21,766 [INFO] PluginManage:359 - Loaded plugin pinoutconfig (category:base,tabindex:0)
2023-09-10 13:39:21,766 [INFO] PluginManage:310 - Check plugin power
2023-09-10 13:39:21,774 [INFO] PluginManage:359 - Loaded plugin power (category:power,tabindex:4)
2023-09-10 13:39:21,774 [INFO] PluginManage:310 - Check plugin projectmanager
2023-09-10 13:39:21,788 [INFO] PluginManage:359 - Loaded plugin projectmanager (category:projectmanager,tabindex:3)
2023-09-10 13:39:21,789 [INFO] PluginManage:310 - Check plugin thirdparty
2023-09-10 13:39:21,918 [WARN] IntegrityCheckThread:84 - waiting for thirdparty lock release [integrity check]
2023-09-10 13:39:21,920 [INFO] IntegrityCheckThread:86 - entering critical section [integrity check]
2023-09-10 13:39:21,920 [INFO] PluginManage:359 - Loaded plugin thirdparty (category:base,tabindex:-1)
2023-09-10 13:39:21,920 [INFO] PluginManage:310 - Check plugin tools
2023-09-10 13:39:21,921 [INFO] ThirdPartyUpdaterWithRetryManager:70 - Updater plugin not ready yet. [1/15]
2023-09-10 13:39:21,924 [INFO] PluginManage:359 - Loaded plugin tools (category:base,tabindex:7)
2023-09-10 13:39:21,925 [INFO] PluginManage:310 - Check plugin tutovideos
2023-09-10 13:39:22,068 [INFO] PluginManage:359 - Loaded plugin tutovideos (category:base,tabindex:-1)
2023-09-10 13:39:22,068 [INFO] PluginManage:310 - Check plugin updater
2023-09-10 13:39:22,077 [INFO] PluginManage:359 - Loaded plugin updater (category:base,tabindex:12)
2023-09-10 13:39:22,077 [INFO] PluginManage:310 - Check plugin userauth
2023-09-10 13:39:22,082 [INFO] UserAuth:113 - Init User Auth plugin
2023-09-10 13:39:22,082 [INFO] PluginManage:359 - Loaded plugin userauth (category:base,tabindex:14)
2023-09-10 13:39:22,083 [INFO] PluginManage:283 - PluginManage : Loaded plugins [17]
2023-09-10 13:39:22,277 [INFO] PinOutPanel:1499 - setPackage(No Configuration,No Configuration)
2023-09-10 13:39:22,388 [INFO] CADModel:165 - CPN selected for project level
2023-09-10 13:39:22,388 [INFO] CADModel:114 - Register for checkConnection events
2023-09-10 13:39:22,410 [INFO] IPUIPlugin:80 - create IPUIPlugin
2023-09-10 13:39:22,410 [INFO] PluginManager:220 - loadIPPluginJar : add adc
2023-09-10 13:39:22,414 [INFO] IPUIPlugin:80 - create IPUIPlugin
2023-09-10 13:39:22,414 [INFO] PluginManager:220 - loadIPPluginJar : add aes
2023-09-10 13:39:22,417 [INFO] IPUIPlugin:80 - create IPUIPlugin
2023-09-10 13:39:22,417 [INFO] PluginManager:220 - loadIPPluginJar : add can
2023-09-10 13:39:22,420 [INFO] IPUIPlugin:80 - create IPUIPlugin
2023-09-10 13:39:22,421 [INFO] PluginManager:220 - loadIPPluginJar : add comp
2023-09-10 13:39:22,423 [INFO] IPUIPlugin:80 - create IPUIPlugin
2023-09-10 13:39:22,423 [INFO] PluginManager:220 - loadIPPluginJar : add cryp
2023-09-10 13:39:22,426 [INFO] IPUIPlugin:80 - create IPUIPlugin
2023-09-10 13:39:22,426 [INFO] PluginManager:220 - loadIPPluginJar : add dfsdm
2023-09-10 13:39:22,434 [INFO] IPUIPlugin:80 - create IPUIPlugin
2023-09-10 13:39:22,435 [INFO] PluginManager:220 - loadIPPluginJar : add dma
2023-09-10 13:39:22,439 [INFO] IPUIPlugin:80 - create IPUIPlugin
2023-09-10 13:39:22,439 [INFO] PluginManager:220 - loadIPPluginJar : add dma3
2023-09-10 13:39:22,441 [INFO] IPUIPlugin:80 - create IPUIPlugin
2023-09-10 13:39:22,442 [INFO] PluginManager:220 - loadIPPluginJar : add fatfs
2023-09-10 13:39:22,447 [INFO] IPUIPlugin:80 - create IPUIPlugin
2023-09-10 13:39:22,447 [INFO] PluginManager:220 - loadIPPluginJar : add fmc
2023-09-10 13:39:22,453 [INFO] IPUIPlugin:80 - create IPUIPlugin
2023-09-10 13:39:22,454 [INFO] PluginManager:220 - loadIPPluginJar : add freertos
2023-09-10 13:39:22,455 [INFO] IPUIPlugin:80 - create IPUIPlugin
2023-09-10 13:39:22,456 [INFO] PluginManager:220 - loadIPPluginJar : add genericplugin
2023-09-10 13:39:22,458 [INFO] IPUIPlugin:80 - create IPUIPlugin
2023-09-10 13:39:22,458 [INFO] PluginManager:220 - loadIPPluginJar : add gfxmmu
2023-09-10 13:39:22,465 [INFO] IPUIPlugin:80 - create IPUIPlugin
2023-09-10 13:39:22,465 [INFO] PluginManager:220 - loadIPPluginJar : add gic
2023-09-10 13:39:22,470 [INFO] IPUIPlugin:80 - create IPUIPlugin
2023-09-10 13:39:22,470 [INFO] PluginManager:220 - loadIPPluginJar : add gpio
2023-09-10 13:39:22,473 [INFO] IPUIPlugin:80 - create IPUIPlugin
2023-09-10 13:39:22,473 [INFO] PluginManager:220 - loadIPPluginJar : add gtzc
2023-09-10 13:39:22,477 [INFO] IPUIPlugin:80 - create IPUIPlugin
2023-09-10 13:39:22,477 [INFO] PluginManager:220 - loadIPPluginJar : add hash
2023-09-10 13:39:22,480 [INFO] IPUIPlugin:80 - create IPUIPlugin
2023-09-10 13:39:22,480 [INFO] PluginManager:220 - loadIPPluginJar : add i2c
2023-09-10 13:39:22,484 [INFO] IPUIPlugin:80 - create IPUIPlugin
2023-09-10 13:39:22,485 [INFO] PluginManager:220 - loadIPPluginJar : add i2s
2023-09-10 13:39:22,487 [INFO] IPUIPlugin:80 - create IPUIPlugin
2023-09-10 13:39:22,488 [INFO] PluginManager:220 - loadIPPluginJar : add i3c
2023-09-10 13:39:22,491 [INFO] IPUIPlugin:80 - create IPUIPlugin
2023-09-10 13:39:22,491 [INFO] PluginManager:220 - loadIPPluginJar : add ipddr
2023-09-10 13:39:22,499 [INFO] IPUIPlugin:80 - create IPUIPlugin
2023-09-10 13:39:22,500 [INFO] PluginManager:220 - loadIPPluginJar : add linkedlist
2023-09-10 13:39:22,503 [INFO] IPUIPlugin:80 - create IPUIPlugin
2023-09-10 13:39:22,503 [INFO] PluginManager:220 - loadIPPluginJar : add lorawan
2023-09-10 13:39:22,504 [INFO] IPUIPlugin:80 - create IPUIPlugin
2023-09-10 13:39:22,504 [INFO] PluginManager:220 - loadIPPluginJar : add ltdc
2023-09-10 13:39:22,512 [INFO] IPUIPlugin:80 - create IPUIPlugin
2023-09-10 13:39:22,513 [INFO] PluginManager:220 - loadIPPluginJar : add mdma
2023-09-10 13:39:22,518 [INFO] IPUIPlugin:80 - create IPUIPlugin
2023-09-10 13:39:22,519 [INFO] PluginManager:220 - loadIPPluginJar : add nvic
2023-09-10 13:39:22,522 [INFO] IPUIPlugin:80 - create IPUIPlugin
2023-09-10 13:39:22,522 [INFO] PluginManager:220 - loadIPPluginJar : add opamp
2023-09-10 13:39:22,525 [INFO] IPUIPlugin:80 - create IPUIPlugin
2023-09-10 13:39:22,526 [INFO] PluginManager:220 - loadIPPluginJar : add openamp
2023-09-10 13:39:22,529 [INFO] IPUIPlugin:80 - create IPUIPlugin
2023-09-10 13:39:22,529 [INFO] PluginManager:220 - loadIPPluginJar : add pdm2pcm
2023-09-10 13:39:22,536 [INFO] IPUIPlugin:80 - create IPUIPlugin
2023-09-10 13:39:22,539 [INFO] PluginManager:220 - loadIPPluginJar : add plateformsettings
2023-09-10 13:39:22,541 [INFO] IPUIPlugin:80 - create IPUIPlugin
2023-09-10 13:39:22,541 [INFO] PluginManager:220 - loadIPPluginJar : add quadspi
2023-09-10 13:39:22,544 [INFO] IPUIPlugin:80 - create IPUIPlugin
2023-09-10 13:39:22,544 [INFO] PluginManager:220 - loadIPPluginJar : add resmgrutility
2023-09-10 13:39:22,547 [INFO] IPUIPlugin:80 - create IPUIPlugin
2023-09-10 13:39:22,548 [INFO] PluginManager:220 - loadIPPluginJar : add sai
2023-09-10 13:39:22,550 [INFO] IPUIPlugin:80 - create IPUIPlugin
2023-09-10 13:39:22,550 [INFO] PluginManager:220 - loadIPPluginJar : add spi
2023-09-10 13:39:22,557 [INFO] IPUIPlugin:80 - create IPUIPlugin
2023-09-10 13:39:22,557 [INFO] PluginManager:220 - loadIPPluginJar : add stm32_wpan
2023-09-10 13:39:22,559 [INFO] IPUIPlugin:80 - create IPUIPlugin
2023-09-10 13:39:22,559 [INFO] PluginManager:220 - loadIPPluginJar : add tim
2023-09-10 13:39:22,562 [INFO] IPUIPlugin:80 - create IPUIPlugin
2023-09-10 13:39:22,562 [INFO] PluginManager:220 - loadIPPluginJar : add touchsensing
2023-09-10 13:39:22,563 [INFO] IPUIPlugin:80 - create IPUIPlugin
2023-09-10 13:39:22,563 [INFO] PluginManager:220 - loadIPPluginJar : add tracer_emb
2023-09-10 13:39:22,565 [INFO] IPUIPlugin:80 - create IPUIPlugin
2023-09-10 13:39:22,566 [INFO] PluginManager:220 - loadIPPluginJar : add ts
2023-09-10 13:39:22,567 [INFO] IPUIPlugin:80 - create IPUIPlugin
2023-09-10 13:39:22,567 [INFO] PluginManager:220 - loadIPPluginJar : add tsc
2023-09-10 13:39:22,569 [INFO] IPUIPlugin:80 - create IPUIPlugin
2023-09-10 13:39:22,569 [INFO] PluginManager:220 - loadIPPluginJar : add ucpd
2023-09-10 13:39:22,573 [INFO] IPUIPlugin:80 - create IPUIPlugin
2023-09-10 13:39:22,573 [INFO] PluginManager:220 - loadIPPluginJar : add usart
2023-09-10 13:39:22,575 [INFO] IPUIPlugin:80 - create IPUIPlugin
2023-09-10 13:39:22,575 [INFO] PluginManager:220 - loadIPPluginJar : add usbx
2023-09-10 13:39:22,701 [INFO] CADModel:165 - CPN selected for project level
2023-09-10 13:39:22,701 [INFO] CADModel:114 - Register for checkConnection events
2023-09-10 13:39:22,702 [FATAL] Updater:308 - Updater called before beeing initialized
2023-09-10 13:39:22,702 [ERROR] CADModel:125 - Updater not yet initialized, retry later 
2023-09-10 13:39:22,841 [INFO] CADModel:165 - CPN selected for project level
2023-09-10 13:39:22,841 [INFO] CADModel:114 - Register for checkConnection events
2023-09-10 13:39:22,842 [FATAL] Updater:308 - Updater called before beeing initialized
2023-09-10 13:39:22,842 [ERROR] CADModel:125 - Updater not yet initialized, retry later 
2023-09-10 13:39:22,845 [FATAL] Updater:308 - Updater called before beeing initialized
2023-09-10 13:39:22,945 [FATAL] Updater:308 - Updater called before beeing initialized
2023-09-10 13:39:22,950 [INFO] DbMcusAds:53 - JSON generation date=Tue Mar 07 14:20:55 IST 2023 (1678179055114)
2023-09-10 13:39:22,950 [FATAL] Updater:308 - Updater called before beeing initialized
2023-09-10 13:39:22,979 [WARN] DetailPanel:346 - Failed to get advertising image, set to default
2023-09-10 13:39:23,065 [FATAL] Updater:308 - Updater called before beeing initialized
2023-09-10 13:39:23,067 [FATAL] Updater:308 - Updater called before beeing initialized
2023-09-10 13:39:23,067 [FATAL] Updater:308 - Updater called before beeing initialized
2023-09-10 13:39:23,067 [WARN] DetailPanel:346 - Failed to get advertising image, set to default
2023-09-10 13:39:23,068 [FATAL] Updater:308 - Updater called before beeing initialized
2023-09-10 13:39:23,109 [ERROR] Updater:1120 - MainUpdater not yet initialized. External WinMGr cannot be set.
2023-09-10 13:39:23,111 [INFO] Updater:1056 - Updater Version found : 6.9.1
2023-09-10 13:39:23,133 [INFO] ApplicationProperties:184 - Using Application install path: D:\STM32IDE\STM32CubeIDE_1.13.1\STM32CubeIDE\plugins\com.st.stm32cube.common.mx_6.9.1.202307191849
2023-09-10 13:39:24,923 [INFO] ThirdPartyUpdaterWithRetryManager:70 - Updater plugin not ready yet. [2/15]
2023-09-10 13:39:26,176 [INFO] MainUpdater:2868 - connection check result : 10
2023-09-10 13:39:26,177 [INFO] MainUpdater:285 - Updater Check For Update Now.
2023-09-10 13:39:26,177 [INFO] MicroXplorer:498 - Change Database Version : DB.6.0.91
2023-09-10 13:39:26,207 [INFO] McuFinderGlobals:63 - Set McuFinder mode to 2 (CubeIDE integrated)
2023-09-10 13:39:26,207 [INFO] UserAuth:179 - activating auth plugin
2023-09-10 13:39:26,210 [INFO] UserAuth:393 - Internet connection configuration mode: 1
2023-09-10 13:39:26,259 [INFO] JxBrowserEngine:151 - Initiate JxBrowser Engine with user profile folder
2023-09-10 13:39:26,377 [INFO] CheckServerUpdateThread:120 - End of CheckServer Thread
2023-09-10 13:39:26,786 [INFO] WebApp:157 - Instantiating new browser for Auth
2023-09-10 13:39:27,267 [INFO] WebApp:753 - Register for checkConnection events
2023-09-10 13:39:27,267 [INFO] WebApp:390 - Apply proxy settings
2023-09-10 13:39:27,267 [INFO] WebApp:475 - Chromium requires no authentication
2023-09-10 13:39:27,273 [INFO] WebApp:418 - Direct internet connection detected
2023-09-10 13:39:27,410 [INFO] WebApp:188 - Starting web application
2023-09-10 13:39:27,411 [INFO] WebApp:520 - Web application path used D:\STM32IDE\STM32CubeIDE_1.13.1\STM32CubeIDE\plugins\com.st.stm32cube.common.mx_6.9.1.202307191849\db\plugins\mcufinder\reactClient1\index.html
2023-09-10 13:39:28,045 [WARN] PackLoader:240 - Cannot read IP mode file for STMicroelectronics.X-CUBE-SMBUS.2.1.0
2023-09-10 13:39:28,086 [WARN] PackLoader:240 - Cannot read IP mode file for STMicroelectronics.X-CUBE-AZRTOS-F7.1.1.0
2023-09-10 13:39:28,104 [WARN] PackLoader:240 - Cannot read IP mode file for STMicroelectronics.FP-SNS-MOTENV1.4.3.2
2023-09-10 13:39:28,115 [WARN] PackLoader:240 - Cannot read IP mode file for STMicroelectronics.FP-SNS-FLIGHT1.5.0.2
2023-09-10 13:39:28,131 [WARN] PackLoader:240 - Cannot read IP mode file for STMicroelectronics.X-CUBE-DISPLAY.3.0.0
2023-09-10 13:39:28,154 [WARN] PackLoader:240 - Cannot read IP mode file for STMicroelectronics.X-CUBE-BLE1.7.0.0
2023-09-10 13:39:28,163 [WARN] PackLoader:240 - Cannot read IP mode file for emotas.I-CUBE-CANOPEN.1.3.0
2023-09-10 13:39:28,174 [WARN] PackLoader:240 - Cannot read IP mode file for STMicroelectronics.X-CUBE-TOUCHGFX.4.22.0
2023-09-10 13:39:28,182 [WARN] PackLoader:240 - Cannot read IP mode file for STMicroelectronics.FP-SNS-SMARTAG2.1.2.0
2023-09-10 13:39:28,199 [INFO] LogOutputStream:77 - [STDOUT_REDIRECT] 1 : Invalid condition id : UX_CORESTACK_Condition cause : null
2023-09-10 13:39:28,200 [INFO] LogOutputStream:77 - [STDOUT_REDIRECT] 1 : Invalid condition id : UX_CORESTACK_Condition cause : null
2023-09-10 13:39:28,201 [INFO] LogOutputStream:77 - [STDOUT_REDIRECT] 1 : Invalid condition id : UX_CORESTACK_Condition cause : null
2023-09-10 13:39:28,204 [INFO] LogOutputStream:77 - [STDOUT_REDIRECT] 1 : Invalid condition id : UX_CORESTACK_Condition cause : null
2023-09-10 13:39:28,206 [INFO] LogOutputStream:77 - [STDOUT_REDIRECT] 1 : Invalid condition id : UX_CORESTACK_Condition cause : null
2023-09-10 13:39:28,211 [WARN] PackLoader:240 - Cannot read IP mode file for STMicroelectronics.X-CUBE-AZRTOS-WL.2.0.0
2023-09-10 13:39:28,229 [WARN] PackLoader:240 - Cannot read IP mode file for WES.I-CUBE-Cesium.1.3.0
2023-09-10 13:39:28,236 [WARN] PackLoader:240 - Cannot read IP mode file for STMicroelectronics.X-CUBE-BLE2.3.3.0
2023-09-10 13:39:28,253 [WARN] PackLoader:240 - Cannot read IP mode file for STMicroelectronics.X-CUBE-ALGOBUILD.1.3.0
2023-09-10 13:39:28,274 [WARN] PackLoader:240 - Cannot read IP mode file for STMicroelectronics.X-CUBE-AZRTOS-G0.1.1.0
2023-09-10 13:39:28,285 [WARN] PackLoader:240 - Cannot read IP mode file for STMicroelectronics.X-CUBE-NFC4.3.0.0
2023-09-10 13:39:28,292 [WARN] PackLoader:240 - Cannot read IP mode file for STMicroelectronics.FP-ATR-SIGFOX1.3.2.0
2023-09-10 13:39:28,329 [WARN] PackLoader:240 - Cannot read IP mode file for SEGGER.I-CUBE-embOS.1.3.1
2023-09-10 13:39:28,374 [WARN] PackLoader:240 - Cannot read IP mode file for STMicroelectronics.X-CUBE-GNSS1.6.0.0
2023-09-10 13:39:28,398 [WARN] PackLoader:240 - Cannot read IP mode file for STMicroelectronics.X-CUBE-AZRTOS-F4.1.1.0
2023-09-10 13:39:28,409 [WARN] PackLoader:240 - Cannot read IP mode file for wolfSSL.I-CUBE-wolfSSL.5.6.3
2023-09-10 13:39:28,430 [WARN] PackLoader:240 - Cannot read IP mode file for STMicroelectronics.X-CUBE-AZRTOS-L5.2.0.0
2023-09-10 13:39:28,476 [WARN] PackLoader:240 - Cannot read IP mode file for STMicroelectronics.X-CUBE-MEMS1.9.6.0
2023-09-10 13:39:28,636 [WARN] PackLoader:240 - Cannot read IP mode file for STMicroelectronics.X-CUBE-BLEMGR.2.0.0
2023-09-10 13:39:28,654 [WARN] ConditionMgr:438 - getConditionDescription Invalid condition id : UX DEVICE CLASS RTOS Condition cause : null
2023-09-10 13:39:28,654 [WARN] ConditionMgr:438 - getConditionDescription Invalid condition id : UX DEVICE CLASS RTOS Condition cause : null
2023-09-10 13:39:28,658 [WARN] PackLoader:240 - Cannot read IP mode file for STMicroelectronics.X-CUBE-AZRTOS-H7.3.1.0
2023-09-10 13:39:28,660 [WARN] ConditionMgr:1039 - genDependencies : Invalid condition id : UX DEVICE CLASS RTOS Condition cause : null
2023-09-10 13:39:28,660 [WARN] ConditionMgr:1039 - genDependencies : Invalid condition id : UX DEVICE CLASS RTOS Condition cause : null
2023-09-10 13:39:28,660 [WARN] ConditionMgr:1039 - genDependencies : Invalid condition id : UX DEVICE CLASS RTOS Condition cause : null
2023-09-10 13:39:28,662 [WARN] ConditionMgr:1039 - genDependencies : Invalid condition id : UX DEVICE CLASS RTOS Condition cause : null
2023-09-10 13:39:28,662 [WARN] ConditionMgr:1039 - genDependencies : Invalid condition id : UX DEVICE CLASS RTOS Condition cause : null
2023-09-10 13:39:28,669 [WARN] PackLoader:240 - Cannot read IP mode file for STMicroelectronics.X-CUBE-NFC7.1.0.1
2023-09-10 13:39:28,676 [WARN] PackLoader:240 - Cannot read IP mode file for STMicroelectronics.X-CUBE-NFC6.3.0.0
2023-09-10 13:39:28,685 [WARN] PackLoader:240 - Cannot read IP mode file for STMicroelectronics.X-CUBE-EEPRMA1.4.1.0
2023-09-10 13:39:28,692 [WARN] PackLoader:240 - Cannot read IP mode file for STMicroelectronics.X-CUBE-AI.8.1.0
2023-09-10 13:39:28,707 [WARN] ConditionMgr:438 - getConditionDescription Invalid condition id : LAN8742 Phy interface Condition cause : null
2023-09-10 13:39:28,708 [WARN] PackLoader:240 - Cannot read IP mode file for STMicroelectronics.X-CUBE-AZRTOS-L4.2.0.0
2023-09-10 13:39:28,709 [WARN] ConditionMgr:1039 - genDependencies : Invalid condition id : LAN8742 Phy interface Condition cause : null
2023-09-10 13:39:28,710 [WARN] ConditionMgr:1039 - genDependencies : Invalid condition id : LAN8742 Phy interface Condition cause : null
2023-09-10 13:39:28,710 [WARN] ConditionMgr:1039 - genDependencies : Invalid condition id : LAN8742 Phy interface Condition cause : null
2023-09-10 13:39:28,717 [WARN] PackLoader:240 - Cannot read IP mode file for STMicroelectronics.X-CUBE-SFXS2LP1.4.0.0
2023-09-10 13:39:28,724 [WARN] PackLoader:240 - Cannot read IP mode file for STMicroelectronics.X-CUBE-ISPU.1.1.0
2023-09-10 13:39:28,734 [WARN] ConditionMgr:438 - getConditionDescription Invalid condition id : UX DEVICE CLASS RTOS Condition cause : null
2023-09-10 13:39:28,735 [WARN] ConditionMgr:438 - getConditionDescription Invalid condition id : UX DEVICE CLASS RTOS Condition cause : null
2023-09-10 13:39:28,736 [WARN] PackLoader:240 - Cannot read IP mode file for STMicroelectronics.X-CUBE-AZRTOS-WB.2.0.0
2023-09-10 13:39:28,737 [WARN] ConditionMgr:1039 - genDependencies : Invalid condition id : UX DEVICE CLASS RTOS Condition cause : null
2023-09-10 13:39:28,737 [WARN] ConditionMgr:1039 - genDependencies : Invalid condition id : UX DEVICE CLASS RTOS Condition cause : null
2023-09-10 13:39:28,738 [WARN] ConditionMgr:1039 - genDependencies : Invalid condition id : UX DEVICE CLASS RTOS Condition cause : null
2023-09-10 13:39:28,740 [WARN] ConditionMgr:1039 - genDependencies : Invalid condition id : UX DEVICE CLASS RTOS Condition cause : null
2023-09-10 13:39:28,740 [WARN] ConditionMgr:1039 - genDependencies : Invalid condition id : UX DEVICE CLASS RTOS Condition cause : null
2023-09-10 13:39:28,755 [WARN] PackLoader:240 - Cannot read IP mode file for STMicroelectronics.X-CUBE-SUBG2.5.0.0
2023-09-10 13:39:28,770 [WARN] PackLoader:240 - Cannot read IP mode file for STMicroelectronics.X-CUBE-TOF1.3.3.1
2023-09-10 13:39:28,790 [WARN] PackLoader:240 - Cannot read IP mode file for STMicroelectronics.X-CUBE-AZRTOS-G4.2.0.0
2023-09-10 13:39:28,800 [WARN] PackLoader:240 - Cannot read IP mode file for STMicroelectronics.X-CUBE-FREERTOS.1.1.0
2023-09-10 13:39:28,809 [WARN] PackLoader:240 - Cannot read IP mode file for portGmbH.I-Cube-SoM-uGOAL.1.1.0
2023-09-10 13:39:28,818 [WARN] PackLoader:240 - Cannot read IP mode file for STMicroelectronics.X-CUBE-ALS.1.0.1
2023-09-10 13:39:28,826 [WARN] PackLoader:240 - Cannot read IP mode file for STMicroelectronics.FP-ATR-ASTRA1.2.0.0
2023-09-10 13:39:28,828 [INFO] ThirdParty:978 - Integrity check success = true
2023-09-10 13:39:28,829 [INFO] IntegrityCheckThread:100 - exiting critical section [integrity check]
2023-09-10 13:39:28,829 [INFO] IntegrityCheckThread:103 - End integrity checks thread
2023-09-10 13:39:35,499 [INFO] McuFinderGlobals:63 - Set McuFinder mode to 2 (CubeIDE integrated)
2023-09-10 13:39:35,502 [INFO] MainUpdater:2868 - connection check result : 10
2023-09-10 13:39:35,503 [INFO] McuFinderGlobals:76 - Set McuFinderConnectedMode to true
2023-09-10 13:39:36,751 [INFO] ServerAccessManage:473 - Download File mcusAds.json._tmp_
2023-09-10 13:39:36,865 [INFO] LoadUrlFilesThread:156 - End of LoadUrlFiles Thread
2023-09-10 13:39:37,358 [INFO] ServerAccessManage:473 - Download File cube-finder-db.zip
2023-09-10 13:39:48,227 [ERROR] LogOutputStream:75 - [STDERR_REDIRECT] SLF4J: Failed to load class "org.slf4j.impl.StaticLoggerBinder".
2023-09-10 13:39:48,228 [ERROR] LogOutputStream:75 - [STDERR_REDIRECT] SLF4J: Defaulting to no-operation (NOP) logger implementation
2023-09-10 13:39:48,229 [ERROR] LogOutputStream:75 - [STDERR_REDIRECT] SLF4J: See http://www.slf4j.org/codes.html#StaticLoggerBinder for further details.
2023-09-10 13:43:28,691 [INFO] FileExtend:240 - Unzip File : cube-finder-db.zip
2023-09-10 13:43:28,691 [INFO] FileExtend:255 - Standard Zip Deflate
2023-09-10 13:43:29,338 [INFO] LoadUrlFilesThread:156 - End of LoadUrlFiles Thread
2023-09-10 13:43:30,384 [INFO] ServerAccessManage:473 - Download File crdb.zip
2023-09-10 13:43:32,985 [INFO] FileExtend:240 - Unzip File : crdb.zip
2023-09-10 13:43:32,986 [INFO] FileExtend:255 - Standard Zip Deflate
2023-09-10 13:43:33,110 [INFO] LoadUrlFilesThread:156 - End of LoadUrlFiles Thread
2023-09-10 13:43:33,592 [INFO] ServerAccessManage:473 - Download File tutoVideoDB.zip
2023-09-10 13:43:33,788 [INFO] FileExtend:240 - Unzip File : tutoVideoDB.zip
2023-09-10 13:43:33,788 [INFO] FileExtend:255 - Standard Zip Deflate
2023-09-10 13:43:33,902 [INFO] LoadUrlFilesThread:156 - End of LoadUrlFiles Thread
2023-09-10 13:43:33,903 [WARN] DbFile:41 - Overriding database path with different value: C:\Users\ARYAN\.stmcufinder\plugins\mcufinder/ => C:\Users\ARYAN\.stmcufinder\plugins\mcufinder
2023-09-10 13:43:34,404 [INFO] ServerAccessManage:473 - Download File api_config.json
2023-09-10 13:43:34,510 [INFO] LoadUrlFilesThread:156 - End of LoadUrlFiles Thread
2023-09-10 13:43:34,511 [INFO] DbMcusAds:53 - JSON generation date=Tue Mar 07 14:20:55 IST 2023 (1678179055114)
2023-09-10 13:43:34,525 [INFO] LoadUrlFilesThread:185 - End of LoadServerUrlFiles without Thread
2023-09-10 13:43:34,525 [INFO] TargetSelectorAdapter:259 - Refresh data is successful
2023-09-10 13:43:34,610 [INFO] ApiDb:581 - Connected to CubeFinder SQLite database (C:\Users\ARYAN\.stmcufinder\plugins\mcufinder\mcu\cube-finder-db.db)
2023-09-10 13:43:34,663 [INFO] ApiDb:668 - CubeFinder database Data Model version=2.1
2023-09-10 13:43:34,663 [INFO] ApiDb:669 - CubeFinder database Configuration version=3.0.37
2023-09-10 13:43:34,664 [INFO] ApiDb:670 - CubeFinder database generation date=2023-08-09 (1691586011)
2023-09-10 13:43:34,664 [INFO] ApiDb:671 - CubeFinder database FW Pack versions=[FP-ATR-ASTRA1_V2.0.0, FP-SNS-FLIGHT1_V5.0.1, FP-SNS-FLIGHT1_V5.0.2, FP-SNS-MOTENV1_V4.3.1, FP-SNS-MOTENV1_V4.3.2, STM32Cube_FW_C0_V1.1.0, STM32Cube_FW_F4_V1.27.1, STM32Cube_FW_F7_V1.17.0, STM32Cube_FW_G0_V1.6.1, STM32Cube_FW_G4_V1.5.1, STM32Cube_FW_H5_V0.5.1, STM32Cube_FW_H5_V1.1.0, STM32Cube_FW_H7_V1.11.0, STM32Cube_FW_L0_V1.12.2, STM32Cube_FW_L5_V1.5.0, STM32Cube_FW_U5_V1.3.0, STM32Cube_FW_U5_V1.3.0RC4, STM32Cube_FW_WBA_V1.0.0RC1, STM32Cube_FW_WBA_V1.1.0, STM32Cube_FW_WBA_V1.1.0RC1, STM32Cube_FW_WB_V1.15.0RC1, STM32Cube_FW_WB_V1.16.0, STM32Cube_FW_WB_V1.16.0RC2, STM32Cube_FW_WB_V1.17.0, STM32Cube_FW_WL_V1.3.0, X-CUBE-ALGOBUILD_V1.3.0, X-CUBE-ALS_V1.0.1, X-CUBE-AZRTOS-F4_V1.1.0, X-CUBE-AZRTOS-F7_V1.1.0, X-CUBE-AZRTOS-G0_V1.1.0, X-CUBE-AZRTOS-G4_V2.0.0, X-CUBE-AZRTOS-H7_V3.1.0, X-CUBE-AZRTOS-L4_V1.0.0, X-CUBE-AZRTOS-L4_V2.0.0, X-CUBE-AZRTOS-L5_V1.1.0, X-CUBE-AZRTOS-WB_V1.1.0, X-CUBE-AZRTOS-WL_V2.0.0, X-CUBE-BLE1_V7.0.0, X-CUBE-BLE2_V3.3.0, X-CUBE-BLEMGR_V2.0.0, X-CUBE-EEPRMA1_V4.1.0, X-CUBE-FREERTOS_V1.1.0, X-CUBE-GNSS1_V6.0.0, X-CUBE-MEMS1_V9.1.0, X-CUBE-MEMS1_V9.4.0, X-CUBE-MEMS1_V9.6.0, X-CUBE-NFC4_V3.0.0, X-CUBE-NFC7_V1.0.0, X-CUBE-SFXS2LP1_V4.0.0, X-CUBE-SUBG2_V5.0.0, X-CUBE-TOF1_V3.3.1]
2023-09-10 13:43:36,284 [INFO] ApiDb:240 - Found 323 in-development CPN: [B-G473E-ZEST1S, B-WB1M-WPAN1, B-WL5M-SUBG1, NUCLEO-C031C6, NUCLEO-H503RB, NUCLEO-H563ZI, NUCLEO-U545RE-Q, NUCLEO-U5A5ZJ-Q, NUCLEO-WBA52CG, STEVAL-PROTEUS1, STEVAL-SMARTAG2, STEVAL-STWINBX1, STM320518-EVAL, STM32C0116-DK, STM32C011D6Y3TR, STM32C011D6Y6TR, STM32C011F4P3, STM32C011F4P6, STM32C011F4U3, STM32C011F4U6TR, STM32C011F6P3, STM32C011F6P6, STM32C011F6U3, STM32C011F6U6TR, STM32C011J4M3, STM32C011J4M6, STM32C011J6M3, STM32C011J6M6, STM32C0316-DK, STM32C031C4T3, STM32C031C4T6, STM32C031C4U3, STM32C031C4U6, STM32C031C6T3, STM32C031C6T6, STM32C031C6U3, STM32C031C6U6, STM32C031F4P3, STM32C031F4P6, STM32C031F6P3, STM32C031F6P6, STM32C031G4U3, STM32C031G4U6, STM32C031G6U3, STM32C031G6U6, STM32C031K4T3, STM32C031K4T6, STM32C031K4U3, STM32C031K4U6, STM32C031K6T3, STM32C031K6T6, STM32C031K6U3, STM32C031K6U6, STM32G071K8TXN, STM32G071K8UXN, STM32G081GBU6N, STM32G081KBT6N, STM32G081KBUXN, STM32G0B1CCT6N, STM32G0B1KCT6, STM32G0B1NEY6TR, STM32G0B1RCT6N, STM32G0C1CCT6, STM32G0C1CCT6N, STM32G0C1CCU6N, STM32G0C1CET6N, STM32G0C1CEU6N, STM32G0C1KCT6, STM32G0C1NEY6TR, STM32G0C1RCI6N, STM32G0C1RCT6N, STM32G0C1REI6N, STM32G0C1RET6N, STM32G0C1VCI6, STM32G0C1VEI6, STM32G471CCT6, STM32G471CCU6, STM32G471CET3, STM32G471CET6, STM32G471CEU3, STM32G471CEU6, STM32G471MCT6, STM32G471MET3, STM32G471MET6, STM32G471MEY6TR, STM32G471QCT6, STM32G471QET3, STM32G471RCT6, STM32G471RET3, STM32G471RET6, STM32G471VCH6, STM32G471VCI6, STM32G471VCT6, STM32G471VEH3, STM32G471VEH6, STM32G471VEI3, STM32G471VEI6, STM32G471VET3, STM32G471VET6, STM32G474CCT6, STM32H503CBT6, STM32H503CBU6, STM32H503EBY6TR, STM32H503KBU6, STM32H503RBT6, STM32H562AGI6, STM32H562AII6, STM32H562IGK6, STM32H562IGT6, STM32H562IIK6, STM32H562IIT6, STM32H562RGT6, STM32H562RGV6, STM32H562RIT6, STM32H562RIV6, STM32H562VGT6, STM32H562VIT6, STM32H562ZGT6, STM32H562ZIT6, STM32H563AGI6, STM32H563AII3Q, STM32H563AII6, STM32H563IGK6, STM32H563IGT6, STM32H563IIK3Q, STM32H563IIK6, STM32H563IIT3Q, STM32H563IIT6, STM32H563MIY3QTR, STM32H563RGT6, STM32H563RGV6, STM32H563RIT6, STM32H563RIV6, STM32H563VGT6, STM32H563VIT3Q, STM32H563VIT6, STM32H563ZGT6, STM32H563ZIT3Q, STM32H563ZIT6, STM32H573AII3Q, STM32H573AII6, STM32H573I-DK, STM32H573IIK3Q, STM32H573IIK6, STM32H573IIT3Q, STM32H573IIT6, STM32H573MIY3QTR, STM32H573RIT6, STM32H573RIV6, STM32H573VIT3Q, STM32H573VIT6, STM32H573ZIT3Q, STM32H573ZIT6, STM32L4R5QGI6STR, STM32MP131AAE3, STM32MP131AAF3, STM32MP131AAG3, STM32MP131CAE3, STM32MP131CAF3, STM32MP131CAG3, STM32MP131DAE7, STM32MP131DAF7, STM32MP131DAG7, STM32MP131FAE7, STM32MP131FAF7, STM32MP131FAG7, STM32MP133AAE3, STM32MP133AAF3, STM32MP133AAG3, STM32MP133CAE3, STM32MP133CAF3, STM32MP133CAG3, STM32MP133DAE7, STM32MP133DAF7, STM32MP133DAG7, STM32MP133FAE7, STM32MP133FAF7, STM32MP133FAG7, STM32MP135AAE3, STM32MP135AAF3, STM32MP135AAG3, STM32MP135CAE3, STM32MP135CAF3, STM32MP135CAG3, STM32MP135DAE7, STM32MP135DAF7, STM32MP135DAG7, STM32MP135F-DK, STM32MP135FAE7, STM32MP135FAF7, STM32MP135FAF7T, STM32MP135FAF7U, STM32MP135FAG7, STM32U535CBT6, STM32U535CBT6Q, STM32U535CBU6, STM32U535CBU6Q, STM32U535CCT6, STM32U535CCT6Q, STM32U535CCU6, STM32U535CCU6Q, STM32U535CET6, STM32U535CET6Q, STM32U535CEU6, STM32U535CEU6Q, STM32U535JEY6QTR, STM32U535NCY6QTR, STM32U535NEY6QTR, STM32U535RBI6, STM32U535RBI6Q, STM32U535RBT6, STM32U535RBT6Q, STM32U535RCI6, STM32U535RCI6Q, STM32U535RCT6, STM32U535RCT6Q, STM32U535REI6, STM32U535REI6Q, STM32U535RET6, STM32U535RET6Q, STM32U535VCI6, STM32U535VCI6Q, STM32U535VCT6, STM32U535VCT6Q, STM32U535VEI6, STM32U535VEI6Q, STM32U535VET6, STM32U535VET6Q, STM32U545CET6, STM32U545CET6Q, STM32U545CEU6, STM32U545CEU6Q, STM32U545JEY6QTR, STM32U545NEY6QTR, STM32U545REI6, STM32U545REI6Q, STM32U545RET6, STM32U545RET6Q, STM32U545VEI6, STM32U545VEI6Q, STM32U545VET6, STM32U545VET6Q, STM32U595AIH6, STM32U595AIH6Q, STM32U595AJH6, STM32U595AJH6Q, STM32U595QII6, STM32U595QII6Q, STM32U595QJI6, STM32U595QJI6Q, STM32U595RIT6, STM32U595RIT6Q, STM32U595RJT6, STM32U595RJT6Q, STM32U595VIT6, STM32U595VIT6Q, STM32U595VJT6, STM32U595VJT6Q, STM32U595ZIT6, STM32U595ZIT6Q, STM32U595ZIY6QTR, STM32U595ZJT6, STM32U595ZJT6Q, STM32U595ZJY6QTR, STM32U599BJY6QTR, STM32U599NIH6Q, STM32U599NJH6Q, STM32U599VIT6Q, STM32U599VJT6, STM32U599VJT6Q, STM32U599ZIT6Q, STM32U599ZIY6QTR, STM32U599ZJT6Q, STM32U599ZJY6QTR, STM32U5A5AJH6, STM32U5A5AJH6Q, STM32U5A5QJI6, STM32U5A5QJI6Q, STM32U5A5RJT6, STM32U5A5RJT6Q, STM32U5A5VJT6, STM32U5A5VJT6Q, STM32U5A5ZJT6, STM32U5A5ZJT6Q, STM32U5A5ZJY6QTR, STM32U5A9BJY6QTR, STM32U5A9J-DK, STM32U5A9NJH6Q, STM32U5A9VJT6Q, STM32U5A9ZJT6Q, STM32U5A9ZJY6QTR, STM32U5F7VIT6, STM32U5F7VIT6Q, STM32U5F7VJT6, STM32U5F7VJT6Q, STM32U5F9BJY6QTR, STM32U5F9NJH6Q, STM32U5F9VIT6Q, STM32U5F9VJT6Q, STM32U5F9ZIJ6QTR, STM32U5F9ZIT6Q, STM32U5F9ZJJ6QTR, STM32U5F9ZJT6Q, STM32U5G7VJT6, STM32U5G7VJT6Q, STM32U5G9BJY6QTR, STM32U5G9J-DK1, STM32U5G9J-DK2, STM32U5G9NJH6Q, STM32U5G9VJT6Q, STM32U5G9ZJJ6QTR, STM32U5G9ZJT6Q, STM32WB1MMCH6, STM32WBA52CEU6, STM32WBA52CEU6T, STM32WBA52CGU6, STM32WBA52CGU6T, STM32WBA52KEU6, STM32WBA52KEU6T, STM32WBA52KGU6, STM32WBA52KGU6T, STM32WL5MOCH6, STM32WL5MOCH6TR]
2023-09-10 13:43:36,288 [INFO] DbMcus:217 - Found 3848 MCUs, 3848 are supported
2023-09-10 13:43:36,288 [INFO] ApiDb:423 - Load user favorites file C:\Users\ARYAN/.stm32cubeide/favorites.mcus.txt: 0 item(s)
2023-09-10 13:43:36,288 [INFO] ApiDb:427 - User favorites MCUs=[]
2023-09-10 13:43:36,289 [INFO] DbMcus:223 - Set 0 / 0 favorites MCUs
2023-09-10 13:43:36,476 [INFO] ApiDb:668 - CubeFinder database Data Model version=2.1
2023-09-10 13:43:36,476 [INFO] ApiDb:669 - CubeFinder database Configuration version=3.0.37
2023-09-10 13:43:36,476 [INFO] ApiDb:670 - CubeFinder database generation date=2023-08-09 (1691586011)
2023-09-10 13:43:36,476 [INFO] ApiDb:671 - CubeFinder database FW Pack versions=[FP-ATR-ASTRA1_V2.0.0, FP-SNS-FLIGHT1_V5.0.1, FP-SNS-FLIGHT1_V5.0.2, FP-SNS-MOTENV1_V4.3.1, FP-SNS-MOTENV1_V4.3.2, STM32Cube_FW_C0_V1.1.0, STM32Cube_FW_F4_V1.27.1, STM32Cube_FW_F7_V1.17.0, STM32Cube_FW_G0_V1.6.1, STM32Cube_FW_G4_V1.5.1, STM32Cube_FW_H5_V0.5.1, STM32Cube_FW_H5_V1.1.0, STM32Cube_FW_H7_V1.11.0, STM32Cube_FW_L0_V1.12.2, STM32Cube_FW_L5_V1.5.0, STM32Cube_FW_U5_V1.3.0, STM32Cube_FW_U5_V1.3.0RC4, STM32Cube_FW_WBA_V1.0.0RC1, STM32Cube_FW_WBA_V1.1.0, STM32Cube_FW_WBA_V1.1.0RC1, STM32Cube_FW_WB_V1.15.0RC1, STM32Cube_FW_WB_V1.16.0, STM32Cube_FW_WB_V1.16.0RC2, STM32Cube_FW_WB_V1.17.0, STM32Cube_FW_WL_V1.3.0, X-CUBE-ALGOBUILD_V1.3.0, X-CUBE-ALS_V1.0.1, X-CUBE-AZRTOS-F4_V1.1.0, X-CUBE-AZRTOS-F7_V1.1.0, X-CUBE-AZRTOS-G0_V1.1.0, X-CUBE-AZRTOS-G4_V2.0.0, X-CUBE-AZRTOS-H7_V3.1.0, X-CUBE-AZRTOS-L4_V1.0.0, X-CUBE-AZRTOS-L4_V2.0.0, X-CUBE-AZRTOS-L5_V1.1.0, X-CUBE-AZRTOS-WB_V1.1.0, X-CUBE-AZRTOS-WL_V2.0.0, X-CUBE-BLE1_V7.0.0, X-CUBE-BLE2_V3.3.0, X-CUBE-BLEMGR_V2.0.0, X-CUBE-EEPRMA1_V4.1.0, X-CUBE-FREERTOS_V1.1.0, X-CUBE-GNSS1_V6.0.0, X-CUBE-MEMS1_V9.1.0, X-CUBE-MEMS1_V9.4.0, X-CUBE-MEMS1_V9.6.0, X-CUBE-NFC4_V3.0.0, X-CUBE-NFC7_V1.0.0, X-CUBE-SFXS2LP1_V4.0.0, X-CUBE-SUBG2_V5.0.0, X-CUBE-TOF1_V3.3.1]
2023-09-10 13:43:36,520 [INFO] DbBoardsSqlite:226 - include board P-NUCLEO-WB55-NUCLEO as a kit item of type 'Nucleo-64'
2023-09-10 13:43:36,520 [INFO] DbBoardsSqlite:226 - include board P-NUCLEO-WB55-USBDONGLE as a kit item of type 'Nucleo USB Dongle'
2023-09-10 13:43:36,521 [INFO] DbBoardsSqlite:226 - include board STEVAL-IDP005V1 as a kit item of type 'Evaluation Board'
2023-09-10 13:43:36,521 [INFO] DbBoardsSqlite:226 - include board STEVAL-IDP005V2 as a kit item of type 'Evaluation Board'
2023-09-10 13:43:36,561 [INFO] ApiDb:240 - Found 323 in-development CPN: [B-G473E-ZEST1S, B-WB1M-WPAN1, B-WL5M-SUBG1, NUCLEO-C031C6, NUCLEO-H503RB, NUCLEO-H563ZI, NUCLEO-U545RE-Q, NUCLEO-U5A5ZJ-Q, NUCLEO-WBA52CG, STEVAL-PROTEUS1, STEVAL-SMARTAG2, STEVAL-STWINBX1, STM320518-EVAL, STM32C0116-DK, STM32C011D6Y3TR, STM32C011D6Y6TR, STM32C011F4P3, STM32C011F4P6, STM32C011F4U3, STM32C011F4U6TR, STM32C011F6P3, STM32C011F6P6, STM32C011F6U3, STM32C011F6U6TR, STM32C011J4M3, STM32C011J4M6, STM32C011J6M3, STM32C011J6M6, STM32C0316-DK, STM32C031C4T3, STM32C031C4T6, STM32C031C4U3, STM32C031C4U6, STM32C031C6T3, STM32C031C6T6, STM32C031C6U3, STM32C031C6U6, STM32C031F4P3, STM32C031F4P6, STM32C031F6P3, STM32C031F6P6, STM32C031G4U3, STM32C031G4U6, STM32C031G6U3, STM32C031G6U6, STM32C031K4T3, STM32C031K4T6, STM32C031K4U3, STM32C031K4U6, STM32C031K6T3, STM32C031K6T6, STM32C031K6U3, STM32C031K6U6, STM32G071K8TXN, STM32G071K8UXN, STM32G081GBU6N, STM32G081KBT6N, STM32G081KBUXN, STM32G0B1CCT6N, STM32G0B1KCT6, STM32G0B1NEY6TR, STM32G0B1RCT6N, STM32G0C1CCT6, STM32G0C1CCT6N, STM32G0C1CCU6N, STM32G0C1CET6N, STM32G0C1CEU6N, STM32G0C1KCT6, STM32G0C1NEY6TR, STM32G0C1RCI6N, STM32G0C1RCT6N, STM32G0C1REI6N, STM32G0C1RET6N, STM32G0C1VCI6, STM32G0C1VEI6, STM32G471CCT6, STM32G471CCU6, STM32G471CET3, STM32G471CET6, STM32G471CEU3, STM32G471CEU6, STM32G471MCT6, STM32G471MET3, STM32G471MET6, STM32G471MEY6TR, STM32G471QCT6, STM32G471QET3, STM32G471RCT6, STM32G471RET3, STM32G471RET6, STM32G471VCH6, STM32G471VCI6, STM32G471VCT6, STM32G471VEH3, STM32G471VEH6, STM32G471VEI3, STM32G471VEI6, STM32G471VET3, STM32G471VET6, STM32G474CCT6, STM32H503CBT6, STM32H503CBU6, STM32H503EBY6TR, STM32H503KBU6, STM32H503RBT6, STM32H562AGI6, STM32H562AII6, STM32H562IGK6, STM32H562IGT6, STM32H562IIK6, STM32H562IIT6, STM32H562RGT6, STM32H562RGV6, STM32H562RIT6, STM32H562RIV6, STM32H562VGT6, STM32H562VIT6, STM32H562ZGT6, STM32H562ZIT6, STM32H563AGI6, STM32H563AII3Q, STM32H563AII6, STM32H563IGK6, STM32H563IGT6, STM32H563IIK3Q, STM32H563IIK6, STM32H563IIT3Q, STM32H563IIT6, STM32H563MIY3QTR, STM32H563RGT6, STM32H563RGV6, STM32H563RIT6, STM32H563RIV6, STM32H563VGT6, STM32H563VIT3Q, STM32H563VIT6, STM32H563ZGT6, STM32H563ZIT3Q, STM32H563ZIT6, STM32H573AII3Q, STM32H573AII6, STM32H573I-DK, STM32H573IIK3Q, STM32H573IIK6, STM32H573IIT3Q, STM32H573IIT6, STM32H573MIY3QTR, STM32H573RIT6, STM32H573RIV6, STM32H573VIT3Q, STM32H573VIT6, STM32H573ZIT3Q, STM32H573ZIT6, STM32L4R5QGI6STR, STM32MP131AAE3, STM32MP131AAF3, STM32MP131AAG3, STM32MP131CAE3, STM32MP131CAF3, STM32MP131CAG3, STM32MP131DAE7, STM32MP131DAF7, STM32MP131DAG7, STM32MP131FAE7, STM32MP131FAF7, STM32MP131FAG7, STM32MP133AAE3, STM32MP133AAF3, STM32MP133AAG3, STM32MP133CAE3, STM32MP133CAF3, STM32MP133CAG3, STM32MP133DAE7, STM32MP133DAF7, STM32MP133DAG7, STM32MP133FAE7, STM32MP133FAF7, STM32MP133FAG7, STM32MP135AAE3, STM32MP135AAF3, STM32MP135AAG3, STM32MP135CAE3, STM32MP135CAF3, STM32MP135CAG3, STM32MP135DAE7, STM32MP135DAF7, STM32MP135DAG7, STM32MP135F-DK, STM32MP135FAE7, STM32MP135FAF7, STM32MP135FAF7T, STM32MP135FAF7U, STM32MP135FAG7, STM32U535CBT6, STM32U535CBT6Q, STM32U535CBU6, STM32U535CBU6Q, STM32U535CCT6, STM32U535CCT6Q, STM32U535CCU6, STM32U535CCU6Q, STM32U535CET6, STM32U535CET6Q, STM32U535CEU6, STM32U535CEU6Q, STM32U535JEY6QTR, STM32U535NCY6QTR, STM32U535NEY6QTR, STM32U535RBI6, STM32U535RBI6Q, STM32U535RBT6, STM32U535RBT6Q, STM32U535RCI6, STM32U535RCI6Q, STM32U535RCT6, STM32U535RCT6Q, STM32U535REI6, STM32U535REI6Q, STM32U535RET6, STM32U535RET6Q, STM32U535VCI6, STM32U535VCI6Q, STM32U535VCT6, STM32U535VCT6Q, STM32U535VEI6, STM32U535VEI6Q, STM32U535VET6, STM32U535VET6Q, STM32U545CET6, STM32U545CET6Q, STM32U545CEU6, STM32U545CEU6Q, STM32U545JEY6QTR, STM32U545NEY6QTR, STM32U545REI6, STM32U545REI6Q, STM32U545RET6, STM32U545RET6Q, STM32U545VEI6, STM32U545VEI6Q, STM32U545VET6, STM32U545VET6Q, STM32U595AIH6, STM32U595AIH6Q, STM32U595AJH6, STM32U595AJH6Q, STM32U595QII6, STM32U595QII6Q, STM32U595QJI6, STM32U595QJI6Q, STM32U595RIT6, STM32U595RIT6Q, STM32U595RJT6, STM32U595RJT6Q, STM32U595VIT6, STM32U595VIT6Q, STM32U595VJT6, STM32U595VJT6Q, STM32U595ZIT6, STM32U595ZIT6Q, STM32U595ZIY6QTR, STM32U595ZJT6, STM32U595ZJT6Q, STM32U595ZJY6QTR, STM32U599BJY6QTR, STM32U599NIH6Q, STM32U599NJH6Q, STM32U599VIT6Q, STM32U599VJT6, STM32U599VJT6Q, STM32U599ZIT6Q, STM32U599ZIY6QTR, STM32U599ZJT6Q, STM32U599ZJY6QTR, STM32U5A5AJH6, STM32U5A5AJH6Q, STM32U5A5QJI6, STM32U5A5QJI6Q, STM32U5A5RJT6, STM32U5A5RJT6Q, STM32U5A5VJT6, STM32U5A5VJT6Q, STM32U5A5ZJT6, STM32U5A5ZJT6Q, STM32U5A5ZJY6QTR, STM32U5A9BJY6QTR, STM32U5A9J-DK, STM32U5A9NJH6Q, STM32U5A9VJT6Q, STM32U5A9ZJT6Q, STM32U5A9ZJY6QTR, STM32U5F7VIT6, STM32U5F7VIT6Q, STM32U5F7VJT6, STM32U5F7VJT6Q, STM32U5F9BJY6QTR, STM32U5F9NJH6Q, STM32U5F9VIT6Q, STM32U5F9VJT6Q, STM32U5F9ZIJ6QTR, STM32U5F9ZIT6Q, STM32U5F9ZJJ6QTR, STM32U5F9ZJT6Q, STM32U5G7VJT6, STM32U5G7VJT6Q, STM32U5G9BJY6QTR, STM32U5G9J-DK1, STM32U5G9J-DK2, STM32U5G9NJH6Q, STM32U5G9VJT6Q, STM32U5G9ZJJ6QTR, STM32U5G9ZJT6Q, STM32WB1MMCH6, STM32WBA52CEU6, STM32WBA52CEU6T, STM32WBA52CGU6, STM32WBA52CGU6T, STM32WBA52KEU6, STM32WBA52KEU6T, STM32WBA52KGU6, STM32WBA52KGU6T, STM32WL5MOCH6, STM32WL5MOCH6TR]
2023-09-10 13:43:36,620 [INFO] BoardInfo:880 - No configuration file found for board P-NUCLEO-WB55
2023-09-10 13:43:36,620 [INFO] DbBoards:157 - Kit is not supported: P-NUCLEO-WB55
2023-09-10 13:43:36,623 [INFO] BoardInfo:880 - No configuration file found for board STEVAL-BFA001V1B
2023-09-10 13:43:36,623 [INFO] DbBoards:157 - Kit is not supported: STEVAL-BFA001V1B
2023-09-10 13:43:36,624 [INFO] BoardInfo:880 - No configuration file found for board STEVAL-BFA001V2B
2023-09-10 13:43:36,624 [INFO] DbBoards:157 - Kit is not supported: STEVAL-BFA001V2B
2023-09-10 13:43:36,699 [INFO] DbBoards:161 - Found 190 boards, 187 are supported
2023-09-10 13:43:36,702 [INFO] ApiDb:423 - Load user favorites file C:\Users\ARYAN/.stm32cubeide/favorites.boards.txt: 0 item(s)
2023-09-10 13:43:36,702 [INFO] ApiDb:427 - User favorites Boards=[]
2023-09-10 13:43:36,702 [INFO] DbBoards:190 - Set 0 / 0 favorites Boards
2023-09-10 13:43:36,704 [INFO] ApiDb:668 - CubeFinder database Data Model version=2.1
2023-09-10 13:43:36,705 [INFO] ApiDb:669 - CubeFinder database Configuration version=3.0.37
2023-09-10 13:43:36,705 [INFO] ApiDb:670 - CubeFinder database generation date=2023-08-09 (1691586011)
2023-09-10 13:43:36,705 [INFO] ApiDb:671 - CubeFinder database FW Pack versions=[FP-ATR-ASTRA1_V2.0.0, FP-SNS-FLIGHT1_V5.0.1, FP-SNS-FLIGHT1_V5.0.2, FP-SNS-MOTENV1_V4.3.1, FP-SNS-MOTENV1_V4.3.2, STM32Cube_FW_C0_V1.1.0, STM32Cube_FW_F4_V1.27.1, STM32Cube_FW_F7_V1.17.0, STM32Cube_FW_G0_V1.6.1, STM32Cube_FW_G4_V1.5.1, STM32Cube_FW_H5_V0.5.1, STM32Cube_FW_H5_V1.1.0, STM32Cube_FW_H7_V1.11.0, STM32Cube_FW_L0_V1.12.2, STM32Cube_FW_L5_V1.5.0, STM32Cube_FW_U5_V1.3.0, STM32Cube_FW_U5_V1.3.0RC4, STM32Cube_FW_WBA_V1.0.0RC1, STM32Cube_FW_WBA_V1.1.0, STM32Cube_FW_WBA_V1.1.0RC1, STM32Cube_FW_WB_V1.15.0RC1, STM32Cube_FW_WB_V1.16.0, STM32Cube_FW_WB_V1.16.0RC2, STM32Cube_FW_WB_V1.17.0, STM32Cube_FW_WL_V1.3.0, X-CUBE-ALGOBUILD_V1.3.0, X-CUBE-ALS_V1.0.1, X-CUBE-AZRTOS-F4_V1.1.0, X-CUBE-AZRTOS-F7_V1.1.0, X-CUBE-AZRTOS-G0_V1.1.0, X-CUBE-AZRTOS-G4_V2.0.0, X-CUBE-AZRTOS-H7_V3.1.0, X-CUBE-AZRTOS-L4_V1.0.0, X-CUBE-AZRTOS-L4_V2.0.0, X-CUBE-AZRTOS-L5_V1.1.0, X-CUBE-AZRTOS-WB_V1.1.0, X-CUBE-AZRTOS-WL_V2.0.0, X-CUBE-BLE1_V7.0.0, X-CUBE-BLE2_V3.3.0, X-CUBE-BLEMGR_V2.0.0, X-CUBE-EEPRMA1_V4.1.0, X-CUBE-FREERTOS_V1.1.0, X-CUBE-GNSS1_V6.0.0, X-CUBE-MEMS1_V9.1.0, X-CUBE-MEMS1_V9.4.0, X-CUBE-MEMS1_V9.6.0, X-CUBE-NFC4_V3.0.0, X-CUBE-NFC7_V1.0.0, X-CUBE-SFXS2LP1_V4.0.0, X-CUBE-SUBG2_V5.0.0, X-CUBE-TOF1_V3.3.1]
2023-09-10 13:43:37,314 [INFO] DbExamplesSqlite:395 - Ignored 27 examples not supported by CubeIDE
2023-09-10 13:43:37,314 [INFO] DbExamplesSqlite:396 - Found 7231 examples active
2023-09-10 13:43:37,314 [INFO] DbExamplesSqlite:397 - Found 677 examples obsolete
2023-09-10 13:43:37,314 [INFO] DbExamplesSqlite:398 - Found 0 examples under development
2023-09-10 13:43:37,314 [INFO] DbExamplesSqlite:399 - Found 74 examples not building
2023-09-10 13:43:37,316 [INFO] DbExamples:125 - Found 7278 examples
2023-09-10 13:43:37,326 [INFO] DbExamples:222 - Found 92 boards with related examples
2023-09-10 13:43:37,327 [INFO] DbExamples:235 - Found 78 MCUs with related examples
2023-09-10 13:43:37,346 [INFO] ApiDb:414 - User favorites file not found: C:\Users\ARYAN/.stm32cubeide/favorites.examples.txt
2023-09-10 13:43:37,346 [INFO] DbExamples:250 - Set 0 / 0 favorites Examples
2023-09-10 13:43:37,497 [INFO] McuFinderGlobals:76 - Set McuFinderConnectedMode to true
2023-09-10 13:43:37,508 [INFO] MultiScanPanel:200 - Auto-refresh data requested => check proxy status ongoing
2023-09-10 13:43:37,513 [INFO] FinderPluginLoader:95 - Searching for filters in installed packs
2023-09-10 13:43:38,886 [INFO] LoadUrlFilesThread:185 - End of LoadServerUrlFiles without Thread
2023-09-10 13:43:38,913 [INFO] DetailPanel:341 - Set advertising image to C:/Users/ARYAN/STM32Cube/Repository/\en.prom-stm32h5-mcu-finder.jpg
2023-09-10 13:44:26,243 [INFO] MetaSearchPanel:329 - Collapse all filters sections
2023-09-10 13:44:27,140 [INFO] MetaSearchPanel:329 - Collapse all filters sections
2023-09-10 13:44:32,738 [INFO] MultiScanPanel:200 - Auto-refresh data requested => check proxy status ongoing
2023-09-10 13:44:32,846 [INFO] LoadUrlFilesThread:185 - End of LoadServerUrlFiles without Thread
2023-09-10 13:44:32,847 [INFO] DetailPanel:341 - Set advertising image to C:/Users/ARYAN/STM32Cube/Repository/\en.prom-stm32h5-mcu-finder.jpg
2023-09-10 13:44:32,856 [INFO] DbBoards:634 - Loading board mini-images...
2023-09-10 13:44:34,445 [ERROR] DbBoards:651 - Image file not found for board STM32U5G9J-DK1: C:\Users\ARYAN\.stmcufinder\plugins\mcufinder//mcu//boards_images/STM32U5G9J-DK1.jpg
2023-09-10 13:44:34,446 [ERROR] DbBoards:651 - Image file not found for board STM32U5G9J-DK2: C:\Users\ARYAN\.stmcufinder\plugins\mcufinder//mcu//boards_images/STM32U5G9J-DK2.jpg
2023-09-10 13:44:34,460 [INFO] DbBoards:657 - Loaded 188 board mini-images
2023-09-10 13:45:19,683 [INFO] McuFinderGlobals:76 - Set McuFinderConnectedMode to true
2023-09-10 13:45:19,685 [INFO] ApiDb:448 - Save user favorites file C:\Users\ARYAN/.stm32cubeide/favorites.mcus.txt: 0 item(s)
2023-09-10 13:45:19,686 [INFO] ApiDb:452 - User favorites MCUs=[]
2023-09-10 13:45:19,687 [INFO] ApiDb:448 - Save user favorites file C:\Users\ARYAN/.stm32cubeide/favorites.boards.txt: 0 item(s)
2023-09-10 13:45:19,687 [INFO] ApiDb:452 - User favorites Boards=[]
2023-09-10 14:42:50,109 [INFO] MainUpdater:2868 - connection check result : 10
2023-09-10 14:42:50,213 [INFO] McuFinderGlobals:76 - Set McuFinderConnectedMode to true
2023-09-10 14:42:50,214 [INFO] MultiScanPanel:200 - Auto-refresh data requested => check proxy status ongoing
2023-09-10 14:42:50,215 [INFO] FinderPluginLoader:95 - Searching for filters in installed packs
2023-09-10 14:42:50,830 [INFO] LoadUrlFilesThread:185 - End of LoadServerUrlFiles without Thread
2023-09-10 14:42:50,830 [INFO] DetailPanel:341 - Set advertising image to C:/Users/ARYAN/STM32Cube/Repository/\en.prom-stm32h5-mcu-finder.jpg
2023-09-10 14:42:53,886 [INFO] MultiScanPanel:200 - Auto-refresh data requested => check proxy status ongoing
2023-09-10 14:42:53,950 [INFO] LoadUrlFilesThread:185 - End of LoadServerUrlFiles without Thread
2023-09-10 14:42:53,950 [INFO] DetailPanel:341 - Set advertising image to C:/Users/ARYAN/STM32Cube/Repository/\en.prom-stm32h5-mcu-finder.jpg
2023-09-10 14:42:59,514 [INFO] ApiDb:581 - Connected to CubeFinder SQLite database (C:\Users\ARYAN\.stmcufinder\plugins\mcufinder\mcu\cube-finder-db.db)
2023-09-10 14:44:18,542 [INFO] McuFinderGlobals:76 - Set McuFinderConnectedMode to true
2023-09-10 14:44:18,544 [INFO] ApiDb:448 - Save user favorites file C:\Users\ARYAN/.stm32cubeide/favorites.mcus.txt: 0 item(s)
2023-09-10 14:44:18,545 [INFO] ApiDb:452 - User favorites MCUs=[]
2023-09-10 14:44:18,545 [INFO] ApiDb:448 - Save user favorites file C:\Users\ARYAN/.stm32cubeide/favorites.boards.txt: 0 item(s)
2023-09-10 14:44:18,546 [INFO] ApiDb:452 - User favorites Boards=[]
2023-09-10 15:03:31,353 [INFO] MainUpdater:2868 - connection check result : 10
2023-09-10 15:03:31,495 [INFO] McuFinderGlobals:76 - Set McuFinderConnectedMode to true
2023-09-10 15:03:31,498 [INFO] MultiScanPanel:200 - Auto-refresh data requested => check proxy status ongoing
2023-09-10 15:03:31,498 [INFO] FinderPluginLoader:95 - Searching for filters in installed packs
2023-09-10 15:03:32,044 [INFO] LoadUrlFilesThread:185 - End of LoadServerUrlFiles without Thread
2023-09-10 15:03:32,044 [INFO] DetailPanel:341 - Set advertising image to C:/Users/ARYAN/STM32Cube/Repository/\en.prom-stm32h5-mcu-finder.jpg
2023-09-10 15:03:34,515 [INFO] MultiScanPanel:200 - Auto-refresh data requested => check proxy status ongoing
2023-09-10 15:03:34,558 [INFO] LoadUrlFilesThread:185 - End of LoadServerUrlFiles without Thread
2023-09-10 15:03:34,558 [INFO] DetailPanel:341 - Set advertising image to C:/Users/ARYAN/STM32Cube/Repository/\en.prom-stm32h5-mcu-finder.jpg
2023-09-10 15:04:12,908 [INFO] McuFinderGlobals:76 - Set McuFinderConnectedMode to true
2023-09-10 15:04:12,909 [INFO] ApiDb:448 - Save user favorites file C:\Users\ARYAN/.stm32cubeide/favorites.mcus.txt: 0 item(s)
2023-09-10 15:04:12,909 [INFO] ApiDb:452 - User favorites MCUs=[]
2023-09-10 15:04:12,910 [INFO] ApiDb:448 - Save user favorites file C:\Users\ARYAN/.stm32cubeide/favorites.boards.txt: 0 item(s)
2023-09-10 15:04:12,910 [INFO] ApiDb:452 - User favorites Boards=[]
2023-09-10 18:52:49,347 [ERROR] LogOutputStream:75 - [STDERR_REDIRECT] 
