2023-10-13 21:42:32,113 [INFO] Activator:176 - 


2023-10-13 21:42:32,118 [INFO] Activator:177 - !SESSION log4j initialized
2023-10-13 21:42:38,347 [INFO] LogOutputStream:77 - [STDOUT_REDIRECT] 
2023-10-13 21:42:40,640 [INFO] ApplicationProperties:184 - Using Application install path: D:\STM32IDE\STM32CubeIDE_1.13.1\STM32CubeIDE\plugins\com.st.stm32cube.common.mx_6.9.2.202309101412
2023-10-13 21:42:40,662 [INFO] DbMcusXml:78 - Set database path to: D:\STM32IDE\STM32CubeIDE_1.13.1\STM32CubeIDE\plugins\com.st.stm32cube.common.mx_6.9.2.202309101412\\db\/mcu/
2023-10-13 21:42:40,663 [INFO] ApiDb:274 - Set plugin database path to: D:\STM32IDE\STM32CubeIDE_1.13.1\STM32CubeIDE\plugins\com.st.stm32cube.common.mx_6.9.2.202309101412\\db\/plugins/boardmanager/
2023-10-13 21:42:40,663 [WARN] ApiDb:259 - Overriding images path with different value:  => D:\STM32IDE\STM32CubeIDE_1.13.1\STM32CubeIDE\plugins\com.st.stm32cube.common.mx_6.9.2.202309101412\\db\/plugins/mcufinder/images/
2023-10-13 21:42:40,684 [INFO] ApiDb:250 - Set database path to: C:\Users\ARYAN\.stmcufinder\plugins\mcufinder//mcu/
2023-10-13 21:42:40,685 [INFO] DbMcusAds:125 - Set database path to: C:\Users\ARYAN\.stmcufinder\plugins\mcufinder//mcu/
2023-10-13 21:42:40,687 [INFO] CrossReferenceDbSqlite:203 - Set database path to: C:\Users\ARYAN\.stmcufinder\plugins\mcufinder//mcu/cs/
2023-10-13 21:42:40,839 [INFO] RulesReader:64 - Compatibility file has been processed (293 Rules)
2023-10-13 21:42:40,962 [INFO] DbMcusXml:78 - Set database path to: D:\STM32IDE\STM32CubeIDE_1.13.1\STM32CubeIDE\plugins\com.st.stm32cube.common.mx_6.9.2.202309101412\\db\/mcu/
2023-10-13 21:42:40,962 [INFO] ApiDb:274 - Set plugin database path to: D:\STM32IDE\STM32CubeIDE_1.13.1\STM32CubeIDE\plugins\com.st.stm32cube.common.mx_6.9.2.202309101412\\db\/plugins/boardmanager/
2023-10-13 21:42:40,962 [INFO] ApiDb:261 - Set plugin images path to: D:\STM32IDE\STM32CubeIDE_1.13.1\STM32CubeIDE\plugins\com.st.stm32cube.common.mx_6.9.2.202309101412\\db\/plugins/mcufinder/images/
2023-10-13 21:42:40,962 [WARN] DbFile:41 - Overriding database path with different value: C:\Users\ARYAN\.stmcufinder\plugins\mcufinder/ => C:\Users\ARYAN\.stmcufinder\plugins\mcufinder
2023-10-13 21:42:40,963 [INFO] ApiDb:250 - Set database path to: C:\Users\ARYAN\.stmcufinder\plugins\mcufinder//mcu/
2023-10-13 21:42:40,963 [WARN] DbFile:41 - Overriding database path with different value: C:\Users\ARYAN\.stmcufinder\plugins\mcufinder/ => C:\Users\ARYAN\.stmcufinder\plugins\mcufinder
2023-10-13 21:42:40,963 [INFO] DbMcusAds:125 - Set database path to: C:\Users\ARYAN\.stmcufinder\plugins\mcufinder//mcu/
2023-10-13 21:42:40,963 [WARN] DbFile:41 - Overriding database path with different value: C:\Users\ARYAN\.stmcufinder\plugins\mcufinder/ => C:\Users\ARYAN\.stmcufinder\plugins\mcufinder
2023-10-13 21:42:40,963 [WARN] DbFile:41 - Overriding database path with different value: C:\Users\ARYAN\.stmcufinder\plugins\mcufinder/ => C:\Users\ARYAN\.stmcufinder\plugins\mcufinder
2023-10-13 21:42:40,963 [INFO] CrossReferenceDbSqlite:203 - Set database path to: C:\Users\ARYAN\.stmcufinder\plugins\mcufinder//mcu/cs/
2023-10-13 21:42:41,066 [INFO] MainPanel:262 - HeapMemory: 268435456
2023-10-13 21:42:41,171 [INFO] DbMcusXml:78 - Set database path to: D:\STM32IDE\STM32CubeIDE_1.13.1\STM32CubeIDE\plugins\com.st.stm32cube.common.mx_6.9.2.202309101412\\db\/mcu/
2023-10-13 21:42:41,171 [INFO] ApiDb:274 - Set plugin database path to: D:\STM32IDE\STM32CubeIDE_1.13.1\STM32CubeIDE\plugins\com.st.stm32cube.common.mx_6.9.2.202309101412\\db\/plugins/boardmanager/
2023-10-13 21:42:41,171 [INFO] ApiDb:261 - Set plugin images path to: D:\STM32IDE\STM32CubeIDE_1.13.1\STM32CubeIDE\plugins\com.st.stm32cube.common.mx_6.9.2.202309101412\\db\/plugins/mcufinder/images/
2023-10-13 21:42:41,172 [WARN] DbFile:41 - Overriding database path with different value: C:\Users\ARYAN\.stmcufinder\plugins\mcufinder/ => C:\Users\ARYAN\.stmcufinder\plugins\mcufinder
2023-10-13 21:42:41,172 [INFO] ApiDb:250 - Set database path to: C:\Users\ARYAN\.stmcufinder\plugins\mcufinder//mcu/
2023-10-13 21:42:41,172 [WARN] DbFile:41 - Overriding database path with different value: C:\Users\ARYAN\.stmcufinder\plugins\mcufinder/ => C:\Users\ARYAN\.stmcufinder\plugins\mcufinder
2023-10-13 21:42:41,172 [INFO] DbMcusAds:125 - Set database path to: C:\Users\ARYAN\.stmcufinder\plugins\mcufinder//mcu/
2023-10-13 21:42:41,172 [WARN] DbFile:41 - Overriding database path with different value: C:\Users\ARYAN\.stmcufinder\plugins\mcufinder/ => C:\Users\ARYAN\.stmcufinder\plugins\mcufinder
2023-10-13 21:42:41,172 [WARN] DbFile:41 - Overriding database path with different value: C:\Users\ARYAN\.stmcufinder\plugins\mcufinder/ => C:\Users\ARYAN\.stmcufinder\plugins\mcufinder
2023-10-13 21:42:41,172 [INFO] CrossReferenceDbSqlite:203 - Set database path to: C:\Users\ARYAN\.stmcufinder\plugins\mcufinder//mcu/cs/
2023-10-13 21:42:41,193 [INFO] ApplicationProperties:184 - Using Application install path: D:\STM32IDE\STM32CubeIDE_1.13.1\STM32CubeIDE\plugins\com.st.stm32cube.common.mx_6.9.2.202309101412
2023-10-13 21:42:41,195 [INFO] PluginManage:196 - Search for loadable plugins [exclusion list=, ]
2023-10-13 21:42:41,197 [INFO] PluginManage:310 - Check plugin analytics
2023-10-13 21:42:41,378 [INFO] AnalyticsPlugin:253 - Accepted Software Licenses: STM32CubeMX.6.9.2
2023-10-13 21:42:41,379 [INFO] AnalyticsPlugin:255 - Accepted CMSIS Pack Licenses: 
2023-10-13 21:42:41,379 [INFO] AnalyticsPlugin:257 - Accepted Firmware Licenses: FW.F4.1.27.0
2023-10-13 21:42:41,382 [INFO] PluginManage:359 - Loaded plugin analytics (category:tool,tabindex:-1)
2023-10-13 21:42:41,383 [INFO] PluginManage:310 - Check plugin cadmodel
2023-10-13 21:42:41,398 [INFO] CADModel:105 - Init CAD model plugin
2023-10-13 21:42:41,398 [INFO] PluginManage:359 - Loaded plugin cadmodel (category:power,tabindex:5)
2023-10-13 21:42:41,398 [INFO] PluginManage:310 - Check plugin clock
2023-10-13 21:42:41,421 [INFO] PluginManage:359 - Loaded plugin clock (category:base,tabindex:2)
2023-10-13 21:42:41,421 [INFO] PluginManage:310 - Check plugin ddr
2023-10-13 21:42:41,424 [INFO] PluginManage:359 - Loaded plugin ddr (category:tool,tabindex:6)
2023-10-13 21:42:41,425 [INFO] PluginManage:310 - Check plugin filemanager
2023-10-13 21:42:41,583 [INFO] PluginManage:359 - Loaded plugin filemanager (category:base,tabindex:10)
2023-10-13 21:42:41,583 [INFO] PluginManage:310 - Check plugin ipmanager
2023-10-13 21:42:41,591 [INFO] PluginManage:359 - Loaded plugin ipmanager (category:base,tabindex:5)
2023-10-13 21:42:41,591 [INFO] PluginManage:310 - Check plugin lpbam
2023-10-13 21:42:41,607 [INFO] PluginManage:359 - Loaded plugin lpbam (category:base,tabindex:0)
2023-10-13 21:42:41,607 [INFO] PluginManage:310 - Check plugin memorymap
2023-10-13 21:42:41,630 [INFO] PluginManage:359 - Loaded plugin memorymap (category:base,tabindex:4)
2023-10-13 21:42:41,630 [INFO] PluginManage:310 - Check plugin pinoutandconfiguration
2023-10-13 21:42:41,645 [INFO] PluginManage:359 - Loaded plugin pinoutandconfiguration (category:base,tabindex:1)
2023-10-13 21:42:41,645 [INFO] PluginManage:310 - Check plugin pinoutconfig
2023-10-13 21:42:41,737 [WARN] SupportedApi:132 - Cannot load RTOS API schema: s4s-elt-must-match.1: The content of 'definitions' must match (annotation?, (simpleType | complexType)?, (unique | key | keyref)*)). A problem was found starting at: attribute.
2023-10-13 21:42:41,880 [INFO] PluginManage:359 - Loaded plugin pinoutconfig (category:base,tabindex:0)
2023-10-13 21:42:41,880 [INFO] PluginManage:310 - Check plugin power
2023-10-13 21:42:41,901 [INFO] PluginManage:359 - Loaded plugin power (category:power,tabindex:4)
2023-10-13 21:42:41,901 [INFO] PluginManage:310 - Check plugin projectmanager
2023-10-13 21:42:41,917 [INFO] PluginManage:359 - Loaded plugin projectmanager (category:projectmanager,tabindex:3)
2023-10-13 21:42:41,917 [INFO] PluginManage:310 - Check plugin thirdparty
2023-10-13 21:42:42,195 [INFO] PluginManage:359 - Loaded plugin thirdparty (category:base,tabindex:-1)
2023-10-13 21:42:42,195 [WARN] IntegrityCheckThread:84 - waiting for thirdparty lock release [integrity check]
2023-10-13 21:42:42,196 [INFO] IntegrityCheckThread:86 - entering critical section [integrity check]
2023-10-13 21:42:42,195 [INFO] PluginManage:310 - Check plugin tools
2023-10-13 21:42:42,196 [INFO] ThirdPartyUpdaterWithRetryManager:70 - Updater plugin not ready yet. [1/15]
2023-10-13 21:42:42,230 [INFO] PluginManage:359 - Loaded plugin tools (category:base,tabindex:7)
2023-10-13 21:42:42,230 [INFO] PluginManage:310 - Check plugin tutovideos
2023-10-13 21:42:42,538 [INFO] PluginManage:359 - Loaded plugin tutovideos (category:base,tabindex:-1)
2023-10-13 21:42:42,538 [INFO] PluginManage:310 - Check plugin updater
2023-10-13 21:42:42,556 [INFO] PluginManage:359 - Loaded plugin updater (category:base,tabindex:12)
2023-10-13 21:42:42,557 [INFO] PluginManage:310 - Check plugin userauth
2023-10-13 21:42:42,564 [INFO] UserAuth:113 - Init User Auth plugin
2023-10-13 21:42:42,564 [INFO] PluginManage:359 - Loaded plugin userauth (category:base,tabindex:14)
2023-10-13 21:42:42,565 [INFO] PluginManage:283 - PluginManage : Loaded plugins [17]
2023-10-13 21:42:42,819 [INFO] PinOutPanel:1499 - setPackage(No Configuration,No Configuration)
2023-10-13 21:42:42,978 [INFO] CADModel:165 - CPN selected for project level
2023-10-13 21:42:42,978 [INFO] CADModel:114 - Register for checkConnection events
2023-10-13 21:42:43,010 [INFO] IPUIPlugin:80 - create IPUIPlugin
2023-10-13 21:42:43,011 [INFO] PluginManager:220 - loadIPPluginJar : add adc
2023-10-13 21:42:43,042 [INFO] IPUIPlugin:80 - create IPUIPlugin
2023-10-13 21:42:43,043 [INFO] PluginManager:220 - loadIPPluginJar : add aes
2023-10-13 21:42:43,079 [INFO] IPUIPlugin:80 - create IPUIPlugin
2023-10-13 21:42:43,079 [INFO] PluginManager:220 - loadIPPluginJar : add can
2023-10-13 21:42:43,100 [INFO] IPUIPlugin:80 - create IPUIPlugin
2023-10-13 21:42:43,100 [INFO] PluginManager:220 - loadIPPluginJar : add comp
2023-10-13 21:42:43,130 [INFO] IPUIPlugin:80 - create IPUIPlugin
2023-10-13 21:42:43,130 [INFO] PluginManager:220 - loadIPPluginJar : add cryp
2023-10-13 21:42:43,158 [INFO] IPUIPlugin:80 - create IPUIPlugin
2023-10-13 21:42:43,158 [INFO] PluginManager:220 - loadIPPluginJar : add dfsdm
2023-10-13 21:42:43,171 [INFO] IPUIPlugin:80 - create IPUIPlugin
2023-10-13 21:42:43,171 [INFO] PluginManager:220 - loadIPPluginJar : add dma
2023-10-13 21:42:43,210 [INFO] IPUIPlugin:80 - create IPUIPlugin
2023-10-13 21:42:43,210 [INFO] PluginManager:220 - loadIPPluginJar : add dma3
2023-10-13 21:42:43,229 [INFO] IPUIPlugin:80 - create IPUIPlugin
2023-10-13 21:42:43,229 [INFO] PluginManager:220 - loadIPPluginJar : add fatfs
2023-10-13 21:42:43,270 [INFO] IPUIPlugin:80 - create IPUIPlugin
2023-10-13 21:42:43,270 [INFO] PluginManager:220 - loadIPPluginJar : add fmc
2023-10-13 21:42:43,285 [INFO] IPUIPlugin:80 - create IPUIPlugin
2023-10-13 21:42:43,285 [INFO] PluginManager:220 - loadIPPluginJar : add freertos
2023-10-13 21:42:43,304 [INFO] IPUIPlugin:80 - create IPUIPlugin
2023-10-13 21:42:43,305 [INFO] PluginManager:220 - loadIPPluginJar : add genericplugin
2023-10-13 21:42:43,395 [INFO] IPUIPlugin:80 - create IPUIPlugin
2023-10-13 21:42:43,395 [INFO] PluginManager:220 - loadIPPluginJar : add gfxmmu
2023-10-13 21:42:43,520 [INFO] IPUIPlugin:80 - create IPUIPlugin
2023-10-13 21:42:43,520 [INFO] PluginManager:220 - loadIPPluginJar : add gic
2023-10-13 21:42:43,535 [INFO] IPUIPlugin:80 - create IPUIPlugin
2023-10-13 21:42:43,535 [INFO] PluginManager:220 - loadIPPluginJar : add gpio
2023-10-13 21:42:43,621 [INFO] IPUIPlugin:80 - create IPUIPlugin
2023-10-13 21:42:43,621 [INFO] PluginManager:220 - loadIPPluginJar : add gtzc
2023-10-13 21:42:43,650 [INFO] IPUIPlugin:80 - create IPUIPlugin
2023-10-13 21:42:43,651 [INFO] PluginManager:220 - loadIPPluginJar : add hash
2023-10-13 21:42:43,698 [INFO] IPUIPlugin:80 - create IPUIPlugin
2023-10-13 21:42:43,698 [INFO] PluginManager:220 - loadIPPluginJar : add i2c
2023-10-13 21:42:43,734 [INFO] IPUIPlugin:80 - create IPUIPlugin
2023-10-13 21:42:43,734 [INFO] PluginManager:220 - loadIPPluginJar : add i2s
2023-10-13 21:42:43,772 [INFO] IPUIPlugin:80 - create IPUIPlugin
2023-10-13 21:42:43,772 [INFO] PluginManager:220 - loadIPPluginJar : add i3c
2023-10-13 21:42:43,866 [INFO] IPUIPlugin:80 - create IPUIPlugin
2023-10-13 21:42:43,867 [INFO] PluginManager:220 - loadIPPluginJar : add ipddr
2023-10-13 21:42:43,952 [INFO] IPUIPlugin:80 - create IPUIPlugin
2023-10-13 21:42:43,952 [INFO] PluginManager:220 - loadIPPluginJar : add linkedlist
2023-10-13 21:42:43,983 [INFO] IPUIPlugin:80 - create IPUIPlugin
2023-10-13 21:42:43,984 [INFO] PluginManager:220 - loadIPPluginJar : add lorawan
2023-10-13 21:42:44,017 [INFO] IPUIPlugin:80 - create IPUIPlugin
2023-10-13 21:42:44,017 [INFO] PluginManager:220 - loadIPPluginJar : add ltdc
2023-10-13 21:42:44,030 [INFO] IPUIPlugin:80 - create IPUIPlugin
2023-10-13 21:42:44,031 [INFO] PluginManager:220 - loadIPPluginJar : add mdma
2023-10-13 21:42:44,041 [INFO] IPUIPlugin:80 - create IPUIPlugin
2023-10-13 21:42:44,041 [INFO] PluginManager:220 - loadIPPluginJar : add nvic
2023-10-13 21:42:44,074 [INFO] IPUIPlugin:80 - create IPUIPlugin
2023-10-13 21:42:44,074 [INFO] PluginManager:220 - loadIPPluginJar : add opamp
2023-10-13 21:42:44,130 [INFO] IPUIPlugin:80 - create IPUIPlugin
2023-10-13 21:42:44,130 [INFO] PluginManager:220 - loadIPPluginJar : add openamp
2023-10-13 21:42:44,170 [INFO] IPUIPlugin:80 - create IPUIPlugin
2023-10-13 21:42:44,170 [INFO] PluginManager:220 - loadIPPluginJar : add pdm2pcm
2023-10-13 21:42:44,183 [INFO] IPUIPlugin:80 - create IPUIPlugin
2023-10-13 21:42:44,185 [INFO] PluginManager:220 - loadIPPluginJar : add plateformsettings
2023-10-13 21:42:44,205 [INFO] IPUIPlugin:80 - create IPUIPlugin
2023-10-13 21:42:44,205 [INFO] PluginManager:220 - loadIPPluginJar : add quadspi
2023-10-13 21:42:44,217 [INFO] IPUIPlugin:80 - create IPUIPlugin
2023-10-13 21:42:44,217 [INFO] PluginManager:220 - loadIPPluginJar : add resmgrutility
2023-10-13 21:42:44,259 [INFO] IPUIPlugin:80 - create IPUIPlugin
2023-10-13 21:42:44,259 [INFO] PluginManager:220 - loadIPPluginJar : add sai
2023-10-13 21:42:44,293 [INFO] IPUIPlugin:80 - create IPUIPlugin
2023-10-13 21:42:44,294 [INFO] PluginManager:220 - loadIPPluginJar : add spi
2023-10-13 21:42:44,344 [INFO] IPUIPlugin:80 - create IPUIPlugin
2023-10-13 21:42:44,344 [INFO] PluginManager:220 - loadIPPluginJar : add stm32_wpan
2023-10-13 21:42:44,366 [INFO] IPUIPlugin:80 - create IPUIPlugin
2023-10-13 21:42:44,367 [INFO] PluginManager:220 - loadIPPluginJar : add tim
2023-10-13 21:42:44,417 [INFO] IPUIPlugin:80 - create IPUIPlugin
2023-10-13 21:42:44,417 [INFO] PluginManager:220 - loadIPPluginJar : add touchsensing
2023-10-13 21:42:44,438 [INFO] IPUIPlugin:80 - create IPUIPlugin
2023-10-13 21:42:44,438 [INFO] PluginManager:220 - loadIPPluginJar : add tracer_emb
2023-10-13 21:42:44,460 [INFO] IPUIPlugin:80 - create IPUIPlugin
2023-10-13 21:42:44,460 [INFO] PluginManager:220 - loadIPPluginJar : add ts
2023-10-13 21:42:44,480 [INFO] IPUIPlugin:80 - create IPUIPlugin
2023-10-13 21:42:44,481 [INFO] PluginManager:220 - loadIPPluginJar : add tsc
2023-10-13 21:42:44,500 [INFO] IPUIPlugin:80 - create IPUIPlugin
2023-10-13 21:42:44,500 [INFO] PluginManager:220 - loadIPPluginJar : add ucpd
2023-10-13 21:42:44,542 [INFO] IPUIPlugin:80 - create IPUIPlugin
2023-10-13 21:42:44,542 [INFO] PluginManager:220 - loadIPPluginJar : add usart
2023-10-13 21:42:44,581 [INFO] IPUIPlugin:80 - create IPUIPlugin
2023-10-13 21:42:44,581 [INFO] PluginManager:220 - loadIPPluginJar : add usbx
2023-10-13 21:42:44,702 [INFO] CADModel:165 - CPN selected for project level
2023-10-13 21:42:44,703 [INFO] CADModel:114 - Register for checkConnection events
2023-10-13 21:42:44,703 [FATAL] Updater:308 - Updater called before beeing initialized
2023-10-13 21:42:44,703 [ERROR] CADModel:125 - Updater not yet initialized, retry later 
2023-10-13 21:42:44,872 [INFO] CADModel:165 - CPN selected for project level
2023-10-13 21:42:44,872 [INFO] CADModel:114 - Register for checkConnection events
2023-10-13 21:42:44,872 [FATAL] Updater:308 - Updater called before beeing initialized
2023-10-13 21:42:44,872 [ERROR] CADModel:125 - Updater not yet initialized, retry later 
2023-10-13 21:42:44,876 [FATAL] Updater:308 - Updater called before beeing initialized
2023-10-13 21:42:44,981 [FATAL] Updater:308 - Updater called before beeing initialized
2023-10-13 21:42:44,992 [INFO] DbMcusAds:53 - JSON generation date=Tue Mar 07 14:20:55 IST 2023 (1678179055114)
2023-10-13 21:42:44,992 [FATAL] Updater:308 - Updater called before beeing initialized
2023-10-13 21:42:45,065 [WARN] DetailPanel:346 - Failed to get advertising image, set to default
2023-10-13 21:42:45,149 [FATAL] Updater:308 - Updater called before beeing initialized
2023-10-13 21:42:45,151 [FATAL] Updater:308 - Updater called before beeing initialized
2023-10-13 21:42:45,151 [FATAL] Updater:308 - Updater called before beeing initialized
2023-10-13 21:42:45,151 [WARN] DetailPanel:346 - Failed to get advertising image, set to default
2023-10-13 21:42:45,152 [FATAL] Updater:308 - Updater called before beeing initialized
2023-10-13 21:42:45,198 [INFO] ThirdPartyUpdaterWithRetryManager:70 - Updater plugin not ready yet. [2/15]
2023-10-13 21:42:45,206 [ERROR] Updater:1120 - MainUpdater not yet initialized. External WinMGr cannot be set.
2023-10-13 21:42:45,215 [INFO] Updater:1056 - Updater Version found : 6.9.2
2023-10-13 21:42:45,234 [INFO] ApplicationProperties:184 - Using Application install path: D:\STM32IDE\STM32CubeIDE_1.13.1\STM32CubeIDE\plugins\com.st.stm32cube.common.mx_6.9.2.202309101412
2023-10-13 21:42:45,849 [INFO] MainUpdater:2868 - connection check result : 10
2023-10-13 21:42:45,849 [INFO] MainUpdater:3562 - Updater definition file requires update
2023-10-13 21:42:45,850 [INFO] MainUpdater:285 - Updater Check For Update Now.
2023-10-13 21:42:45,850 [INFO] MicroXplorer:498 - Change Database Version : DB.6.0.92
2023-10-13 21:42:45,865 [INFO] McuFinderGlobals:63 - Set McuFinder mode to 2 (CubeIDE integrated)
2023-10-13 21:42:47,330 [INFO] ServerAccessManage:473 - Download File updaters.zip
2023-10-13 21:42:47,493 [INFO] FileExtend:240 - Unzip File : updaters.zip
2023-10-13 21:42:47,494 [INFO] FileExtend:255 - Standard Zip Deflate
2023-10-13 21:42:48,199 [WARN] MainUpdater:1189 - Updater busy. Cannot search thirdparties
2023-10-13 21:42:48,200 [INFO] ThirdPartyUpdaterWithRetryManager:96 - Updater plugin is busy. [1/15]
2023-10-13 21:42:48,959 [INFO] ServerAccessManage:473 - Download File PacksControlFlags.xml
2023-10-13 21:42:49,956 [INFO] ServerAccessManage:473 - Download File cubemx.pidx
2023-10-13 21:42:50,056 [INFO] LoadServerUpdatesThread:373 - End of LoadServerUpdate Thread
2023-10-13 21:42:50,215 [INFO] CheckServerUpdateThread:120 - End of CheckServer Thread
2023-10-13 21:42:51,370 [WARN] PackLoader:240 - Cannot read IP mode file for STMicroelectronics.X-CUBE-SMBUS.2.1.0
2023-10-13 21:42:51,416 [WARN] PackLoader:240 - Cannot read IP mode file for STMicroelectronics.X-CUBE-AZRTOS-F7.1.1.0
2023-10-13 21:42:51,439 [WARN] PackLoader:240 - Cannot read IP mode file for STMicroelectronics.FP-SNS-MOTENV1.4.3.2
2023-10-13 21:42:51,454 [WARN] PackLoader:240 - Cannot read IP mode file for STMicroelectronics.FP-SNS-FLIGHT1.5.0.2
2023-10-13 21:42:51,473 [WARN] PackLoader:240 - Cannot read IP mode file for STMicroelectronics.X-CUBE-DISPLAY.3.0.0
2023-10-13 21:42:51,499 [WARN] PackLoader:240 - Cannot read IP mode file for STMicroelectronics.X-CUBE-BLE1.7.0.0
2023-10-13 21:42:51,515 [WARN] PackLoader:240 - Cannot read IP mode file for emotas.I-CUBE-CANOPEN.1.3.0
2023-10-13 21:42:51,534 [WARN] PackLoader:240 - Cannot read IP mode file for STMicroelectronics.X-CUBE-TOUCHGFX.4.22.0
2023-10-13 21:42:51,547 [WARN] PackLoader:240 - Cannot read IP mode file for STMicroelectronics.X-CUBE-TOUCHGFX.4.22.1
2023-10-13 21:42:51,560 [WARN] PackLoader:240 - Cannot read IP mode file for STMicroelectronics.FP-SNS-SMARTAG2.1.2.0
2023-10-13 21:42:51,588 [INFO] LogOutputStream:77 - [STDOUT_REDIRECT] 1 : Invalid condition id : UX_CORESTACK_Condition cause : null
2023-10-13 21:42:51,589 [INFO] LogOutputStream:77 - [STDOUT_REDIRECT] 1 : Invalid condition id : UX_CORESTACK_Condition cause : null
2023-10-13 21:42:51,590 [INFO] LogOutputStream:77 - [STDOUT_REDIRECT] 1 : Invalid condition id : UX_CORESTACK_Condition cause : null
2023-10-13 21:42:51,591 [INFO] LogOutputStream:77 - [STDOUT_REDIRECT] 1 : Invalid condition id : UX_CORESTACK_Condition cause : null
2023-10-13 21:42:51,593 [INFO] LogOutputStream:77 - [STDOUT_REDIRECT] 1 : Invalid condition id : UX_CORESTACK_Condition cause : null
2023-10-13 21:42:51,600 [WARN] PackLoader:240 - Cannot read IP mode file for STMicroelectronics.X-CUBE-AZRTOS-WL.2.0.0
2023-10-13 21:42:51,619 [WARN] PackLoader:240 - Cannot read IP mode file for WES.I-CUBE-Cesium.1.3.0
2023-10-13 21:42:51,635 [WARN] PackLoader:240 - Cannot read IP mode file for STMicroelectronics.X-CUBE-BLE2.3.3.0
2023-10-13 21:42:51,653 [WARN] PackLoader:240 - Cannot read IP mode file for STMicroelectronics.X-CUBE-ALGOBUILD.1.3.0
2023-10-13 21:42:51,694 [WARN] PackLoader:240 - Cannot read IP mode file for STMicroelectronics.X-CUBE-AZRTOS-G0.1.1.0
2023-10-13 21:42:51,715 [WARN] PackLoader:240 - Cannot read IP mode file for STMicroelectronics.X-CUBE-NFC4.3.0.0
2023-10-13 21:42:51,731 [WARN] PackLoader:240 - Cannot read IP mode file for STMicroelectronics.FP-ATR-SIGFOX1.3.2.0
2023-10-13 21:42:51,792 [WARN] PackLoader:240 - Cannot read IP mode file for SEGGER.I-CUBE-embOS.1.3.1
2023-10-13 21:42:51,903 [WARN] PackLoader:240 - Cannot read IP mode file for STMicroelectronics.X-CUBE-GNSS1.6.0.0
2023-10-13 21:42:51,941 [WARN] PackLoader:240 - Cannot read IP mode file for STMicroelectronics.X-CUBE-AZRTOS-F4.1.1.0
2023-10-13 21:42:51,961 [WARN] PackLoader:240 - Cannot read IP mode file for wolfSSL.I-CUBE-wolfSSL.5.6.3
2023-10-13 21:42:52,000 [WARN] PackLoader:240 - Cannot read IP mode file for STMicroelectronics.X-CUBE-AZRTOS-L5.2.0.0
2023-10-13 21:42:52,103 [WARN] PackLoader:240 - Cannot read IP mode file for STMicroelectronics.X-CUBE-MEMS1.9.6.0
2023-10-13 21:42:52,321 [WARN] PackLoader:240 - Cannot read IP mode file for ITTIA_DB.I-CUBE-ITTIADB.8.8.0
2023-10-13 21:42:52,337 [WARN] PackLoader:240 - Cannot read IP mode file for STMicroelectronics.X-CUBE-BLEMGR.2.0.0
2023-10-13 21:42:52,368 [WARN] ConditionMgr:438 - getConditionDescription Invalid condition id : UX DEVICE CLASS RTOS Condition cause : null
2023-10-13 21:42:52,368 [WARN] ConditionMgr:438 - getConditionDescription Invalid condition id : UX DEVICE CLASS RTOS Condition cause : null
2023-10-13 21:42:52,371 [WARN] PackLoader:240 - Cannot read IP mode file for STMicroelectronics.X-CUBE-AZRTOS-H7.3.1.0
2023-10-13 21:42:52,373 [WARN] ConditionMgr:1039 - genDependencies : Invalid condition id : UX DEVICE CLASS RTOS Condition cause : null
2023-10-13 21:42:52,373 [WARN] ConditionMgr:1039 - genDependencies : Invalid condition id : UX DEVICE CLASS RTOS Condition cause : null
2023-10-13 21:42:52,373 [WARN] ConditionMgr:1039 - genDependencies : Invalid condition id : UX DEVICE CLASS RTOS Condition cause : null
2023-10-13 21:42:52,374 [WARN] ConditionMgr:1039 - genDependencies : Invalid condition id : UX DEVICE CLASS RTOS Condition cause : null
2023-10-13 21:42:52,374 [WARN] ConditionMgr:1039 - genDependencies : Invalid condition id : UX DEVICE CLASS RTOS Condition cause : null
2023-10-13 21:42:52,389 [WARN] PackLoader:240 - Cannot read IP mode file for STMicroelectronics.X-CUBE-NFC7.1.0.1
2023-10-13 21:42:52,406 [WARN] PackLoader:240 - Cannot read IP mode file for STMicroelectronics.X-CUBE-NFC6.3.0.0
2023-10-13 21:42:52,426 [WARN] PackLoader:240 - Cannot read IP mode file for STMicroelectronics.X-CUBE-EEPRMA1.4.1.0
2023-10-13 21:42:52,441 [WARN] PackLoader:240 - Cannot read IP mode file for STMicroelectronics.X-CUBE-AI.8.1.0
2023-10-13 21:42:52,473 [WARN] ConditionMgr:438 - getConditionDescription Invalid condition id : LAN8742 Phy interface Condition cause : null
2023-10-13 21:42:52,474 [WARN] PackLoader:240 - Cannot read IP mode file for STMicroelectronics.X-CUBE-AZRTOS-L4.2.0.0
2023-10-13 21:42:52,476 [WARN] ConditionMgr:1039 - genDependencies : Invalid condition id : LAN8742 Phy interface Condition cause : null
2023-10-13 21:42:52,476 [WARN] ConditionMgr:1039 - genDependencies : Invalid condition id : LAN8742 Phy interface Condition cause : null
2023-10-13 21:42:52,477 [WARN] ConditionMgr:1039 - genDependencies : Invalid condition id : LAN8742 Phy interface Condition cause : null
2023-10-13 21:42:52,496 [WARN] PackLoader:240 - Cannot read IP mode file for STMicroelectronics.X-CUBE-SFXS2LP1.4.0.0
2023-10-13 21:42:52,511 [WARN] PackLoader:240 - Cannot read IP mode file for STMicroelectronics.X-CUBE-ISPU.1.1.0
2023-10-13 21:42:52,540 [WARN] ConditionMgr:438 - getConditionDescription Invalid condition id : UX DEVICE CLASS RTOS Condition cause : null
2023-10-13 21:42:52,540 [WARN] ConditionMgr:438 - getConditionDescription Invalid condition id : UX DEVICE CLASS RTOS Condition cause : null
2023-10-13 21:42:52,542 [WARN] PackLoader:240 - Cannot read IP mode file for STMicroelectronics.X-CUBE-AZRTOS-WB.2.0.0
2023-10-13 21:42:52,543 [WARN] ConditionMgr:1039 - genDependencies : Invalid condition id : UX DEVICE CLASS RTOS Condition cause : null
2023-10-13 21:42:52,544 [WARN] ConditionMgr:1039 - genDependencies : Invalid condition id : UX DEVICE CLASS RTOS Condition cause : null
2023-10-13 21:42:52,545 [WARN] ConditionMgr:1039 - genDependencies : Invalid condition id : UX DEVICE CLASS RTOS Condition cause : null
2023-10-13 21:42:52,545 [WARN] ConditionMgr:1039 - genDependencies : Invalid condition id : UX DEVICE CLASS RTOS Condition cause : null
2023-10-13 21:42:52,546 [WARN] ConditionMgr:1039 - genDependencies : Invalid condition id : UX DEVICE CLASS RTOS Condition cause : null
2023-10-13 21:42:52,571 [WARN] PackLoader:240 - Cannot read IP mode file for STMicroelectronics.X-CUBE-SUBG2.5.0.0
2023-10-13 21:42:52,597 [WARN] PackLoader:240 - Cannot read IP mode file for STMicroelectronics.X-CUBE-TOF1.3.3.1
2023-10-13 21:42:52,632 [WARN] PackLoader:240 - Cannot read IP mode file for STMicroelectronics.X-CUBE-AZRTOS-G4.2.0.0
2023-10-13 21:42:52,659 [WARN] PackLoader:240 - Cannot read IP mode file for Infineon.AIROC-Wi-Fi-Bluetooth-STM32.1.5.1
2023-10-13 21:42:52,676 [WARN] PackLoader:240 - Cannot read IP mode file for STMicroelectronics.X-CUBE-FREERTOS.1.1.0
2023-10-13 21:42:52,693 [WARN] PackLoader:240 - Cannot read IP mode file for portGmbH.I-Cube-SoM-uGOAL.1.1.0
2023-10-13 21:42:52,708 [WARN] PackLoader:240 - Cannot read IP mode file for STMicroelectronics.X-CUBE-ALS.1.0.1
2023-10-13 21:42:52,722 [WARN] PackLoader:240 - Cannot read IP mode file for STMicroelectronics.FP-ATR-ASTRA1.2.0.0
2023-10-13 21:42:52,723 [INFO] ThirdParty:978 - Integrity check success = true
2023-10-13 21:42:52,723 [INFO] IntegrityCheckThread:100 - exiting critical section [integrity check]
2023-10-13 21:42:52,723 [INFO] IntegrityCheckThread:103 - End integrity checks thread
2023-10-13 21:43:00,297 [ERROR] LogOutputStream:75 - [STDERR_REDIRECT] SLF4J: Failed to load class "org.slf4j.impl.StaticLoggerBinder".
2023-10-13 21:43:00,297 [ERROR] LogOutputStream:75 - [STDERR_REDIRECT] SLF4J: Defaulting to no-operation (NOP) logger implementation
2023-10-13 21:43:00,298 [ERROR] LogOutputStream:75 - [STDERR_REDIRECT] SLF4J: See http://www.slf4j.org/codes.html#StaticLoggerBinder for further details.
