2023-10-09 20:32:33,504 [INFO] Activator:176 - 


2023-10-09 20:32:33,508 [INFO] Activator:177 - !SESSION log4j initialized
2023-10-09 20:32:40,353 [INFO] LogOutputStream:77 - [STDOUT_REDIRECT] 
2023-10-09 20:32:42,867 [INFO] ApplicationProperties:184 - Using Application install path: D:\STM32IDE\STM32CubeIDE_1.13.1\STM32CubeIDE\plugins\com.st.stm32cube.common.mx_6.9.2.202309101412
2023-10-09 20:32:42,889 [INFO] DbMcusXml:78 - Set database path to: D:\STM32IDE\STM32CubeIDE_1.13.1\STM32CubeIDE\plugins\com.st.stm32cube.common.mx_6.9.2.202309101412\\db\/mcu/
2023-10-09 20:32:42,889 [INFO] ApiDb:274 - Set plugin database path to: D:\STM32IDE\STM32CubeIDE_1.13.1\STM32CubeIDE\plugins\com.st.stm32cube.common.mx_6.9.2.202309101412\\db\/plugins/boardmanager/
2023-10-09 20:32:42,890 [WARN] ApiDb:259 - Overriding images path with different value:  => D:\STM32IDE\STM32CubeIDE_1.13.1\STM32CubeIDE\plugins\com.st.stm32cube.common.mx_6.9.2.202309101412\\db\/plugins/mcufinder/images/
2023-10-09 20:32:42,913 [INFO] ApiDb:250 - Set database path to: C:\Users\ARYAN\.stmcufinder\plugins\mcufinder//mcu/
2023-10-09 20:32:42,915 [INFO] DbMcusAds:125 - Set database path to: C:\Users\ARYAN\.stmcufinder\plugins\mcufinder//mcu/
2023-10-09 20:32:42,918 [INFO] CrossReferenceDbSqlite:203 - Set database path to: C:\Users\ARYAN\.stmcufinder\plugins\mcufinder//mcu/cs/
2023-10-09 20:32:43,056 [INFO] RulesReader:64 - Compatibility file has been processed (293 Rules)
2023-10-09 20:32:43,176 [INFO] DbMcusXml:78 - Set database path to: D:\STM32IDE\STM32CubeIDE_1.13.1\STM32CubeIDE\plugins\com.st.stm32cube.common.mx_6.9.2.202309101412\\db\/mcu/
2023-10-09 20:32:43,176 [INFO] ApiDb:274 - Set plugin database path to: D:\STM32IDE\STM32CubeIDE_1.13.1\STM32CubeIDE\plugins\com.st.stm32cube.common.mx_6.9.2.202309101412\\db\/plugins/boardmanager/
2023-10-09 20:32:43,176 [INFO] ApiDb:261 - Set plugin images path to: D:\STM32IDE\STM32CubeIDE_1.13.1\STM32CubeIDE\plugins\com.st.stm32cube.common.mx_6.9.2.202309101412\\db\/plugins/mcufinder/images/
2023-10-09 20:32:43,176 [WARN] DbFile:41 - Overriding database path with different value: C:\Users\ARYAN\.stmcufinder\plugins\mcufinder/ => C:\Users\ARYAN\.stmcufinder\plugins\mcufinder
2023-10-09 20:32:43,176 [INFO] ApiDb:250 - Set database path to: C:\Users\ARYAN\.stmcufinder\plugins\mcufinder//mcu/
2023-10-09 20:32:43,176 [WARN] DbFile:41 - Overriding database path with different value: C:\Users\ARYAN\.stmcufinder\plugins\mcufinder/ => C:\Users\ARYAN\.stmcufinder\plugins\mcufinder
2023-10-09 20:32:43,177 [INFO] DbMcusAds:125 - Set database path to: C:\Users\ARYAN\.stmcufinder\plugins\mcufinder//mcu/
2023-10-09 20:32:43,177 [WARN] DbFile:41 - Overriding database path with different value: C:\Users\ARYAN\.stmcufinder\plugins\mcufinder/ => C:\Users\ARYAN\.stmcufinder\plugins\mcufinder
2023-10-09 20:32:43,177 [WARN] DbFile:41 - Overriding database path with different value: C:\Users\ARYAN\.stmcufinder\plugins\mcufinder/ => C:\Users\ARYAN\.stmcufinder\plugins\mcufinder
2023-10-09 20:32:43,177 [INFO] CrossReferenceDbSqlite:203 - Set database path to: C:\Users\ARYAN\.stmcufinder\plugins\mcufinder//mcu/cs/
2023-10-09 20:32:43,263 [INFO] MainPanel:262 - HeapMemory: 268435456
2023-10-09 20:32:43,379 [INFO] DbMcusXml:78 - Set database path to: D:\STM32IDE\STM32CubeIDE_1.13.1\STM32CubeIDE\plugins\com.st.stm32cube.common.mx_6.9.2.202309101412\\db\/mcu/
2023-10-09 20:32:43,379 [INFO] ApiDb:274 - Set plugin database path to: D:\STM32IDE\STM32CubeIDE_1.13.1\STM32CubeIDE\plugins\com.st.stm32cube.common.mx_6.9.2.202309101412\\db\/plugins/boardmanager/
2023-10-09 20:32:43,379 [INFO] ApiDb:261 - Set plugin images path to: D:\STM32IDE\STM32CubeIDE_1.13.1\STM32CubeIDE\plugins\com.st.stm32cube.common.mx_6.9.2.202309101412\\db\/plugins/mcufinder/images/
2023-10-09 20:32:43,380 [WARN] DbFile:41 - Overriding database path with different value: C:\Users\ARYAN\.stmcufinder\plugins\mcufinder/ => C:\Users\ARYAN\.stmcufinder\plugins\mcufinder
2023-10-09 20:32:43,380 [INFO] ApiDb:250 - Set database path to: C:\Users\ARYAN\.stmcufinder\plugins\mcufinder//mcu/
2023-10-09 20:32:43,380 [WARN] DbFile:41 - Overriding database path with different value: C:\Users\ARYAN\.stmcufinder\plugins\mcufinder/ => C:\Users\ARYAN\.stmcufinder\plugins\mcufinder
2023-10-09 20:32:43,380 [INFO] DbMcusAds:125 - Set database path to: C:\Users\ARYAN\.stmcufinder\plugins\mcufinder//mcu/
2023-10-09 20:32:43,380 [WARN] DbFile:41 - Overriding database path with different value: C:\Users\ARYAN\.stmcufinder\plugins\mcufinder/ => C:\Users\ARYAN\.stmcufinder\plugins\mcufinder
2023-10-09 20:32:43,380 [WARN] DbFile:41 - Overriding database path with different value: C:\Users\ARYAN\.stmcufinder\plugins\mcufinder/ => C:\Users\ARYAN\.stmcufinder\plugins\mcufinder
2023-10-09 20:32:43,380 [INFO] CrossReferenceDbSqlite:203 - Set database path to: C:\Users\ARYAN\.stmcufinder\plugins\mcufinder//mcu/cs/
2023-10-09 20:32:43,402 [INFO] ApplicationProperties:184 - Using Application install path: D:\STM32IDE\STM32CubeIDE_1.13.1\STM32CubeIDE\plugins\com.st.stm32cube.common.mx_6.9.2.202309101412
2023-10-09 20:32:43,403 [INFO] PluginManage:196 - Search for loadable plugins [exclusion list=, ]
2023-10-09 20:32:43,405 [INFO] PluginManage:310 - Check plugin analytics
2023-10-09 20:32:43,598 [INFO] AnalyticsPlugin:253 - Accepted Software Licenses: STM32CubeMX.6.9.2
2023-10-09 20:32:43,598 [INFO] AnalyticsPlugin:255 - Accepted CMSIS Pack Licenses: 
2023-10-09 20:32:43,599 [INFO] AnalyticsPlugin:257 - Accepted Firmware Licenses: FW.F4.1.27.0
2023-10-09 20:32:43,602 [INFO] PluginManage:359 - Loaded plugin analytics (category:tool,tabindex:-1)
2023-10-09 20:32:43,603 [INFO] PluginManage:310 - Check plugin cadmodel
2023-10-09 20:32:43,617 [INFO] CADModel:105 - Init CAD model plugin
2023-10-09 20:32:43,617 [INFO] PluginManage:359 - Loaded plugin cadmodel (category:power,tabindex:5)
2023-10-09 20:32:43,618 [INFO] PluginManage:310 - Check plugin clock
2023-10-09 20:32:43,638 [INFO] PluginManage:359 - Loaded plugin clock (category:base,tabindex:2)
2023-10-09 20:32:43,638 [INFO] PluginManage:310 - Check plugin ddr
2023-10-09 20:32:43,641 [INFO] PluginManage:359 - Loaded plugin ddr (category:tool,tabindex:6)
2023-10-09 20:32:43,641 [INFO] PluginManage:310 - Check plugin filemanager
2023-10-09 20:32:43,793 [INFO] PluginManage:359 - Loaded plugin filemanager (category:base,tabindex:10)
2023-10-09 20:32:43,793 [INFO] PluginManage:310 - Check plugin ipmanager
2023-10-09 20:32:43,802 [INFO] PluginManage:359 - Loaded plugin ipmanager (category:base,tabindex:5)
2023-10-09 20:32:43,802 [INFO] PluginManage:310 - Check plugin lpbam
2023-10-09 20:32:43,819 [INFO] PluginManage:359 - Loaded plugin lpbam (category:base,tabindex:0)
2023-10-09 20:32:43,819 [INFO] PluginManage:310 - Check plugin memorymap
2023-10-09 20:32:43,841 [INFO] PluginManage:359 - Loaded plugin memorymap (category:base,tabindex:4)
2023-10-09 20:32:43,841 [INFO] PluginManage:310 - Check plugin pinoutandconfiguration
2023-10-09 20:32:43,856 [INFO] PluginManage:359 - Loaded plugin pinoutandconfiguration (category:base,tabindex:1)
2023-10-09 20:32:43,856 [INFO] PluginManage:310 - Check plugin pinoutconfig
2023-10-09 20:32:43,960 [WARN] SupportedApi:132 - Cannot load RTOS API schema: s4s-elt-must-match.1: The content of 'definitions' must match (annotation?, (simpleType | complexType)?, (unique | key | keyref)*)). A problem was found starting at: attribute.
2023-10-09 20:32:44,117 [INFO] PluginManage:359 - Loaded plugin pinoutconfig (category:base,tabindex:0)
2023-10-09 20:32:44,117 [INFO] PluginManage:310 - Check plugin power
2023-10-09 20:32:44,137 [INFO] PluginManage:359 - Loaded plugin power (category:power,tabindex:4)
2023-10-09 20:32:44,137 [INFO] PluginManage:310 - Check plugin projectmanager
2023-10-09 20:32:44,151 [INFO] PluginManage:359 - Loaded plugin projectmanager (category:projectmanager,tabindex:3)
2023-10-09 20:32:44,151 [INFO] PluginManage:310 - Check plugin thirdparty
2023-10-09 20:32:44,429 [INFO] PluginManage:359 - Loaded plugin thirdparty (category:base,tabindex:-1)
2023-10-09 20:32:44,429 [INFO] PluginManage:310 - Check plugin tools
2023-10-09 20:32:44,429 [WARN] IntegrityCheckThread:84 - waiting for thirdparty lock release [integrity check]
2023-10-09 20:32:44,430 [INFO] IntegrityCheckThread:86 - entering critical section [integrity check]
2023-10-09 20:32:44,430 [INFO] ThirdPartyUpdaterWithRetryManager:70 - Updater plugin not ready yet. [1/15]
2023-10-09 20:32:44,458 [INFO] PluginManage:359 - Loaded plugin tools (category:base,tabindex:7)
2023-10-09 20:32:44,458 [INFO] PluginManage:310 - Check plugin tutovideos
2023-10-09 20:32:44,664 [INFO] PluginManage:359 - Loaded plugin tutovideos (category:base,tabindex:-1)
2023-10-09 20:32:44,664 [INFO] PluginManage:310 - Check plugin updater
2023-10-09 20:32:44,678 [INFO] PluginManage:359 - Loaded plugin updater (category:base,tabindex:12)
2023-10-09 20:32:44,678 [INFO] PluginManage:310 - Check plugin userauth
2023-10-09 20:32:44,684 [INFO] UserAuth:113 - Init User Auth plugin
2023-10-09 20:32:44,684 [INFO] PluginManage:359 - Loaded plugin userauth (category:base,tabindex:14)
2023-10-09 20:32:44,685 [INFO] PluginManage:283 - PluginManage : Loaded plugins [17]
2023-10-09 20:32:44,934 [INFO] PinOutPanel:1499 - setPackage(No Configuration,No Configuration)
2023-10-09 20:32:45,045 [INFO] CADModel:165 - CPN selected for project level
2023-10-09 20:32:45,046 [INFO] CADModel:114 - Register for checkConnection events
2023-10-09 20:32:45,072 [INFO] IPUIPlugin:80 - create IPUIPlugin
2023-10-09 20:32:45,072 [INFO] PluginManager:220 - loadIPPluginJar : add adc
2023-10-09 20:32:45,100 [INFO] IPUIPlugin:80 - create IPUIPlugin
2023-10-09 20:32:45,100 [INFO] PluginManager:220 - loadIPPluginJar : add aes
2023-10-09 20:32:45,142 [INFO] IPUIPlugin:80 - create IPUIPlugin
2023-10-09 20:32:45,142 [INFO] PluginManager:220 - loadIPPluginJar : add can
2023-10-09 20:32:45,161 [INFO] IPUIPlugin:80 - create IPUIPlugin
2023-10-09 20:32:45,161 [INFO] PluginManager:220 - loadIPPluginJar : add comp
2023-10-09 20:32:45,187 [INFO] IPUIPlugin:80 - create IPUIPlugin
2023-10-09 20:32:45,187 [INFO] PluginManager:220 - loadIPPluginJar : add cryp
2023-10-09 20:32:45,213 [INFO] IPUIPlugin:80 - create IPUIPlugin
2023-10-09 20:32:45,213 [INFO] PluginManager:220 - loadIPPluginJar : add dfsdm
2023-10-09 20:32:45,227 [INFO] IPUIPlugin:80 - create IPUIPlugin
2023-10-09 20:32:45,228 [INFO] PluginManager:220 - loadIPPluginJar : add dma
2023-10-09 20:32:45,264 [INFO] IPUIPlugin:80 - create IPUIPlugin
2023-10-09 20:32:45,265 [INFO] PluginManager:220 - loadIPPluginJar : add dma3
2023-10-09 20:32:45,282 [INFO] IPUIPlugin:80 - create IPUIPlugin
2023-10-09 20:32:45,282 [INFO] PluginManager:220 - loadIPPluginJar : add fatfs
2023-10-09 20:32:45,321 [INFO] IPUIPlugin:80 - create IPUIPlugin
2023-10-09 20:32:45,321 [INFO] PluginManager:220 - loadIPPluginJar : add fmc
2023-10-09 20:32:45,336 [INFO] IPUIPlugin:80 - create IPUIPlugin
2023-10-09 20:32:45,337 [INFO] PluginManager:220 - loadIPPluginJar : add freertos
2023-10-09 20:32:45,358 [INFO] IPUIPlugin:80 - create IPUIPlugin
2023-10-09 20:32:45,359 [INFO] PluginManager:220 - loadIPPluginJar : add genericplugin
2023-10-09 20:32:45,453 [INFO] IPUIPlugin:80 - create IPUIPlugin
2023-10-09 20:32:45,453 [INFO] PluginManager:220 - loadIPPluginJar : add gfxmmu
2023-10-09 20:32:45,573 [INFO] IPUIPlugin:80 - create IPUIPlugin
2023-10-09 20:32:45,573 [INFO] PluginManager:220 - loadIPPluginJar : add gic
2023-10-09 20:32:45,585 [INFO] IPUIPlugin:80 - create IPUIPlugin
2023-10-09 20:32:45,585 [INFO] PluginManager:220 - loadIPPluginJar : add gpio
2023-10-09 20:32:45,663 [INFO] IPUIPlugin:80 - create IPUIPlugin
2023-10-09 20:32:45,663 [INFO] PluginManager:220 - loadIPPluginJar : add gtzc
2023-10-09 20:32:45,693 [INFO] IPUIPlugin:80 - create IPUIPlugin
2023-10-09 20:32:45,693 [INFO] PluginManager:220 - loadIPPluginJar : add hash
2023-10-09 20:32:45,742 [INFO] IPUIPlugin:80 - create IPUIPlugin
2023-10-09 20:32:45,742 [INFO] PluginManager:220 - loadIPPluginJar : add i2c
2023-10-09 20:32:45,778 [INFO] IPUIPlugin:80 - create IPUIPlugin
2023-10-09 20:32:45,779 [INFO] PluginManager:220 - loadIPPluginJar : add i2s
2023-10-09 20:32:45,816 [INFO] IPUIPlugin:80 - create IPUIPlugin
2023-10-09 20:32:45,816 [INFO] PluginManager:220 - loadIPPluginJar : add i3c
2023-10-09 20:32:45,906 [INFO] IPUIPlugin:80 - create IPUIPlugin
2023-10-09 20:32:45,906 [INFO] PluginManager:220 - loadIPPluginJar : add ipddr
2023-10-09 20:32:45,983 [INFO] IPUIPlugin:80 - create IPUIPlugin
2023-10-09 20:32:45,983 [INFO] PluginManager:220 - loadIPPluginJar : add linkedlist
2023-10-09 20:32:46,012 [INFO] IPUIPlugin:80 - create IPUIPlugin
2023-10-09 20:32:46,012 [INFO] PluginManager:220 - loadIPPluginJar : add lorawan
2023-10-09 20:32:46,048 [INFO] IPUIPlugin:80 - create IPUIPlugin
2023-10-09 20:32:46,048 [INFO] PluginManager:220 - loadIPPluginJar : add ltdc
2023-10-09 20:32:46,062 [INFO] IPUIPlugin:80 - create IPUIPlugin
2023-10-09 20:32:46,063 [INFO] PluginManager:220 - loadIPPluginJar : add mdma
2023-10-09 20:32:46,076 [INFO] IPUIPlugin:80 - create IPUIPlugin
2023-10-09 20:32:46,076 [INFO] PluginManager:220 - loadIPPluginJar : add nvic
2023-10-09 20:32:46,110 [INFO] IPUIPlugin:80 - create IPUIPlugin
2023-10-09 20:32:46,110 [INFO] PluginManager:220 - loadIPPluginJar : add opamp
2023-10-09 20:32:46,168 [INFO] IPUIPlugin:80 - create IPUIPlugin
2023-10-09 20:32:46,168 [INFO] PluginManager:220 - loadIPPluginJar : add openamp
2023-10-09 20:32:46,207 [INFO] IPUIPlugin:80 - create IPUIPlugin
2023-10-09 20:32:46,208 [INFO] PluginManager:220 - loadIPPluginJar : add pdm2pcm
2023-10-09 20:32:46,221 [INFO] IPUIPlugin:80 - create IPUIPlugin
2023-10-09 20:32:46,223 [INFO] PluginManager:220 - loadIPPluginJar : add plateformsettings
2023-10-09 20:32:46,244 [INFO] IPUIPlugin:80 - create IPUIPlugin
2023-10-09 20:32:46,245 [INFO] PluginManager:220 - loadIPPluginJar : add quadspi
2023-10-09 20:32:46,257 [INFO] IPUIPlugin:80 - create IPUIPlugin
2023-10-09 20:32:46,257 [INFO] PluginManager:220 - loadIPPluginJar : add resmgrutility
2023-10-09 20:32:46,298 [INFO] IPUIPlugin:80 - create IPUIPlugin
2023-10-09 20:32:46,298 [INFO] PluginManager:220 - loadIPPluginJar : add sai
2023-10-09 20:32:46,332 [INFO] IPUIPlugin:80 - create IPUIPlugin
2023-10-09 20:32:46,332 [INFO] PluginManager:220 - loadIPPluginJar : add spi
2023-10-09 20:32:46,387 [INFO] IPUIPlugin:80 - create IPUIPlugin
2023-10-09 20:32:46,387 [INFO] PluginManager:220 - loadIPPluginJar : add stm32_wpan
2023-10-09 20:32:46,406 [INFO] IPUIPlugin:80 - create IPUIPlugin
2023-10-09 20:32:46,406 [INFO] PluginManager:220 - loadIPPluginJar : add tim
2023-10-09 20:32:46,450 [INFO] IPUIPlugin:80 - create IPUIPlugin
2023-10-09 20:32:46,451 [INFO] PluginManager:220 - loadIPPluginJar : add touchsensing
2023-10-09 20:32:46,469 [INFO] IPUIPlugin:80 - create IPUIPlugin
2023-10-09 20:32:46,469 [INFO] PluginManager:220 - loadIPPluginJar : add tracer_emb
2023-10-09 20:32:46,487 [INFO] IPUIPlugin:80 - create IPUIPlugin
2023-10-09 20:32:46,488 [INFO] PluginManager:220 - loadIPPluginJar : add ts
2023-10-09 20:32:46,505 [INFO] IPUIPlugin:80 - create IPUIPlugin
2023-10-09 20:32:46,505 [INFO] PluginManager:220 - loadIPPluginJar : add tsc
2023-10-09 20:32:46,522 [INFO] IPUIPlugin:80 - create IPUIPlugin
2023-10-09 20:32:46,522 [INFO] PluginManager:220 - loadIPPluginJar : add ucpd
2023-10-09 20:32:46,564 [INFO] IPUIPlugin:80 - create IPUIPlugin
2023-10-09 20:32:46,564 [INFO] PluginManager:220 - loadIPPluginJar : add usart
2023-10-09 20:32:46,600 [INFO] IPUIPlugin:80 - create IPUIPlugin
2023-10-09 20:32:46,600 [INFO] PluginManager:220 - loadIPPluginJar : add usbx
2023-10-09 20:32:46,726 [INFO] CADModel:165 - CPN selected for project level
2023-10-09 20:32:46,726 [INFO] CADModel:114 - Register for checkConnection events
2023-10-09 20:32:46,726 [FATAL] Updater:308 - Updater called before beeing initialized
2023-10-09 20:32:46,726 [ERROR] CADModel:125 - Updater not yet initialized, retry later 
2023-10-09 20:32:46,892 [INFO] CADModel:165 - CPN selected for project level
2023-10-09 20:32:46,892 [INFO] CADModel:114 - Register for checkConnection events
2023-10-09 20:32:46,892 [FATAL] Updater:308 - Updater called before beeing initialized
2023-10-09 20:32:46,892 [ERROR] CADModel:125 - Updater not yet initialized, retry later 
2023-10-09 20:32:46,897 [FATAL] Updater:308 - Updater called before beeing initialized
2023-10-09 20:32:47,006 [FATAL] Updater:308 - Updater called before beeing initialized
2023-10-09 20:32:47,017 [INFO] DbMcusAds:53 - JSON generation date=Tue Mar 07 14:20:55 IST 2023 (1678179055335)
2023-10-09 20:32:47,017 [FATAL] Updater:308 - Updater called before beeing initialized
2023-10-09 20:32:47,085 [WARN] DetailPanel:346 - Failed to get advertising image, set to default
2023-10-09 20:32:47,170 [FATAL] Updater:308 - Updater called before beeing initialized
2023-10-09 20:32:47,172 [FATAL] Updater:308 - Updater called before beeing initialized
2023-10-09 20:32:47,173 [FATAL] Updater:308 - Updater called before beeing initialized
2023-10-09 20:32:47,173 [WARN] DetailPanel:346 - Failed to get advertising image, set to default
2023-10-09 20:32:47,173 [FATAL] Updater:308 - Updater called before beeing initialized
2023-10-09 20:32:47,229 [ERROR] Updater:1120 - MainUpdater not yet initialized. External WinMGr cannot be set.
2023-10-09 20:32:47,239 [INFO] Updater:1056 - Updater Version found : 6.9.2
2023-10-09 20:32:47,264 [INFO] ApplicationProperties:184 - Using Application install path: D:\STM32IDE\STM32CubeIDE_1.13.1\STM32CubeIDE\plugins\com.st.stm32cube.common.mx_6.9.2.202309101412
2023-10-09 20:32:47,432 [INFO] ThirdPartyUpdaterWithRetryManager:70 - Updater plugin not ready yet. [2/15]
2023-10-09 20:32:48,666 [INFO] MainUpdater:2868 - connection check result : 10
2023-10-09 20:32:48,667 [INFO] MainUpdater:285 - Updater Check For Update Now.
2023-10-09 20:32:48,668 [INFO] MicroXplorer:498 - Change Database Version : DB.6.0.92
2023-10-09 20:32:48,683 [INFO] McuFinderGlobals:63 - Set McuFinder mode to 2 (CubeIDE integrated)
2023-10-09 20:32:48,870 [INFO] CheckServerUpdateThread:120 - End of CheckServer Thread
2023-10-09 20:32:50,604 [WARN] PackLoader:240 - Cannot read IP mode file for STMicroelectronics.X-CUBE-SMBUS.2.1.0
2023-10-09 20:32:50,653 [WARN] PackLoader:240 - Cannot read IP mode file for STMicroelectronics.X-CUBE-AZRTOS-F7.1.1.0
2023-10-09 20:32:50,673 [WARN] PackLoader:240 - Cannot read IP mode file for STMicroelectronics.FP-SNS-MOTENV1.4.3.2
2023-10-09 20:32:50,688 [WARN] PackLoader:240 - Cannot read IP mode file for STMicroelectronics.FP-SNS-FLIGHT1.5.0.2
2023-10-09 20:32:50,708 [WARN] PackLoader:240 - Cannot read IP mode file for STMicroelectronics.X-CUBE-DISPLAY.3.0.0
2023-10-09 20:32:50,734 [WARN] PackLoader:240 - Cannot read IP mode file for STMicroelectronics.X-CUBE-BLE1.7.0.0
2023-10-09 20:32:50,746 [WARN] PackLoader:240 - Cannot read IP mode file for emotas.I-CUBE-CANOPEN.1.3.0
2023-10-09 20:32:50,762 [WARN] PackLoader:240 - Cannot read IP mode file for STMicroelectronics.X-CUBE-TOUCHGFX.4.22.0
2023-10-09 20:32:50,773 [WARN] PackLoader:240 - Cannot read IP mode file for STMicroelectronics.X-CUBE-TOUCHGFX.4.22.1
2023-10-09 20:32:50,785 [WARN] PackLoader:240 - Cannot read IP mode file for STMicroelectronics.FP-SNS-SMARTAG2.1.2.0
2023-10-09 20:32:50,816 [INFO] LogOutputStream:77 - [STDOUT_REDIRECT] 1 : Invalid condition id : UX_CORESTACK_Condition cause : null
2023-10-09 20:32:50,818 [INFO] LogOutputStream:77 - [STDOUT_REDIRECT] 1 : Invalid condition id : UX_CORESTACK_Condition cause : null
2023-10-09 20:32:50,820 [INFO] LogOutputStream:77 - [STDOUT_REDIRECT] 1 : Invalid condition id : UX_CORESTACK_Condition cause : null
2023-10-09 20:32:50,822 [INFO] LogOutputStream:77 - [STDOUT_REDIRECT] 1 : Invalid condition id : UX_CORESTACK_Condition cause : null
2023-10-09 20:32:50,824 [INFO] LogOutputStream:77 - [STDOUT_REDIRECT] 1 : Invalid condition id : UX_CORESTACK_Condition cause : null
2023-10-09 20:32:50,827 [WARN] PackLoader:240 - Cannot read IP mode file for STMicroelectronics.X-CUBE-AZRTOS-WL.2.0.0
2023-10-09 20:32:50,847 [WARN] PackLoader:240 - Cannot read IP mode file for WES.I-CUBE-Cesium.1.3.0
2023-10-09 20:32:50,861 [WARN] PackLoader:240 - Cannot read IP mode file for STMicroelectronics.X-CUBE-BLE2.3.3.0
2023-10-09 20:32:50,877 [WARN] PackLoader:240 - Cannot read IP mode file for STMicroelectronics.X-CUBE-ALGOBUILD.1.3.0
2023-10-09 20:32:50,907 [WARN] PackLoader:240 - Cannot read IP mode file for STMicroelectronics.X-CUBE-AZRTOS-G0.1.1.0
2023-10-09 20:32:50,925 [WARN] PackLoader:240 - Cannot read IP mode file for STMicroelectronics.X-CUBE-NFC4.3.0.0
2023-10-09 20:32:50,941 [WARN] PackLoader:240 - Cannot read IP mode file for STMicroelectronics.FP-ATR-SIGFOX1.3.2.0
2023-10-09 20:32:50,982 [WARN] PackLoader:240 - Cannot read IP mode file for SEGGER.I-CUBE-embOS.1.3.1
2023-10-09 20:32:51,028 [WARN] PackLoader:240 - Cannot read IP mode file for STMicroelectronics.X-CUBE-GNSS1.6.0.0
2023-10-09 20:32:51,058 [WARN] PackLoader:240 - Cannot read IP mode file for STMicroelectronics.X-CUBE-AZRTOS-F4.1.1.0
2023-10-09 20:32:51,075 [WARN] PackLoader:240 - Cannot read IP mode file for wolfSSL.I-CUBE-wolfSSL.5.6.3
2023-10-09 20:32:51,103 [WARN] PackLoader:240 - Cannot read IP mode file for STMicroelectronics.X-CUBE-AZRTOS-L5.2.0.0
2023-10-09 20:32:51,148 [WARN] PackLoader:240 - Cannot read IP mode file for STMicroelectronics.X-CUBE-MEMS1.9.6.0
2023-10-09 20:32:51,275 [WARN] PackLoader:240 - Cannot read IP mode file for ITTIA_DB.I-CUBE-ITTIADB.8.8.0
2023-10-09 20:32:51,288 [WARN] PackLoader:240 - Cannot read IP mode file for STMicroelectronics.X-CUBE-BLEMGR.2.0.0
2023-10-09 20:32:51,312 [WARN] ConditionMgr:438 - getConditionDescription Invalid condition id : UX DEVICE CLASS RTOS Condition cause : null
2023-10-09 20:32:51,312 [WARN] ConditionMgr:438 - getConditionDescription Invalid condition id : UX DEVICE CLASS RTOS Condition cause : null
2023-10-09 20:32:51,314 [WARN] PackLoader:240 - Cannot read IP mode file for STMicroelectronics.X-CUBE-AZRTOS-H7.3.1.0
2023-10-09 20:32:51,315 [WARN] ConditionMgr:1039 - genDependencies : Invalid condition id : UX DEVICE CLASS RTOS Condition cause : null
2023-10-09 20:32:51,315 [WARN] ConditionMgr:1039 - genDependencies : Invalid condition id : UX DEVICE CLASS RTOS Condition cause : null
2023-10-09 20:32:51,316 [WARN] ConditionMgr:1039 - genDependencies : Invalid condition id : UX DEVICE CLASS RTOS Condition cause : null
2023-10-09 20:32:51,316 [WARN] ConditionMgr:1039 - genDependencies : Invalid condition id : UX DEVICE CLASS RTOS Condition cause : null
2023-10-09 20:32:51,316 [WARN] ConditionMgr:1039 - genDependencies : Invalid condition id : UX DEVICE CLASS RTOS Condition cause : null
2023-10-09 20:32:51,328 [WARN] PackLoader:240 - Cannot read IP mode file for STMicroelectronics.X-CUBE-NFC7.1.0.1
2023-10-09 20:32:51,341 [WARN] PackLoader:240 - Cannot read IP mode file for STMicroelectronics.X-CUBE-NFC6.3.0.0
2023-10-09 20:32:51,355 [WARN] PackLoader:240 - Cannot read IP mode file for STMicroelectronics.X-CUBE-EEPRMA1.4.1.0
2023-10-09 20:32:51,368 [WARN] PackLoader:240 - Cannot read IP mode file for STMicroelectronics.X-CUBE-AI.8.1.0
2023-10-09 20:32:51,394 [WARN] ConditionMgr:438 - getConditionDescription Invalid condition id : LAN8742 Phy interface Condition cause : null
2023-10-09 20:32:51,395 [WARN] PackLoader:240 - Cannot read IP mode file for STMicroelectronics.X-CUBE-AZRTOS-L4.2.0.0
2023-10-09 20:32:51,397 [WARN] ConditionMgr:1039 - genDependencies : Invalid condition id : LAN8742 Phy interface Condition cause : null
2023-10-09 20:32:51,397 [WARN] ConditionMgr:1039 - genDependencies : Invalid condition id : LAN8742 Phy interface Condition cause : null
2023-10-09 20:32:51,398 [WARN] ConditionMgr:1039 - genDependencies : Invalid condition id : LAN8742 Phy interface Condition cause : null
2023-10-09 20:32:51,415 [WARN] PackLoader:240 - Cannot read IP mode file for STMicroelectronics.X-CUBE-SFXS2LP1.4.0.0
2023-10-09 20:32:51,430 [WARN] PackLoader:240 - Cannot read IP mode file for STMicroelectronics.X-CUBE-ISPU.1.1.0
2023-10-09 20:32:51,458 [WARN] ConditionMgr:438 - getConditionDescription Invalid condition id : UX DEVICE CLASS RTOS Condition cause : null
2023-10-09 20:32:51,458 [WARN] ConditionMgr:438 - getConditionDescription Invalid condition id : UX DEVICE CLASS RTOS Condition cause : null
2023-10-09 20:32:51,460 [WARN] PackLoader:240 - Cannot read IP mode file for STMicroelectronics.X-CUBE-AZRTOS-WB.2.0.0
2023-10-09 20:32:51,461 [WARN] ConditionMgr:1039 - genDependencies : Invalid condition id : UX DEVICE CLASS RTOS Condition cause : null
2023-10-09 20:32:51,462 [WARN] ConditionMgr:1039 - genDependencies : Invalid condition id : UX DEVICE CLASS RTOS Condition cause : null
2023-10-09 20:32:51,462 [WARN] ConditionMgr:1039 - genDependencies : Invalid condition id : UX DEVICE CLASS RTOS Condition cause : null
2023-10-09 20:32:51,462 [WARN] ConditionMgr:1039 - genDependencies : Invalid condition id : UX DEVICE CLASS RTOS Condition cause : null
2023-10-09 20:32:51,462 [WARN] ConditionMgr:1039 - genDependencies : Invalid condition id : UX DEVICE CLASS RTOS Condition cause : null
2023-10-09 20:32:51,486 [WARN] PackLoader:240 - Cannot read IP mode file for STMicroelectronics.X-CUBE-SUBG2.5.0.0
2023-10-09 20:32:51,523 [WARN] PackLoader:240 - Cannot read IP mode file for STMicroelectronics.X-CUBE-TOF1.3.3.1
2023-10-09 20:32:51,559 [WARN] PackLoader:240 - Cannot read IP mode file for STMicroelectronics.X-CUBE-AZRTOS-G4.2.0.0
2023-10-09 20:32:51,586 [WARN] PackLoader:240 - Cannot read IP mode file for Infineon.AIROC-Wi-Fi-Bluetooth-STM32.1.5.1
2023-10-09 20:32:51,604 [WARN] PackLoader:240 - Cannot read IP mode file for STMicroelectronics.X-CUBE-FREERTOS.1.1.0
2023-10-09 20:32:51,621 [WARN] PackLoader:240 - Cannot read IP mode file for portGmbH.I-Cube-SoM-uGOAL.1.1.0
2023-10-09 20:32:51,637 [WARN] PackLoader:240 - Cannot read IP mode file for STMicroelectronics.X-CUBE-ALS.1.0.1
2023-10-09 20:32:51,650 [WARN] PackLoader:240 - Cannot read IP mode file for STMicroelectronics.FP-ATR-ASTRA1.2.0.0
2023-10-09 20:32:51,652 [INFO] ThirdParty:978 - Integrity check success = true
2023-10-09 20:32:51,652 [INFO] IntegrityCheckThread:100 - exiting critical section [integrity check]
2023-10-09 20:32:51,652 [INFO] IntegrityCheckThread:103 - End integrity checks thread
2023-10-09 20:33:02,625 [ERROR] LogOutputStream:75 - [STDERR_REDIRECT] SLF4J: Failed to load class "org.slf4j.impl.StaticLoggerBinder".
2023-10-09 20:33:02,625 [ERROR] LogOutputStream:75 - [STDERR_REDIRECT] SLF4J: Defaulting to no-operation (NOP) logger implementation
2023-10-09 20:33:02,626 [ERROR] LogOutputStream:75 - [STDERR_REDIRECT] SLF4J: See http://www.slf4j.org/codes.html#StaticLoggerBinder for further details.
