2023-09-22 09:38:21,769 [INFO] Activator:176 - 


2023-09-22 09:38:21,776 [INFO] Activator:177 - !SESSION log4j initialized
2023-09-22 09:38:28,154 [INFO] LogOutputStream:77 - [STDOUT_REDIRECT] 
2023-09-22 09:38:31,032 [INFO] ApplicationProperties:184 - Using Application install path: D:\STM32IDE\STM32CubeIDE_1.13.1\STM32CubeIDE\plugins\com.st.stm32cube.common.mx_6.9.2.202309101412
2023-09-22 09:38:31,059 [INFO] DbMcusXml:78 - Set database path to: D:\STM32IDE\STM32CubeIDE_1.13.1\STM32CubeIDE\plugins\com.st.stm32cube.common.mx_6.9.2.202309101412\\db\/mcu/
2023-09-22 09:38:31,060 [INFO] ApiDb:274 - Set plugin database path to: D:\STM32IDE\STM32CubeIDE_1.13.1\STM32CubeIDE\plugins\com.st.stm32cube.common.mx_6.9.2.202309101412\\db\/plugins/boardmanager/
2023-09-22 09:38:31,061 [WARN] ApiDb:259 - Overriding images path with different value:  => D:\STM32IDE\STM32CubeIDE_1.13.1\STM32CubeIDE\plugins\com.st.stm32cube.common.mx_6.9.2.202309101412\\db\/plugins/mcufinder/images/
2023-09-22 09:38:31,089 [INFO] ApiDb:250 - Set database path to: C:\Users\ARYAN\.stmcufinder\plugins\mcufinder//mcu/
2023-09-22 09:38:31,091 [INFO] DbMcusAds:125 - Set database path to: C:\Users\ARYAN\.stmcufinder\plugins\mcufinder//mcu/
2023-09-22 09:38:31,094 [INFO] CrossReferenceDbSqlite:203 - Set database path to: C:\Users\ARYAN\.stmcufinder\plugins\mcufinder//mcu/cs/
2023-09-22 09:38:31,254 [INFO] RulesReader:64 - Compatibility file has been processed (293 Rules)
2023-09-22 09:38:31,386 [INFO] DbMcusXml:78 - Set database path to: D:\STM32IDE\STM32CubeIDE_1.13.1\STM32CubeIDE\plugins\com.st.stm32cube.common.mx_6.9.2.202309101412\\db\/mcu/
2023-09-22 09:38:31,386 [INFO] ApiDb:274 - Set plugin database path to: D:\STM32IDE\STM32CubeIDE_1.13.1\STM32CubeIDE\plugins\com.st.stm32cube.common.mx_6.9.2.202309101412\\db\/plugins/boardmanager/
2023-09-22 09:38:31,387 [INFO] ApiDb:261 - Set plugin images path to: D:\STM32IDE\STM32CubeIDE_1.13.1\STM32CubeIDE\plugins\com.st.stm32cube.common.mx_6.9.2.202309101412\\db\/plugins/mcufinder/images/
2023-09-22 09:38:31,387 [WARN] DbFile:41 - Overriding database path with different value: C:\Users\ARYAN\.stmcufinder\plugins\mcufinder/ => C:\Users\ARYAN\.stmcufinder\plugins\mcufinder
2023-09-22 09:38:31,387 [INFO] ApiDb:250 - Set database path to: C:\Users\ARYAN\.stmcufinder\plugins\mcufinder//mcu/
2023-09-22 09:38:31,387 [WARN] DbFile:41 - Overriding database path with different value: C:\Users\ARYAN\.stmcufinder\plugins\mcufinder/ => C:\Users\ARYAN\.stmcufinder\plugins\mcufinder
2023-09-22 09:38:31,388 [INFO] DbMcusAds:125 - Set database path to: C:\Users\ARYAN\.stmcufinder\plugins\mcufinder//mcu/
2023-09-22 09:38:31,388 [WARN] DbFile:41 - Overriding database path with different value: C:\Users\ARYAN\.stmcufinder\plugins\mcufinder/ => C:\Users\ARYAN\.stmcufinder\plugins\mcufinder
2023-09-22 09:38:31,388 [WARN] DbFile:41 - Overriding database path with different value: C:\Users\ARYAN\.stmcufinder\plugins\mcufinder/ => C:\Users\ARYAN\.stmcufinder\plugins\mcufinder
2023-09-22 09:38:31,388 [INFO] CrossReferenceDbSqlite:203 - Set database path to: C:\Users\ARYAN\.stmcufinder\plugins\mcufinder//mcu/cs/
2023-09-22 09:38:31,501 [INFO] MainPanel:262 - HeapMemory: 268435456
2023-09-22 09:38:31,627 [INFO] DbMcusXml:78 - Set database path to: D:\STM32IDE\STM32CubeIDE_1.13.1\STM32CubeIDE\plugins\com.st.stm32cube.common.mx_6.9.2.202309101412\\db\/mcu/
2023-09-22 09:38:31,628 [INFO] ApiDb:274 - Set plugin database path to: D:\STM32IDE\STM32CubeIDE_1.13.1\STM32CubeIDE\plugins\com.st.stm32cube.common.mx_6.9.2.202309101412\\db\/plugins/boardmanager/
2023-09-22 09:38:31,628 [INFO] ApiDb:261 - Set plugin images path to: D:\STM32IDE\STM32CubeIDE_1.13.1\STM32CubeIDE\plugins\com.st.stm32cube.common.mx_6.9.2.202309101412\\db\/plugins/mcufinder/images/
2023-09-22 09:38:31,628 [WARN] DbFile:41 - Overriding database path with different value: C:\Users\ARYAN\.stmcufinder\plugins\mcufinder/ => C:\Users\ARYAN\.stmcufinder\plugins\mcufinder
2023-09-22 09:38:31,629 [INFO] ApiDb:250 - Set database path to: C:\Users\ARYAN\.stmcufinder\plugins\mcufinder//mcu/
2023-09-22 09:38:31,629 [WARN] DbFile:41 - Overriding database path with different value: C:\Users\ARYAN\.stmcufinder\plugins\mcufinder/ => C:\Users\ARYAN\.stmcufinder\plugins\mcufinder
2023-09-22 09:38:31,629 [INFO] DbMcusAds:125 - Set database path to: C:\Users\ARYAN\.stmcufinder\plugins\mcufinder//mcu/
2023-09-22 09:38:31,629 [WARN] DbFile:41 - Overriding database path with different value: C:\Users\ARYAN\.stmcufinder\plugins\mcufinder/ => C:\Users\ARYAN\.stmcufinder\plugins\mcufinder
2023-09-22 09:38:31,629 [WARN] DbFile:41 - Overriding database path with different value: C:\Users\ARYAN\.stmcufinder\plugins\mcufinder/ => C:\Users\ARYAN\.stmcufinder\plugins\mcufinder
2023-09-22 09:38:31,629 [INFO] CrossReferenceDbSqlite:203 - Set database path to: C:\Users\ARYAN\.stmcufinder\plugins\mcufinder//mcu/cs/
2023-09-22 09:38:31,656 [INFO] ApplicationProperties:184 - Using Application install path: D:\STM32IDE\STM32CubeIDE_1.13.1\STM32CubeIDE\plugins\com.st.stm32cube.common.mx_6.9.2.202309101412
2023-09-22 09:38:31,657 [INFO] PluginManage:196 - Search for loadable plugins [exclusion list=, ]
2023-09-22 09:38:31,659 [INFO] PluginManage:310 - Check plugin analytics
2023-09-22 09:38:31,903 [INFO] AnalyticsPlugin:253 - Accepted Software Licenses: STM32CubeMX.6.9.2
2023-09-22 09:38:31,903 [INFO] AnalyticsPlugin:255 - Accepted CMSIS Pack Licenses: 
2023-09-22 09:38:31,904 [INFO] AnalyticsPlugin:257 - Accepted Firmware Licenses: FW.F4.1.27.0
2023-09-22 09:38:31,906 [INFO] PluginManage:359 - Loaded plugin analytics (category:tool,tabindex:-1)
2023-09-22 09:38:31,907 [INFO] PluginManage:310 - Check plugin cadmodel
2023-09-22 09:38:31,923 [INFO] CADModel:105 - Init CAD model plugin
2023-09-22 09:38:31,923 [INFO] PluginManage:359 - Loaded plugin cadmodel (category:power,tabindex:5)
2023-09-22 09:38:31,923 [INFO] PluginManage:310 - Check plugin clock
2023-09-22 09:38:31,947 [INFO] PluginManage:359 - Loaded plugin clock (category:base,tabindex:2)
2023-09-22 09:38:31,948 [INFO] PluginManage:310 - Check plugin ddr
2023-09-22 09:38:31,952 [INFO] PluginManage:359 - Loaded plugin ddr (category:tool,tabindex:6)
2023-09-22 09:38:31,952 [INFO] PluginManage:310 - Check plugin filemanager
2023-09-22 09:38:32,158 [INFO] PluginManage:359 - Loaded plugin filemanager (category:base,tabindex:10)
2023-09-22 09:38:32,158 [INFO] PluginManage:310 - Check plugin ipmanager
2023-09-22 09:38:32,166 [INFO] PluginManage:359 - Loaded plugin ipmanager (category:base,tabindex:5)
2023-09-22 09:38:32,167 [INFO] PluginManage:310 - Check plugin lpbam
2023-09-22 09:38:32,185 [INFO] PluginManage:359 - Loaded plugin lpbam (category:base,tabindex:0)
2023-09-22 09:38:32,185 [INFO] PluginManage:310 - Check plugin memorymap
2023-09-22 09:38:32,210 [INFO] PluginManage:359 - Loaded plugin memorymap (category:base,tabindex:4)
2023-09-22 09:38:32,211 [INFO] PluginManage:310 - Check plugin pinoutandconfiguration
2023-09-22 09:38:32,226 [INFO] PluginManage:359 - Loaded plugin pinoutandconfiguration (category:base,tabindex:1)
2023-09-22 09:38:32,227 [INFO] PluginManage:310 - Check plugin pinoutconfig
2023-09-22 09:38:32,339 [WARN] SupportedApi:132 - Cannot load RTOS API schema: s4s-elt-must-match.1: The content of 'definitions' must match (annotation?, (simpleType | complexType)?, (unique | key | keyref)*)). A problem was found starting at: attribute.
2023-09-22 09:38:32,540 [INFO] PluginManage:359 - Loaded plugin pinoutconfig (category:base,tabindex:0)
2023-09-22 09:38:32,540 [INFO] PluginManage:310 - Check plugin power
2023-09-22 09:38:32,574 [INFO] PluginManage:359 - Loaded plugin power (category:power,tabindex:4)
2023-09-22 09:38:32,574 [INFO] PluginManage:310 - Check plugin projectmanager
2023-09-22 09:38:32,590 [INFO] PluginManage:359 - Loaded plugin projectmanager (category:projectmanager,tabindex:3)
2023-09-22 09:38:32,590 [INFO] PluginManage:310 - Check plugin thirdparty
2023-09-22 09:38:32,905 [INFO] PluginManage:359 - Loaded plugin thirdparty (category:base,tabindex:-1)
2023-09-22 09:38:32,905 [WARN] IntegrityCheckThread:84 - waiting for thirdparty lock release [integrity check]
2023-09-22 09:38:32,905 [INFO] PluginManage:310 - Check plugin tools
2023-09-22 09:38:32,905 [INFO] IntegrityCheckThread:86 - entering critical section [integrity check]
2023-09-22 09:38:32,906 [INFO] ThirdPartyUpdaterWithRetryManager:70 - Updater plugin not ready yet. [1/15]
2023-09-22 09:38:32,946 [INFO] PluginManage:359 - Loaded plugin tools (category:base,tabindex:7)
2023-09-22 09:38:32,946 [INFO] PluginManage:310 - Check plugin tutovideos
2023-09-22 09:38:33,186 [INFO] PluginManage:359 - Loaded plugin tutovideos (category:base,tabindex:-1)
2023-09-22 09:38:33,186 [INFO] PluginManage:310 - Check plugin updater
2023-09-22 09:38:33,199 [INFO] PluginManage:359 - Loaded plugin updater (category:base,tabindex:12)
2023-09-22 09:38:33,199 [INFO] PluginManage:310 - Check plugin userauth
2023-09-22 09:38:33,205 [INFO] UserAuth:113 - Init User Auth plugin
2023-09-22 09:38:33,206 [INFO] PluginManage:359 - Loaded plugin userauth (category:base,tabindex:14)
2023-09-22 09:38:33,206 [INFO] PluginManage:283 - PluginManage : Loaded plugins [17]
2023-09-22 09:38:33,483 [INFO] PinOutPanel:1499 - setPackage(No Configuration,No Configuration)
2023-09-22 09:38:33,617 [INFO] CADModel:165 - CPN selected for project level
2023-09-22 09:38:33,618 [INFO] CADModel:114 - Register for checkConnection events
2023-09-22 09:38:33,650 [INFO] IPUIPlugin:80 - create IPUIPlugin
2023-09-22 09:38:33,651 [INFO] PluginManager:220 - loadIPPluginJar : add adc
2023-09-22 09:38:33,683 [INFO] IPUIPlugin:80 - create IPUIPlugin
2023-09-22 09:38:33,683 [INFO] PluginManager:220 - loadIPPluginJar : add aes
2023-09-22 09:38:33,730 [INFO] IPUIPlugin:80 - create IPUIPlugin
2023-09-22 09:38:33,731 [INFO] PluginManager:220 - loadIPPluginJar : add can
2023-09-22 09:38:33,753 [INFO] IPUIPlugin:80 - create IPUIPlugin
2023-09-22 09:38:33,754 [INFO] PluginManager:220 - loadIPPluginJar : add comp
2023-09-22 09:38:33,789 [INFO] IPUIPlugin:80 - create IPUIPlugin
2023-09-22 09:38:33,789 [INFO] PluginManager:220 - loadIPPluginJar : add cryp
2023-09-22 09:38:33,821 [INFO] IPUIPlugin:80 - create IPUIPlugin
2023-09-22 09:38:33,822 [INFO] PluginManager:220 - loadIPPluginJar : add dfsdm
2023-09-22 09:38:33,837 [INFO] IPUIPlugin:80 - create IPUIPlugin
2023-09-22 09:38:33,837 [INFO] PluginManager:220 - loadIPPluginJar : add dma
2023-09-22 09:38:33,879 [INFO] IPUIPlugin:80 - create IPUIPlugin
2023-09-22 09:38:33,879 [INFO] PluginManager:220 - loadIPPluginJar : add dma3
2023-09-22 09:38:33,898 [INFO] IPUIPlugin:80 - create IPUIPlugin
2023-09-22 09:38:33,898 [INFO] PluginManager:220 - loadIPPluginJar : add fatfs
2023-09-22 09:38:33,941 [INFO] IPUIPlugin:80 - create IPUIPlugin
2023-09-22 09:38:33,942 [INFO] PluginManager:220 - loadIPPluginJar : add fmc
2023-09-22 09:38:33,957 [INFO] IPUIPlugin:80 - create IPUIPlugin
2023-09-22 09:38:33,958 [INFO] PluginManager:220 - loadIPPluginJar : add freertos
2023-09-22 09:38:33,979 [INFO] IPUIPlugin:80 - create IPUIPlugin
2023-09-22 09:38:33,980 [INFO] PluginManager:220 - loadIPPluginJar : add genericplugin
2023-09-22 09:38:34,065 [INFO] IPUIPlugin:80 - create IPUIPlugin
2023-09-22 09:38:34,065 [INFO] PluginManager:220 - loadIPPluginJar : add gfxmmu
2023-09-22 09:38:34,196 [INFO] IPUIPlugin:80 - create IPUIPlugin
2023-09-22 09:38:34,197 [INFO] PluginManager:220 - loadIPPluginJar : add gic
2023-09-22 09:38:34,209 [INFO] IPUIPlugin:80 - create IPUIPlugin
2023-09-22 09:38:34,210 [INFO] PluginManager:220 - loadIPPluginJar : add gpio
2023-09-22 09:38:34,293 [INFO] IPUIPlugin:80 - create IPUIPlugin
2023-09-22 09:38:34,293 [INFO] PluginManager:220 - loadIPPluginJar : add gtzc
2023-09-22 09:38:34,336 [INFO] IPUIPlugin:80 - create IPUIPlugin
2023-09-22 09:38:34,336 [INFO] PluginManager:220 - loadIPPluginJar : add hash
2023-09-22 09:38:34,387 [INFO] IPUIPlugin:80 - create IPUIPlugin
2023-09-22 09:38:34,387 [INFO] PluginManager:220 - loadIPPluginJar : add i2c
2023-09-22 09:38:34,426 [INFO] IPUIPlugin:80 - create IPUIPlugin
2023-09-22 09:38:34,426 [INFO] PluginManager:220 - loadIPPluginJar : add i2s
2023-09-22 09:38:34,464 [INFO] IPUIPlugin:80 - create IPUIPlugin
2023-09-22 09:38:34,464 [INFO] PluginManager:220 - loadIPPluginJar : add i3c
2023-09-22 09:38:34,566 [INFO] IPUIPlugin:80 - create IPUIPlugin
2023-09-22 09:38:34,566 [INFO] PluginManager:220 - loadIPPluginJar : add ipddr
2023-09-22 09:38:34,673 [INFO] IPUIPlugin:80 - create IPUIPlugin
2023-09-22 09:38:34,673 [INFO] PluginManager:220 - loadIPPluginJar : add linkedlist
2023-09-22 09:38:34,711 [INFO] IPUIPlugin:80 - create IPUIPlugin
2023-09-22 09:38:34,711 [INFO] PluginManager:220 - loadIPPluginJar : add lorawan
2023-09-22 09:38:34,752 [INFO] IPUIPlugin:80 - create IPUIPlugin
2023-09-22 09:38:34,752 [INFO] PluginManager:220 - loadIPPluginJar : add ltdc
2023-09-22 09:38:34,771 [INFO] IPUIPlugin:80 - create IPUIPlugin
2023-09-22 09:38:34,772 [INFO] PluginManager:220 - loadIPPluginJar : add mdma
2023-09-22 09:38:34,789 [INFO] IPUIPlugin:80 - create IPUIPlugin
2023-09-22 09:38:34,789 [INFO] PluginManager:220 - loadIPPluginJar : add nvic
2023-09-22 09:38:34,834 [INFO] IPUIPlugin:80 - create IPUIPlugin
2023-09-22 09:38:34,835 [INFO] PluginManager:220 - loadIPPluginJar : add opamp
2023-09-22 09:38:34,914 [INFO] IPUIPlugin:80 - create IPUIPlugin
2023-09-22 09:38:34,914 [INFO] PluginManager:220 - loadIPPluginJar : add openamp
2023-09-22 09:38:34,964 [INFO] IPUIPlugin:80 - create IPUIPlugin
2023-09-22 09:38:34,964 [INFO] PluginManager:220 - loadIPPluginJar : add pdm2pcm
2023-09-22 09:38:34,986 [INFO] IPUIPlugin:80 - create IPUIPlugin
2023-09-22 09:38:34,991 [INFO] PluginManager:220 - loadIPPluginJar : add plateformsettings
2023-09-22 09:38:35,027 [INFO] IPUIPlugin:80 - create IPUIPlugin
2023-09-22 09:38:35,027 [INFO] PluginManager:220 - loadIPPluginJar : add quadspi
2023-09-22 09:38:35,042 [INFO] IPUIPlugin:80 - create IPUIPlugin
2023-09-22 09:38:35,043 [INFO] PluginManager:220 - loadIPPluginJar : add resmgrutility
2023-09-22 09:38:35,099 [INFO] IPUIPlugin:80 - create IPUIPlugin
2023-09-22 09:38:35,099 [INFO] PluginManager:220 - loadIPPluginJar : add sai
2023-09-22 09:38:35,142 [INFO] IPUIPlugin:80 - create IPUIPlugin
2023-09-22 09:38:35,142 [INFO] PluginManager:220 - loadIPPluginJar : add spi
2023-09-22 09:38:35,206 [INFO] IPUIPlugin:80 - create IPUIPlugin
2023-09-22 09:38:35,206 [INFO] PluginManager:220 - loadIPPluginJar : add stm32_wpan
2023-09-22 09:38:35,237 [INFO] IPUIPlugin:80 - create IPUIPlugin
2023-09-22 09:38:35,237 [INFO] PluginManager:220 - loadIPPluginJar : add tim
2023-09-22 09:38:35,304 [INFO] IPUIPlugin:80 - create IPUIPlugin
2023-09-22 09:38:35,304 [INFO] PluginManager:220 - loadIPPluginJar : add touchsensing
2023-09-22 09:38:35,333 [INFO] IPUIPlugin:80 - create IPUIPlugin
2023-09-22 09:38:35,333 [INFO] PluginManager:220 - loadIPPluginJar : add tracer_emb
2023-09-22 09:38:35,363 [INFO] IPUIPlugin:80 - create IPUIPlugin
2023-09-22 09:38:35,363 [INFO] PluginManager:220 - loadIPPluginJar : add ts
2023-09-22 09:38:35,390 [INFO] IPUIPlugin:80 - create IPUIPlugin
2023-09-22 09:38:35,390 [INFO] PluginManager:220 - loadIPPluginJar : add tsc
2023-09-22 09:38:35,414 [INFO] IPUIPlugin:80 - create IPUIPlugin
2023-09-22 09:38:35,414 [INFO] PluginManager:220 - loadIPPluginJar : add ucpd
2023-09-22 09:38:35,470 [INFO] IPUIPlugin:80 - create IPUIPlugin
2023-09-22 09:38:35,471 [INFO] PluginManager:220 - loadIPPluginJar : add usart
2023-09-22 09:38:35,531 [INFO] IPUIPlugin:80 - create IPUIPlugin
2023-09-22 09:38:35,531 [INFO] PluginManager:220 - loadIPPluginJar : add usbx
2023-09-22 09:38:35,713 [INFO] CADModel:165 - CPN selected for project level
2023-09-22 09:38:35,713 [INFO] CADModel:114 - Register for checkConnection events
2023-09-22 09:38:35,713 [FATAL] Updater:308 - Updater called before beeing initialized
2023-09-22 09:38:35,713 [ERROR] CADModel:125 - Updater not yet initialized, retry later 
2023-09-22 09:38:35,908 [INFO] ThirdPartyUpdaterWithRetryManager:70 - Updater plugin not ready yet. [2/15]
2023-09-22 09:38:35,956 [INFO] CADModel:165 - CPN selected for project level
2023-09-22 09:38:35,956 [INFO] CADModel:114 - Register for checkConnection events
2023-09-22 09:38:35,956 [FATAL] Updater:308 - Updater called before beeing initialized
2023-09-22 09:38:35,956 [ERROR] CADModel:125 - Updater not yet initialized, retry later 
2023-09-22 09:38:35,963 [FATAL] Updater:308 - Updater called before beeing initialized
2023-09-22 09:38:36,129 [FATAL] Updater:308 - Updater called before beeing initialized
2023-09-22 09:38:36,143 [INFO] DbMcusAds:53 - JSON generation date=Tue Mar 07 14:20:55 IST 2023 (1678179055114)
2023-09-22 09:38:36,143 [FATAL] Updater:308 - Updater called before beeing initialized
2023-09-22 09:38:36,242 [WARN] DetailPanel:346 - Failed to get advertising image, set to default
2023-09-22 09:38:36,348 [FATAL] Updater:308 - Updater called before beeing initialized
2023-09-22 09:38:36,351 [FATAL] Updater:308 - Updater called before beeing initialized
2023-09-22 09:38:36,352 [FATAL] Updater:308 - Updater called before beeing initialized
2023-09-22 09:38:36,352 [WARN] DetailPanel:346 - Failed to get advertising image, set to default
2023-09-22 09:38:36,354 [FATAL] Updater:308 - Updater called before beeing initialized
2023-09-22 09:38:36,467 [ERROR] Updater:1120 - MainUpdater not yet initialized. External WinMGr cannot be set.
2023-09-22 09:38:36,480 [INFO] Updater:1056 - Updater Version found : 6.9.2
2023-09-22 09:38:36,516 [INFO] ApplicationProperties:184 - Using Application install path: D:\STM32IDE\STM32CubeIDE_1.13.1\STM32CubeIDE\plugins\com.st.stm32cube.common.mx_6.9.2.202309101412
2023-09-22 09:38:36,924 [INFO] MainUpdater:2868 - connection check result : 10
2023-09-22 09:38:36,925 [INFO] MainUpdater:285 - Updater Check For Update Now.
2023-09-22 09:38:36,925 [INFO] MicroXplorer:498 - Change Database Version : DB.6.0.92
2023-09-22 09:38:36,957 [INFO] McuFinderGlobals:63 - Set McuFinder mode to 2 (CubeIDE integrated)
2023-09-22 09:38:37,159 [INFO] CheckServerUpdateThread:120 - End of CheckServer Thread
2023-09-22 09:38:39,155 [WARN] PackLoader:240 - Cannot read IP mode file for STMicroelectronics.X-CUBE-SMBUS.2.1.0
2023-09-22 09:38:39,221 [WARN] PackLoader:240 - Cannot read IP mode file for STMicroelectronics.X-CUBE-AZRTOS-F7.1.1.0
2023-09-22 09:38:39,252 [WARN] PackLoader:240 - Cannot read IP mode file for STMicroelectronics.FP-SNS-MOTENV1.4.3.2
2023-09-22 09:38:39,276 [WARN] PackLoader:240 - Cannot read IP mode file for STMicroelectronics.FP-SNS-FLIGHT1.5.0.2
2023-09-22 09:38:39,305 [WARN] PackLoader:240 - Cannot read IP mode file for STMicroelectronics.X-CUBE-DISPLAY.3.0.0
2023-09-22 09:38:39,344 [WARN] PackLoader:240 - Cannot read IP mode file for STMicroelectronics.X-CUBE-BLE1.7.0.0
2023-09-22 09:38:39,376 [WARN] PackLoader:240 - Cannot read IP mode file for emotas.I-CUBE-CANOPEN.1.3.0
2023-09-22 09:38:39,399 [WARN] PackLoader:240 - Cannot read IP mode file for STMicroelectronics.X-CUBE-TOUCHGFX.4.22.0
2023-09-22 09:38:39,414 [WARN] PackLoader:240 - Cannot read IP mode file for STMicroelectronics.FP-SNS-SMARTAG2.1.2.0
2023-09-22 09:38:39,438 [INFO] LogOutputStream:77 - [STDOUT_REDIRECT] 1 : Invalid condition id : UX_CORESTACK_Condition cause : null
2023-09-22 09:38:39,438 [INFO] LogOutputStream:77 - [STDOUT_REDIRECT] 1 : Invalid condition id : UX_CORESTACK_Condition cause : null
2023-09-22 09:38:39,439 [INFO] LogOutputStream:77 - [STDOUT_REDIRECT] 1 : Invalid condition id : UX_CORESTACK_Condition cause : null
2023-09-22 09:38:39,441 [INFO] LogOutputStream:77 - [STDOUT_REDIRECT] 1 : Invalid condition id : UX_CORESTACK_Condition cause : null
2023-09-22 09:38:39,442 [INFO] LogOutputStream:77 - [STDOUT_REDIRECT] 1 : Invalid condition id : UX_CORESTACK_Condition cause : null
2023-09-22 09:38:39,446 [WARN] PackLoader:240 - Cannot read IP mode file for STMicroelectronics.X-CUBE-AZRTOS-WL.2.0.0
2023-09-22 09:38:39,463 [WARN] PackLoader:240 - Cannot read IP mode file for WES.I-CUBE-Cesium.1.3.0
2023-09-22 09:38:39,476 [WARN] PackLoader:240 - Cannot read IP mode file for STMicroelectronics.X-CUBE-BLE2.3.3.0
2023-09-22 09:38:39,492 [WARN] PackLoader:240 - Cannot read IP mode file for STMicroelectronics.X-CUBE-ALGOBUILD.1.3.0
2023-09-22 09:38:39,521 [WARN] PackLoader:240 - Cannot read IP mode file for STMicroelectronics.X-CUBE-AZRTOS-G0.1.1.0
2023-09-22 09:38:39,541 [WARN] PackLoader:240 - Cannot read IP mode file for STMicroelectronics.X-CUBE-NFC4.3.0.0
2023-09-22 09:38:39,554 [WARN] PackLoader:240 - Cannot read IP mode file for STMicroelectronics.FP-ATR-SIGFOX1.3.2.0
2023-09-22 09:38:39,592 [WARN] PackLoader:240 - Cannot read IP mode file for SEGGER.I-CUBE-embOS.1.3.1
2023-09-22 09:38:39,661 [WARN] PackLoader:240 - Cannot read IP mode file for STMicroelectronics.X-CUBE-GNSS1.6.0.0
2023-09-22 09:38:39,708 [WARN] PackLoader:240 - Cannot read IP mode file for STMicroelectronics.X-CUBE-AZRTOS-F4.1.1.0
2023-09-22 09:38:39,735 [WARN] PackLoader:240 - Cannot read IP mode file for wolfSSL.I-CUBE-wolfSSL.5.6.3
2023-09-22 09:38:39,805 [WARN] PackLoader:240 - Cannot read IP mode file for STMicroelectronics.X-CUBE-AZRTOS-L5.2.0.0
2023-09-22 09:38:39,893 [WARN] PackLoader:240 - Cannot read IP mode file for STMicroelectronics.X-CUBE-MEMS1.9.6.0
2023-09-22 09:38:40,048 [WARN] PackLoader:240 - Cannot read IP mode file for STMicroelectronics.X-CUBE-BLEMGR.2.0.0
2023-09-22 09:38:40,097 [WARN] ConditionMgr:438 - getConditionDescription Invalid condition id : UX DEVICE CLASS RTOS Condition cause : null
2023-09-22 09:38:40,098 [WARN] ConditionMgr:438 - getConditionDescription Invalid condition id : UX DEVICE CLASS RTOS Condition cause : null
2023-09-22 09:38:40,107 [WARN] PackLoader:240 - Cannot read IP mode file for STMicroelectronics.X-CUBE-AZRTOS-H7.3.1.0
2023-09-22 09:38:40,110 [WARN] ConditionMgr:1039 - genDependencies : Invalid condition id : UX DEVICE CLASS RTOS Condition cause : null
2023-09-22 09:38:40,112 [WARN] ConditionMgr:1039 - genDependencies : Invalid condition id : UX DEVICE CLASS RTOS Condition cause : null
2023-09-22 09:38:40,114 [WARN] ConditionMgr:1039 - genDependencies : Invalid condition id : UX DEVICE CLASS RTOS Condition cause : null
2023-09-22 09:38:40,115 [WARN] ConditionMgr:1039 - genDependencies : Invalid condition id : UX DEVICE CLASS RTOS Condition cause : null
2023-09-22 09:38:40,115 [WARN] ConditionMgr:1039 - genDependencies : Invalid condition id : UX DEVICE CLASS RTOS Condition cause : null
2023-09-22 09:38:40,141 [WARN] PackLoader:240 - Cannot read IP mode file for STMicroelectronics.X-CUBE-NFC7.1.0.1
2023-09-22 09:38:40,170 [WARN] PackLoader:240 - Cannot read IP mode file for STMicroelectronics.X-CUBE-NFC6.3.0.0
2023-09-22 09:38:40,213 [WARN] PackLoader:240 - Cannot read IP mode file for STMicroelectronics.X-CUBE-EEPRMA1.4.1.0
2023-09-22 09:38:40,247 [WARN] PackLoader:240 - Cannot read IP mode file for STMicroelectronics.X-CUBE-AI.8.1.0
2023-09-22 09:38:40,335 [WARN] ConditionMgr:438 - getConditionDescription Invalid condition id : LAN8742 Phy interface Condition cause : null
2023-09-22 09:38:40,336 [WARN] PackLoader:240 - Cannot read IP mode file for STMicroelectronics.X-CUBE-AZRTOS-L4.2.0.0
2023-09-22 09:38:40,339 [WARN] ConditionMgr:1039 - genDependencies : Invalid condition id : LAN8742 Phy interface Condition cause : null
2023-09-22 09:38:40,339 [WARN] ConditionMgr:1039 - genDependencies : Invalid condition id : LAN8742 Phy interface Condition cause : null
2023-09-22 09:38:40,340 [WARN] ConditionMgr:1039 - genDependencies : Invalid condition id : LAN8742 Phy interface Condition cause : null
2023-09-22 09:38:40,376 [WARN] PackLoader:240 - Cannot read IP mode file for STMicroelectronics.X-CUBE-SFXS2LP1.4.0.0
2023-09-22 09:38:40,401 [WARN] PackLoader:240 - Cannot read IP mode file for STMicroelectronics.X-CUBE-ISPU.1.1.0
2023-09-22 09:38:40,440 [WARN] ConditionMgr:438 - getConditionDescription Invalid condition id : UX DEVICE CLASS RTOS Condition cause : null
2023-09-22 09:38:40,441 [WARN] ConditionMgr:438 - getConditionDescription Invalid condition id : UX DEVICE CLASS RTOS Condition cause : null
2023-09-22 09:38:40,444 [WARN] PackLoader:240 - Cannot read IP mode file for STMicroelectronics.X-CUBE-AZRTOS-WB.2.0.0
2023-09-22 09:38:40,445 [WARN] ConditionMgr:1039 - genDependencies : Invalid condition id : UX DEVICE CLASS RTOS Condition cause : null
2023-09-22 09:38:40,446 [WARN] ConditionMgr:1039 - genDependencies : Invalid condition id : UX DEVICE CLASS RTOS Condition cause : null
2023-09-22 09:38:40,447 [WARN] ConditionMgr:1039 - genDependencies : Invalid condition id : UX DEVICE CLASS RTOS Condition cause : null
2023-09-22 09:38:40,448 [WARN] ConditionMgr:1039 - genDependencies : Invalid condition id : UX DEVICE CLASS RTOS Condition cause : null
2023-09-22 09:38:40,449 [WARN] ConditionMgr:1039 - genDependencies : Invalid condition id : UX DEVICE CLASS RTOS Condition cause : null
2023-09-22 09:38:40,486 [WARN] PackLoader:240 - Cannot read IP mode file for STMicroelectronics.X-CUBE-SUBG2.5.0.0
2023-09-22 09:38:40,525 [WARN] PackLoader:240 - Cannot read IP mode file for STMicroelectronics.X-CUBE-TOF1.3.3.1
2023-09-22 09:38:40,570 [WARN] PackLoader:240 - Cannot read IP mode file for STMicroelectronics.X-CUBE-AZRTOS-G4.2.0.0
2023-09-22 09:38:40,592 [WARN] PackLoader:240 - Cannot read IP mode file for STMicroelectronics.X-CUBE-FREERTOS.1.1.0
2023-09-22 09:38:40,614 [WARN] PackLoader:240 - Cannot read IP mode file for portGmbH.I-Cube-SoM-uGOAL.1.1.0
2023-09-22 09:38:40,635 [WARN] PackLoader:240 - Cannot read IP mode file for STMicroelectronics.X-CUBE-ALS.1.0.1
2023-09-22 09:38:40,657 [WARN] PackLoader:240 - Cannot read IP mode file for STMicroelectronics.FP-ATR-ASTRA1.2.0.0
2023-09-22 09:38:40,658 [INFO] ThirdParty:978 - Integrity check success = true
2023-09-22 09:38:40,659 [INFO] IntegrityCheckThread:100 - exiting critical section [integrity check]
2023-09-22 09:38:40,659 [INFO] IntegrityCheckThread:103 - End integrity checks thread
2023-09-22 09:38:50,432 [ERROR] LogOutputStream:75 - [STDERR_REDIRECT] SLF4J: Failed to load class "org.slf4j.impl.StaticLoggerBinder".
2023-09-22 09:38:50,432 [ERROR] LogOutputStream:75 - [STDERR_REDIRECT] SLF4J: Defaulting to no-operation (NOP) logger implementation
2023-09-22 09:38:50,433 [ERROR] LogOutputStream:75 - [STDERR_REDIRECT] SLF4J: See http://www.slf4j.org/codes.html#StaticLoggerBinder for further details.
