2023-10-08 17:30:36,024 [INFO] Activator:176 - 


2023-10-08 17:30:36,029 [INFO] Activator:177 - !SESSION log4j initialized
2023-10-08 17:30:41,499 [INFO] LogOutputStream:77 - [STDOUT_REDIRECT] 
2023-10-08 17:30:43,039 [INFO] ApplicationProperties:184 - Using Application install path: D:\STM32IDE\STM32CubeIDE_1.13.1\STM32CubeIDE\plugins\com.st.stm32cube.common.mx_6.9.2.202309101412
2023-10-08 17:30:43,059 [INFO] DbMcusXml:78 - Set database path to: D:\STM32IDE\STM32CubeIDE_1.13.1\STM32CubeIDE\plugins\com.st.stm32cube.common.mx_6.9.2.202309101412\\db\/mcu/
2023-10-08 17:30:43,059 [INFO] ApiDb:274 - Set plugin database path to: D:\STM32IDE\STM32CubeIDE_1.13.1\STM32CubeIDE\plugins\com.st.stm32cube.common.mx_6.9.2.202309101412\\db\/plugins/boardmanager/
2023-10-08 17:30:43,059 [WARN] ApiDb:259 - Overriding images path with different value:  => D:\STM32IDE\STM32CubeIDE_1.13.1\STM32CubeIDE\plugins\com.st.stm32cube.common.mx_6.9.2.202309101412\\db\/plugins/mcufinder/images/
2023-10-08 17:30:43,073 [INFO] ApiDb:250 - Set database path to: C:\Users\ARYAN\.stmcufinder\plugins\mcufinder//mcu/
2023-10-08 17:30:43,074 [INFO] DbMcusAds:125 - Set database path to: C:\Users\ARYAN\.stmcufinder\plugins\mcufinder//mcu/
2023-10-08 17:30:43,076 [INFO] CrossReferenceDbSqlite:203 - Set database path to: C:\Users\ARYAN\.stmcufinder\plugins\mcufinder//mcu/cs/
2023-10-08 17:30:43,166 [INFO] RulesReader:64 - Compatibility file has been processed (293 Rules)
2023-10-08 17:30:43,243 [INFO] DbMcusXml:78 - Set database path to: D:\STM32IDE\STM32CubeIDE_1.13.1\STM32CubeIDE\plugins\com.st.stm32cube.common.mx_6.9.2.202309101412\\db\/mcu/
2023-10-08 17:30:43,243 [INFO] ApiDb:274 - Set plugin database path to: D:\STM32IDE\STM32CubeIDE_1.13.1\STM32CubeIDE\plugins\com.st.stm32cube.common.mx_6.9.2.202309101412\\db\/plugins/boardmanager/
2023-10-08 17:30:43,243 [INFO] ApiDb:261 - Set plugin images path to: D:\STM32IDE\STM32CubeIDE_1.13.1\STM32CubeIDE\plugins\com.st.stm32cube.common.mx_6.9.2.202309101412\\db\/plugins/mcufinder/images/
2023-10-08 17:30:43,244 [WARN] DbFile:41 - Overriding database path with different value: C:\Users\ARYAN\.stmcufinder\plugins\mcufinder/ => C:\Users\ARYAN\.stmcufinder\plugins\mcufinder
2023-10-08 17:30:43,244 [INFO] ApiDb:250 - Set database path to: C:\Users\ARYAN\.stmcufinder\plugins\mcufinder//mcu/
2023-10-08 17:30:43,244 [WARN] DbFile:41 - Overriding database path with different value: C:\Users\ARYAN\.stmcufinder\plugins\mcufinder/ => C:\Users\ARYAN\.stmcufinder\plugins\mcufinder
2023-10-08 17:30:43,244 [INFO] DbMcusAds:125 - Set database path to: C:\Users\ARYAN\.stmcufinder\plugins\mcufinder//mcu/
2023-10-08 17:30:43,244 [WARN] DbFile:41 - Overriding database path with different value: C:\Users\ARYAN\.stmcufinder\plugins\mcufinder/ => C:\Users\ARYAN\.stmcufinder\plugins\mcufinder
2023-10-08 17:30:43,244 [WARN] DbFile:41 - Overriding database path with different value: C:\Users\ARYAN\.stmcufinder\plugins\mcufinder/ => C:\Users\ARYAN\.stmcufinder\plugins\mcufinder
2023-10-08 17:30:43,244 [INFO] CrossReferenceDbSqlite:203 - Set database path to: C:\Users\ARYAN\.stmcufinder\plugins\mcufinder//mcu/cs/
2023-10-08 17:30:43,307 [INFO] MainPanel:262 - HeapMemory: 268435456
2023-10-08 17:30:43,370 [INFO] DbMcusXml:78 - Set database path to: D:\STM32IDE\STM32CubeIDE_1.13.1\STM32CubeIDE\plugins\com.st.stm32cube.common.mx_6.9.2.202309101412\\db\/mcu/
2023-10-08 17:30:43,371 [INFO] ApiDb:274 - Set plugin database path to: D:\STM32IDE\STM32CubeIDE_1.13.1\STM32CubeIDE\plugins\com.st.stm32cube.common.mx_6.9.2.202309101412\\db\/plugins/boardmanager/
2023-10-08 17:30:43,371 [INFO] ApiDb:261 - Set plugin images path to: D:\STM32IDE\STM32CubeIDE_1.13.1\STM32CubeIDE\plugins\com.st.stm32cube.common.mx_6.9.2.202309101412\\db\/plugins/mcufinder/images/
2023-10-08 17:30:43,371 [WARN] DbFile:41 - Overriding database path with different value: C:\Users\ARYAN\.stmcufinder\plugins\mcufinder/ => C:\Users\ARYAN\.stmcufinder\plugins\mcufinder
2023-10-08 17:30:43,371 [INFO] ApiDb:250 - Set database path to: C:\Users\ARYAN\.stmcufinder\plugins\mcufinder//mcu/
2023-10-08 17:30:43,371 [WARN] DbFile:41 - Overriding database path with different value: C:\Users\ARYAN\.stmcufinder\plugins\mcufinder/ => C:\Users\ARYAN\.stmcufinder\plugins\mcufinder
2023-10-08 17:30:43,372 [INFO] DbMcusAds:125 - Set database path to: C:\Users\ARYAN\.stmcufinder\plugins\mcufinder//mcu/
2023-10-08 17:30:43,372 [WARN] DbFile:41 - Overriding database path with different value: C:\Users\ARYAN\.stmcufinder\plugins\mcufinder/ => C:\Users\ARYAN\.stmcufinder\plugins\mcufinder
2023-10-08 17:30:43,372 [WARN] DbFile:41 - Overriding database path with different value: C:\Users\ARYAN\.stmcufinder\plugins\mcufinder/ => C:\Users\ARYAN\.stmcufinder\plugins\mcufinder
2023-10-08 17:30:43,372 [INFO] CrossReferenceDbSqlite:203 - Set database path to: C:\Users\ARYAN\.stmcufinder\plugins\mcufinder//mcu/cs/
2023-10-08 17:30:43,387 [INFO] ApplicationProperties:184 - Using Application install path: D:\STM32IDE\STM32CubeIDE_1.13.1\STM32CubeIDE\plugins\com.st.stm32cube.common.mx_6.9.2.202309101412
2023-10-08 17:30:43,389 [INFO] PluginManage:196 - Search for loadable plugins [exclusion list=, ]
2023-10-08 17:30:43,390 [INFO] PluginManage:310 - Check plugin analytics
2023-10-08 17:30:43,556 [INFO] AnalyticsPlugin:253 - Accepted Software Licenses: STM32CubeMX.6.9.2
2023-10-08 17:30:43,556 [INFO] AnalyticsPlugin:255 - Accepted CMSIS Pack Licenses: 
2023-10-08 17:30:43,556 [INFO] AnalyticsPlugin:257 - Accepted Firmware Licenses: FW.F4.1.27.0
2023-10-08 17:30:43,559 [INFO] PluginManage:359 - Loaded plugin analytics (category:tool,tabindex:-1)
2023-10-08 17:30:43,559 [INFO] PluginManage:310 - Check plugin cadmodel
2023-10-08 17:30:43,563 [INFO] CADModel:105 - Init CAD model plugin
2023-10-08 17:30:43,563 [INFO] PluginManage:359 - Loaded plugin cadmodel (category:power,tabindex:5)
2023-10-08 17:30:43,563 [INFO] PluginManage:310 - Check plugin clock
2023-10-08 17:30:43,574 [INFO] PluginManage:359 - Loaded plugin clock (category:base,tabindex:2)
2023-10-08 17:30:43,575 [INFO] PluginManage:310 - Check plugin ddr
2023-10-08 17:30:43,576 [INFO] PluginManage:359 - Loaded plugin ddr (category:tool,tabindex:6)
2023-10-08 17:30:43,577 [INFO] PluginManage:310 - Check plugin filemanager
2023-10-08 17:30:43,699 [INFO] PluginManage:359 - Loaded plugin filemanager (category:base,tabindex:10)
2023-10-08 17:30:43,699 [INFO] PluginManage:310 - Check plugin ipmanager
2023-10-08 17:30:43,705 [INFO] PluginManage:359 - Loaded plugin ipmanager (category:base,tabindex:5)
2023-10-08 17:30:43,706 [INFO] PluginManage:310 - Check plugin lpbam
2023-10-08 17:30:43,715 [INFO] PluginManage:359 - Loaded plugin lpbam (category:base,tabindex:0)
2023-10-08 17:30:43,715 [INFO] PluginManage:310 - Check plugin memorymap
2023-10-08 17:30:43,725 [INFO] PluginManage:359 - Loaded plugin memorymap (category:base,tabindex:4)
2023-10-08 17:30:43,725 [INFO] PluginManage:310 - Check plugin pinoutandconfiguration
2023-10-08 17:30:43,731 [INFO] PluginManage:359 - Loaded plugin pinoutandconfiguration (category:base,tabindex:1)
2023-10-08 17:30:43,731 [INFO] PluginManage:310 - Check plugin pinoutconfig
2023-10-08 17:30:43,806 [WARN] SupportedApi:132 - Cannot load RTOS API schema: s4s-elt-must-match.1: The content of 'definitions' must match (annotation?, (simpleType | complexType)?, (unique | key | keyref)*)). A problem was found starting at: attribute.
2023-10-08 17:30:43,922 [INFO] PluginManage:359 - Loaded plugin pinoutconfig (category:base,tabindex:0)
2023-10-08 17:30:43,922 [INFO] PluginManage:310 - Check plugin power
2023-10-08 17:30:43,931 [INFO] PluginManage:359 - Loaded plugin power (category:power,tabindex:4)
2023-10-08 17:30:43,931 [INFO] PluginManage:310 - Check plugin projectmanager
2023-10-08 17:30:43,947 [INFO] PluginManage:359 - Loaded plugin projectmanager (category:projectmanager,tabindex:3)
2023-10-08 17:30:43,947 [INFO] PluginManage:310 - Check plugin thirdparty
2023-10-08 17:30:44,085 [WARN] IntegrityCheckThread:84 - waiting for thirdparty lock release [integrity check]
2023-10-08 17:30:44,085 [INFO] IntegrityCheckThread:86 - entering critical section [integrity check]
2023-10-08 17:30:44,086 [INFO] PluginManage:359 - Loaded plugin thirdparty (category:base,tabindex:-1)
2023-10-08 17:30:44,086 [INFO] ThirdPartyUpdaterWithRetryManager:70 - Updater plugin not ready yet. [1/15]
2023-10-08 17:30:44,086 [INFO] PluginManage:310 - Check plugin tools
2023-10-08 17:30:44,090 [INFO] PluginManage:359 - Loaded plugin tools (category:base,tabindex:7)
2023-10-08 17:30:44,091 [INFO] PluginManage:310 - Check plugin tutovideos
2023-10-08 17:30:44,239 [INFO] PluginManage:359 - Loaded plugin tutovideos (category:base,tabindex:-1)
2023-10-08 17:30:44,240 [INFO] PluginManage:310 - Check plugin updater
2023-10-08 17:30:44,250 [INFO] PluginManage:359 - Loaded plugin updater (category:base,tabindex:12)
2023-10-08 17:30:44,250 [INFO] PluginManage:310 - Check plugin userauth
2023-10-08 17:30:44,254 [INFO] UserAuth:113 - Init User Auth plugin
2023-10-08 17:30:44,254 [INFO] PluginManage:359 - Loaded plugin userauth (category:base,tabindex:14)
2023-10-08 17:30:44,255 [INFO] PluginManage:283 - PluginManage : Loaded plugins [17]
2023-10-08 17:30:44,438 [INFO] PinOutPanel:1499 - setPackage(No Configuration,No Configuration)
2023-10-08 17:30:44,533 [INFO] CADModel:165 - CPN selected for project level
2023-10-08 17:30:44,533 [INFO] CADModel:114 - Register for checkConnection events
2023-10-08 17:30:44,548 [INFO] IPUIPlugin:80 - create IPUIPlugin
2023-10-08 17:30:44,548 [INFO] PluginManager:220 - loadIPPluginJar : add adc
2023-10-08 17:30:44,550 [INFO] IPUIPlugin:80 - create IPUIPlugin
2023-10-08 17:30:44,550 [INFO] PluginManager:220 - loadIPPluginJar : add aes
2023-10-08 17:30:44,552 [INFO] IPUIPlugin:80 - create IPUIPlugin
2023-10-08 17:30:44,553 [INFO] PluginManager:220 - loadIPPluginJar : add can
2023-10-08 17:30:44,554 [INFO] IPUIPlugin:80 - create IPUIPlugin
2023-10-08 17:30:44,554 [INFO] PluginManager:220 - loadIPPluginJar : add comp
2023-10-08 17:30:44,556 [INFO] IPUIPlugin:80 - create IPUIPlugin
2023-10-08 17:30:44,557 [INFO] PluginManager:220 - loadIPPluginJar : add cryp
2023-10-08 17:30:44,559 [INFO] IPUIPlugin:80 - create IPUIPlugin
2023-10-08 17:30:44,559 [INFO] PluginManager:220 - loadIPPluginJar : add dfsdm
2023-10-08 17:30:44,563 [INFO] IPUIPlugin:80 - create IPUIPlugin
2023-10-08 17:30:44,564 [INFO] PluginManager:220 - loadIPPluginJar : add dma
2023-10-08 17:30:44,567 [INFO] IPUIPlugin:80 - create IPUIPlugin
2023-10-08 17:30:44,567 [INFO] PluginManager:220 - loadIPPluginJar : add dma3
2023-10-08 17:30:44,569 [INFO] IPUIPlugin:80 - create IPUIPlugin
2023-10-08 17:30:44,569 [INFO] PluginManager:220 - loadIPPluginJar : add fatfs
2023-10-08 17:30:44,572 [INFO] IPUIPlugin:80 - create IPUIPlugin
2023-10-08 17:30:44,572 [INFO] PluginManager:220 - loadIPPluginJar : add fmc
2023-10-08 17:30:44,577 [INFO] IPUIPlugin:80 - create IPUIPlugin
2023-10-08 17:30:44,577 [INFO] PluginManager:220 - loadIPPluginJar : add freertos
2023-10-08 17:30:44,579 [INFO] IPUIPlugin:80 - create IPUIPlugin
2023-10-08 17:30:44,579 [INFO] PluginManager:220 - loadIPPluginJar : add genericplugin
2023-10-08 17:30:44,581 [INFO] IPUIPlugin:80 - create IPUIPlugin
2023-10-08 17:30:44,582 [INFO] PluginManager:220 - loadIPPluginJar : add gfxmmu
2023-10-08 17:30:44,586 [INFO] IPUIPlugin:80 - create IPUIPlugin
2023-10-08 17:30:44,587 [INFO] PluginManager:220 - loadIPPluginJar : add gic
2023-10-08 17:30:44,591 [INFO] IPUIPlugin:80 - create IPUIPlugin
2023-10-08 17:30:44,591 [INFO] PluginManager:220 - loadIPPluginJar : add gpio
2023-10-08 17:30:44,593 [INFO] IPUIPlugin:80 - create IPUIPlugin
2023-10-08 17:30:44,593 [INFO] PluginManager:220 - loadIPPluginJar : add gtzc
2023-10-08 17:30:44,596 [INFO] IPUIPlugin:80 - create IPUIPlugin
2023-10-08 17:30:44,596 [INFO] PluginManager:220 - loadIPPluginJar : add hash
2023-10-08 17:30:44,599 [INFO] IPUIPlugin:80 - create IPUIPlugin
2023-10-08 17:30:44,599 [INFO] PluginManager:220 - loadIPPluginJar : add i2c
2023-10-08 17:30:44,601 [INFO] IPUIPlugin:80 - create IPUIPlugin
2023-10-08 17:30:44,601 [INFO] PluginManager:220 - loadIPPluginJar : add i2s
2023-10-08 17:30:44,604 [INFO] IPUIPlugin:80 - create IPUIPlugin
2023-10-08 17:30:44,604 [INFO] PluginManager:220 - loadIPPluginJar : add i3c
2023-10-08 17:30:44,607 [INFO] IPUIPlugin:80 - create IPUIPlugin
2023-10-08 17:30:44,607 [INFO] PluginManager:220 - loadIPPluginJar : add ipddr
2023-10-08 17:30:44,613 [INFO] IPUIPlugin:80 - create IPUIPlugin
2023-10-08 17:30:44,613 [INFO] PluginManager:220 - loadIPPluginJar : add linkedlist
2023-10-08 17:30:44,615 [INFO] IPUIPlugin:80 - create IPUIPlugin
2023-10-08 17:30:44,616 [INFO] PluginManager:220 - loadIPPluginJar : add lorawan
2023-10-08 17:30:44,617 [INFO] IPUIPlugin:80 - create IPUIPlugin
2023-10-08 17:30:44,617 [INFO] PluginManager:220 - loadIPPluginJar : add ltdc
2023-10-08 17:30:44,622 [INFO] IPUIPlugin:80 - create IPUIPlugin
2023-10-08 17:30:44,622 [INFO] PluginManager:220 - loadIPPluginJar : add mdma
2023-10-08 17:30:44,627 [INFO] IPUIPlugin:80 - create IPUIPlugin
2023-10-08 17:30:44,627 [INFO] PluginManager:220 - loadIPPluginJar : add nvic
2023-10-08 17:30:44,630 [INFO] IPUIPlugin:80 - create IPUIPlugin
2023-10-08 17:30:44,630 [INFO] PluginManager:220 - loadIPPluginJar : add opamp
2023-10-08 17:30:44,632 [INFO] IPUIPlugin:80 - create IPUIPlugin
2023-10-08 17:30:44,632 [INFO] PluginManager:220 - loadIPPluginJar : add openamp
2023-10-08 17:30:44,635 [INFO] IPUIPlugin:80 - create IPUIPlugin
2023-10-08 17:30:44,635 [INFO] PluginManager:220 - loadIPPluginJar : add pdm2pcm
2023-10-08 17:30:44,643 [INFO] IPUIPlugin:80 - create IPUIPlugin
2023-10-08 17:30:44,645 [INFO] PluginManager:220 - loadIPPluginJar : add plateformsettings
2023-10-08 17:30:44,646 [INFO] IPUIPlugin:80 - create IPUIPlugin
2023-10-08 17:30:44,646 [INFO] PluginManager:220 - loadIPPluginJar : add quadspi
2023-10-08 17:30:44,649 [INFO] IPUIPlugin:80 - create IPUIPlugin
2023-10-08 17:30:44,649 [INFO] PluginManager:220 - loadIPPluginJar : add resmgrutility
2023-10-08 17:30:44,651 [INFO] IPUIPlugin:80 - create IPUIPlugin
2023-10-08 17:30:44,651 [INFO] PluginManager:220 - loadIPPluginJar : add sai
2023-10-08 17:30:44,653 [INFO] IPUIPlugin:80 - create IPUIPlugin
2023-10-08 17:30:44,653 [INFO] PluginManager:220 - loadIPPluginJar : add spi
2023-10-08 17:30:44,657 [INFO] IPUIPlugin:80 - create IPUIPlugin
2023-10-08 17:30:44,657 [INFO] PluginManager:220 - loadIPPluginJar : add stm32_wpan
2023-10-08 17:30:44,659 [INFO] IPUIPlugin:80 - create IPUIPlugin
2023-10-08 17:30:44,659 [INFO] PluginManager:220 - loadIPPluginJar : add tim
2023-10-08 17:30:44,662 [INFO] IPUIPlugin:80 - create IPUIPlugin
2023-10-08 17:30:44,662 [INFO] PluginManager:220 - loadIPPluginJar : add touchsensing
2023-10-08 17:30:44,664 [INFO] IPUIPlugin:80 - create IPUIPlugin
2023-10-08 17:30:44,664 [INFO] PluginManager:220 - loadIPPluginJar : add tracer_emb
2023-10-08 17:30:44,665 [INFO] IPUIPlugin:80 - create IPUIPlugin
2023-10-08 17:30:44,666 [INFO] PluginManager:220 - loadIPPluginJar : add ts
2023-10-08 17:30:44,667 [INFO] IPUIPlugin:80 - create IPUIPlugin
2023-10-08 17:30:44,667 [INFO] PluginManager:220 - loadIPPluginJar : add tsc
2023-10-08 17:30:44,669 [INFO] IPUIPlugin:80 - create IPUIPlugin
2023-10-08 17:30:44,669 [INFO] PluginManager:220 - loadIPPluginJar : add ucpd
2023-10-08 17:30:44,672 [INFO] IPUIPlugin:80 - create IPUIPlugin
2023-10-08 17:30:44,672 [INFO] PluginManager:220 - loadIPPluginJar : add usart
2023-10-08 17:30:44,674 [INFO] IPUIPlugin:80 - create IPUIPlugin
2023-10-08 17:30:44,674 [INFO] PluginManager:220 - loadIPPluginJar : add usbx
2023-10-08 17:30:44,797 [INFO] CADModel:165 - CPN selected for project level
2023-10-08 17:30:44,797 [INFO] CADModel:114 - Register for checkConnection events
2023-10-08 17:30:44,797 [FATAL] Updater:308 - Updater called before beeing initialized
2023-10-08 17:30:44,797 [ERROR] CADModel:125 - Updater not yet initialized, retry later 
2023-10-08 17:30:44,926 [INFO] CADModel:165 - CPN selected for project level
2023-10-08 17:30:44,926 [INFO] CADModel:114 - Register for checkConnection events
2023-10-08 17:30:44,926 [FATAL] Updater:308 - Updater called before beeing initialized
2023-10-08 17:30:44,927 [ERROR] CADModel:125 - Updater not yet initialized, retry later 
2023-10-08 17:30:44,929 [FATAL] Updater:308 - Updater called before beeing initialized
2023-10-08 17:30:45,024 [FATAL] Updater:308 - Updater called before beeing initialized
2023-10-08 17:30:45,031 [INFO] DbMcusAds:53 - JSON generation date=Tue Mar 07 14:20:55 IST 2023 (1678179055335)
2023-10-08 17:30:45,032 [FATAL] Updater:308 - Updater called before beeing initialized
2023-10-08 17:30:45,059 [WARN] DetailPanel:346 - Failed to get advertising image, set to default
2023-10-08 17:30:45,146 [FATAL] Updater:308 - Updater called before beeing initialized
2023-10-08 17:30:45,147 [FATAL] Updater:308 - Updater called before beeing initialized
2023-10-08 17:30:45,147 [FATAL] Updater:308 - Updater called before beeing initialized
2023-10-08 17:30:45,147 [WARN] DetailPanel:346 - Failed to get advertising image, set to default
2023-10-08 17:30:45,148 [FATAL] Updater:308 - Updater called before beeing initialized
2023-10-08 17:30:45,192 [ERROR] Updater:1120 - MainUpdater not yet initialized. External WinMGr cannot be set.
2023-10-08 17:30:45,194 [INFO] Updater:1056 - Updater Version found : 6.9.2
2023-10-08 17:30:45,213 [INFO] ApplicationProperties:184 - Using Application install path: D:\STM32IDE\STM32CubeIDE_1.13.1\STM32CubeIDE\plugins\com.st.stm32cube.common.mx_6.9.2.202309101412
2023-10-08 17:30:46,355 [INFO] MainUpdater:2868 - connection check result : 10
2023-10-08 17:30:46,356 [INFO] MainUpdater:285 - Updater Check For Update Now.
2023-10-08 17:30:46,356 [INFO] MicroXplorer:498 - Change Database Version : DB.6.0.92
2023-10-08 17:30:46,361 [INFO] McuFinderGlobals:63 - Set McuFinder mode to 2 (CubeIDE integrated)
2023-10-08 17:30:46,527 [INFO] CheckServerUpdateThread:120 - End of CheckServer Thread
2023-10-08 17:30:47,202 [WARN] PackLoader:240 - Cannot read IP mode file for STMicroelectronics.X-CUBE-SMBUS.2.1.0
2023-10-08 17:30:47,232 [WARN] PackLoader:240 - Cannot read IP mode file for STMicroelectronics.X-CUBE-AZRTOS-F7.1.1.0
2023-10-08 17:30:47,243 [WARN] PackLoader:240 - Cannot read IP mode file for STMicroelectronics.FP-SNS-MOTENV1.4.3.2
2023-10-08 17:30:47,250 [WARN] PackLoader:240 - Cannot read IP mode file for STMicroelectronics.FP-SNS-FLIGHT1.5.0.2
2023-10-08 17:30:47,259 [WARN] PackLoader:240 - Cannot read IP mode file for STMicroelectronics.X-CUBE-DISPLAY.3.0.0
2023-10-08 17:30:47,279 [WARN] PackLoader:240 - Cannot read IP mode file for STMicroelectronics.X-CUBE-BLE1.7.0.0
2023-10-08 17:30:47,286 [WARN] PackLoader:240 - Cannot read IP mode file for emotas.I-CUBE-CANOPEN.1.3.0
2023-10-08 17:30:47,294 [WARN] PackLoader:240 - Cannot read IP mode file for STMicroelectronics.X-CUBE-TOUCHGFX.4.22.0
2023-10-08 17:30:47,298 [WARN] PackLoader:240 - Cannot read IP mode file for STMicroelectronics.X-CUBE-TOUCHGFX.4.22.1
2023-10-08 17:30:47,305 [WARN] PackLoader:240 - Cannot read IP mode file for STMicroelectronics.FP-SNS-SMARTAG2.1.2.0
2023-10-08 17:30:47,318 [INFO] LogOutputStream:77 - [STDOUT_REDIRECT] 1 : Invalid condition id : UX_CORESTACK_Condition cause : null
2023-10-08 17:30:47,320 [INFO] LogOutputStream:77 - [STDOUT_REDIRECT] 1 : Invalid condition id : UX_CORESTACK_Condition cause : null
2023-10-08 17:30:47,321 [INFO] LogOutputStream:77 - [STDOUT_REDIRECT] 1 : Invalid condition id : UX_CORESTACK_Condition cause : null
2023-10-08 17:30:47,323 [INFO] LogOutputStream:77 - [STDOUT_REDIRECT] 1 : Invalid condition id : UX_CORESTACK_Condition cause : null
2023-10-08 17:30:47,325 [INFO] LogOutputStream:77 - [STDOUT_REDIRECT] 1 : Invalid condition id : UX_CORESTACK_Condition cause : null
2023-10-08 17:30:47,328 [WARN] PackLoader:240 - Cannot read IP mode file for STMicroelectronics.X-CUBE-AZRTOS-WL.2.0.0
2023-10-08 17:30:47,342 [WARN] PackLoader:240 - Cannot read IP mode file for WES.I-CUBE-Cesium.1.3.0
2023-10-08 17:30:47,347 [WARN] PackLoader:240 - Cannot read IP mode file for STMicroelectronics.X-CUBE-BLE2.3.3.0
2023-10-08 17:30:47,353 [WARN] PackLoader:240 - Cannot read IP mode file for STMicroelectronics.X-CUBE-ALGOBUILD.1.3.0
2023-10-08 17:30:47,367 [WARN] PackLoader:240 - Cannot read IP mode file for STMicroelectronics.X-CUBE-AZRTOS-G0.1.1.0
2023-10-08 17:30:47,374 [WARN] PackLoader:240 - Cannot read IP mode file for STMicroelectronics.X-CUBE-NFC4.3.0.0
2023-10-08 17:30:47,380 [WARN] PackLoader:240 - Cannot read IP mode file for STMicroelectronics.FP-ATR-SIGFOX1.3.2.0
2023-10-08 17:30:47,405 [WARN] PackLoader:240 - Cannot read IP mode file for SEGGER.I-CUBE-embOS.1.3.1
2023-10-08 17:30:47,439 [WARN] PackLoader:240 - Cannot read IP mode file for STMicroelectronics.X-CUBE-GNSS1.6.0.0
2023-10-08 17:30:47,459 [WARN] PackLoader:240 - Cannot read IP mode file for STMicroelectronics.X-CUBE-AZRTOS-F4.1.1.0
2023-10-08 17:30:47,471 [WARN] PackLoader:240 - Cannot read IP mode file for wolfSSL.I-CUBE-wolfSSL.5.6.3
2023-10-08 17:30:47,488 [WARN] PackLoader:240 - Cannot read IP mode file for STMicroelectronics.X-CUBE-AZRTOS-L5.2.0.0
2023-10-08 17:30:47,524 [WARN] PackLoader:240 - Cannot read IP mode file for STMicroelectronics.X-CUBE-MEMS1.9.6.0
2023-10-08 17:30:47,640 [WARN] PackLoader:240 - Cannot read IP mode file for ITTIA_DB.I-CUBE-ITTIADB.8.8.0
2023-10-08 17:30:47,647 [WARN] PackLoader:240 - Cannot read IP mode file for STMicroelectronics.X-CUBE-BLEMGR.2.0.0
2023-10-08 17:30:47,659 [WARN] ConditionMgr:438 - getConditionDescription Invalid condition id : UX DEVICE CLASS RTOS Condition cause : null
2023-10-08 17:30:47,660 [WARN] ConditionMgr:438 - getConditionDescription Invalid condition id : UX DEVICE CLASS RTOS Condition cause : null
2023-10-08 17:30:47,661 [WARN] PackLoader:240 - Cannot read IP mode file for STMicroelectronics.X-CUBE-AZRTOS-H7.3.1.0
2023-10-08 17:30:47,662 [WARN] ConditionMgr:1039 - genDependencies : Invalid condition id : UX DEVICE CLASS RTOS Condition cause : null
2023-10-08 17:30:47,662 [WARN] ConditionMgr:1039 - genDependencies : Invalid condition id : UX DEVICE CLASS RTOS Condition cause : null
2023-10-08 17:30:47,663 [WARN] ConditionMgr:1039 - genDependencies : Invalid condition id : UX DEVICE CLASS RTOS Condition cause : null
2023-10-08 17:30:47,663 [WARN] ConditionMgr:1039 - genDependencies : Invalid condition id : UX DEVICE CLASS RTOS Condition cause : null
2023-10-08 17:30:47,663 [WARN] ConditionMgr:1039 - genDependencies : Invalid condition id : UX DEVICE CLASS RTOS Condition cause : null
2023-10-08 17:30:47,669 [WARN] PackLoader:240 - Cannot read IP mode file for STMicroelectronics.X-CUBE-NFC7.1.0.1
2023-10-08 17:30:47,679 [WARN] PackLoader:240 - Cannot read IP mode file for STMicroelectronics.X-CUBE-NFC6.3.0.0
2023-10-08 17:30:47,685 [WARN] PackLoader:240 - Cannot read IP mode file for STMicroelectronics.X-CUBE-EEPRMA1.4.1.0
2023-10-08 17:30:47,690 [WARN] PackLoader:240 - Cannot read IP mode file for STMicroelectronics.X-CUBE-AI.8.1.0
2023-10-08 17:30:47,702 [WARN] ConditionMgr:438 - getConditionDescription Invalid condition id : LAN8742 Phy interface Condition cause : null
2023-10-08 17:30:47,703 [WARN] PackLoader:240 - Cannot read IP mode file for STMicroelectronics.X-CUBE-AZRTOS-L4.2.0.0
2023-10-08 17:30:47,704 [WARN] ConditionMgr:1039 - genDependencies : Invalid condition id : LAN8742 Phy interface Condition cause : null
2023-10-08 17:30:47,704 [WARN] ConditionMgr:1039 - genDependencies : Invalid condition id : LAN8742 Phy interface Condition cause : null
2023-10-08 17:30:47,705 [WARN] ConditionMgr:1039 - genDependencies : Invalid condition id : LAN8742 Phy interface Condition cause : null
2023-10-08 17:30:47,711 [WARN] PackLoader:240 - Cannot read IP mode file for STMicroelectronics.X-CUBE-SFXS2LP1.4.0.0
2023-10-08 17:30:47,716 [WARN] PackLoader:240 - Cannot read IP mode file for STMicroelectronics.X-CUBE-ISPU.1.1.0
2023-10-08 17:30:47,724 [WARN] ConditionMgr:438 - getConditionDescription Invalid condition id : UX DEVICE CLASS RTOS Condition cause : null
2023-10-08 17:30:47,725 [WARN] ConditionMgr:438 - getConditionDescription Invalid condition id : UX DEVICE CLASS RTOS Condition cause : null
2023-10-08 17:30:47,726 [WARN] PackLoader:240 - Cannot read IP mode file for STMicroelectronics.X-CUBE-AZRTOS-WB.2.0.0
2023-10-08 17:30:47,727 [WARN] ConditionMgr:1039 - genDependencies : Invalid condition id : UX DEVICE CLASS RTOS Condition cause : null
2023-10-08 17:30:47,727 [WARN] ConditionMgr:1039 - genDependencies : Invalid condition id : UX DEVICE CLASS RTOS Condition cause : null
2023-10-08 17:30:47,728 [WARN] ConditionMgr:1039 - genDependencies : Invalid condition id : UX DEVICE CLASS RTOS Condition cause : null
2023-10-08 17:30:47,729 [WARN] ConditionMgr:1039 - genDependencies : Invalid condition id : UX DEVICE CLASS RTOS Condition cause : null
2023-10-08 17:30:47,729 [WARN] ConditionMgr:1039 - genDependencies : Invalid condition id : UX DEVICE CLASS RTOS Condition cause : null
2023-10-08 17:30:47,737 [WARN] PackLoader:240 - Cannot read IP mode file for STMicroelectronics.X-CUBE-SUBG2.5.0.0
2023-10-08 17:30:47,747 [WARN] PackLoader:240 - Cannot read IP mode file for STMicroelectronics.X-CUBE-TOF1.3.3.1
2023-10-08 17:30:47,763 [WARN] PackLoader:240 - Cannot read IP mode file for STMicroelectronics.X-CUBE-AZRTOS-G4.2.0.0
2023-10-08 17:30:47,773 [WARN] PackLoader:240 - Cannot read IP mode file for Infineon.AIROC-Wi-Fi-Bluetooth-STM32.1.5.1
2023-10-08 17:30:47,780 [WARN] PackLoader:240 - Cannot read IP mode file for STMicroelectronics.X-CUBE-FREERTOS.1.1.0
2023-10-08 17:30:47,785 [WARN] PackLoader:240 - Cannot read IP mode file for portGmbH.I-Cube-SoM-uGOAL.1.1.0
2023-10-08 17:30:47,789 [WARN] PackLoader:240 - Cannot read IP mode file for STMicroelectronics.X-CUBE-ALS.1.0.1
2023-10-08 17:30:47,793 [WARN] PackLoader:240 - Cannot read IP mode file for STMicroelectronics.FP-ATR-ASTRA1.2.0.0
2023-10-08 17:30:47,795 [INFO] ThirdParty:978 - Integrity check success = true
2023-10-08 17:30:47,795 [INFO] IntegrityCheckThread:100 - exiting critical section [integrity check]
2023-10-08 17:30:47,795 [INFO] IntegrityCheckThread:103 - End integrity checks thread
2023-10-08 17:31:03,032 [ERROR] LogOutputStream:75 - [STDERR_REDIRECT] SLF4J: Failed to load class "org.slf4j.impl.StaticLoggerBinder".
2023-10-08 17:31:03,033 [ERROR] LogOutputStream:75 - [STDERR_REDIRECT] SLF4J: Defaulting to no-operation (NOP) logger implementation
2023-10-08 17:31:03,034 [ERROR] LogOutputStream:75 - [STDERR_REDIRECT] SLF4J: See http://www.slf4j.org/codes.html#StaticLoggerBinder for further details.
