2023-10-11 17:02:14,668 [INFO] Activator:176 - 


2023-10-11 17:02:14,672 [INFO] Activator:177 - !SESSION log4j initialized
2023-10-11 17:02:20,926 [INFO] LogOutputStream:77 - [STDOUT_REDIRECT] 
2023-10-11 17:02:23,253 [INFO] ApplicationProperties:184 - Using Application install path: D:\STM32IDE\STM32CubeIDE_1.13.1\STM32CubeIDE\plugins\com.st.stm32cube.common.mx_6.9.2.202309101412
2023-10-11 17:02:23,279 [INFO] DbMcusXml:78 - Set database path to: D:\STM32IDE\STM32CubeIDE_1.13.1\STM32CubeIDE\plugins\com.st.stm32cube.common.mx_6.9.2.202309101412\\db\/mcu/
2023-10-11 17:02:23,279 [INFO] ApiDb:274 - Set plugin database path to: D:\STM32IDE\STM32CubeIDE_1.13.1\STM32CubeIDE\plugins\com.st.stm32cube.common.mx_6.9.2.202309101412\\db\/plugins/boardmanager/
2023-10-11 17:02:23,280 [WARN] ApiDb:259 - Overriding images path with different value:  => D:\STM32IDE\STM32CubeIDE_1.13.1\STM32CubeIDE\plugins\com.st.stm32cube.common.mx_6.9.2.202309101412\\db\/plugins/mcufinder/images/
2023-10-11 17:02:23,298 [INFO] ApiDb:250 - Set database path to: C:\Users\ARYAN\.stmcufinder\plugins\mcufinder//mcu/
2023-10-11 17:02:23,300 [INFO] DbMcusAds:125 - Set database path to: C:\Users\ARYAN\.stmcufinder\plugins\mcufinder//mcu/
2023-10-11 17:02:23,302 [INFO] CrossReferenceDbSqlite:203 - Set database path to: C:\Users\ARYAN\.stmcufinder\plugins\mcufinder//mcu/cs/
2023-10-11 17:02:23,434 [INFO] RulesReader:64 - Compatibility file has been processed (293 Rules)
2023-10-11 17:02:23,568 [INFO] DbMcusXml:78 - Set database path to: D:\STM32IDE\STM32CubeIDE_1.13.1\STM32CubeIDE\plugins\com.st.stm32cube.common.mx_6.9.2.202309101412\\db\/mcu/
2023-10-11 17:02:23,568 [INFO] ApiDb:274 - Set plugin database path to: D:\STM32IDE\STM32CubeIDE_1.13.1\STM32CubeIDE\plugins\com.st.stm32cube.common.mx_6.9.2.202309101412\\db\/plugins/boardmanager/
2023-10-11 17:02:23,568 [INFO] ApiDb:261 - Set plugin images path to: D:\STM32IDE\STM32CubeIDE_1.13.1\STM32CubeIDE\plugins\com.st.stm32cube.common.mx_6.9.2.202309101412\\db\/plugins/mcufinder/images/
2023-10-11 17:02:23,568 [WARN] DbFile:41 - Overriding database path with different value: C:\Users\ARYAN\.stmcufinder\plugins\mcufinder/ => C:\Users\ARYAN\.stmcufinder\plugins\mcufinder
2023-10-11 17:02:23,568 [INFO] ApiDb:250 - Set database path to: C:\Users\ARYAN\.stmcufinder\plugins\mcufinder//mcu/
2023-10-11 17:02:23,569 [WARN] DbFile:41 - Overriding database path with different value: C:\Users\ARYAN\.stmcufinder\plugins\mcufinder/ => C:\Users\ARYAN\.stmcufinder\plugins\mcufinder
2023-10-11 17:02:23,569 [INFO] DbMcusAds:125 - Set database path to: C:\Users\ARYAN\.stmcufinder\plugins\mcufinder//mcu/
2023-10-11 17:02:23,569 [WARN] DbFile:41 - Overriding database path with different value: C:\Users\ARYAN\.stmcufinder\plugins\mcufinder/ => C:\Users\ARYAN\.stmcufinder\plugins\mcufinder
2023-10-11 17:02:23,569 [WARN] DbFile:41 - Overriding database path with different value: C:\Users\ARYAN\.stmcufinder\plugins\mcufinder/ => C:\Users\ARYAN\.stmcufinder\plugins\mcufinder
2023-10-11 17:02:23,569 [INFO] CrossReferenceDbSqlite:203 - Set database path to: C:\Users\ARYAN\.stmcufinder\plugins\mcufinder//mcu/cs/
2023-10-11 17:02:23,657 [INFO] MainPanel:262 - HeapMemory: 268435456
2023-10-11 17:02:23,767 [INFO] DbMcusXml:78 - Set database path to: D:\STM32IDE\STM32CubeIDE_1.13.1\STM32CubeIDE\plugins\com.st.stm32cube.common.mx_6.9.2.202309101412\\db\/mcu/
2023-10-11 17:02:23,767 [INFO] ApiDb:274 - Set plugin database path to: D:\STM32IDE\STM32CubeIDE_1.13.1\STM32CubeIDE\plugins\com.st.stm32cube.common.mx_6.9.2.202309101412\\db\/plugins/boardmanager/
2023-10-11 17:02:23,768 [INFO] ApiDb:261 - Set plugin images path to: D:\STM32IDE\STM32CubeIDE_1.13.1\STM32CubeIDE\plugins\com.st.stm32cube.common.mx_6.9.2.202309101412\\db\/plugins/mcufinder/images/
2023-10-11 17:02:23,768 [WARN] DbFile:41 - Overriding database path with different value: C:\Users\ARYAN\.stmcufinder\plugins\mcufinder/ => C:\Users\ARYAN\.stmcufinder\plugins\mcufinder
2023-10-11 17:02:23,768 [INFO] ApiDb:250 - Set database path to: C:\Users\ARYAN\.stmcufinder\plugins\mcufinder//mcu/
2023-10-11 17:02:23,768 [WARN] DbFile:41 - Overriding database path with different value: C:\Users\ARYAN\.stmcufinder\plugins\mcufinder/ => C:\Users\ARYAN\.stmcufinder\plugins\mcufinder
2023-10-11 17:02:23,768 [INFO] DbMcusAds:125 - Set database path to: C:\Users\ARYAN\.stmcufinder\plugins\mcufinder//mcu/
2023-10-11 17:02:23,768 [WARN] DbFile:41 - Overriding database path with different value: C:\Users\ARYAN\.stmcufinder\plugins\mcufinder/ => C:\Users\ARYAN\.stmcufinder\plugins\mcufinder
2023-10-11 17:02:23,768 [WARN] DbFile:41 - Overriding database path with different value: C:\Users\ARYAN\.stmcufinder\plugins\mcufinder/ => C:\Users\ARYAN\.stmcufinder\plugins\mcufinder
2023-10-11 17:02:23,769 [INFO] CrossReferenceDbSqlite:203 - Set database path to: C:\Users\ARYAN\.stmcufinder\plugins\mcufinder//mcu/cs/
2023-10-11 17:02:23,790 [INFO] ApplicationProperties:184 - Using Application install path: D:\STM32IDE\STM32CubeIDE_1.13.1\STM32CubeIDE\plugins\com.st.stm32cube.common.mx_6.9.2.202309101412
2023-10-11 17:02:23,791 [INFO] PluginManage:196 - Search for loadable plugins [exclusion list=, ]
2023-10-11 17:02:23,793 [INFO] PluginManage:310 - Check plugin analytics
2023-10-11 17:02:23,968 [INFO] AnalyticsPlugin:253 - Accepted Software Licenses: STM32CubeMX.6.9.2
2023-10-11 17:02:23,968 [INFO] AnalyticsPlugin:255 - Accepted CMSIS Pack Licenses: 
2023-10-11 17:02:23,968 [INFO] AnalyticsPlugin:257 - Accepted Firmware Licenses: FW.F4.1.27.0
2023-10-11 17:02:23,972 [INFO] PluginManage:359 - Loaded plugin analytics (category:tool,tabindex:-1)
2023-10-11 17:02:23,973 [INFO] PluginManage:310 - Check plugin cadmodel
2023-10-11 17:02:23,988 [INFO] CADModel:105 - Init CAD model plugin
2023-10-11 17:02:23,988 [INFO] PluginManage:359 - Loaded plugin cadmodel (category:power,tabindex:5)
2023-10-11 17:02:23,988 [INFO] PluginManage:310 - Check plugin clock
2023-10-11 17:02:24,007 [INFO] PluginManage:359 - Loaded plugin clock (category:base,tabindex:2)
2023-10-11 17:02:24,007 [INFO] PluginManage:310 - Check plugin ddr
2023-10-11 17:02:24,010 [INFO] PluginManage:359 - Loaded plugin ddr (category:tool,tabindex:6)
2023-10-11 17:02:24,010 [INFO] PluginManage:310 - Check plugin filemanager
2023-10-11 17:02:24,153 [INFO] PluginManage:359 - Loaded plugin filemanager (category:base,tabindex:10)
2023-10-11 17:02:24,153 [INFO] PluginManage:310 - Check plugin ipmanager
2023-10-11 17:02:24,161 [INFO] PluginManage:359 - Loaded plugin ipmanager (category:base,tabindex:5)
2023-10-11 17:02:24,161 [INFO] PluginManage:310 - Check plugin lpbam
2023-10-11 17:02:24,179 [INFO] PluginManage:359 - Loaded plugin lpbam (category:base,tabindex:0)
2023-10-11 17:02:24,179 [INFO] PluginManage:310 - Check plugin memorymap
2023-10-11 17:02:24,204 [INFO] PluginManage:359 - Loaded plugin memorymap (category:base,tabindex:4)
2023-10-11 17:02:24,204 [INFO] PluginManage:310 - Check plugin pinoutandconfiguration
2023-10-11 17:02:24,220 [INFO] PluginManage:359 - Loaded plugin pinoutandconfiguration (category:base,tabindex:1)
2023-10-11 17:02:24,221 [INFO] PluginManage:310 - Check plugin pinoutconfig
2023-10-11 17:02:24,332 [WARN] SupportedApi:132 - Cannot load RTOS API schema: s4s-elt-must-match.1: The content of 'definitions' must match (annotation?, (simpleType | complexType)?, (unique | key | keyref)*)). A problem was found starting at: attribute.
2023-10-11 17:02:24,478 [INFO] PluginManage:359 - Loaded plugin pinoutconfig (category:base,tabindex:0)
2023-10-11 17:02:24,479 [INFO] PluginManage:310 - Check plugin power
2023-10-11 17:02:24,499 [INFO] PluginManage:359 - Loaded plugin power (category:power,tabindex:4)
2023-10-11 17:02:24,500 [INFO] PluginManage:310 - Check plugin projectmanager
2023-10-11 17:02:24,512 [INFO] PluginManage:359 - Loaded plugin projectmanager (category:projectmanager,tabindex:3)
2023-10-11 17:02:24,513 [INFO] PluginManage:310 - Check plugin thirdparty
2023-10-11 17:02:24,784 [INFO] PluginManage:359 - Loaded plugin thirdparty (category:base,tabindex:-1)
2023-10-11 17:02:24,784 [INFO] PluginManage:310 - Check plugin tools
2023-10-11 17:02:24,784 [WARN] IntegrityCheckThread:84 - waiting for thirdparty lock release [integrity check]
2023-10-11 17:02:24,784 [INFO] IntegrityCheckThread:86 - entering critical section [integrity check]
2023-10-11 17:02:24,785 [INFO] ThirdPartyUpdaterWithRetryManager:70 - Updater plugin not ready yet. [1/15]
2023-10-11 17:02:24,811 [INFO] PluginManage:359 - Loaded plugin tools (category:base,tabindex:7)
2023-10-11 17:02:24,812 [INFO] PluginManage:310 - Check plugin tutovideos
2023-10-11 17:02:25,023 [INFO] PluginManage:359 - Loaded plugin tutovideos (category:base,tabindex:-1)
2023-10-11 17:02:25,023 [INFO] PluginManage:310 - Check plugin updater
2023-10-11 17:02:25,036 [INFO] PluginManage:359 - Loaded plugin updater (category:base,tabindex:12)
2023-10-11 17:02:25,036 [INFO] PluginManage:310 - Check plugin userauth
2023-10-11 17:02:25,043 [INFO] UserAuth:113 - Init User Auth plugin
2023-10-11 17:02:25,043 [INFO] PluginManage:359 - Loaded plugin userauth (category:base,tabindex:14)
2023-10-11 17:02:25,043 [INFO] PluginManage:283 - PluginManage : Loaded plugins [17]
2023-10-11 17:02:25,294 [INFO] PinOutPanel:1499 - setPackage(No Configuration,No Configuration)
2023-10-11 17:02:25,405 [INFO] CADModel:165 - CPN selected for project level
2023-10-11 17:02:25,405 [INFO] CADModel:114 - Register for checkConnection events
2023-10-11 17:02:25,437 [INFO] IPUIPlugin:80 - create IPUIPlugin
2023-10-11 17:02:25,437 [INFO] PluginManager:220 - loadIPPluginJar : add adc
2023-10-11 17:02:25,467 [INFO] IPUIPlugin:80 - create IPUIPlugin
2023-10-11 17:02:25,467 [INFO] PluginManager:220 - loadIPPluginJar : add aes
2023-10-11 17:02:25,501 [INFO] IPUIPlugin:80 - create IPUIPlugin
2023-10-11 17:02:25,501 [INFO] PluginManager:220 - loadIPPluginJar : add can
2023-10-11 17:02:25,519 [INFO] IPUIPlugin:80 - create IPUIPlugin
2023-10-11 17:02:25,519 [INFO] PluginManager:220 - loadIPPluginJar : add comp
2023-10-11 17:02:25,546 [INFO] IPUIPlugin:80 - create IPUIPlugin
2023-10-11 17:02:25,546 [INFO] PluginManager:220 - loadIPPluginJar : add cryp
2023-10-11 17:02:25,571 [INFO] IPUIPlugin:80 - create IPUIPlugin
2023-10-11 17:02:25,571 [INFO] PluginManager:220 - loadIPPluginJar : add dfsdm
2023-10-11 17:02:25,583 [INFO] IPUIPlugin:80 - create IPUIPlugin
2023-10-11 17:02:25,583 [INFO] PluginManager:220 - loadIPPluginJar : add dma
2023-10-11 17:02:25,618 [INFO] IPUIPlugin:80 - create IPUIPlugin
2023-10-11 17:02:25,619 [INFO] PluginManager:220 - loadIPPluginJar : add dma3
2023-10-11 17:02:25,636 [INFO] IPUIPlugin:80 - create IPUIPlugin
2023-10-11 17:02:25,636 [INFO] PluginManager:220 - loadIPPluginJar : add fatfs
2023-10-11 17:02:25,673 [INFO] IPUIPlugin:80 - create IPUIPlugin
2023-10-11 17:02:25,673 [INFO] PluginManager:220 - loadIPPluginJar : add fmc
2023-10-11 17:02:25,687 [INFO] IPUIPlugin:80 - create IPUIPlugin
2023-10-11 17:02:25,688 [INFO] PluginManager:220 - loadIPPluginJar : add freertos
2023-10-11 17:02:25,704 [INFO] IPUIPlugin:80 - create IPUIPlugin
2023-10-11 17:02:25,704 [INFO] PluginManager:220 - loadIPPluginJar : add genericplugin
2023-10-11 17:02:25,777 [INFO] IPUIPlugin:80 - create IPUIPlugin
2023-10-11 17:02:25,777 [INFO] PluginManager:220 - loadIPPluginJar : add gfxmmu
2023-10-11 17:02:25,882 [INFO] IPUIPlugin:80 - create IPUIPlugin
2023-10-11 17:02:25,883 [INFO] PluginManager:220 - loadIPPluginJar : add gic
2023-10-11 17:02:25,893 [INFO] IPUIPlugin:80 - create IPUIPlugin
2023-10-11 17:02:25,893 [INFO] PluginManager:220 - loadIPPluginJar : add gpio
2023-10-11 17:02:25,965 [INFO] IPUIPlugin:80 - create IPUIPlugin
2023-10-11 17:02:25,965 [INFO] PluginManager:220 - loadIPPluginJar : add gtzc
2023-10-11 17:02:25,990 [INFO] IPUIPlugin:80 - create IPUIPlugin
2023-10-11 17:02:25,990 [INFO] PluginManager:220 - loadIPPluginJar : add hash
2023-10-11 17:02:26,032 [INFO] IPUIPlugin:80 - create IPUIPlugin
2023-10-11 17:02:26,032 [INFO] PluginManager:220 - loadIPPluginJar : add i2c
2023-10-11 17:02:26,064 [INFO] IPUIPlugin:80 - create IPUIPlugin
2023-10-11 17:02:26,064 [INFO] PluginManager:220 - loadIPPluginJar : add i2s
2023-10-11 17:02:26,097 [INFO] IPUIPlugin:80 - create IPUIPlugin
2023-10-11 17:02:26,097 [INFO] PluginManager:220 - loadIPPluginJar : add i3c
2023-10-11 17:02:26,184 [INFO] IPUIPlugin:80 - create IPUIPlugin
2023-10-11 17:02:26,185 [INFO] PluginManager:220 - loadIPPluginJar : add ipddr
2023-10-11 17:02:26,260 [INFO] IPUIPlugin:80 - create IPUIPlugin
2023-10-11 17:02:26,260 [INFO] PluginManager:220 - loadIPPluginJar : add linkedlist
2023-10-11 17:02:26,289 [INFO] IPUIPlugin:80 - create IPUIPlugin
2023-10-11 17:02:26,289 [INFO] PluginManager:220 - loadIPPluginJar : add lorawan
2023-10-11 17:02:26,318 [INFO] IPUIPlugin:80 - create IPUIPlugin
2023-10-11 17:02:26,318 [INFO] PluginManager:220 - loadIPPluginJar : add ltdc
2023-10-11 17:02:26,331 [INFO] IPUIPlugin:80 - create IPUIPlugin
2023-10-11 17:02:26,331 [INFO] PluginManager:220 - loadIPPluginJar : add mdma
2023-10-11 17:02:26,341 [INFO] IPUIPlugin:80 - create IPUIPlugin
2023-10-11 17:02:26,341 [INFO] PluginManager:220 - loadIPPluginJar : add nvic
2023-10-11 17:02:26,369 [INFO] IPUIPlugin:80 - create IPUIPlugin
2023-10-11 17:02:26,369 [INFO] PluginManager:220 - loadIPPluginJar : add opamp
2023-10-11 17:02:26,418 [INFO] IPUIPlugin:80 - create IPUIPlugin
2023-10-11 17:02:26,418 [INFO] PluginManager:220 - loadIPPluginJar : add openamp
2023-10-11 17:02:26,453 [INFO] IPUIPlugin:80 - create IPUIPlugin
2023-10-11 17:02:26,453 [INFO] PluginManager:220 - loadIPPluginJar : add pdm2pcm
2023-10-11 17:02:26,465 [INFO] IPUIPlugin:80 - create IPUIPlugin
2023-10-11 17:02:26,467 [INFO] PluginManager:220 - loadIPPluginJar : add plateformsettings
2023-10-11 17:02:26,485 [INFO] IPUIPlugin:80 - create IPUIPlugin
2023-10-11 17:02:26,485 [INFO] PluginManager:220 - loadIPPluginJar : add quadspi
2023-10-11 17:02:26,496 [INFO] IPUIPlugin:80 - create IPUIPlugin
2023-10-11 17:02:26,496 [INFO] PluginManager:220 - loadIPPluginJar : add resmgrutility
2023-10-11 17:02:26,534 [INFO] IPUIPlugin:80 - create IPUIPlugin
2023-10-11 17:02:26,534 [INFO] PluginManager:220 - loadIPPluginJar : add sai
2023-10-11 17:02:26,564 [INFO] IPUIPlugin:80 - create IPUIPlugin
2023-10-11 17:02:26,564 [INFO] PluginManager:220 - loadIPPluginJar : add spi
2023-10-11 17:02:26,608 [INFO] IPUIPlugin:80 - create IPUIPlugin
2023-10-11 17:02:26,608 [INFO] PluginManager:220 - loadIPPluginJar : add stm32_wpan
2023-10-11 17:02:26,626 [INFO] IPUIPlugin:80 - create IPUIPlugin
2023-10-11 17:02:26,626 [INFO] PluginManager:220 - loadIPPluginJar : add tim
2023-10-11 17:02:26,671 [INFO] IPUIPlugin:80 - create IPUIPlugin
2023-10-11 17:02:26,671 [INFO] PluginManager:220 - loadIPPluginJar : add touchsensing
2023-10-11 17:02:26,689 [INFO] IPUIPlugin:80 - create IPUIPlugin
2023-10-11 17:02:26,689 [INFO] PluginManager:220 - loadIPPluginJar : add tracer_emb
2023-10-11 17:02:26,707 [INFO] IPUIPlugin:80 - create IPUIPlugin
2023-10-11 17:02:26,708 [INFO] PluginManager:220 - loadIPPluginJar : add ts
2023-10-11 17:02:26,725 [INFO] IPUIPlugin:80 - create IPUIPlugin
2023-10-11 17:02:26,726 [INFO] PluginManager:220 - loadIPPluginJar : add tsc
2023-10-11 17:02:26,743 [INFO] IPUIPlugin:80 - create IPUIPlugin
2023-10-11 17:02:26,743 [INFO] PluginManager:220 - loadIPPluginJar : add ucpd
2023-10-11 17:02:26,780 [INFO] IPUIPlugin:80 - create IPUIPlugin
2023-10-11 17:02:26,780 [INFO] PluginManager:220 - loadIPPluginJar : add usart
2023-10-11 17:02:26,814 [INFO] IPUIPlugin:80 - create IPUIPlugin
2023-10-11 17:02:26,814 [INFO] PluginManager:220 - loadIPPluginJar : add usbx
2023-10-11 17:02:26,937 [INFO] CADModel:165 - CPN selected for project level
2023-10-11 17:02:26,937 [INFO] CADModel:114 - Register for checkConnection events
2023-10-11 17:02:26,938 [FATAL] Updater:308 - Updater called before beeing initialized
2023-10-11 17:02:26,938 [ERROR] CADModel:125 - Updater not yet initialized, retry later 
2023-10-11 17:02:27,100 [INFO] CADModel:165 - CPN selected for project level
2023-10-11 17:02:27,100 [INFO] CADModel:114 - Register for checkConnection events
2023-10-11 17:02:27,100 [FATAL] Updater:308 - Updater called before beeing initialized
2023-10-11 17:02:27,100 [ERROR] CADModel:125 - Updater not yet initialized, retry later 
2023-10-11 17:02:27,104 [FATAL] Updater:308 - Updater called before beeing initialized
2023-10-11 17:02:27,203 [FATAL] Updater:308 - Updater called before beeing initialized
2023-10-11 17:02:27,214 [INFO] DbMcusAds:53 - JSON generation date=Tue Mar 07 14:20:55 IST 2023 (1678179055114)
2023-10-11 17:02:27,215 [FATAL] Updater:308 - Updater called before beeing initialized
2023-10-11 17:02:27,281 [WARN] DetailPanel:346 - Failed to get advertising image, set to default
2023-10-11 17:02:27,388 [FATAL] Updater:308 - Updater called before beeing initialized
2023-10-11 17:02:27,390 [FATAL] Updater:308 - Updater called before beeing initialized
2023-10-11 17:02:27,390 [FATAL] Updater:308 - Updater called before beeing initialized
2023-10-11 17:02:27,391 [WARN] DetailPanel:346 - Failed to get advertising image, set to default
2023-10-11 17:02:27,391 [FATAL] Updater:308 - Updater called before beeing initialized
2023-10-11 17:02:27,445 [ERROR] Updater:1120 - MainUpdater not yet initialized. External WinMGr cannot be set.
2023-10-11 17:02:27,454 [INFO] Updater:1056 - Updater Version found : 6.9.2
2023-10-11 17:02:27,474 [INFO] ApplicationProperties:184 - Using Application install path: D:\STM32IDE\STM32CubeIDE_1.13.1\STM32CubeIDE\plugins\com.st.stm32cube.common.mx_6.9.2.202309101412
2023-10-11 17:02:27,788 [INFO] ThirdPartyUpdaterWithRetryManager:70 - Updater plugin not ready yet. [2/15]
2023-10-11 17:02:28,091 [INFO] MainUpdater:2868 - connection check result : 10
2023-10-11 17:02:28,092 [INFO] MainUpdater:285 - Updater Check For Update Now.
2023-10-11 17:02:28,092 [INFO] MicroXplorer:498 - Change Database Version : DB.6.0.92
2023-10-11 17:02:28,135 [INFO] McuFinderGlobals:63 - Set McuFinder mode to 2 (CubeIDE integrated)
2023-10-11 17:02:28,310 [INFO] CheckServerUpdateThread:120 - End of CheckServer Thread
2023-10-11 17:02:30,938 [WARN] PackLoader:240 - Cannot read IP mode file for STMicroelectronics.X-CUBE-SMBUS.2.1.0
2023-10-11 17:02:30,989 [WARN] PackLoader:240 - Cannot read IP mode file for STMicroelectronics.X-CUBE-AZRTOS-F7.1.1.0
2023-10-11 17:02:31,010 [WARN] PackLoader:240 - Cannot read IP mode file for STMicroelectronics.FP-SNS-MOTENV1.4.3.2
2023-10-11 17:02:31,025 [WARN] PackLoader:240 - Cannot read IP mode file for STMicroelectronics.FP-SNS-FLIGHT1.5.0.2
2023-10-11 17:02:31,043 [WARN] PackLoader:240 - Cannot read IP mode file for STMicroelectronics.X-CUBE-DISPLAY.3.0.0
2023-10-11 17:02:31,070 [WARN] PackLoader:240 - Cannot read IP mode file for STMicroelectronics.X-CUBE-BLE1.7.0.0
2023-10-11 17:02:31,084 [WARN] PackLoader:240 - Cannot read IP mode file for emotas.I-CUBE-CANOPEN.1.3.0
2023-10-11 17:02:31,101 [WARN] PackLoader:240 - Cannot read IP mode file for STMicroelectronics.X-CUBE-TOUCHGFX.4.22.0
2023-10-11 17:02:31,113 [WARN] PackLoader:240 - Cannot read IP mode file for STMicroelectronics.X-CUBE-TOUCHGFX.4.22.1
2023-10-11 17:02:31,126 [WARN] PackLoader:240 - Cannot read IP mode file for STMicroelectronics.FP-SNS-SMARTAG2.1.2.0
2023-10-11 17:02:31,150 [INFO] LogOutputStream:77 - [STDOUT_REDIRECT] 1 : Invalid condition id : UX_CORESTACK_Condition cause : null
2023-10-11 17:02:31,151 [INFO] LogOutputStream:77 - [STDOUT_REDIRECT] 1 : Invalid condition id : UX_CORESTACK_Condition cause : null
2023-10-11 17:02:31,153 [INFO] LogOutputStream:77 - [STDOUT_REDIRECT] 1 : Invalid condition id : UX_CORESTACK_Condition cause : null
2023-10-11 17:02:31,154 [INFO] LogOutputStream:77 - [STDOUT_REDIRECT] 1 : Invalid condition id : UX_CORESTACK_Condition cause : null
2023-10-11 17:02:31,156 [INFO] LogOutputStream:77 - [STDOUT_REDIRECT] 1 : Invalid condition id : UX_CORESTACK_Condition cause : null
2023-10-11 17:02:31,159 [WARN] PackLoader:240 - Cannot read IP mode file for STMicroelectronics.X-CUBE-AZRTOS-WL.2.0.0
2023-10-11 17:02:31,180 [WARN] PackLoader:240 - Cannot read IP mode file for WES.I-CUBE-Cesium.1.3.0
2023-10-11 17:02:31,193 [WARN] PackLoader:240 - Cannot read IP mode file for STMicroelectronics.X-CUBE-BLE2.3.3.0
2023-10-11 17:02:31,207 [WARN] PackLoader:240 - Cannot read IP mode file for STMicroelectronics.X-CUBE-ALGOBUILD.1.3.0
2023-10-11 17:02:31,235 [WARN] PackLoader:240 - Cannot read IP mode file for STMicroelectronics.X-CUBE-AZRTOS-G0.1.1.0
2023-10-11 17:02:31,251 [WARN] PackLoader:240 - Cannot read IP mode file for STMicroelectronics.X-CUBE-NFC4.3.0.0
2023-10-11 17:02:31,265 [WARN] PackLoader:240 - Cannot read IP mode file for STMicroelectronics.FP-ATR-SIGFOX1.3.2.0
2023-10-11 17:02:31,301 [WARN] PackLoader:240 - Cannot read IP mode file for SEGGER.I-CUBE-embOS.1.3.1
2023-10-11 17:02:31,349 [WARN] PackLoader:240 - Cannot read IP mode file for STMicroelectronics.X-CUBE-GNSS1.6.0.0
2023-10-11 17:02:31,385 [WARN] PackLoader:240 - Cannot read IP mode file for STMicroelectronics.X-CUBE-AZRTOS-F4.1.1.0
2023-10-11 17:02:31,403 [WARN] PackLoader:240 - Cannot read IP mode file for wolfSSL.I-CUBE-wolfSSL.5.6.3
2023-10-11 17:02:31,443 [WARN] PackLoader:240 - Cannot read IP mode file for STMicroelectronics.X-CUBE-AZRTOS-L5.2.0.0
2023-10-11 17:02:31,499 [WARN] PackLoader:240 - Cannot read IP mode file for STMicroelectronics.X-CUBE-MEMS1.9.6.0
2023-10-11 17:02:31,617 [WARN] PackLoader:240 - Cannot read IP mode file for ITTIA_DB.I-CUBE-ITTIADB.8.8.0
2023-10-11 17:02:31,631 [WARN] PackLoader:240 - Cannot read IP mode file for STMicroelectronics.X-CUBE-BLEMGR.2.0.0
2023-10-11 17:02:31,656 [WARN] ConditionMgr:438 - getConditionDescription Invalid condition id : UX DEVICE CLASS RTOS Condition cause : null
2023-10-11 17:02:31,656 [WARN] ConditionMgr:438 - getConditionDescription Invalid condition id : UX DEVICE CLASS RTOS Condition cause : null
2023-10-11 17:02:31,659 [WARN] PackLoader:240 - Cannot read IP mode file for STMicroelectronics.X-CUBE-AZRTOS-H7.3.1.0
2023-10-11 17:02:31,660 [WARN] ConditionMgr:1039 - genDependencies : Invalid condition id : UX DEVICE CLASS RTOS Condition cause : null
2023-10-11 17:02:31,660 [WARN] ConditionMgr:1039 - genDependencies : Invalid condition id : UX DEVICE CLASS RTOS Condition cause : null
2023-10-11 17:02:31,661 [WARN] ConditionMgr:1039 - genDependencies : Invalid condition id : UX DEVICE CLASS RTOS Condition cause : null
2023-10-11 17:02:31,661 [WARN] ConditionMgr:1039 - genDependencies : Invalid condition id : UX DEVICE CLASS RTOS Condition cause : null
2023-10-11 17:02:31,661 [WARN] ConditionMgr:1039 - genDependencies : Invalid condition id : UX DEVICE CLASS RTOS Condition cause : null
2023-10-11 17:02:31,675 [WARN] PackLoader:240 - Cannot read IP mode file for STMicroelectronics.X-CUBE-NFC7.1.0.1
2023-10-11 17:02:31,691 [WARN] PackLoader:240 - Cannot read IP mode file for STMicroelectronics.X-CUBE-NFC6.3.0.0
2023-10-11 17:02:31,714 [WARN] PackLoader:240 - Cannot read IP mode file for STMicroelectronics.X-CUBE-EEPRMA1.4.1.0
2023-10-11 17:02:31,733 [WARN] PackLoader:240 - Cannot read IP mode file for STMicroelectronics.X-CUBE-AI.8.1.0
2023-10-11 17:02:31,764 [WARN] ConditionMgr:438 - getConditionDescription Invalid condition id : LAN8742 Phy interface Condition cause : null
2023-10-11 17:02:31,765 [WARN] PackLoader:240 - Cannot read IP mode file for STMicroelectronics.X-CUBE-AZRTOS-L4.2.0.0
2023-10-11 17:02:31,767 [WARN] ConditionMgr:1039 - genDependencies : Invalid condition id : LAN8742 Phy interface Condition cause : null
2023-10-11 17:02:31,767 [WARN] ConditionMgr:1039 - genDependencies : Invalid condition id : LAN8742 Phy interface Condition cause : null
2023-10-11 17:02:31,768 [WARN] ConditionMgr:1039 - genDependencies : Invalid condition id : LAN8742 Phy interface Condition cause : null
2023-10-11 17:02:31,781 [WARN] PackLoader:240 - Cannot read IP mode file for STMicroelectronics.X-CUBE-SFXS2LP1.4.0.0
2023-10-11 17:02:31,797 [WARN] PackLoader:240 - Cannot read IP mode file for STMicroelectronics.X-CUBE-ISPU.1.1.0
2023-10-11 17:02:31,821 [WARN] ConditionMgr:438 - getConditionDescription Invalid condition id : UX DEVICE CLASS RTOS Condition cause : null
2023-10-11 17:02:31,821 [WARN] ConditionMgr:438 - getConditionDescription Invalid condition id : UX DEVICE CLASS RTOS Condition cause : null
2023-10-11 17:02:31,823 [WARN] PackLoader:240 - Cannot read IP mode file for STMicroelectronics.X-CUBE-AZRTOS-WB.2.0.0
2023-10-11 17:02:31,824 [WARN] ConditionMgr:1039 - genDependencies : Invalid condition id : UX DEVICE CLASS RTOS Condition cause : null
2023-10-11 17:02:31,824 [WARN] ConditionMgr:1039 - genDependencies : Invalid condition id : UX DEVICE CLASS RTOS Condition cause : null
2023-10-11 17:02:31,825 [WARN] ConditionMgr:1039 - genDependencies : Invalid condition id : UX DEVICE CLASS RTOS Condition cause : null
2023-10-11 17:02:31,825 [WARN] ConditionMgr:1039 - genDependencies : Invalid condition id : UX DEVICE CLASS RTOS Condition cause : null
2023-10-11 17:02:31,825 [WARN] ConditionMgr:1039 - genDependencies : Invalid condition id : UX DEVICE CLASS RTOS Condition cause : null
2023-10-11 17:02:31,848 [WARN] PackLoader:240 - Cannot read IP mode file for STMicroelectronics.X-CUBE-SUBG2.5.0.0
2023-10-11 17:02:31,870 [WARN] PackLoader:240 - Cannot read IP mode file for STMicroelectronics.X-CUBE-TOF1.3.3.1
2023-10-11 17:02:31,900 [WARN] PackLoader:240 - Cannot read IP mode file for STMicroelectronics.X-CUBE-AZRTOS-G4.2.0.0
2023-10-11 17:02:31,928 [WARN] PackLoader:240 - Cannot read IP mode file for Infineon.AIROC-Wi-Fi-Bluetooth-STM32.1.5.1
2023-10-11 17:02:31,945 [WARN] PackLoader:240 - Cannot read IP mode file for STMicroelectronics.X-CUBE-FREERTOS.1.1.0
2023-10-11 17:02:31,962 [WARN] PackLoader:240 - Cannot read IP mode file for portGmbH.I-Cube-SoM-uGOAL.1.1.0
2023-10-11 17:02:31,977 [WARN] PackLoader:240 - Cannot read IP mode file for STMicroelectronics.X-CUBE-ALS.1.0.1
2023-10-11 17:02:31,994 [WARN] PackLoader:240 - Cannot read IP mode file for STMicroelectronics.FP-ATR-ASTRA1.2.0.0
2023-10-11 17:02:31,996 [INFO] ThirdParty:978 - Integrity check success = true
2023-10-11 17:02:31,996 [INFO] IntegrityCheckThread:100 - exiting critical section [integrity check]
2023-10-11 17:02:31,996 [INFO] IntegrityCheckThread:103 - End integrity checks thread
2023-10-11 17:02:42,754 [ERROR] LogOutputStream:75 - [STDERR_REDIRECT] SLF4J: Failed to load class "org.slf4j.impl.StaticLoggerBinder".
2023-10-11 17:02:42,755 [ERROR] LogOutputStream:75 - [STDERR_REDIRECT] SLF4J: Defaulting to no-operation (NOP) logger implementation
2023-10-11 17:02:42,756 [ERROR] LogOutputStream:75 - [STDERR_REDIRECT] SLF4J: See http://www.slf4j.org/codes.html#StaticLoggerBinder for further details.
