2023-10-23 21:53:43,081 [INFO] Activator:176 - 


2023-10-23 21:53:43,081 [INFO] Activator:177 - !SESSION log4j initialized
2023-10-23 21:53:48,641 [INFO] LogOutputStream:77 - [STDOUT_REDIRECT] 
2023-10-23 21:53:49,982 [INFO] ApplicationProperties:184 - Using Application install path: D:\STM32IDE\STM32CubeIDE_1.13.1\STM32CubeIDE\plugins\com.st.stm32cube.common.mx_6.9.2.202309101412
2023-10-23 21:53:50,001 [INFO] DbMcusXml:78 - Set database path to: D:\STM32IDE\STM32CubeIDE_1.13.1\STM32CubeIDE\plugins\com.st.stm32cube.common.mx_6.9.2.202309101412\\db\/mcu/
2023-10-23 21:53:50,002 [INFO] ApiDb:274 - Set plugin database path to: D:\STM32IDE\STM32CubeIDE_1.13.1\STM32CubeIDE\plugins\com.st.stm32cube.common.mx_6.9.2.202309101412\\db\/plugins/boardmanager/
2023-10-23 21:53:50,002 [WARN] ApiDb:259 - Overriding images path with different value:  => D:\STM32IDE\STM32CubeIDE_1.13.1\STM32CubeIDE\plugins\com.st.stm32cube.common.mx_6.9.2.202309101412\\db\/plugins/mcufinder/images/
2023-10-23 21:53:50,010 [INFO] ApiDb:250 - Set database path to: C:\Users\ARYAN\.stmcufinder\plugins\mcufinder//mcu/
2023-10-23 21:53:50,012 [INFO] DbMcusAds:125 - Set database path to: C:\Users\ARYAN\.stmcufinder\plugins\mcufinder//mcu/
2023-10-23 21:53:50,015 [INFO] CrossReferenceDbSqlite:203 - Set database path to: C:\Users\ARYAN\.stmcufinder\plugins\mcufinder//mcu/cs/
2023-10-23 21:53:50,133 [INFO] RulesReader:64 - Compatibility file has been processed (293 Rules)
2023-10-23 21:53:50,219 [INFO] DbMcusXml:78 - Set database path to: D:\STM32IDE\STM32CubeIDE_1.13.1\STM32CubeIDE\plugins\com.st.stm32cube.common.mx_6.9.2.202309101412\\db\/mcu/
2023-10-23 21:53:50,219 [INFO] ApiDb:274 - Set plugin database path to: D:\STM32IDE\STM32CubeIDE_1.13.1\STM32CubeIDE\plugins\com.st.stm32cube.common.mx_6.9.2.202309101412\\db\/plugins/boardmanager/
2023-10-23 21:53:50,219 [INFO] ApiDb:261 - Set plugin images path to: D:\STM32IDE\STM32CubeIDE_1.13.1\STM32CubeIDE\plugins\com.st.stm32cube.common.mx_6.9.2.202309101412\\db\/plugins/mcufinder/images/
2023-10-23 21:53:50,219 [WARN] DbFile:41 - Overriding database path with different value: C:\Users\ARYAN\.stmcufinder\plugins\mcufinder/ => C:\Users\ARYAN\.stmcufinder\plugins\mcufinder
2023-10-23 21:53:50,219 [INFO] ApiDb:250 - Set database path to: C:\Users\ARYAN\.stmcufinder\plugins\mcufinder//mcu/
2023-10-23 21:53:50,219 [WARN] DbFile:41 - Overriding database path with different value: C:\Users\ARYAN\.stmcufinder\plugins\mcufinder/ => C:\Users\ARYAN\.stmcufinder\plugins\mcufinder
2023-10-23 21:53:50,219 [INFO] DbMcusAds:125 - Set database path to: C:\Users\ARYAN\.stmcufinder\plugins\mcufinder//mcu/
2023-10-23 21:53:50,220 [WARN] DbFile:41 - Overriding database path with different value: C:\Users\ARYAN\.stmcufinder\plugins\mcufinder/ => C:\Users\ARYAN\.stmcufinder\plugins\mcufinder
2023-10-23 21:53:50,220 [WARN] DbFile:41 - Overriding database path with different value: C:\Users\ARYAN\.stmcufinder\plugins\mcufinder/ => C:\Users\ARYAN\.stmcufinder\plugins\mcufinder
2023-10-23 21:53:50,220 [INFO] CrossReferenceDbSqlite:203 - Set database path to: C:\Users\ARYAN\.stmcufinder\plugins\mcufinder//mcu/cs/
2023-10-23 21:53:50,295 [INFO] MainPanel:262 - HeapMemory: 268435456
2023-10-23 21:53:50,377 [INFO] DbMcusXml:78 - Set database path to: D:\STM32IDE\STM32CubeIDE_1.13.1\STM32CubeIDE\plugins\com.st.stm32cube.common.mx_6.9.2.202309101412\\db\/mcu/
2023-10-23 21:53:50,377 [INFO] ApiDb:274 - Set plugin database path to: D:\STM32IDE\STM32CubeIDE_1.13.1\STM32CubeIDE\plugins\com.st.stm32cube.common.mx_6.9.2.202309101412\\db\/plugins/boardmanager/
2023-10-23 21:53:50,377 [INFO] ApiDb:261 - Set plugin images path to: D:\STM32IDE\STM32CubeIDE_1.13.1\STM32CubeIDE\plugins\com.st.stm32cube.common.mx_6.9.2.202309101412\\db\/plugins/mcufinder/images/
2023-10-23 21:53:50,377 [WARN] DbFile:41 - Overriding database path with different value: C:\Users\ARYAN\.stmcufinder\plugins\mcufinder/ => C:\Users\ARYAN\.stmcufinder\plugins\mcufinder
2023-10-23 21:53:50,378 [INFO] ApiDb:250 - Set database path to: C:\Users\ARYAN\.stmcufinder\plugins\mcufinder//mcu/
2023-10-23 21:53:50,378 [WARN] DbFile:41 - Overriding database path with different value: C:\Users\ARYAN\.stmcufinder\plugins\mcufinder/ => C:\Users\ARYAN\.stmcufinder\plugins\mcufinder
2023-10-23 21:53:50,378 [INFO] DbMcusAds:125 - Set database path to: C:\Users\ARYAN\.stmcufinder\plugins\mcufinder//mcu/
2023-10-23 21:53:50,378 [WARN] DbFile:41 - Overriding database path with different value: C:\Users\ARYAN\.stmcufinder\plugins\mcufinder/ => C:\Users\ARYAN\.stmcufinder\plugins\mcufinder
2023-10-23 21:53:50,378 [WARN] DbFile:41 - Overriding database path with different value: C:\Users\ARYAN\.stmcufinder\plugins\mcufinder/ => C:\Users\ARYAN\.stmcufinder\plugins\mcufinder
2023-10-23 21:53:50,378 [INFO] CrossReferenceDbSqlite:203 - Set database path to: C:\Users\ARYAN\.stmcufinder\plugins\mcufinder//mcu/cs/
2023-10-23 21:53:50,397 [INFO] ApplicationProperties:184 - Using Application install path: D:\STM32IDE\STM32CubeIDE_1.13.1\STM32CubeIDE\plugins\com.st.stm32cube.common.mx_6.9.2.202309101412
2023-10-23 21:53:50,399 [INFO] PluginManage:196 - Search for loadable plugins [exclusion list=, ]
2023-10-23 21:53:50,401 [INFO] PluginManage:310 - Check plugin analytics
2023-10-23 21:53:50,566 [INFO] AnalyticsPlugin:253 - Accepted Software Licenses: STM32CubeMX.6.9.2
2023-10-23 21:53:50,566 [INFO] AnalyticsPlugin:255 - Accepted CMSIS Pack Licenses: 
2023-10-23 21:53:50,567 [INFO] AnalyticsPlugin:257 - Accepted Firmware Licenses: FW.F4.1.27.0
2023-10-23 21:53:50,569 [INFO] PluginManage:359 - Loaded plugin analytics (category:tool,tabindex:-1)
2023-10-23 21:53:50,570 [INFO] PluginManage:310 - Check plugin cadmodel
2023-10-23 21:53:50,574 [INFO] CADModel:105 - Init CAD model plugin
2023-10-23 21:53:50,574 [INFO] PluginManage:359 - Loaded plugin cadmodel (category:power,tabindex:5)
2023-10-23 21:53:50,574 [INFO] PluginManage:310 - Check plugin clock
2023-10-23 21:53:50,585 [INFO] PluginManage:359 - Loaded plugin clock (category:base,tabindex:2)
2023-10-23 21:53:50,585 [INFO] PluginManage:310 - Check plugin ddr
2023-10-23 21:53:50,586 [INFO] PluginManage:359 - Loaded plugin ddr (category:tool,tabindex:6)
2023-10-23 21:53:50,586 [INFO] PluginManage:310 - Check plugin filemanager
2023-10-23 21:53:50,720 [INFO] PluginManage:359 - Loaded plugin filemanager (category:base,tabindex:10)
2023-10-23 21:53:50,721 [INFO] PluginManage:310 - Check plugin ipmanager
2023-10-23 21:53:50,730 [INFO] PluginManage:359 - Loaded plugin ipmanager (category:base,tabindex:5)
2023-10-23 21:53:50,730 [INFO] PluginManage:310 - Check plugin lpbam
2023-10-23 21:53:50,746 [INFO] PluginManage:359 - Loaded plugin lpbam (category:base,tabindex:0)
2023-10-23 21:53:50,747 [INFO] PluginManage:310 - Check plugin memorymap
2023-10-23 21:53:50,764 [INFO] PluginManage:359 - Loaded plugin memorymap (category:base,tabindex:4)
2023-10-23 21:53:50,765 [INFO] PluginManage:310 - Check plugin pinoutandconfiguration
2023-10-23 21:53:50,775 [INFO] PluginManage:359 - Loaded plugin pinoutandconfiguration (category:base,tabindex:1)
2023-10-23 21:53:50,775 [INFO] PluginManage:310 - Check plugin pinoutconfig
2023-10-23 21:53:50,891 [WARN] SupportedApi:132 - Cannot load RTOS API schema: s4s-elt-must-match.1: The content of 'definitions' must match (annotation?, (simpleType | complexType)?, (unique | key | keyref)*)). A problem was found starting at: attribute.
2023-10-23 21:53:51,041 [INFO] PluginManage:359 - Loaded plugin pinoutconfig (category:base,tabindex:0)
2023-10-23 21:53:51,041 [INFO] PluginManage:310 - Check plugin power
2023-10-23 21:53:51,053 [INFO] PluginManage:359 - Loaded plugin power (category:power,tabindex:4)
2023-10-23 21:53:51,053 [INFO] PluginManage:310 - Check plugin projectmanager
2023-10-23 21:53:51,073 [INFO] PluginManage:359 - Loaded plugin projectmanager (category:projectmanager,tabindex:3)
2023-10-23 21:53:51,073 [INFO] PluginManage:310 - Check plugin thirdparty
2023-10-23 21:53:51,254 [INFO] PluginManage:359 - Loaded plugin thirdparty (category:base,tabindex:-1)
2023-10-23 21:53:51,254 [WARN] IntegrityCheckThread:84 - waiting for thirdparty lock release [integrity check]
2023-10-23 21:53:51,254 [INFO] PluginManage:310 - Check plugin tools
2023-10-23 21:53:51,255 [INFO] IntegrityCheckThread:86 - entering critical section [integrity check]
2023-10-23 21:53:51,255 [INFO] ThirdPartyUpdaterWithRetryManager:70 - Updater plugin not ready yet. [1/15]
2023-10-23 21:53:51,260 [INFO] PluginManage:359 - Loaded plugin tools (category:base,tabindex:7)
2023-10-23 21:53:51,261 [INFO] PluginManage:310 - Check plugin tutovideos
2023-10-23 21:53:51,491 [INFO] PluginManage:359 - Loaded plugin tutovideos (category:base,tabindex:-1)
2023-10-23 21:53:51,491 [INFO] PluginManage:310 - Check plugin updater
2023-10-23 21:53:51,505 [INFO] PluginManage:359 - Loaded plugin updater (category:base,tabindex:12)
2023-10-23 21:53:51,505 [INFO] PluginManage:310 - Check plugin userauth
2023-10-23 21:53:51,512 [INFO] UserAuth:113 - Init User Auth plugin
2023-10-23 21:53:51,513 [INFO] PluginManage:359 - Loaded plugin userauth (category:base,tabindex:14)
2023-10-23 21:53:51,514 [INFO] PluginManage:283 - PluginManage : Loaded plugins [17]
2023-10-23 21:53:51,819 [INFO] PinOutPanel:1499 - setPackage(No Configuration,No Configuration)
2023-10-23 21:53:51,946 [INFO] CADModel:165 - CPN selected for project level
2023-10-23 21:53:51,946 [INFO] CADModel:114 - Register for checkConnection events
2023-10-23 21:53:51,963 [INFO] IPUIPlugin:80 - create IPUIPlugin
2023-10-23 21:53:51,963 [INFO] PluginManager:220 - loadIPPluginJar : add adc
2023-10-23 21:53:51,966 [INFO] IPUIPlugin:80 - create IPUIPlugin
2023-10-23 21:53:51,967 [INFO] PluginManager:220 - loadIPPluginJar : add aes
2023-10-23 21:53:51,970 [INFO] IPUIPlugin:80 - create IPUIPlugin
2023-10-23 21:53:51,970 [INFO] PluginManager:220 - loadIPPluginJar : add can
2023-10-23 21:53:51,972 [INFO] IPUIPlugin:80 - create IPUIPlugin
2023-10-23 21:53:51,973 [INFO] PluginManager:220 - loadIPPluginJar : add comp
2023-10-23 21:53:51,975 [INFO] IPUIPlugin:80 - create IPUIPlugin
2023-10-23 21:53:51,975 [INFO] PluginManager:220 - loadIPPluginJar : add cryp
2023-10-23 21:53:51,977 [INFO] IPUIPlugin:80 - create IPUIPlugin
2023-10-23 21:53:51,977 [INFO] PluginManager:220 - loadIPPluginJar : add dfsdm
2023-10-23 21:53:51,990 [INFO] IPUIPlugin:80 - create IPUIPlugin
2023-10-23 21:53:51,991 [INFO] PluginManager:220 - loadIPPluginJar : add dma
2023-10-23 21:53:51,993 [INFO] IPUIPlugin:80 - create IPUIPlugin
2023-10-23 21:53:51,993 [INFO] PluginManager:220 - loadIPPluginJar : add dma3
2023-10-23 21:53:51,995 [INFO] IPUIPlugin:80 - create IPUIPlugin
2023-10-23 21:53:51,995 [INFO] PluginManager:220 - loadIPPluginJar : add fatfs
2023-10-23 21:53:52,000 [INFO] IPUIPlugin:80 - create IPUIPlugin
2023-10-23 21:53:52,000 [INFO] PluginManager:220 - loadIPPluginJar : add fmc
2023-10-23 21:53:52,005 [INFO] IPUIPlugin:80 - create IPUIPlugin
2023-10-23 21:53:52,005 [INFO] PluginManager:220 - loadIPPluginJar : add freertos
2023-10-23 21:53:52,007 [INFO] IPUIPlugin:80 - create IPUIPlugin
2023-10-23 21:53:52,007 [INFO] PluginManager:220 - loadIPPluginJar : add genericplugin
2023-10-23 21:53:52,009 [INFO] IPUIPlugin:80 - create IPUIPlugin
2023-10-23 21:53:52,009 [INFO] PluginManager:220 - loadIPPluginJar : add gfxmmu
2023-10-23 21:53:52,014 [INFO] IPUIPlugin:80 - create IPUIPlugin
2023-10-23 21:53:52,014 [INFO] PluginManager:220 - loadIPPluginJar : add gic
2023-10-23 21:53:52,017 [INFO] IPUIPlugin:80 - create IPUIPlugin
2023-10-23 21:53:52,017 [INFO] PluginManager:220 - loadIPPluginJar : add gpio
2023-10-23 21:53:52,019 [INFO] IPUIPlugin:80 - create IPUIPlugin
2023-10-23 21:53:52,020 [INFO] PluginManager:220 - loadIPPluginJar : add gtzc
2023-10-23 21:53:52,023 [INFO] IPUIPlugin:80 - create IPUIPlugin
2023-10-23 21:53:52,023 [INFO] PluginManager:220 - loadIPPluginJar : add hash
2023-10-23 21:53:52,025 [INFO] IPUIPlugin:80 - create IPUIPlugin
2023-10-23 21:53:52,026 [INFO] PluginManager:220 - loadIPPluginJar : add i2c
2023-10-23 21:53:52,029 [INFO] IPUIPlugin:80 - create IPUIPlugin
2023-10-23 21:53:52,029 [INFO] PluginManager:220 - loadIPPluginJar : add i2s
2023-10-23 21:53:52,031 [INFO] IPUIPlugin:80 - create IPUIPlugin
2023-10-23 21:53:52,031 [INFO] PluginManager:220 - loadIPPluginJar : add i3c
2023-10-23 21:53:52,034 [INFO] IPUIPlugin:80 - create IPUIPlugin
2023-10-23 21:53:52,034 [INFO] PluginManager:220 - loadIPPluginJar : add ipddr
2023-10-23 21:53:52,040 [INFO] IPUIPlugin:80 - create IPUIPlugin
2023-10-23 21:53:52,041 [INFO] PluginManager:220 - loadIPPluginJar : add linkedlist
2023-10-23 21:53:52,043 [INFO] IPUIPlugin:80 - create IPUIPlugin
2023-10-23 21:53:52,044 [INFO] PluginManager:220 - loadIPPluginJar : add lorawan
2023-10-23 21:53:52,045 [INFO] IPUIPlugin:80 - create IPUIPlugin
2023-10-23 21:53:52,045 [INFO] PluginManager:220 - loadIPPluginJar : add ltdc
2023-10-23 21:53:52,051 [INFO] IPUIPlugin:80 - create IPUIPlugin
2023-10-23 21:53:52,052 [INFO] PluginManager:220 - loadIPPluginJar : add mdma
2023-10-23 21:53:52,057 [INFO] IPUIPlugin:80 - create IPUIPlugin
2023-10-23 21:53:52,057 [INFO] PluginManager:220 - loadIPPluginJar : add nvic
2023-10-23 21:53:52,059 [INFO] IPUIPlugin:80 - create IPUIPlugin
2023-10-23 21:53:52,059 [INFO] PluginManager:220 - loadIPPluginJar : add opamp
2023-10-23 21:53:52,061 [INFO] IPUIPlugin:80 - create IPUIPlugin
2023-10-23 21:53:52,061 [INFO] PluginManager:220 - loadIPPluginJar : add openamp
2023-10-23 21:53:52,065 [INFO] IPUIPlugin:80 - create IPUIPlugin
2023-10-23 21:53:52,065 [INFO] PluginManager:220 - loadIPPluginJar : add pdm2pcm
2023-10-23 21:53:52,072 [INFO] IPUIPlugin:80 - create IPUIPlugin
2023-10-23 21:53:52,074 [INFO] PluginManager:220 - loadIPPluginJar : add plateformsettings
2023-10-23 21:53:52,076 [INFO] IPUIPlugin:80 - create IPUIPlugin
2023-10-23 21:53:52,076 [INFO] PluginManager:220 - loadIPPluginJar : add quadspi
2023-10-23 21:53:52,080 [INFO] IPUIPlugin:80 - create IPUIPlugin
2023-10-23 21:53:52,080 [INFO] PluginManager:220 - loadIPPluginJar : add resmgrutility
2023-10-23 21:53:52,082 [INFO] IPUIPlugin:80 - create IPUIPlugin
2023-10-23 21:53:52,082 [INFO] PluginManager:220 - loadIPPluginJar : add sai
2023-10-23 21:53:52,085 [INFO] IPUIPlugin:80 - create IPUIPlugin
2023-10-23 21:53:52,085 [INFO] PluginManager:220 - loadIPPluginJar : add spi
2023-10-23 21:53:52,088 [INFO] IPUIPlugin:80 - create IPUIPlugin
2023-10-23 21:53:52,089 [INFO] PluginManager:220 - loadIPPluginJar : add stm32_wpan
2023-10-23 21:53:52,091 [INFO] IPUIPlugin:80 - create IPUIPlugin
2023-10-23 21:53:52,091 [INFO] PluginManager:220 - loadIPPluginJar : add tim
2023-10-23 21:53:52,094 [INFO] IPUIPlugin:80 - create IPUIPlugin
2023-10-23 21:53:52,094 [INFO] PluginManager:220 - loadIPPluginJar : add touchsensing
2023-10-23 21:53:52,096 [INFO] IPUIPlugin:80 - create IPUIPlugin
2023-10-23 21:53:52,097 [INFO] PluginManager:220 - loadIPPluginJar : add tracer_emb
2023-10-23 21:53:52,099 [INFO] IPUIPlugin:80 - create IPUIPlugin
2023-10-23 21:53:52,100 [INFO] PluginManager:220 - loadIPPluginJar : add ts
2023-10-23 21:53:52,103 [INFO] IPUIPlugin:80 - create IPUIPlugin
2023-10-23 21:53:52,103 [INFO] PluginManager:220 - loadIPPluginJar : add tsc
2023-10-23 21:53:52,106 [INFO] IPUIPlugin:80 - create IPUIPlugin
2023-10-23 21:53:52,107 [INFO] PluginManager:220 - loadIPPluginJar : add ucpd
2023-10-23 21:53:52,110 [INFO] IPUIPlugin:80 - create IPUIPlugin
2023-10-23 21:53:52,112 [INFO] PluginManager:220 - loadIPPluginJar : add usart
2023-10-23 21:53:52,115 [INFO] IPUIPlugin:80 - create IPUIPlugin
2023-10-23 21:53:52,115 [INFO] PluginManager:220 - loadIPPluginJar : add usbx
2023-10-23 21:53:52,242 [INFO] CADModel:165 - CPN selected for project level
2023-10-23 21:53:52,242 [INFO] CADModel:114 - Register for checkConnection events
2023-10-23 21:53:52,242 [FATAL] Updater:308 - Updater called before beeing initialized
2023-10-23 21:53:52,242 [ERROR] CADModel:125 - Updater not yet initialized, retry later 
2023-10-23 21:53:52,376 [INFO] CADModel:165 - CPN selected for project level
2023-10-23 21:53:52,376 [INFO] CADModel:114 - Register for checkConnection events
2023-10-23 21:53:52,376 [FATAL] Updater:308 - Updater called before beeing initialized
2023-10-23 21:53:52,376 [ERROR] CADModel:125 - Updater not yet initialized, retry later 
2023-10-23 21:53:52,378 [FATAL] Updater:308 - Updater called before beeing initialized
2023-10-23 21:53:52,498 [FATAL] Updater:308 - Updater called before beeing initialized
2023-10-23 21:53:52,506 [INFO] DbMcusAds:53 - JSON generation date=Tue Mar 07 14:20:55 IST 2023 (1678179055114)
2023-10-23 21:53:52,507 [FATAL] Updater:308 - Updater called before beeing initialized
2023-10-23 21:53:52,541 [WARN] DetailPanel:346 - Failed to get advertising image, set to default
2023-10-23 21:53:52,629 [FATAL] Updater:308 - Updater called before beeing initialized
2023-10-23 21:53:52,630 [FATAL] Updater:308 - Updater called before beeing initialized
2023-10-23 21:53:52,630 [FATAL] Updater:308 - Updater called before beeing initialized
2023-10-23 21:53:52,630 [WARN] DetailPanel:346 - Failed to get advertising image, set to default
2023-10-23 21:53:52,631 [FATAL] Updater:308 - Updater called before beeing initialized
2023-10-23 21:53:52,680 [ERROR] Updater:1120 - MainUpdater not yet initialized. External WinMGr cannot be set.
2023-10-23 21:53:52,682 [INFO] Updater:1056 - Updater Version found : 6.9.2
2023-10-23 21:53:52,701 [INFO] ApplicationProperties:184 - Using Application install path: D:\STM32IDE\STM32CubeIDE_1.13.1\STM32CubeIDE\plugins\com.st.stm32cube.common.mx_6.9.2.202309101412
2023-10-23 21:53:53,054 [INFO] MainUpdater:2868 - connection check result : 10
2023-10-23 21:53:53,055 [INFO] MainUpdater:285 - Updater Check For Update Now.
2023-10-23 21:53:53,056 [INFO] MicroXplorer:498 - Change Database Version : DB.6.0.92
2023-10-23 21:53:53,064 [INFO] McuFinderGlobals:63 - Set McuFinder mode to 2 (CubeIDE integrated)
2023-10-23 21:53:53,279 [INFO] CheckServerUpdateThread:120 - End of CheckServer Thread
2023-10-23 21:53:54,370 [WARN] PackLoader:240 - Cannot read IP mode file for STMicroelectronics.X-CUBE-SMBUS.2.1.0
2023-10-23 21:53:54,403 [WARN] PackLoader:240 - Cannot read IP mode file for STMicroelectronics.X-CUBE-AZRTOS-F7.1.1.0
2023-10-23 21:53:54,415 [WARN] PackLoader:240 - Cannot read IP mode file for STMicroelectronics.FP-SNS-MOTENV1.4.3.2
2023-10-23 21:53:54,422 [WARN] PackLoader:240 - Cannot read IP mode file for STMicroelectronics.FP-SNS-FLIGHT1.5.0.2
2023-10-23 21:53:54,432 [WARN] PackLoader:240 - Cannot read IP mode file for STMicroelectronics.X-CUBE-DISPLAY.3.0.0
2023-10-23 21:53:54,451 [WARN] PackLoader:240 - Cannot read IP mode file for STMicroelectronics.X-CUBE-BLE1.7.0.0
2023-10-23 21:53:54,458 [WARN] PackLoader:240 - Cannot read IP mode file for emotas.I-CUBE-CANOPEN.1.3.0
2023-10-23 21:53:54,466 [WARN] PackLoader:240 - Cannot read IP mode file for STMicroelectronics.X-CUBE-TOUCHGFX.4.22.0
2023-10-23 21:53:54,471 [WARN] PackLoader:240 - Cannot read IP mode file for STMicroelectronics.X-CUBE-TOUCHGFX.4.22.1
2023-10-23 21:53:54,476 [WARN] PackLoader:240 - Cannot read IP mode file for STMicroelectronics.FP-SNS-SMARTAG2.1.2.0
2023-10-23 21:53:54,492 [INFO] LogOutputStream:77 - [STDOUT_REDIRECT] 1 : Invalid condition id : UX_CORESTACK_Condition cause : null
2023-10-23 21:53:54,493 [INFO] LogOutputStream:77 - [STDOUT_REDIRECT] 1 : Invalid condition id : UX_CORESTACK_Condition cause : null
2023-10-23 21:53:54,494 [INFO] LogOutputStream:77 - [STDOUT_REDIRECT] 1 : Invalid condition id : UX_CORESTACK_Condition cause : null
2023-10-23 21:53:54,496 [INFO] LogOutputStream:77 - [STDOUT_REDIRECT] 1 : Invalid condition id : UX_CORESTACK_Condition cause : null
2023-10-23 21:53:54,498 [INFO] LogOutputStream:77 - [STDOUT_REDIRECT] 1 : Invalid condition id : UX_CORESTACK_Condition cause : null
2023-10-23 21:53:54,501 [WARN] PackLoader:240 - Cannot read IP mode file for STMicroelectronics.X-CUBE-AZRTOS-WL.2.0.0
2023-10-23 21:53:54,516 [WARN] PackLoader:240 - Cannot read IP mode file for WES.I-CUBE-Cesium.1.3.0
2023-10-23 21:53:54,521 [WARN] PackLoader:240 - Cannot read IP mode file for STMicroelectronics.X-CUBE-BLE2.3.3.0
2023-10-23 21:53:54,529 [WARN] PackLoader:240 - Cannot read IP mode file for STMicroelectronics.X-CUBE-ALGOBUILD.1.3.0
2023-10-23 21:53:54,545 [WARN] PackLoader:240 - Cannot read IP mode file for STMicroelectronics.X-CUBE-AZRTOS-G0.1.1.0
2023-10-23 21:53:54,551 [WARN] PackLoader:240 - Cannot read IP mode file for STMicroelectronics.X-CUBE-NFC4.3.0.0
2023-10-23 21:53:54,556 [WARN] PackLoader:240 - Cannot read IP mode file for STMicroelectronics.FP-ATR-SIGFOX1.3.2.0
2023-10-23 21:53:54,582 [WARN] PackLoader:240 - Cannot read IP mode file for SEGGER.I-CUBE-embOS.1.3.1
2023-10-23 21:53:54,615 [WARN] PackLoader:240 - Cannot read IP mode file for STMicroelectronics.X-CUBE-GNSS1.6.0.0
2023-10-23 21:53:54,629 [WARN] PackLoader:240 - Cannot read IP mode file for STMicroelectronics.X-CUBE-AZRTOS-F4.1.1.0
2023-10-23 21:53:54,636 [WARN] PackLoader:240 - Cannot read IP mode file for wolfSSL.I-CUBE-wolfSSL.5.6.3
2023-10-23 21:53:54,649 [WARN] PackLoader:240 - Cannot read IP mode file for STMicroelectronics.X-CUBE-AZRTOS-L5.2.0.0
2023-10-23 21:53:54,695 [WARN] PackLoader:240 - Cannot read IP mode file for STMicroelectronics.X-CUBE-MEMS1.9.6.0
2023-10-23 21:53:54,868 [WARN] PackLoader:240 - Cannot read IP mode file for ITTIA_DB.I-CUBE-ITTIADB.8.8.0
2023-10-23 21:53:54,878 [WARN] PackLoader:240 - Cannot read IP mode file for STMicroelectronics.X-CUBE-BLEMGR.2.0.0
2023-10-23 21:53:54,891 [WARN] ConditionMgr:438 - getConditionDescription Invalid condition id : UX DEVICE CLASS RTOS Condition cause : null
2023-10-23 21:53:54,891 [WARN] ConditionMgr:438 - getConditionDescription Invalid condition id : UX DEVICE CLASS RTOS Condition cause : null
2023-10-23 21:53:54,893 [WARN] PackLoader:240 - Cannot read IP mode file for STMicroelectronics.X-CUBE-AZRTOS-H7.3.1.0
2023-10-23 21:53:54,894 [WARN] ConditionMgr:1039 - genDependencies : Invalid condition id : UX DEVICE CLASS RTOS Condition cause : null
2023-10-23 21:53:54,894 [WARN] ConditionMgr:1039 - genDependencies : Invalid condition id : UX DEVICE CLASS RTOS Condition cause : null
2023-10-23 21:53:54,896 [WARN] ConditionMgr:1039 - genDependencies : Invalid condition id : UX DEVICE CLASS RTOS Condition cause : null
2023-10-23 21:53:54,898 [WARN] ConditionMgr:1039 - genDependencies : Invalid condition id : UX DEVICE CLASS RTOS Condition cause : null
2023-10-23 21:53:54,898 [WARN] ConditionMgr:1039 - genDependencies : Invalid condition id : UX DEVICE CLASS RTOS Condition cause : null
2023-10-23 21:53:54,905 [WARN] PackLoader:240 - Cannot read IP mode file for STMicroelectronics.X-CUBE-NFC7.1.0.1
2023-10-23 21:53:54,913 [WARN] PackLoader:240 - Cannot read IP mode file for STMicroelectronics.X-CUBE-NFC6.3.0.0
2023-10-23 21:53:54,925 [WARN] PackLoader:240 - Cannot read IP mode file for STMicroelectronics.X-CUBE-EEPRMA1.4.1.0
2023-10-23 21:53:54,933 [WARN] PackLoader:240 - Cannot read IP mode file for STMicroelectronics.X-CUBE-AI.8.1.0
2023-10-23 21:53:54,951 [WARN] ConditionMgr:438 - getConditionDescription Invalid condition id : LAN8742 Phy interface Condition cause : null
2023-10-23 21:53:54,952 [WARN] PackLoader:240 - Cannot read IP mode file for STMicroelectronics.X-CUBE-AZRTOS-L4.2.0.0
2023-10-23 21:53:54,960 [WARN] ConditionMgr:1039 - genDependencies : Invalid condition id : LAN8742 Phy interface Condition cause : null
2023-10-23 21:53:54,960 [WARN] ConditionMgr:1039 - genDependencies : Invalid condition id : LAN8742 Phy interface Condition cause : null
2023-10-23 21:53:54,962 [WARN] ConditionMgr:1039 - genDependencies : Invalid condition id : LAN8742 Phy interface Condition cause : null
2023-10-23 21:53:54,971 [WARN] PackLoader:240 - Cannot read IP mode file for STMicroelectronics.X-CUBE-SFXS2LP1.4.0.0
2023-10-23 21:53:54,983 [WARN] PackLoader:240 - Cannot read IP mode file for STMicroelectronics.X-CUBE-ISPU.1.1.0
2023-10-23 21:53:55,003 [WARN] ConditionMgr:438 - getConditionDescription Invalid condition id : UX DEVICE CLASS RTOS Condition cause : null
2023-10-23 21:53:55,004 [WARN] ConditionMgr:438 - getConditionDescription Invalid condition id : UX DEVICE CLASS RTOS Condition cause : null
2023-10-23 21:53:55,007 [WARN] PackLoader:240 - Cannot read IP mode file for STMicroelectronics.X-CUBE-AZRTOS-WB.2.0.0
2023-10-23 21:53:55,008 [WARN] ConditionMgr:1039 - genDependencies : Invalid condition id : UX DEVICE CLASS RTOS Condition cause : null
2023-10-23 21:53:55,008 [WARN] ConditionMgr:1039 - genDependencies : Invalid condition id : UX DEVICE CLASS RTOS Condition cause : null
2023-10-23 21:53:55,010 [WARN] ConditionMgr:1039 - genDependencies : Invalid condition id : UX DEVICE CLASS RTOS Condition cause : null
2023-10-23 21:53:55,010 [WARN] ConditionMgr:1039 - genDependencies : Invalid condition id : UX DEVICE CLASS RTOS Condition cause : null
2023-10-23 21:53:55,010 [WARN] ConditionMgr:1039 - genDependencies : Invalid condition id : UX DEVICE CLASS RTOS Condition cause : null
2023-10-23 21:53:55,021 [WARN] PackLoader:240 - Cannot read IP mode file for STMicroelectronics.X-CUBE-SUBG2.5.0.0
2023-10-23 21:53:55,036 [WARN] PackLoader:240 - Cannot read IP mode file for STMicroelectronics.X-CUBE-TOF1.3.3.1
2023-10-23 21:53:55,062 [WARN] PackLoader:240 - Cannot read IP mode file for STMicroelectronics.X-CUBE-AZRTOS-G4.2.0.0
2023-10-23 21:53:55,077 [WARN] PackLoader:240 - Cannot read IP mode file for Infineon.AIROC-Wi-Fi-Bluetooth-STM32.1.5.1
2023-10-23 21:53:55,123 [WARN] PackLoader:240 - Cannot read IP mode file for STMicroelectronics.X-CUBE-MEMS1.10.0.0
2023-10-23 21:53:55,232 [WARN] PackLoader:240 - Cannot read IP mode file for STMicroelectronics.X-CUBE-FREERTOS.1.1.0
2023-10-23 21:53:55,240 [WARN] PackLoader:240 - Cannot read IP mode file for portGmbH.I-Cube-SoM-uGOAL.1.1.0
2023-10-23 21:53:55,286 [WARN] PackLoader:240 - Cannot read IP mode file for STMicroelectronics.X-CUBE-ALS.1.0.1
2023-10-23 21:53:55,291 [WARN] PackLoader:240 - Cannot read IP mode file for STMicroelectronics.FP-ATR-ASTRA1.2.0.0
2023-10-23 21:53:55,293 [INFO] ThirdParty:978 - Integrity check success = true
2023-10-23 21:53:55,293 [INFO] IntegrityCheckThread:100 - exiting critical section [integrity check]
2023-10-23 21:53:55,294 [INFO] IntegrityCheckThread:103 - End integrity checks thread
2023-10-23 21:54:10,037 [ERROR] LogOutputStream:75 - [STDERR_REDIRECT] SLF4J: Failed to load class "org.slf4j.impl.StaticLoggerBinder".
2023-10-23 21:54:10,038 [ERROR] LogOutputStream:75 - [STDERR_REDIRECT] SLF4J: Defaulting to no-operation (NOP) logger implementation
2023-10-23 21:54:10,039 [ERROR] LogOutputStream:75 - [STDERR_REDIRECT] SLF4J: See http://www.slf4j.org/codes.html#StaticLoggerBinder for further details.
