2023-09-29 12:28:13,816 [INFO] Activator:176 - 


2023-09-29 12:28:13,823 [INFO] Activator:177 - !SESSION log4j initialized
2023-09-29 12:28:20,255 [INFO] LogOutputStream:77 - [STDOUT_REDIRECT] 
2023-09-29 12:28:22,595 [INFO] ApplicationProperties:184 - Using Application install path: D:\STM32IDE\STM32CubeIDE_1.13.1\STM32CubeIDE\plugins\com.st.stm32cube.common.mx_6.9.2.202309101412
2023-09-29 12:28:22,617 [INFO] DbMcusXml:78 - Set database path to: D:\STM32IDE\STM32CubeIDE_1.13.1\STM32CubeIDE\plugins\com.st.stm32cube.common.mx_6.9.2.202309101412\\db\/mcu/
2023-09-29 12:28:22,617 [INFO] ApiDb:274 - Set plugin database path to: D:\STM32IDE\STM32CubeIDE_1.13.1\STM32CubeIDE\plugins\com.st.stm32cube.common.mx_6.9.2.202309101412\\db\/plugins/boardmanager/
2023-09-29 12:28:22,618 [WARN] ApiDb:259 - Overriding images path with different value:  => D:\STM32IDE\STM32CubeIDE_1.13.1\STM32CubeIDE\plugins\com.st.stm32cube.common.mx_6.9.2.202309101412\\db\/plugins/mcufinder/images/
2023-09-29 12:28:22,642 [INFO] ApiDb:250 - Set database path to: C:\Users\ARYAN\.stmcufinder\plugins\mcufinder//mcu/
2023-09-29 12:28:22,644 [INFO] DbMcusAds:125 - Set database path to: C:\Users\ARYAN\.stmcufinder\plugins\mcufinder//mcu/
2023-09-29 12:28:22,646 [INFO] CrossReferenceDbSqlite:203 - Set database path to: C:\Users\ARYAN\.stmcufinder\plugins\mcufinder//mcu/cs/
2023-09-29 12:28:22,777 [INFO] RulesReader:64 - Compatibility file has been processed (293 Rules)
2023-09-29 12:28:22,909 [INFO] DbMcusXml:78 - Set database path to: D:\STM32IDE\STM32CubeIDE_1.13.1\STM32CubeIDE\plugins\com.st.stm32cube.common.mx_6.9.2.202309101412\\db\/mcu/
2023-09-29 12:28:22,909 [INFO] ApiDb:274 - Set plugin database path to: D:\STM32IDE\STM32CubeIDE_1.13.1\STM32CubeIDE\plugins\com.st.stm32cube.common.mx_6.9.2.202309101412\\db\/plugins/boardmanager/
2023-09-29 12:28:22,909 [INFO] ApiDb:261 - Set plugin images path to: D:\STM32IDE\STM32CubeIDE_1.13.1\STM32CubeIDE\plugins\com.st.stm32cube.common.mx_6.9.2.202309101412\\db\/plugins/mcufinder/images/
2023-09-29 12:28:22,910 [WARN] DbFile:41 - Overriding database path with different value: C:\Users\ARYAN\.stmcufinder\plugins\mcufinder/ => C:\Users\ARYAN\.stmcufinder\plugins\mcufinder
2023-09-29 12:28:22,910 [INFO] ApiDb:250 - Set database path to: C:\Users\ARYAN\.stmcufinder\plugins\mcufinder//mcu/
2023-09-29 12:28:22,910 [WARN] DbFile:41 - Overriding database path with different value: C:\Users\ARYAN\.stmcufinder\plugins\mcufinder/ => C:\Users\ARYAN\.stmcufinder\plugins\mcufinder
2023-09-29 12:28:22,910 [INFO] DbMcusAds:125 - Set database path to: C:\Users\ARYAN\.stmcufinder\plugins\mcufinder//mcu/
2023-09-29 12:28:22,910 [WARN] DbFile:41 - Overriding database path with different value: C:\Users\ARYAN\.stmcufinder\plugins\mcufinder/ => C:\Users\ARYAN\.stmcufinder\plugins\mcufinder
2023-09-29 12:28:22,910 [WARN] DbFile:41 - Overriding database path with different value: C:\Users\ARYAN\.stmcufinder\plugins\mcufinder/ => C:\Users\ARYAN\.stmcufinder\plugins\mcufinder
2023-09-29 12:28:22,910 [INFO] CrossReferenceDbSqlite:203 - Set database path to: C:\Users\ARYAN\.stmcufinder\plugins\mcufinder//mcu/cs/
2023-09-29 12:28:22,998 [INFO] MainPanel:262 - HeapMemory: 268435456
2023-09-29 12:28:23,101 [INFO] DbMcusXml:78 - Set database path to: D:\STM32IDE\STM32CubeIDE_1.13.1\STM32CubeIDE\plugins\com.st.stm32cube.common.mx_6.9.2.202309101412\\db\/mcu/
2023-09-29 12:28:23,101 [INFO] ApiDb:274 - Set plugin database path to: D:\STM32IDE\STM32CubeIDE_1.13.1\STM32CubeIDE\plugins\com.st.stm32cube.common.mx_6.9.2.202309101412\\db\/plugins/boardmanager/
2023-09-29 12:28:23,101 [INFO] ApiDb:261 - Set plugin images path to: D:\STM32IDE\STM32CubeIDE_1.13.1\STM32CubeIDE\plugins\com.st.stm32cube.common.mx_6.9.2.202309101412\\db\/plugins/mcufinder/images/
2023-09-29 12:28:23,102 [WARN] DbFile:41 - Overriding database path with different value: C:\Users\ARYAN\.stmcufinder\plugins\mcufinder/ => C:\Users\ARYAN\.stmcufinder\plugins\mcufinder
2023-09-29 12:28:23,102 [INFO] ApiDb:250 - Set database path to: C:\Users\ARYAN\.stmcufinder\plugins\mcufinder//mcu/
2023-09-29 12:28:23,102 [WARN] DbFile:41 - Overriding database path with different value: C:\Users\ARYAN\.stmcufinder\plugins\mcufinder/ => C:\Users\ARYAN\.stmcufinder\plugins\mcufinder
2023-09-29 12:28:23,102 [INFO] DbMcusAds:125 - Set database path to: C:\Users\ARYAN\.stmcufinder\plugins\mcufinder//mcu/
2023-09-29 12:28:23,102 [WARN] DbFile:41 - Overriding database path with different value: C:\Users\ARYAN\.stmcufinder\plugins\mcufinder/ => C:\Users\ARYAN\.stmcufinder\plugins\mcufinder
2023-09-29 12:28:23,102 [WARN] DbFile:41 - Overriding database path with different value: C:\Users\ARYAN\.stmcufinder\plugins\mcufinder/ => C:\Users\ARYAN\.stmcufinder\plugins\mcufinder
2023-09-29 12:28:23,102 [INFO] CrossReferenceDbSqlite:203 - Set database path to: C:\Users\ARYAN\.stmcufinder\plugins\mcufinder//mcu/cs/
2023-09-29 12:28:23,123 [INFO] ApplicationProperties:184 - Using Application install path: D:\STM32IDE\STM32CubeIDE_1.13.1\STM32CubeIDE\plugins\com.st.stm32cube.common.mx_6.9.2.202309101412
2023-09-29 12:28:23,125 [INFO] PluginManage:196 - Search for loadable plugins [exclusion list=, ]
2023-09-29 12:28:23,127 [INFO] PluginManage:310 - Check plugin analytics
2023-09-29 12:28:23,324 [INFO] AnalyticsPlugin:253 - Accepted Software Licenses: STM32CubeMX.6.9.2
2023-09-29 12:28:23,325 [INFO] AnalyticsPlugin:255 - Accepted CMSIS Pack Licenses: 
2023-09-29 12:28:23,325 [INFO] AnalyticsPlugin:257 - Accepted Firmware Licenses: FW.F4.1.27.0
2023-09-29 12:28:23,329 [INFO] PluginManage:359 - Loaded plugin analytics (category:tool,tabindex:-1)
2023-09-29 12:28:23,330 [INFO] PluginManage:310 - Check plugin cadmodel
2023-09-29 12:28:23,345 [INFO] CADModel:105 - Init CAD model plugin
2023-09-29 12:28:23,346 [INFO] PluginManage:359 - Loaded plugin cadmodel (category:power,tabindex:5)
2023-09-29 12:28:23,346 [INFO] PluginManage:310 - Check plugin clock
2023-09-29 12:28:23,367 [INFO] PluginManage:359 - Loaded plugin clock (category:base,tabindex:2)
2023-09-29 12:28:23,368 [INFO] PluginManage:310 - Check plugin ddr
2023-09-29 12:28:23,371 [INFO] PluginManage:359 - Loaded plugin ddr (category:tool,tabindex:6)
2023-09-29 12:28:23,371 [INFO] PluginManage:310 - Check plugin filemanager
2023-09-29 12:28:23,521 [INFO] PluginManage:359 - Loaded plugin filemanager (category:base,tabindex:10)
2023-09-29 12:28:23,522 [INFO] PluginManage:310 - Check plugin ipmanager
2023-09-29 12:28:23,529 [INFO] PluginManage:359 - Loaded plugin ipmanager (category:base,tabindex:5)
2023-09-29 12:28:23,529 [INFO] PluginManage:310 - Check plugin lpbam
2023-09-29 12:28:23,544 [INFO] PluginManage:359 - Loaded plugin lpbam (category:base,tabindex:0)
2023-09-29 12:28:23,545 [INFO] PluginManage:310 - Check plugin memorymap
2023-09-29 12:28:23,568 [INFO] PluginManage:359 - Loaded plugin memorymap (category:base,tabindex:4)
2023-09-29 12:28:23,568 [INFO] PluginManage:310 - Check plugin pinoutandconfiguration
2023-09-29 12:28:23,582 [INFO] PluginManage:359 - Loaded plugin pinoutandconfiguration (category:base,tabindex:1)
2023-09-29 12:28:23,582 [INFO] PluginManage:310 - Check plugin pinoutconfig
2023-09-29 12:28:23,695 [WARN] SupportedApi:132 - Cannot load RTOS API schema: s4s-elt-must-match.1: The content of 'definitions' must match (annotation?, (simpleType | complexType)?, (unique | key | keyref)*)). A problem was found starting at: attribute.
2023-09-29 12:28:23,848 [INFO] PluginManage:359 - Loaded plugin pinoutconfig (category:base,tabindex:0)
2023-09-29 12:28:23,848 [INFO] PluginManage:310 - Check plugin power
2023-09-29 12:28:23,871 [INFO] PluginManage:359 - Loaded plugin power (category:power,tabindex:4)
2023-09-29 12:28:23,871 [INFO] PluginManage:310 - Check plugin projectmanager
2023-09-29 12:28:23,884 [INFO] PluginManage:359 - Loaded plugin projectmanager (category:projectmanager,tabindex:3)
2023-09-29 12:28:23,884 [INFO] PluginManage:310 - Check plugin thirdparty
2023-09-29 12:28:24,154 [INFO] PluginManage:359 - Loaded plugin thirdparty (category:base,tabindex:-1)
2023-09-29 12:28:24,154 [WARN] IntegrityCheckThread:84 - waiting for thirdparty lock release [integrity check]
2023-09-29 12:28:24,154 [INFO] PluginManage:310 - Check plugin tools
2023-09-29 12:28:24,154 [INFO] IntegrityCheckThread:86 - entering critical section [integrity check]
2023-09-29 12:28:24,155 [INFO] ThirdPartyUpdaterWithRetryManager:70 - Updater plugin not ready yet. [1/15]
2023-09-29 12:28:24,182 [INFO] PluginManage:359 - Loaded plugin tools (category:base,tabindex:7)
2023-09-29 12:28:24,182 [INFO] PluginManage:310 - Check plugin tutovideos
2023-09-29 12:28:24,393 [INFO] PluginManage:359 - Loaded plugin tutovideos (category:base,tabindex:-1)
2023-09-29 12:28:24,394 [INFO] PluginManage:310 - Check plugin updater
2023-09-29 12:28:24,407 [INFO] PluginManage:359 - Loaded plugin updater (category:base,tabindex:12)
2023-09-29 12:28:24,407 [INFO] PluginManage:310 - Check plugin userauth
2023-09-29 12:28:24,414 [INFO] UserAuth:113 - Init User Auth plugin
2023-09-29 12:28:24,414 [INFO] PluginManage:359 - Loaded plugin userauth (category:base,tabindex:14)
2023-09-29 12:28:24,415 [INFO] PluginManage:283 - PluginManage : Loaded plugins [17]
2023-09-29 12:28:24,664 [INFO] PinOutPanel:1499 - setPackage(No Configuration,No Configuration)
2023-09-29 12:28:24,780 [INFO] CADModel:165 - CPN selected for project level
2023-09-29 12:28:24,780 [INFO] CADModel:114 - Register for checkConnection events
2023-09-29 12:28:24,812 [INFO] IPUIPlugin:80 - create IPUIPlugin
2023-09-29 12:28:24,812 [INFO] PluginManager:220 - loadIPPluginJar : add adc
2023-09-29 12:28:24,846 [INFO] IPUIPlugin:80 - create IPUIPlugin
2023-09-29 12:28:24,846 [INFO] PluginManager:220 - loadIPPluginJar : add aes
2023-09-29 12:28:24,891 [INFO] IPUIPlugin:80 - create IPUIPlugin
2023-09-29 12:28:24,891 [INFO] PluginManager:220 - loadIPPluginJar : add can
2023-09-29 12:28:24,916 [INFO] IPUIPlugin:80 - create IPUIPlugin
2023-09-29 12:28:24,917 [INFO] PluginManager:220 - loadIPPluginJar : add comp
2023-09-29 12:28:24,944 [INFO] IPUIPlugin:80 - create IPUIPlugin
2023-09-29 12:28:24,944 [INFO] PluginManager:220 - loadIPPluginJar : add cryp
2023-09-29 12:28:24,971 [INFO] IPUIPlugin:80 - create IPUIPlugin
2023-09-29 12:28:24,971 [INFO] PluginManager:220 - loadIPPluginJar : add dfsdm
2023-09-29 12:28:24,987 [INFO] IPUIPlugin:80 - create IPUIPlugin
2023-09-29 12:28:24,989 [INFO] PluginManager:220 - loadIPPluginJar : add dma
2023-09-29 12:28:25,030 [INFO] IPUIPlugin:80 - create IPUIPlugin
2023-09-29 12:28:25,030 [INFO] PluginManager:220 - loadIPPluginJar : add dma3
2023-09-29 12:28:25,050 [INFO] IPUIPlugin:80 - create IPUIPlugin
2023-09-29 12:28:25,050 [INFO] PluginManager:220 - loadIPPluginJar : add fatfs
2023-09-29 12:28:25,090 [INFO] IPUIPlugin:80 - create IPUIPlugin
2023-09-29 12:28:25,090 [INFO] PluginManager:220 - loadIPPluginJar : add fmc
2023-09-29 12:28:25,103 [INFO] IPUIPlugin:80 - create IPUIPlugin
2023-09-29 12:28:25,104 [INFO] PluginManager:220 - loadIPPluginJar : add freertos
2023-09-29 12:28:25,120 [INFO] IPUIPlugin:80 - create IPUIPlugin
2023-09-29 12:28:25,121 [INFO] PluginManager:220 - loadIPPluginJar : add genericplugin
2023-09-29 12:28:25,196 [INFO] IPUIPlugin:80 - create IPUIPlugin
2023-09-29 12:28:25,196 [INFO] PluginManager:220 - loadIPPluginJar : add gfxmmu
2023-09-29 12:28:25,303 [INFO] IPUIPlugin:80 - create IPUIPlugin
2023-09-29 12:28:25,303 [INFO] PluginManager:220 - loadIPPluginJar : add gic
2023-09-29 12:28:25,314 [INFO] IPUIPlugin:80 - create IPUIPlugin
2023-09-29 12:28:25,314 [INFO] PluginManager:220 - loadIPPluginJar : add gpio
2023-09-29 12:28:25,388 [INFO] IPUIPlugin:80 - create IPUIPlugin
2023-09-29 12:28:25,388 [INFO] PluginManager:220 - loadIPPluginJar : add gtzc
2023-09-29 12:28:25,414 [INFO] IPUIPlugin:80 - create IPUIPlugin
2023-09-29 12:28:25,414 [INFO] PluginManager:220 - loadIPPluginJar : add hash
2023-09-29 12:28:25,457 [INFO] IPUIPlugin:80 - create IPUIPlugin
2023-09-29 12:28:25,457 [INFO] PluginManager:220 - loadIPPluginJar : add i2c
2023-09-29 12:28:25,489 [INFO] IPUIPlugin:80 - create IPUIPlugin
2023-09-29 12:28:25,489 [INFO] PluginManager:220 - loadIPPluginJar : add i2s
2023-09-29 12:28:25,521 [INFO] IPUIPlugin:80 - create IPUIPlugin
2023-09-29 12:28:25,521 [INFO] PluginManager:220 - loadIPPluginJar : add i3c
2023-09-29 12:28:25,604 [INFO] IPUIPlugin:80 - create IPUIPlugin
2023-09-29 12:28:25,605 [INFO] PluginManager:220 - loadIPPluginJar : add ipddr
2023-09-29 12:28:25,680 [INFO] IPUIPlugin:80 - create IPUIPlugin
2023-09-29 12:28:25,680 [INFO] PluginManager:220 - loadIPPluginJar : add linkedlist
2023-09-29 12:28:25,708 [INFO] IPUIPlugin:80 - create IPUIPlugin
2023-09-29 12:28:25,708 [INFO] PluginManager:220 - loadIPPluginJar : add lorawan
2023-09-29 12:28:25,738 [INFO] IPUIPlugin:80 - create IPUIPlugin
2023-09-29 12:28:25,738 [INFO] PluginManager:220 - loadIPPluginJar : add ltdc
2023-09-29 12:28:25,751 [INFO] IPUIPlugin:80 - create IPUIPlugin
2023-09-29 12:28:25,751 [INFO] PluginManager:220 - loadIPPluginJar : add mdma
2023-09-29 12:28:25,762 [INFO] IPUIPlugin:80 - create IPUIPlugin
2023-09-29 12:28:25,762 [INFO] PluginManager:220 - loadIPPluginJar : add nvic
2023-09-29 12:28:25,790 [INFO] IPUIPlugin:80 - create IPUIPlugin
2023-09-29 12:28:25,790 [INFO] PluginManager:220 - loadIPPluginJar : add opamp
2023-09-29 12:28:25,838 [INFO] IPUIPlugin:80 - create IPUIPlugin
2023-09-29 12:28:25,838 [INFO] PluginManager:220 - loadIPPluginJar : add openamp
2023-09-29 12:28:25,873 [INFO] IPUIPlugin:80 - create IPUIPlugin
2023-09-29 12:28:25,873 [INFO] PluginManager:220 - loadIPPluginJar : add pdm2pcm
2023-09-29 12:28:25,885 [INFO] IPUIPlugin:80 - create IPUIPlugin
2023-09-29 12:28:25,887 [INFO] PluginManager:220 - loadIPPluginJar : add plateformsettings
2023-09-29 12:28:25,905 [INFO] IPUIPlugin:80 - create IPUIPlugin
2023-09-29 12:28:25,905 [INFO] PluginManager:220 - loadIPPluginJar : add quadspi
2023-09-29 12:28:25,916 [INFO] IPUIPlugin:80 - create IPUIPlugin
2023-09-29 12:28:25,916 [INFO] PluginManager:220 - loadIPPluginJar : add resmgrutility
2023-09-29 12:28:25,953 [INFO] IPUIPlugin:80 - create IPUIPlugin
2023-09-29 12:28:25,954 [INFO] PluginManager:220 - loadIPPluginJar : add sai
2023-09-29 12:28:25,982 [INFO] IPUIPlugin:80 - create IPUIPlugin
2023-09-29 12:28:25,983 [INFO] PluginManager:220 - loadIPPluginJar : add spi
2023-09-29 12:28:26,029 [INFO] IPUIPlugin:80 - create IPUIPlugin
2023-09-29 12:28:26,029 [INFO] PluginManager:220 - loadIPPluginJar : add stm32_wpan
2023-09-29 12:28:26,047 [INFO] IPUIPlugin:80 - create IPUIPlugin
2023-09-29 12:28:26,047 [INFO] PluginManager:220 - loadIPPluginJar : add tim
2023-09-29 12:28:26,091 [INFO] IPUIPlugin:80 - create IPUIPlugin
2023-09-29 12:28:26,091 [INFO] PluginManager:220 - loadIPPluginJar : add touchsensing
2023-09-29 12:28:26,109 [INFO] IPUIPlugin:80 - create IPUIPlugin
2023-09-29 12:28:26,109 [INFO] PluginManager:220 - loadIPPluginJar : add tracer_emb
2023-09-29 12:28:26,127 [INFO] IPUIPlugin:80 - create IPUIPlugin
2023-09-29 12:28:26,127 [INFO] PluginManager:220 - loadIPPluginJar : add ts
2023-09-29 12:28:26,144 [INFO] IPUIPlugin:80 - create IPUIPlugin
2023-09-29 12:28:26,144 [INFO] PluginManager:220 - loadIPPluginJar : add tsc
2023-09-29 12:28:26,162 [INFO] IPUIPlugin:80 - create IPUIPlugin
2023-09-29 12:28:26,162 [INFO] PluginManager:220 - loadIPPluginJar : add ucpd
2023-09-29 12:28:26,197 [INFO] IPUIPlugin:80 - create IPUIPlugin
2023-09-29 12:28:26,197 [INFO] PluginManager:220 - loadIPPluginJar : add usart
2023-09-29 12:28:26,231 [INFO] IPUIPlugin:80 - create IPUIPlugin
2023-09-29 12:28:26,231 [INFO] PluginManager:220 - loadIPPluginJar : add usbx
2023-09-29 12:28:26,353 [INFO] CADModel:165 - CPN selected for project level
2023-09-29 12:28:26,354 [INFO] CADModel:114 - Register for checkConnection events
2023-09-29 12:28:26,354 [FATAL] Updater:308 - Updater called before beeing initialized
2023-09-29 12:28:26,354 [ERROR] CADModel:125 - Updater not yet initialized, retry later 
2023-09-29 12:28:26,513 [INFO] CADModel:165 - CPN selected for project level
2023-09-29 12:28:26,513 [INFO] CADModel:114 - Register for checkConnection events
2023-09-29 12:28:26,513 [FATAL] Updater:308 - Updater called before beeing initialized
2023-09-29 12:28:26,513 [ERROR] CADModel:125 - Updater not yet initialized, retry later 
2023-09-29 12:28:26,516 [FATAL] Updater:308 - Updater called before beeing initialized
2023-09-29 12:28:26,632 [FATAL] Updater:308 - Updater called before beeing initialized
2023-09-29 12:28:26,643 [INFO] DbMcusAds:53 - JSON generation date=Tue Mar 07 14:20:55 IST 2023 (1678179055114)
2023-09-29 12:28:26,643 [FATAL] Updater:308 - Updater called before beeing initialized
2023-09-29 12:28:26,710 [WARN] DetailPanel:346 - Failed to get advertising image, set to default
2023-09-29 12:28:26,813 [FATAL] Updater:308 - Updater called before beeing initialized
2023-09-29 12:28:26,815 [FATAL] Updater:308 - Updater called before beeing initialized
2023-09-29 12:28:26,816 [FATAL] Updater:308 - Updater called before beeing initialized
2023-09-29 12:28:26,816 [WARN] DetailPanel:346 - Failed to get advertising image, set to default
2023-09-29 12:28:26,816 [FATAL] Updater:308 - Updater called before beeing initialized
2023-09-29 12:28:26,870 [ERROR] Updater:1120 - MainUpdater not yet initialized. External WinMGr cannot be set.
2023-09-29 12:28:26,879 [INFO] Updater:1056 - Updater Version found : 6.9.2
2023-09-29 12:28:26,906 [INFO] ApplicationProperties:184 - Using Application install path: D:\STM32IDE\STM32CubeIDE_1.13.1\STM32CubeIDE\plugins\com.st.stm32cube.common.mx_6.9.2.202309101412
2023-09-29 12:28:27,156 [INFO] ThirdPartyUpdaterWithRetryManager:70 - Updater plugin not ready yet. [2/15]
2023-09-29 12:28:27,324 [INFO] MainUpdater:2868 - connection check result : 10
2023-09-29 12:28:27,325 [INFO] MainUpdater:285 - Updater Check For Update Now.
2023-09-29 12:28:27,326 [INFO] MicroXplorer:498 - Change Database Version : DB.6.0.92
2023-09-29 12:28:27,353 [INFO] McuFinderGlobals:63 - Set McuFinder mode to 2 (CubeIDE integrated)
2023-09-29 12:28:27,525 [INFO] CheckServerUpdateThread:120 - End of CheckServer Thread
2023-09-29 12:28:30,334 [WARN] PackLoader:240 - Cannot read IP mode file for STMicroelectronics.X-CUBE-SMBUS.2.1.0
2023-09-29 12:28:30,377 [WARN] PackLoader:240 - Cannot read IP mode file for STMicroelectronics.X-CUBE-AZRTOS-F7.1.1.0
2023-09-29 12:28:30,396 [WARN] PackLoader:240 - Cannot read IP mode file for STMicroelectronics.FP-SNS-MOTENV1.4.3.2
2023-09-29 12:28:30,410 [WARN] PackLoader:240 - Cannot read IP mode file for STMicroelectronics.FP-SNS-FLIGHT1.5.0.2
2023-09-29 12:28:30,427 [WARN] PackLoader:240 - Cannot read IP mode file for STMicroelectronics.X-CUBE-DISPLAY.3.0.0
2023-09-29 12:28:30,452 [WARN] PackLoader:240 - Cannot read IP mode file for STMicroelectronics.X-CUBE-BLE1.7.0.0
2023-09-29 12:28:30,465 [WARN] PackLoader:240 - Cannot read IP mode file for emotas.I-CUBE-CANOPEN.1.3.0
2023-09-29 12:28:30,481 [WARN] PackLoader:240 - Cannot read IP mode file for STMicroelectronics.X-CUBE-TOUCHGFX.4.22.0
2023-09-29 12:28:30,493 [WARN] PackLoader:240 - Cannot read IP mode file for STMicroelectronics.FP-SNS-SMARTAG2.1.2.0
2023-09-29 12:28:30,517 [INFO] LogOutputStream:77 - [STDOUT_REDIRECT] 1 : Invalid condition id : UX_CORESTACK_Condition cause : null
2023-09-29 12:28:30,518 [INFO] LogOutputStream:77 - [STDOUT_REDIRECT] 1 : Invalid condition id : UX_CORESTACK_Condition cause : null
2023-09-29 12:28:30,519 [INFO] LogOutputStream:77 - [STDOUT_REDIRECT] 1 : Invalid condition id : UX_CORESTACK_Condition cause : null
2023-09-29 12:28:30,521 [INFO] LogOutputStream:77 - [STDOUT_REDIRECT] 1 : Invalid condition id : UX_CORESTACK_Condition cause : null
2023-09-29 12:28:30,522 [INFO] LogOutputStream:77 - [STDOUT_REDIRECT] 1 : Invalid condition id : UX_CORESTACK_Condition cause : null
2023-09-29 12:28:30,525 [WARN] PackLoader:240 - Cannot read IP mode file for STMicroelectronics.X-CUBE-AZRTOS-WL.2.0.0
2023-09-29 12:28:30,544 [WARN] PackLoader:240 - Cannot read IP mode file for WES.I-CUBE-Cesium.1.3.0
2023-09-29 12:28:30,556 [WARN] PackLoader:240 - Cannot read IP mode file for STMicroelectronics.X-CUBE-BLE2.3.3.0
2023-09-29 12:28:30,570 [WARN] PackLoader:240 - Cannot read IP mode file for STMicroelectronics.X-CUBE-ALGOBUILD.1.3.0
2023-09-29 12:28:30,596 [WARN] PackLoader:240 - Cannot read IP mode file for STMicroelectronics.X-CUBE-AZRTOS-G0.1.1.0
2023-09-29 12:28:30,611 [WARN] PackLoader:240 - Cannot read IP mode file for STMicroelectronics.X-CUBE-NFC4.3.0.0
2023-09-29 12:28:30,623 [WARN] PackLoader:240 - Cannot read IP mode file for STMicroelectronics.FP-ATR-SIGFOX1.3.2.0
2023-09-29 12:28:30,655 [WARN] PackLoader:240 - Cannot read IP mode file for SEGGER.I-CUBE-embOS.1.3.1
2023-09-29 12:28:30,714 [WARN] PackLoader:240 - Cannot read IP mode file for STMicroelectronics.X-CUBE-GNSS1.6.0.0
2023-09-29 12:28:30,769 [WARN] PackLoader:240 - Cannot read IP mode file for STMicroelectronics.X-CUBE-AZRTOS-F4.1.1.0
2023-09-29 12:28:30,795 [WARN] PackLoader:240 - Cannot read IP mode file for wolfSSL.I-CUBE-wolfSSL.5.6.3
2023-09-29 12:28:30,824 [WARN] PackLoader:240 - Cannot read IP mode file for STMicroelectronics.X-CUBE-AZRTOS-L5.2.0.0
2023-09-29 12:28:30,872 [WARN] PackLoader:240 - Cannot read IP mode file for STMicroelectronics.X-CUBE-MEMS1.9.6.0
2023-09-29 12:28:31,000 [WARN] PackLoader:240 - Cannot read IP mode file for STMicroelectronics.X-CUBE-BLEMGR.2.0.0
2023-09-29 12:28:31,024 [WARN] ConditionMgr:438 - getConditionDescription Invalid condition id : UX DEVICE CLASS RTOS Condition cause : null
2023-09-29 12:28:31,024 [WARN] ConditionMgr:438 - getConditionDescription Invalid condition id : UX DEVICE CLASS RTOS Condition cause : null
2023-09-29 12:28:31,026 [WARN] PackLoader:240 - Cannot read IP mode file for STMicroelectronics.X-CUBE-AZRTOS-H7.3.1.0
2023-09-29 12:28:31,027 [WARN] ConditionMgr:1039 - genDependencies : Invalid condition id : UX DEVICE CLASS RTOS Condition cause : null
2023-09-29 12:28:31,027 [WARN] ConditionMgr:1039 - genDependencies : Invalid condition id : UX DEVICE CLASS RTOS Condition cause : null
2023-09-29 12:28:31,027 [WARN] ConditionMgr:1039 - genDependencies : Invalid condition id : UX DEVICE CLASS RTOS Condition cause : null
2023-09-29 12:28:31,028 [WARN] ConditionMgr:1039 - genDependencies : Invalid condition id : UX DEVICE CLASS RTOS Condition cause : null
2023-09-29 12:28:31,028 [WARN] ConditionMgr:1039 - genDependencies : Invalid condition id : UX DEVICE CLASS RTOS Condition cause : null
2023-09-29 12:28:31,039 [WARN] PackLoader:240 - Cannot read IP mode file for STMicroelectronics.X-CUBE-NFC7.1.0.1
2023-09-29 12:28:31,053 [WARN] PackLoader:240 - Cannot read IP mode file for STMicroelectronics.X-CUBE-NFC6.3.0.0
2023-09-29 12:28:31,067 [WARN] PackLoader:240 - Cannot read IP mode file for STMicroelectronics.X-CUBE-EEPRMA1.4.1.0
2023-09-29 12:28:31,079 [WARN] PackLoader:240 - Cannot read IP mode file for STMicroelectronics.X-CUBE-AI.8.1.0
2023-09-29 12:28:31,108 [WARN] ConditionMgr:438 - getConditionDescription Invalid condition id : LAN8742 Phy interface Condition cause : null
2023-09-29 12:28:31,109 [WARN] PackLoader:240 - Cannot read IP mode file for STMicroelectronics.X-CUBE-AZRTOS-L4.2.0.0
2023-09-29 12:28:31,110 [WARN] ConditionMgr:1039 - genDependencies : Invalid condition id : LAN8742 Phy interface Condition cause : null
2023-09-29 12:28:31,110 [WARN] ConditionMgr:1039 - genDependencies : Invalid condition id : LAN8742 Phy interface Condition cause : null
2023-09-29 12:28:31,110 [WARN] ConditionMgr:1039 - genDependencies : Invalid condition id : LAN8742 Phy interface Condition cause : null
2023-09-29 12:28:31,127 [WARN] PackLoader:240 - Cannot read IP mode file for STMicroelectronics.X-CUBE-SFXS2LP1.4.0.0
2023-09-29 12:28:31,143 [WARN] PackLoader:240 - Cannot read IP mode file for STMicroelectronics.X-CUBE-ISPU.1.1.0
2023-09-29 12:28:31,168 [WARN] ConditionMgr:438 - getConditionDescription Invalid condition id : UX DEVICE CLASS RTOS Condition cause : null
2023-09-29 12:28:31,168 [WARN] ConditionMgr:438 - getConditionDescription Invalid condition id : UX DEVICE CLASS RTOS Condition cause : null
2023-09-29 12:28:31,170 [WARN] PackLoader:240 - Cannot read IP mode file for STMicroelectronics.X-CUBE-AZRTOS-WB.2.0.0
2023-09-29 12:28:31,171 [WARN] ConditionMgr:1039 - genDependencies : Invalid condition id : UX DEVICE CLASS RTOS Condition cause : null
2023-09-29 12:28:31,171 [WARN] ConditionMgr:1039 - genDependencies : Invalid condition id : UX DEVICE CLASS RTOS Condition cause : null
2023-09-29 12:28:31,172 [WARN] ConditionMgr:1039 - genDependencies : Invalid condition id : UX DEVICE CLASS RTOS Condition cause : null
2023-09-29 12:28:31,173 [WARN] ConditionMgr:1039 - genDependencies : Invalid condition id : UX DEVICE CLASS RTOS Condition cause : null
2023-09-29 12:28:31,173 [WARN] ConditionMgr:1039 - genDependencies : Invalid condition id : UX DEVICE CLASS RTOS Condition cause : null
2023-09-29 12:28:31,196 [WARN] PackLoader:240 - Cannot read IP mode file for STMicroelectronics.X-CUBE-SUBG2.5.0.0
2023-09-29 12:28:31,223 [WARN] PackLoader:240 - Cannot read IP mode file for STMicroelectronics.X-CUBE-TOF1.3.3.1
2023-09-29 12:28:31,255 [WARN] PackLoader:240 - Cannot read IP mode file for STMicroelectronics.X-CUBE-AZRTOS-G4.2.0.0
2023-09-29 12:28:31,271 [WARN] PackLoader:240 - Cannot read IP mode file for STMicroelectronics.X-CUBE-FREERTOS.1.1.0
2023-09-29 12:28:31,288 [WARN] PackLoader:240 - Cannot read IP mode file for portGmbH.I-Cube-SoM-uGOAL.1.1.0
2023-09-29 12:28:31,302 [WARN] PackLoader:240 - Cannot read IP mode file for STMicroelectronics.X-CUBE-ALS.1.0.1
2023-09-29 12:28:31,319 [WARN] PackLoader:240 - Cannot read IP mode file for STMicroelectronics.FP-ATR-ASTRA1.2.0.0
2023-09-29 12:28:31,321 [INFO] ThirdParty:978 - Integrity check success = true
2023-09-29 12:28:31,321 [INFO] IntegrityCheckThread:100 - exiting critical section [integrity check]
2023-09-29 12:28:31,321 [INFO] IntegrityCheckThread:103 - End integrity checks thread
2023-09-29 12:28:42,207 [ERROR] LogOutputStream:75 - [STDERR_REDIRECT] SLF4J: Failed to load class "org.slf4j.impl.StaticLoggerBinder".
2023-09-29 12:28:42,207 [ERROR] LogOutputStream:75 - [STDERR_REDIRECT] SLF4J: Defaulting to no-operation (NOP) logger implementation
2023-09-29 12:28:42,208 [ERROR] LogOutputStream:75 - [STDERR_REDIRECT] SLF4J: See http://www.slf4j.org/codes.html#StaticLoggerBinder for further details.
